<!DOCTYPE html>
<html>
<head>
<meta http-equiv="Content-Type" content="text/html; charset=utf-8"/>
<meta http-equiv="x-ua-compatible" content="IE=edge"/>
<title>Test results - Class com.dotcms.enterprise.publishing.remote.bundler.DependencyBundlerTest</title>
<link href="../css/base-style.css" rel="stylesheet" type="text/css"/>
<link href="../css/style.css" rel="stylesheet" type="text/css"/>
<script src="../js/report.js" type="text/javascript"></script>
</head>
<body>
<div id="content">
<h1>Class com.dotcms.enterprise.publishing.remote.bundler.DependencyBundlerTest</h1>
<div class="breadcrumbs">
<a href="../index.html">all</a> &gt; 
<a href="../packages/com.dotcms.enterprise.publishing.remote.bundler.html">com.dotcms.enterprise.publishing.remote.bundler</a> &gt; DependencyBundlerTest</div>
<div id="summary">
<table>
<tr>
<td>
<div class="summaryGroup">
<table>
<tr>
<td>
<div class="infoBox" id="tests">
<div class="counter">172</div>
<p>tests</p>
</div>
</td>
<td>
<div class="infoBox" id="failures">
<div class="counter">6</div>
<p>failures</p>
</div>
</td>
<td>
<div class="infoBox" id="ignored">
<div class="counter">0</div>
<p>ignored</p>
</div>
</td>
<td>
<div class="infoBox" id="duration">
<div class="counter">1m9.52s</div>
<p>duration</p>
</div>
</td>
</tr>
</table>
</div>
</td>
<td>
<div class="infoBox failures" id="successRate">
<div class="percent">96%</div>
<p>successful</p>
</div>
</td>
</tr>
</table>
</div>
<div id="tabs">
<ul class="tabLinks">
<li>
<a href="#tab0">Failed tests</a>
</li>
<li>
<a href="#tab1">Tests</a>
</li>
<li>
<a href="#tab2">Standard output</a>
</li>
</ul>
<div id="tab0" class="tab">
<h2>Failed tests</h2>
<div class="test">
<a name="addAssetInBundle: Contentlet with Relationship and filterDescriptorAllDependencies"></a>
<h3 class="failures">addAssetInBundle: Contentlet with Relationship and filterDescriptorAllDependencies</h3>
<span class="code">
<pre>java.lang.AssertionError: manifestItems
bc2b1e816bb00619a20f433b9f0183cb -&gt; INCLUDED,contenttype,bc2b1e816bb00619a20f433b9f0183cb,,testName1647362379713,test1647362378552.dotcms.com,/,,Dependency from: ID: 0549540e-5c9a-4ad0-a1ea-40def23ef54a Title: testVarname1647362379684.testVarname1647362379684|INCLUDED,contenttype,bc2b1e816bb00619a20f433b9f0183cb,,testName1647362379713,test1647362378552.dotcms.com,/,,Dependency from: ID: 7985ee10bca8bf0d6bbd205b573ac995 Title: 7985ee10bca8bf0d6bbd205b573ac995
4672508 -&gt; INCLUDED,language,4672508,,JzRYnhCnuR,,,,Dependency from: ID: 8c2513ec0f55d8ecb64c9b33063b7281 Title: 8c2513ec0f55d8ecb64c9b33063b7281|INCLUDED,language,4672508,,JzRYnhCnuR,,,,Dependency from: ID: 7985ee10bca8bf0d6bbd205b573ac995 Title: 7985ee10bca8bf0d6bbd205b573ac995
1688c82d0479bec1ae59bd0ea97264b3 -&gt; INCLUDED,contentlet,1688c82d0479bec1ae59bd0ea97264b3,fd71bf07-0045-4df9-b011-453f63b1788d,key-exists-as-contentlet041cf3dd53,default,/,,Added Automatically by dotCMS
7985ee10bca8bf0d6bbd205b573ac995 -&gt; INCLUDED,contentlet,7985ee10bca8bf0d6bbd205b573ac995,1fc14f37-9bf0-4053-83a0-6e00b3f4ae1e,7985ee10bca8bf0d6bbd205b573ac995,test1647362378552.dotcms.com,/,,Dependency from: ID: 0549540e-5c9a-4ad0-a1ea-40def23ef54a Title: testVarname1647362379684.testVarname1647362379684
f1b892e59696ef5efbd210d3f8161486 -&gt; INCLUDED,host,f1b892e59696ef5efbd210d3f8161486,1f402622-d2e6-461c-8416-0e32ad9dc37b,test1647362378552.dotcms.com,System Host,/,,Dependency from: ID: 8c2513ec0f55d8ecb64c9b33063b7281 Title: 8c2513ec0f55d8ecb64c9b33063b7281
1 -&gt; INCLUDED,language,1,,English,,,,Dependency from: ID: 600105bc6a567d31c4ca4edea146818e Title: testVarname1647363728145.test1647363728145.name|INCLUDED,language,1,,English,,,,Dependency from: ID: 688b784fb2a489dd1103929de68f6f57 Title: testVarname1647363727386.test1647363727386.name
4329943 -&gt; INCLUDED,language,4329943,,QjVRdHGfJF,,,,Dependency from: ID: 1688c82d0479bec1ae59bd0ea97264b3 Title: key-exists-as-contentlet041cf3dd53
f4d7c1b8-2c88-4071-abf1-a5328977b07d -&gt; INCLUDED,contenttype,f4d7c1b8-2c88-4071-abf1-a5328977b07d,,Language Variable,System Host,/,,Dependency from: ID: 1688c82d0479bec1ae59bd0ea97264b3 Title: key-exists-as-contentlet041cf3dd53|INCLUDED,contenttype,f4d7c1b8-2c88-4071-abf1-a5328977b07d,,Language Variable,System Host,/,,Dependency from: ID: 4329943 Title: QjVRdHGfJF|INCLUDED,contenttype,f4d7c1b8-2c88-4071-abf1-a5328977b07d,,Language Variable,System Host,/,,Dependency from: ID: 600105bc6a567d31c4ca4edea146818e Title: testVarname1647363728145.test1647363728145.name|INCLUDED,contenttype,f4d7c1b8-2c88-4071-abf1-a5328977b07d,,Language Variable,System Host,/,,Dependency from: ID: 1 Title: English|INCLUDED,contenttype,f4d7c1b8-2c88-4071-abf1-a5328977b07d,,Language Variable,System Host,/,,Dependency from: ID: 688b784fb2a489dd1103929de68f6f57 Title: testVarname1647363727386.test1647363727386.name|INCLUDED,contenttype,f4d7c1b8-2c88-4071-abf1-a5328977b07d,,Language Variable,System Host,/,,Dependency from: ID: 1 Title: English
0549540e-5c9a-4ad0-a1ea-40def23ef54a -&gt; INCLUDED,relationship,0549540e-5c9a-4ad0-a1ea-40def23ef54a,,testVarname1647362379684.testVarname1647362379684,,,,Dependency from: ID: 8c2513ec0f55d8ecb64c9b33063b7281 Title: 8c2513ec0f55d8ecb64c9b33063b7281
8a7d5e23-da1e-420a-b4f0-471e7da8ea2d -&gt; INCLUDED,host,8a7d5e23-da1e-420a-b4f0-471e7da8ea2d,b844c622-7d65-4c38-abca-a5d9f7b4cef2,default,System Host,/,,Dependency from: ID: 1688c82d0479bec1ae59bd0ea97264b3 Title: key-exists-as-contentlet041cf3dd53|INCLUDED,host,8a7d5e23-da1e-420a-b4f0-471e7da8ea2d,40b85dd6-8c87-4a52-bae7-2fdecc88c2f5,default,System Host,/,,Dependency from: ID: 1688c82d0479bec1ae59bd0ea97264b3 Title: key-exists-as-contentlet041cf3dd53
d61a59e1-a49c-46f2-a929-db2b4bfa88b2 -&gt; INCLUDED,workflow,d61a59e1-a49c-46f2-a929-db2b4bfa88b2,,System Workflow,,,,Dependency from: ID: bc2b1e816bb00619a20f433b9f0183cb Title: testName1647362379713|INCLUDED,workflow,d61a59e1-a49c-46f2-a929-db2b4bfa88b2,,System Workflow,,,,Dependency from: ID: ea5ca2c6d6a0e23c83c62b106f7606ff Title: testName1647362379684|INCLUDED,workflow,d61a59e1-a49c-46f2-a929-db2b4bfa88b2,,System Workflow,,,,Dependency from: ID: f4d7c1b8-2c88-4071-abf1-a5328977b07d Title: Language Variable
600105bc6a567d31c4ca4edea146818e -&gt; INCLUDED,contentlet,600105bc6a567d31c4ca4edea146818e,4b7f4f2e-276c-4630-8318-f68e76765811,testVarname1647363728145.test1647363728145.name,System Host,/,,Added Automatically by dotCMS
ea5ca2c6d6a0e23c83c62b106f7606ff -&gt; INCLUDED,contenttype,ea5ca2c6d6a0e23c83c62b106f7606ff,,testName1647362379684,test1647362378552.dotcms.com,/,,Dependency from: ID: 0549540e-5c9a-4ad0-a1ea-40def23ef54a Title: testVarname1647362379684.testVarname1647362379684|INCLUDED,contenttype,ea5ca2c6d6a0e23c83c62b106f7606ff,,testName1647362379684,test1647362378552.dotcms.com,/,,Dependency from: ID: 8c2513ec0f55d8ecb64c9b33063b7281 Title: 8c2513ec0f55d8ecb64c9b33063b7281
688b784fb2a489dd1103929de68f6f57 -&gt; INCLUDED,contentlet,688b784fb2a489dd1103929de68f6f57,fd01867c-bd01-418b-80ab-ee21970af4c8,testVarname1647363727386.test1647363727386.name,System Host,/,,Added Automatically by dotCMS
8c2513ec0f55d8ecb64c9b33063b7281 -&gt; INCLUDED,contentlet,8c2513ec0f55d8ecb64c9b33063b7281,9dd13015-4314-42c4-89d5-945b123178d3,8c2513ec0f55d8ecb64c9b33063b7281,test1647362378552.dotcms.com,/,,Added directly by User
bc9a1d37-dd2d-4d49-a29d-0c9be740bfaf -&gt; EXCLUDED,folder,bc9a1d37-dd2d-4d49-a29d-0c9be740bfaf,SYSTEM_FOLDER,System folder,System Host,,Excluded System Folder/Host,|EXCLUDED,folder,bc9a1d37-dd2d-4d49-a29d-0c9be740bfaf,SYSTEM_FOLDER,System folder,System Host,,Excluded System Folder/Host,
SYSTEM_HOST -&gt; EXCLUDED,host,SYSTEM_HOST,dbdec5e2-c02b-4cfb-83a9-4a4c4f3b2eb0,System Host,System Host,/,Excluded System Folder/Host,
Manifest content
#Filter:PublisherFilter { excludeClassesSet = [] , excludeDependencyClassesSet = [] , excludeQueryIds = [] , excludeDependencyQueryIds = [] , relationships = true , dependencies = true}
INCLUDED/EXCLUDED,object type, Id, inode, title, site, folder, excluded by, included by
INCLUDED,contentlet,1688c82d0479bec1ae59bd0ea97264b3,fd71bf07-0045-4df9-b011-453f63b1788d,key-exists-as-contentlet041cf3dd53,default,/,,Added Automatically by dotCMS
INCLUDED,contentlet,600105bc6a567d31c4ca4edea146818e,4b7f4f2e-276c-4630-8318-f68e76765811,testVarname1647363728145.test1647363728145.name,System Host,/,,Added Automatically by dotCMS
INCLUDED,contentlet,688b784fb2a489dd1103929de68f6f57,fd01867c-bd01-418b-80ab-ee21970af4c8,testVarname1647363727386.test1647363727386.name,System Host,/,,Added Automatically by dotCMS
INCLUDED,contentlet,8c2513ec0f55d8ecb64c9b33063b7281,9dd13015-4314-42c4-89d5-945b123178d3,8c2513ec0f55d8ecb64c9b33063b7281,test1647362378552.dotcms.com,/,,Added directly by User
INCLUDED,host,8a7d5e23-da1e-420a-b4f0-471e7da8ea2d,40b85dd6-8c87-4a52-bae7-2fdecc88c2f5,default,System Host,/,,Dependency from: ID: 1688c82d0479bec1ae59bd0ea97264b3 Title: key-exists-as-contentlet041cf3dd53
EXCLUDED,folder,bc9a1d37-dd2d-4d49-a29d-0c9be740bfaf,SYSTEM_FOLDER,System folder,System Host,,Excluded System Folder/Host,
INCLUDED,language,4329943,,QjVRdHGfJF,,,,Dependency from: ID: 1688c82d0479bec1ae59bd0ea97264b3 Title: key-exists-as-contentlet041cf3dd53
INCLUDED,contenttype,f4d7c1b8-2c88-4071-abf1-a5328977b07d,,Language Variable,System Host,/,,Dependency from: ID: 1688c82d0479bec1ae59bd0ea97264b3 Title: key-exists-as-contentlet041cf3dd53
EXCLUDED,host,SYSTEM_HOST,dbdec5e2-c02b-4cfb-83a9-4a4c4f3b2eb0,System Host,System Host,/,Excluded System Folder/Host,
INCLUDED,language,1,,English,,,,Dependency from: ID: 600105bc6a567d31c4ca4edea146818e Title: testVarname1647363728145.test1647363728145.name
INCLUDED,workflow,d61a59e1-a49c-46f2-a929-db2b4bfa88b2,,System Workflow,,,,Dependency from: ID: f4d7c1b8-2c88-4071-abf1-a5328977b07d Title: Language Variable
INCLUDED,host,f1b892e59696ef5efbd210d3f8161486,1f402622-d2e6-461c-8416-0e32ad9dc37b,test1647362378552.dotcms.com,System Host,/,,Dependency from: ID: 8c2513ec0f55d8ecb64c9b33063b7281 Title: 8c2513ec0f55d8ecb64c9b33063b7281
INCLUDED,language,4672508,,JzRYnhCnuR,,,,Dependency from: ID: 8c2513ec0f55d8ecb64c9b33063b7281 Title: 8c2513ec0f55d8ecb64c9b33063b7281
INCLUDED,contenttype,ea5ca2c6d6a0e23c83c62b106f7606ff,,testName1647362379684,test1647362378552.dotcms.com,/,,Dependency from: ID: 8c2513ec0f55d8ecb64c9b33063b7281 Title: 8c2513ec0f55d8ecb64c9b33063b7281
 expected:&lt;17&gt; but was:&lt;14&gt;
	at org.junit.Assert.fail(Assert.java:88)
	at org.junit.Assert.failNotEquals(Assert.java:834)
	at org.junit.Assert.assertEquals(Assert.java:645)
	at com.dotcms.publishing.PublisherAPIImplTest.assertManifestFile(PublisherAPIImplTest.java:591)
	at com.dotcms.enterprise.publishing.remote.bundler.DependencyBundlerTest.addAssetInBundle(DependencyBundlerTest.java:1253)
	at jdk.internal.reflect.GeneratedMethodAccessor1888.invoke(Unknown Source)
	at java.base/jdk.internal.reflect.DelegatingMethodAccessorImpl.invoke(DelegatingMethodAccessorImpl.java:43)
	at java.base/java.lang.reflect.Method.invoke(Method.java:566)
	at org.junit.runners.model.FrameworkMethod$1.runReflectiveCall(FrameworkMethod.java:50)
	at org.junit.internal.runners.model.ReflectiveCallable.run(ReflectiveCallable.java:12)
	at org.junit.runners.model.FrameworkMethod.invokeExplosively(FrameworkMethod.java:47)
	at com.tngtech.java.junit.dataprovider.DataProviderFrameworkMethod.invokeExplosively(DataProviderFrameworkMethod.java:119)
	at org.junit.internal.runners.statements.InvokeMethod.evaluate(InvokeMethod.java:17)
	at org.junit.internal.runners.statements.RunBefores.evaluate(RunBefores.java:26)
	at org.junit.rules.TestWatcher$1.evaluate(TestWatcher.java:55)
	at org.junit.rules.RunRules.evaluate(RunRules.java:20)
	at org.junit.runners.ParentRunner.runLeaf(ParentRunner.java:325)
	at com.dotcms.junit.CustomDataProviderRunner.runChild(CustomDataProviderRunner.java:28)
	at com.dotcms.junit.CustomDataProviderRunner.runChild(CustomDataProviderRunner.java:13)
	at org.junit.runners.ParentRunner$3.run(ParentRunner.java:290)
	at org.junit.runners.ParentRunner$1.schedule(ParentRunner.java:71)
	at org.junit.runners.ParentRunner.runChildren(ParentRunner.java:288)
	at org.junit.runners.ParentRunner.access$000(ParentRunner.java:58)
	at org.junit.runners.ParentRunner$2.evaluate(ParentRunner.java:268)
	at org.junit.runners.ParentRunner.run(ParentRunner.java:363)
	at com.dotcms.junit.MainBaseSuite$DotRunner.run(MainBaseSuite.java:60)
	at org.junit.runners.Suite.runChild(Suite.java:128)
	at org.junit.runners.Suite.runChild(Suite.java:27)
	at org.junit.runners.ParentRunner$3.run(ParentRunner.java:290)
	at org.junit.runners.ParentRunner$1.schedule(ParentRunner.java:71)
	at org.junit.runners.ParentRunner.runChildren(ParentRunner.java:288)
	at org.junit.runners.ParentRunner.access$000(ParentRunner.java:58)
	at org.junit.runners.ParentRunner$2.evaluate(ParentRunner.java:268)
	at org.junit.runners.ParentRunner.run(ParentRunner.java:363)
	at org.gradle.api.internal.tasks.testing.junit.JUnitTestClassExecutor.runTestClass(JUnitTestClassExecutor.java:106)
	at org.gradle.api.internal.tasks.testing.junit.JUnitTestClassExecutor.execute(JUnitTestClassExecutor.java:58)
	at org.gradle.api.internal.tasks.testing.junit.JUnitTestClassExecutor.execute(JUnitTestClassExecutor.java:38)
	at org.gradle.api.internal.tasks.testing.junit.AbstractJUnitTestClassProcessor.processTestClass(AbstractJUnitTestClassProcessor.java:66)
	at org.gradle.api.internal.tasks.testing.SuiteTestClassProcessor.processTestClass(SuiteTestClassProcessor.java:51)
	at java.base/jdk.internal.reflect.NativeMethodAccessorImpl.invoke0(Native Method)
	at java.base/jdk.internal.reflect.NativeMethodAccessorImpl.invoke(NativeMethodAccessorImpl.java:62)
	at java.base/jdk.internal.reflect.DelegatingMethodAccessorImpl.invoke(DelegatingMethodAccessorImpl.java:43)
	at java.base/java.lang.reflect.Method.invoke(Method.java:566)
	at org.gradle.internal.dispatch.ReflectionDispatch.dispatch(ReflectionDispatch.java:35)
	at org.gradle.internal.dispatch.ReflectionDispatch.dispatch(ReflectionDispatch.java:24)
	at org.gradle.internal.dispatch.ContextClassLoaderDispatch.dispatch(ContextClassLoaderDispatch.java:32)
	at org.gradle.internal.dispatch.ProxyDispatchAdapter$DispatchingInvocationHandler.invoke(ProxyDispatchAdapter.java:93)
	at com.sun.proxy.$Proxy2.processTestClass(Unknown Source)
	at org.gradle.api.internal.tasks.testing.worker.TestWorker.processTestClass(TestWorker.java:117)
	at java.base/jdk.internal.reflect.NativeMethodAccessorImpl.invoke0(Native Method)
	at java.base/jdk.internal.reflect.NativeMethodAccessorImpl.invoke(NativeMethodAccessorImpl.java:62)
	at java.base/jdk.internal.reflect.DelegatingMethodAccessorImpl.invoke(DelegatingMethodAccessorImpl.java:43)
	at java.base/java.lang.reflect.Method.invoke(Method.java:566)
	at org.gradle.internal.dispatch.ReflectionDispatch.dispatch(ReflectionDispatch.java:35)
	at org.gradle.internal.dispatch.ReflectionDispatch.dispatch(ReflectionDispatch.java:24)
	at org.gradle.internal.remote.internal.hub.MessageHubBackedObjectConnection$DispatchWrapper.dispatch(MessageHubBackedObjectConnection.java:155)
	at org.gradle.internal.remote.internal.hub.MessageHubBackedObjectConnection$DispatchWrapper.dispatch(MessageHubBackedObjectConnection.java:137)
	at org.gradle.internal.remote.internal.hub.MessageHub$Handler.run(MessageHub.java:404)
	at org.gradle.internal.concurrent.ExecutorPolicy$CatchAndRecordFailures.onExecute(ExecutorPolicy.java:63)
	at org.gradle.internal.concurrent.ManagedExecutorImpl$1.run(ManagedExecutorImpl.java:46)
	at java.base/java.util.concurrent.ThreadPoolExecutor.runWorker(ThreadPoolExecutor.java:1128)
	at java.base/java.util.concurrent.ThreadPoolExecutor$Worker.run(ThreadPoolExecutor.java:628)
	at org.gradle.internal.concurrent.ThreadFactoryImpl$ManagedThreadRunnable.run(ThreadFactoryImpl.java:55)
	at java.base/java.lang.Thread.run(Thread.java:829)
</pre>
</span>
</div>
<div class="test">
<a name="addAssetInBundle: Contentlet with Relationship and filterDescriptorNotDependencies"></a>
<h3 class="failures">addAssetInBundle: Contentlet with Relationship and filterDescriptorNotDependencies</h3>
<span class="code">
<pre>java.lang.AssertionError: manifestItems
8c2513ec0f55d8ecb64c9b33063b7281 -&gt; INCLUDED,contentlet,8c2513ec0f55d8ecb64c9b33063b7281,9dd13015-4314-42c4-89d5-945b123178d3,8c2513ec0f55d8ecb64c9b33063b7281,test1647362378552.dotcms.com,/,,Added directly by User
f1b892e59696ef5efbd210d3f8161486 -&gt; EXCLUDED,host,f1b892e59696ef5efbd210d3f8161486,1f402622-d2e6-461c-8416-0e32ad9dc37b,test1647362378552.dotcms.com,System Host,/,Excluded by filter,
bc9a1d37-dd2d-4d49-a29d-0c9be740bfaf -&gt; EXCLUDED,folder,bc9a1d37-dd2d-4d49-a29d-0c9be740bfaf,SYSTEM_FOLDER,System folder,System Host,,Excluded System Folder/Host,
0549540e-5c9a-4ad0-a1ea-40def23ef54a -&gt; EXCLUDED,relationship,0549540e-5c9a-4ad0-a1ea-40def23ef54a,,testVarname1647362379684.testVarname1647362379684,,,Excluded by filter,
4672508 -&gt; EXCLUDED,language,4672508,,JzRYnhCnuR,,,Excluded by filter,
ea5ca2c6d6a0e23c83c62b106f7606ff -&gt; EXCLUDED,contenttype,ea5ca2c6d6a0e23c83c62b106f7606ff,,testName1647362379684,test1647362378552.dotcms.com,/,Excluded by filter,
Manifest content
#Filter:PublisherFilter { excludeClassesSet = [] , excludeDependencyClassesSet = [] , excludeQueryIds = [] , excludeDependencyQueryIds = [] , relationships = true , dependencies = false}
INCLUDED/EXCLUDED,object type, Id, inode, title, site, folder, excluded by, included by
INCLUDED,contentlet,8c2513ec0f55d8ecb64c9b33063b7281,9dd13015-4314-42c4-89d5-945b123178d3,8c2513ec0f55d8ecb64c9b33063b7281,test1647362378552.dotcms.com,/,,Added directly by User
EXCLUDED,host,f1b892e59696ef5efbd210d3f8161486,1f402622-d2e6-461c-8416-0e32ad9dc37b,test1647362378552.dotcms.com,System Host,/,Excluded by filter,
EXCLUDED,folder,bc9a1d37-dd2d-4d49-a29d-0c9be740bfaf,SYSTEM_FOLDER,System folder,System Host,,Excluded System Folder/Host,
EXCLUDED,language,4672508,,JzRYnhCnuR,,,Excluded by filter,
EXCLUDED,contenttype,ea5ca2c6d6a0e23c83c62b106f7606ff,,testName1647362379684,test1647362378552.dotcms.com,/,Excluded by filter,
 expected:&lt;6&gt; but was:&lt;5&gt;
	at org.junit.Assert.fail(Assert.java:88)
	at org.junit.Assert.failNotEquals(Assert.java:834)
	at org.junit.Assert.assertEquals(Assert.java:645)
	at com.dotcms.publishing.PublisherAPIImplTest.assertManifestFile(PublisherAPIImplTest.java:591)
	at com.dotcms.enterprise.publishing.remote.bundler.DependencyBundlerTest.addAssetInBundle(DependencyBundlerTest.java:1253)
	at jdk.internal.reflect.GeneratedMethodAccessor1888.invoke(Unknown Source)
	at java.base/jdk.internal.reflect.DelegatingMethodAccessorImpl.invoke(DelegatingMethodAccessorImpl.java:43)
	at java.base/java.lang.reflect.Method.invoke(Method.java:566)
	at org.junit.runners.model.FrameworkMethod$1.runReflectiveCall(FrameworkMethod.java:50)
	at org.junit.internal.runners.model.ReflectiveCallable.run(ReflectiveCallable.java:12)
	at org.junit.runners.model.FrameworkMethod.invokeExplosively(FrameworkMethod.java:47)
	at com.tngtech.java.junit.dataprovider.DataProviderFrameworkMethod.invokeExplosively(DataProviderFrameworkMethod.java:119)
	at org.junit.internal.runners.statements.InvokeMethod.evaluate(InvokeMethod.java:17)
	at org.junit.internal.runners.statements.RunBefores.evaluate(RunBefores.java:26)
	at org.junit.rules.TestWatcher$1.evaluate(TestWatcher.java:55)
	at org.junit.rules.RunRules.evaluate(RunRules.java:20)
	at org.junit.runners.ParentRunner.runLeaf(ParentRunner.java:325)
	at com.dotcms.junit.CustomDataProviderRunner.runChild(CustomDataProviderRunner.java:28)
	at com.dotcms.junit.CustomDataProviderRunner.runChild(CustomDataProviderRunner.java:13)
	at org.junit.runners.ParentRunner$3.run(ParentRunner.java:290)
	at org.junit.runners.ParentRunner$1.schedule(ParentRunner.java:71)
	at org.junit.runners.ParentRunner.runChildren(ParentRunner.java:288)
	at org.junit.runners.ParentRunner.access$000(ParentRunner.java:58)
	at org.junit.runners.ParentRunner$2.evaluate(ParentRunner.java:268)
	at org.junit.runners.ParentRunner.run(ParentRunner.java:363)
	at com.dotcms.junit.MainBaseSuite$DotRunner.run(MainBaseSuite.java:60)
	at org.junit.runners.Suite.runChild(Suite.java:128)
	at org.junit.runners.Suite.runChild(Suite.java:27)
	at org.junit.runners.ParentRunner$3.run(ParentRunner.java:290)
	at org.junit.runners.ParentRunner$1.schedule(ParentRunner.java:71)
	at org.junit.runners.ParentRunner.runChildren(ParentRunner.java:288)
	at org.junit.runners.ParentRunner.access$000(ParentRunner.java:58)
	at org.junit.runners.ParentRunner$2.evaluate(ParentRunner.java:268)
	at org.junit.runners.ParentRunner.run(ParentRunner.java:363)
	at org.gradle.api.internal.tasks.testing.junit.JUnitTestClassExecutor.runTestClass(JUnitTestClassExecutor.java:106)
	at org.gradle.api.internal.tasks.testing.junit.JUnitTestClassExecutor.execute(JUnitTestClassExecutor.java:58)
	at org.gradle.api.internal.tasks.testing.junit.JUnitTestClassExecutor.execute(JUnitTestClassExecutor.java:38)
	at org.gradle.api.internal.tasks.testing.junit.AbstractJUnitTestClassProcessor.processTestClass(AbstractJUnitTestClassProcessor.java:66)
	at org.gradle.api.internal.tasks.testing.SuiteTestClassProcessor.processTestClass(SuiteTestClassProcessor.java:51)
	at java.base/jdk.internal.reflect.NativeMethodAccessorImpl.invoke0(Native Method)
	at java.base/jdk.internal.reflect.NativeMethodAccessorImpl.invoke(NativeMethodAccessorImpl.java:62)
	at java.base/jdk.internal.reflect.DelegatingMethodAccessorImpl.invoke(DelegatingMethodAccessorImpl.java:43)
	at java.base/java.lang.reflect.Method.invoke(Method.java:566)
	at org.gradle.internal.dispatch.ReflectionDispatch.dispatch(ReflectionDispatch.java:35)
	at org.gradle.internal.dispatch.ReflectionDispatch.dispatch(ReflectionDispatch.java:24)
	at org.gradle.internal.dispatch.ContextClassLoaderDispatch.dispatch(ContextClassLoaderDispatch.java:32)
	at org.gradle.internal.dispatch.ProxyDispatchAdapter$DispatchingInvocationHandler.invoke(ProxyDispatchAdapter.java:93)
	at com.sun.proxy.$Proxy2.processTestClass(Unknown Source)
	at org.gradle.api.internal.tasks.testing.worker.TestWorker.processTestClass(TestWorker.java:117)
	at java.base/jdk.internal.reflect.NativeMethodAccessorImpl.invoke0(Native Method)
	at java.base/jdk.internal.reflect.NativeMethodAccessorImpl.invoke(NativeMethodAccessorImpl.java:62)
	at java.base/jdk.internal.reflect.DelegatingMethodAccessorImpl.invoke(DelegatingMethodAccessorImpl.java:43)
	at java.base/java.lang.reflect.Method.invoke(Method.java:566)
	at org.gradle.internal.dispatch.ReflectionDispatch.dispatch(ReflectionDispatch.java:35)
	at org.gradle.internal.dispatch.ReflectionDispatch.dispatch(ReflectionDispatch.java:24)
	at org.gradle.internal.remote.internal.hub.MessageHubBackedObjectConnection$DispatchWrapper.dispatch(MessageHubBackedObjectConnection.java:155)
	at org.gradle.internal.remote.internal.hub.MessageHubBackedObjectConnection$DispatchWrapper.dispatch(MessageHubBackedObjectConnection.java:137)
	at org.gradle.internal.remote.internal.hub.MessageHub$Handler.run(MessageHub.java:404)
	at org.gradle.internal.concurrent.ExecutorPolicy$CatchAndRecordFailures.onExecute(ExecutorPolicy.java:63)
	at org.gradle.internal.concurrent.ManagedExecutorImpl$1.run(ManagedExecutorImpl.java:46)
	at java.base/java.util.concurrent.ThreadPoolExecutor.runWorker(ThreadPoolExecutor.java:1128)
	at java.base/java.util.concurrent.ThreadPoolExecutor$Worker.run(ThreadPoolExecutor.java:628)
	at org.gradle.internal.concurrent.ThreadFactoryImpl$ManagedThreadRunnable.run(ThreadFactoryImpl.java:55)
	at java.base/java.lang.Thread.run(Thread.java:829)
</pre>
</span>
</div>
<div class="test">
<a name="addAssetInBundle: Contentlet with Relationship and filterDescriptorNotDependenciesRelationship"></a>
<h3 class="failures">addAssetInBundle: Contentlet with Relationship and filterDescriptorNotDependenciesRelationship</h3>
<span class="code">
<pre>java.lang.AssertionError: manifestItems
8c2513ec0f55d8ecb64c9b33063b7281 -&gt; INCLUDED,contentlet,8c2513ec0f55d8ecb64c9b33063b7281,9dd13015-4314-42c4-89d5-945b123178d3,8c2513ec0f55d8ecb64c9b33063b7281,test1647362378552.dotcms.com,/,,Added directly by User
f1b892e59696ef5efbd210d3f8161486 -&gt; EXCLUDED,host,f1b892e59696ef5efbd210d3f8161486,1f402622-d2e6-461c-8416-0e32ad9dc37b,test1647362378552.dotcms.com,System Host,/,Excluded by filter,
bc9a1d37-dd2d-4d49-a29d-0c9be740bfaf -&gt; EXCLUDED,folder,bc9a1d37-dd2d-4d49-a29d-0c9be740bfaf,SYSTEM_FOLDER,System folder,System Host,,Excluded System Folder/Host,
0549540e-5c9a-4ad0-a1ea-40def23ef54a -&gt; EXCLUDED,relationship,0549540e-5c9a-4ad0-a1ea-40def23ef54a,,testVarname1647362379684.testVarname1647362379684,,,Excluded by filter,
4672508 -&gt; EXCLUDED,language,4672508,,JzRYnhCnuR,,,Excluded by filter,
ea5ca2c6d6a0e23c83c62b106f7606ff -&gt; EXCLUDED,contenttype,ea5ca2c6d6a0e23c83c62b106f7606ff,,testName1647362379684,test1647362378552.dotcms.com,/,Excluded by filter,
Manifest content
#Filter:PublisherFilter { excludeClassesSet = [] , excludeDependencyClassesSet = [] , excludeQueryIds = [] , excludeDependencyQueryIds = [] , relationships = false , dependencies = false}
INCLUDED/EXCLUDED,object type, Id, inode, title, site, folder, excluded by, included by
INCLUDED,contentlet,8c2513ec0f55d8ecb64c9b33063b7281,9dd13015-4314-42c4-89d5-945b123178d3,8c2513ec0f55d8ecb64c9b33063b7281,test1647362378552.dotcms.com,/,,Added directly by User
EXCLUDED,host,f1b892e59696ef5efbd210d3f8161486,1f402622-d2e6-461c-8416-0e32ad9dc37b,test1647362378552.dotcms.com,System Host,/,Excluded by filter,
EXCLUDED,folder,bc9a1d37-dd2d-4d49-a29d-0c9be740bfaf,SYSTEM_FOLDER,System folder,System Host,,Excluded System Folder/Host,
EXCLUDED,language,4672508,,JzRYnhCnuR,,,Excluded by filter,
EXCLUDED,contenttype,ea5ca2c6d6a0e23c83c62b106f7606ff,,testName1647362379684,test1647362378552.dotcms.com,/,Excluded by filter,
 expected:&lt;6&gt; but was:&lt;5&gt;
	at org.junit.Assert.fail(Assert.java:88)
	at org.junit.Assert.failNotEquals(Assert.java:834)
	at org.junit.Assert.assertEquals(Assert.java:645)
	at com.dotcms.publishing.PublisherAPIImplTest.assertManifestFile(PublisherAPIImplTest.java:591)
	at com.dotcms.enterprise.publishing.remote.bundler.DependencyBundlerTest.addAssetInBundle(DependencyBundlerTest.java:1253)
	at jdk.internal.reflect.GeneratedMethodAccessor1888.invoke(Unknown Source)
	at java.base/jdk.internal.reflect.DelegatingMethodAccessorImpl.invoke(DelegatingMethodAccessorImpl.java:43)
	at java.base/java.lang.reflect.Method.invoke(Method.java:566)
	at org.junit.runners.model.FrameworkMethod$1.runReflectiveCall(FrameworkMethod.java:50)
	at org.junit.internal.runners.model.ReflectiveCallable.run(ReflectiveCallable.java:12)
	at org.junit.runners.model.FrameworkMethod.invokeExplosively(FrameworkMethod.java:47)
	at com.tngtech.java.junit.dataprovider.DataProviderFrameworkMethod.invokeExplosively(DataProviderFrameworkMethod.java:119)
	at org.junit.internal.runners.statements.InvokeMethod.evaluate(InvokeMethod.java:17)
	at org.junit.internal.runners.statements.RunBefores.evaluate(RunBefores.java:26)
	at org.junit.rules.TestWatcher$1.evaluate(TestWatcher.java:55)
	at org.junit.rules.RunRules.evaluate(RunRules.java:20)
	at org.junit.runners.ParentRunner.runLeaf(ParentRunner.java:325)
	at com.dotcms.junit.CustomDataProviderRunner.runChild(CustomDataProviderRunner.java:28)
	at com.dotcms.junit.CustomDataProviderRunner.runChild(CustomDataProviderRunner.java:13)
	at org.junit.runners.ParentRunner$3.run(ParentRunner.java:290)
	at org.junit.runners.ParentRunner$1.schedule(ParentRunner.java:71)
	at org.junit.runners.ParentRunner.runChildren(ParentRunner.java:288)
	at org.junit.runners.ParentRunner.access$000(ParentRunner.java:58)
	at org.junit.runners.ParentRunner$2.evaluate(ParentRunner.java:268)
	at org.junit.runners.ParentRunner.run(ParentRunner.java:363)
	at com.dotcms.junit.MainBaseSuite$DotRunner.run(MainBaseSuite.java:60)
	at org.junit.runners.Suite.runChild(Suite.java:128)
	at org.junit.runners.Suite.runChild(Suite.java:27)
	at org.junit.runners.ParentRunner$3.run(ParentRunner.java:290)
	at org.junit.runners.ParentRunner$1.schedule(ParentRunner.java:71)
	at org.junit.runners.ParentRunner.runChildren(ParentRunner.java:288)
	at org.junit.runners.ParentRunner.access$000(ParentRunner.java:58)
	at org.junit.runners.ParentRunner$2.evaluate(ParentRunner.java:268)
	at org.junit.runners.ParentRunner.run(ParentRunner.java:363)
	at org.gradle.api.internal.tasks.testing.junit.JUnitTestClassExecutor.runTestClass(JUnitTestClassExecutor.java:106)
	at org.gradle.api.internal.tasks.testing.junit.JUnitTestClassExecutor.execute(JUnitTestClassExecutor.java:58)
	at org.gradle.api.internal.tasks.testing.junit.JUnitTestClassExecutor.execute(JUnitTestClassExecutor.java:38)
	at org.gradle.api.internal.tasks.testing.junit.AbstractJUnitTestClassProcessor.processTestClass(AbstractJUnitTestClassProcessor.java:66)
	at org.gradle.api.internal.tasks.testing.SuiteTestClassProcessor.processTestClass(SuiteTestClassProcessor.java:51)
	at java.base/jdk.internal.reflect.NativeMethodAccessorImpl.invoke0(Native Method)
	at java.base/jdk.internal.reflect.NativeMethodAccessorImpl.invoke(NativeMethodAccessorImpl.java:62)
	at java.base/jdk.internal.reflect.DelegatingMethodAccessorImpl.invoke(DelegatingMethodAccessorImpl.java:43)
	at java.base/java.lang.reflect.Method.invoke(Method.java:566)
	at org.gradle.internal.dispatch.ReflectionDispatch.dispatch(ReflectionDispatch.java:35)
	at org.gradle.internal.dispatch.ReflectionDispatch.dispatch(ReflectionDispatch.java:24)
	at org.gradle.internal.dispatch.ContextClassLoaderDispatch.dispatch(ContextClassLoaderDispatch.java:32)
	at org.gradle.internal.dispatch.ProxyDispatchAdapter$DispatchingInvocationHandler.invoke(ProxyDispatchAdapter.java:93)
	at com.sun.proxy.$Proxy2.processTestClass(Unknown Source)
	at org.gradle.api.internal.tasks.testing.worker.TestWorker.processTestClass(TestWorker.java:117)
	at java.base/jdk.internal.reflect.NativeMethodAccessorImpl.invoke0(Native Method)
	at java.base/jdk.internal.reflect.NativeMethodAccessorImpl.invoke(NativeMethodAccessorImpl.java:62)
	at java.base/jdk.internal.reflect.DelegatingMethodAccessorImpl.invoke(DelegatingMethodAccessorImpl.java:43)
	at java.base/java.lang.reflect.Method.invoke(Method.java:566)
	at org.gradle.internal.dispatch.ReflectionDispatch.dispatch(ReflectionDispatch.java:35)
	at org.gradle.internal.dispatch.ReflectionDispatch.dispatch(ReflectionDispatch.java:24)
	at org.gradle.internal.remote.internal.hub.MessageHubBackedObjectConnection$DispatchWrapper.dispatch(MessageHubBackedObjectConnection.java:155)
	at org.gradle.internal.remote.internal.hub.MessageHubBackedObjectConnection$DispatchWrapper.dispatch(MessageHubBackedObjectConnection.java:137)
	at org.gradle.internal.remote.internal.hub.MessageHub$Handler.run(MessageHub.java:404)
	at org.gradle.internal.concurrent.ExecutorPolicy$CatchAndRecordFailures.onExecute(ExecutorPolicy.java:63)
	at org.gradle.internal.concurrent.ManagedExecutorImpl$1.run(ManagedExecutorImpl.java:46)
	at java.base/java.util.concurrent.ThreadPoolExecutor.runWorker(ThreadPoolExecutor.java:1128)
	at java.base/java.util.concurrent.ThreadPoolExecutor$Worker.run(ThreadPoolExecutor.java:628)
	at org.gradle.internal.concurrent.ThreadFactoryImpl$ManagedThreadRunnable.run(ThreadFactoryImpl.java:55)
	at java.base/java.lang.Thread.run(Thread.java:829)
</pre>
</span>
</div>
<div class="test">
<a name="addAssetInBundle: Contentlet with Relationship and filterDescriptorNotRelationship"></a>
<h3 class="failures">addAssetInBundle: Contentlet with Relationship and filterDescriptorNotRelationship</h3>
<span class="code">
<pre>java.lang.AssertionError: manifestItems
4672508 -&gt; INCLUDED,language,4672508,,JzRYnhCnuR,,,,Dependency from: ID: 8c2513ec0f55d8ecb64c9b33063b7281 Title: 8c2513ec0f55d8ecb64c9b33063b7281
1688c82d0479bec1ae59bd0ea97264b3 -&gt; INCLUDED,contentlet,1688c82d0479bec1ae59bd0ea97264b3,fd71bf07-0045-4df9-b011-453f63b1788d,key-exists-as-contentlet041cf3dd53,default,/,,Added Automatically by dotCMS
f1b892e59696ef5efbd210d3f8161486 -&gt; INCLUDED,host,f1b892e59696ef5efbd210d3f8161486,1f402622-d2e6-461c-8416-0e32ad9dc37b,test1647362378552.dotcms.com,System Host,/,,Dependency from: ID: 8c2513ec0f55d8ecb64c9b33063b7281 Title: 8c2513ec0f55d8ecb64c9b33063b7281
1 -&gt; INCLUDED,language,1,,English,,,,Dependency from: ID: 600105bc6a567d31c4ca4edea146818e Title: testVarname1647363728145.test1647363728145.name|INCLUDED,language,1,,English,,,,Dependency from: ID: 688b784fb2a489dd1103929de68f6f57 Title: testVarname1647363727386.test1647363727386.name
4329943 -&gt; INCLUDED,language,4329943,,QjVRdHGfJF,,,,Dependency from: ID: 1688c82d0479bec1ae59bd0ea97264b3 Title: key-exists-as-contentlet041cf3dd53
f4d7c1b8-2c88-4071-abf1-a5328977b07d -&gt; INCLUDED,contenttype,f4d7c1b8-2c88-4071-abf1-a5328977b07d,,Language Variable,System Host,/,,Dependency from: ID: 1688c82d0479bec1ae59bd0ea97264b3 Title: key-exists-as-contentlet041cf3dd53|INCLUDED,contenttype,f4d7c1b8-2c88-4071-abf1-a5328977b07d,,Language Variable,System Host,/,,Dependency from: ID: 4329943 Title: QjVRdHGfJF|INCLUDED,contenttype,f4d7c1b8-2c88-4071-abf1-a5328977b07d,,Language Variable,System Host,/,,Dependency from: ID: 600105bc6a567d31c4ca4edea146818e Title: testVarname1647363728145.test1647363728145.name|INCLUDED,contenttype,f4d7c1b8-2c88-4071-abf1-a5328977b07d,,Language Variable,System Host,/,,Dependency from: ID: 1 Title: English|INCLUDED,contenttype,f4d7c1b8-2c88-4071-abf1-a5328977b07d,,Language Variable,System Host,/,,Dependency from: ID: 688b784fb2a489dd1103929de68f6f57 Title: testVarname1647363727386.test1647363727386.name|INCLUDED,contenttype,f4d7c1b8-2c88-4071-abf1-a5328977b07d,,Language Variable,System Host,/,,Dependency from: ID: 1 Title: English
8a7d5e23-da1e-420a-b4f0-471e7da8ea2d -&gt; INCLUDED,host,8a7d5e23-da1e-420a-b4f0-471e7da8ea2d,b844c622-7d65-4c38-abca-a5d9f7b4cef2,default,System Host,/,,Dependency from: ID: 1688c82d0479bec1ae59bd0ea97264b3 Title: key-exists-as-contentlet041cf3dd53|INCLUDED,host,8a7d5e23-da1e-420a-b4f0-471e7da8ea2d,40b85dd6-8c87-4a52-bae7-2fdecc88c2f5,default,System Host,/,,Dependency from: ID: 1688c82d0479bec1ae59bd0ea97264b3 Title: key-exists-as-contentlet041cf3dd53
d61a59e1-a49c-46f2-a929-db2b4bfa88b2 -&gt; INCLUDED,workflow,d61a59e1-a49c-46f2-a929-db2b4bfa88b2,,System Workflow,,,,Dependency from: ID: ea5ca2c6d6a0e23c83c62b106f7606ff Title: testName1647362379684|INCLUDED,workflow,d61a59e1-a49c-46f2-a929-db2b4bfa88b2,,System Workflow,,,,Dependency from: ID: f4d7c1b8-2c88-4071-abf1-a5328977b07d Title: Language Variable
600105bc6a567d31c4ca4edea146818e -&gt; INCLUDED,contentlet,600105bc6a567d31c4ca4edea146818e,4b7f4f2e-276c-4630-8318-f68e76765811,testVarname1647363728145.test1647363728145.name,System Host,/,,Added Automatically by dotCMS
ea5ca2c6d6a0e23c83c62b106f7606ff -&gt; INCLUDED,contenttype,ea5ca2c6d6a0e23c83c62b106f7606ff,,testName1647362379684,test1647362378552.dotcms.com,/,,Dependency from: ID: 8c2513ec0f55d8ecb64c9b33063b7281 Title: 8c2513ec0f55d8ecb64c9b33063b7281
688b784fb2a489dd1103929de68f6f57 -&gt; INCLUDED,contentlet,688b784fb2a489dd1103929de68f6f57,fd01867c-bd01-418b-80ab-ee21970af4c8,testVarname1647363727386.test1647363727386.name,System Host,/,,Added Automatically by dotCMS
8c2513ec0f55d8ecb64c9b33063b7281 -&gt; INCLUDED,contentlet,8c2513ec0f55d8ecb64c9b33063b7281,9dd13015-4314-42c4-89d5-945b123178d3,8c2513ec0f55d8ecb64c9b33063b7281,test1647362378552.dotcms.com,/,,Added directly by User
bc9a1d37-dd2d-4d49-a29d-0c9be740bfaf -&gt; EXCLUDED,folder,bc9a1d37-dd2d-4d49-a29d-0c9be740bfaf,SYSTEM_FOLDER,System folder,System Host,,Excluded System Folder/Host,|EXCLUDED,folder,bc9a1d37-dd2d-4d49-a29d-0c9be740bfaf,SYSTEM_FOLDER,System folder,System Host,,Excluded System Folder/Host,
0549540e-5c9a-4ad0-a1ea-40def23ef54a -&gt; EXCLUDED,relationship,0549540e-5c9a-4ad0-a1ea-40def23ef54a,,testVarname1647362379684.testVarname1647362379684,,,Excluded by filter,
SYSTEM_HOST -&gt; EXCLUDED,host,SYSTEM_HOST,dbdec5e2-c02b-4cfb-83a9-4a4c4f3b2eb0,System Host,System Host,/,Excluded System Folder/Host,
Manifest content
#Filter:PublisherFilter { excludeClassesSet = [] , excludeDependencyClassesSet = [] , excludeQueryIds = [] , excludeDependencyQueryIds = [] , relationships = false , dependencies = true}
INCLUDED/EXCLUDED,object type, Id, inode, title, site, folder, excluded by, included by
INCLUDED,contentlet,1688c82d0479bec1ae59bd0ea97264b3,fd71bf07-0045-4df9-b011-453f63b1788d,key-exists-as-contentlet041cf3dd53,default,/,,Added Automatically by dotCMS
INCLUDED,contentlet,600105bc6a567d31c4ca4edea146818e,4b7f4f2e-276c-4630-8318-f68e76765811,testVarname1647363728145.test1647363728145.name,System Host,/,,Added Automatically by dotCMS
INCLUDED,contentlet,688b784fb2a489dd1103929de68f6f57,fd01867c-bd01-418b-80ab-ee21970af4c8,testVarname1647363727386.test1647363727386.name,System Host,/,,Added Automatically by dotCMS
INCLUDED,contentlet,8c2513ec0f55d8ecb64c9b33063b7281,9dd13015-4314-42c4-89d5-945b123178d3,8c2513ec0f55d8ecb64c9b33063b7281,test1647362378552.dotcms.com,/,,Added directly by User
INCLUDED,host,8a7d5e23-da1e-420a-b4f0-471e7da8ea2d,40b85dd6-8c87-4a52-bae7-2fdecc88c2f5,default,System Host,/,,Dependency from: ID: 1688c82d0479bec1ae59bd0ea97264b3 Title: key-exists-as-contentlet041cf3dd53
EXCLUDED,folder,bc9a1d37-dd2d-4d49-a29d-0c9be740bfaf,SYSTEM_FOLDER,System folder,System Host,,Excluded System Folder/Host,
INCLUDED,language,4329943,,QjVRdHGfJF,,,,Dependency from: ID: 1688c82d0479bec1ae59bd0ea97264b3 Title: key-exists-as-contentlet041cf3dd53
INCLUDED,contenttype,f4d7c1b8-2c88-4071-abf1-a5328977b07d,,Language Variable,System Host,/,,Dependency from: ID: 1688c82d0479bec1ae59bd0ea97264b3 Title: key-exists-as-contentlet041cf3dd53
EXCLUDED,host,SYSTEM_HOST,dbdec5e2-c02b-4cfb-83a9-4a4c4f3b2eb0,System Host,System Host,/,Excluded System Folder/Host,
INCLUDED,language,1,,English,,,,Dependency from: ID: 688b784fb2a489dd1103929de68f6f57 Title: testVarname1647363727386.test1647363727386.name
INCLUDED,host,f1b892e59696ef5efbd210d3f8161486,1f402622-d2e6-461c-8416-0e32ad9dc37b,test1647362378552.dotcms.com,System Host,/,,Dependency from: ID: 8c2513ec0f55d8ecb64c9b33063b7281 Title: 8c2513ec0f55d8ecb64c9b33063b7281
INCLUDED,language,4672508,,JzRYnhCnuR,,,,Dependency from: ID: 8c2513ec0f55d8ecb64c9b33063b7281 Title: 8c2513ec0f55d8ecb64c9b33063b7281
INCLUDED,contenttype,ea5ca2c6d6a0e23c83c62b106f7606ff,,testName1647362379684,test1647362378552.dotcms.com,/,,Dependency from: ID: 8c2513ec0f55d8ecb64c9b33063b7281 Title: 8c2513ec0f55d8ecb64c9b33063b7281
INCLUDED,workflow,d61a59e1-a49c-46f2-a929-db2b4bfa88b2,,System Workflow,,,,Dependency from: ID: f4d7c1b8-2c88-4071-abf1-a5328977b07d Title: Language Variable
 expected:&lt;15&gt; but was:&lt;14&gt;
	at org.junit.Assert.fail(Assert.java:88)
	at org.junit.Assert.failNotEquals(Assert.java:834)
	at org.junit.Assert.assertEquals(Assert.java:645)
	at com.dotcms.publishing.PublisherAPIImplTest.assertManifestFile(PublisherAPIImplTest.java:591)
	at com.dotcms.enterprise.publishing.remote.bundler.DependencyBundlerTest.addAssetInBundle(DependencyBundlerTest.java:1253)
	at jdk.internal.reflect.GeneratedMethodAccessor1888.invoke(Unknown Source)
	at java.base/jdk.internal.reflect.DelegatingMethodAccessorImpl.invoke(DelegatingMethodAccessorImpl.java:43)
	at java.base/java.lang.reflect.Method.invoke(Method.java:566)
	at org.junit.runners.model.FrameworkMethod$1.runReflectiveCall(FrameworkMethod.java:50)
	at org.junit.internal.runners.model.ReflectiveCallable.run(ReflectiveCallable.java:12)
	at org.junit.runners.model.FrameworkMethod.invokeExplosively(FrameworkMethod.java:47)
	at com.tngtech.java.junit.dataprovider.DataProviderFrameworkMethod.invokeExplosively(DataProviderFrameworkMethod.java:119)
	at org.junit.internal.runners.statements.InvokeMethod.evaluate(InvokeMethod.java:17)
	at org.junit.internal.runners.statements.RunBefores.evaluate(RunBefores.java:26)
	at org.junit.rules.TestWatcher$1.evaluate(TestWatcher.java:55)
	at org.junit.rules.RunRules.evaluate(RunRules.java:20)
	at org.junit.runners.ParentRunner.runLeaf(ParentRunner.java:325)
	at com.dotcms.junit.CustomDataProviderRunner.runChild(CustomDataProviderRunner.java:28)
	at com.dotcms.junit.CustomDataProviderRunner.runChild(CustomDataProviderRunner.java:13)
	at org.junit.runners.ParentRunner$3.run(ParentRunner.java:290)
	at org.junit.runners.ParentRunner$1.schedule(ParentRunner.java:71)
	at org.junit.runners.ParentRunner.runChildren(ParentRunner.java:288)
	at org.junit.runners.ParentRunner.access$000(ParentRunner.java:58)
	at org.junit.runners.ParentRunner$2.evaluate(ParentRunner.java:268)
	at org.junit.runners.ParentRunner.run(ParentRunner.java:363)
	at com.dotcms.junit.MainBaseSuite$DotRunner.run(MainBaseSuite.java:60)
	at org.junit.runners.Suite.runChild(Suite.java:128)
	at org.junit.runners.Suite.runChild(Suite.java:27)
	at org.junit.runners.ParentRunner$3.run(ParentRunner.java:290)
	at org.junit.runners.ParentRunner$1.schedule(ParentRunner.java:71)
	at org.junit.runners.ParentRunner.runChildren(ParentRunner.java:288)
	at org.junit.runners.ParentRunner.access$000(ParentRunner.java:58)
	at org.junit.runners.ParentRunner$2.evaluate(ParentRunner.java:268)
	at org.junit.runners.ParentRunner.run(ParentRunner.java:363)
	at org.gradle.api.internal.tasks.testing.junit.JUnitTestClassExecutor.runTestClass(JUnitTestClassExecutor.java:106)
	at org.gradle.api.internal.tasks.testing.junit.JUnitTestClassExecutor.execute(JUnitTestClassExecutor.java:58)
	at org.gradle.api.internal.tasks.testing.junit.JUnitTestClassExecutor.execute(JUnitTestClassExecutor.java:38)
	at org.gradle.api.internal.tasks.testing.junit.AbstractJUnitTestClassProcessor.processTestClass(AbstractJUnitTestClassProcessor.java:66)
	at org.gradle.api.internal.tasks.testing.SuiteTestClassProcessor.processTestClass(SuiteTestClassProcessor.java:51)
	at java.base/jdk.internal.reflect.NativeMethodAccessorImpl.invoke0(Native Method)
	at java.base/jdk.internal.reflect.NativeMethodAccessorImpl.invoke(NativeMethodAccessorImpl.java:62)
	at java.base/jdk.internal.reflect.DelegatingMethodAccessorImpl.invoke(DelegatingMethodAccessorImpl.java:43)
	at java.base/java.lang.reflect.Method.invoke(Method.java:566)
	at org.gradle.internal.dispatch.ReflectionDispatch.dispatch(ReflectionDispatch.java:35)
	at org.gradle.internal.dispatch.ReflectionDispatch.dispatch(ReflectionDispatch.java:24)
	at org.gradle.internal.dispatch.ContextClassLoaderDispatch.dispatch(ContextClassLoaderDispatch.java:32)
	at org.gradle.internal.dispatch.ProxyDispatchAdapter$DispatchingInvocationHandler.invoke(ProxyDispatchAdapter.java:93)
	at com.sun.proxy.$Proxy2.processTestClass(Unknown Source)
	at org.gradle.api.internal.tasks.testing.worker.TestWorker.processTestClass(TestWorker.java:117)
	at java.base/jdk.internal.reflect.NativeMethodAccessorImpl.invoke0(Native Method)
	at java.base/jdk.internal.reflect.NativeMethodAccessorImpl.invoke(NativeMethodAccessorImpl.java:62)
	at java.base/jdk.internal.reflect.DelegatingMethodAccessorImpl.invoke(DelegatingMethodAccessorImpl.java:43)
	at java.base/java.lang.reflect.Method.invoke(Method.java:566)
	at org.gradle.internal.dispatch.ReflectionDispatch.dispatch(ReflectionDispatch.java:35)
	at org.gradle.internal.dispatch.ReflectionDispatch.dispatch(ReflectionDispatch.java:24)
	at org.gradle.internal.remote.internal.hub.MessageHubBackedObjectConnection$DispatchWrapper.dispatch(MessageHubBackedObjectConnection.java:155)
	at org.gradle.internal.remote.internal.hub.MessageHubBackedObjectConnection$DispatchWrapper.dispatch(MessageHubBackedObjectConnection.java:137)
	at org.gradle.internal.remote.internal.hub.MessageHub$Handler.run(MessageHub.java:404)
	at org.gradle.internal.concurrent.ExecutorPolicy$CatchAndRecordFailures.onExecute(ExecutorPolicy.java:63)
	at org.gradle.internal.concurrent.ManagedExecutorImpl$1.run(ManagedExecutorImpl.java:46)
	at java.base/java.util.concurrent.ThreadPoolExecutor.runWorker(ThreadPoolExecutor.java:1128)
	at java.base/java.util.concurrent.ThreadPoolExecutor$Worker.run(ThreadPoolExecutor.java:628)
	at org.gradle.internal.concurrent.ThreadFactoryImpl$ManagedThreadRunnable.run(ThreadFactoryImpl.java:55)
	at java.base/java.lang.Thread.run(Thread.java:829)
</pre>
</span>
</div>
<div class="test">
<a name="addAssetInBundle: Host with Content and filterDescriptorAllDependencies"></a>
<h3 class="failures">addAssetInBundle: Host with Content and filterDescriptorAllDependencies</h3>
<span class="code">
<pre>java.lang.AssertionError: 1 -&gt; INCLUDED,language,1,,English,,,,Dependency from: ID: 32584dc26eb96b72a1f6d8a819b1b705 Title: 32584dc26eb96b72a1f6d8a819b1b705|INCLUDED,language,1,,English,,,,Dependency from: ID: 600105bc6a567d31c4ca4edea146818e Title: testVarname1647363728145.test1647363728145.name|INCLUDED,language,1,,English,,,,Dependency from: ID: 688b784fb2a489dd1103929de68f6f57 Title: testVarname1647363727386.test1647363727386.name
0fc9ede06bbeee970b7259dc790e55f0 -&gt; INCLUDED,contenttype,0fc9ede06bbeee970b7259dc790e55f0,,testName1647362375015,test1647362374049.dotcms.com,/,,Dependency from: ID: fecffaf40e3dcc2cdfb425b3e40340b5 Title: test1647362374049.dotcms.com
4329943 -&gt; INCLUDED,language,4329943,,QjVRdHGfJF,,,,Dependency from: ID: 1688c82d0479bec1ae59bd0ea97264b3 Title: key-exists-as-contentlet041cf3dd53
f4d7c1b8-2c88-4071-abf1-a5328977b07d -&gt; INCLUDED,contenttype,f4d7c1b8-2c88-4071-abf1-a5328977b07d,,Language Variable,System Host,/,,Dependency from: ID: 1688c82d0479bec1ae59bd0ea97264b3 Title: key-exists-as-contentlet041cf3dd53|INCLUDED,contenttype,f4d7c1b8-2c88-4071-abf1-a5328977b07d,,Language Variable,System Host,/,,Dependency from: ID: 4329943 Title: QjVRdHGfJF|INCLUDED,contenttype,f4d7c1b8-2c88-4071-abf1-a5328977b07d,,Language Variable,System Host,/,,Dependency from: ID: 600105bc6a567d31c4ca4edea146818e Title: testVarname1647363728145.test1647363728145.name|INCLUDED,contenttype,f4d7c1b8-2c88-4071-abf1-a5328977b07d,,Language Variable,System Host,/,,Dependency from: ID: 1 Title: English|INCLUDED,contenttype,f4d7c1b8-2c88-4071-abf1-a5328977b07d,,Language Variable,System Host,/,,Dependency from: ID: 688b784fb2a489dd1103929de68f6f57 Title: testVarname1647363727386.test1647363727386.name|INCLUDED,contenttype,f4d7c1b8-2c88-4071-abf1-a5328977b07d,,Language Variable,System Host,/,,Dependency from: ID: 1 Title: English
8a7d5e23-da1e-420a-b4f0-471e7da8ea2d -&gt; INCLUDED,host,8a7d5e23-da1e-420a-b4f0-471e7da8ea2d,b844c622-7d65-4c38-abca-a5d9f7b4cef2,default,System Host,/,,Dependency from: ID: 1688c82d0479bec1ae59bd0ea97264b3 Title: key-exists-as-contentlet041cf3dd53|INCLUDED,host,8a7d5e23-da1e-420a-b4f0-471e7da8ea2d,40b85dd6-8c87-4a52-bae7-2fdecc88c2f5,default,System Host,/,,Dependency from: ID: 1688c82d0479bec1ae59bd0ea97264b3 Title: key-exists-as-contentlet041cf3dd53
fecffaf40e3dcc2cdfb425b3e40340b5 -&gt; INCLUDED,host,fecffaf40e3dcc2cdfb425b3e40340b5,c6410a58-5313-4479-9dba-ab7ed54742b6,test1647362374049.dotcms.com,System Host,/,,Added directly by User
d61a59e1-a49c-46f2-a929-db2b4bfa88b2 -&gt; INCLUDED,workflow,d61a59e1-a49c-46f2-a929-db2b4bfa88b2,,System Workflow,,,,Dependency from: ID: 0fc9ede06bbeee970b7259dc790e55f0 Title: testName1647362375015|INCLUDED,workflow,d61a59e1-a49c-46f2-a929-db2b4bfa88b2,,System Workflow,,,,Dependency from: ID: f4d7c1b8-2c88-4071-abf1-a5328977b07d Title: Language Variable
1688c82d0479bec1ae59bd0ea97264b3 -&gt; INCLUDED,contentlet,1688c82d0479bec1ae59bd0ea97264b3,fd71bf07-0045-4df9-b011-453f63b1788d,key-exists-as-contentlet041cf3dd53,default,/,,Added Automatically by dotCMS
600105bc6a567d31c4ca4edea146818e -&gt; INCLUDED,contentlet,600105bc6a567d31c4ca4edea146818e,4b7f4f2e-276c-4630-8318-f68e76765811,testVarname1647363728145.test1647363728145.name,System Host,/,,Added Automatically by dotCMS
688b784fb2a489dd1103929de68f6f57 -&gt; INCLUDED,contentlet,688b784fb2a489dd1103929de68f6f57,fd01867c-bd01-418b-80ab-ee21970af4c8,testVarname1647363727386.test1647363727386.name,System Host,/,,Added Automatically by dotCMS
32584dc26eb96b72a1f6d8a819b1b705 -&gt; INCLUDED,contentlet,32584dc26eb96b72a1f6d8a819b1b705,4fd4cd23-be61-469e-8e36-148a59415a72,32584dc26eb96b72a1f6d8a819b1b705,test1647362374049.dotcms.com,/,,Dependency from: ID: fecffaf40e3dcc2cdfb425b3e40340b5 Title: test1647362374049.dotcms.com
bc9a1d37-dd2d-4d49-a29d-0c9be740bfaf -&gt; EXCLUDED,folder,bc9a1d37-dd2d-4d49-a29d-0c9be740bfaf,SYSTEM_FOLDER,System folder,System Host,,Excluded System Folder/Host,|EXCLUDED,folder,bc9a1d37-dd2d-4d49-a29d-0c9be740bfaf,SYSTEM_FOLDER,System folder,System Host,,Excluded System Folder/Host,
SYSTEM_HOST -&gt; EXCLUDED,host,SYSTEM_HOST,dbdec5e2-c02b-4cfb-83a9-4a4c4f3b2eb0,System Host,System Host,/,Excluded System Folder/Host, not contain INCLUDED,contenttype,0fc9ede06bbeee970b7259dc790e55f0,,testName1647362375015,test1647362374049.dotcms.com,/,,Dependency from: ID: 32584dc26eb96b72a1f6d8a819b1b705 Title: 32584dc26eb96b72a1f6d8a819b1b705
	at org.junit.Assert.fail(Assert.java:88)
	at org.junit.Assert.assertTrue(Assert.java:41)
	at com.dotcms.publishing.PublisherAPIImplTest.assertManifestFile(PublisherAPIImplTest.java:585)
	at com.dotcms.enterprise.publishing.remote.bundler.DependencyBundlerTest.addAssetInBundle(DependencyBundlerTest.java:1253)
	at jdk.internal.reflect.GeneratedMethodAccessor1888.invoke(Unknown Source)
	at java.base/jdk.internal.reflect.DelegatingMethodAccessorImpl.invoke(DelegatingMethodAccessorImpl.java:43)
	at java.base/java.lang.reflect.Method.invoke(Method.java:566)
	at org.junit.runners.model.FrameworkMethod$1.runReflectiveCall(FrameworkMethod.java:50)
	at org.junit.internal.runners.model.ReflectiveCallable.run(ReflectiveCallable.java:12)
	at org.junit.runners.model.FrameworkMethod.invokeExplosively(FrameworkMethod.java:47)
	at com.tngtech.java.junit.dataprovider.DataProviderFrameworkMethod.invokeExplosively(DataProviderFrameworkMethod.java:119)
	at org.junit.internal.runners.statements.InvokeMethod.evaluate(InvokeMethod.java:17)
	at org.junit.internal.runners.statements.RunBefores.evaluate(RunBefores.java:26)
	at org.junit.rules.TestWatcher$1.evaluate(TestWatcher.java:55)
	at org.junit.rules.RunRules.evaluate(RunRules.java:20)
	at org.junit.runners.ParentRunner.runLeaf(ParentRunner.java:325)
	at com.dotcms.junit.CustomDataProviderRunner.runChild(CustomDataProviderRunner.java:28)
	at com.dotcms.junit.CustomDataProviderRunner.runChild(CustomDataProviderRunner.java:13)
	at org.junit.runners.ParentRunner$3.run(ParentRunner.java:290)
	at org.junit.runners.ParentRunner$1.schedule(ParentRunner.java:71)
	at org.junit.runners.ParentRunner.runChildren(ParentRunner.java:288)
	at org.junit.runners.ParentRunner.access$000(ParentRunner.java:58)
	at org.junit.runners.ParentRunner$2.evaluate(ParentRunner.java:268)
	at org.junit.runners.ParentRunner.run(ParentRunner.java:363)
	at com.dotcms.junit.MainBaseSuite$DotRunner.run(MainBaseSuite.java:60)
	at org.junit.runners.Suite.runChild(Suite.java:128)
	at org.junit.runners.Suite.runChild(Suite.java:27)
	at org.junit.runners.ParentRunner$3.run(ParentRunner.java:290)
	at org.junit.runners.ParentRunner$1.schedule(ParentRunner.java:71)
	at org.junit.runners.ParentRunner.runChildren(ParentRunner.java:288)
	at org.junit.runners.ParentRunner.access$000(ParentRunner.java:58)
	at org.junit.runners.ParentRunner$2.evaluate(ParentRunner.java:268)
	at org.junit.runners.ParentRunner.run(ParentRunner.java:363)
	at org.gradle.api.internal.tasks.testing.junit.JUnitTestClassExecutor.runTestClass(JUnitTestClassExecutor.java:106)
	at org.gradle.api.internal.tasks.testing.junit.JUnitTestClassExecutor.execute(JUnitTestClassExecutor.java:58)
	at org.gradle.api.internal.tasks.testing.junit.JUnitTestClassExecutor.execute(JUnitTestClassExecutor.java:38)
	at org.gradle.api.internal.tasks.testing.junit.AbstractJUnitTestClassProcessor.processTestClass(AbstractJUnitTestClassProcessor.java:66)
	at org.gradle.api.internal.tasks.testing.SuiteTestClassProcessor.processTestClass(SuiteTestClassProcessor.java:51)
	at java.base/jdk.internal.reflect.NativeMethodAccessorImpl.invoke0(Native Method)
	at java.base/jdk.internal.reflect.NativeMethodAccessorImpl.invoke(NativeMethodAccessorImpl.java:62)
	at java.base/jdk.internal.reflect.DelegatingMethodAccessorImpl.invoke(DelegatingMethodAccessorImpl.java:43)
	at java.base/java.lang.reflect.Method.invoke(Method.java:566)
	at org.gradle.internal.dispatch.ReflectionDispatch.dispatch(ReflectionDispatch.java:35)
	at org.gradle.internal.dispatch.ReflectionDispatch.dispatch(ReflectionDispatch.java:24)
	at org.gradle.internal.dispatch.ContextClassLoaderDispatch.dispatch(ContextClassLoaderDispatch.java:32)
	at org.gradle.internal.dispatch.ProxyDispatchAdapter$DispatchingInvocationHandler.invoke(ProxyDispatchAdapter.java:93)
	at com.sun.proxy.$Proxy2.processTestClass(Unknown Source)
	at org.gradle.api.internal.tasks.testing.worker.TestWorker.processTestClass(TestWorker.java:117)
	at java.base/jdk.internal.reflect.NativeMethodAccessorImpl.invoke0(Native Method)
	at java.base/jdk.internal.reflect.NativeMethodAccessorImpl.invoke(NativeMethodAccessorImpl.java:62)
	at java.base/jdk.internal.reflect.DelegatingMethodAccessorImpl.invoke(DelegatingMethodAccessorImpl.java:43)
	at java.base/java.lang.reflect.Method.invoke(Method.java:566)
	at org.gradle.internal.dispatch.ReflectionDispatch.dispatch(ReflectionDispatch.java:35)
	at org.gradle.internal.dispatch.ReflectionDispatch.dispatch(ReflectionDispatch.java:24)
	at org.gradle.internal.remote.internal.hub.MessageHubBackedObjectConnection$DispatchWrapper.dispatch(MessageHubBackedObjectConnection.java:155)
	at org.gradle.internal.remote.internal.hub.MessageHubBackedObjectConnection$DispatchWrapper.dispatch(MessageHubBackedObjectConnection.java:137)
	at org.gradle.internal.remote.internal.hub.MessageHub$Handler.run(MessageHub.java:404)
	at org.gradle.internal.concurrent.ExecutorPolicy$CatchAndRecordFailures.onExecute(ExecutorPolicy.java:63)
	at org.gradle.internal.concurrent.ManagedExecutorImpl$1.run(ManagedExecutorImpl.java:46)
	at java.base/java.util.concurrent.ThreadPoolExecutor.runWorker(ThreadPoolExecutor.java:1128)
	at java.base/java.util.concurrent.ThreadPoolExecutor$Worker.run(ThreadPoolExecutor.java:628)
	at org.gradle.internal.concurrent.ThreadFactoryImpl$ManagedThreadRunnable.run(ThreadFactoryImpl.java:55)
	at java.base/java.lang.Thread.run(Thread.java:829)
</pre>
</span>
</div>
<div class="test">
<a name="includeTemplateUsingTwoEnvironment"></a>
<h3 class="failures">includeTemplateUsingTwoEnvironment</h3>
<span class="code">
<pre>java.lang.AssertionError
	at org.jgroups.util.Util.assertEquals(Util.java:188)
	at org.jgroups.util.Util.assertEquals(Util.java:193)
	at com.dotcms.enterprise.publishing.remote.bundler.DependencyBundlerTest.includeTemplateUsingTwoEnvironment(DependencyBundlerTest.java:2144)
	at java.base/jdk.internal.reflect.NativeMethodAccessorImpl.invoke0(Native Method)
	at java.base/jdk.internal.reflect.NativeMethodAccessorImpl.invoke(NativeMethodAccessorImpl.java:62)
	at java.base/jdk.internal.reflect.DelegatingMethodAccessorImpl.invoke(DelegatingMethodAccessorImpl.java:43)
	at java.base/java.lang.reflect.Method.invoke(Method.java:566)
	at org.junit.runners.model.FrameworkMethod$1.runReflectiveCall(FrameworkMethod.java:50)
	at org.junit.internal.runners.model.ReflectiveCallable.run(ReflectiveCallable.java:12)
	at org.junit.runners.model.FrameworkMethod.invokeExplosively(FrameworkMethod.java:47)
	at org.junit.internal.runners.statements.InvokeMethod.evaluate(InvokeMethod.java:17)
	at org.junit.internal.runners.statements.RunBefores.evaluate(RunBefores.java:26)
	at org.junit.rules.TestWatcher$1.evaluate(TestWatcher.java:55)
	at org.junit.rules.RunRules.evaluate(RunRules.java:20)
	at org.junit.runners.ParentRunner.runLeaf(ParentRunner.java:325)
	at com.dotcms.junit.CustomDataProviderRunner.runChild(CustomDataProviderRunner.java:28)
	at com.dotcms.junit.CustomDataProviderRunner.runChild(CustomDataProviderRunner.java:13)
	at org.junit.runners.ParentRunner$3.run(ParentRunner.java:290)
	at org.junit.runners.ParentRunner$1.schedule(ParentRunner.java:71)
	at org.junit.runners.ParentRunner.runChildren(ParentRunner.java:288)
	at org.junit.runners.ParentRunner.access$000(ParentRunner.java:58)
	at org.junit.runners.ParentRunner$2.evaluate(ParentRunner.java:268)
	at org.junit.runners.ParentRunner.run(ParentRunner.java:363)
	at com.dotcms.junit.MainBaseSuite$DotRunner.run(MainBaseSuite.java:60)
	at org.junit.runners.Suite.runChild(Suite.java:128)
	at org.junit.runners.Suite.runChild(Suite.java:27)
	at org.junit.runners.ParentRunner$3.run(ParentRunner.java:290)
	at org.junit.runners.ParentRunner$1.schedule(ParentRunner.java:71)
	at org.junit.runners.ParentRunner.runChildren(ParentRunner.java:288)
	at org.junit.runners.ParentRunner.access$000(ParentRunner.java:58)
	at org.junit.runners.ParentRunner$2.evaluate(ParentRunner.java:268)
	at org.junit.runners.ParentRunner.run(ParentRunner.java:363)
	at org.gradle.api.internal.tasks.testing.junit.JUnitTestClassExecutor.runTestClass(JUnitTestClassExecutor.java:106)
	at org.gradle.api.internal.tasks.testing.junit.JUnitTestClassExecutor.execute(JUnitTestClassExecutor.java:58)
	at org.gradle.api.internal.tasks.testing.junit.JUnitTestClassExecutor.execute(JUnitTestClassExecutor.java:38)
	at org.gradle.api.internal.tasks.testing.junit.AbstractJUnitTestClassProcessor.processTestClass(AbstractJUnitTestClassProcessor.java:66)
	at org.gradle.api.internal.tasks.testing.SuiteTestClassProcessor.processTestClass(SuiteTestClassProcessor.java:51)
	at java.base/jdk.internal.reflect.NativeMethodAccessorImpl.invoke0(Native Method)
	at java.base/jdk.internal.reflect.NativeMethodAccessorImpl.invoke(NativeMethodAccessorImpl.java:62)
	at java.base/jdk.internal.reflect.DelegatingMethodAccessorImpl.invoke(DelegatingMethodAccessorImpl.java:43)
	at java.base/java.lang.reflect.Method.invoke(Method.java:566)
	at org.gradle.internal.dispatch.ReflectionDispatch.dispatch(ReflectionDispatch.java:35)
	at org.gradle.internal.dispatch.ReflectionDispatch.dispatch(ReflectionDispatch.java:24)
	at org.gradle.internal.dispatch.ContextClassLoaderDispatch.dispatch(ContextClassLoaderDispatch.java:32)
	at org.gradle.internal.dispatch.ProxyDispatchAdapter$DispatchingInvocationHandler.invoke(ProxyDispatchAdapter.java:93)
	at com.sun.proxy.$Proxy2.processTestClass(Unknown Source)
	at org.gradle.api.internal.tasks.testing.worker.TestWorker.processTestClass(TestWorker.java:117)
	at java.base/jdk.internal.reflect.NativeMethodAccessorImpl.invoke0(Native Method)
	at java.base/jdk.internal.reflect.NativeMethodAccessorImpl.invoke(NativeMethodAccessorImpl.java:62)
	at java.base/jdk.internal.reflect.DelegatingMethodAccessorImpl.invoke(DelegatingMethodAccessorImpl.java:43)
	at java.base/java.lang.reflect.Method.invoke(Method.java:566)
	at org.gradle.internal.dispatch.ReflectionDispatch.dispatch(ReflectionDispatch.java:35)
	at org.gradle.internal.dispatch.ReflectionDispatch.dispatch(ReflectionDispatch.java:24)
	at org.gradle.internal.remote.internal.hub.MessageHubBackedObjectConnection$DispatchWrapper.dispatch(MessageHubBackedObjectConnection.java:155)
	at org.gradle.internal.remote.internal.hub.MessageHubBackedObjectConnection$DispatchWrapper.dispatch(MessageHubBackedObjectConnection.java:137)
	at org.gradle.internal.remote.internal.hub.MessageHub$Handler.run(MessageHub.java:404)
	at org.gradle.internal.concurrent.ExecutorPolicy$CatchAndRecordFailures.onExecute(ExecutorPolicy.java:63)
	at org.gradle.internal.concurrent.ManagedExecutorImpl$1.run(ManagedExecutorImpl.java:46)
	at java.base/java.util.concurrent.ThreadPoolExecutor.runWorker(ThreadPoolExecutor.java:1128)
	at java.base/java.util.concurrent.ThreadPoolExecutor$Worker.run(ThreadPoolExecutor.java:628)
	at org.gradle.internal.concurrent.ThreadFactoryImpl$ManagedThreadRunnable.run(ThreadFactoryImpl.java:55)
	at java.base/java.lang.Thread.run(Thread.java:829)
</pre>
</span>
</div>
</div>
<div id="tab1" class="tab">
<h2>Tests</h2>
<table>
<thead>
<tr>
<th>Test</th>
<th>Duration</th>
<th>Result</th>
</tr>
</thead>
<tr>
<td class="success">addAssetInBundle: Advanced Template with Container and filterDescriptorAllDependencies</td>
<td class="success">0.091s</td>
<td class="success">passed</td>
</tr>
<tr>
<td class="success">addAssetInBundle: Advanced Template with Container and filterDescriptorNotDependencies</td>
<td class="success">0.024s</td>
<td class="success">passed</td>
</tr>
<tr>
<td class="success">addAssetInBundle: Advanced Template with Container and filterDescriptorNotDependenciesRelationship</td>
<td class="success">0.030s</td>
<td class="success">passed</td>
</tr>
<tr>
<td class="success">addAssetInBundle: Advanced Template with Container and filterDescriptorNotRelationship</td>
<td class="success">0.074s</td>
<td class="success">passed</td>
</tr>
<tr>
<td class="success">addAssetInBundle: Advanced Template without Container and filterDescriptorAllDependencies</td>
<td class="success">0.095s</td>
<td class="success">passed</td>
</tr>
<tr>
<td class="success">addAssetInBundle: Advanced Template without Container and filterDescriptorNotDependencies</td>
<td class="success">0.030s</td>
<td class="success">passed</td>
</tr>
<tr>
<td class="success">addAssetInBundle: Advanced Template without Container and filterDescriptorNotDependenciesRelationship</td>
<td class="success">0.038s</td>
<td class="success">passed</td>
</tr>
<tr>
<td class="success">addAssetInBundle: Advanced Template without Container and filterDescriptorNotRelationship</td>
<td class="success">0.104s</td>
<td class="success">passed</td>
</tr>
<tr>
<td class="success">addAssetInBundle: Container with Contenttype and filterDescriptorAllDependencies</td>
<td class="success">0.044s</td>
<td class="success">passed</td>
</tr>
<tr>
<td class="success">addAssetInBundle: Container with Contenttype and filterDescriptorNotDependencies</td>
<td class="success">0.016s</td>
<td class="success">passed</td>
</tr>
<tr>
<td class="success">addAssetInBundle: Container with Contenttype and filterDescriptorNotDependenciesRelationship</td>
<td class="success">0.015s</td>
<td class="success">passed</td>
</tr>
<tr>
<td class="success">addAssetInBundle: Container with Contenttype and filterDescriptorNotRelationship</td>
<td class="success">0.034s</td>
<td class="success">passed</td>
</tr>
<tr>
<td class="success">addAssetInBundle: Container with Third party dependencies</td>
<td class="success">0.049s</td>
<td class="success">passed</td>
</tr>
<tr>
<td class="success">addAssetInBundle: Container without Contenttype and der and filterDescriptorNotDependencies</td>
<td class="success">0.023s</td>
<td class="success">passed</td>
</tr>
<tr>
<td class="success">addAssetInBundle: Container without Contenttype and filterDescriptorAllDependencies</td>
<td class="success">0.061s</td>
<td class="success">passed</td>
</tr>
<tr>
<td class="success">addAssetInBundle: Container without Contenttype and filterDescriptorNotDependenciesRelationship</td>
<td class="success">0.029s</td>
<td class="success">passed</td>
</tr>
<tr>
<td class="success">addAssetInBundle: Container without Contenttype and filterDescriptorNotRelationship</td>
<td class="success">0.062s</td>
<td class="success">passed</td>
</tr>
<tr>
<td class="success">addAssetInBundle: Content Type with folder and third party dependencies</td>
<td class="success">0.039s</td>
<td class="success">passed</td>
</tr>
<tr>
<td class="success">addAssetInBundle: Content Type with third party dependencies</td>
<td class="success">0.044s</td>
<td class="success">passed</td>
</tr>
<tr>
<td class="success">addAssetInBundle: Content with Third Party Dependencies</td>
<td class="success">0.069s</td>
<td class="success">passed</td>
</tr>
<tr>
<td class="success">addAssetInBundle: Content with folder and Third Party Dependencies</td>
<td class="success">0.058s</td>
<td class="success">passed</td>
</tr>
<tr>
<td class="success">addAssetInBundle: Contentlet folder and with filterDescriptorNotDependenciesRelationship</td>
<td class="success">0.026s</td>
<td class="success">passed</td>
</tr>
<tr>
<td class="success">addAssetInBundle: Contentlet folder and with filterDescriptorNotRelationship</td>
<td class="success">0.073s</td>
<td class="success">passed</td>
</tr>
<tr>
<td class="success">addAssetInBundle: Contentlet with Category and filterDescriptorAllDependencies</td>
<td class="success">0.261s</td>
<td class="success">passed</td>
</tr>
<tr>
<td class="success">addAssetInBundle: Contentlet with Category and filterDescriptorNotDependencies</td>
<td class="success">0.035s</td>
<td class="success">passed</td>
</tr>
<tr>
<td class="success">addAssetInBundle: Contentlet with Category and filterDescriptorNotDependenciesRelationship</td>
<td class="success">0.034s</td>
<td class="success">passed</td>
</tr>
<tr>
<td class="success">addAssetInBundle: Contentlet with Category and filterDescriptorNotRelationship</td>
<td class="success">0.072s</td>
<td class="success">passed</td>
</tr>
<tr>
<td class="success">addAssetInBundle: Contentlet with Image and filterDescriptorAllDependencies</td>
<td class="success">0.108s</td>
<td class="success">passed</td>
</tr>
<tr>
<td class="success">addAssetInBundle: Contentlet with Image and filterDescriptorNotDependencies</td>
<td class="success">0.036s</td>
<td class="success">passed</td>
</tr>
<tr>
<td class="success">addAssetInBundle: Contentlet with Image and filterDescriptorNotDependenciesRelationship</td>
<td class="success">0.027s</td>
<td class="success">passed</td>
</tr>
<tr>
<td class="success">addAssetInBundle: Contentlet with Image and filterDescriptorNotRelationship</td>
<td class="success">0.079s</td>
<td class="success">passed</td>
</tr>
<tr>
<td class="failures">addAssetInBundle: Contentlet with Relationship and filterDescriptorAllDependencies</td>
<td class="failures">0.096s</td>
<td class="failures">failed</td>
</tr>
<tr>
<td class="failures">addAssetInBundle: Contentlet with Relationship and filterDescriptorNotDependencies</td>
<td class="failures">0.036s</td>
<td class="failures">failed</td>
</tr>
<tr>
<td class="failures">addAssetInBundle: Contentlet with Relationship and filterDescriptorNotDependenciesRelationship</td>
<td class="failures">0.056s</td>
<td class="failures">failed</td>
</tr>
<tr>
<td class="failures">addAssetInBundle: Contentlet with Relationship and filterDescriptorNotRelationship</td>
<td class="failures">0.089s</td>
<td class="failures">failed</td>
</tr>
<tr>
<td class="success">addAssetInBundle: Contentlet with filterDescriptorAllDependencies</td>
<td class="success">0.092s</td>
<td class="success">passed</td>
</tr>
<tr>
<td class="success">addAssetInBundle: Contentlet with filterDescriptorNotDependencies</td>
<td class="success">0.043s</td>
<td class="success">passed</td>
</tr>
<tr>
<td class="success">addAssetInBundle: Contentlet with filterDescriptorNotDependenciesRelationship</td>
<td class="success">0.031s</td>
<td class="success">passed</td>
</tr>
<tr>
<td class="success">addAssetInBundle: Contentlet with filterDescriptorNotRelationship</td>
<td class="success">0.079s</td>
<td class="success">passed</td>
</tr>
<tr>
<td class="success">addAssetInBundle: Contentlet with folder and filterDescriptorAllDependencies</td>
<td class="success">0.085s</td>
<td class="success">passed</td>
</tr>
<tr>
<td class="success">addAssetInBundle: Contentlet with folder and filterDescriptorNotDependencies</td>
<td class="success">0.029s</td>
<td class="success">passed</td>
</tr>
<tr>
<td class="success">addAssetInBundle: Contentype with Category and filterDescriptorAllDependencies</td>
<td class="success">0.092s</td>
<td class="success">passed</td>
</tr>
<tr>
<td class="success">addAssetInBundle: Contentype with Category and filterDescriptorNotDependencies</td>
<td class="success">0.026s</td>
<td class="success">passed</td>
</tr>
<tr>
<td class="success">addAssetInBundle: Contentype with Category and filterDescriptorNotDependenciesRelationship</td>
<td class="success">0.023s</td>
<td class="success">passed</td>
</tr>
<tr>
<td class="success">addAssetInBundle: Contentype with Category and filterDescriptorNotRelationship</td>
<td class="success">0.086s</td>
<td class="success">passed</td>
</tr>
<tr>
<td class="success">addAssetInBundle: Contentype with Folder and filterDescriptorAllDependencies</td>
<td class="success">0.055s</td>
<td class="success">passed</td>
</tr>
<tr>
<td class="success">addAssetInBundle: Contentype with Folder and filterDescriptorNotDependencies</td>
<td class="success">0.019s</td>
<td class="success">passed</td>
</tr>
<tr>
<td class="success">addAssetInBundle: Contentype with Folder and filterDescriptorNotDependenciesRelationship</td>
<td class="success">0.022s</td>
<td class="success">passed</td>
</tr>
<tr>
<td class="success">addAssetInBundle: Contentype with Folder and filterDescriptorNotRelationship</td>
<td class="success">0.088s</td>
<td class="success">passed</td>
</tr>
<tr>
<td class="success">addAssetInBundle: Contentype with Relationship and filterDescriptorAllDependencies</td>
<td class="success">0.170s</td>
<td class="success">passed</td>
</tr>
<tr>
<td class="success">addAssetInBundle: Contentype with Relationship and filterDescriptorNotDependencies</td>
<td class="success">0.028s</td>
<td class="success">passed</td>
</tr>
<tr>
<td class="success">addAssetInBundle: Contentype with Relationship and filterDescriptorNotDependenciesRelationship</td>
<td class="success">0.029s</td>
<td class="success">passed</td>
</tr>
<tr>
<td class="success">addAssetInBundle: Contentype with Relationship and filterDescriptorNotRelationship</td>
<td class="success">0.087s</td>
<td class="success">passed</td>
</tr>
<tr>
<td class="success">addAssetInBundle: Contentype with Workflow and filterDescriptorAllDependencies</td>
<td class="success">0.059s</td>
<td class="success">passed</td>
</tr>
<tr>
<td class="success">addAssetInBundle: Contentype with Workflow and filterDescriptorNotDependencies</td>
<td class="success">0.029s</td>
<td class="success">passed</td>
</tr>
<tr>
<td class="success">addAssetInBundle: Contentype with Workflow and filterDescriptorNotDependenciesRelationship</td>
<td class="success">0.051s</td>
<td class="success">passed</td>
</tr>
<tr>
<td class="success">addAssetInBundle: Contentype with Workflow and filterDescriptorNotRelationship</td>
<td class="success">0.069s</td>
<td class="success">passed</td>
</tr>
<tr>
<td class="success">addAssetInBundle: Contentype with and filterDescriptorNotRelationship</td>
<td class="success">0.065s</td>
<td class="success">passed</td>
</tr>
<tr>
<td class="success">addAssetInBundle: Contentype with filterDescriptorAllDependencies</td>
<td class="success">0.120s</td>
<td class="success">passed</td>
</tr>
<tr>
<td class="success">addAssetInBundle: Contentype with filterDescriptorNotDependencies</td>
<td class="success">0.018s</td>
<td class="success">passed</td>
</tr>
<tr>
<td class="success">addAssetInBundle: Contentype with filterDescriptorNotDependenciesRelationship</td>
<td class="success">0.024s</td>
<td class="success">passed</td>
</tr>
<tr>
<td class="success">addAssetInBundle: Folder with Content and filterDescriptorAllDependencies</td>
<td class="success">0.127s</td>
<td class="success">passed</td>
</tr>
<tr>
<td class="success">addAssetInBundle: Folder with Content and filterDescriptorNotDependencies</td>
<td class="success">0.040s</td>
<td class="success">passed</td>
</tr>
<tr>
<td class="success">addAssetInBundle: Folder with Content and filterDescriptorNotDependenciesRelationship</td>
<td class="success">0.035s</td>
<td class="success">passed</td>
</tr>
<tr>
<td class="success">addAssetInBundle: Folder with Content and filterDescriptorNotRelationship</td>
<td class="success">0.075s</td>
<td class="success">passed</td>
</tr>
<tr>
<td class="success">addAssetInBundle: Folder with ContentType and filterDescriptorAllDependencies</td>
<td class="success">0.096s</td>
<td class="success">passed</td>
</tr>
<tr>
<td class="success">addAssetInBundle: Folder with ContentType and filterDescriptorNotDependencies</td>
<td class="success">0.020s</td>
<td class="success">passed</td>
</tr>
<tr>
<td class="success">addAssetInBundle: Folder with ContentType and filterDescriptorNotDependenciesRelationship</td>
<td class="success">0.031s</td>
<td class="success">passed</td>
</tr>
<tr>
<td class="success">addAssetInBundle: Folder with ContentType and filterDescriptorNotRelationship</td>
<td class="success">0.105s</td>
<td class="success">passed</td>
</tr>
<tr>
<td class="success">addAssetInBundle: Folder with Link and filterDescriptorAllDependencies</td>
<td class="success">0.126s</td>
<td class="success">passed</td>
</tr>
<tr>
<td class="success">addAssetInBundle: Folder with Link and filterDescriptorNotDependencies</td>
<td class="success">0.027s</td>
<td class="success">passed</td>
</tr>
<tr>
<td class="success">addAssetInBundle: Folder with Link and filterDescriptorNotDependenciesRelationship</td>
<td class="success">0.034s</td>
<td class="success">passed</td>
</tr>
<tr>
<td class="success">addAssetInBundle: Folder with Link and filterDescriptorNotRelationship</td>
<td class="success">0.077s</td>
<td class="success">passed</td>
</tr>
<tr>
<td class="success">addAssetInBundle: Folder with Subfolder and filterDescriptorAllDependencies</td>
<td class="success">0.107s</td>
<td class="success">passed</td>
</tr>
<tr>
<td class="success">addAssetInBundle: Folder with Subfolder and filterDescriptorNotDependencies</td>
<td class="success">0.035s</td>
<td class="success">passed</td>
</tr>
<tr>
<td class="success">addAssetInBundle: Folder with Subfolder and filterDescriptorNotDependenciesRelationship</td>
<td class="success">0.025s</td>
<td class="success">passed</td>
</tr>
<tr>
<td class="success">addAssetInBundle: Folder with Subfolder and filterDescriptorNotRelationship</td>
<td class="success">0.080s</td>
<td class="success">passed</td>
</tr>
<tr>
<td class="success">addAssetInBundle: Folder with filterDescriptorAllDependencies</td>
<td class="success">0.088s</td>
<td class="success">passed</td>
</tr>
<tr>
<td class="success">addAssetInBundle: Folder with filterDescriptorNotDependencies</td>
<td class="success">0.018s</td>
<td class="success">passed</td>
</tr>
<tr>
<td class="success">addAssetInBundle: Folder with filterDescriptorNotDependenciesRelationship</td>
<td class="success">0.034s</td>
<td class="success">passed</td>
</tr>
<tr>
<td class="success">addAssetInBundle: Folder with filterDescriptorNotRelationship</td>
<td class="success">0.052s</td>
<td class="success">passed</td>
</tr>
<tr>
<td class="success">addAssetInBundle: Folder with parent and filterDescriptorAllDependencies</td>
<td class="success">0.078s</td>
<td class="success">passed</td>
</tr>
<tr>
<td class="success">addAssetInBundle: Folder with parent and filterDescriptorNotDependencies</td>
<td class="success">0.022s</td>
<td class="success">passed</td>
</tr>
<tr>
<td class="success">addAssetInBundle: Folder with parent and filterDescriptorNotDependenciesRelationship</td>
<td class="success">0.020s</td>
<td class="success">passed</td>
</tr>
<tr>
<td class="success">addAssetInBundle: Folder with parent and filterDescriptorNotRelationship</td>
<td class="success">0.073s</td>
<td class="success">passed</td>
</tr>
<tr>
<td class="success">addAssetInBundle: Folder with third party</td>
<td class="success">0.125s</td>
<td class="success">passed</td>
</tr>
<tr>
<td class="success">addAssetInBundle: Host with Container and filterDescriptorAllDependencies</td>
<td class="success">0.127s</td>
<td class="success">passed</td>
</tr>
<tr>
<td class="success">addAssetInBundle: Host with Container and filterDescriptorNotDependencies</td>
<td class="success">0.041s</td>
<td class="success">passed</td>
</tr>
<tr>
<td class="success">addAssetInBundle: Host with Container and filterDescriptorNotDependenciesRelationship</td>
<td class="success">0.037s</td>
<td class="success">passed</td>
</tr>
<tr>
<td class="success">addAssetInBundle: Host with Container and filterDescriptorNotRelationship</td>
<td class="success">0.064s</td>
<td class="success">passed</td>
</tr>
<tr>
<td class="failures">addAssetInBundle: Host with Content and filterDescriptorAllDependencies</td>
<td class="failures">0.104s</td>
<td class="failures">failed</td>
</tr>
<tr>
<td class="success">addAssetInBundle: Host with Content andfilterDescriptorNotDependencies</td>
<td class="success">0.052s</td>
<td class="success">passed</td>
</tr>
<tr>
<td class="success">addAssetInBundle: Host with Content andfilterDescriptorNotDependenciesRelationship</td>
<td class="success">0.046s</td>
<td class="success">passed</td>
</tr>
<tr>
<td class="success">addAssetInBundle: Host with Content andfilterDescriptorNotRelationship</td>
<td class="success">0.066s</td>
<td class="success">passed</td>
</tr>
<tr>
<td class="success">addAssetInBundle: Host with Folder and filterDescriptorAllDependencies</td>
<td class="success">0.110s</td>
<td class="success">passed</td>
</tr>
<tr>
<td class="success">addAssetInBundle: Host with Folder and filterDescriptorNotDependencies</td>
<td class="success">0.034s</td>
<td class="success">passed</td>
</tr>
<tr>
<td class="success">addAssetInBundle: Host with Folder and filterDescriptorNotDependenciesRelationship</td>
<td class="success">0.039s</td>
<td class="success">passed</td>
</tr>
<tr>
<td class="success">addAssetInBundle: Host with Folder and filterDescriptorNotRelationship</td>
<td class="success">0.091s</td>
<td class="success">passed</td>
</tr>
<tr>
<td class="success">addAssetInBundle: Host with Rule and filterDescriptorAllDependencies</td>
<td class="success">0.083s</td>
<td class="success">passed</td>
</tr>
<tr>
<td class="success">addAssetInBundle: Host with Rule and filterDescriptorNotDependencies</td>
<td class="success">0.030s</td>
<td class="success">passed</td>
</tr>
<tr>
<td class="success">addAssetInBundle: Host with Rule and filterDescriptorNotDependenciesRelationship</td>
<td class="success">0.026s</td>
<td class="success">passed</td>
</tr>
<tr>
<td class="success">addAssetInBundle: Host with Rule and filterDescriptorNotRelationship</td>
<td class="success">0.054s</td>
<td class="success">passed</td>
</tr>
<tr>
<td class="success">addAssetInBundle: Host with filterDescriptorAllDependencies</td>
<td class="success">0.106s</td>
<td class="success">passed</td>
</tr>
<tr>
<td class="success">addAssetInBundle: Host with filterDescriptorNotDependencies</td>
<td class="success">0.029s</td>
<td class="success">passed</td>
</tr>
<tr>
<td class="success">addAssetInBundle: Host with filterDescriptorNotDependenciesRelationship</td>
<td class="success">0.117s</td>
<td class="success">passed</td>
</tr>
<tr>
<td class="success">addAssetInBundle: Host with filterDescriptorNotRelationship</td>
<td class="success">0.050s</td>
<td class="success">passed</td>
</tr>
<tr>
<td class="success">addAssetInBundle: Host with template and  filterDescriptorNotDependencies</td>
<td class="success">0.042s</td>
<td class="success">passed</td>
</tr>
<tr>
<td class="success">addAssetInBundle: Host with template and  filterDescriptorNotDependenciesRelationship</td>
<td class="success">0.061s</td>
<td class="success">passed</td>
</tr>
<tr>
<td class="success">addAssetInBundle: Host with template and  filterDescriptorNotRelationship</td>
<td class="success">0.085s</td>
<td class="success">passed</td>
</tr>
<tr>
<td class="success">addAssetInBundle: Host with template and filterDescriptorAllDependencies</td>
<td class="success">0.089s</td>
<td class="success">passed</td>
</tr>
<tr>
<td class="success">addAssetInBundle: Language with filterDescriptorAllDependencies</td>
<td class="success">0.052s</td>
<td class="success">passed</td>
</tr>
<tr>
<td class="success">addAssetInBundle: Language with filterDescriptorNotDependencies</td>
<td class="success">0.015s</td>
<td class="success">passed</td>
</tr>
<tr>
<td class="success">addAssetInBundle: Language with filterDescriptorNotDependenciesRelationship</td>
<td class="success">0.011s</td>
<td class="success">passed</td>
</tr>
<tr>
<td class="success">addAssetInBundle: Language with filterDescriptorNotRelationship</td>
<td class="success">0.050s</td>
<td class="success">passed</td>
</tr>
<tr>
<td class="success">addAssetInBundle: Link with filterDescriptorAllDependencies</td>
<td class="success">0.036s</td>
<td class="success">passed</td>
</tr>
<tr>
<td class="success">addAssetInBundle: Link with filterDescriptorNotDependencies</td>
<td class="success">0.013s</td>
<td class="success">passed</td>
</tr>
<tr>
<td class="success">addAssetInBundle: Link with filterDescriptorNotDependenciesRelationship</td>
<td class="success">0.015s</td>
<td class="success">passed</td>
</tr>
<tr>
<td class="success">addAssetInBundle: Link with filterDescriptorNotRelationship</td>
<td class="success">0.036s</td>
<td class="success">passed</td>
</tr>
<tr>
<td class="success">addAssetInBundle: Link with third Party</td>
<td class="success">0.041s</td>
<td class="success">passed</td>
</tr>
<tr>
<td class="success">addAssetInBundle: Page with filterDescriptorAllDependencies</td>
<td class="success">0.129s</td>
<td class="success">passed</td>
</tr>
<tr>
<td class="success">addAssetInBundle: Page with filterDescriptorNotDependencies</td>
<td class="success">0.022s</td>
<td class="success">passed</td>
</tr>
<tr>
<td class="success">addAssetInBundle: Page with filterDescriptorNotDependenciesRelationship</td>
<td class="success">0.024s</td>
<td class="success">passed</td>
</tr>
<tr>
<td class="success">addAssetInBundle: Page with filterDescriptorNotDependenciesRelationship</td>
<td class="success">0.023s</td>
<td class="success">passed</td>
</tr>
<tr>
<td class="success">addAssetInBundle: Page with filterDescriptorNotRelationship</td>
<td class="success">0.073s</td>
<td class="success">passed</td>
</tr>
<tr>
<td class="success">addAssetInBundle: Rule with filterDescriptorAllDependencies</td>
<td class="success">0.055s</td>
<td class="success">passed</td>
</tr>
<tr>
<td class="success">addAssetInBundle: Rule with filterDescriptorNotDependencies</td>
<td class="success">0.014s</td>
<td class="success">passed</td>
</tr>
<tr>
<td class="success">addAssetInBundle: Rule with filterDescriptorNotRelationship</td>
<td class="success">0.073s</td>
<td class="success">passed</td>
</tr>
<tr>
<td class="success">addAssetInBundle: Rule with page and filterDescriptorAllDependencies</td>
<td class="success">0.025s</td>
<td class="success">passed</td>
</tr>
<tr>
<td class="success">addAssetInBundle: Rule with page and filterDescriptorAllDependencies</td>
<td class="success">0.073s</td>
<td class="success">passed</td>
</tr>
<tr>
<td class="success">addAssetInBundle: Rule with page and filterDescriptorAllDependencies</td>
<td class="success">0.013s</td>
<td class="success">passed</td>
</tr>
<tr>
<td class="success">addAssetInBundle: Rule with page and filterDescriptorAllDependencies</td>
<td class="success">0.046s</td>
<td class="success">passed</td>
</tr>
<tr>
<td class="success">addAssetInBundle: Rule with page and third party</td>
<td class="success">0.052s</td>
<td class="success">passed</td>
</tr>
<tr>
<td class="success">addAssetInBundle: Rule with third party</td>
<td class="success">0.037s</td>
<td class="success">passed</td>
</tr>
<tr>
<td class="success">addAssetInBundle: Template with Template Layout and filterDescriptorAllDependencies</td>
<td class="success">0.085s</td>
<td class="success">passed</td>
</tr>
<tr>
<td class="success">addAssetInBundle: Template with Template Layout and filterDescriptorNotDependencies</td>
<td class="success">0.017s</td>
<td class="success">passed</td>
</tr>
<tr>
<td class="success">addAssetInBundle: Template with Template Layout and filterDescriptorNotDependenciesRelationship</td>
<td class="success">0.021s</td>
<td class="success">passed</td>
</tr>
<tr>
<td class="success">addAssetInBundle: Template with Template Layout and filterDescriptorNotRelationship</td>
<td class="success">0.060s</td>
<td class="success">passed</td>
</tr>
<tr>
<td class="success">addAssetInBundle: Template with third party dependencies</td>
<td class="success">0.046s</td>
<td class="success">passed</td>
</tr>
<tr>
<td class="success">addAssetInBundle: WorkflowScheme with filterDescriptorAllDependencies</td>
<td class="success">0.043s</td>
<td class="success">passed</td>
</tr>
<tr>
<td class="success">addAssetInBundle: WorkflowScheme with filterDescriptorNotDependencies</td>
<td class="success">0.015s</td>
<td class="success">passed</td>
</tr>
<tr>
<td class="success">addAssetInBundle: WorkflowScheme with filterDescriptorNotDependenciesRelationship</td>
<td class="success">0.012s</td>
<td class="success">passed</td>
</tr>
<tr>
<td class="success">addAssetInBundle: WorkflowScheme with filterDescriptorNotRelationship</td>
<td class="success">0.046s</td>
<td class="success">passed</td>
</tr>
<tr>
<td class="success">addLanguageVariableTestCaseInBundle</td>
<td class="success">0.103s</td>
<td class="success">passed</td>
</tr>
<tr>
<td class="success">excludeContenletChildAssetByModDate: com.dotcms.enterprise.publishing.remote.bundler.DependencyBundlerTest$ModDateTestData@2f09a72d</td>
<td class="success">1.756s</td>
<td class="success">passed</td>
</tr>
<tr>
<td class="success">excludeContenletChildAssetByModDate: com.dotcms.enterprise.publishing.remote.bundler.DependencyBundlerTest$ModDateTestData@42f26419</td>
<td class="success">2.452s</td>
<td class="success">passed</td>
</tr>
<tr>
<td class="success">excludeContenletChildAssetByModDate: com.dotcms.enterprise.publishing.remote.bundler.DependencyBundlerTest$ModDateTestData@4365495f</td>
<td class="success">2.415s</td>
<td class="success">passed</td>
</tr>
<tr>
<td class="success">excludeContenletChildAssetByModDate: com.dotcms.enterprise.publishing.remote.bundler.DependencyBundlerTest$ModDateTestData@d7ec328</td>
<td class="success">1.681s</td>
<td class="success">passed</td>
</tr>
<tr>
<td class="success">excludeDependenciesWhenAssetExcludeByFilter: com.dotcms.enterprise.publishing.remote.bundler.DependencyBundlerTest$ModDateTestData@2f09a72d</td>
<td class="success">2.202s</td>
<td class="success">passed</td>
</tr>
<tr>
<td class="success">excludeDependenciesWhenAssetExcludeByFilter: com.dotcms.enterprise.publishing.remote.bundler.DependencyBundlerTest$ModDateTestData@42f26419</td>
<td class="success">1.946s</td>
<td class="success">passed</td>
</tr>
<tr>
<td class="success">excludeDependenciesWhenAssetExcludeByFilter: com.dotcms.enterprise.publishing.remote.bundler.DependencyBundlerTest$ModDateTestData@4365495f</td>
<td class="success">1.402s</td>
<td class="success">passed</td>
</tr>
<tr>
<td class="success">excludeDependenciesWhenAssetExcludeByFilter: com.dotcms.enterprise.publishing.remote.bundler.DependencyBundlerTest$ModDateTestData@d7ec328</td>
<td class="success">2.054s</td>
<td class="success">passed</td>
</tr>
<tr>
<td class="success">excludeHTMLDependenciesByModDate: com.dotcms.enterprise.publishing.remote.bundler.DependencyBundlerTest$ModDateTestData@2f09a72d</td>
<td class="success">1.815s</td>
<td class="success">passed</td>
</tr>
<tr>
<td class="success">excludeHTMLDependenciesByModDate: com.dotcms.enterprise.publishing.remote.bundler.DependencyBundlerTest$ModDateTestData@42f26419</td>
<td class="success">2.245s</td>
<td class="success">passed</td>
</tr>
<tr>
<td class="success">excludeHTMLDependenciesByModDate: com.dotcms.enterprise.publishing.remote.bundler.DependencyBundlerTest$ModDateTestData@4365495f</td>
<td class="success">2.345s</td>
<td class="success">passed</td>
</tr>
<tr>
<td class="success">excludeHTMLDependenciesByModDate: com.dotcms.enterprise.publishing.remote.bundler.DependencyBundlerTest$ModDateTestData@d7ec328</td>
<td class="success">2.111s</td>
<td class="success">passed</td>
</tr>
<tr>
<td class="success">includeContenletChildWithSeveralVersionAssetByModDate: com.dotcms.enterprise.publishing.remote.bundler.DependencyBundlerTest$ModDateTestData@2f09a72d</td>
<td class="success">2.852s</td>
<td class="success">passed</td>
</tr>
<tr>
<td class="success">includeContenletChildWithSeveralVersionAssetByModDate: com.dotcms.enterprise.publishing.remote.bundler.DependencyBundlerTest$ModDateTestData@42f26419</td>
<td class="success">2.079s</td>
<td class="success">passed</td>
</tr>
<tr>
<td class="success">includeContenletChildWithSeveralVersionAssetByModDate: com.dotcms.enterprise.publishing.remote.bundler.DependencyBundlerTest$ModDateTestData@4365495f</td>
<td class="success">2.806s</td>
<td class="success">passed</td>
</tr>
<tr>
<td class="success">includeContenletChildWithSeveralVersionAssetByModDate: com.dotcms.enterprise.publishing.remote.bundler.DependencyBundlerTest$ModDateTestData@d7ec328</td>
<td class="success">2.240s</td>
<td class="success">passed</td>
</tr>
<tr>
<td class="success">includeDependenciesEvenWhenAssetExcludeByModDate: com.dotcms.enterprise.publishing.remote.bundler.DependencyBundlerTest$ModDateTestData@2f09a72d</td>
<td class="success">1.845s</td>
<td class="success">passed</td>
</tr>
<tr>
<td class="success">includeDependenciesEvenWhenAssetExcludeByModDate: com.dotcms.enterprise.publishing.remote.bundler.DependencyBundlerTest$ModDateTestData@42f26419</td>
<td class="success">2.143s</td>
<td class="success">passed</td>
</tr>
<tr>
<td class="success">includeDependenciesEvenWhenAssetExcludeByModDate: com.dotcms.enterprise.publishing.remote.bundler.DependencyBundlerTest$ModDateTestData@4365495f</td>
<td class="success">2.100s</td>
<td class="success">passed</td>
</tr>
<tr>
<td class="success">includeDependenciesEvenWhenAssetExcludeByModDate: com.dotcms.enterprise.publishing.remote.bundler.DependencyBundlerTest$ModDateTestData@d7ec328</td>
<td class="success">2.017s</td>
<td class="success">passed</td>
</tr>
<tr>
<td class="success">includeHTMLDependenciesNoMatterModDate: com.dotcms.enterprise.publishing.remote.bundler.DependencyBundlerTest$ModDateTestData@2f09a72d</td>
<td class="success">2.128s</td>
<td class="success">passed</td>
</tr>
<tr>
<td class="success">includeHTMLDependenciesNoMatterModDate: com.dotcms.enterprise.publishing.remote.bundler.DependencyBundlerTest$ModDateTestData@42f26419</td>
<td class="success">1.893s</td>
<td class="success">passed</td>
</tr>
<tr>
<td class="success">includeHTMLDependenciesNoMatterModDate: com.dotcms.enterprise.publishing.remote.bundler.DependencyBundlerTest$ModDateTestData@4365495f</td>
<td class="success">2.379s</td>
<td class="success">passed</td>
</tr>
<tr>
<td class="success">includeHTMLDependenciesNoMatterModDate: com.dotcms.enterprise.publishing.remote.bundler.DependencyBundlerTest$ModDateTestData@d7ec328</td>
<td class="success">2.071s</td>
<td class="success">passed</td>
</tr>
<tr>
<td class="failures">includeTemplateUsingTwoEnvironment</td>
<td class="failures">1.879s</td>
<td class="failures">failed</td>
</tr>
<tr>
<td class="success">notExcludeContenletChildAssetByModDate: com.dotcms.enterprise.publishing.remote.bundler.DependencyBundlerTest$ModDateTestData@2f09a72d</td>
<td class="success">1.993s</td>
<td class="success">passed</td>
</tr>
<tr>
<td class="success">notExcludeContenletChildAssetByModDate: com.dotcms.enterprise.publishing.remote.bundler.DependencyBundlerTest$ModDateTestData@42f26419</td>
<td class="success">2.040s</td>
<td class="success">passed</td>
</tr>
<tr>
<td class="success">notExcludeContenletChildAssetByModDate: com.dotcms.enterprise.publishing.remote.bundler.DependencyBundlerTest$ModDateTestData@4365495f</td>
<td class="success">2.260s</td>
<td class="success">passed</td>
</tr>
<tr>
<td class="success">notExcludeContenletChildAssetByModDate: com.dotcms.enterprise.publishing.remote.bundler.DependencyBundlerTest$ModDateTestData@d7ec328</td>
<td class="success">2.282s</td>
<td class="success">passed</td>
</tr>
</table>
</div>
<div id="tab2" class="tab">
<h2>Standard output</h2>
<span class="code">
<pre>

















































































































































































































































































































































































































































































































































































































































































































































































































































































































































































































































































































































































































































































































































































































































































































































































































































































</pre>
</span>
</div>
</div>
<div id="footer">
<p>
<div>
<label class="hidden" id="label-for-line-wrapping-toggle" for="line-wrapping-toggle">Wrap lines
<input id="line-wrapping-toggle" type="checkbox" autocomplete="off"/>
</label>
</div>Generated by 
<a href="http://www.gradle.org">Gradle 4.10.2</a> at Mar 15, 2022, 6:30:11 PM</p>
</div>
</div>
</body>
</html>
