<!DOCTYPE html>
<html>
<head>
<meta http-equiv="Content-Type" content="text/html; charset=utf-8"/>
<meta http-equiv="x-ua-compatible" content="IE=edge"/>
<title>Test results - Class com.dotcms.publishing.PublisherAPIImplTest</title>
<link href="../css/base-style.css" rel="stylesheet" type="text/css"/>
<link href="../css/style.css" rel="stylesheet" type="text/css"/>
<script src="../js/report.js" type="text/javascript"></script>
</head>
<body>
<div id="content">
<h1>Class com.dotcms.publishing.PublisherAPIImplTest</h1>
<div class="breadcrumbs">
<a href="../index.html">all</a> &gt; 
<a href="../packages/com.dotcms.publishing.html">com.dotcms.publishing</a> &gt; PublisherAPIImplTest</div>
<div id="summary">
<table>
<tr>
<td>
<div class="summaryGroup">
<table>
<tr>
<td>
<div class="infoBox" id="tests">
<div class="counter">40</div>
<p>tests</p>
</div>
</td>
<td>
<div class="infoBox" id="failures">
<div class="counter">3</div>
<p>failures</p>
</div>
</td>
<td>
<div class="infoBox" id="ignored">
<div class="counter">0</div>
<p>ignored</p>
</div>
</td>
<td>
<div class="infoBox" id="duration">
<div class="counter">13.829s</div>
<p>duration</p>
</div>
</td>
</tr>
</table>
</div>
</td>
<td>
<div class="infoBox failures" id="successRate">
<div class="percent">92%</div>
<p>successful</p>
</div>
</td>
</tr>
</table>
</div>
<div id="tabs">
<ul class="tabLinks">
<li>
<a href="#tab0">Failed tests</a>
</li>
<li>
<a href="#tab1">Tests</a>
</li>
<li>
<a href="#tab2">Standard output</a>
</li>
</ul>
<div id="tab0" class="tab">
<h2>Failed tests</h2>
<div class="test">
<a name="generateBundle[0: com.dotcms.publishing.PublisherAPIImplTest$TestAsset@fef71b4]"></a>
<h3 class="failures">generateBundle[0: com.dotcms.publishing.PublisherAPIImplTest$TestAsset@fef71b4]</h3>
<span class="code">
<pre>java.lang.AssertionError: File /custom/assets/bundles/01FY7C4N97A93YRQNKS4WEVFS5/working/System Host/5001aba5a0d884a300e5048065fc8cce.category.dpc.xml, not exists, files: /custom/assets/bundles/01FY7C4N97A93YRQNKS4WEVFS5/b4d7cc90-c548-40f3-ba07-29106eaa92ad.workflow.xml, /custom/assets/bundles/01FY7C4N97A93YRQNKS4WEVFS5/d61a59e1-a49c-46f2-a929-db2b4bfa88b2.workflow.xml, /custom/assets/bundles/01FY7C4N97A93YRQNKS4WEVFS5/live, /custom/assets/bundles/01FY7C4N97A93YRQNKS4WEVFS5/live/System Host, /custom/assets/bundles/01FY7C4N97A93YRQNKS4WEVFS5/live/System Host/1, /custom/assets/bundles/01FY7C4N97A93YRQNKS4WEVFS5/live/System Host/1/0-content.e292a5a9-235b-4f2c-bec5-4148581f94e5.content.xml, /custom/assets/bundles/01FY7C4N97A93YRQNKS4WEVFS5/live/System Host/1/1-content.f54ac3fa-01d8-4ed2-b84e-766904a7c39e.content.xml, /custom/assets/bundles/01FY7C4N97A93YRQNKS4WEVFS5/live/System Host/1/789e2aef0513199293aaf54c7e465748.contentworkflow.xml, /custom/assets/bundles/01FY7C4N97A93YRQNKS4WEVFS5/live/System Host/1/bf2e1198041606ec1fd0958b1818c9b6.contentworkflow.xml, /custom/assets/bundles/01FY7C4N97A93YRQNKS4WEVFS5/live/System Host/1/content.a3b17516-0d4a-4e8a-b06d-c4bc78ad5684.host.xml, /custom/assets/bundles/01FY7C4N97A93YRQNKS4WEVFS5/live/System Host/1/content.ff462f88-d9e1-4d31-b084-b73cb61976d3.host.xml, /custom/assets/bundles/01FY7C4N97A93YRQNKS4WEVFS5/live/System Host/1properties, /custom/assets/bundles/01FY7C4N97A93YRQNKS4WEVFS5/live/System Host/5168343properties, /custom/assets/bundles/01FY7C4N97A93YRQNKS4WEVFS5/live/System Host/en_US.language.xml, /custom/assets/bundles/01FY7C4N97A93YRQNKS4WEVFS5/live/System Host/vr_HU.language.xml, /custom/assets/bundles/01FY7C4N97A93YRQNKS4WEVFS5/live/default, /custom/assets/bundles/01FY7C4N97A93YRQNKS4WEVFS5/live/default/5168343, /custom/assets/bundles/01FY7C4N97A93YRQNKS4WEVFS5/live/default/5168343/0563a36e8e88b691e65db9a8f55d448b.contentworkflow.xml, /custom/assets/bundles/01FY7C4N97A93YRQNKS4WEVFS5/live/default/5168343/2-content.ba1d8248-8ce5-4b28-bbd4-5866801340d3.content.xml, /custom/assets/bundles/01FY7C4N97A93YRQNKS4WEVFS5/manifest.csv, /custom/assets/bundles/01FY7C4N97A93YRQNKS4WEVFS5/working, /custom/assets/bundles/01FY7C4N97A93YRQNKS4WEVFS5/working/System Host, /custom/assets/bundles/01FY7C4N97A93YRQNKS4WEVFS5/working/System Host/1, /custom/assets/bundles/01FY7C4N97A93YRQNKS4WEVFS5/working/System Host/1/content.ff462f88-d9e1-4d31-b084-b73cb61976d3.host.xml, /custom/assets/bundles/01FY7C4N97A93YRQNKS4WEVFS5/working/System Host/f4d7c1b8-2c88-4071-abf1-a5328977b07d.contentType.json, /custom/assets/bundles/01FY7C4N97A93YRQNKS4WEVFS5/working/test1647360618212.dotcms.com, /custom/assets/bundles/01FY7C4N97A93YRQNKS4WEVFS5/working/test1647360618212.dotcms.com/a84446c068d070069b3fc657aa15f1cf.contentType.json, /custom/assets/bundles/01FY7C4N97A93YRQNKS4WEVFS5/working/test1647360618212.dotcms.com/c5cafe91-0504-4014-aa4b-c2b2d8c6bb1b.relationship.xml, /custom/assets/bundles/01FY7C4N97A93YRQNKS4WEVFS5/working/test1647360618212.dotcms.com/e01387022f4f526ef1385e6a8373012e.contentType.json
	at org.junit.Assert.fail(Assert.java:88)
	at org.junit.Assert.assertTrue(Assert.java:41)
	at com.dotcms.test.util.FileTestUtil.assertBundleFile(FileTestUtil.java:242)
	at com.dotcms.test.util.FileTestUtil.assertBundleFile(FileTestUtil.java:154)
	at com.dotcms.publishing.PublisherAPIImplTest.assertBundle(PublisherAPIImplTest.java:723)
	at com.dotcms.publishing.PublisherAPIImplTest.generateBundle(PublisherAPIImplTest.java:480)
	at java.base/jdk.internal.reflect.NativeMethodAccessorImpl.invoke0(Native Method)
	at java.base/jdk.internal.reflect.NativeMethodAccessorImpl.invoke(NativeMethodAccessorImpl.java:62)
	at java.base/jdk.internal.reflect.DelegatingMethodAccessorImpl.invoke(DelegatingMethodAccessorImpl.java:43)
	at java.base/java.lang.reflect.Method.invoke(Method.java:566)
	at org.junit.runners.model.FrameworkMethod$1.runReflectiveCall(FrameworkMethod.java:50)
	at org.junit.internal.runners.model.ReflectiveCallable.run(ReflectiveCallable.java:12)
	at org.junit.runners.model.FrameworkMethod.invokeExplosively(FrameworkMethod.java:47)
	at com.tngtech.java.junit.dataprovider.DataProviderFrameworkMethod.invokeExplosively(DataProviderFrameworkMethod.java:119)
	at org.junit.internal.runners.statements.InvokeMethod.evaluate(InvokeMethod.java:17)
	at org.junit.rules.TestWatcher$1.evaluate(TestWatcher.java:55)
	at org.junit.rules.RunRules.evaluate(RunRules.java:20)
	at org.junit.runners.ParentRunner.runLeaf(ParentRunner.java:325)
	at com.dotcms.junit.CustomDataProviderRunner.runChild(CustomDataProviderRunner.java:28)
	at com.dotcms.junit.CustomDataProviderRunner.runChild(CustomDataProviderRunner.java:13)
	at org.junit.runners.ParentRunner$3.run(ParentRunner.java:290)
	at org.junit.runners.ParentRunner$1.schedule(ParentRunner.java:71)
	at org.junit.runners.ParentRunner.runChildren(ParentRunner.java:288)
	at org.junit.runners.ParentRunner.access$000(ParentRunner.java:58)
	at org.junit.runners.ParentRunner$2.evaluate(ParentRunner.java:268)
	at org.junit.internal.runners.statements.RunBefores.evaluate(RunBefores.java:26)
	at org.junit.internal.runners.statements.RunAfters.evaluate(RunAfters.java:27)
	at org.junit.runners.ParentRunner.run(ParentRunner.java:363)
	at com.dotcms.junit.MainBaseSuite$DotRunner.run(MainBaseSuite.java:60)
	at org.junit.runners.Suite.runChild(Suite.java:128)
	at org.junit.runners.Suite.runChild(Suite.java:27)
	at org.junit.runners.ParentRunner$3.run(ParentRunner.java:290)
	at org.junit.runners.ParentRunner$1.schedule(ParentRunner.java:71)
	at org.junit.runners.ParentRunner.runChildren(ParentRunner.java:288)
	at org.junit.runners.ParentRunner.access$000(ParentRunner.java:58)
	at org.junit.runners.ParentRunner$2.evaluate(ParentRunner.java:268)
	at org.junit.runners.ParentRunner.run(ParentRunner.java:363)
	at org.gradle.api.internal.tasks.testing.junit.JUnitTestClassExecutor.runTestClass(JUnitTestClassExecutor.java:106)
	at org.gradle.api.internal.tasks.testing.junit.JUnitTestClassExecutor.execute(JUnitTestClassExecutor.java:58)
	at org.gradle.api.internal.tasks.testing.junit.JUnitTestClassExecutor.execute(JUnitTestClassExecutor.java:38)
	at org.gradle.api.internal.tasks.testing.junit.AbstractJUnitTestClassProcessor.processTestClass(AbstractJUnitTestClassProcessor.java:66)
	at org.gradle.api.internal.tasks.testing.SuiteTestClassProcessor.processTestClass(SuiteTestClassProcessor.java:51)
	at java.base/jdk.internal.reflect.NativeMethodAccessorImpl.invoke0(Native Method)
	at java.base/jdk.internal.reflect.NativeMethodAccessorImpl.invoke(NativeMethodAccessorImpl.java:62)
	at java.base/jdk.internal.reflect.DelegatingMethodAccessorImpl.invoke(DelegatingMethodAccessorImpl.java:43)
	at java.base/java.lang.reflect.Method.invoke(Method.java:566)
	at org.gradle.internal.dispatch.ReflectionDispatch.dispatch(ReflectionDispatch.java:35)
	at org.gradle.internal.dispatch.ReflectionDispatch.dispatch(ReflectionDispatch.java:24)
	at org.gradle.internal.dispatch.ContextClassLoaderDispatch.dispatch(ContextClassLoaderDispatch.java:32)
	at org.gradle.internal.dispatch.ProxyDispatchAdapter$DispatchingInvocationHandler.invoke(ProxyDispatchAdapter.java:93)
	at com.sun.proxy.$Proxy2.processTestClass(Unknown Source)
	at org.gradle.api.internal.tasks.testing.worker.TestWorker.processTestClass(TestWorker.java:117)
	at java.base/jdk.internal.reflect.NativeMethodAccessorImpl.invoke0(Native Method)
	at java.base/jdk.internal.reflect.NativeMethodAccessorImpl.invoke(NativeMethodAccessorImpl.java:62)
	at java.base/jdk.internal.reflect.DelegatingMethodAccessorImpl.invoke(DelegatingMethodAccessorImpl.java:43)
	at java.base/java.lang.reflect.Method.invoke(Method.java:566)
	at org.gradle.internal.dispatch.ReflectionDispatch.dispatch(ReflectionDispatch.java:35)
	at org.gradle.internal.dispatch.ReflectionDispatch.dispatch(ReflectionDispatch.java:24)
	at org.gradle.internal.remote.internal.hub.MessageHubBackedObjectConnection$DispatchWrapper.dispatch(MessageHubBackedObjectConnection.java:155)
	at org.gradle.internal.remote.internal.hub.MessageHubBackedObjectConnection$DispatchWrapper.dispatch(MessageHubBackedObjectConnection.java:137)
	at org.gradle.internal.remote.internal.hub.MessageHub$Handler.run(MessageHub.java:404)
	at org.gradle.internal.concurrent.ExecutorPolicy$CatchAndRecordFailures.onExecute(ExecutorPolicy.java:63)
	at org.gradle.internal.concurrent.ManagedExecutorImpl$1.run(ManagedExecutorImpl.java:46)
	at java.base/java.util.concurrent.ThreadPoolExecutor.runWorker(ThreadPoolExecutor.java:1128)
	at java.base/java.util.concurrent.ThreadPoolExecutor$Worker.run(ThreadPoolExecutor.java:628)
	at org.gradle.internal.concurrent.ThreadFactoryImpl$ManagedThreadRunnable.run(ThreadFactoryImpl.java:55)
	at java.base/java.lang.Thread.run(Thread.java:829)
</pre>
</span>
</div>
<div class="test">
<a name="generateBundle[4: com.dotcms.publishing.PublisherAPIImplTest$TestAsset@1d5916de]"></a>
<h3 class="failures">generateBundle[4: com.dotcms.publishing.PublisherAPIImplTest$TestAsset@1d5916de]</h3>
<span class="code">
<pre>java.lang.AssertionError: bf2e1198041606ec1fd0958b1818c9b6 -&gt; INCLUDED,contentlet,bf2e1198041606ec1fd0958b1818c9b6,f54ac3fa-01d8-4ed2-b84e-766904a7c39e,testVarname1647362045787.test1647362045786.name,System Host,/,,Added Automatically by dotCMS
9e2f8e02d9d7c73c985536914ab60170 -&gt; INCLUDED,host,9e2f8e02d9d7c73c985536914ab60170,5eb21246-8249-4873-ac9a-7a816ad3e5b2,test1647360622915.dotcms.com,System Host,/,,Added directly by User
cce3c06dc439264ad20e283bf9081828 -&gt; INCLUDED,contentlet,cce3c06dc439264ad20e283bf9081828,10748224-6971-46b2-acd8-b5ee65740cd5,cce3c06dc439264ad20e283bf9081828,test1647360622915.dotcms.com,/,,Dependency from: ID: 9e2f8e02d9d7c73c985536914ab60170 Title: test1647360622915.dotcms.com
5168343 -&gt; INCLUDED,language,5168343,,VROHpBkuIy,,,,Dependency from: ID: 0563a36e8e88b691e65db9a8f55d448b Title: key-exists-as-contentlet94aaf7943c
33888b6f-7a8e-4069-b1b6-5c1aa9d0a48d -&gt; INCLUDED,contenttype,33888b6f-7a8e-4069-b1b6-5c1aa9d0a48d,,File Asset,System Host,/,,Dependency from: ID: 66149e396a6e1d274e4c5cb34c4fe494 Title: testTitle1647360624186
1 -&gt; INCLUDED,language,1,,English,,,,Dependency from: ID: cce3c06dc439264ad20e283bf9081828 Title: cce3c06dc439264ad20e283bf9081828|INCLUDED,language,1,,English,,,,Dependency from: ID: bf2e1198041606ec1fd0958b1818c9b6 Title: testVarname1647362045787.test1647362045786.name|INCLUDED,language,1,,English,,,,Dependency from: ID: 789e2aef0513199293aaf54c7e465748 Title: testVarname1647362044865.test1647362044865.name
789e2aef0513199293aaf54c7e465748 -&gt; INCLUDED,contentlet,789e2aef0513199293aaf54c7e465748,e292a5a9-235b-4f2c-bec5-4148581f94e5,testVarname1647362044865.test1647362044865.name,System Host,/,,Added Automatically by dotCMS
f4d7c1b8-2c88-4071-abf1-a5328977b07d -&gt; INCLUDED,contenttype,f4d7c1b8-2c88-4071-abf1-a5328977b07d,,Language Variable,System Host,/,,Dependency from: ID: 0563a36e8e88b691e65db9a8f55d448b Title: key-exists-as-contentlet94aaf7943c|INCLUDED,contenttype,f4d7c1b8-2c88-4071-abf1-a5328977b07d,,Language Variable,System Host,/,,Dependency from: ID: 5168343 Title: VROHpBkuIy|INCLUDED,contenttype,f4d7c1b8-2c88-4071-abf1-a5328977b07d,,Language Variable,System Host,/,,Dependency from: ID: bf2e1198041606ec1fd0958b1818c9b6 Title: testVarname1647362045787.test1647362045786.name|INCLUDED,contenttype,f4d7c1b8-2c88-4071-abf1-a5328977b07d,,Language Variable,System Host,/,,Dependency from: ID: 1 Title: English|INCLUDED,contenttype,f4d7c1b8-2c88-4071-abf1-a5328977b07d,,Language Variable,System Host,/,,Dependency from: ID: 789e2aef0513199293aaf54c7e465748 Title: testVarname1647362044865.test1647362044865.name|INCLUDED,contenttype,f4d7c1b8-2c88-4071-abf1-a5328977b07d,,Language Variable,System Host,/,,Dependency from: ID: 1 Title: English
2bffb2746081c7a2764fc4d77282a4d8 -&gt; INCLUDED,contenttype,2bffb2746081c7a2764fc4d77282a4d8,,testName1647360624212,test1647360622915.dotcms.com,/,,Dependency from: ID: cce3c06dc439264ad20e283bf9081828 Title: cce3c06dc439264ad20e283bf9081828|INCLUDED,contenttype,2bffb2746081c7a2764fc4d77282a4d8,,testName1647360624212,test1647360622915.dotcms.com,/,,Dependency from: ID: 9e2f8e02d9d7c73c985536914ab60170 Title: test1647360622915.dotcms.com
66149e396a6e1d274e4c5cb34c4fe494 -&gt; INCLUDED,folder,66149e396a6e1d274e4c5cb34c4fe494,66149e396a6e1d274e4c5cb34c4fe494,testTitle1647360624186,test1647360622915.dotcms.com,,,Dependency from: ID: 9e2f8e02d9d7c73c985536914ab60170 Title: test1647360622915.dotcms.com
2964f1af-e9c3-4f43-88f0-f7da10652eec -&gt; INCLUDED,rule,2964f1af-e9c3-4f43-88f0-f7da10652eec,,defaultName,,/,,Dependency from: ID: 9e2f8e02d9d7c73c985536914ab60170 Title: test1647360622915.dotcms.com
8a7d5e23-da1e-420a-b4f0-471e7da8ea2d -&gt; INCLUDED,host,8a7d5e23-da1e-420a-b4f0-471e7da8ea2d,94416448-b40a-4b3b-b752-e00e173abaef,default,System Host,/,,Dependency from: ID: 0563a36e8e88b691e65db9a8f55d448b Title: key-exists-as-contentlet94aaf7943c|INCLUDED,host,8a7d5e23-da1e-420a-b4f0-471e7da8ea2d,e975e91b-e532-4fc6-88c6-f2a2437c3a40,default,System Host,/,,Dependency from: ID: 0563a36e8e88b691e65db9a8f55d448b Title: key-exists-as-contentlet94aaf7943c
d61a59e1-a49c-46f2-a929-db2b4bfa88b2 -&gt; INCLUDED,workflow,d61a59e1-a49c-46f2-a929-db2b4bfa88b2,,System Workflow,,,,Dependency from: ID: f4d7c1b8-2c88-4071-abf1-a5328977b07d Title: Language Variable
ae81a2fcfe0e244a681bdd712fe6dd93 -&gt; INCLUDED,contenttype,ae81a2fcfe0e244a681bdd712fe6dd93,,testName1647360624125,test1647360622915.dotcms.com,/,,Dependency from: ID: 1a6c896851102fba394e1cdc20c9d867 Title: testTitle1647360624167|INCLUDED,contenttype,ae81a2fcfe0e244a681bdd712fe6dd93,,testName1647360624125,test1647360622915.dotcms.com,/,,Dependency from: ID: 9e2f8e02d9d7c73c985536914ab60170 Title: test1647360622915.dotcms.com
0563a36e8e88b691e65db9a8f55d448b -&gt; INCLUDED,contentlet,0563a36e8e88b691e65db9a8f55d448b,ba1d8248-8ce5-4b28-bbd4-5866801340d3,key-exists-as-contentlet94aaf7943c,default,/,,Added Automatically by dotCMS
1a6c896851102fba394e1cdc20c9d867 -&gt; INCLUDED,containers,1a6c896851102fba394e1cdc20c9d867,b1228b78-1dbd-46a3-a1b5-399835deb552,testTitle1647360624167,,,,Dependency from: ID: 9e2f8e02d9d7c73c985536914ab60170 Title: test1647360622915.dotcms.com
38727ffb0f56085b137f6a968fbca5e2 -&gt; INCLUDED,template,38727ffb0f56085b137f6a968fbca5e2,8308ea17-678f-4068-9676-cbe6a7c15d24,testTitle1647360624079,,,,Dependency from: ID: 9e2f8e02d9d7c73c985536914ab60170 Title: test1647360622915.dotcms.com
bc9a1d37-dd2d-4d49-a29d-0c9be740bfaf -&gt; EXCLUDED,folder,bc9a1d37-dd2d-4d49-a29d-0c9be740bfaf,SYSTEM_FOLDER,System folder,System Host,,Excluded System Folder/Host,|EXCLUDED,folder,bc9a1d37-dd2d-4d49-a29d-0c9be740bfaf,SYSTEM_FOLDER,System folder,System Host,,Excluded System Folder/Host,
SYSTEM_HOST -&gt; EXCLUDED,host,SYSTEM_HOST,dbdec5e2-c02b-4cfb-83a9-4a4c4f3b2eb0,System Host,System Host,/,Excluded System Folder/Host,|EXCLUDED,host,SYSTEM_HOST,dbdec5e2-c02b-4cfb-83a9-4a4c4f3b2eb0,System Host,System Host,/,Excluded System Folder/Host, not contain INCLUDED,workflow,d61a59e1-a49c-46f2-a929-db2b4bfa88b2,,System Workflow,,,,Dependency from: ID: ae81a2fcfe0e244a681bdd712fe6dd93 Title: testName1647360624125
	at org.junit.Assert.fail(Assert.java:88)
	at org.junit.Assert.assertTrue(Assert.java:41)
	at com.dotcms.publishing.PublisherAPIImplTest.assertManifestFile(PublisherAPIImplTest.java:585)
	at com.dotcms.publishing.PublisherAPIImplTest.assertManifestFile(PublisherAPIImplTest.java:559)
	at com.dotcms.publishing.PublisherAPIImplTest.generateBundle(PublisherAPIImplTest.java:500)
	at java.base/jdk.internal.reflect.NativeMethodAccessorImpl.invoke0(Native Method)
	at java.base/jdk.internal.reflect.NativeMethodAccessorImpl.invoke(NativeMethodAccessorImpl.java:62)
	at java.base/jdk.internal.reflect.DelegatingMethodAccessorImpl.invoke(DelegatingMethodAccessorImpl.java:43)
	at java.base/java.lang.reflect.Method.invoke(Method.java:566)
	at org.junit.runners.model.FrameworkMethod$1.runReflectiveCall(FrameworkMethod.java:50)
	at org.junit.internal.runners.model.ReflectiveCallable.run(ReflectiveCallable.java:12)
	at org.junit.runners.model.FrameworkMethod.invokeExplosively(FrameworkMethod.java:47)
	at com.tngtech.java.junit.dataprovider.DataProviderFrameworkMethod.invokeExplosively(DataProviderFrameworkMethod.java:119)
	at org.junit.internal.runners.statements.InvokeMethod.evaluate(InvokeMethod.java:17)
	at org.junit.rules.TestWatcher$1.evaluate(TestWatcher.java:55)
	at org.junit.rules.RunRules.evaluate(RunRules.java:20)
	at org.junit.runners.ParentRunner.runLeaf(ParentRunner.java:325)
	at com.dotcms.junit.CustomDataProviderRunner.runChild(CustomDataProviderRunner.java:28)
	at com.dotcms.junit.CustomDataProviderRunner.runChild(CustomDataProviderRunner.java:13)
	at org.junit.runners.ParentRunner$3.run(ParentRunner.java:290)
	at org.junit.runners.ParentRunner$1.schedule(ParentRunner.java:71)
	at org.junit.runners.ParentRunner.runChildren(ParentRunner.java:288)
	at org.junit.runners.ParentRunner.access$000(ParentRunner.java:58)
	at org.junit.runners.ParentRunner$2.evaluate(ParentRunner.java:268)
	at org.junit.internal.runners.statements.RunBefores.evaluate(RunBefores.java:26)
	at org.junit.internal.runners.statements.RunAfters.evaluate(RunAfters.java:27)
	at org.junit.runners.ParentRunner.run(ParentRunner.java:363)
	at com.dotcms.junit.MainBaseSuite$DotRunner.run(MainBaseSuite.java:60)
	at org.junit.runners.Suite.runChild(Suite.java:128)
	at org.junit.runners.Suite.runChild(Suite.java:27)
	at org.junit.runners.ParentRunner$3.run(ParentRunner.java:290)
	at org.junit.runners.ParentRunner$1.schedule(ParentRunner.java:71)
	at org.junit.runners.ParentRunner.runChildren(ParentRunner.java:288)
	at org.junit.runners.ParentRunner.access$000(ParentRunner.java:58)
	at org.junit.runners.ParentRunner$2.evaluate(ParentRunner.java:268)
	at org.junit.runners.ParentRunner.run(ParentRunner.java:363)
	at org.gradle.api.internal.tasks.testing.junit.JUnitTestClassExecutor.runTestClass(JUnitTestClassExecutor.java:106)
	at org.gradle.api.internal.tasks.testing.junit.JUnitTestClassExecutor.execute(JUnitTestClassExecutor.java:58)
	at org.gradle.api.internal.tasks.testing.junit.JUnitTestClassExecutor.execute(JUnitTestClassExecutor.java:38)
	at org.gradle.api.internal.tasks.testing.junit.AbstractJUnitTestClassProcessor.processTestClass(AbstractJUnitTestClassProcessor.java:66)
	at org.gradle.api.internal.tasks.testing.SuiteTestClassProcessor.processTestClass(SuiteTestClassProcessor.java:51)
	at java.base/jdk.internal.reflect.NativeMethodAccessorImpl.invoke0(Native Method)
	at java.base/jdk.internal.reflect.NativeMethodAccessorImpl.invoke(NativeMethodAccessorImpl.java:62)
	at java.base/jdk.internal.reflect.DelegatingMethodAccessorImpl.invoke(DelegatingMethodAccessorImpl.java:43)
	at java.base/java.lang.reflect.Method.invoke(Method.java:566)
	at org.gradle.internal.dispatch.ReflectionDispatch.dispatch(ReflectionDispatch.java:35)
	at org.gradle.internal.dispatch.ReflectionDispatch.dispatch(ReflectionDispatch.java:24)
	at org.gradle.internal.dispatch.ContextClassLoaderDispatch.dispatch(ContextClassLoaderDispatch.java:32)
	at org.gradle.internal.dispatch.ProxyDispatchAdapter$DispatchingInvocationHandler.invoke(ProxyDispatchAdapter.java:93)
	at com.sun.proxy.$Proxy2.processTestClass(Unknown Source)
	at org.gradle.api.internal.tasks.testing.worker.TestWorker.processTestClass(TestWorker.java:117)
	at java.base/jdk.internal.reflect.NativeMethodAccessorImpl.invoke0(Native Method)
	at java.base/jdk.internal.reflect.NativeMethodAccessorImpl.invoke(NativeMethodAccessorImpl.java:62)
	at java.base/jdk.internal.reflect.DelegatingMethodAccessorImpl.invoke(DelegatingMethodAccessorImpl.java:43)
	at java.base/java.lang.reflect.Method.invoke(Method.java:566)
	at org.gradle.internal.dispatch.ReflectionDispatch.dispatch(ReflectionDispatch.java:35)
	at org.gradle.internal.dispatch.ReflectionDispatch.dispatch(ReflectionDispatch.java:24)
	at org.gradle.internal.remote.internal.hub.MessageHubBackedObjectConnection$DispatchWrapper.dispatch(MessageHubBackedObjectConnection.java:155)
	at org.gradle.internal.remote.internal.hub.MessageHubBackedObjectConnection$DispatchWrapper.dispatch(MessageHubBackedObjectConnection.java:137)
	at org.gradle.internal.remote.internal.hub.MessageHub$Handler.run(MessageHub.java:404)
	at org.gradle.internal.concurrent.ExecutorPolicy$CatchAndRecordFailures.onExecute(ExecutorPolicy.java:63)
	at org.gradle.internal.concurrent.ManagedExecutorImpl$1.run(ManagedExecutorImpl.java:46)
	at java.base/java.util.concurrent.ThreadPoolExecutor.runWorker(ThreadPoolExecutor.java:1128)
	at java.base/java.util.concurrent.ThreadPoolExecutor$Worker.run(ThreadPoolExecutor.java:628)
	at org.gradle.internal.concurrent.ThreadFactoryImpl$ManagedThreadRunnable.run(ThreadFactoryImpl.java:55)
	at java.base/java.lang.Thread.run(Thread.java:829)
</pre>
</span>
</div>
<div class="test">
<a name="sendPushPublishBundle[0: com.dotcms.publishing.PublisherAPIImplTest$TestAsset@fef71b4]"></a>
<h3 class="failures">sendPushPublishBundle[0: com.dotcms.publishing.PublisherAPIImplTest$TestAsset@fef71b4]</h3>
<span class="code">
<pre>java.lang.AssertionError: File /custom/assets/bundles/01FY7C4HR1PTT7F8DZGEBQ6Z1R/working/System Host/5001aba5a0d884a300e5048065fc8cce.category.dpc.xml, not exists, files: /custom/assets/bundles/01FY7C4HR1PTT7F8DZGEBQ6Z1R/b4d7cc90-c548-40f3-ba07-29106eaa92ad.workflow.xml, /custom/assets/bundles/01FY7C4HR1PTT7F8DZGEBQ6Z1R/d61a59e1-a49c-46f2-a929-db2b4bfa88b2.workflow.xml, /custom/assets/bundles/01FY7C4HR1PTT7F8DZGEBQ6Z1R/live, /custom/assets/bundles/01FY7C4HR1PTT7F8DZGEBQ6Z1R/live/System Host, /custom/assets/bundles/01FY7C4HR1PTT7F8DZGEBQ6Z1R/live/System Host/1, /custom/assets/bundles/01FY7C4HR1PTT7F8DZGEBQ6Z1R/live/System Host/1/0-content.e292a5a9-235b-4f2c-bec5-4148581f94e5.content.xml, /custom/assets/bundles/01FY7C4HR1PTT7F8DZGEBQ6Z1R/live/System Host/1/1-content.f54ac3fa-01d8-4ed2-b84e-766904a7c39e.content.xml, /custom/assets/bundles/01FY7C4HR1PTT7F8DZGEBQ6Z1R/live/System Host/1/789e2aef0513199293aaf54c7e465748.contentworkflow.xml, /custom/assets/bundles/01FY7C4HR1PTT7F8DZGEBQ6Z1R/live/System Host/1/bf2e1198041606ec1fd0958b1818c9b6.contentworkflow.xml, /custom/assets/bundles/01FY7C4HR1PTT7F8DZGEBQ6Z1R/live/System Host/1/content.a3b17516-0d4a-4e8a-b06d-c4bc78ad5684.host.xml, /custom/assets/bundles/01FY7C4HR1PTT7F8DZGEBQ6Z1R/live/System Host/1/content.ff462f88-d9e1-4d31-b084-b73cb61976d3.host.xml, /custom/assets/bundles/01FY7C4HR1PTT7F8DZGEBQ6Z1R/live/System Host/1properties, /custom/assets/bundles/01FY7C4HR1PTT7F8DZGEBQ6Z1R/live/System Host/5168343properties, /custom/assets/bundles/01FY7C4HR1PTT7F8DZGEBQ6Z1R/live/System Host/en_US.language.xml, /custom/assets/bundles/01FY7C4HR1PTT7F8DZGEBQ6Z1R/live/System Host/vr_HU.language.xml, /custom/assets/bundles/01FY7C4HR1PTT7F8DZGEBQ6Z1R/live/default, /custom/assets/bundles/01FY7C4HR1PTT7F8DZGEBQ6Z1R/live/default/5168343, /custom/assets/bundles/01FY7C4HR1PTT7F8DZGEBQ6Z1R/live/default/5168343/0563a36e8e88b691e65db9a8f55d448b.contentworkflow.xml, /custom/assets/bundles/01FY7C4HR1PTT7F8DZGEBQ6Z1R/live/default/5168343/2-content.ba1d8248-8ce5-4b28-bbd4-5866801340d3.content.xml, /custom/assets/bundles/01FY7C4HR1PTT7F8DZGEBQ6Z1R/manifest.csv, /custom/assets/bundles/01FY7C4HR1PTT7F8DZGEBQ6Z1R/working, /custom/assets/bundles/01FY7C4HR1PTT7F8DZGEBQ6Z1R/working/System Host, /custom/assets/bundles/01FY7C4HR1PTT7F8DZGEBQ6Z1R/working/System Host/1, /custom/assets/bundles/01FY7C4HR1PTT7F8DZGEBQ6Z1R/working/System Host/1/content.ff462f88-d9e1-4d31-b084-b73cb61976d3.host.xml, /custom/assets/bundles/01FY7C4HR1PTT7F8DZGEBQ6Z1R/working/System Host/f4d7c1b8-2c88-4071-abf1-a5328977b07d.contentType.json, /custom/assets/bundles/01FY7C4HR1PTT7F8DZGEBQ6Z1R/working/test1647360618212.dotcms.com, /custom/assets/bundles/01FY7C4HR1PTT7F8DZGEBQ6Z1R/working/test1647360618212.dotcms.com/a84446c068d070069b3fc657aa15f1cf.contentType.json, /custom/assets/bundles/01FY7C4HR1PTT7F8DZGEBQ6Z1R/working/test1647360618212.dotcms.com/c5cafe91-0504-4014-aa4b-c2b2d8c6bb1b.relationship.xml, /custom/assets/bundles/01FY7C4HR1PTT7F8DZGEBQ6Z1R/working/test1647360618212.dotcms.com/e01387022f4f526ef1385e6a8373012e.contentType.json
	at org.junit.Assert.fail(Assert.java:88)
	at org.junit.Assert.assertTrue(Assert.java:41)
	at com.dotcms.test.util.FileTestUtil.assertBundleFile(FileTestUtil.java:242)
	at com.dotcms.test.util.FileTestUtil.assertBundleFile(FileTestUtil.java:154)
	at com.dotcms.publishing.PublisherAPIImplTest.assertBundle(PublisherAPIImplTest.java:723)
	at com.dotcms.publishing.PublisherAPIImplTest.sendPushPublishBundle(PublisherAPIImplTest.java:664)
	at java.base/jdk.internal.reflect.NativeMethodAccessorImpl.invoke0(Native Method)
	at java.base/jdk.internal.reflect.NativeMethodAccessorImpl.invoke(NativeMethodAccessorImpl.java:62)
	at java.base/jdk.internal.reflect.DelegatingMethodAccessorImpl.invoke(DelegatingMethodAccessorImpl.java:43)
	at java.base/java.lang.reflect.Method.invoke(Method.java:566)
	at org.junit.runners.model.FrameworkMethod$1.runReflectiveCall(FrameworkMethod.java:50)
	at org.junit.internal.runners.model.ReflectiveCallable.run(ReflectiveCallable.java:12)
	at org.junit.runners.model.FrameworkMethod.invokeExplosively(FrameworkMethod.java:47)
	at com.tngtech.java.junit.dataprovider.DataProviderFrameworkMethod.invokeExplosively(DataProviderFrameworkMethod.java:119)
	at org.junit.internal.runners.statements.InvokeMethod.evaluate(InvokeMethod.java:17)
	at org.junit.rules.TestWatcher$1.evaluate(TestWatcher.java:55)
	at org.junit.rules.RunRules.evaluate(RunRules.java:20)
	at org.junit.runners.ParentRunner.runLeaf(ParentRunner.java:325)
	at com.dotcms.junit.CustomDataProviderRunner.runChild(CustomDataProviderRunner.java:28)
	at com.dotcms.junit.CustomDataProviderRunner.runChild(CustomDataProviderRunner.java:13)
	at org.junit.runners.ParentRunner$3.run(ParentRunner.java:290)
	at org.junit.runners.ParentRunner$1.schedule(ParentRunner.java:71)
	at org.junit.runners.ParentRunner.runChildren(ParentRunner.java:288)
	at org.junit.runners.ParentRunner.access$000(ParentRunner.java:58)
	at org.junit.runners.ParentRunner$2.evaluate(ParentRunner.java:268)
	at org.junit.internal.runners.statements.RunBefores.evaluate(RunBefores.java:26)
	at org.junit.internal.runners.statements.RunAfters.evaluate(RunAfters.java:27)
	at org.junit.runners.ParentRunner.run(ParentRunner.java:363)
	at com.dotcms.junit.MainBaseSuite$DotRunner.run(MainBaseSuite.java:60)
	at org.junit.runners.Suite.runChild(Suite.java:128)
	at org.junit.runners.Suite.runChild(Suite.java:27)
	at org.junit.runners.ParentRunner$3.run(ParentRunner.java:290)
	at org.junit.runners.ParentRunner$1.schedule(ParentRunner.java:71)
	at org.junit.runners.ParentRunner.runChildren(ParentRunner.java:288)
	at org.junit.runners.ParentRunner.access$000(ParentRunner.java:58)
	at org.junit.runners.ParentRunner$2.evaluate(ParentRunner.java:268)
	at org.junit.runners.ParentRunner.run(ParentRunner.java:363)
	at org.gradle.api.internal.tasks.testing.junit.JUnitTestClassExecutor.runTestClass(JUnitTestClassExecutor.java:106)
	at org.gradle.api.internal.tasks.testing.junit.JUnitTestClassExecutor.execute(JUnitTestClassExecutor.java:58)
	at org.gradle.api.internal.tasks.testing.junit.JUnitTestClassExecutor.execute(JUnitTestClassExecutor.java:38)
	at org.gradle.api.internal.tasks.testing.junit.AbstractJUnitTestClassProcessor.processTestClass(AbstractJUnitTestClassProcessor.java:66)
	at org.gradle.api.internal.tasks.testing.SuiteTestClassProcessor.processTestClass(SuiteTestClassProcessor.java:51)
	at java.base/jdk.internal.reflect.NativeMethodAccessorImpl.invoke0(Native Method)
	at java.base/jdk.internal.reflect.NativeMethodAccessorImpl.invoke(NativeMethodAccessorImpl.java:62)
	at java.base/jdk.internal.reflect.DelegatingMethodAccessorImpl.invoke(DelegatingMethodAccessorImpl.java:43)
	at java.base/java.lang.reflect.Method.invoke(Method.java:566)
	at org.gradle.internal.dispatch.ReflectionDispatch.dispatch(ReflectionDispatch.java:35)
	at org.gradle.internal.dispatch.ReflectionDispatch.dispatch(ReflectionDispatch.java:24)
	at org.gradle.internal.dispatch.ContextClassLoaderDispatch.dispatch(ContextClassLoaderDispatch.java:32)
	at org.gradle.internal.dispatch.ProxyDispatchAdapter$DispatchingInvocationHandler.invoke(ProxyDispatchAdapter.java:93)
	at com.sun.proxy.$Proxy2.processTestClass(Unknown Source)
	at org.gradle.api.internal.tasks.testing.worker.TestWorker.processTestClass(TestWorker.java:117)
	at java.base/jdk.internal.reflect.NativeMethodAccessorImpl.invoke0(Native Method)
	at java.base/jdk.internal.reflect.NativeMethodAccessorImpl.invoke(NativeMethodAccessorImpl.java:62)
	at java.base/jdk.internal.reflect.DelegatingMethodAccessorImpl.invoke(DelegatingMethodAccessorImpl.java:43)
	at java.base/java.lang.reflect.Method.invoke(Method.java:566)
	at org.gradle.internal.dispatch.ReflectionDispatch.dispatch(ReflectionDispatch.java:35)
	at org.gradle.internal.dispatch.ReflectionDispatch.dispatch(ReflectionDispatch.java:24)
	at org.gradle.internal.remote.internal.hub.MessageHubBackedObjectConnection$DispatchWrapper.dispatch(MessageHubBackedObjectConnection.java:155)
	at org.gradle.internal.remote.internal.hub.MessageHubBackedObjectConnection$DispatchWrapper.dispatch(MessageHubBackedObjectConnection.java:137)
	at org.gradle.internal.remote.internal.hub.MessageHub$Handler.run(MessageHub.java:404)
	at org.gradle.internal.concurrent.ExecutorPolicy$CatchAndRecordFailures.onExecute(ExecutorPolicy.java:63)
	at org.gradle.internal.concurrent.ManagedExecutorImpl$1.run(ManagedExecutorImpl.java:46)
	at java.base/java.util.concurrent.ThreadPoolExecutor.runWorker(ThreadPoolExecutor.java:1128)
	at java.base/java.util.concurrent.ThreadPoolExecutor$Worker.run(ThreadPoolExecutor.java:628)
	at org.gradle.internal.concurrent.ThreadFactoryImpl$ManagedThreadRunnable.run(ThreadFactoryImpl.java:55)
	at java.base/java.lang.Thread.run(Thread.java:829)
</pre>
</span>
</div>
</div>
<div id="tab1" class="tab">
<h2>Tests</h2>
<table>
<thead>
<tr>
<th>Test</th>
<th>Duration</th>
<th>Result</th>
</tr>
</thead>
<tr>
<td class="failures">generateBundle[0: com.dotcms.publishing.PublisherAPIImplTest$TestAsset@fef71b4]</td>
<td class="failures">0.158s</td>
<td class="failures">failed</td>
</tr>
<tr>
<td class="success">generateBundle[0: com.dotcms.publishing.PublisherAPIImplTest$TestAsset@fef71b4]</td>
<td class="success">0.245s</td>
<td class="success">passed</td>
</tr>
<tr>
<td class="success">generateBundle[1: com.dotcms.publishing.PublisherAPIImplTest$TestAsset@584e3068]</td>
<td class="success">0.202s</td>
<td class="success">passed</td>
</tr>
<tr>
<td class="success">generateBundle[1: com.dotcms.publishing.PublisherAPIImplTest$TestAsset@584e3068]</td>
<td class="success">0.179s</td>
<td class="success">passed</td>
</tr>
<tr>
<td class="success">generateBundle[2: com.dotcms.publishing.PublisherAPIImplTest$TestAsset@e5c882d]</td>
<td class="success">0.176s</td>
<td class="success">passed</td>
</tr>
<tr>
<td class="success">generateBundle[2: com.dotcms.publishing.PublisherAPIImplTest$TestAsset@e5c882d]</td>
<td class="success">0.169s</td>
<td class="success">passed</td>
</tr>
<tr>
<td class="success">generateBundle[3: com.dotcms.publishing.PublisherAPIImplTest$TestAsset@69cfb882]</td>
<td class="success">0.429s</td>
<td class="success">passed</td>
</tr>
<tr>
<td class="success">generateBundle[3: com.dotcms.publishing.PublisherAPIImplTest$TestAsset@69cfb882]</td>
<td class="success">0.257s</td>
<td class="success">passed</td>
</tr>
<tr>
<td class="success">generateBundle[4: com.dotcms.publishing.PublisherAPIImplTest$TestAsset@1d5916de]</td>
<td class="success">0.322s</td>
<td class="success">passed</td>
</tr>
<tr>
<td class="failures">generateBundle[4: com.dotcms.publishing.PublisherAPIImplTest$TestAsset@1d5916de]</td>
<td class="failures">0.270s</td>
<td class="failures">failed</td>
</tr>
<tr>
<td class="success">generateBundle[5: com.dotcms.publishing.PublisherAPIImplTest$TestAsset@34bda86d]</td>
<td class="success">0.256s</td>
<td class="success">passed</td>
</tr>
<tr>
<td class="success">generateBundle[5: com.dotcms.publishing.PublisherAPIImplTest$TestAsset@34bda86d]</td>
<td class="success">0.333s</td>
<td class="success">passed</td>
</tr>
<tr>
<td class="success">generateBundle[6: com.dotcms.publishing.PublisherAPIImplTest$TestAsset@5eca5337]</td>
<td class="success">0.269s</td>
<td class="success">passed</td>
</tr>
<tr>
<td class="success">generateBundle[6: com.dotcms.publishing.PublisherAPIImplTest$TestAsset@5eca5337]</td>
<td class="success">0.192s</td>
<td class="success">passed</td>
</tr>
<tr>
<td class="success">generateBundle[7: com.dotcms.publishing.PublisherAPIImplTest$TestAsset@4a55fbc4]</td>
<td class="success">0.230s</td>
<td class="success">passed</td>
</tr>
<tr>
<td class="success">generateBundle[7: com.dotcms.publishing.PublisherAPIImplTest$TestAsset@4a55fbc4]</td>
<td class="success">0.299s</td>
<td class="success">passed</td>
</tr>
<tr>
<td class="success">generateBundle[8: com.dotcms.publishing.PublisherAPIImplTest$TestAsset@1f6febb6]</td>
<td class="success">0.101s</td>
<td class="success">passed</td>
</tr>
<tr>
<td class="success">generateBundle[8: com.dotcms.publishing.PublisherAPIImplTest$TestAsset@1f6febb6]</td>
<td class="success">0.092s</td>
<td class="success">passed</td>
</tr>
<tr>
<td class="success">generateBundle[9: com.dotcms.publishing.PublisherAPIImplTest$TestAsset@4648d6f6]</td>
<td class="success">0.208s</td>
<td class="success">passed</td>
</tr>
<tr>
<td class="success">generateBundle[9: com.dotcms.publishing.PublisherAPIImplTest$TestAsset@4648d6f6]</td>
<td class="success">0.245s</td>
<td class="success">passed</td>
</tr>
<tr>
<td class="failures">sendPushPublishBundle[0: com.dotcms.publishing.PublisherAPIImplTest$TestAsset@fef71b4]</td>
<td class="failures">0.400s</td>
<td class="failures">failed</td>
</tr>
<tr>
<td class="success">sendPushPublishBundle[0: com.dotcms.publishing.PublisherAPIImplTest$TestAsset@fef71b4]</td>
<td class="success">0.966s</td>
<td class="success">passed</td>
</tr>
<tr>
<td class="success">sendPushPublishBundle[1: com.dotcms.publishing.PublisherAPIImplTest$TestAsset@584e3068]</td>
<td class="success">0.484s</td>
<td class="success">passed</td>
</tr>
<tr>
<td class="success">sendPushPublishBundle[1: com.dotcms.publishing.PublisherAPIImplTest$TestAsset@584e3068]</td>
<td class="success">0.413s</td>
<td class="success">passed</td>
</tr>
<tr>
<td class="success">sendPushPublishBundle[2: com.dotcms.publishing.PublisherAPIImplTest$TestAsset@e5c882d]</td>
<td class="success">0.327s</td>
<td class="success">passed</td>
</tr>
<tr>
<td class="success">sendPushPublishBundle[2: com.dotcms.publishing.PublisherAPIImplTest$TestAsset@e5c882d]</td>
<td class="success">0.581s</td>
<td class="success">passed</td>
</tr>
<tr>
<td class="success">sendPushPublishBundle[3: com.dotcms.publishing.PublisherAPIImplTest$TestAsset@69cfb882]</td>
<td class="success">0.520s</td>
<td class="success">passed</td>
</tr>
<tr>
<td class="success">sendPushPublishBundle[3: com.dotcms.publishing.PublisherAPIImplTest$TestAsset@69cfb882]</td>
<td class="success">0.741s</td>
<td class="success">passed</td>
</tr>
<tr>
<td class="success">sendPushPublishBundle[4: com.dotcms.publishing.PublisherAPIImplTest$TestAsset@1d5916de]</td>
<td class="success">0.698s</td>
<td class="success">passed</td>
</tr>
<tr>
<td class="success">sendPushPublishBundle[4: com.dotcms.publishing.PublisherAPIImplTest$TestAsset@1d5916de]</td>
<td class="success">0.546s</td>
<td class="success">passed</td>
</tr>
<tr>
<td class="success">sendPushPublishBundle[5: com.dotcms.publishing.PublisherAPIImplTest$TestAsset@34bda86d]</td>
<td class="success">0.326s</td>
<td class="success">passed</td>
</tr>
<tr>
<td class="success">sendPushPublishBundle[5: com.dotcms.publishing.PublisherAPIImplTest$TestAsset@34bda86d]</td>
<td class="success">0.516s</td>
<td class="success">passed</td>
</tr>
<tr>
<td class="success">sendPushPublishBundle[6: com.dotcms.publishing.PublisherAPIImplTest$TestAsset@5eca5337]</td>
<td class="success">0.282s</td>
<td class="success">passed</td>
</tr>
<tr>
<td class="success">sendPushPublishBundle[6: com.dotcms.publishing.PublisherAPIImplTest$TestAsset@5eca5337]</td>
<td class="success">0.557s</td>
<td class="success">passed</td>
</tr>
<tr>
<td class="success">sendPushPublishBundle[7: com.dotcms.publishing.PublisherAPIImplTest$TestAsset@4a55fbc4]</td>
<td class="success">0.402s</td>
<td class="success">passed</td>
</tr>
<tr>
<td class="success">sendPushPublishBundle[7: com.dotcms.publishing.PublisherAPIImplTest$TestAsset@4a55fbc4]</td>
<td class="success">0.276s</td>
<td class="success">passed</td>
</tr>
<tr>
<td class="success">sendPushPublishBundle[8: com.dotcms.publishing.PublisherAPIImplTest$TestAsset@1f6febb6]</td>
<td class="success">0.201s</td>
<td class="success">passed</td>
</tr>
<tr>
<td class="success">sendPushPublishBundle[8: com.dotcms.publishing.PublisherAPIImplTest$TestAsset@1f6febb6]</td>
<td class="success">0.227s</td>
<td class="success">passed</td>
</tr>
<tr>
<td class="success">sendPushPublishBundle[9: com.dotcms.publishing.PublisherAPIImplTest$TestAsset@4648d6f6]</td>
<td class="success">0.350s</td>
<td class="success">passed</td>
</tr>
<tr>
<td class="success">sendPushPublishBundle[9: com.dotcms.publishing.PublisherAPIImplTest$TestAsset@4648d6f6]</td>
<td class="success">0.384s</td>
<td class="success">passed</td>
</tr>
</table>
</div>
<div id="tab2" class="tab">
<h2>Standard output</h2>
<span class="code">
<pre>























































































































































































































































































































































</pre>
</span>
</div>
</div>
<div id="footer">
<p>
<div>
<label class="hidden" id="label-for-line-wrapping-toggle" for="line-wrapping-toggle">Wrap lines
<input id="line-wrapping-toggle" type="checkbox" autocomplete="off"/>
</label>
</div>Generated by 
<a href="http://www.gradle.org">Gradle 4.10.2</a> at Mar 15, 2022, 6:06:32 PM</p>
</div>
</div>
</body>
</html>
