<!DOCTYPE html>
<html>
<head>
<meta http-equiv="Content-Type" content="text/html; charset=utf-8"/>
<meta http-equiv="x-ua-compatible" content="IE=edge"/>
<title>Test results - Class com.dotcms.publishing.PublisherAPIImplTest</title>
<link href="../css/base-style.css" rel="stylesheet" type="text/css"/>
<link href="../css/style.css" rel="stylesheet" type="text/css"/>
<script src="../js/report.js" type="text/javascript"></script>
</head>
<body>
<div id="content">
<h1>Class com.dotcms.publishing.PublisherAPIImplTest</h1>
<div class="breadcrumbs">
<a href="../index.html">all</a> &gt; 
<a href="../packages/com.dotcms.publishing.html">com.dotcms.publishing</a> &gt; PublisherAPIImplTest</div>
<div id="summary">
<table>
<tr>
<td>
<div class="summaryGroup">
<table>
<tr>
<td>
<div class="infoBox" id="tests">
<div class="counter">40</div>
<p>tests</p>
</div>
</td>
<td>
<div class="infoBox" id="failures">
<div class="counter">3</div>
<p>failures</p>
</div>
</td>
<td>
<div class="infoBox" id="ignored">
<div class="counter">0</div>
<p>ignored</p>
</div>
</td>
<td>
<div class="infoBox" id="duration">
<div class="counter">8.502s</div>
<p>duration</p>
</div>
</td>
</tr>
</table>
</div>
</td>
<td>
<div class="infoBox failures" id="successRate">
<div class="percent">92%</div>
<p>successful</p>
</div>
</td>
</tr>
</table>
</div>
<div id="tabs">
<ul class="tabLinks">
<li>
<a href="#tab0">Failed tests</a>
</li>
<li>
<a href="#tab1">Tests</a>
</li>
<li>
<a href="#tab2">Standard output</a>
</li>
</ul>
<div id="tab0" class="tab">
<h2>Failed tests</h2>
<div class="test">
<a name="generateBundle[0: com.dotcms.publishing.PublisherAPIImplTest$TestAsset@2fcead66]"></a>
<h3 class="failures">generateBundle[0: com.dotcms.publishing.PublisherAPIImplTest$TestAsset@2fcead66]</h3>
<span class="code">
<pre>java.lang.AssertionError: File /custom/assets/bundles/01FX16TV7TAE5K2KFVEB37NKD3/working/System Host/7f5ab7497055c4d1dd24b5cadd5c5cb7.category.dpc.xml, not exists, files: /custom/assets/bundles/01FX16TV7TAE5K2KFVEB37NKD3/86af81b8-5c0b-4a15-a9b4-653eaa13c0bb.workflow.xml, /custom/assets/bundles/01FX16TV7TAE5K2KFVEB37NKD3/d61a59e1-a49c-46f2-a929-db2b4bfa88b2.workflow.xml, /custom/assets/bundles/01FX16TV7TAE5K2KFVEB37NKD3/live, /custom/assets/bundles/01FX16TV7TAE5K2KFVEB37NKD3/live/System Host, /custom/assets/bundles/01FX16TV7TAE5K2KFVEB37NKD3/live/System Host/1, /custom/assets/bundles/01FX16TV7TAE5K2KFVEB37NKD3/live/System Host/1/0-content.d412221d-2248-4cf9-a0e3-b8d21697bc8f.content.xml, /custom/assets/bundles/01FX16TV7TAE5K2KFVEB37NKD3/live/System Host/1/2-content.33155b7b-b190-445b-86dc-cfb7d4d5251f.content.xml, /custom/assets/bundles/01FX16TV7TAE5K2KFVEB37NKD3/live/System Host/1/5e83653d8e6b41dc08e22b3a2a137474.contentworkflow.xml, /custom/assets/bundles/01FX16TV7TAE5K2KFVEB37NKD3/live/System Host/1/694727aed5f4336c72f3b569767ded91.contentworkflow.xml, /custom/assets/bundles/01FX16TV7TAE5K2KFVEB37NKD3/live/System Host/1/content.7df6ae9f-61ec-4020-b499-4d54f5243b52.host.xml, /custom/assets/bundles/01FX16TV7TAE5K2KFVEB37NKD3/live/System Host/1/content.ff462f88-d9e1-4d31-b084-b73cb61976d3.host.xml, /custom/assets/bundles/01FX16TV7TAE5K2KFVEB37NKD3/live/System Host/1properties, /custom/assets/bundles/01FX16TV7TAE5K2KFVEB37NKD3/live/System Host/4561420properties, /custom/assets/bundles/01FX16TV7TAE5K2KFVEB37NKD3/live/System Host/en_US.language.xml, /custom/assets/bundles/01FX16TV7TAE5K2KFVEB37NKD3/live/System Host/fo_CQ.language.xml, /custom/assets/bundles/01FX16TV7TAE5K2KFVEB37NKD3/live/default, /custom/assets/bundles/01FX16TV7TAE5K2KFVEB37NKD3/live/default/4561420, /custom/assets/bundles/01FX16TV7TAE5K2KFVEB37NKD3/live/default/4561420/1-content.d5686a1a-2264-4cb0-8d8b-1566163d4bfe.content.xml, /custom/assets/bundles/01FX16TV7TAE5K2KFVEB37NKD3/live/default/4561420/bc022702e0c1d597032f692fb36ea91e.contentworkflow.xml, /custom/assets/bundles/01FX16TV7TAE5K2KFVEB37NKD3/manifest.csv, /custom/assets/bundles/01FX16TV7TAE5K2KFVEB37NKD3/working, /custom/assets/bundles/01FX16TV7TAE5K2KFVEB37NKD3/working/System Host, /custom/assets/bundles/01FX16TV7TAE5K2KFVEB37NKD3/working/System Host/1, /custom/assets/bundles/01FX16TV7TAE5K2KFVEB37NKD3/working/System Host/1/content.ff462f88-d9e1-4d31-b084-b73cb61976d3.host.xml, /custom/assets/bundles/01FX16TV7TAE5K2KFVEB37NKD3/working/System Host/f4d7c1b8-2c88-4071-abf1-a5328977b07d.contentType.json, /custom/assets/bundles/01FX16TV7TAE5K2KFVEB37NKD3/working/test1646081942048.dotcms.com, /custom/assets/bundles/01FX16TV7TAE5K2KFVEB37NKD3/working/test1646081942048.dotcms.com/5eda192e-aaa6-49f7-875e-ab33ebc1b916.relationship.xml, /custom/assets/bundles/01FX16TV7TAE5K2KFVEB37NKD3/working/test1646081942048.dotcms.com/ab02e415cb24d931134e59f9bb2958bc.contentType.json, /custom/assets/bundles/01FX16TV7TAE5K2KFVEB37NKD3/working/test1646081942048.dotcms.com/bc12b40f4249fa230595e52f193a67cf.contentType.json
	at org.junit.Assert.fail(Assert.java:88)
	at org.junit.Assert.assertTrue(Assert.java:41)
	at com.dotcms.test.util.FileTestUtil.assertBundleFile(FileTestUtil.java:242)
	at com.dotcms.test.util.FileTestUtil.assertBundleFile(FileTestUtil.java:154)
	at com.dotcms.publishing.PublisherAPIImplTest.assertBundle(PublisherAPIImplTest.java:723)
	at com.dotcms.publishing.PublisherAPIImplTest.generateBundle(PublisherAPIImplTest.java:480)
	at java.base/jdk.internal.reflect.NativeMethodAccessorImpl.invoke0(Native Method)
	at java.base/jdk.internal.reflect.NativeMethodAccessorImpl.invoke(NativeMethodAccessorImpl.java:62)
	at java.base/jdk.internal.reflect.DelegatingMethodAccessorImpl.invoke(DelegatingMethodAccessorImpl.java:43)
	at java.base/java.lang.reflect.Method.invoke(Method.java:566)
	at org.junit.runners.model.FrameworkMethod$1.runReflectiveCall(FrameworkMethod.java:50)
	at org.junit.internal.runners.model.ReflectiveCallable.run(ReflectiveCallable.java:12)
	at org.junit.runners.model.FrameworkMethod.invokeExplosively(FrameworkMethod.java:47)
	at com.tngtech.java.junit.dataprovider.DataProviderFrameworkMethod.invokeExplosively(DataProviderFrameworkMethod.java:119)
	at org.junit.internal.runners.statements.InvokeMethod.evaluate(InvokeMethod.java:17)
	at org.junit.rules.TestWatcher$1.evaluate(TestWatcher.java:55)
	at org.junit.rules.RunRules.evaluate(RunRules.java:20)
	at org.junit.runners.ParentRunner.runLeaf(ParentRunner.java:325)
	at com.dotcms.junit.CustomDataProviderRunner.runChild(CustomDataProviderRunner.java:28)
	at com.dotcms.junit.CustomDataProviderRunner.runChild(CustomDataProviderRunner.java:13)
	at org.junit.runners.ParentRunner$3.run(ParentRunner.java:290)
	at org.junit.runners.ParentRunner$1.schedule(ParentRunner.java:71)
	at org.junit.runners.ParentRunner.runChildren(ParentRunner.java:288)
	at org.junit.runners.ParentRunner.access$000(ParentRunner.java:58)
	at org.junit.runners.ParentRunner$2.evaluate(ParentRunner.java:268)
	at org.junit.internal.runners.statements.RunBefores.evaluate(RunBefores.java:26)
	at org.junit.internal.runners.statements.RunAfters.evaluate(RunAfters.java:27)
	at org.junit.runners.ParentRunner.run(ParentRunner.java:363)
	at com.dotcms.junit.MainBaseSuite$DotRunner.run(MainBaseSuite.java:60)
	at org.junit.runners.Suite.runChild(Suite.java:128)
	at org.junit.runners.Suite.runChild(Suite.java:27)
	at org.junit.runners.ParentRunner$3.run(ParentRunner.java:290)
	at org.junit.runners.ParentRunner$1.schedule(ParentRunner.java:71)
	at org.junit.runners.ParentRunner.runChildren(ParentRunner.java:288)
	at org.junit.runners.ParentRunner.access$000(ParentRunner.java:58)
	at org.junit.runners.ParentRunner$2.evaluate(ParentRunner.java:268)
	at org.junit.runners.ParentRunner.run(ParentRunner.java:363)
	at org.gradle.api.internal.tasks.testing.junit.JUnitTestClassExecutor.runTestClass(JUnitTestClassExecutor.java:106)
	at org.gradle.api.internal.tasks.testing.junit.JUnitTestClassExecutor.execute(JUnitTestClassExecutor.java:58)
	at org.gradle.api.internal.tasks.testing.junit.JUnitTestClassExecutor.execute(JUnitTestClassExecutor.java:38)
	at org.gradle.api.internal.tasks.testing.junit.AbstractJUnitTestClassProcessor.processTestClass(AbstractJUnitTestClassProcessor.java:66)
	at org.gradle.api.internal.tasks.testing.SuiteTestClassProcessor.processTestClass(SuiteTestClassProcessor.java:51)
	at java.base/jdk.internal.reflect.NativeMethodAccessorImpl.invoke0(Native Method)
	at java.base/jdk.internal.reflect.NativeMethodAccessorImpl.invoke(NativeMethodAccessorImpl.java:62)
	at java.base/jdk.internal.reflect.DelegatingMethodAccessorImpl.invoke(DelegatingMethodAccessorImpl.java:43)
	at java.base/java.lang.reflect.Method.invoke(Method.java:566)
	at org.gradle.internal.dispatch.ReflectionDispatch.dispatch(ReflectionDispatch.java:35)
	at org.gradle.internal.dispatch.ReflectionDispatch.dispatch(ReflectionDispatch.java:24)
	at org.gradle.internal.dispatch.ContextClassLoaderDispatch.dispatch(ContextClassLoaderDispatch.java:32)
	at org.gradle.internal.dispatch.ProxyDispatchAdapter$DispatchingInvocationHandler.invoke(ProxyDispatchAdapter.java:93)
	at com.sun.proxy.$Proxy2.processTestClass(Unknown Source)
	at org.gradle.api.internal.tasks.testing.worker.TestWorker.processTestClass(TestWorker.java:117)
	at java.base/jdk.internal.reflect.NativeMethodAccessorImpl.invoke0(Native Method)
	at java.base/jdk.internal.reflect.NativeMethodAccessorImpl.invoke(NativeMethodAccessorImpl.java:62)
	at java.base/jdk.internal.reflect.DelegatingMethodAccessorImpl.invoke(DelegatingMethodAccessorImpl.java:43)
	at java.base/java.lang.reflect.Method.invoke(Method.java:566)
	at org.gradle.internal.dispatch.ReflectionDispatch.dispatch(ReflectionDispatch.java:35)
	at org.gradle.internal.dispatch.ReflectionDispatch.dispatch(ReflectionDispatch.java:24)
	at org.gradle.internal.remote.internal.hub.MessageHubBackedObjectConnection$DispatchWrapper.dispatch(MessageHubBackedObjectConnection.java:155)
	at org.gradle.internal.remote.internal.hub.MessageHubBackedObjectConnection$DispatchWrapper.dispatch(MessageHubBackedObjectConnection.java:137)
	at org.gradle.internal.remote.internal.hub.MessageHub$Handler.run(MessageHub.java:404)
	at org.gradle.internal.concurrent.ExecutorPolicy$CatchAndRecordFailures.onExecute(ExecutorPolicy.java:63)
	at org.gradle.internal.concurrent.ManagedExecutorImpl$1.run(ManagedExecutorImpl.java:46)
	at java.base/java.util.concurrent.ThreadPoolExecutor.runWorker(ThreadPoolExecutor.java:1128)
	at java.base/java.util.concurrent.ThreadPoolExecutor$Worker.run(ThreadPoolExecutor.java:628)
	at org.gradle.internal.concurrent.ThreadFactoryImpl$ManagedThreadRunnable.run(ThreadFactoryImpl.java:55)
	at java.base/java.lang.Thread.run(Thread.java:829)
</pre>
</span>
</div>
<div class="test">
<a name="generateBundle[4: com.dotcms.publishing.PublisherAPIImplTest$TestAsset@90cb9ed]"></a>
<h3 class="failures">generateBundle[4: com.dotcms.publishing.PublisherAPIImplTest$TestAsset@90cb9ed]</h3>
<span class="code">
<pre>java.lang.AssertionError: 4db8114a6cc6e12b9d74a921055dcd74 -&gt; INCLUDED,host,4db8114a6cc6e12b9d74a921055dcd74,4faea741-4ba7-45c6-9b10-188698c44872,test1646081946721.dotcms.com,System Host,/,,Added directly by User
bc022702e0c1d597032f692fb36ea91e -&gt; INCLUDED,contentlet,bc022702e0c1d597032f692fb36ea91e,d5686a1a-2264-4cb0-8d8b-1566163d4bfe,key-exists-as-contentleta1bbc4d926,default,/,,Added Automatically by dotCMS
694727aed5f4336c72f3b569767ded91 -&gt; INCLUDED,contentlet,694727aed5f4336c72f3b569767ded91,33155b7b-b190-445b-86dc-cfb7d4d5251f,testVarname1646082937310.test1646082937310.name,System Host,/,,Added Automatically by dotCMS
6d2c62accdbd8dd6019c57f44741dfb3 -&gt; INCLUDED,template,6d2c62accdbd8dd6019c57f44741dfb3,c60eea38-3b59-49a1-bae0-b4f6db082e72,testTitle1646081947962,,,,Dependency from: ID: 4db8114a6cc6e12b9d74a921055dcd74 Title: test1646081946721.dotcms.com
0f1091c4afa5b1b07b4474cb9fe52e21 -&gt; INCLUDED,folder,0f1091c4afa5b1b07b4474cb9fe52e21,0f1091c4afa5b1b07b4474cb9fe52e21,testTitle1646081948036,test1646081946721.dotcms.com,,,Dependency from: ID: 4db8114a6cc6e12b9d74a921055dcd74 Title: test1646081946721.dotcms.com
9dedf807442b052b007621df8176d085 -&gt; INCLUDED,containers,9dedf807442b052b007621df8176d085,6df6039d-cdc9-4a09-a7b7-4480cbb7a493,testTitle1646081948024,,,,Dependency from: ID: 4db8114a6cc6e12b9d74a921055dcd74 Title: test1646081946721.dotcms.com
c70dad0b950e42ab70271498761bf1a4 -&gt; INCLUDED,contenttype,c70dad0b950e42ab70271498761bf1a4,,testName1646081948066,test1646081946721.dotcms.com,/,,Dependency from: ID: 524cc22741ea23ef9957d2c06048a1ce Title: 524cc22741ea23ef9957d2c06048a1ce|INCLUDED,contenttype,c70dad0b950e42ab70271498761bf1a4,,testName1646081948066,test1646081946721.dotcms.com,/,,Dependency from: ID: 4db8114a6cc6e12b9d74a921055dcd74 Title: test1646081946721.dotcms.com
33888b6f-7a8e-4069-b1b6-5c1aa9d0a48d -&gt; INCLUDED,contenttype,33888b6f-7a8e-4069-b1b6-5c1aa9d0a48d,,File Asset,System Host,/,,Dependency from: ID: 0f1091c4afa5b1b07b4474cb9fe52e21 Title: testTitle1646081948036
1 -&gt; INCLUDED,language,1,,English,,,,Dependency from: ID: 524cc22741ea23ef9957d2c06048a1ce Title: 524cc22741ea23ef9957d2c06048a1ce|INCLUDED,language,1,,English,,,,Dependency from: ID: 694727aed5f4336c72f3b569767ded91 Title: testVarname1646082937310.test1646082937310.name|INCLUDED,language,1,,English,,,,Dependency from: ID: 5e83653d8e6b41dc08e22b3a2a137474 Title: testVarname1646082936664.test1646082936664.name
5e83653d8e6b41dc08e22b3a2a137474 -&gt; INCLUDED,contentlet,5e83653d8e6b41dc08e22b3a2a137474,d412221d-2248-4cf9-a0e3-b8d21697bc8f,testVarname1646082936664.test1646082936664.name,System Host,/,,Added Automatically by dotCMS
4561420 -&gt; INCLUDED,language,4561420,,FozsRbuGZP,,,,Dependency from: ID: bc022702e0c1d597032f692fb36ea91e Title: key-exists-as-contentleta1bbc4d926
b8dcf7213013bba60a8b55c0fc4efd22 -&gt; INCLUDED,contenttype,b8dcf7213013bba60a8b55c0fc4efd22,,testName1646081947997,test1646081946721.dotcms.com,/,,Dependency from: ID: 9dedf807442b052b007621df8176d085 Title: testTitle1646081948024|INCLUDED,contenttype,b8dcf7213013bba60a8b55c0fc4efd22,,testName1646081947997,test1646081946721.dotcms.com,/,,Dependency from: ID: 4db8114a6cc6e12b9d74a921055dcd74 Title: test1646081946721.dotcms.com
f4d7c1b8-2c88-4071-abf1-a5328977b07d -&gt; INCLUDED,contenttype,f4d7c1b8-2c88-4071-abf1-a5328977b07d,,Language Variable,System Host,/,,Dependency from: ID: bc022702e0c1d597032f692fb36ea91e Title: key-exists-as-contentleta1bbc4d926|INCLUDED,contenttype,f4d7c1b8-2c88-4071-abf1-a5328977b07d,,Language Variable,System Host,/,,Dependency from: ID: 4561420 Title: FozsRbuGZP|INCLUDED,contenttype,f4d7c1b8-2c88-4071-abf1-a5328977b07d,,Language Variable,System Host,/,,Dependency from: ID: 694727aed5f4336c72f3b569767ded91 Title: testVarname1646082937310.test1646082937310.name|INCLUDED,contenttype,f4d7c1b8-2c88-4071-abf1-a5328977b07d,,Language Variable,System Host,/,,Dependency from: ID: 1 Title: English|INCLUDED,contenttype,f4d7c1b8-2c88-4071-abf1-a5328977b07d,,Language Variable,System Host,/,,Dependency from: ID: 5e83653d8e6b41dc08e22b3a2a137474 Title: testVarname1646082936664.test1646082936664.name|INCLUDED,contenttype,f4d7c1b8-2c88-4071-abf1-a5328977b07d,,Language Variable,System Host,/,,Dependency from: ID: 1 Title: English
8a7d5e23-da1e-420a-b4f0-471e7da8ea2d -&gt; INCLUDED,host,8a7d5e23-da1e-420a-b4f0-471e7da8ea2d,5efb04a0-5bc2-4739-81fa-fce10fa029f0,default,System Host,/,,Dependency from: ID: bc022702e0c1d597032f692fb36ea91e Title: key-exists-as-contentleta1bbc4d926|INCLUDED,host,8a7d5e23-da1e-420a-b4f0-471e7da8ea2d,324eb336-1c02-4dd8-8d2d-9f37803a8d79,default,System Host,/,,Dependency from: ID: bc022702e0c1d597032f692fb36ea91e Title: key-exists-as-contentleta1bbc4d926
7fe4fa01-3886-47b6-b99a-df3c7400acb3 -&gt; INCLUDED,rule,7fe4fa01-3886-47b6-b99a-df3c7400acb3,,defaultName,,/,,Dependency from: ID: 4db8114a6cc6e12b9d74a921055dcd74 Title: test1646081946721.dotcms.com
d61a59e1-a49c-46f2-a929-db2b4bfa88b2 -&gt; INCLUDED,workflow,d61a59e1-a49c-46f2-a929-db2b4bfa88b2,,System Workflow,,,,Dependency from: ID: f4d7c1b8-2c88-4071-abf1-a5328977b07d Title: Language Variable
524cc22741ea23ef9957d2c06048a1ce -&gt; INCLUDED,contentlet,524cc22741ea23ef9957d2c06048a1ce,d812a04e-b3ab-48df-a075-8d73d816e89d,524cc22741ea23ef9957d2c06048a1ce,test1646081946721.dotcms.com,/,,Dependency from: ID: 4db8114a6cc6e12b9d74a921055dcd74 Title: test1646081946721.dotcms.com
bc9a1d37-dd2d-4d49-a29d-0c9be740bfaf -&gt; EXCLUDED,folder,bc9a1d37-dd2d-4d49-a29d-0c9be740bfaf,SYSTEM_FOLDER,System folder,System Host,,Excluded System Folder/Host,|EXCLUDED,folder,bc9a1d37-dd2d-4d49-a29d-0c9be740bfaf,SYSTEM_FOLDER,System folder,System Host,,Excluded System Folder/Host,
SYSTEM_HOST -&gt; EXCLUDED,host,SYSTEM_HOST,dbdec5e2-c02b-4cfb-83a9-4a4c4f3b2eb0,System Host,System Host,/,Excluded System Folder/Host,|EXCLUDED,host,SYSTEM_HOST,dbdec5e2-c02b-4cfb-83a9-4a4c4f3b2eb0,System Host,System Host,/,Excluded System Folder/Host, not contain INCLUDED,workflow,d61a59e1-a49c-46f2-a929-db2b4bfa88b2,,System Workflow,,,,Dependency from: ID: b8dcf7213013bba60a8b55c0fc4efd22 Title: testName1646081947997
	at org.junit.Assert.fail(Assert.java:88)
	at org.junit.Assert.assertTrue(Assert.java:41)
	at com.dotcms.publishing.PublisherAPIImplTest.assertManifestFile(PublisherAPIImplTest.java:585)
	at com.dotcms.publishing.PublisherAPIImplTest.assertManifestFile(PublisherAPIImplTest.java:559)
	at com.dotcms.publishing.PublisherAPIImplTest.generateBundle(PublisherAPIImplTest.java:500)
	at java.base/jdk.internal.reflect.NativeMethodAccessorImpl.invoke0(Native Method)
	at java.base/jdk.internal.reflect.NativeMethodAccessorImpl.invoke(NativeMethodAccessorImpl.java:62)
	at java.base/jdk.internal.reflect.DelegatingMethodAccessorImpl.invoke(DelegatingMethodAccessorImpl.java:43)
	at java.base/java.lang.reflect.Method.invoke(Method.java:566)
	at org.junit.runners.model.FrameworkMethod$1.runReflectiveCall(FrameworkMethod.java:50)
	at org.junit.internal.runners.model.ReflectiveCallable.run(ReflectiveCallable.java:12)
	at org.junit.runners.model.FrameworkMethod.invokeExplosively(FrameworkMethod.java:47)
	at com.tngtech.java.junit.dataprovider.DataProviderFrameworkMethod.invokeExplosively(DataProviderFrameworkMethod.java:119)
	at org.junit.internal.runners.statements.InvokeMethod.evaluate(InvokeMethod.java:17)
	at org.junit.rules.TestWatcher$1.evaluate(TestWatcher.java:55)
	at org.junit.rules.RunRules.evaluate(RunRules.java:20)
	at org.junit.runners.ParentRunner.runLeaf(ParentRunner.java:325)
	at com.dotcms.junit.CustomDataProviderRunner.runChild(CustomDataProviderRunner.java:28)
	at com.dotcms.junit.CustomDataProviderRunner.runChild(CustomDataProviderRunner.java:13)
	at org.junit.runners.ParentRunner$3.run(ParentRunner.java:290)
	at org.junit.runners.ParentRunner$1.schedule(ParentRunner.java:71)
	at org.junit.runners.ParentRunner.runChildren(ParentRunner.java:288)
	at org.junit.runners.ParentRunner.access$000(ParentRunner.java:58)
	at org.junit.runners.ParentRunner$2.evaluate(ParentRunner.java:268)
	at org.junit.internal.runners.statements.RunBefores.evaluate(RunBefores.java:26)
	at org.junit.internal.runners.statements.RunAfters.evaluate(RunAfters.java:27)
	at org.junit.runners.ParentRunner.run(ParentRunner.java:363)
	at com.dotcms.junit.MainBaseSuite$DotRunner.run(MainBaseSuite.java:60)
	at org.junit.runners.Suite.runChild(Suite.java:128)
	at org.junit.runners.Suite.runChild(Suite.java:27)
	at org.junit.runners.ParentRunner$3.run(ParentRunner.java:290)
	at org.junit.runners.ParentRunner$1.schedule(ParentRunner.java:71)
	at org.junit.runners.ParentRunner.runChildren(ParentRunner.java:288)
	at org.junit.runners.ParentRunner.access$000(ParentRunner.java:58)
	at org.junit.runners.ParentRunner$2.evaluate(ParentRunner.java:268)
	at org.junit.runners.ParentRunner.run(ParentRunner.java:363)
	at org.gradle.api.internal.tasks.testing.junit.JUnitTestClassExecutor.runTestClass(JUnitTestClassExecutor.java:106)
	at org.gradle.api.internal.tasks.testing.junit.JUnitTestClassExecutor.execute(JUnitTestClassExecutor.java:58)
	at org.gradle.api.internal.tasks.testing.junit.JUnitTestClassExecutor.execute(JUnitTestClassExecutor.java:38)
	at org.gradle.api.internal.tasks.testing.junit.AbstractJUnitTestClassProcessor.processTestClass(AbstractJUnitTestClassProcessor.java:66)
	at org.gradle.api.internal.tasks.testing.SuiteTestClassProcessor.processTestClass(SuiteTestClassProcessor.java:51)
	at java.base/jdk.internal.reflect.NativeMethodAccessorImpl.invoke0(Native Method)
	at java.base/jdk.internal.reflect.NativeMethodAccessorImpl.invoke(NativeMethodAccessorImpl.java:62)
	at java.base/jdk.internal.reflect.DelegatingMethodAccessorImpl.invoke(DelegatingMethodAccessorImpl.java:43)
	at java.base/java.lang.reflect.Method.invoke(Method.java:566)
	at org.gradle.internal.dispatch.ReflectionDispatch.dispatch(ReflectionDispatch.java:35)
	at org.gradle.internal.dispatch.ReflectionDispatch.dispatch(ReflectionDispatch.java:24)
	at org.gradle.internal.dispatch.ContextClassLoaderDispatch.dispatch(ContextClassLoaderDispatch.java:32)
	at org.gradle.internal.dispatch.ProxyDispatchAdapter$DispatchingInvocationHandler.invoke(ProxyDispatchAdapter.java:93)
	at com.sun.proxy.$Proxy2.processTestClass(Unknown Source)
	at org.gradle.api.internal.tasks.testing.worker.TestWorker.processTestClass(TestWorker.java:117)
	at java.base/jdk.internal.reflect.NativeMethodAccessorImpl.invoke0(Native Method)
	at java.base/jdk.internal.reflect.NativeMethodAccessorImpl.invoke(NativeMethodAccessorImpl.java:62)
	at java.base/jdk.internal.reflect.DelegatingMethodAccessorImpl.invoke(DelegatingMethodAccessorImpl.java:43)
	at java.base/java.lang.reflect.Method.invoke(Method.java:566)
	at org.gradle.internal.dispatch.ReflectionDispatch.dispatch(ReflectionDispatch.java:35)
	at org.gradle.internal.dispatch.ReflectionDispatch.dispatch(ReflectionDispatch.java:24)
	at org.gradle.internal.remote.internal.hub.MessageHubBackedObjectConnection$DispatchWrapper.dispatch(MessageHubBackedObjectConnection.java:155)
	at org.gradle.internal.remote.internal.hub.MessageHubBackedObjectConnection$DispatchWrapper.dispatch(MessageHubBackedObjectConnection.java:137)
	at org.gradle.internal.remote.internal.hub.MessageHub$Handler.run(MessageHub.java:404)
	at org.gradle.internal.concurrent.ExecutorPolicy$CatchAndRecordFailures.onExecute(ExecutorPolicy.java:63)
	at org.gradle.internal.concurrent.ManagedExecutorImpl$1.run(ManagedExecutorImpl.java:46)
	at java.base/java.util.concurrent.ThreadPoolExecutor.runWorker(ThreadPoolExecutor.java:1128)
	at java.base/java.util.concurrent.ThreadPoolExecutor$Worker.run(ThreadPoolExecutor.java:628)
	at org.gradle.internal.concurrent.ThreadFactoryImpl$ManagedThreadRunnable.run(ThreadFactoryImpl.java:55)
	at java.base/java.lang.Thread.run(Thread.java:829)
</pre>
</span>
</div>
<div class="test">
<a name="sendPushPublishBundle[0: com.dotcms.publishing.PublisherAPIImplTest$TestAsset@2fcead66]"></a>
<h3 class="failures">sendPushPublishBundle[0: com.dotcms.publishing.PublisherAPIImplTest$TestAsset@2fcead66]</h3>
<span class="code">
<pre>java.lang.AssertionError: File /custom/assets/bundles/01FX16TRCMJ79S3V29PVW0M8AJ/working/System Host/7f5ab7497055c4d1dd24b5cadd5c5cb7.category.dpc.xml, not exists, files: /custom/assets/bundles/01FX16TRCMJ79S3V29PVW0M8AJ/86af81b8-5c0b-4a15-a9b4-653eaa13c0bb.workflow.xml, /custom/assets/bundles/01FX16TRCMJ79S3V29PVW0M8AJ/d61a59e1-a49c-46f2-a929-db2b4bfa88b2.workflow.xml, /custom/assets/bundles/01FX16TRCMJ79S3V29PVW0M8AJ/live, /custom/assets/bundles/01FX16TRCMJ79S3V29PVW0M8AJ/live/System Host, /custom/assets/bundles/01FX16TRCMJ79S3V29PVW0M8AJ/live/System Host/1, /custom/assets/bundles/01FX16TRCMJ79S3V29PVW0M8AJ/live/System Host/1/0-content.d412221d-2248-4cf9-a0e3-b8d21697bc8f.content.xml, /custom/assets/bundles/01FX16TRCMJ79S3V29PVW0M8AJ/live/System Host/1/2-content.33155b7b-b190-445b-86dc-cfb7d4d5251f.content.xml, /custom/assets/bundles/01FX16TRCMJ79S3V29PVW0M8AJ/live/System Host/1/5e83653d8e6b41dc08e22b3a2a137474.contentworkflow.xml, /custom/assets/bundles/01FX16TRCMJ79S3V29PVW0M8AJ/live/System Host/1/694727aed5f4336c72f3b569767ded91.contentworkflow.xml, /custom/assets/bundles/01FX16TRCMJ79S3V29PVW0M8AJ/live/System Host/1/content.7df6ae9f-61ec-4020-b499-4d54f5243b52.host.xml, /custom/assets/bundles/01FX16TRCMJ79S3V29PVW0M8AJ/live/System Host/1/content.ff462f88-d9e1-4d31-b084-b73cb61976d3.host.xml, /custom/assets/bundles/01FX16TRCMJ79S3V29PVW0M8AJ/live/System Host/1properties, /custom/assets/bundles/01FX16TRCMJ79S3V29PVW0M8AJ/live/System Host/4561420properties, /custom/assets/bundles/01FX16TRCMJ79S3V29PVW0M8AJ/live/System Host/en_US.language.xml, /custom/assets/bundles/01FX16TRCMJ79S3V29PVW0M8AJ/live/System Host/fo_CQ.language.xml, /custom/assets/bundles/01FX16TRCMJ79S3V29PVW0M8AJ/live/default, /custom/assets/bundles/01FX16TRCMJ79S3V29PVW0M8AJ/live/default/4561420, /custom/assets/bundles/01FX16TRCMJ79S3V29PVW0M8AJ/live/default/4561420/1-content.d5686a1a-2264-4cb0-8d8b-1566163d4bfe.content.xml, /custom/assets/bundles/01FX16TRCMJ79S3V29PVW0M8AJ/live/default/4561420/bc022702e0c1d597032f692fb36ea91e.contentworkflow.xml, /custom/assets/bundles/01FX16TRCMJ79S3V29PVW0M8AJ/manifest.csv, /custom/assets/bundles/01FX16TRCMJ79S3V29PVW0M8AJ/working, /custom/assets/bundles/01FX16TRCMJ79S3V29PVW0M8AJ/working/System Host, /custom/assets/bundles/01FX16TRCMJ79S3V29PVW0M8AJ/working/System Host/1, /custom/assets/bundles/01FX16TRCMJ79S3V29PVW0M8AJ/working/System Host/1/content.ff462f88-d9e1-4d31-b084-b73cb61976d3.host.xml, /custom/assets/bundles/01FX16TRCMJ79S3V29PVW0M8AJ/working/System Host/f4d7c1b8-2c88-4071-abf1-a5328977b07d.contentType.json, /custom/assets/bundles/01FX16TRCMJ79S3V29PVW0M8AJ/working/test1646081942048.dotcms.com, /custom/assets/bundles/01FX16TRCMJ79S3V29PVW0M8AJ/working/test1646081942048.dotcms.com/5eda192e-aaa6-49f7-875e-ab33ebc1b916.relationship.xml, /custom/assets/bundles/01FX16TRCMJ79S3V29PVW0M8AJ/working/test1646081942048.dotcms.com/ab02e415cb24d931134e59f9bb2958bc.contentType.json, /custom/assets/bundles/01FX16TRCMJ79S3V29PVW0M8AJ/working/test1646081942048.dotcms.com/bc12b40f4249fa230595e52f193a67cf.contentType.json
	at org.junit.Assert.fail(Assert.java:88)
	at org.junit.Assert.assertTrue(Assert.java:41)
	at com.dotcms.test.util.FileTestUtil.assertBundleFile(FileTestUtil.java:242)
	at com.dotcms.test.util.FileTestUtil.assertBundleFile(FileTestUtil.java:154)
	at com.dotcms.publishing.PublisherAPIImplTest.assertBundle(PublisherAPIImplTest.java:723)
	at com.dotcms.publishing.PublisherAPIImplTest.sendPushPublishBundle(PublisherAPIImplTest.java:664)
	at java.base/jdk.internal.reflect.NativeMethodAccessorImpl.invoke0(Native Method)
	at java.base/jdk.internal.reflect.NativeMethodAccessorImpl.invoke(NativeMethodAccessorImpl.java:62)
	at java.base/jdk.internal.reflect.DelegatingMethodAccessorImpl.invoke(DelegatingMethodAccessorImpl.java:43)
	at java.base/java.lang.reflect.Method.invoke(Method.java:566)
	at org.junit.runners.model.FrameworkMethod$1.runReflectiveCall(FrameworkMethod.java:50)
	at org.junit.internal.runners.model.ReflectiveCallable.run(ReflectiveCallable.java:12)
	at org.junit.runners.model.FrameworkMethod.invokeExplosively(FrameworkMethod.java:47)
	at com.tngtech.java.junit.dataprovider.DataProviderFrameworkMethod.invokeExplosively(DataProviderFrameworkMethod.java:119)
	at org.junit.internal.runners.statements.InvokeMethod.evaluate(InvokeMethod.java:17)
	at org.junit.rules.TestWatcher$1.evaluate(TestWatcher.java:55)
	at org.junit.rules.RunRules.evaluate(RunRules.java:20)
	at org.junit.runners.ParentRunner.runLeaf(ParentRunner.java:325)
	at com.dotcms.junit.CustomDataProviderRunner.runChild(CustomDataProviderRunner.java:28)
	at com.dotcms.junit.CustomDataProviderRunner.runChild(CustomDataProviderRunner.java:13)
	at org.junit.runners.ParentRunner$3.run(ParentRunner.java:290)
	at org.junit.runners.ParentRunner$1.schedule(ParentRunner.java:71)
	at org.junit.runners.ParentRunner.runChildren(ParentRunner.java:288)
	at org.junit.runners.ParentRunner.access$000(ParentRunner.java:58)
	at org.junit.runners.ParentRunner$2.evaluate(ParentRunner.java:268)
	at org.junit.internal.runners.statements.RunBefores.evaluate(RunBefores.java:26)
	at org.junit.internal.runners.statements.RunAfters.evaluate(RunAfters.java:27)
	at org.junit.runners.ParentRunner.run(ParentRunner.java:363)
	at com.dotcms.junit.MainBaseSuite$DotRunner.run(MainBaseSuite.java:60)
	at org.junit.runners.Suite.runChild(Suite.java:128)
	at org.junit.runners.Suite.runChild(Suite.java:27)
	at org.junit.runners.ParentRunner$3.run(ParentRunner.java:290)
	at org.junit.runners.ParentRunner$1.schedule(ParentRunner.java:71)
	at org.junit.runners.ParentRunner.runChildren(ParentRunner.java:288)
	at org.junit.runners.ParentRunner.access$000(ParentRunner.java:58)
	at org.junit.runners.ParentRunner$2.evaluate(ParentRunner.java:268)
	at org.junit.runners.ParentRunner.run(ParentRunner.java:363)
	at org.gradle.api.internal.tasks.testing.junit.JUnitTestClassExecutor.runTestClass(JUnitTestClassExecutor.java:106)
	at org.gradle.api.internal.tasks.testing.junit.JUnitTestClassExecutor.execute(JUnitTestClassExecutor.java:58)
	at org.gradle.api.internal.tasks.testing.junit.JUnitTestClassExecutor.execute(JUnitTestClassExecutor.java:38)
	at org.gradle.api.internal.tasks.testing.junit.AbstractJUnitTestClassProcessor.processTestClass(AbstractJUnitTestClassProcessor.java:66)
	at org.gradle.api.internal.tasks.testing.SuiteTestClassProcessor.processTestClass(SuiteTestClassProcessor.java:51)
	at java.base/jdk.internal.reflect.NativeMethodAccessorImpl.invoke0(Native Method)
	at java.base/jdk.internal.reflect.NativeMethodAccessorImpl.invoke(NativeMethodAccessorImpl.java:62)
	at java.base/jdk.internal.reflect.DelegatingMethodAccessorImpl.invoke(DelegatingMethodAccessorImpl.java:43)
	at java.base/java.lang.reflect.Method.invoke(Method.java:566)
	at org.gradle.internal.dispatch.ReflectionDispatch.dispatch(ReflectionDispatch.java:35)
	at org.gradle.internal.dispatch.ReflectionDispatch.dispatch(ReflectionDispatch.java:24)
	at org.gradle.internal.dispatch.ContextClassLoaderDispatch.dispatch(ContextClassLoaderDispatch.java:32)
	at org.gradle.internal.dispatch.ProxyDispatchAdapter$DispatchingInvocationHandler.invoke(ProxyDispatchAdapter.java:93)
	at com.sun.proxy.$Proxy2.processTestClass(Unknown Source)
	at org.gradle.api.internal.tasks.testing.worker.TestWorker.processTestClass(TestWorker.java:117)
	at java.base/jdk.internal.reflect.NativeMethodAccessorImpl.invoke0(Native Method)
	at java.base/jdk.internal.reflect.NativeMethodAccessorImpl.invoke(NativeMethodAccessorImpl.java:62)
	at java.base/jdk.internal.reflect.DelegatingMethodAccessorImpl.invoke(DelegatingMethodAccessorImpl.java:43)
	at java.base/java.lang.reflect.Method.invoke(Method.java:566)
	at org.gradle.internal.dispatch.ReflectionDispatch.dispatch(ReflectionDispatch.java:35)
	at org.gradle.internal.dispatch.ReflectionDispatch.dispatch(ReflectionDispatch.java:24)
	at org.gradle.internal.remote.internal.hub.MessageHubBackedObjectConnection$DispatchWrapper.dispatch(MessageHubBackedObjectConnection.java:155)
	at org.gradle.internal.remote.internal.hub.MessageHubBackedObjectConnection$DispatchWrapper.dispatch(MessageHubBackedObjectConnection.java:137)
	at org.gradle.internal.remote.internal.hub.MessageHub$Handler.run(MessageHub.java:404)
	at org.gradle.internal.concurrent.ExecutorPolicy$CatchAndRecordFailures.onExecute(ExecutorPolicy.java:63)
	at org.gradle.internal.concurrent.ManagedExecutorImpl$1.run(ManagedExecutorImpl.java:46)
	at java.base/java.util.concurrent.ThreadPoolExecutor.runWorker(ThreadPoolExecutor.java:1128)
	at java.base/java.util.concurrent.ThreadPoolExecutor$Worker.run(ThreadPoolExecutor.java:628)
	at org.gradle.internal.concurrent.ThreadFactoryImpl$ManagedThreadRunnable.run(ThreadFactoryImpl.java:55)
	at java.base/java.lang.Thread.run(Thread.java:829)
</pre>
</span>
</div>
</div>
<div id="tab1" class="tab">
<h2>Tests</h2>
<table>
<thead>
<tr>
<th>Test</th>
<th>Duration</th>
<th>Result</th>
</tr>
</thead>
<tr>
<td class="failures">generateBundle[0: com.dotcms.publishing.PublisherAPIImplTest$TestAsset@2fcead66]</td>
<td class="failures">0.175s</td>
<td class="failures">failed</td>
</tr>
<tr>
<td class="success">generateBundle[0: com.dotcms.publishing.PublisherAPIImplTest$TestAsset@2fcead66]</td>
<td class="success">0.147s</td>
<td class="success">passed</td>
</tr>
<tr>
<td class="success">generateBundle[1: com.dotcms.publishing.PublisherAPIImplTest$TestAsset@3e5a0a8a]</td>
<td class="success">0.136s</td>
<td class="success">passed</td>
</tr>
<tr>
<td class="success">generateBundle[1: com.dotcms.publishing.PublisherAPIImplTest$TestAsset@3e5a0a8a]</td>
<td class="success">0.123s</td>
<td class="success">passed</td>
</tr>
<tr>
<td class="success">generateBundle[2: com.dotcms.publishing.PublisherAPIImplTest$TestAsset@1bd1fd]</td>
<td class="success">0.134s</td>
<td class="success">passed</td>
</tr>
<tr>
<td class="success">generateBundle[2: com.dotcms.publishing.PublisherAPIImplTest$TestAsset@1bd1fd]</td>
<td class="success">0.130s</td>
<td class="success">passed</td>
</tr>
<tr>
<td class="success">generateBundle[3: com.dotcms.publishing.PublisherAPIImplTest$TestAsset@53739b78]</td>
<td class="success">0.201s</td>
<td class="success">passed</td>
</tr>
<tr>
<td class="success">generateBundle[3: com.dotcms.publishing.PublisherAPIImplTest$TestAsset@53739b78]</td>
<td class="success">0.248s</td>
<td class="success">passed</td>
</tr>
<tr>
<td class="failures">generateBundle[4: com.dotcms.publishing.PublisherAPIImplTest$TestAsset@90cb9ed]</td>
<td class="failures">0.184s</td>
<td class="failures">failed</td>
</tr>
<tr>
<td class="success">generateBundle[4: com.dotcms.publishing.PublisherAPIImplTest$TestAsset@90cb9ed]</td>
<td class="success">0.157s</td>
<td class="success">passed</td>
</tr>
<tr>
<td class="success">generateBundle[5: com.dotcms.publishing.PublisherAPIImplTest$TestAsset@67ecec1c]</td>
<td class="success">0.111s</td>
<td class="success">passed</td>
</tr>
<tr>
<td class="success">generateBundle[5: com.dotcms.publishing.PublisherAPIImplTest$TestAsset@67ecec1c]</td>
<td class="success">0.123s</td>
<td class="success">passed</td>
</tr>
<tr>
<td class="success">generateBundle[6: com.dotcms.publishing.PublisherAPIImplTest$TestAsset@39265d25]</td>
<td class="success">0.141s</td>
<td class="success">passed</td>
</tr>
<tr>
<td class="success">generateBundle[6: com.dotcms.publishing.PublisherAPIImplTest$TestAsset@39265d25]</td>
<td class="success">0.128s</td>
<td class="success">passed</td>
</tr>
<tr>
<td class="success">generateBundle[7: com.dotcms.publishing.PublisherAPIImplTest$TestAsset@76c1b922]</td>
<td class="success">0.128s</td>
<td class="success">passed</td>
</tr>
<tr>
<td class="success">generateBundle[7: com.dotcms.publishing.PublisherAPIImplTest$TestAsset@76c1b922]</td>
<td class="success">0.135s</td>
<td class="success">passed</td>
</tr>
<tr>
<td class="success">generateBundle[8: com.dotcms.publishing.PublisherAPIImplTest$TestAsset@1a6eb5c6]</td>
<td class="success">0.062s</td>
<td class="success">passed</td>
</tr>
<tr>
<td class="success">generateBundle[8: com.dotcms.publishing.PublisherAPIImplTest$TestAsset@1a6eb5c6]</td>
<td class="success">0.059s</td>
<td class="success">passed</td>
</tr>
<tr>
<td class="success">generateBundle[9: com.dotcms.publishing.PublisherAPIImplTest$TestAsset@1a62269b]</td>
<td class="success">0.139s</td>
<td class="success">passed</td>
</tr>
<tr>
<td class="success">generateBundle[9: com.dotcms.publishing.PublisherAPIImplTest$TestAsset@1a62269b]</td>
<td class="success">0.124s</td>
<td class="success">passed</td>
</tr>
<tr>
<td class="failures">sendPushPublishBundle[0: com.dotcms.publishing.PublisherAPIImplTest$TestAsset@2fcead66]</td>
<td class="failures">0.246s</td>
<td class="failures">failed</td>
</tr>
<tr>
<td class="success">sendPushPublishBundle[0: com.dotcms.publishing.PublisherAPIImplTest$TestAsset@2fcead66]</td>
<td class="success">0.438s</td>
<td class="success">passed</td>
</tr>
<tr>
<td class="success">sendPushPublishBundle[1: com.dotcms.publishing.PublisherAPIImplTest$TestAsset@3e5a0a8a]</td>
<td class="success">0.232s</td>
<td class="success">passed</td>
</tr>
<tr>
<td class="success">sendPushPublishBundle[1: com.dotcms.publishing.PublisherAPIImplTest$TestAsset@3e5a0a8a]</td>
<td class="success">0.261s</td>
<td class="success">passed</td>
</tr>
<tr>
<td class="success">sendPushPublishBundle[2: com.dotcms.publishing.PublisherAPIImplTest$TestAsset@1bd1fd]</td>
<td class="success">0.196s</td>
<td class="success">passed</td>
</tr>
<tr>
<td class="success">sendPushPublishBundle[2: com.dotcms.publishing.PublisherAPIImplTest$TestAsset@1bd1fd]</td>
<td class="success">0.220s</td>
<td class="success">passed</td>
</tr>
<tr>
<td class="success">sendPushPublishBundle[3: com.dotcms.publishing.PublisherAPIImplTest$TestAsset@53739b78]</td>
<td class="success">0.327s</td>
<td class="success">passed</td>
</tr>
<tr>
<td class="success">sendPushPublishBundle[3: com.dotcms.publishing.PublisherAPIImplTest$TestAsset@53739b78]</td>
<td class="success">0.371s</td>
<td class="success">passed</td>
</tr>
<tr>
<td class="success">sendPushPublishBundle[4: com.dotcms.publishing.PublisherAPIImplTest$TestAsset@90cb9ed]</td>
<td class="success">0.383s</td>
<td class="success">passed</td>
</tr>
<tr>
<td class="success">sendPushPublishBundle[4: com.dotcms.publishing.PublisherAPIImplTest$TestAsset@90cb9ed]</td>
<td class="success">0.454s</td>
<td class="success">passed</td>
</tr>
<tr>
<td class="success">sendPushPublishBundle[5: com.dotcms.publishing.PublisherAPIImplTest$TestAsset@67ecec1c]</td>
<td class="success">0.255s</td>
<td class="success">passed</td>
</tr>
<tr>
<td class="success">sendPushPublishBundle[5: com.dotcms.publishing.PublisherAPIImplTest$TestAsset@67ecec1c]</td>
<td class="success">0.328s</td>
<td class="success">passed</td>
</tr>
<tr>
<td class="success">sendPushPublishBundle[6: com.dotcms.publishing.PublisherAPIImplTest$TestAsset@39265d25]</td>
<td class="success">0.242s</td>
<td class="success">passed</td>
</tr>
<tr>
<td class="success">sendPushPublishBundle[6: com.dotcms.publishing.PublisherAPIImplTest$TestAsset@39265d25]</td>
<td class="success">0.272s</td>
<td class="success">passed</td>
</tr>
<tr>
<td class="success">sendPushPublishBundle[7: com.dotcms.publishing.PublisherAPIImplTest$TestAsset@76c1b922]</td>
<td class="success">0.217s</td>
<td class="success">passed</td>
</tr>
<tr>
<td class="success">sendPushPublishBundle[7: com.dotcms.publishing.PublisherAPIImplTest$TestAsset@76c1b922]</td>
<td class="success">0.303s</td>
<td class="success">passed</td>
</tr>
<tr>
<td class="success">sendPushPublishBundle[8: com.dotcms.publishing.PublisherAPIImplTest$TestAsset@1a6eb5c6]</td>
<td class="success">0.189s</td>
<td class="success">passed</td>
</tr>
<tr>
<td class="success">sendPushPublishBundle[8: com.dotcms.publishing.PublisherAPIImplTest$TestAsset@1a6eb5c6]</td>
<td class="success">0.152s</td>
<td class="success">passed</td>
</tr>
<tr>
<td class="success">sendPushPublishBundle[9: com.dotcms.publishing.PublisherAPIImplTest$TestAsset@1a62269b]</td>
<td class="success">0.295s</td>
<td class="success">passed</td>
</tr>
<tr>
<td class="success">sendPushPublishBundle[9: com.dotcms.publishing.PublisherAPIImplTest$TestAsset@1a62269b]</td>
<td class="success">0.336s</td>
<td class="success">passed</td>
</tr>
</table>
</div>
<div id="tab2" class="tab">
<h2>Standard output</h2>
<span class="code">
<pre>


























































































































































































































































































































































</pre>
</span>
</div>
</div>
<div id="footer">
<p>
<div>
<label class="hidden" id="label-for-line-wrapping-toggle" for="line-wrapping-toggle">Wrap lines
<input id="line-wrapping-toggle" type="checkbox" autocomplete="off"/>
</label>
</div>Generated by 
<a href="http://www.gradle.org">Gradle 4.10.2</a> at Feb 28, 2022, 10:22:34 PM</p>
</div>
</div>
</body>
</html>
