<!DOCTYPE html>
<html>
<head>
<meta http-equiv="Content-Type" content="text/html; charset=utf-8"/>
<meta http-equiv="x-ua-compatible" content="IE=edge"/>
<title>Test results - Class com.dotcms.enterprise.publishing.remote.bundler.DependencyBundlerTest</title>
<link href="../css/base-style.css" rel="stylesheet" type="text/css"/>
<link href="../css/style.css" rel="stylesheet" type="text/css"/>
<script src="../js/report.js" type="text/javascript"></script>
</head>
<body>
<div id="content">
<h1>Class com.dotcms.enterprise.publishing.remote.bundler.DependencyBundlerTest</h1>
<div class="breadcrumbs">
<a href="../index.html">all</a> &gt; 
<a href="../packages/com.dotcms.enterprise.publishing.remote.bundler.html">com.dotcms.enterprise.publishing.remote.bundler</a> &gt; DependencyBundlerTest</div>
<div id="summary">
<table>
<tr>
<td>
<div class="summaryGroup">
<table>
<tr>
<td>
<div class="infoBox" id="tests">
<div class="counter">172</div>
<p>tests</p>
</div>
</td>
<td>
<div class="infoBox" id="failures">
<div class="counter">19</div>
<p>failures</p>
</div>
</td>
<td>
<div class="infoBox" id="ignored">
<div class="counter">0</div>
<p>ignored</p>
</div>
</td>
<td>
<div class="infoBox" id="duration">
<div class="counter">1m4.92s</div>
<p>duration</p>
</div>
</td>
</tr>
</table>
</div>
</td>
<td>
<div class="infoBox failures" id="successRate">
<div class="percent">88%</div>
<p>successful</p>
</div>
</td>
</tr>
</table>
</div>
<div id="tabs">
<ul class="tabLinks">
<li>
<a href="#tab0">Failed tests</a>
</li>
<li>
<a href="#tab1">Tests</a>
</li>
<li>
<a href="#tab2">Standard output</a>
</li>
</ul>
<div id="tab0" class="tab">
<h2>Failed tests</h2>
<div class="test">
<a name="addAssetInBundle: Content Type with folder and third party dependencies"></a>
<h3 class="failures">addAssetInBundle: Content Type with folder and third party dependencies</h3>
<span class="code">
<pre>com.dotcms.publishing.DotBundleException: Type not expected: class com.dotmarketing.portlets.folders.model.Folder'
	at com.dotcms.enterprise.publishing.remote.bundler.DependencyBundler.generate(SourceFile:67)
	at com.dotcms.enterprise.publishing.remote.bundler.DependencyBundlerTest.addAssetInBundle(DependencyBundlerTest.java:1239)
	at jdk.internal.reflect.GeneratedMethodAccessor1628.invoke(Unknown Source)
	at java.base/jdk.internal.reflect.DelegatingMethodAccessorImpl.invoke(DelegatingMethodAccessorImpl.java:43)
	at java.base/java.lang.reflect.Method.invoke(Method.java:566)
	at org.junit.runners.model.FrameworkMethod$1.runReflectiveCall(FrameworkMethod.java:50)
	at org.junit.internal.runners.model.ReflectiveCallable.run(ReflectiveCallable.java:12)
	at org.junit.runners.model.FrameworkMethod.invokeExplosively(FrameworkMethod.java:47)
	at com.tngtech.java.junit.dataprovider.DataProviderFrameworkMethod.invokeExplosively(DataProviderFrameworkMethod.java:119)
	at org.junit.internal.runners.statements.InvokeMethod.evaluate(InvokeMethod.java:17)
	at org.junit.internal.runners.statements.RunBefores.evaluate(RunBefores.java:26)
	at org.junit.rules.TestWatcher$1.evaluate(TestWatcher.java:55)
	at org.junit.rules.RunRules.evaluate(RunRules.java:20)
	at org.junit.runners.ParentRunner.runLeaf(ParentRunner.java:325)
	at com.dotcms.junit.CustomDataProviderRunner.runChild(CustomDataProviderRunner.java:28)
	at com.dotcms.junit.CustomDataProviderRunner.runChild(CustomDataProviderRunner.java:13)
	at org.junit.runners.ParentRunner$3.run(ParentRunner.java:290)
	at org.junit.runners.ParentRunner$1.schedule(ParentRunner.java:71)
	at org.junit.runners.ParentRunner.runChildren(ParentRunner.java:288)
	at org.junit.runners.ParentRunner.access$000(ParentRunner.java:58)
	at org.junit.runners.ParentRunner$2.evaluate(ParentRunner.java:268)
	at org.junit.runners.ParentRunner.run(ParentRunner.java:363)
	at com.dotcms.junit.MainBaseSuite$DotRunner.run(MainBaseSuite.java:60)
	at org.junit.runners.Suite.runChild(Suite.java:128)
	at org.junit.runners.Suite.runChild(Suite.java:27)
	at org.junit.runners.ParentRunner$3.run(ParentRunner.java:290)
	at org.junit.runners.ParentRunner$1.schedule(ParentRunner.java:71)
	at org.junit.runners.ParentRunner.runChildren(ParentRunner.java:288)
	at org.junit.runners.ParentRunner.access$000(ParentRunner.java:58)
	at org.junit.runners.ParentRunner$2.evaluate(ParentRunner.java:268)
	at org.junit.runners.ParentRunner.run(ParentRunner.java:363)
	at org.gradle.api.internal.tasks.testing.junit.JUnitTestClassExecutor.runTestClass(JUnitTestClassExecutor.java:106)
	at org.gradle.api.internal.tasks.testing.junit.JUnitTestClassExecutor.execute(JUnitTestClassExecutor.java:58)
	at org.gradle.api.internal.tasks.testing.junit.JUnitTestClassExecutor.execute(JUnitTestClassExecutor.java:38)
	at org.gradle.api.internal.tasks.testing.junit.AbstractJUnitTestClassProcessor.processTestClass(AbstractJUnitTestClassProcessor.java:66)
	at org.gradle.api.internal.tasks.testing.SuiteTestClassProcessor.processTestClass(SuiteTestClassProcessor.java:51)
	at java.base/jdk.internal.reflect.NativeMethodAccessorImpl.invoke0(Native Method)
	at java.base/jdk.internal.reflect.NativeMethodAccessorImpl.invoke(NativeMethodAccessorImpl.java:62)
	at java.base/jdk.internal.reflect.DelegatingMethodAccessorImpl.invoke(DelegatingMethodAccessorImpl.java:43)
	at java.base/java.lang.reflect.Method.invoke(Method.java:566)
	at org.gradle.internal.dispatch.ReflectionDispatch.dispatch(ReflectionDispatch.java:35)
	at org.gradle.internal.dispatch.ReflectionDispatch.dispatch(ReflectionDispatch.java:24)
	at org.gradle.internal.dispatch.ContextClassLoaderDispatch.dispatch(ContextClassLoaderDispatch.java:32)
	at org.gradle.internal.dispatch.ProxyDispatchAdapter$DispatchingInvocationHandler.invoke(ProxyDispatchAdapter.java:93)
	at com.sun.proxy.$Proxy2.processTestClass(Unknown Source)
	at org.gradle.api.internal.tasks.testing.worker.TestWorker.processTestClass(TestWorker.java:117)
	at java.base/jdk.internal.reflect.NativeMethodAccessorImpl.invoke0(Native Method)
	at java.base/jdk.internal.reflect.NativeMethodAccessorImpl.invoke(NativeMethodAccessorImpl.java:62)
	at java.base/jdk.internal.reflect.DelegatingMethodAccessorImpl.invoke(DelegatingMethodAccessorImpl.java:43)
	at java.base/java.lang.reflect.Method.invoke(Method.java:566)
	at org.gradle.internal.dispatch.ReflectionDispatch.dispatch(ReflectionDispatch.java:35)
	at org.gradle.internal.dispatch.ReflectionDispatch.dispatch(ReflectionDispatch.java:24)
	at org.gradle.internal.remote.internal.hub.MessageHubBackedObjectConnection$DispatchWrapper.dispatch(MessageHubBackedObjectConnection.java:155)
	at org.gradle.internal.remote.internal.hub.MessageHubBackedObjectConnection$DispatchWrapper.dispatch(MessageHubBackedObjectConnection.java:137)
	at org.gradle.internal.remote.internal.hub.MessageHub$Handler.run(MessageHub.java:404)
	at org.gradle.internal.concurrent.ExecutorPolicy$CatchAndRecordFailures.onExecute(ExecutorPolicy.java:63)
	at org.gradle.internal.concurrent.ManagedExecutorImpl$1.run(ManagedExecutorImpl.java:46)
	at java.base/java.util.concurrent.ThreadPoolExecutor.runWorker(ThreadPoolExecutor.java:1128)
	at java.base/java.util.concurrent.ThreadPoolExecutor$Worker.run(ThreadPoolExecutor.java:628)
	at org.gradle.internal.concurrent.ThreadFactoryImpl$ManagedThreadRunnable.run(ThreadFactoryImpl.java:55)
	at java.base/java.lang.Thread.run(Thread.java:829)
Caused by: com.dotcms.publishing.DotBundleException: Type not expected: class com.dotmarketing.portlets.folders.model.Folder'
	at com.dotcms.publisher.util.dependencies.DependencyManager.setDependencies(DependencyManager.java:342)
	at com.dotcms.enterprise.publishing.remote.bundler.DependencyBundler.generate(SourceFile:64)
	... 60 more
Caused by: java.lang.IllegalArgumentException: Type not expected: class com.dotmarketing.portlets.folders.model.Folder'
	at com.dotcms.publisher.util.dependencies.DependencyModDateUtil.excludeByModDate(DependencyModDateUtil.java:108)
	at com.dotcms.publisher.util.dependencies.PushPublishigDependencyProcesor.tryToAdd(PushPublishigDependencyProcesor.java:852)
	at com.dotcms.publisher.util.dependencies.PushPublishigDependencyProcesor.tryToAddSilently(PushPublishigDependencyProcesor.java:810)
	at com.dotcms.publisher.util.dependencies.PushPublishigDependencyProcesor.processContentTypeDependency(PushPublishigDependencyProcesor.java:342)
	at com.dotcms.publisher.util.dependencies.PushPublishigDependencyProcesor.lambda$4(PushPublishigDependencyProcesor.java:95)
	at com.dotcms.publisher.util.dependencies.ConcurrentDependencyProcessor$DependencyRunnable.run(ConcurrentDependencyProcessor.java:204)
	at java.base/java.util.concurrent.Executors$RunnableAdapter.call(Executors.java:515)
	at java.base/java.util.concurrent.FutureTask.run(FutureTask.java:264)
	at java.base/java.util.concurrent.ThreadPoolExecutor.runWorker(ThreadPoolExecutor.java:1128)
	at java.base/java.util.concurrent.ThreadPoolExecutor$Worker.run(ThreadPoolExecutor.java:628)
	... 1 more
</pre>
</span>
</div>
<div class="test">
<a name="addAssetInBundle: Content with folder and Third Party Dependencies"></a>
<h3 class="failures">addAssetInBundle: Content with folder and Third Party Dependencies</h3>
<span class="code">
<pre>com.dotcms.publishing.DotBundleException: com.dotcms.publisher.util.dependencies.PushPublishigDependencyProcesor : generate()Type not expected: class com.dotmarketing.portlets.folders.model.Folder': Unable to pull content
	at com.dotcms.enterprise.publishing.remote.bundler.DependencyBundler.generate(SourceFile:67)
	at com.dotcms.enterprise.publishing.remote.bundler.DependencyBundlerTest.addAssetInBundle(DependencyBundlerTest.java:1239)
	at jdk.internal.reflect.GeneratedMethodAccessor1628.invoke(Unknown Source)
	at java.base/jdk.internal.reflect.DelegatingMethodAccessorImpl.invoke(DelegatingMethodAccessorImpl.java:43)
	at java.base/java.lang.reflect.Method.invoke(Method.java:566)
	at org.junit.runners.model.FrameworkMethod$1.runReflectiveCall(FrameworkMethod.java:50)
	at org.junit.internal.runners.model.ReflectiveCallable.run(ReflectiveCallable.java:12)
	at org.junit.runners.model.FrameworkMethod.invokeExplosively(FrameworkMethod.java:47)
	at com.tngtech.java.junit.dataprovider.DataProviderFrameworkMethod.invokeExplosively(DataProviderFrameworkMethod.java:119)
	at org.junit.internal.runners.statements.InvokeMethod.evaluate(InvokeMethod.java:17)
	at org.junit.internal.runners.statements.RunBefores.evaluate(RunBefores.java:26)
	at org.junit.rules.TestWatcher$1.evaluate(TestWatcher.java:55)
	at org.junit.rules.RunRules.evaluate(RunRules.java:20)
	at org.junit.runners.ParentRunner.runLeaf(ParentRunner.java:325)
	at com.dotcms.junit.CustomDataProviderRunner.runChild(CustomDataProviderRunner.java:28)
	at com.dotcms.junit.CustomDataProviderRunner.runChild(CustomDataProviderRunner.java:13)
	at org.junit.runners.ParentRunner$3.run(ParentRunner.java:290)
	at org.junit.runners.ParentRunner$1.schedule(ParentRunner.java:71)
	at org.junit.runners.ParentRunner.runChildren(ParentRunner.java:288)
	at org.junit.runners.ParentRunner.access$000(ParentRunner.java:58)
	at org.junit.runners.ParentRunner$2.evaluate(ParentRunner.java:268)
	at org.junit.runners.ParentRunner.run(ParentRunner.java:363)
	at com.dotcms.junit.MainBaseSuite$DotRunner.run(MainBaseSuite.java:60)
	at org.junit.runners.Suite.runChild(Suite.java:128)
	at org.junit.runners.Suite.runChild(Suite.java:27)
	at org.junit.runners.ParentRunner$3.run(ParentRunner.java:290)
	at org.junit.runners.ParentRunner$1.schedule(ParentRunner.java:71)
	at org.junit.runners.ParentRunner.runChildren(ParentRunner.java:288)
	at org.junit.runners.ParentRunner.access$000(ParentRunner.java:58)
	at org.junit.runners.ParentRunner$2.evaluate(ParentRunner.java:268)
	at org.junit.runners.ParentRunner.run(ParentRunner.java:363)
	at org.gradle.api.internal.tasks.testing.junit.JUnitTestClassExecutor.runTestClass(JUnitTestClassExecutor.java:106)
	at org.gradle.api.internal.tasks.testing.junit.JUnitTestClassExecutor.execute(JUnitTestClassExecutor.java:58)
	at org.gradle.api.internal.tasks.testing.junit.JUnitTestClassExecutor.execute(JUnitTestClassExecutor.java:38)
	at org.gradle.api.internal.tasks.testing.junit.AbstractJUnitTestClassProcessor.processTestClass(AbstractJUnitTestClassProcessor.java:66)
	at org.gradle.api.internal.tasks.testing.SuiteTestClassProcessor.processTestClass(SuiteTestClassProcessor.java:51)
	at java.base/jdk.internal.reflect.NativeMethodAccessorImpl.invoke0(Native Method)
	at java.base/jdk.internal.reflect.NativeMethodAccessorImpl.invoke(NativeMethodAccessorImpl.java:62)
	at java.base/jdk.internal.reflect.DelegatingMethodAccessorImpl.invoke(DelegatingMethodAccessorImpl.java:43)
	at java.base/java.lang.reflect.Method.invoke(Method.java:566)
	at org.gradle.internal.dispatch.ReflectionDispatch.dispatch(ReflectionDispatch.java:35)
	at org.gradle.internal.dispatch.ReflectionDispatch.dispatch(ReflectionDispatch.java:24)
	at org.gradle.internal.dispatch.ContextClassLoaderDispatch.dispatch(ContextClassLoaderDispatch.java:32)
	at org.gradle.internal.dispatch.ProxyDispatchAdapter$DispatchingInvocationHandler.invoke(ProxyDispatchAdapter.java:93)
	at com.sun.proxy.$Proxy2.processTestClass(Unknown Source)
	at org.gradle.api.internal.tasks.testing.worker.TestWorker.processTestClass(TestWorker.java:117)
	at java.base/jdk.internal.reflect.NativeMethodAccessorImpl.invoke0(Native Method)
	at java.base/jdk.internal.reflect.NativeMethodAccessorImpl.invoke(NativeMethodAccessorImpl.java:62)
	at java.base/jdk.internal.reflect.DelegatingMethodAccessorImpl.invoke(DelegatingMethodAccessorImpl.java:43)
	at java.base/java.lang.reflect.Method.invoke(Method.java:566)
	at org.gradle.internal.dispatch.ReflectionDispatch.dispatch(ReflectionDispatch.java:35)
	at org.gradle.internal.dispatch.ReflectionDispatch.dispatch(ReflectionDispatch.java:24)
	at org.gradle.internal.remote.internal.hub.MessageHubBackedObjectConnection$DispatchWrapper.dispatch(MessageHubBackedObjectConnection.java:155)
	at org.gradle.internal.remote.internal.hub.MessageHubBackedObjectConnection$DispatchWrapper.dispatch(MessageHubBackedObjectConnection.java:137)
	at org.gradle.internal.remote.internal.hub.MessageHub$Handler.run(MessageHub.java:404)
	at org.gradle.internal.concurrent.ExecutorPolicy$CatchAndRecordFailures.onExecute(ExecutorPolicy.java:63)
	at org.gradle.internal.concurrent.ManagedExecutorImpl$1.run(ManagedExecutorImpl.java:46)
	at java.base/java.util.concurrent.ThreadPoolExecutor.runWorker(ThreadPoolExecutor.java:1128)
	at java.base/java.util.concurrent.ThreadPoolExecutor$Worker.run(ThreadPoolExecutor.java:628)
	at org.gradle.internal.concurrent.ThreadFactoryImpl$ManagedThreadRunnable.run(ThreadFactoryImpl.java:55)
	at java.base/java.lang.Thread.run(Thread.java:829)
Caused by: com.dotcms.publishing.DotBundleException: com.dotcms.publisher.util.dependencies.PushPublishigDependencyProcesor : generate()Type not expected: class com.dotmarketing.portlets.folders.model.Folder': Unable to pull content
	at com.dotcms.publisher.util.dependencies.PushPublishigDependencyProcesor.processContentDependency(PushPublishigDependencyProcesor.java:541)
	at com.dotcms.publisher.util.dependencies.PushPublishigDependencyProcesor.lambda$6(PushPublishigDependencyProcesor.java:102)
	at com.dotcms.publisher.util.dependencies.ConcurrentDependencyProcessor$DependencyRunnable.run(ConcurrentDependencyProcessor.java:204)
	at java.base/java.util.concurrent.Executors$RunnableAdapter.call(Executors.java:515)
	at java.base/java.util.concurrent.FutureTask.run(FutureTask.java:264)
	at java.base/java.util.concurrent.ThreadPoolExecutor.runWorker(ThreadPoolExecutor.java:1128)
	at java.base/java.util.concurrent.ThreadPoolExecutor$Worker.run(ThreadPoolExecutor.java:628)
	... 1 more
Caused by: java.lang.IllegalArgumentException: Type not expected: class com.dotmarketing.portlets.folders.model.Folder'
	at com.dotcms.publisher.util.dependencies.DependencyModDateUtil.excludeByModDate(DependencyModDateUtil.java:108)
	at com.dotcms.publisher.util.dependencies.PushPublishigDependencyProcesor.tryToAdd(PushPublishigDependencyProcesor.java:852)
	at com.dotcms.publisher.util.dependencies.PushPublishigDependencyProcesor.tryToAddSilently(PushPublishigDependencyProcesor.java:810)
	at com.dotcms.publisher.util.dependencies.PushPublishigDependencyProcesor.processContentDependency(PushPublishigDependencyProcesor.java:499)
	... 7 more
</pre>
</span>
</div>
<div class="test">
<a name="addAssetInBundle: Contentlet folder and with filterDescriptorNotRelationship"></a>
<h3 class="failures">addAssetInBundle: Contentlet folder and with filterDescriptorNotRelationship</h3>
<span class="code">
<pre>com.dotcms.publishing.DotBundleException: com.dotcms.publisher.util.dependencies.PushPublishigDependencyProcesor : generate()Type not expected: class com.dotmarketing.portlets.folders.model.Folder': Unable to pull content
	at com.dotcms.enterprise.publishing.remote.bundler.DependencyBundler.generate(SourceFile:67)
	at com.dotcms.enterprise.publishing.remote.bundler.DependencyBundlerTest.addAssetInBundle(DependencyBundlerTest.java:1239)
	at jdk.internal.reflect.GeneratedMethodAccessor1628.invoke(Unknown Source)
	at java.base/jdk.internal.reflect.DelegatingMethodAccessorImpl.invoke(DelegatingMethodAccessorImpl.java:43)
	at java.base/java.lang.reflect.Method.invoke(Method.java:566)
	at org.junit.runners.model.FrameworkMethod$1.runReflectiveCall(FrameworkMethod.java:50)
	at org.junit.internal.runners.model.ReflectiveCallable.run(ReflectiveCallable.java:12)
	at org.junit.runners.model.FrameworkMethod.invokeExplosively(FrameworkMethod.java:47)
	at com.tngtech.java.junit.dataprovider.DataProviderFrameworkMethod.invokeExplosively(DataProviderFrameworkMethod.java:119)
	at org.junit.internal.runners.statements.InvokeMethod.evaluate(InvokeMethod.java:17)
	at org.junit.internal.runners.statements.RunBefores.evaluate(RunBefores.java:26)
	at org.junit.rules.TestWatcher$1.evaluate(TestWatcher.java:55)
	at org.junit.rules.RunRules.evaluate(RunRules.java:20)
	at org.junit.runners.ParentRunner.runLeaf(ParentRunner.java:325)
	at com.dotcms.junit.CustomDataProviderRunner.runChild(CustomDataProviderRunner.java:28)
	at com.dotcms.junit.CustomDataProviderRunner.runChild(CustomDataProviderRunner.java:13)
	at org.junit.runners.ParentRunner$3.run(ParentRunner.java:290)
	at org.junit.runners.ParentRunner$1.schedule(ParentRunner.java:71)
	at org.junit.runners.ParentRunner.runChildren(ParentRunner.java:288)
	at org.junit.runners.ParentRunner.access$000(ParentRunner.java:58)
	at org.junit.runners.ParentRunner$2.evaluate(ParentRunner.java:268)
	at org.junit.runners.ParentRunner.run(ParentRunner.java:363)
	at com.dotcms.junit.MainBaseSuite$DotRunner.run(MainBaseSuite.java:60)
	at org.junit.runners.Suite.runChild(Suite.java:128)
	at org.junit.runners.Suite.runChild(Suite.java:27)
	at org.junit.runners.ParentRunner$3.run(ParentRunner.java:290)
	at org.junit.runners.ParentRunner$1.schedule(ParentRunner.java:71)
	at org.junit.runners.ParentRunner.runChildren(ParentRunner.java:288)
	at org.junit.runners.ParentRunner.access$000(ParentRunner.java:58)
	at org.junit.runners.ParentRunner$2.evaluate(ParentRunner.java:268)
	at org.junit.runners.ParentRunner.run(ParentRunner.java:363)
	at org.gradle.api.internal.tasks.testing.junit.JUnitTestClassExecutor.runTestClass(JUnitTestClassExecutor.java:106)
	at org.gradle.api.internal.tasks.testing.junit.JUnitTestClassExecutor.execute(JUnitTestClassExecutor.java:58)
	at org.gradle.api.internal.tasks.testing.junit.JUnitTestClassExecutor.execute(JUnitTestClassExecutor.java:38)
	at org.gradle.api.internal.tasks.testing.junit.AbstractJUnitTestClassProcessor.processTestClass(AbstractJUnitTestClassProcessor.java:66)
	at org.gradle.api.internal.tasks.testing.SuiteTestClassProcessor.processTestClass(SuiteTestClassProcessor.java:51)
	at java.base/jdk.internal.reflect.NativeMethodAccessorImpl.invoke0(Native Method)
	at java.base/jdk.internal.reflect.NativeMethodAccessorImpl.invoke(NativeMethodAccessorImpl.java:62)
	at java.base/jdk.internal.reflect.DelegatingMethodAccessorImpl.invoke(DelegatingMethodAccessorImpl.java:43)
	at java.base/java.lang.reflect.Method.invoke(Method.java:566)
	at org.gradle.internal.dispatch.ReflectionDispatch.dispatch(ReflectionDispatch.java:35)
	at org.gradle.internal.dispatch.ReflectionDispatch.dispatch(ReflectionDispatch.java:24)
	at org.gradle.internal.dispatch.ContextClassLoaderDispatch.dispatch(ContextClassLoaderDispatch.java:32)
	at org.gradle.internal.dispatch.ProxyDispatchAdapter$DispatchingInvocationHandler.invoke(ProxyDispatchAdapter.java:93)
	at com.sun.proxy.$Proxy2.processTestClass(Unknown Source)
	at org.gradle.api.internal.tasks.testing.worker.TestWorker.processTestClass(TestWorker.java:117)
	at java.base/jdk.internal.reflect.NativeMethodAccessorImpl.invoke0(Native Method)
	at java.base/jdk.internal.reflect.NativeMethodAccessorImpl.invoke(NativeMethodAccessorImpl.java:62)
	at java.base/jdk.internal.reflect.DelegatingMethodAccessorImpl.invoke(DelegatingMethodAccessorImpl.java:43)
	at java.base/java.lang.reflect.Method.invoke(Method.java:566)
	at org.gradle.internal.dispatch.ReflectionDispatch.dispatch(ReflectionDispatch.java:35)
	at org.gradle.internal.dispatch.ReflectionDispatch.dispatch(ReflectionDispatch.java:24)
	at org.gradle.internal.remote.internal.hub.MessageHubBackedObjectConnection$DispatchWrapper.dispatch(MessageHubBackedObjectConnection.java:155)
	at org.gradle.internal.remote.internal.hub.MessageHubBackedObjectConnection$DispatchWrapper.dispatch(MessageHubBackedObjectConnection.java:137)
	at org.gradle.internal.remote.internal.hub.MessageHub$Handler.run(MessageHub.java:404)
	at org.gradle.internal.concurrent.ExecutorPolicy$CatchAndRecordFailures.onExecute(ExecutorPolicy.java:63)
	at org.gradle.internal.concurrent.ManagedExecutorImpl$1.run(ManagedExecutorImpl.java:46)
	at java.base/java.util.concurrent.ThreadPoolExecutor.runWorker(ThreadPoolExecutor.java:1128)
	at java.base/java.util.concurrent.ThreadPoolExecutor$Worker.run(ThreadPoolExecutor.java:628)
	at org.gradle.internal.concurrent.ThreadFactoryImpl$ManagedThreadRunnable.run(ThreadFactoryImpl.java:55)
	at java.base/java.lang.Thread.run(Thread.java:829)
Caused by: com.dotcms.publishing.DotBundleException: com.dotcms.publisher.util.dependencies.PushPublishigDependencyProcesor : generate()Type not expected: class com.dotmarketing.portlets.folders.model.Folder': Unable to pull content
	at com.dotcms.publisher.util.dependencies.PushPublishigDependencyProcesor.processContentDependency(PushPublishigDependencyProcesor.java:541)
	at com.dotcms.publisher.util.dependencies.PushPublishigDependencyProcesor.lambda$6(PushPublishigDependencyProcesor.java:102)
	at com.dotcms.publisher.util.dependencies.ConcurrentDependencyProcessor$DependencyRunnable.run(ConcurrentDependencyProcessor.java:204)
	at java.base/java.util.concurrent.Executors$RunnableAdapter.call(Executors.java:515)
	at java.base/java.util.concurrent.FutureTask.run(FutureTask.java:264)
	at java.base/java.util.concurrent.ThreadPoolExecutor.runWorker(ThreadPoolExecutor.java:1128)
	at java.base/java.util.concurrent.ThreadPoolExecutor$Worker.run(ThreadPoolExecutor.java:628)
	... 1 more
Caused by: java.lang.IllegalArgumentException: Type not expected: class com.dotmarketing.portlets.folders.model.Folder'
	at com.dotcms.publisher.util.dependencies.DependencyModDateUtil.excludeByModDate(DependencyModDateUtil.java:108)
	at com.dotcms.publisher.util.dependencies.PushPublishigDependencyProcesor.tryToAdd(PushPublishigDependencyProcesor.java:852)
	at com.dotcms.publisher.util.dependencies.PushPublishigDependencyProcesor.tryToAddSilently(PushPublishigDependencyProcesor.java:810)
	at com.dotcms.publisher.util.dependencies.PushPublishigDependencyProcesor.processContentDependency(PushPublishigDependencyProcesor.java:499)
	... 7 more
</pre>
</span>
</div>
<div class="test">
<a name="addAssetInBundle: Contentlet with Image and filterDescriptorAllDependencies"></a>
<h3 class="failures">addAssetInBundle: Contentlet with Image and filterDescriptorAllDependencies</h3>
<span class="code">
<pre>com.dotcms.publishing.DotBundleException: com.dotcms.publisher.util.dependencies.PushPublishigDependencyProcesor : generate()Type not expected: class com.dotmarketing.portlets.folders.model.Folder': Unable to pull content
	at com.dotcms.enterprise.publishing.remote.bundler.DependencyBundler.generate(SourceFile:67)
	at com.dotcms.enterprise.publishing.remote.bundler.DependencyBundlerTest.addAssetInBundle(DependencyBundlerTest.java:1239)
	at jdk.internal.reflect.GeneratedMethodAccessor1628.invoke(Unknown Source)
	at java.base/jdk.internal.reflect.DelegatingMethodAccessorImpl.invoke(DelegatingMethodAccessorImpl.java:43)
	at java.base/java.lang.reflect.Method.invoke(Method.java:566)
	at org.junit.runners.model.FrameworkMethod$1.runReflectiveCall(FrameworkMethod.java:50)
	at org.junit.internal.runners.model.ReflectiveCallable.run(ReflectiveCallable.java:12)
	at org.junit.runners.model.FrameworkMethod.invokeExplosively(FrameworkMethod.java:47)
	at com.tngtech.java.junit.dataprovider.DataProviderFrameworkMethod.invokeExplosively(DataProviderFrameworkMethod.java:119)
	at org.junit.internal.runners.statements.InvokeMethod.evaluate(InvokeMethod.java:17)
	at org.junit.internal.runners.statements.RunBefores.evaluate(RunBefores.java:26)
	at org.junit.rules.TestWatcher$1.evaluate(TestWatcher.java:55)
	at org.junit.rules.RunRules.evaluate(RunRules.java:20)
	at org.junit.runners.ParentRunner.runLeaf(ParentRunner.java:325)
	at com.dotcms.junit.CustomDataProviderRunner.runChild(CustomDataProviderRunner.java:28)
	at com.dotcms.junit.CustomDataProviderRunner.runChild(CustomDataProviderRunner.java:13)
	at org.junit.runners.ParentRunner$3.run(ParentRunner.java:290)
	at org.junit.runners.ParentRunner$1.schedule(ParentRunner.java:71)
	at org.junit.runners.ParentRunner.runChildren(ParentRunner.java:288)
	at org.junit.runners.ParentRunner.access$000(ParentRunner.java:58)
	at org.junit.runners.ParentRunner$2.evaluate(ParentRunner.java:268)
	at org.junit.runners.ParentRunner.run(ParentRunner.java:363)
	at com.dotcms.junit.MainBaseSuite$DotRunner.run(MainBaseSuite.java:60)
	at org.junit.runners.Suite.runChild(Suite.java:128)
	at org.junit.runners.Suite.runChild(Suite.java:27)
	at org.junit.runners.ParentRunner$3.run(ParentRunner.java:290)
	at org.junit.runners.ParentRunner$1.schedule(ParentRunner.java:71)
	at org.junit.runners.ParentRunner.runChildren(ParentRunner.java:288)
	at org.junit.runners.ParentRunner.access$000(ParentRunner.java:58)
	at org.junit.runners.ParentRunner$2.evaluate(ParentRunner.java:268)
	at org.junit.runners.ParentRunner.run(ParentRunner.java:363)
	at org.gradle.api.internal.tasks.testing.junit.JUnitTestClassExecutor.runTestClass(JUnitTestClassExecutor.java:106)
	at org.gradle.api.internal.tasks.testing.junit.JUnitTestClassExecutor.execute(JUnitTestClassExecutor.java:58)
	at org.gradle.api.internal.tasks.testing.junit.JUnitTestClassExecutor.execute(JUnitTestClassExecutor.java:38)
	at org.gradle.api.internal.tasks.testing.junit.AbstractJUnitTestClassProcessor.processTestClass(AbstractJUnitTestClassProcessor.java:66)
	at org.gradle.api.internal.tasks.testing.SuiteTestClassProcessor.processTestClass(SuiteTestClassProcessor.java:51)
	at java.base/jdk.internal.reflect.NativeMethodAccessorImpl.invoke0(Native Method)
	at java.base/jdk.internal.reflect.NativeMethodAccessorImpl.invoke(NativeMethodAccessorImpl.java:62)
	at java.base/jdk.internal.reflect.DelegatingMethodAccessorImpl.invoke(DelegatingMethodAccessorImpl.java:43)
	at java.base/java.lang.reflect.Method.invoke(Method.java:566)
	at org.gradle.internal.dispatch.ReflectionDispatch.dispatch(ReflectionDispatch.java:35)
	at org.gradle.internal.dispatch.ReflectionDispatch.dispatch(ReflectionDispatch.java:24)
	at org.gradle.internal.dispatch.ContextClassLoaderDispatch.dispatch(ContextClassLoaderDispatch.java:32)
	at org.gradle.internal.dispatch.ProxyDispatchAdapter$DispatchingInvocationHandler.invoke(ProxyDispatchAdapter.java:93)
	at com.sun.proxy.$Proxy2.processTestClass(Unknown Source)
	at org.gradle.api.internal.tasks.testing.worker.TestWorker.processTestClass(TestWorker.java:117)
	at java.base/jdk.internal.reflect.NativeMethodAccessorImpl.invoke0(Native Method)
	at java.base/jdk.internal.reflect.NativeMethodAccessorImpl.invoke(NativeMethodAccessorImpl.java:62)
	at java.base/jdk.internal.reflect.DelegatingMethodAccessorImpl.invoke(DelegatingMethodAccessorImpl.java:43)
	at java.base/java.lang.reflect.Method.invoke(Method.java:566)
	at org.gradle.internal.dispatch.ReflectionDispatch.dispatch(ReflectionDispatch.java:35)
	at org.gradle.internal.dispatch.ReflectionDispatch.dispatch(ReflectionDispatch.java:24)
	at org.gradle.internal.remote.internal.hub.MessageHubBackedObjectConnection$DispatchWrapper.dispatch(MessageHubBackedObjectConnection.java:155)
	at org.gradle.internal.remote.internal.hub.MessageHubBackedObjectConnection$DispatchWrapper.dispatch(MessageHubBackedObjectConnection.java:137)
	at org.gradle.internal.remote.internal.hub.MessageHub$Handler.run(MessageHub.java:404)
	at org.gradle.internal.concurrent.ExecutorPolicy$CatchAndRecordFailures.onExecute(ExecutorPolicy.java:63)
	at org.gradle.internal.concurrent.ManagedExecutorImpl$1.run(ManagedExecutorImpl.java:46)
	at java.base/java.util.concurrent.ThreadPoolExecutor.runWorker(ThreadPoolExecutor.java:1128)
	at java.base/java.util.concurrent.ThreadPoolExecutor$Worker.run(ThreadPoolExecutor.java:628)
	at org.gradle.internal.concurrent.ThreadFactoryImpl$ManagedThreadRunnable.run(ThreadFactoryImpl.java:55)
	at java.base/java.lang.Thread.run(Thread.java:829)
Caused by: com.dotcms.publishing.DotBundleException: com.dotcms.publisher.util.dependencies.PushPublishigDependencyProcesor : generate()Type not expected: class com.dotmarketing.portlets.folders.model.Folder': Unable to pull content
	at com.dotcms.publisher.util.dependencies.PushPublishigDependencyProcesor.processContentDependency(PushPublishigDependencyProcesor.java:541)
	at com.dotcms.publisher.util.dependencies.PushPublishigDependencyProcesor.lambda$6(PushPublishigDependencyProcesor.java:102)
	at com.dotcms.publisher.util.dependencies.ConcurrentDependencyProcessor$DependencyRunnable.run(ConcurrentDependencyProcessor.java:204)
	at java.base/java.util.concurrent.Executors$RunnableAdapter.call(Executors.java:515)
	at java.base/java.util.concurrent.FutureTask.run(FutureTask.java:264)
	at java.base/java.util.concurrent.ThreadPoolExecutor.runWorker(ThreadPoolExecutor.java:1128)
	at java.base/java.util.concurrent.ThreadPoolExecutor$Worker.run(ThreadPoolExecutor.java:628)
	... 1 more
Caused by: java.lang.IllegalArgumentException: Type not expected: class com.dotmarketing.portlets.folders.model.Folder'
	at com.dotcms.publisher.util.dependencies.DependencyModDateUtil.excludeByModDate(DependencyModDateUtil.java:108)
	at com.dotcms.publisher.util.dependencies.PushPublishigDependencyProcesor.tryToAdd(PushPublishigDependencyProcesor.java:852)
	at com.dotcms.publisher.util.dependencies.PushPublishigDependencyProcesor.tryToAddSilently(PushPublishigDependencyProcesor.java:810)
	at com.dotcms.publisher.util.dependencies.PushPublishigDependencyProcesor.processContentDependency(PushPublishigDependencyProcesor.java:499)
	... 7 more
</pre>
</span>
</div>
<div class="test">
<a name="addAssetInBundle: Contentlet with Image and filterDescriptorNotRelationship"></a>
<h3 class="failures">addAssetInBundle: Contentlet with Image and filterDescriptorNotRelationship</h3>
<span class="code">
<pre>com.dotcms.publishing.DotBundleException: com.dotcms.publisher.util.dependencies.PushPublishigDependencyProcesor : generate()Type not expected: class com.dotmarketing.portlets.folders.model.Folder': Unable to pull content
	at com.dotcms.enterprise.publishing.remote.bundler.DependencyBundler.generate(SourceFile:67)
	at com.dotcms.enterprise.publishing.remote.bundler.DependencyBundlerTest.addAssetInBundle(DependencyBundlerTest.java:1239)
	at jdk.internal.reflect.GeneratedMethodAccessor1628.invoke(Unknown Source)
	at java.base/jdk.internal.reflect.DelegatingMethodAccessorImpl.invoke(DelegatingMethodAccessorImpl.java:43)
	at java.base/java.lang.reflect.Method.invoke(Method.java:566)
	at org.junit.runners.model.FrameworkMethod$1.runReflectiveCall(FrameworkMethod.java:50)
	at org.junit.internal.runners.model.ReflectiveCallable.run(ReflectiveCallable.java:12)
	at org.junit.runners.model.FrameworkMethod.invokeExplosively(FrameworkMethod.java:47)
	at com.tngtech.java.junit.dataprovider.DataProviderFrameworkMethod.invokeExplosively(DataProviderFrameworkMethod.java:119)
	at org.junit.internal.runners.statements.InvokeMethod.evaluate(InvokeMethod.java:17)
	at org.junit.internal.runners.statements.RunBefores.evaluate(RunBefores.java:26)
	at org.junit.rules.TestWatcher$1.evaluate(TestWatcher.java:55)
	at org.junit.rules.RunRules.evaluate(RunRules.java:20)
	at org.junit.runners.ParentRunner.runLeaf(ParentRunner.java:325)
	at com.dotcms.junit.CustomDataProviderRunner.runChild(CustomDataProviderRunner.java:28)
	at com.dotcms.junit.CustomDataProviderRunner.runChild(CustomDataProviderRunner.java:13)
	at org.junit.runners.ParentRunner$3.run(ParentRunner.java:290)
	at org.junit.runners.ParentRunner$1.schedule(ParentRunner.java:71)
	at org.junit.runners.ParentRunner.runChildren(ParentRunner.java:288)
	at org.junit.runners.ParentRunner.access$000(ParentRunner.java:58)
	at org.junit.runners.ParentRunner$2.evaluate(ParentRunner.java:268)
	at org.junit.runners.ParentRunner.run(ParentRunner.java:363)
	at com.dotcms.junit.MainBaseSuite$DotRunner.run(MainBaseSuite.java:60)
	at org.junit.runners.Suite.runChild(Suite.java:128)
	at org.junit.runners.Suite.runChild(Suite.java:27)
	at org.junit.runners.ParentRunner$3.run(ParentRunner.java:290)
	at org.junit.runners.ParentRunner$1.schedule(ParentRunner.java:71)
	at org.junit.runners.ParentRunner.runChildren(ParentRunner.java:288)
	at org.junit.runners.ParentRunner.access$000(ParentRunner.java:58)
	at org.junit.runners.ParentRunner$2.evaluate(ParentRunner.java:268)
	at org.junit.runners.ParentRunner.run(ParentRunner.java:363)
	at org.gradle.api.internal.tasks.testing.junit.JUnitTestClassExecutor.runTestClass(JUnitTestClassExecutor.java:106)
	at org.gradle.api.internal.tasks.testing.junit.JUnitTestClassExecutor.execute(JUnitTestClassExecutor.java:58)
	at org.gradle.api.internal.tasks.testing.junit.JUnitTestClassExecutor.execute(JUnitTestClassExecutor.java:38)
	at org.gradle.api.internal.tasks.testing.junit.AbstractJUnitTestClassProcessor.processTestClass(AbstractJUnitTestClassProcessor.java:66)
	at org.gradle.api.internal.tasks.testing.SuiteTestClassProcessor.processTestClass(SuiteTestClassProcessor.java:51)
	at java.base/jdk.internal.reflect.NativeMethodAccessorImpl.invoke0(Native Method)
	at java.base/jdk.internal.reflect.NativeMethodAccessorImpl.invoke(NativeMethodAccessorImpl.java:62)
	at java.base/jdk.internal.reflect.DelegatingMethodAccessorImpl.invoke(DelegatingMethodAccessorImpl.java:43)
	at java.base/java.lang.reflect.Method.invoke(Method.java:566)
	at org.gradle.internal.dispatch.ReflectionDispatch.dispatch(ReflectionDispatch.java:35)
	at org.gradle.internal.dispatch.ReflectionDispatch.dispatch(ReflectionDispatch.java:24)
	at org.gradle.internal.dispatch.ContextClassLoaderDispatch.dispatch(ContextClassLoaderDispatch.java:32)
	at org.gradle.internal.dispatch.ProxyDispatchAdapter$DispatchingInvocationHandler.invoke(ProxyDispatchAdapter.java:93)
	at com.sun.proxy.$Proxy2.processTestClass(Unknown Source)
	at org.gradle.api.internal.tasks.testing.worker.TestWorker.processTestClass(TestWorker.java:117)
	at java.base/jdk.internal.reflect.NativeMethodAccessorImpl.invoke0(Native Method)
	at java.base/jdk.internal.reflect.NativeMethodAccessorImpl.invoke(NativeMethodAccessorImpl.java:62)
	at java.base/jdk.internal.reflect.DelegatingMethodAccessorImpl.invoke(DelegatingMethodAccessorImpl.java:43)
	at java.base/java.lang.reflect.Method.invoke(Method.java:566)
	at org.gradle.internal.dispatch.ReflectionDispatch.dispatch(ReflectionDispatch.java:35)
	at org.gradle.internal.dispatch.ReflectionDispatch.dispatch(ReflectionDispatch.java:24)
	at org.gradle.internal.remote.internal.hub.MessageHubBackedObjectConnection$DispatchWrapper.dispatch(MessageHubBackedObjectConnection.java:155)
	at org.gradle.internal.remote.internal.hub.MessageHubBackedObjectConnection$DispatchWrapper.dispatch(MessageHubBackedObjectConnection.java:137)
	at org.gradle.internal.remote.internal.hub.MessageHub$Handler.run(MessageHub.java:404)
	at org.gradle.internal.concurrent.ExecutorPolicy$CatchAndRecordFailures.onExecute(ExecutorPolicy.java:63)
	at org.gradle.internal.concurrent.ManagedExecutorImpl$1.run(ManagedExecutorImpl.java:46)
	at java.base/java.util.concurrent.ThreadPoolExecutor.runWorker(ThreadPoolExecutor.java:1128)
	at java.base/java.util.concurrent.ThreadPoolExecutor$Worker.run(ThreadPoolExecutor.java:628)
	at org.gradle.internal.concurrent.ThreadFactoryImpl$ManagedThreadRunnable.run(ThreadFactoryImpl.java:55)
	at java.base/java.lang.Thread.run(Thread.java:829)
Caused by: com.dotcms.publishing.DotBundleException: com.dotcms.publisher.util.dependencies.PushPublishigDependencyProcesor : generate()Type not expected: class com.dotmarketing.portlets.folders.model.Folder': Unable to pull content
	at com.dotcms.publisher.util.dependencies.PushPublishigDependencyProcesor.processContentDependency(PushPublishigDependencyProcesor.java:541)
	at com.dotcms.publisher.util.dependencies.PushPublishigDependencyProcesor.lambda$6(PushPublishigDependencyProcesor.java:102)
	at com.dotcms.publisher.util.dependencies.ConcurrentDependencyProcessor$DependencyRunnable.run(ConcurrentDependencyProcessor.java:204)
	at java.base/java.util.concurrent.Executors$RunnableAdapter.call(Executors.java:515)
	at java.base/java.util.concurrent.FutureTask.run(FutureTask.java:264)
	at java.base/java.util.concurrent.ThreadPoolExecutor.runWorker(ThreadPoolExecutor.java:1128)
	at java.base/java.util.concurrent.ThreadPoolExecutor$Worker.run(ThreadPoolExecutor.java:628)
	... 1 more
Caused by: java.lang.IllegalArgumentException: Type not expected: class com.dotmarketing.portlets.folders.model.Folder'
	at com.dotcms.publisher.util.dependencies.DependencyModDateUtil.excludeByModDate(DependencyModDateUtil.java:108)
	at com.dotcms.publisher.util.dependencies.PushPublishigDependencyProcesor.tryToAdd(PushPublishigDependencyProcesor.java:852)
	at com.dotcms.publisher.util.dependencies.PushPublishigDependencyProcesor.tryToAddSilently(PushPublishigDependencyProcesor.java:810)
	at com.dotcms.publisher.util.dependencies.PushPublishigDependencyProcesor.processContentDependency(PushPublishigDependencyProcesor.java:499)
	... 7 more
</pre>
</span>
</div>
<div class="test">
<a name="addAssetInBundle: Contentlet with folder and filterDescriptorAllDependencies"></a>
<h3 class="failures">addAssetInBundle: Contentlet with folder and filterDescriptorAllDependencies</h3>
<span class="code">
<pre>com.dotcms.publishing.DotBundleException: com.dotcms.publisher.util.dependencies.PushPublishigDependencyProcesor : generate()Type not expected: class com.dotmarketing.portlets.folders.model.Folder': Unable to pull content
	at com.dotcms.enterprise.publishing.remote.bundler.DependencyBundler.generate(SourceFile:67)
	at com.dotcms.enterprise.publishing.remote.bundler.DependencyBundlerTest.addAssetInBundle(DependencyBundlerTest.java:1239)
	at jdk.internal.reflect.GeneratedMethodAccessor1628.invoke(Unknown Source)
	at java.base/jdk.internal.reflect.DelegatingMethodAccessorImpl.invoke(DelegatingMethodAccessorImpl.java:43)
	at java.base/java.lang.reflect.Method.invoke(Method.java:566)
	at org.junit.runners.model.FrameworkMethod$1.runReflectiveCall(FrameworkMethod.java:50)
	at org.junit.internal.runners.model.ReflectiveCallable.run(ReflectiveCallable.java:12)
	at org.junit.runners.model.FrameworkMethod.invokeExplosively(FrameworkMethod.java:47)
	at com.tngtech.java.junit.dataprovider.DataProviderFrameworkMethod.invokeExplosively(DataProviderFrameworkMethod.java:119)
	at org.junit.internal.runners.statements.InvokeMethod.evaluate(InvokeMethod.java:17)
	at org.junit.internal.runners.statements.RunBefores.evaluate(RunBefores.java:26)
	at org.junit.rules.TestWatcher$1.evaluate(TestWatcher.java:55)
	at org.junit.rules.RunRules.evaluate(RunRules.java:20)
	at org.junit.runners.ParentRunner.runLeaf(ParentRunner.java:325)
	at com.dotcms.junit.CustomDataProviderRunner.runChild(CustomDataProviderRunner.java:28)
	at com.dotcms.junit.CustomDataProviderRunner.runChild(CustomDataProviderRunner.java:13)
	at org.junit.runners.ParentRunner$3.run(ParentRunner.java:290)
	at org.junit.runners.ParentRunner$1.schedule(ParentRunner.java:71)
	at org.junit.runners.ParentRunner.runChildren(ParentRunner.java:288)
	at org.junit.runners.ParentRunner.access$000(ParentRunner.java:58)
	at org.junit.runners.ParentRunner$2.evaluate(ParentRunner.java:268)
	at org.junit.runners.ParentRunner.run(ParentRunner.java:363)
	at com.dotcms.junit.MainBaseSuite$DotRunner.run(MainBaseSuite.java:60)
	at org.junit.runners.Suite.runChild(Suite.java:128)
	at org.junit.runners.Suite.runChild(Suite.java:27)
	at org.junit.runners.ParentRunner$3.run(ParentRunner.java:290)
	at org.junit.runners.ParentRunner$1.schedule(ParentRunner.java:71)
	at org.junit.runners.ParentRunner.runChildren(ParentRunner.java:288)
	at org.junit.runners.ParentRunner.access$000(ParentRunner.java:58)
	at org.junit.runners.ParentRunner$2.evaluate(ParentRunner.java:268)
	at org.junit.runners.ParentRunner.run(ParentRunner.java:363)
	at org.gradle.api.internal.tasks.testing.junit.JUnitTestClassExecutor.runTestClass(JUnitTestClassExecutor.java:106)
	at org.gradle.api.internal.tasks.testing.junit.JUnitTestClassExecutor.execute(JUnitTestClassExecutor.java:58)
	at org.gradle.api.internal.tasks.testing.junit.JUnitTestClassExecutor.execute(JUnitTestClassExecutor.java:38)
	at org.gradle.api.internal.tasks.testing.junit.AbstractJUnitTestClassProcessor.processTestClass(AbstractJUnitTestClassProcessor.java:66)
	at org.gradle.api.internal.tasks.testing.SuiteTestClassProcessor.processTestClass(SuiteTestClassProcessor.java:51)
	at java.base/jdk.internal.reflect.NativeMethodAccessorImpl.invoke0(Native Method)
	at java.base/jdk.internal.reflect.NativeMethodAccessorImpl.invoke(NativeMethodAccessorImpl.java:62)
	at java.base/jdk.internal.reflect.DelegatingMethodAccessorImpl.invoke(DelegatingMethodAccessorImpl.java:43)
	at java.base/java.lang.reflect.Method.invoke(Method.java:566)
	at org.gradle.internal.dispatch.ReflectionDispatch.dispatch(ReflectionDispatch.java:35)
	at org.gradle.internal.dispatch.ReflectionDispatch.dispatch(ReflectionDispatch.java:24)
	at org.gradle.internal.dispatch.ContextClassLoaderDispatch.dispatch(ContextClassLoaderDispatch.java:32)
	at org.gradle.internal.dispatch.ProxyDispatchAdapter$DispatchingInvocationHandler.invoke(ProxyDispatchAdapter.java:93)
	at com.sun.proxy.$Proxy2.processTestClass(Unknown Source)
	at org.gradle.api.internal.tasks.testing.worker.TestWorker.processTestClass(TestWorker.java:117)
	at java.base/jdk.internal.reflect.NativeMethodAccessorImpl.invoke0(Native Method)
	at java.base/jdk.internal.reflect.NativeMethodAccessorImpl.invoke(NativeMethodAccessorImpl.java:62)
	at java.base/jdk.internal.reflect.DelegatingMethodAccessorImpl.invoke(DelegatingMethodAccessorImpl.java:43)
	at java.base/java.lang.reflect.Method.invoke(Method.java:566)
	at org.gradle.internal.dispatch.ReflectionDispatch.dispatch(ReflectionDispatch.java:35)
	at org.gradle.internal.dispatch.ReflectionDispatch.dispatch(ReflectionDispatch.java:24)
	at org.gradle.internal.remote.internal.hub.MessageHubBackedObjectConnection$DispatchWrapper.dispatch(MessageHubBackedObjectConnection.java:155)
	at org.gradle.internal.remote.internal.hub.MessageHubBackedObjectConnection$DispatchWrapper.dispatch(MessageHubBackedObjectConnection.java:137)
	at org.gradle.internal.remote.internal.hub.MessageHub$Handler.run(MessageHub.java:404)
	at org.gradle.internal.concurrent.ExecutorPolicy$CatchAndRecordFailures.onExecute(ExecutorPolicy.java:63)
	at org.gradle.internal.concurrent.ManagedExecutorImpl$1.run(ManagedExecutorImpl.java:46)
	at java.base/java.util.concurrent.ThreadPoolExecutor.runWorker(ThreadPoolExecutor.java:1128)
	at java.base/java.util.concurrent.ThreadPoolExecutor$Worker.run(ThreadPoolExecutor.java:628)
	at org.gradle.internal.concurrent.ThreadFactoryImpl$ManagedThreadRunnable.run(ThreadFactoryImpl.java:55)
	at java.base/java.lang.Thread.run(Thread.java:829)
Caused by: com.dotcms.publishing.DotBundleException: com.dotcms.publisher.util.dependencies.PushPublishigDependencyProcesor : generate()Type not expected: class com.dotmarketing.portlets.folders.model.Folder': Unable to pull content
	at com.dotcms.publisher.util.dependencies.PushPublishigDependencyProcesor.processContentDependency(PushPublishigDependencyProcesor.java:541)
	at com.dotcms.publisher.util.dependencies.PushPublishigDependencyProcesor.lambda$6(PushPublishigDependencyProcesor.java:102)
	at com.dotcms.publisher.util.dependencies.ConcurrentDependencyProcessor$DependencyRunnable.run(ConcurrentDependencyProcessor.java:204)
	at java.base/java.util.concurrent.Executors$RunnableAdapter.call(Executors.java:515)
	at java.base/java.util.concurrent.FutureTask.run(FutureTask.java:264)
	at java.base/java.util.concurrent.ThreadPoolExecutor.runWorker(ThreadPoolExecutor.java:1128)
	at java.base/java.util.concurrent.ThreadPoolExecutor$Worker.run(ThreadPoolExecutor.java:628)
	... 1 more
Caused by: java.lang.IllegalArgumentException: Type not expected: class com.dotmarketing.portlets.folders.model.Folder'
	at com.dotcms.publisher.util.dependencies.DependencyModDateUtil.excludeByModDate(DependencyModDateUtil.java:108)
	at com.dotcms.publisher.util.dependencies.PushPublishigDependencyProcesor.tryToAdd(PushPublishigDependencyProcesor.java:852)
	at com.dotcms.publisher.util.dependencies.PushPublishigDependencyProcesor.tryToAddSilently(PushPublishigDependencyProcesor.java:810)
	at com.dotcms.publisher.util.dependencies.PushPublishigDependencyProcesor.processContentDependency(PushPublishigDependencyProcesor.java:499)
	... 7 more
</pre>
</span>
</div>
<div class="test">
<a name="addAssetInBundle: Contentype with Folder and filterDescriptorAllDependencies"></a>
<h3 class="failures">addAssetInBundle: Contentype with Folder and filterDescriptorAllDependencies</h3>
<span class="code">
<pre>com.dotcms.publishing.DotBundleException: Type not expected: class com.dotmarketing.portlets.folders.model.Folder'
	at com.dotcms.enterprise.publishing.remote.bundler.DependencyBundler.generate(SourceFile:67)
	at com.dotcms.enterprise.publishing.remote.bundler.DependencyBundlerTest.addAssetInBundle(DependencyBundlerTest.java:1239)
	at java.base/jdk.internal.reflect.NativeMethodAccessorImpl.invoke0(Native Method)
	at java.base/jdk.internal.reflect.NativeMethodAccessorImpl.invoke(NativeMethodAccessorImpl.java:62)
	at java.base/jdk.internal.reflect.DelegatingMethodAccessorImpl.invoke(DelegatingMethodAccessorImpl.java:43)
	at java.base/java.lang.reflect.Method.invoke(Method.java:566)
	at org.junit.runners.model.FrameworkMethod$1.runReflectiveCall(FrameworkMethod.java:50)
	at org.junit.internal.runners.model.ReflectiveCallable.run(ReflectiveCallable.java:12)
	at org.junit.runners.model.FrameworkMethod.invokeExplosively(FrameworkMethod.java:47)
	at com.tngtech.java.junit.dataprovider.DataProviderFrameworkMethod.invokeExplosively(DataProviderFrameworkMethod.java:119)
	at org.junit.internal.runners.statements.InvokeMethod.evaluate(InvokeMethod.java:17)
	at org.junit.internal.runners.statements.RunBefores.evaluate(RunBefores.java:26)
	at org.junit.rules.TestWatcher$1.evaluate(TestWatcher.java:55)
	at org.junit.rules.RunRules.evaluate(RunRules.java:20)
	at org.junit.runners.ParentRunner.runLeaf(ParentRunner.java:325)
	at com.dotcms.junit.CustomDataProviderRunner.runChild(CustomDataProviderRunner.java:28)
	at com.dotcms.junit.CustomDataProviderRunner.runChild(CustomDataProviderRunner.java:13)
	at org.junit.runners.ParentRunner$3.run(ParentRunner.java:290)
	at org.junit.runners.ParentRunner$1.schedule(ParentRunner.java:71)
	at org.junit.runners.ParentRunner.runChildren(ParentRunner.java:288)
	at org.junit.runners.ParentRunner.access$000(ParentRunner.java:58)
	at org.junit.runners.ParentRunner$2.evaluate(ParentRunner.java:268)
	at org.junit.runners.ParentRunner.run(ParentRunner.java:363)
	at com.dotcms.junit.MainBaseSuite$DotRunner.run(MainBaseSuite.java:60)
	at org.junit.runners.Suite.runChild(Suite.java:128)
	at org.junit.runners.Suite.runChild(Suite.java:27)
	at org.junit.runners.ParentRunner$3.run(ParentRunner.java:290)
	at org.junit.runners.ParentRunner$1.schedule(ParentRunner.java:71)
	at org.junit.runners.ParentRunner.runChildren(ParentRunner.java:288)
	at org.junit.runners.ParentRunner.access$000(ParentRunner.java:58)
	at org.junit.runners.ParentRunner$2.evaluate(ParentRunner.java:268)
	at org.junit.runners.ParentRunner.run(ParentRunner.java:363)
	at org.gradle.api.internal.tasks.testing.junit.JUnitTestClassExecutor.runTestClass(JUnitTestClassExecutor.java:106)
	at org.gradle.api.internal.tasks.testing.junit.JUnitTestClassExecutor.execute(JUnitTestClassExecutor.java:58)
	at org.gradle.api.internal.tasks.testing.junit.JUnitTestClassExecutor.execute(JUnitTestClassExecutor.java:38)
	at org.gradle.api.internal.tasks.testing.junit.AbstractJUnitTestClassProcessor.processTestClass(AbstractJUnitTestClassProcessor.java:66)
	at org.gradle.api.internal.tasks.testing.SuiteTestClassProcessor.processTestClass(SuiteTestClassProcessor.java:51)
	at java.base/jdk.internal.reflect.NativeMethodAccessorImpl.invoke0(Native Method)
	at java.base/jdk.internal.reflect.NativeMethodAccessorImpl.invoke(NativeMethodAccessorImpl.java:62)
	at java.base/jdk.internal.reflect.DelegatingMethodAccessorImpl.invoke(DelegatingMethodAccessorImpl.java:43)
	at java.base/java.lang.reflect.Method.invoke(Method.java:566)
	at org.gradle.internal.dispatch.ReflectionDispatch.dispatch(ReflectionDispatch.java:35)
	at org.gradle.internal.dispatch.ReflectionDispatch.dispatch(ReflectionDispatch.java:24)
	at org.gradle.internal.dispatch.ContextClassLoaderDispatch.dispatch(ContextClassLoaderDispatch.java:32)
	at org.gradle.internal.dispatch.ProxyDispatchAdapter$DispatchingInvocationHandler.invoke(ProxyDispatchAdapter.java:93)
	at com.sun.proxy.$Proxy2.processTestClass(Unknown Source)
	at org.gradle.api.internal.tasks.testing.worker.TestWorker.processTestClass(TestWorker.java:117)
	at java.base/jdk.internal.reflect.NativeMethodAccessorImpl.invoke0(Native Method)
	at java.base/jdk.internal.reflect.NativeMethodAccessorImpl.invoke(NativeMethodAccessorImpl.java:62)
	at java.base/jdk.internal.reflect.DelegatingMethodAccessorImpl.invoke(DelegatingMethodAccessorImpl.java:43)
	at java.base/java.lang.reflect.Method.invoke(Method.java:566)
	at org.gradle.internal.dispatch.ReflectionDispatch.dispatch(ReflectionDispatch.java:35)
	at org.gradle.internal.dispatch.ReflectionDispatch.dispatch(ReflectionDispatch.java:24)
	at org.gradle.internal.remote.internal.hub.MessageHubBackedObjectConnection$DispatchWrapper.dispatch(MessageHubBackedObjectConnection.java:155)
	at org.gradle.internal.remote.internal.hub.MessageHubBackedObjectConnection$DispatchWrapper.dispatch(MessageHubBackedObjectConnection.java:137)
	at org.gradle.internal.remote.internal.hub.MessageHub$Handler.run(MessageHub.java:404)
	at org.gradle.internal.concurrent.ExecutorPolicy$CatchAndRecordFailures.onExecute(ExecutorPolicy.java:63)
	at org.gradle.internal.concurrent.ManagedExecutorImpl$1.run(ManagedExecutorImpl.java:46)
	at java.base/java.util.concurrent.ThreadPoolExecutor.runWorker(ThreadPoolExecutor.java:1128)
	at java.base/java.util.concurrent.ThreadPoolExecutor$Worker.run(ThreadPoolExecutor.java:628)
	at org.gradle.internal.concurrent.ThreadFactoryImpl$ManagedThreadRunnable.run(ThreadFactoryImpl.java:55)
	at java.base/java.lang.Thread.run(Thread.java:829)
Caused by: com.dotcms.publishing.DotBundleException: Type not expected: class com.dotmarketing.portlets.folders.model.Folder'
	at com.dotcms.publisher.util.dependencies.DependencyManager.setDependencies(DependencyManager.java:342)
	at com.dotcms.enterprise.publishing.remote.bundler.DependencyBundler.generate(SourceFile:64)
	... 61 more
Caused by: java.lang.IllegalArgumentException: Type not expected: class com.dotmarketing.portlets.folders.model.Folder'
	at com.dotcms.publisher.util.dependencies.DependencyModDateUtil.excludeByModDate(DependencyModDateUtil.java:108)
	at com.dotcms.publisher.util.dependencies.PushPublishigDependencyProcesor.tryToAdd(PushPublishigDependencyProcesor.java:852)
	at com.dotcms.publisher.util.dependencies.PushPublishigDependencyProcesor.tryToAddSilently(PushPublishigDependencyProcesor.java:810)
	at com.dotcms.publisher.util.dependencies.PushPublishigDependencyProcesor.processContentTypeDependency(PushPublishigDependencyProcesor.java:342)
	at com.dotcms.publisher.util.dependencies.PushPublishigDependencyProcesor.lambda$4(PushPublishigDependencyProcesor.java:95)
	at com.dotcms.publisher.util.dependencies.ConcurrentDependencyProcessor$DependencyRunnable.run(ConcurrentDependencyProcessor.java:204)
	at java.base/java.util.concurrent.Executors$RunnableAdapter.call(Executors.java:515)
	at java.base/java.util.concurrent.FutureTask.run(FutureTask.java:264)
	at java.base/java.util.concurrent.ThreadPoolExecutor.runWorker(ThreadPoolExecutor.java:1128)
	at java.base/java.util.concurrent.ThreadPoolExecutor$Worker.run(ThreadPoolExecutor.java:628)
	... 1 more
</pre>
</span>
</div>
<div class="test">
<a name="addAssetInBundle: Contentype with Folder and filterDescriptorNotRelationship"></a>
<h3 class="failures">addAssetInBundle: Contentype with Folder and filterDescriptorNotRelationship</h3>
<span class="code">
<pre>com.dotcms.publishing.DotBundleException: Type not expected: class com.dotmarketing.portlets.folders.model.Folder'
	at com.dotcms.enterprise.publishing.remote.bundler.DependencyBundler.generate(SourceFile:67)
	at com.dotcms.enterprise.publishing.remote.bundler.DependencyBundlerTest.addAssetInBundle(DependencyBundlerTest.java:1239)
	at java.base/jdk.internal.reflect.NativeMethodAccessorImpl.invoke0(Native Method)
	at java.base/jdk.internal.reflect.NativeMethodAccessorImpl.invoke(NativeMethodAccessorImpl.java:62)
	at java.base/jdk.internal.reflect.DelegatingMethodAccessorImpl.invoke(DelegatingMethodAccessorImpl.java:43)
	at java.base/java.lang.reflect.Method.invoke(Method.java:566)
	at org.junit.runners.model.FrameworkMethod$1.runReflectiveCall(FrameworkMethod.java:50)
	at org.junit.internal.runners.model.ReflectiveCallable.run(ReflectiveCallable.java:12)
	at org.junit.runners.model.FrameworkMethod.invokeExplosively(FrameworkMethod.java:47)
	at com.tngtech.java.junit.dataprovider.DataProviderFrameworkMethod.invokeExplosively(DataProviderFrameworkMethod.java:119)
	at org.junit.internal.runners.statements.InvokeMethod.evaluate(InvokeMethod.java:17)
	at org.junit.internal.runners.statements.RunBefores.evaluate(RunBefores.java:26)
	at org.junit.rules.TestWatcher$1.evaluate(TestWatcher.java:55)
	at org.junit.rules.RunRules.evaluate(RunRules.java:20)
	at org.junit.runners.ParentRunner.runLeaf(ParentRunner.java:325)
	at com.dotcms.junit.CustomDataProviderRunner.runChild(CustomDataProviderRunner.java:28)
	at com.dotcms.junit.CustomDataProviderRunner.runChild(CustomDataProviderRunner.java:13)
	at org.junit.runners.ParentRunner$3.run(ParentRunner.java:290)
	at org.junit.runners.ParentRunner$1.schedule(ParentRunner.java:71)
	at org.junit.runners.ParentRunner.runChildren(ParentRunner.java:288)
	at org.junit.runners.ParentRunner.access$000(ParentRunner.java:58)
	at org.junit.runners.ParentRunner$2.evaluate(ParentRunner.java:268)
	at org.junit.runners.ParentRunner.run(ParentRunner.java:363)
	at com.dotcms.junit.MainBaseSuite$DotRunner.run(MainBaseSuite.java:60)
	at org.junit.runners.Suite.runChild(Suite.java:128)
	at org.junit.runners.Suite.runChild(Suite.java:27)
	at org.junit.runners.ParentRunner$3.run(ParentRunner.java:290)
	at org.junit.runners.ParentRunner$1.schedule(ParentRunner.java:71)
	at org.junit.runners.ParentRunner.runChildren(ParentRunner.java:288)
	at org.junit.runners.ParentRunner.access$000(ParentRunner.java:58)
	at org.junit.runners.ParentRunner$2.evaluate(ParentRunner.java:268)
	at org.junit.runners.ParentRunner.run(ParentRunner.java:363)
	at org.gradle.api.internal.tasks.testing.junit.JUnitTestClassExecutor.runTestClass(JUnitTestClassExecutor.java:106)
	at org.gradle.api.internal.tasks.testing.junit.JUnitTestClassExecutor.execute(JUnitTestClassExecutor.java:58)
	at org.gradle.api.internal.tasks.testing.junit.JUnitTestClassExecutor.execute(JUnitTestClassExecutor.java:38)
	at org.gradle.api.internal.tasks.testing.junit.AbstractJUnitTestClassProcessor.processTestClass(AbstractJUnitTestClassProcessor.java:66)
	at org.gradle.api.internal.tasks.testing.SuiteTestClassProcessor.processTestClass(SuiteTestClassProcessor.java:51)
	at java.base/jdk.internal.reflect.NativeMethodAccessorImpl.invoke0(Native Method)
	at java.base/jdk.internal.reflect.NativeMethodAccessorImpl.invoke(NativeMethodAccessorImpl.java:62)
	at java.base/jdk.internal.reflect.DelegatingMethodAccessorImpl.invoke(DelegatingMethodAccessorImpl.java:43)
	at java.base/java.lang.reflect.Method.invoke(Method.java:566)
	at org.gradle.internal.dispatch.ReflectionDispatch.dispatch(ReflectionDispatch.java:35)
	at org.gradle.internal.dispatch.ReflectionDispatch.dispatch(ReflectionDispatch.java:24)
	at org.gradle.internal.dispatch.ContextClassLoaderDispatch.dispatch(ContextClassLoaderDispatch.java:32)
	at org.gradle.internal.dispatch.ProxyDispatchAdapter$DispatchingInvocationHandler.invoke(ProxyDispatchAdapter.java:93)
	at com.sun.proxy.$Proxy2.processTestClass(Unknown Source)
	at org.gradle.api.internal.tasks.testing.worker.TestWorker.processTestClass(TestWorker.java:117)
	at java.base/jdk.internal.reflect.NativeMethodAccessorImpl.invoke0(Native Method)
	at java.base/jdk.internal.reflect.NativeMethodAccessorImpl.invoke(NativeMethodAccessorImpl.java:62)
	at java.base/jdk.internal.reflect.DelegatingMethodAccessorImpl.invoke(DelegatingMethodAccessorImpl.java:43)
	at java.base/java.lang.reflect.Method.invoke(Method.java:566)
	at org.gradle.internal.dispatch.ReflectionDispatch.dispatch(ReflectionDispatch.java:35)
	at org.gradle.internal.dispatch.ReflectionDispatch.dispatch(ReflectionDispatch.java:24)
	at org.gradle.internal.remote.internal.hub.MessageHubBackedObjectConnection$DispatchWrapper.dispatch(MessageHubBackedObjectConnection.java:155)
	at org.gradle.internal.remote.internal.hub.MessageHubBackedObjectConnection$DispatchWrapper.dispatch(MessageHubBackedObjectConnection.java:137)
	at org.gradle.internal.remote.internal.hub.MessageHub$Handler.run(MessageHub.java:404)
	at org.gradle.internal.concurrent.ExecutorPolicy$CatchAndRecordFailures.onExecute(ExecutorPolicy.java:63)
	at org.gradle.internal.concurrent.ManagedExecutorImpl$1.run(ManagedExecutorImpl.java:46)
	at java.base/java.util.concurrent.ThreadPoolExecutor.runWorker(ThreadPoolExecutor.java:1128)
	at java.base/java.util.concurrent.ThreadPoolExecutor$Worker.run(ThreadPoolExecutor.java:628)
	at org.gradle.internal.concurrent.ThreadFactoryImpl$ManagedThreadRunnable.run(ThreadFactoryImpl.java:55)
	at java.base/java.lang.Thread.run(Thread.java:829)
Caused by: com.dotcms.publishing.DotBundleException: Type not expected: class com.dotmarketing.portlets.folders.model.Folder'
	at com.dotcms.publisher.util.dependencies.DependencyManager.setDependencies(DependencyManager.java:342)
	at com.dotcms.enterprise.publishing.remote.bundler.DependencyBundler.generate(SourceFile:64)
	... 61 more
Caused by: java.lang.IllegalArgumentException: Type not expected: class com.dotmarketing.portlets.folders.model.Folder'
	at com.dotcms.publisher.util.dependencies.DependencyModDateUtil.excludeByModDate(DependencyModDateUtil.java:108)
	at com.dotcms.publisher.util.dependencies.PushPublishigDependencyProcesor.tryToAdd(PushPublishigDependencyProcesor.java:852)
	at com.dotcms.publisher.util.dependencies.PushPublishigDependencyProcesor.tryToAddSilently(PushPublishigDependencyProcesor.java:810)
	at com.dotcms.publisher.util.dependencies.PushPublishigDependencyProcesor.processContentTypeDependency(PushPublishigDependencyProcesor.java:342)
	at com.dotcms.publisher.util.dependencies.PushPublishigDependencyProcesor.lambda$4(PushPublishigDependencyProcesor.java:95)
	at com.dotcms.publisher.util.dependencies.ConcurrentDependencyProcessor$DependencyRunnable.run(ConcurrentDependencyProcessor.java:204)
	at java.base/java.util.concurrent.Executors$RunnableAdapter.call(Executors.java:515)
	at java.base/java.util.concurrent.FutureTask.run(FutureTask.java:264)
	at java.base/java.util.concurrent.ThreadPoolExecutor.runWorker(ThreadPoolExecutor.java:1128)
	at java.base/java.util.concurrent.ThreadPoolExecutor$Worker.run(ThreadPoolExecutor.java:628)
	... 1 more
</pre>
</span>
</div>
<div class="test">
<a name="addAssetInBundle: Folder with Subfolder and filterDescriptorAllDependencies"></a>
<h3 class="failures">addAssetInBundle: Folder with Subfolder and filterDescriptorAllDependencies</h3>
<span class="code">
<pre>com.dotcms.publishing.DotBundleException: Type not expected: class com.dotmarketing.portlets.folders.model.Folder'
	at com.dotcms.enterprise.publishing.remote.bundler.DependencyBundler.generate(SourceFile:67)
	at com.dotcms.enterprise.publishing.remote.bundler.DependencyBundlerTest.addAssetInBundle(DependencyBundlerTest.java:1239)
	at jdk.internal.reflect.GeneratedMethodAccessor1628.invoke(Unknown Source)
	at java.base/jdk.internal.reflect.DelegatingMethodAccessorImpl.invoke(DelegatingMethodAccessorImpl.java:43)
	at java.base/java.lang.reflect.Method.invoke(Method.java:566)
	at org.junit.runners.model.FrameworkMethod$1.runReflectiveCall(FrameworkMethod.java:50)
	at org.junit.internal.runners.model.ReflectiveCallable.run(ReflectiveCallable.java:12)
	at org.junit.runners.model.FrameworkMethod.invokeExplosively(FrameworkMethod.java:47)
	at com.tngtech.java.junit.dataprovider.DataProviderFrameworkMethod.invokeExplosively(DataProviderFrameworkMethod.java:119)
	at org.junit.internal.runners.statements.InvokeMethod.evaluate(InvokeMethod.java:17)
	at org.junit.internal.runners.statements.RunBefores.evaluate(RunBefores.java:26)
	at org.junit.rules.TestWatcher$1.evaluate(TestWatcher.java:55)
	at org.junit.rules.RunRules.evaluate(RunRules.java:20)
	at org.junit.runners.ParentRunner.runLeaf(ParentRunner.java:325)
	at com.dotcms.junit.CustomDataProviderRunner.runChild(CustomDataProviderRunner.java:28)
	at com.dotcms.junit.CustomDataProviderRunner.runChild(CustomDataProviderRunner.java:13)
	at org.junit.runners.ParentRunner$3.run(ParentRunner.java:290)
	at org.junit.runners.ParentRunner$1.schedule(ParentRunner.java:71)
	at org.junit.runners.ParentRunner.runChildren(ParentRunner.java:288)
	at org.junit.runners.ParentRunner.access$000(ParentRunner.java:58)
	at org.junit.runners.ParentRunner$2.evaluate(ParentRunner.java:268)
	at org.junit.runners.ParentRunner.run(ParentRunner.java:363)
	at com.dotcms.junit.MainBaseSuite$DotRunner.run(MainBaseSuite.java:60)
	at org.junit.runners.Suite.runChild(Suite.java:128)
	at org.junit.runners.Suite.runChild(Suite.java:27)
	at org.junit.runners.ParentRunner$3.run(ParentRunner.java:290)
	at org.junit.runners.ParentRunner$1.schedule(ParentRunner.java:71)
	at org.junit.runners.ParentRunner.runChildren(ParentRunner.java:288)
	at org.junit.runners.ParentRunner.access$000(ParentRunner.java:58)
	at org.junit.runners.ParentRunner$2.evaluate(ParentRunner.java:268)
	at org.junit.runners.ParentRunner.run(ParentRunner.java:363)
	at org.gradle.api.internal.tasks.testing.junit.JUnitTestClassExecutor.runTestClass(JUnitTestClassExecutor.java:106)
	at org.gradle.api.internal.tasks.testing.junit.JUnitTestClassExecutor.execute(JUnitTestClassExecutor.java:58)
	at org.gradle.api.internal.tasks.testing.junit.JUnitTestClassExecutor.execute(JUnitTestClassExecutor.java:38)
	at org.gradle.api.internal.tasks.testing.junit.AbstractJUnitTestClassProcessor.processTestClass(AbstractJUnitTestClassProcessor.java:66)
	at org.gradle.api.internal.tasks.testing.SuiteTestClassProcessor.processTestClass(SuiteTestClassProcessor.java:51)
	at java.base/jdk.internal.reflect.NativeMethodAccessorImpl.invoke0(Native Method)
	at java.base/jdk.internal.reflect.NativeMethodAccessorImpl.invoke(NativeMethodAccessorImpl.java:62)
	at java.base/jdk.internal.reflect.DelegatingMethodAccessorImpl.invoke(DelegatingMethodAccessorImpl.java:43)
	at java.base/java.lang.reflect.Method.invoke(Method.java:566)
	at org.gradle.internal.dispatch.ReflectionDispatch.dispatch(ReflectionDispatch.java:35)
	at org.gradle.internal.dispatch.ReflectionDispatch.dispatch(ReflectionDispatch.java:24)
	at org.gradle.internal.dispatch.ContextClassLoaderDispatch.dispatch(ContextClassLoaderDispatch.java:32)
	at org.gradle.internal.dispatch.ProxyDispatchAdapter$DispatchingInvocationHandler.invoke(ProxyDispatchAdapter.java:93)
	at com.sun.proxy.$Proxy2.processTestClass(Unknown Source)
	at org.gradle.api.internal.tasks.testing.worker.TestWorker.processTestClass(TestWorker.java:117)
	at java.base/jdk.internal.reflect.NativeMethodAccessorImpl.invoke0(Native Method)
	at java.base/jdk.internal.reflect.NativeMethodAccessorImpl.invoke(NativeMethodAccessorImpl.java:62)
	at java.base/jdk.internal.reflect.DelegatingMethodAccessorImpl.invoke(DelegatingMethodAccessorImpl.java:43)
	at java.base/java.lang.reflect.Method.invoke(Method.java:566)
	at org.gradle.internal.dispatch.ReflectionDispatch.dispatch(ReflectionDispatch.java:35)
	at org.gradle.internal.dispatch.ReflectionDispatch.dispatch(ReflectionDispatch.java:24)
	at org.gradle.internal.remote.internal.hub.MessageHubBackedObjectConnection$DispatchWrapper.dispatch(MessageHubBackedObjectConnection.java:155)
	at org.gradle.internal.remote.internal.hub.MessageHubBackedObjectConnection$DispatchWrapper.dispatch(MessageHubBackedObjectConnection.java:137)
	at org.gradle.internal.remote.internal.hub.MessageHub$Handler.run(MessageHub.java:404)
	at org.gradle.internal.concurrent.ExecutorPolicy$CatchAndRecordFailures.onExecute(ExecutorPolicy.java:63)
	at org.gradle.internal.concurrent.ManagedExecutorImpl$1.run(ManagedExecutorImpl.java:46)
	at java.base/java.util.concurrent.ThreadPoolExecutor.runWorker(ThreadPoolExecutor.java:1128)
	at java.base/java.util.concurrent.ThreadPoolExecutor$Worker.run(ThreadPoolExecutor.java:628)
	at org.gradle.internal.concurrent.ThreadFactoryImpl$ManagedThreadRunnable.run(ThreadFactoryImpl.java:55)
	at java.base/java.lang.Thread.run(Thread.java:829)
Caused by: com.dotcms.publishing.DotBundleException: Type not expected: class com.dotmarketing.portlets.folders.model.Folder'
	at com.dotcms.publisher.util.dependencies.DependencyManager.setDependencies(DependencyManager.java:342)
	at com.dotcms.enterprise.publishing.remote.bundler.DependencyBundler.generate(SourceFile:64)
	... 60 more
Caused by: java.lang.IllegalArgumentException: Type not expected: class com.dotmarketing.portlets.folders.model.Folder'
	at com.dotcms.publisher.util.dependencies.DependencyModDateUtil.excludeByModDate(DependencyModDateUtil.java:108)
	at com.dotcms.publisher.util.dependencies.PushPublishigDependencyProcesor.tryToAdd(PushPublishigDependencyProcesor.java:852)
	at com.dotcms.publisher.util.dependencies.PushPublishigDependencyProcesor.lambda$18(PushPublishigDependencyProcesor.java:748)
	at java.base/java.util.ArrayList$ArrayListSpliterator.forEachRemaining(ArrayList.java:1655)
	at java.base/java.util.stream.ReferencePipeline$Head.forEach(ReferencePipeline.java:658)
	at com.dotcms.publisher.util.dependencies.PushPublishigDependencyProcesor.tryToAddAllAndProcessDependencies(PushPublishigDependencyProcesor.java:746)
	at com.dotcms.publisher.util.dependencies.PushPublishigDependencyProcesor.processFolderDependency(PushPublishigDependencyProcesor.java:224)
	at com.dotcms.publisher.util.dependencies.PushPublishigDependencyProcesor.lambda$1(PushPublishigDependencyProcesor.java:86)
	at com.dotcms.publisher.util.dependencies.ConcurrentDependencyProcessor$DependencyRunnable.run(ConcurrentDependencyProcessor.java:204)
	at java.base/java.util.concurrent.Executors$RunnableAdapter.call(Executors.java:515)
	at java.base/java.util.concurrent.FutureTask.run(FutureTask.java:264)
	at java.base/java.util.concurrent.ThreadPoolExecutor.runWorker(ThreadPoolExecutor.java:1128)
	at java.base/java.util.concurrent.ThreadPoolExecutor$Worker.run(ThreadPoolExecutor.java:628)
	... 1 more
</pre>
</span>
</div>
<div class="test">
<a name="addAssetInBundle: Folder with Subfolder and filterDescriptorNotRelationship"></a>
<h3 class="failures">addAssetInBundle: Folder with Subfolder and filterDescriptorNotRelationship</h3>
<span class="code">
<pre>com.dotcms.publishing.DotBundleException: Type not expected: class com.dotmarketing.portlets.folders.model.Folder'
	at com.dotcms.enterprise.publishing.remote.bundler.DependencyBundler.generate(SourceFile:67)
	at com.dotcms.enterprise.publishing.remote.bundler.DependencyBundlerTest.addAssetInBundle(DependencyBundlerTest.java:1239)
	at jdk.internal.reflect.GeneratedMethodAccessor1628.invoke(Unknown Source)
	at java.base/jdk.internal.reflect.DelegatingMethodAccessorImpl.invoke(DelegatingMethodAccessorImpl.java:43)
	at java.base/java.lang.reflect.Method.invoke(Method.java:566)
	at org.junit.runners.model.FrameworkMethod$1.runReflectiveCall(FrameworkMethod.java:50)
	at org.junit.internal.runners.model.ReflectiveCallable.run(ReflectiveCallable.java:12)
	at org.junit.runners.model.FrameworkMethod.invokeExplosively(FrameworkMethod.java:47)
	at com.tngtech.java.junit.dataprovider.DataProviderFrameworkMethod.invokeExplosively(DataProviderFrameworkMethod.java:119)
	at org.junit.internal.runners.statements.InvokeMethod.evaluate(InvokeMethod.java:17)
	at org.junit.internal.runners.statements.RunBefores.evaluate(RunBefores.java:26)
	at org.junit.rules.TestWatcher$1.evaluate(TestWatcher.java:55)
	at org.junit.rules.RunRules.evaluate(RunRules.java:20)
	at org.junit.runners.ParentRunner.runLeaf(ParentRunner.java:325)
	at com.dotcms.junit.CustomDataProviderRunner.runChild(CustomDataProviderRunner.java:28)
	at com.dotcms.junit.CustomDataProviderRunner.runChild(CustomDataProviderRunner.java:13)
	at org.junit.runners.ParentRunner$3.run(ParentRunner.java:290)
	at org.junit.runners.ParentRunner$1.schedule(ParentRunner.java:71)
	at org.junit.runners.ParentRunner.runChildren(ParentRunner.java:288)
	at org.junit.runners.ParentRunner.access$000(ParentRunner.java:58)
	at org.junit.runners.ParentRunner$2.evaluate(ParentRunner.java:268)
	at org.junit.runners.ParentRunner.run(ParentRunner.java:363)
	at com.dotcms.junit.MainBaseSuite$DotRunner.run(MainBaseSuite.java:60)
	at org.junit.runners.Suite.runChild(Suite.java:128)
	at org.junit.runners.Suite.runChild(Suite.java:27)
	at org.junit.runners.ParentRunner$3.run(ParentRunner.java:290)
	at org.junit.runners.ParentRunner$1.schedule(ParentRunner.java:71)
	at org.junit.runners.ParentRunner.runChildren(ParentRunner.java:288)
	at org.junit.runners.ParentRunner.access$000(ParentRunner.java:58)
	at org.junit.runners.ParentRunner$2.evaluate(ParentRunner.java:268)
	at org.junit.runners.ParentRunner.run(ParentRunner.java:363)
	at org.gradle.api.internal.tasks.testing.junit.JUnitTestClassExecutor.runTestClass(JUnitTestClassExecutor.java:106)
	at org.gradle.api.internal.tasks.testing.junit.JUnitTestClassExecutor.execute(JUnitTestClassExecutor.java:58)
	at org.gradle.api.internal.tasks.testing.junit.JUnitTestClassExecutor.execute(JUnitTestClassExecutor.java:38)
	at org.gradle.api.internal.tasks.testing.junit.AbstractJUnitTestClassProcessor.processTestClass(AbstractJUnitTestClassProcessor.java:66)
	at org.gradle.api.internal.tasks.testing.SuiteTestClassProcessor.processTestClass(SuiteTestClassProcessor.java:51)
	at java.base/jdk.internal.reflect.NativeMethodAccessorImpl.invoke0(Native Method)
	at java.base/jdk.internal.reflect.NativeMethodAccessorImpl.invoke(NativeMethodAccessorImpl.java:62)
	at java.base/jdk.internal.reflect.DelegatingMethodAccessorImpl.invoke(DelegatingMethodAccessorImpl.java:43)
	at java.base/java.lang.reflect.Method.invoke(Method.java:566)
	at org.gradle.internal.dispatch.ReflectionDispatch.dispatch(ReflectionDispatch.java:35)
	at org.gradle.internal.dispatch.ReflectionDispatch.dispatch(ReflectionDispatch.java:24)
	at org.gradle.internal.dispatch.ContextClassLoaderDispatch.dispatch(ContextClassLoaderDispatch.java:32)
	at org.gradle.internal.dispatch.ProxyDispatchAdapter$DispatchingInvocationHandler.invoke(ProxyDispatchAdapter.java:93)
	at com.sun.proxy.$Proxy2.processTestClass(Unknown Source)
	at org.gradle.api.internal.tasks.testing.worker.TestWorker.processTestClass(TestWorker.java:117)
	at java.base/jdk.internal.reflect.NativeMethodAccessorImpl.invoke0(Native Method)
	at java.base/jdk.internal.reflect.NativeMethodAccessorImpl.invoke(NativeMethodAccessorImpl.java:62)
	at java.base/jdk.internal.reflect.DelegatingMethodAccessorImpl.invoke(DelegatingMethodAccessorImpl.java:43)
	at java.base/java.lang.reflect.Method.invoke(Method.java:566)
	at org.gradle.internal.dispatch.ReflectionDispatch.dispatch(ReflectionDispatch.java:35)
	at org.gradle.internal.dispatch.ReflectionDispatch.dispatch(ReflectionDispatch.java:24)
	at org.gradle.internal.remote.internal.hub.MessageHubBackedObjectConnection$DispatchWrapper.dispatch(MessageHubBackedObjectConnection.java:155)
	at org.gradle.internal.remote.internal.hub.MessageHubBackedObjectConnection$DispatchWrapper.dispatch(MessageHubBackedObjectConnection.java:137)
	at org.gradle.internal.remote.internal.hub.MessageHub$Handler.run(MessageHub.java:404)
	at org.gradle.internal.concurrent.ExecutorPolicy$CatchAndRecordFailures.onExecute(ExecutorPolicy.java:63)
	at org.gradle.internal.concurrent.ManagedExecutorImpl$1.run(ManagedExecutorImpl.java:46)
	at java.base/java.util.concurrent.ThreadPoolExecutor.runWorker(ThreadPoolExecutor.java:1128)
	at java.base/java.util.concurrent.ThreadPoolExecutor$Worker.run(ThreadPoolExecutor.java:628)
	at org.gradle.internal.concurrent.ThreadFactoryImpl$ManagedThreadRunnable.run(ThreadFactoryImpl.java:55)
	at java.base/java.lang.Thread.run(Thread.java:829)
Caused by: com.dotcms.publishing.DotBundleException: Type not expected: class com.dotmarketing.portlets.folders.model.Folder'
	at com.dotcms.publisher.util.dependencies.DependencyManager.setDependencies(DependencyManager.java:342)
	at com.dotcms.enterprise.publishing.remote.bundler.DependencyBundler.generate(SourceFile:64)
	... 60 more
Caused by: java.lang.IllegalArgumentException: Type not expected: class com.dotmarketing.portlets.folders.model.Folder'
	at com.dotcms.publisher.util.dependencies.DependencyModDateUtil.excludeByModDate(DependencyModDateUtil.java:108)
	at com.dotcms.publisher.util.dependencies.PushPublishigDependencyProcesor.tryToAdd(PushPublishigDependencyProcesor.java:852)
	at com.dotcms.publisher.util.dependencies.PushPublishigDependencyProcesor.lambda$18(PushPublishigDependencyProcesor.java:748)
	at java.base/java.util.ArrayList$ArrayListSpliterator.forEachRemaining(ArrayList.java:1655)
	at java.base/java.util.stream.ReferencePipeline$Head.forEach(ReferencePipeline.java:658)
	at com.dotcms.publisher.util.dependencies.PushPublishigDependencyProcesor.tryToAddAllAndProcessDependencies(PushPublishigDependencyProcesor.java:746)
	at com.dotcms.publisher.util.dependencies.PushPublishigDependencyProcesor.processFolderDependency(PushPublishigDependencyProcesor.java:224)
	at com.dotcms.publisher.util.dependencies.PushPublishigDependencyProcesor.lambda$1(PushPublishigDependencyProcesor.java:86)
	at com.dotcms.publisher.util.dependencies.ConcurrentDependencyProcessor$DependencyRunnable.run(ConcurrentDependencyProcessor.java:204)
	at java.base/java.util.concurrent.Executors$RunnableAdapter.call(Executors.java:515)
	at java.base/java.util.concurrent.FutureTask.run(FutureTask.java:264)
	at java.base/java.util.concurrent.ThreadPoolExecutor.runWorker(ThreadPoolExecutor.java:1128)
	at java.base/java.util.concurrent.ThreadPoolExecutor$Worker.run(ThreadPoolExecutor.java:628)
	... 1 more
</pre>
</span>
</div>
<div class="test">
<a name="addAssetInBundle: Folder with parent and filterDescriptorAllDependencies"></a>
<h3 class="failures">addAssetInBundle: Folder with parent and filterDescriptorAllDependencies</h3>
<span class="code">
<pre>com.dotcms.publishing.DotBundleException: Type not expected: class com.dotmarketing.portlets.folders.model.Folder'
	at com.dotcms.enterprise.publishing.remote.bundler.DependencyBundler.generate(SourceFile:67)
	at com.dotcms.enterprise.publishing.remote.bundler.DependencyBundlerTest.addAssetInBundle(DependencyBundlerTest.java:1239)
	at jdk.internal.reflect.GeneratedMethodAccessor1628.invoke(Unknown Source)
	at java.base/jdk.internal.reflect.DelegatingMethodAccessorImpl.invoke(DelegatingMethodAccessorImpl.java:43)
	at java.base/java.lang.reflect.Method.invoke(Method.java:566)
	at org.junit.runners.model.FrameworkMethod$1.runReflectiveCall(FrameworkMethod.java:50)
	at org.junit.internal.runners.model.ReflectiveCallable.run(ReflectiveCallable.java:12)
	at org.junit.runners.model.FrameworkMethod.invokeExplosively(FrameworkMethod.java:47)
	at com.tngtech.java.junit.dataprovider.DataProviderFrameworkMethod.invokeExplosively(DataProviderFrameworkMethod.java:119)
	at org.junit.internal.runners.statements.InvokeMethod.evaluate(InvokeMethod.java:17)
	at org.junit.internal.runners.statements.RunBefores.evaluate(RunBefores.java:26)
	at org.junit.rules.TestWatcher$1.evaluate(TestWatcher.java:55)
	at org.junit.rules.RunRules.evaluate(RunRules.java:20)
	at org.junit.runners.ParentRunner.runLeaf(ParentRunner.java:325)
	at com.dotcms.junit.CustomDataProviderRunner.runChild(CustomDataProviderRunner.java:28)
	at com.dotcms.junit.CustomDataProviderRunner.runChild(CustomDataProviderRunner.java:13)
	at org.junit.runners.ParentRunner$3.run(ParentRunner.java:290)
	at org.junit.runners.ParentRunner$1.schedule(ParentRunner.java:71)
	at org.junit.runners.ParentRunner.runChildren(ParentRunner.java:288)
	at org.junit.runners.ParentRunner.access$000(ParentRunner.java:58)
	at org.junit.runners.ParentRunner$2.evaluate(ParentRunner.java:268)
	at org.junit.runners.ParentRunner.run(ParentRunner.java:363)
	at com.dotcms.junit.MainBaseSuite$DotRunner.run(MainBaseSuite.java:60)
	at org.junit.runners.Suite.runChild(Suite.java:128)
	at org.junit.runners.Suite.runChild(Suite.java:27)
	at org.junit.runners.ParentRunner$3.run(ParentRunner.java:290)
	at org.junit.runners.ParentRunner$1.schedule(ParentRunner.java:71)
	at org.junit.runners.ParentRunner.runChildren(ParentRunner.java:288)
	at org.junit.runners.ParentRunner.access$000(ParentRunner.java:58)
	at org.junit.runners.ParentRunner$2.evaluate(ParentRunner.java:268)
	at org.junit.runners.ParentRunner.run(ParentRunner.java:363)
	at org.gradle.api.internal.tasks.testing.junit.JUnitTestClassExecutor.runTestClass(JUnitTestClassExecutor.java:106)
	at org.gradle.api.internal.tasks.testing.junit.JUnitTestClassExecutor.execute(JUnitTestClassExecutor.java:58)
	at org.gradle.api.internal.tasks.testing.junit.JUnitTestClassExecutor.execute(JUnitTestClassExecutor.java:38)
	at org.gradle.api.internal.tasks.testing.junit.AbstractJUnitTestClassProcessor.processTestClass(AbstractJUnitTestClassProcessor.java:66)
	at org.gradle.api.internal.tasks.testing.SuiteTestClassProcessor.processTestClass(SuiteTestClassProcessor.java:51)
	at java.base/jdk.internal.reflect.NativeMethodAccessorImpl.invoke0(Native Method)
	at java.base/jdk.internal.reflect.NativeMethodAccessorImpl.invoke(NativeMethodAccessorImpl.java:62)
	at java.base/jdk.internal.reflect.DelegatingMethodAccessorImpl.invoke(DelegatingMethodAccessorImpl.java:43)
	at java.base/java.lang.reflect.Method.invoke(Method.java:566)
	at org.gradle.internal.dispatch.ReflectionDispatch.dispatch(ReflectionDispatch.java:35)
	at org.gradle.internal.dispatch.ReflectionDispatch.dispatch(ReflectionDispatch.java:24)
	at org.gradle.internal.dispatch.ContextClassLoaderDispatch.dispatch(ContextClassLoaderDispatch.java:32)
	at org.gradle.internal.dispatch.ProxyDispatchAdapter$DispatchingInvocationHandler.invoke(ProxyDispatchAdapter.java:93)
	at com.sun.proxy.$Proxy2.processTestClass(Unknown Source)
	at org.gradle.api.internal.tasks.testing.worker.TestWorker.processTestClass(TestWorker.java:117)
	at java.base/jdk.internal.reflect.NativeMethodAccessorImpl.invoke0(Native Method)
	at java.base/jdk.internal.reflect.NativeMethodAccessorImpl.invoke(NativeMethodAccessorImpl.java:62)
	at java.base/jdk.internal.reflect.DelegatingMethodAccessorImpl.invoke(DelegatingMethodAccessorImpl.java:43)
	at java.base/java.lang.reflect.Method.invoke(Method.java:566)
	at org.gradle.internal.dispatch.ReflectionDispatch.dispatch(ReflectionDispatch.java:35)
	at org.gradle.internal.dispatch.ReflectionDispatch.dispatch(ReflectionDispatch.java:24)
	at org.gradle.internal.remote.internal.hub.MessageHubBackedObjectConnection$DispatchWrapper.dispatch(MessageHubBackedObjectConnection.java:155)
	at org.gradle.internal.remote.internal.hub.MessageHubBackedObjectConnection$DispatchWrapper.dispatch(MessageHubBackedObjectConnection.java:137)
	at org.gradle.internal.remote.internal.hub.MessageHub$Handler.run(MessageHub.java:404)
	at org.gradle.internal.concurrent.ExecutorPolicy$CatchAndRecordFailures.onExecute(ExecutorPolicy.java:63)
	at org.gradle.internal.concurrent.ManagedExecutorImpl$1.run(ManagedExecutorImpl.java:46)
	at java.base/java.util.concurrent.ThreadPoolExecutor.runWorker(ThreadPoolExecutor.java:1128)
	at java.base/java.util.concurrent.ThreadPoolExecutor$Worker.run(ThreadPoolExecutor.java:628)
	at org.gradle.internal.concurrent.ThreadFactoryImpl$ManagedThreadRunnable.run(ThreadFactoryImpl.java:55)
	at java.base/java.lang.Thread.run(Thread.java:829)
Caused by: com.dotcms.publishing.DotBundleException: Type not expected: class com.dotmarketing.portlets.folders.model.Folder'
	at com.dotcms.publisher.util.dependencies.DependencyManager.setDependencies(DependencyManager.java:342)
	at com.dotcms.enterprise.publishing.remote.bundler.DependencyBundler.generate(SourceFile:64)
	... 60 more
Caused by: java.lang.IllegalArgumentException: Type not expected: class com.dotmarketing.portlets.folders.model.Folder'
	at com.dotcms.publisher.util.dependencies.DependencyModDateUtil.excludeByModDate(DependencyModDateUtil.java:108)
	at com.dotcms.publisher.util.dependencies.PushPublishigDependencyProcesor.tryToAdd(PushPublishigDependencyProcesor.java:852)
	at com.dotcms.publisher.util.dependencies.PushPublishigDependencyProcesor.tryToAddSilently(PushPublishigDependencyProcesor.java:810)
	at com.dotcms.publisher.util.dependencies.PushPublishigDependencyProcesor.processFolderDependency(PushPublishigDependencyProcesor.java:195)
	at com.dotcms.publisher.util.dependencies.PushPublishigDependencyProcesor.lambda$1(PushPublishigDependencyProcesor.java:86)
	at com.dotcms.publisher.util.dependencies.ConcurrentDependencyProcessor$DependencyRunnable.run(ConcurrentDependencyProcessor.java:204)
	at java.base/java.util.concurrent.Executors$RunnableAdapter.call(Executors.java:515)
	at java.base/java.util.concurrent.FutureTask.run(FutureTask.java:264)
	at java.base/java.util.concurrent.ThreadPoolExecutor.runWorker(ThreadPoolExecutor.java:1128)
	at java.base/java.util.concurrent.ThreadPoolExecutor$Worker.run(ThreadPoolExecutor.java:628)
	... 1 more
</pre>
</span>
</div>
<div class="test">
<a name="addAssetInBundle: Folder with parent and filterDescriptorNotRelationship"></a>
<h3 class="failures">addAssetInBundle: Folder with parent and filterDescriptorNotRelationship</h3>
<span class="code">
<pre>com.dotcms.publishing.DotBundleException: Type not expected: class com.dotmarketing.portlets.folders.model.Folder'
	at com.dotcms.enterprise.publishing.remote.bundler.DependencyBundler.generate(SourceFile:67)
	at com.dotcms.enterprise.publishing.remote.bundler.DependencyBundlerTest.addAssetInBundle(DependencyBundlerTest.java:1239)
	at jdk.internal.reflect.GeneratedMethodAccessor1628.invoke(Unknown Source)
	at java.base/jdk.internal.reflect.DelegatingMethodAccessorImpl.invoke(DelegatingMethodAccessorImpl.java:43)
	at java.base/java.lang.reflect.Method.invoke(Method.java:566)
	at org.junit.runners.model.FrameworkMethod$1.runReflectiveCall(FrameworkMethod.java:50)
	at org.junit.internal.runners.model.ReflectiveCallable.run(ReflectiveCallable.java:12)
	at org.junit.runners.model.FrameworkMethod.invokeExplosively(FrameworkMethod.java:47)
	at com.tngtech.java.junit.dataprovider.DataProviderFrameworkMethod.invokeExplosively(DataProviderFrameworkMethod.java:119)
	at org.junit.internal.runners.statements.InvokeMethod.evaluate(InvokeMethod.java:17)
	at org.junit.internal.runners.statements.RunBefores.evaluate(RunBefores.java:26)
	at org.junit.rules.TestWatcher$1.evaluate(TestWatcher.java:55)
	at org.junit.rules.RunRules.evaluate(RunRules.java:20)
	at org.junit.runners.ParentRunner.runLeaf(ParentRunner.java:325)
	at com.dotcms.junit.CustomDataProviderRunner.runChild(CustomDataProviderRunner.java:28)
	at com.dotcms.junit.CustomDataProviderRunner.runChild(CustomDataProviderRunner.java:13)
	at org.junit.runners.ParentRunner$3.run(ParentRunner.java:290)
	at org.junit.runners.ParentRunner$1.schedule(ParentRunner.java:71)
	at org.junit.runners.ParentRunner.runChildren(ParentRunner.java:288)
	at org.junit.runners.ParentRunner.access$000(ParentRunner.java:58)
	at org.junit.runners.ParentRunner$2.evaluate(ParentRunner.java:268)
	at org.junit.runners.ParentRunner.run(ParentRunner.java:363)
	at com.dotcms.junit.MainBaseSuite$DotRunner.run(MainBaseSuite.java:60)
	at org.junit.runners.Suite.runChild(Suite.java:128)
	at org.junit.runners.Suite.runChild(Suite.java:27)
	at org.junit.runners.ParentRunner$3.run(ParentRunner.java:290)
	at org.junit.runners.ParentRunner$1.schedule(ParentRunner.java:71)
	at org.junit.runners.ParentRunner.runChildren(ParentRunner.java:288)
	at org.junit.runners.ParentRunner.access$000(ParentRunner.java:58)
	at org.junit.runners.ParentRunner$2.evaluate(ParentRunner.java:268)
	at org.junit.runners.ParentRunner.run(ParentRunner.java:363)
	at org.gradle.api.internal.tasks.testing.junit.JUnitTestClassExecutor.runTestClass(JUnitTestClassExecutor.java:106)
	at org.gradle.api.internal.tasks.testing.junit.JUnitTestClassExecutor.execute(JUnitTestClassExecutor.java:58)
	at org.gradle.api.internal.tasks.testing.junit.JUnitTestClassExecutor.execute(JUnitTestClassExecutor.java:38)
	at org.gradle.api.internal.tasks.testing.junit.AbstractJUnitTestClassProcessor.processTestClass(AbstractJUnitTestClassProcessor.java:66)
	at org.gradle.api.internal.tasks.testing.SuiteTestClassProcessor.processTestClass(SuiteTestClassProcessor.java:51)
	at java.base/jdk.internal.reflect.NativeMethodAccessorImpl.invoke0(Native Method)
	at java.base/jdk.internal.reflect.NativeMethodAccessorImpl.invoke(NativeMethodAccessorImpl.java:62)
	at java.base/jdk.internal.reflect.DelegatingMethodAccessorImpl.invoke(DelegatingMethodAccessorImpl.java:43)
	at java.base/java.lang.reflect.Method.invoke(Method.java:566)
	at org.gradle.internal.dispatch.ReflectionDispatch.dispatch(ReflectionDispatch.java:35)
	at org.gradle.internal.dispatch.ReflectionDispatch.dispatch(ReflectionDispatch.java:24)
	at org.gradle.internal.dispatch.ContextClassLoaderDispatch.dispatch(ContextClassLoaderDispatch.java:32)
	at org.gradle.internal.dispatch.ProxyDispatchAdapter$DispatchingInvocationHandler.invoke(ProxyDispatchAdapter.java:93)
	at com.sun.proxy.$Proxy2.processTestClass(Unknown Source)
	at org.gradle.api.internal.tasks.testing.worker.TestWorker.processTestClass(TestWorker.java:117)
	at java.base/jdk.internal.reflect.NativeMethodAccessorImpl.invoke0(Native Method)
	at java.base/jdk.internal.reflect.NativeMethodAccessorImpl.invoke(NativeMethodAccessorImpl.java:62)
	at java.base/jdk.internal.reflect.DelegatingMethodAccessorImpl.invoke(DelegatingMethodAccessorImpl.java:43)
	at java.base/java.lang.reflect.Method.invoke(Method.java:566)
	at org.gradle.internal.dispatch.ReflectionDispatch.dispatch(ReflectionDispatch.java:35)
	at org.gradle.internal.dispatch.ReflectionDispatch.dispatch(ReflectionDispatch.java:24)
	at org.gradle.internal.remote.internal.hub.MessageHubBackedObjectConnection$DispatchWrapper.dispatch(MessageHubBackedObjectConnection.java:155)
	at org.gradle.internal.remote.internal.hub.MessageHubBackedObjectConnection$DispatchWrapper.dispatch(MessageHubBackedObjectConnection.java:137)
	at org.gradle.internal.remote.internal.hub.MessageHub$Handler.run(MessageHub.java:404)
	at org.gradle.internal.concurrent.ExecutorPolicy$CatchAndRecordFailures.onExecute(ExecutorPolicy.java:63)
	at org.gradle.internal.concurrent.ManagedExecutorImpl$1.run(ManagedExecutorImpl.java:46)
	at java.base/java.util.concurrent.ThreadPoolExecutor.runWorker(ThreadPoolExecutor.java:1128)
	at java.base/java.util.concurrent.ThreadPoolExecutor$Worker.run(ThreadPoolExecutor.java:628)
	at org.gradle.internal.concurrent.ThreadFactoryImpl$ManagedThreadRunnable.run(ThreadFactoryImpl.java:55)
	at java.base/java.lang.Thread.run(Thread.java:829)
Caused by: com.dotcms.publishing.DotBundleException: Type not expected: class com.dotmarketing.portlets.folders.model.Folder'
	at com.dotcms.publisher.util.dependencies.DependencyManager.setDependencies(DependencyManager.java:342)
	at com.dotcms.enterprise.publishing.remote.bundler.DependencyBundler.generate(SourceFile:64)
	... 60 more
Caused by: java.lang.IllegalArgumentException: Type not expected: class com.dotmarketing.portlets.folders.model.Folder'
	at com.dotcms.publisher.util.dependencies.DependencyModDateUtil.excludeByModDate(DependencyModDateUtil.java:108)
	at com.dotcms.publisher.util.dependencies.PushPublishigDependencyProcesor.tryToAdd(PushPublishigDependencyProcesor.java:852)
	at com.dotcms.publisher.util.dependencies.PushPublishigDependencyProcesor.tryToAddSilently(PushPublishigDependencyProcesor.java:810)
	at com.dotcms.publisher.util.dependencies.PushPublishigDependencyProcesor.processFolderDependency(PushPublishigDependencyProcesor.java:195)
	at com.dotcms.publisher.util.dependencies.PushPublishigDependencyProcesor.lambda$1(PushPublishigDependencyProcesor.java:86)
	at com.dotcms.publisher.util.dependencies.ConcurrentDependencyProcessor$DependencyRunnable.run(ConcurrentDependencyProcessor.java:204)
	at java.base/java.util.concurrent.Executors$RunnableAdapter.call(Executors.java:515)
	at java.base/java.util.concurrent.FutureTask.run(FutureTask.java:264)
	at java.base/java.util.concurrent.ThreadPoolExecutor.runWorker(ThreadPoolExecutor.java:1128)
	at java.base/java.util.concurrent.ThreadPoolExecutor$Worker.run(ThreadPoolExecutor.java:628)
	... 1 more
</pre>
</span>
</div>
<div class="test">
<a name="addAssetInBundle: Folder with third party"></a>
<h3 class="failures">addAssetInBundle: Folder with third party</h3>
<span class="code">
<pre>com.dotcms.publishing.DotBundleException: Type not expected: class com.dotmarketing.portlets.folders.model.Folder'
	at com.dotcms.enterprise.publishing.remote.bundler.DependencyBundler.generate(SourceFile:67)
	at com.dotcms.enterprise.publishing.remote.bundler.DependencyBundlerTest.addAssetInBundle(DependencyBundlerTest.java:1239)
	at jdk.internal.reflect.GeneratedMethodAccessor1628.invoke(Unknown Source)
	at java.base/jdk.internal.reflect.DelegatingMethodAccessorImpl.invoke(DelegatingMethodAccessorImpl.java:43)
	at java.base/java.lang.reflect.Method.invoke(Method.java:566)
	at org.junit.runners.model.FrameworkMethod$1.runReflectiveCall(FrameworkMethod.java:50)
	at org.junit.internal.runners.model.ReflectiveCallable.run(ReflectiveCallable.java:12)
	at org.junit.runners.model.FrameworkMethod.invokeExplosively(FrameworkMethod.java:47)
	at com.tngtech.java.junit.dataprovider.DataProviderFrameworkMethod.invokeExplosively(DataProviderFrameworkMethod.java:119)
	at org.junit.internal.runners.statements.InvokeMethod.evaluate(InvokeMethod.java:17)
	at org.junit.internal.runners.statements.RunBefores.evaluate(RunBefores.java:26)
	at org.junit.rules.TestWatcher$1.evaluate(TestWatcher.java:55)
	at org.junit.rules.RunRules.evaluate(RunRules.java:20)
	at org.junit.runners.ParentRunner.runLeaf(ParentRunner.java:325)
	at com.dotcms.junit.CustomDataProviderRunner.runChild(CustomDataProviderRunner.java:28)
	at com.dotcms.junit.CustomDataProviderRunner.runChild(CustomDataProviderRunner.java:13)
	at org.junit.runners.ParentRunner$3.run(ParentRunner.java:290)
	at org.junit.runners.ParentRunner$1.schedule(ParentRunner.java:71)
	at org.junit.runners.ParentRunner.runChildren(ParentRunner.java:288)
	at org.junit.runners.ParentRunner.access$000(ParentRunner.java:58)
	at org.junit.runners.ParentRunner$2.evaluate(ParentRunner.java:268)
	at org.junit.runners.ParentRunner.run(ParentRunner.java:363)
	at com.dotcms.junit.MainBaseSuite$DotRunner.run(MainBaseSuite.java:60)
	at org.junit.runners.Suite.runChild(Suite.java:128)
	at org.junit.runners.Suite.runChild(Suite.java:27)
	at org.junit.runners.ParentRunner$3.run(ParentRunner.java:290)
	at org.junit.runners.ParentRunner$1.schedule(ParentRunner.java:71)
	at org.junit.runners.ParentRunner.runChildren(ParentRunner.java:288)
	at org.junit.runners.ParentRunner.access$000(ParentRunner.java:58)
	at org.junit.runners.ParentRunner$2.evaluate(ParentRunner.java:268)
	at org.junit.runners.ParentRunner.run(ParentRunner.java:363)
	at org.gradle.api.internal.tasks.testing.junit.JUnitTestClassExecutor.runTestClass(JUnitTestClassExecutor.java:106)
	at org.gradle.api.internal.tasks.testing.junit.JUnitTestClassExecutor.execute(JUnitTestClassExecutor.java:58)
	at org.gradle.api.internal.tasks.testing.junit.JUnitTestClassExecutor.execute(JUnitTestClassExecutor.java:38)
	at org.gradle.api.internal.tasks.testing.junit.AbstractJUnitTestClassProcessor.processTestClass(AbstractJUnitTestClassProcessor.java:66)
	at org.gradle.api.internal.tasks.testing.SuiteTestClassProcessor.processTestClass(SuiteTestClassProcessor.java:51)
	at java.base/jdk.internal.reflect.NativeMethodAccessorImpl.invoke0(Native Method)
	at java.base/jdk.internal.reflect.NativeMethodAccessorImpl.invoke(NativeMethodAccessorImpl.java:62)
	at java.base/jdk.internal.reflect.DelegatingMethodAccessorImpl.invoke(DelegatingMethodAccessorImpl.java:43)
	at java.base/java.lang.reflect.Method.invoke(Method.java:566)
	at org.gradle.internal.dispatch.ReflectionDispatch.dispatch(ReflectionDispatch.java:35)
	at org.gradle.internal.dispatch.ReflectionDispatch.dispatch(ReflectionDispatch.java:24)
	at org.gradle.internal.dispatch.ContextClassLoaderDispatch.dispatch(ContextClassLoaderDispatch.java:32)
	at org.gradle.internal.dispatch.ProxyDispatchAdapter$DispatchingInvocationHandler.invoke(ProxyDispatchAdapter.java:93)
	at com.sun.proxy.$Proxy2.processTestClass(Unknown Source)
	at org.gradle.api.internal.tasks.testing.worker.TestWorker.processTestClass(TestWorker.java:117)
	at java.base/jdk.internal.reflect.NativeMethodAccessorImpl.invoke0(Native Method)
	at java.base/jdk.internal.reflect.NativeMethodAccessorImpl.invoke(NativeMethodAccessorImpl.java:62)
	at java.base/jdk.internal.reflect.DelegatingMethodAccessorImpl.invoke(DelegatingMethodAccessorImpl.java:43)
	at java.base/java.lang.reflect.Method.invoke(Method.java:566)
	at org.gradle.internal.dispatch.ReflectionDispatch.dispatch(ReflectionDispatch.java:35)
	at org.gradle.internal.dispatch.ReflectionDispatch.dispatch(ReflectionDispatch.java:24)
	at org.gradle.internal.remote.internal.hub.MessageHubBackedObjectConnection$DispatchWrapper.dispatch(MessageHubBackedObjectConnection.java:155)
	at org.gradle.internal.remote.internal.hub.MessageHubBackedObjectConnection$DispatchWrapper.dispatch(MessageHubBackedObjectConnection.java:137)
	at org.gradle.internal.remote.internal.hub.MessageHub$Handler.run(MessageHub.java:404)
	at org.gradle.internal.concurrent.ExecutorPolicy$CatchAndRecordFailures.onExecute(ExecutorPolicy.java:63)
	at org.gradle.internal.concurrent.ManagedExecutorImpl$1.run(ManagedExecutorImpl.java:46)
	at java.base/java.util.concurrent.ThreadPoolExecutor.runWorker(ThreadPoolExecutor.java:1128)
	at java.base/java.util.concurrent.ThreadPoolExecutor$Worker.run(ThreadPoolExecutor.java:628)
	at org.gradle.internal.concurrent.ThreadFactoryImpl$ManagedThreadRunnable.run(ThreadFactoryImpl.java:55)
	at java.base/java.lang.Thread.run(Thread.java:829)
Caused by: com.dotcms.publishing.DotBundleException: Type not expected: class com.dotmarketing.portlets.folders.model.Folder'
	at com.dotcms.publisher.util.dependencies.DependencyManager.setDependencies(DependencyManager.java:342)
	at com.dotcms.enterprise.publishing.remote.bundler.DependencyBundler.generate(SourceFile:64)
	... 60 more
Caused by: java.lang.IllegalArgumentException: Type not expected: class com.dotmarketing.portlets.folders.model.Folder'
	at com.dotcms.publisher.util.dependencies.DependencyModDateUtil.excludeByModDate(DependencyModDateUtil.java:108)
	at com.dotcms.publisher.util.dependencies.PushPublishigDependencyProcesor.tryToAdd(PushPublishigDependencyProcesor.java:852)
	at com.dotcms.publisher.util.dependencies.PushPublishigDependencyProcesor.tryToAddSilently(PushPublishigDependencyProcesor.java:810)
	at com.dotcms.publisher.util.dependencies.PushPublishigDependencyProcesor.processFolderDependency(PushPublishigDependencyProcesor.java:195)
	at com.dotcms.publisher.util.dependencies.PushPublishigDependencyProcesor.lambda$1(PushPublishigDependencyProcesor.java:86)
	at com.dotcms.publisher.util.dependencies.ConcurrentDependencyProcessor$DependencyRunnable.run(ConcurrentDependencyProcessor.java:204)
	at java.base/java.util.concurrent.Executors$RunnableAdapter.call(Executors.java:515)
	at java.base/java.util.concurrent.FutureTask.run(FutureTask.java:264)
	at java.base/java.util.concurrent.ThreadPoolExecutor.runWorker(ThreadPoolExecutor.java:1128)
	at java.base/java.util.concurrent.ThreadPoolExecutor$Worker.run(ThreadPoolExecutor.java:628)
	... 1 more
</pre>
</span>
</div>
<div class="test">
<a name="addAssetInBundle: Host with Content and filterDescriptorAllDependencies"></a>
<h3 class="failures">addAssetInBundle: Host with Content and filterDescriptorAllDependencies</h3>
<span class="code">
<pre>java.lang.AssertionError: 1 -&gt; INCLUDED,language,1,,English,,,,Dependency from: ID: 7143d7cb11611e7daf293065b7d4990b Title: 7143d7cb11611e7daf293065b7d4990b|INCLUDED,language,1,,English,,,,Dependency from: ID: 027a2d52dbec1341e99e6fbfea7e5fb1 Title: testVarname1645553399930.test1645553399930.name|INCLUDED,language,1,,English,,,,Dependency from: ID: 03e7e1a380e82c6963180def8d3b1c63 Title: testVarname1645553399213.test1645553399212.name
f4d7c1b8-2c88-4071-abf1-a5328977b07d -&gt; INCLUDED,contenttype,f4d7c1b8-2c88-4071-abf1-a5328977b07d,,Language Variable,System Host,/,,Dependency from: ID: 8b736fb27da66f88d426b8e77efa66c3 Title: key-exists-as-contentletc33b842a45|INCLUDED,contenttype,f4d7c1b8-2c88-4071-abf1-a5328977b07d,,Language Variable,System Host,/,,Dependency from: ID: 4567708 Title: aJRmVhGQMH|INCLUDED,contenttype,f4d7c1b8-2c88-4071-abf1-a5328977b07d,,Language Variable,System Host,/,,Dependency from: ID: 027a2d52dbec1341e99e6fbfea7e5fb1 Title: testVarname1645553399930.test1645553399930.name|INCLUDED,contenttype,f4d7c1b8-2c88-4071-abf1-a5328977b07d,,Language Variable,System Host,/,,Dependency from: ID: 1 Title: English|INCLUDED,contenttype,f4d7c1b8-2c88-4071-abf1-a5328977b07d,,Language Variable,System Host,/,,Dependency from: ID: 03e7e1a380e82c6963180def8d3b1c63 Title: testVarname1645553399213.test1645553399212.name|INCLUDED,contenttype,f4d7c1b8-2c88-4071-abf1-a5328977b07d,,Language Variable,System Host,/,,Dependency from: ID: 1 Title: English
7143d7cb11611e7daf293065b7d4990b -&gt; INCLUDED,contentlet,7143d7cb11611e7daf293065b7d4990b,1ef6dbba-8cf3-4d5c-ba40-838e6cc4fcaa,7143d7cb11611e7daf293065b7d4990b,test1645552063648.dotcms.com,/,,Dependency from: ID: 03ead66ba3cdfea3d902cf8f0df25df5 Title: test1645552063648.dotcms.com
03ead66ba3cdfea3d902cf8f0df25df5 -&gt; INCLUDED,host,03ead66ba3cdfea3d902cf8f0df25df5,319cd389-e66b-48ea-b022-465981318371,test1645552063648.dotcms.com,System Host,/,,Added directly by User
8b736fb27da66f88d426b8e77efa66c3 -&gt; INCLUDED,contentlet,8b736fb27da66f88d426b8e77efa66c3,c1042312-d474-4577-b58d-602ee7232db4,key-exists-as-contentletc33b842a45,default,/,,Added Automatically by dotCMS
8a7d5e23-da1e-420a-b4f0-471e7da8ea2d -&gt; INCLUDED,host,8a7d5e23-da1e-420a-b4f0-471e7da8ea2d,5630720a-6021-499b-9086-160d129fa94a,default,System Host,/,,Dependency from: ID: 8b736fb27da66f88d426b8e77efa66c3 Title: key-exists-as-contentletc33b842a45|INCLUDED,host,8a7d5e23-da1e-420a-b4f0-471e7da8ea2d,6748148c-30a9-4e8e-8fa4-cc2a97f3da6b,default,System Host,/,,Dependency from: ID: 8b736fb27da66f88d426b8e77efa66c3 Title: key-exists-as-contentletc33b842a45
098beed84599b36238147e10d49839fd -&gt; INCLUDED,contenttype,098beed84599b36238147e10d49839fd,,testName1645552064657,test1645552063648.dotcms.com,/,,Dependency from: ID: 03ead66ba3cdfea3d902cf8f0df25df5 Title: test1645552063648.dotcms.com
d61a59e1-a49c-46f2-a929-db2b4bfa88b2 -&gt; INCLUDED,workflow,d61a59e1-a49c-46f2-a929-db2b4bfa88b2,,System Workflow,,,,Dependency from: ID: 098beed84599b36238147e10d49839fd Title: testName1645552064657|INCLUDED,workflow,d61a59e1-a49c-46f2-a929-db2b4bfa88b2,,System Workflow,,,,Dependency from: ID: f4d7c1b8-2c88-4071-abf1-a5328977b07d Title: Language Variable
03e7e1a380e82c6963180def8d3b1c63 -&gt; INCLUDED,contentlet,03e7e1a380e82c6963180def8d3b1c63,fc3709c9-99c3-44c1-a576-16910745df53,testVarname1645553399213.test1645553399212.name,System Host,/,,Added Automatically by dotCMS
4567708 -&gt; INCLUDED,language,4567708,,aJRmVhGQMH,,,,Dependency from: ID: 8b736fb27da66f88d426b8e77efa66c3 Title: key-exists-as-contentletc33b842a45
027a2d52dbec1341e99e6fbfea7e5fb1 -&gt; INCLUDED,contentlet,027a2d52dbec1341e99e6fbfea7e5fb1,fc0e5b69-43f4-4c38-acac-87b153ef3b1f,testVarname1645553399930.test1645553399930.name,System Host,/,,Added Automatically by dotCMS
bc9a1d37-dd2d-4d49-a29d-0c9be740bfaf -&gt; EXCLUDED,folder,bc9a1d37-dd2d-4d49-a29d-0c9be740bfaf,SYSTEM_FOLDER,System folder,System Host,,Excluded System Folder/Host,|EXCLUDED,folder,bc9a1d37-dd2d-4d49-a29d-0c9be740bfaf,SYSTEM_FOLDER,System folder,System Host,,Excluded System Folder/Host,
SYSTEM_HOST -&gt; EXCLUDED,host,SYSTEM_HOST,dbdec5e2-c02b-4cfb-83a9-4a4c4f3b2eb0,System Host,System Host,/,Excluded System Folder/Host, not contain INCLUDED,contenttype,098beed84599b36238147e10d49839fd,,testName1645552064657,test1645552063648.dotcms.com,/,,Dependency from: ID: 7143d7cb11611e7daf293065b7d4990b Title: 7143d7cb11611e7daf293065b7d4990b
	at org.junit.Assert.fail(Assert.java:88)
	at org.junit.Assert.assertTrue(Assert.java:41)
	at com.dotcms.publishing.PublisherAPIImplTest.assertManifestFile(PublisherAPIImplTest.java:585)
	at com.dotcms.enterprise.publishing.remote.bundler.DependencyBundlerTest.addAssetInBundle(DependencyBundlerTest.java:1253)
	at jdk.internal.reflect.GeneratedMethodAccessor1628.invoke(Unknown Source)
	at java.base/jdk.internal.reflect.DelegatingMethodAccessorImpl.invoke(DelegatingMethodAccessorImpl.java:43)
	at java.base/java.lang.reflect.Method.invoke(Method.java:566)
	at org.junit.runners.model.FrameworkMethod$1.runReflectiveCall(FrameworkMethod.java:50)
	at org.junit.internal.runners.model.ReflectiveCallable.run(ReflectiveCallable.java:12)
	at org.junit.runners.model.FrameworkMethod.invokeExplosively(FrameworkMethod.java:47)
	at com.tngtech.java.junit.dataprovider.DataProviderFrameworkMethod.invokeExplosively(DataProviderFrameworkMethod.java:119)
	at org.junit.internal.runners.statements.InvokeMethod.evaluate(InvokeMethod.java:17)
	at org.junit.internal.runners.statements.RunBefores.evaluate(RunBefores.java:26)
	at org.junit.rules.TestWatcher$1.evaluate(TestWatcher.java:55)
	at org.junit.rules.RunRules.evaluate(RunRules.java:20)
	at org.junit.runners.ParentRunner.runLeaf(ParentRunner.java:325)
	at com.dotcms.junit.CustomDataProviderRunner.runChild(CustomDataProviderRunner.java:28)
	at com.dotcms.junit.CustomDataProviderRunner.runChild(CustomDataProviderRunner.java:13)
	at org.junit.runners.ParentRunner$3.run(ParentRunner.java:290)
	at org.junit.runners.ParentRunner$1.schedule(ParentRunner.java:71)
	at org.junit.runners.ParentRunner.runChildren(ParentRunner.java:288)
	at org.junit.runners.ParentRunner.access$000(ParentRunner.java:58)
	at org.junit.runners.ParentRunner$2.evaluate(ParentRunner.java:268)
	at org.junit.runners.ParentRunner.run(ParentRunner.java:363)
	at com.dotcms.junit.MainBaseSuite$DotRunner.run(MainBaseSuite.java:60)
	at org.junit.runners.Suite.runChild(Suite.java:128)
	at org.junit.runners.Suite.runChild(Suite.java:27)
	at org.junit.runners.ParentRunner$3.run(ParentRunner.java:290)
	at org.junit.runners.ParentRunner$1.schedule(ParentRunner.java:71)
	at org.junit.runners.ParentRunner.runChildren(ParentRunner.java:288)
	at org.junit.runners.ParentRunner.access$000(ParentRunner.java:58)
	at org.junit.runners.ParentRunner$2.evaluate(ParentRunner.java:268)
	at org.junit.runners.ParentRunner.run(ParentRunner.java:363)
	at org.gradle.api.internal.tasks.testing.junit.JUnitTestClassExecutor.runTestClass(JUnitTestClassExecutor.java:106)
	at org.gradle.api.internal.tasks.testing.junit.JUnitTestClassExecutor.execute(JUnitTestClassExecutor.java:58)
	at org.gradle.api.internal.tasks.testing.junit.JUnitTestClassExecutor.execute(JUnitTestClassExecutor.java:38)
	at org.gradle.api.internal.tasks.testing.junit.AbstractJUnitTestClassProcessor.processTestClass(AbstractJUnitTestClassProcessor.java:66)
	at org.gradle.api.internal.tasks.testing.SuiteTestClassProcessor.processTestClass(SuiteTestClassProcessor.java:51)
	at java.base/jdk.internal.reflect.NativeMethodAccessorImpl.invoke0(Native Method)
	at java.base/jdk.internal.reflect.NativeMethodAccessorImpl.invoke(NativeMethodAccessorImpl.java:62)
	at java.base/jdk.internal.reflect.DelegatingMethodAccessorImpl.invoke(DelegatingMethodAccessorImpl.java:43)
	at java.base/java.lang.reflect.Method.invoke(Method.java:566)
	at org.gradle.internal.dispatch.ReflectionDispatch.dispatch(ReflectionDispatch.java:35)
	at org.gradle.internal.dispatch.ReflectionDispatch.dispatch(ReflectionDispatch.java:24)
	at org.gradle.internal.dispatch.ContextClassLoaderDispatch.dispatch(ContextClassLoaderDispatch.java:32)
	at org.gradle.internal.dispatch.ProxyDispatchAdapter$DispatchingInvocationHandler.invoke(ProxyDispatchAdapter.java:93)
	at com.sun.proxy.$Proxy2.processTestClass(Unknown Source)
	at org.gradle.api.internal.tasks.testing.worker.TestWorker.processTestClass(TestWorker.java:117)
	at java.base/jdk.internal.reflect.NativeMethodAccessorImpl.invoke0(Native Method)
	at java.base/jdk.internal.reflect.NativeMethodAccessorImpl.invoke(NativeMethodAccessorImpl.java:62)
	at java.base/jdk.internal.reflect.DelegatingMethodAccessorImpl.invoke(DelegatingMethodAccessorImpl.java:43)
	at java.base/java.lang.reflect.Method.invoke(Method.java:566)
	at org.gradle.internal.dispatch.ReflectionDispatch.dispatch(ReflectionDispatch.java:35)
	at org.gradle.internal.dispatch.ReflectionDispatch.dispatch(ReflectionDispatch.java:24)
	at org.gradle.internal.remote.internal.hub.MessageHubBackedObjectConnection$DispatchWrapper.dispatch(MessageHubBackedObjectConnection.java:155)
	at org.gradle.internal.remote.internal.hub.MessageHubBackedObjectConnection$DispatchWrapper.dispatch(MessageHubBackedObjectConnection.java:137)
	at org.gradle.internal.remote.internal.hub.MessageHub$Handler.run(MessageHub.java:404)
	at org.gradle.internal.concurrent.ExecutorPolicy$CatchAndRecordFailures.onExecute(ExecutorPolicy.java:63)
	at org.gradle.internal.concurrent.ManagedExecutorImpl$1.run(ManagedExecutorImpl.java:46)
	at java.base/java.util.concurrent.ThreadPoolExecutor.runWorker(ThreadPoolExecutor.java:1128)
	at java.base/java.util.concurrent.ThreadPoolExecutor$Worker.run(ThreadPoolExecutor.java:628)
	at org.gradle.internal.concurrent.ThreadFactoryImpl$ManagedThreadRunnable.run(ThreadFactoryImpl.java:55)
	at java.base/java.lang.Thread.run(Thread.java:829)
</pre>
</span>
</div>
<div class="test">
<a name="addAssetInBundle: Host with Folder and filterDescriptorAllDependencies"></a>
<h3 class="failures">addAssetInBundle: Host with Folder and filterDescriptorAllDependencies</h3>
<span class="code">
<pre>com.dotcms.publishing.DotBundleException: Type not expected: class com.dotmarketing.portlets.folders.model.Folder'
	at com.dotcms.enterprise.publishing.remote.bundler.DependencyBundler.generate(SourceFile:67)
	at com.dotcms.enterprise.publishing.remote.bundler.DependencyBundlerTest.addAssetInBundle(DependencyBundlerTest.java:1239)
	at jdk.internal.reflect.GeneratedMethodAccessor1628.invoke(Unknown Source)
	at java.base/jdk.internal.reflect.DelegatingMethodAccessorImpl.invoke(DelegatingMethodAccessorImpl.java:43)
	at java.base/java.lang.reflect.Method.invoke(Method.java:566)
	at org.junit.runners.model.FrameworkMethod$1.runReflectiveCall(FrameworkMethod.java:50)
	at org.junit.internal.runners.model.ReflectiveCallable.run(ReflectiveCallable.java:12)
	at org.junit.runners.model.FrameworkMethod.invokeExplosively(FrameworkMethod.java:47)
	at com.tngtech.java.junit.dataprovider.DataProviderFrameworkMethod.invokeExplosively(DataProviderFrameworkMethod.java:119)
	at org.junit.internal.runners.statements.InvokeMethod.evaluate(InvokeMethod.java:17)
	at org.junit.internal.runners.statements.RunBefores.evaluate(RunBefores.java:26)
	at org.junit.rules.TestWatcher$1.evaluate(TestWatcher.java:55)
	at org.junit.rules.RunRules.evaluate(RunRules.java:20)
	at org.junit.runners.ParentRunner.runLeaf(ParentRunner.java:325)
	at com.dotcms.junit.CustomDataProviderRunner.runChild(CustomDataProviderRunner.java:28)
	at com.dotcms.junit.CustomDataProviderRunner.runChild(CustomDataProviderRunner.java:13)
	at org.junit.runners.ParentRunner$3.run(ParentRunner.java:290)
	at org.junit.runners.ParentRunner$1.schedule(ParentRunner.java:71)
	at org.junit.runners.ParentRunner.runChildren(ParentRunner.java:288)
	at org.junit.runners.ParentRunner.access$000(ParentRunner.java:58)
	at org.junit.runners.ParentRunner$2.evaluate(ParentRunner.java:268)
	at org.junit.runners.ParentRunner.run(ParentRunner.java:363)
	at com.dotcms.junit.MainBaseSuite$DotRunner.run(MainBaseSuite.java:60)
	at org.junit.runners.Suite.runChild(Suite.java:128)
	at org.junit.runners.Suite.runChild(Suite.java:27)
	at org.junit.runners.ParentRunner$3.run(ParentRunner.java:290)
	at org.junit.runners.ParentRunner$1.schedule(ParentRunner.java:71)
	at org.junit.runners.ParentRunner.runChildren(ParentRunner.java:288)
	at org.junit.runners.ParentRunner.access$000(ParentRunner.java:58)
	at org.junit.runners.ParentRunner$2.evaluate(ParentRunner.java:268)
	at org.junit.runners.ParentRunner.run(ParentRunner.java:363)
	at org.gradle.api.internal.tasks.testing.junit.JUnitTestClassExecutor.runTestClass(JUnitTestClassExecutor.java:106)
	at org.gradle.api.internal.tasks.testing.junit.JUnitTestClassExecutor.execute(JUnitTestClassExecutor.java:58)
	at org.gradle.api.internal.tasks.testing.junit.JUnitTestClassExecutor.execute(JUnitTestClassExecutor.java:38)
	at org.gradle.api.internal.tasks.testing.junit.AbstractJUnitTestClassProcessor.processTestClass(AbstractJUnitTestClassProcessor.java:66)
	at org.gradle.api.internal.tasks.testing.SuiteTestClassProcessor.processTestClass(SuiteTestClassProcessor.java:51)
	at java.base/jdk.internal.reflect.NativeMethodAccessorImpl.invoke0(Native Method)
	at java.base/jdk.internal.reflect.NativeMethodAccessorImpl.invoke(NativeMethodAccessorImpl.java:62)
	at java.base/jdk.internal.reflect.DelegatingMethodAccessorImpl.invoke(DelegatingMethodAccessorImpl.java:43)
	at java.base/java.lang.reflect.Method.invoke(Method.java:566)
	at org.gradle.internal.dispatch.ReflectionDispatch.dispatch(ReflectionDispatch.java:35)
	at org.gradle.internal.dispatch.ReflectionDispatch.dispatch(ReflectionDispatch.java:24)
	at org.gradle.internal.dispatch.ContextClassLoaderDispatch.dispatch(ContextClassLoaderDispatch.java:32)
	at org.gradle.internal.dispatch.ProxyDispatchAdapter$DispatchingInvocationHandler.invoke(ProxyDispatchAdapter.java:93)
	at com.sun.proxy.$Proxy2.processTestClass(Unknown Source)
	at org.gradle.api.internal.tasks.testing.worker.TestWorker.processTestClass(TestWorker.java:117)
	at java.base/jdk.internal.reflect.NativeMethodAccessorImpl.invoke0(Native Method)
	at java.base/jdk.internal.reflect.NativeMethodAccessorImpl.invoke(NativeMethodAccessorImpl.java:62)
	at java.base/jdk.internal.reflect.DelegatingMethodAccessorImpl.invoke(DelegatingMethodAccessorImpl.java:43)
	at java.base/java.lang.reflect.Method.invoke(Method.java:566)
	at org.gradle.internal.dispatch.ReflectionDispatch.dispatch(ReflectionDispatch.java:35)
	at org.gradle.internal.dispatch.ReflectionDispatch.dispatch(ReflectionDispatch.java:24)
	at org.gradle.internal.remote.internal.hub.MessageHubBackedObjectConnection$DispatchWrapper.dispatch(MessageHubBackedObjectConnection.java:155)
	at org.gradle.internal.remote.internal.hub.MessageHubBackedObjectConnection$DispatchWrapper.dispatch(MessageHubBackedObjectConnection.java:137)
	at org.gradle.internal.remote.internal.hub.MessageHub$Handler.run(MessageHub.java:404)
	at org.gradle.internal.concurrent.ExecutorPolicy$CatchAndRecordFailures.onExecute(ExecutorPolicy.java:63)
	at org.gradle.internal.concurrent.ManagedExecutorImpl$1.run(ManagedExecutorImpl.java:46)
	at java.base/java.util.concurrent.ThreadPoolExecutor.runWorker(ThreadPoolExecutor.java:1128)
	at java.base/java.util.concurrent.ThreadPoolExecutor$Worker.run(ThreadPoolExecutor.java:628)
	at org.gradle.internal.concurrent.ThreadFactoryImpl$ManagedThreadRunnable.run(ThreadFactoryImpl.java:55)
	at java.base/java.lang.Thread.run(Thread.java:829)
Caused by: com.dotcms.publishing.DotBundleException: Type not expected: class com.dotmarketing.portlets.folders.model.Folder'
	at com.dotcms.publisher.util.dependencies.DependencyManager.setDependencies(DependencyManager.java:342)
	at com.dotcms.enterprise.publishing.remote.bundler.DependencyBundler.generate(SourceFile:64)
	... 60 more
Caused by: java.lang.IllegalArgumentException: Type not expected: class com.dotmarketing.portlets.folders.model.Folder'
	at com.dotcms.publisher.util.dependencies.DependencyModDateUtil.excludeByModDate(DependencyModDateUtil.java:108)
	at com.dotcms.publisher.util.dependencies.PushPublishigDependencyProcesor.tryToAdd(PushPublishigDependencyProcesor.java:852)
	at com.dotcms.publisher.util.dependencies.PushPublishigDependencyProcesor.lambda$18(PushPublishigDependencyProcesor.java:748)
	at java.base/java.util.ArrayList$ArrayListSpliterator.forEachRemaining(ArrayList.java:1655)
	at java.base/java.util.stream.ReferencePipeline$Head.forEach(ReferencePipeline.java:658)
	at com.dotcms.publisher.util.dependencies.PushPublishigDependencyProcesor.tryToAddAllAndProcessDependencies(PushPublishigDependencyProcesor.java:746)
	at com.dotcms.publisher.util.dependencies.PushPublishigDependencyProcesor.proccessHostDependency(PushPublishigDependencyProcesor.java:165)
	at com.dotcms.publisher.util.dependencies.PushPublishigDependencyProcesor.lambda$0(PushPublishigDependencyProcesor.java:83)
	at com.dotcms.publisher.util.dependencies.ConcurrentDependencyProcessor$DependencyRunnable.run(ConcurrentDependencyProcessor.java:204)
	at java.base/java.util.concurrent.Executors$RunnableAdapter.call(Executors.java:515)
	at java.base/java.util.concurrent.FutureTask.run(FutureTask.java:264)
	at java.base/java.util.concurrent.ThreadPoolExecutor.runWorker(ThreadPoolExecutor.java:1128)
	at java.base/java.util.concurrent.ThreadPoolExecutor$Worker.run(ThreadPoolExecutor.java:628)
	... 1 more
</pre>
</span>
</div>
<div class="test">
<a name="addAssetInBundle: Host with Folder and filterDescriptorNotRelationship"></a>
<h3 class="failures">addAssetInBundle: Host with Folder and filterDescriptorNotRelationship</h3>
<span class="code">
<pre>com.dotcms.publishing.DotBundleException: Type not expected: class com.dotmarketing.portlets.folders.model.Folder'
	at com.dotcms.enterprise.publishing.remote.bundler.DependencyBundler.generate(SourceFile:67)
	at com.dotcms.enterprise.publishing.remote.bundler.DependencyBundlerTest.addAssetInBundle(DependencyBundlerTest.java:1239)
	at jdk.internal.reflect.GeneratedMethodAccessor1628.invoke(Unknown Source)
	at java.base/jdk.internal.reflect.DelegatingMethodAccessorImpl.invoke(DelegatingMethodAccessorImpl.java:43)
	at java.base/java.lang.reflect.Method.invoke(Method.java:566)
	at org.junit.runners.model.FrameworkMethod$1.runReflectiveCall(FrameworkMethod.java:50)
	at org.junit.internal.runners.model.ReflectiveCallable.run(ReflectiveCallable.java:12)
	at org.junit.runners.model.FrameworkMethod.invokeExplosively(FrameworkMethod.java:47)
	at com.tngtech.java.junit.dataprovider.DataProviderFrameworkMethod.invokeExplosively(DataProviderFrameworkMethod.java:119)
	at org.junit.internal.runners.statements.InvokeMethod.evaluate(InvokeMethod.java:17)
	at org.junit.internal.runners.statements.RunBefores.evaluate(RunBefores.java:26)
	at org.junit.rules.TestWatcher$1.evaluate(TestWatcher.java:55)
	at org.junit.rules.RunRules.evaluate(RunRules.java:20)
	at org.junit.runners.ParentRunner.runLeaf(ParentRunner.java:325)
	at com.dotcms.junit.CustomDataProviderRunner.runChild(CustomDataProviderRunner.java:28)
	at com.dotcms.junit.CustomDataProviderRunner.runChild(CustomDataProviderRunner.java:13)
	at org.junit.runners.ParentRunner$3.run(ParentRunner.java:290)
	at org.junit.runners.ParentRunner$1.schedule(ParentRunner.java:71)
	at org.junit.runners.ParentRunner.runChildren(ParentRunner.java:288)
	at org.junit.runners.ParentRunner.access$000(ParentRunner.java:58)
	at org.junit.runners.ParentRunner$2.evaluate(ParentRunner.java:268)
	at org.junit.runners.ParentRunner.run(ParentRunner.java:363)
	at com.dotcms.junit.MainBaseSuite$DotRunner.run(MainBaseSuite.java:60)
	at org.junit.runners.Suite.runChild(Suite.java:128)
	at org.junit.runners.Suite.runChild(Suite.java:27)
	at org.junit.runners.ParentRunner$3.run(ParentRunner.java:290)
	at org.junit.runners.ParentRunner$1.schedule(ParentRunner.java:71)
	at org.junit.runners.ParentRunner.runChildren(ParentRunner.java:288)
	at org.junit.runners.ParentRunner.access$000(ParentRunner.java:58)
	at org.junit.runners.ParentRunner$2.evaluate(ParentRunner.java:268)
	at org.junit.runners.ParentRunner.run(ParentRunner.java:363)
	at org.gradle.api.internal.tasks.testing.junit.JUnitTestClassExecutor.runTestClass(JUnitTestClassExecutor.java:106)
	at org.gradle.api.internal.tasks.testing.junit.JUnitTestClassExecutor.execute(JUnitTestClassExecutor.java:58)
	at org.gradle.api.internal.tasks.testing.junit.JUnitTestClassExecutor.execute(JUnitTestClassExecutor.java:38)
	at org.gradle.api.internal.tasks.testing.junit.AbstractJUnitTestClassProcessor.processTestClass(AbstractJUnitTestClassProcessor.java:66)
	at org.gradle.api.internal.tasks.testing.SuiteTestClassProcessor.processTestClass(SuiteTestClassProcessor.java:51)
	at java.base/jdk.internal.reflect.NativeMethodAccessorImpl.invoke0(Native Method)
	at java.base/jdk.internal.reflect.NativeMethodAccessorImpl.invoke(NativeMethodAccessorImpl.java:62)
	at java.base/jdk.internal.reflect.DelegatingMethodAccessorImpl.invoke(DelegatingMethodAccessorImpl.java:43)
	at java.base/java.lang.reflect.Method.invoke(Method.java:566)
	at org.gradle.internal.dispatch.ReflectionDispatch.dispatch(ReflectionDispatch.java:35)
	at org.gradle.internal.dispatch.ReflectionDispatch.dispatch(ReflectionDispatch.java:24)
	at org.gradle.internal.dispatch.ContextClassLoaderDispatch.dispatch(ContextClassLoaderDispatch.java:32)
	at org.gradle.internal.dispatch.ProxyDispatchAdapter$DispatchingInvocationHandler.invoke(ProxyDispatchAdapter.java:93)
	at com.sun.proxy.$Proxy2.processTestClass(Unknown Source)
	at org.gradle.api.internal.tasks.testing.worker.TestWorker.processTestClass(TestWorker.java:117)
	at java.base/jdk.internal.reflect.NativeMethodAccessorImpl.invoke0(Native Method)
	at java.base/jdk.internal.reflect.NativeMethodAccessorImpl.invoke(NativeMethodAccessorImpl.java:62)
	at java.base/jdk.internal.reflect.DelegatingMethodAccessorImpl.invoke(DelegatingMethodAccessorImpl.java:43)
	at java.base/java.lang.reflect.Method.invoke(Method.java:566)
	at org.gradle.internal.dispatch.ReflectionDispatch.dispatch(ReflectionDispatch.java:35)
	at org.gradle.internal.dispatch.ReflectionDispatch.dispatch(ReflectionDispatch.java:24)
	at org.gradle.internal.remote.internal.hub.MessageHubBackedObjectConnection$DispatchWrapper.dispatch(MessageHubBackedObjectConnection.java:155)
	at org.gradle.internal.remote.internal.hub.MessageHubBackedObjectConnection$DispatchWrapper.dispatch(MessageHubBackedObjectConnection.java:137)
	at org.gradle.internal.remote.internal.hub.MessageHub$Handler.run(MessageHub.java:404)
	at org.gradle.internal.concurrent.ExecutorPolicy$CatchAndRecordFailures.onExecute(ExecutorPolicy.java:63)
	at org.gradle.internal.concurrent.ManagedExecutorImpl$1.run(ManagedExecutorImpl.java:46)
	at java.base/java.util.concurrent.ThreadPoolExecutor.runWorker(ThreadPoolExecutor.java:1128)
	at java.base/java.util.concurrent.ThreadPoolExecutor$Worker.run(ThreadPoolExecutor.java:628)
	at org.gradle.internal.concurrent.ThreadFactoryImpl$ManagedThreadRunnable.run(ThreadFactoryImpl.java:55)
	at java.base/java.lang.Thread.run(Thread.java:829)
Caused by: com.dotcms.publishing.DotBundleException: Type not expected: class com.dotmarketing.portlets.folders.model.Folder'
	at com.dotcms.publisher.util.dependencies.DependencyManager.setDependencies(DependencyManager.java:342)
	at com.dotcms.enterprise.publishing.remote.bundler.DependencyBundler.generate(SourceFile:64)
	... 60 more
Caused by: java.lang.IllegalArgumentException: Type not expected: class com.dotmarketing.portlets.folders.model.Folder'
	at com.dotcms.publisher.util.dependencies.DependencyModDateUtil.excludeByModDate(DependencyModDateUtil.java:108)
	at com.dotcms.publisher.util.dependencies.PushPublishigDependencyProcesor.tryToAdd(PushPublishigDependencyProcesor.java:852)
	at com.dotcms.publisher.util.dependencies.PushPublishigDependencyProcesor.lambda$18(PushPublishigDependencyProcesor.java:748)
	at java.base/java.util.ArrayList$ArrayListSpliterator.forEachRemaining(ArrayList.java:1655)
	at java.base/java.util.stream.ReferencePipeline$Head.forEach(ReferencePipeline.java:658)
	at com.dotcms.publisher.util.dependencies.PushPublishigDependencyProcesor.tryToAddAllAndProcessDependencies(PushPublishigDependencyProcesor.java:746)
	at com.dotcms.publisher.util.dependencies.PushPublishigDependencyProcesor.proccessHostDependency(PushPublishigDependencyProcesor.java:165)
	at com.dotcms.publisher.util.dependencies.PushPublishigDependencyProcesor.lambda$0(PushPublishigDependencyProcesor.java:83)
	at com.dotcms.publisher.util.dependencies.ConcurrentDependencyProcessor$DependencyRunnable.run(ConcurrentDependencyProcessor.java:204)
	at java.base/java.util.concurrent.Executors$RunnableAdapter.call(Executors.java:515)
	at java.base/java.util.concurrent.FutureTask.run(FutureTask.java:264)
	at java.base/java.util.concurrent.ThreadPoolExecutor.runWorker(ThreadPoolExecutor.java:1128)
	at java.base/java.util.concurrent.ThreadPoolExecutor$Worker.run(ThreadPoolExecutor.java:628)
	... 1 more
</pre>
</span>
</div>
<div class="test">
<a name="addAssetInBundle: Link with filterDescriptorAllDependencies"></a>
<h3 class="failures">addAssetInBundle: Link with filterDescriptorAllDependencies</h3>
<span class="code">
<pre>java.lang.AssertionError: manifestItems
1 -&gt; INCLUDED,language,1,,English,,,,Dependency from: ID: 027a2d52dbec1341e99e6fbfea7e5fb1 Title: testVarname1645553399930.test1645553399930.name|INCLUDED,language,1,,English,,,,Dependency from: ID: 03e7e1a380e82c6963180def8d3b1c63 Title: testVarname1645553399213.test1645553399212.name
f4d7c1b8-2c88-4071-abf1-a5328977b07d -&gt; INCLUDED,contenttype,f4d7c1b8-2c88-4071-abf1-a5328977b07d,,Language Variable,System Host,/,,Dependency from: ID: 8b736fb27da66f88d426b8e77efa66c3 Title: key-exists-as-contentletc33b842a45|INCLUDED,contenttype,f4d7c1b8-2c88-4071-abf1-a5328977b07d,,Language Variable,System Host,/,,Dependency from: ID: 4567708 Title: aJRmVhGQMH|INCLUDED,contenttype,f4d7c1b8-2c88-4071-abf1-a5328977b07d,,Language Variable,System Host,/,,Dependency from: ID: 027a2d52dbec1341e99e6fbfea7e5fb1 Title: testVarname1645553399930.test1645553399930.name|INCLUDED,contenttype,f4d7c1b8-2c88-4071-abf1-a5328977b07d,,Language Variable,System Host,/,,Dependency from: ID: 1 Title: English|INCLUDED,contenttype,f4d7c1b8-2c88-4071-abf1-a5328977b07d,,Language Variable,System Host,/,,Dependency from: ID: 03e7e1a380e82c6963180def8d3b1c63 Title: testVarname1645553399213.test1645553399212.name|INCLUDED,contenttype,f4d7c1b8-2c88-4071-abf1-a5328977b07d,,Language Variable,System Host,/,,Dependency from: ID: 1 Title: English
8b736fb27da66f88d426b8e77efa66c3 -&gt; INCLUDED,contentlet,8b736fb27da66f88d426b8e77efa66c3,c1042312-d474-4577-b58d-602ee7232db4,key-exists-as-contentletc33b842a45,default,/,,Added Automatically by dotCMS
8a7d5e23-da1e-420a-b4f0-471e7da8ea2d -&gt; INCLUDED,host,8a7d5e23-da1e-420a-b4f0-471e7da8ea2d,5630720a-6021-499b-9086-160d129fa94a,default,System Host,/,,Dependency from: ID: 8b736fb27da66f88d426b8e77efa66c3 Title: key-exists-as-contentletc33b842a45|INCLUDED,host,8a7d5e23-da1e-420a-b4f0-471e7da8ea2d,6748148c-30a9-4e8e-8fa4-cc2a97f3da6b,default,System Host,/,,Dependency from: ID: 8b736fb27da66f88d426b8e77efa66c3 Title: key-exists-as-contentletc33b842a45
9ba88b2e20257fcbfa058102da9e0c00 -&gt; INCLUDED,folder,9ba88b2e20257fcbfa058102da9e0c00,9ba88b2e20257fcbfa058102da9e0c00,testTitle1645552066691,test1645552065709.dotcms.com,,,Dependency from: ID: 934bcd0b1f8f6e5b69faf06fc065c337 Title: LinkTitle1645552066727
03e7e1a380e82c6963180def8d3b1c63 -&gt; INCLUDED,contentlet,03e7e1a380e82c6963180def8d3b1c63,fc3709c9-99c3-44c1-a576-16910745df53,testVarname1645553399213.test1645553399212.name,System Host,/,,Added Automatically by dotCMS
d61a59e1-a49c-46f2-a929-db2b4bfa88b2 -&gt; INCLUDED,workflow,d61a59e1-a49c-46f2-a929-db2b4bfa88b2,,System Workflow,,,,Dependency from: ID: f4d7c1b8-2c88-4071-abf1-a5328977b07d Title: Language Variable
bfa1d500626a4e45e22e18766f56cfca -&gt; INCLUDED,host,bfa1d500626a4e45e22e18766f56cfca,dd29e9e1-9559-4a96-81aa-a0ab3e8c1f4d,test1645552065709.dotcms.com,System Host,/,,Dependency from: ID: 934bcd0b1f8f6e5b69faf06fc065c337 Title: LinkTitle1645552066727
4567708 -&gt; INCLUDED,language,4567708,,aJRmVhGQMH,,,,Dependency from: ID: 8b736fb27da66f88d426b8e77efa66c3 Title: key-exists-as-contentletc33b842a45
934bcd0b1f8f6e5b69faf06fc065c337 -&gt; INCLUDED,links,934bcd0b1f8f6e5b69faf06fc065c337,f5d7657d-5626-4bc0-b105-3c8684a78d97,LinkTitle1645552066727,,,,Added directly by User
027a2d52dbec1341e99e6fbfea7e5fb1 -&gt; INCLUDED,contentlet,027a2d52dbec1341e99e6fbfea7e5fb1,fc0e5b69-43f4-4c38-acac-87b153ef3b1f,testVarname1645553399930.test1645553399930.name,System Host,/,,Added Automatically by dotCMS
bc9a1d37-dd2d-4d49-a29d-0c9be740bfaf -&gt; EXCLUDED,folder,bc9a1d37-dd2d-4d49-a29d-0c9be740bfaf,SYSTEM_FOLDER,System folder,System Host,,Excluded System Folder/Host,
SYSTEM_HOST -&gt; EXCLUDED,host,SYSTEM_HOST,dbdec5e2-c02b-4cfb-83a9-4a4c4f3b2eb0,System Host,System Host,/,Excluded System Folder/Host,
Manifest content
#Filter:PublisherFilter { excludeClassesSet = [] , excludeDependencyClassesSet = [] , excludeQueryIds = [] , excludeDependencyQueryIds = [] , relationships = true , dependencies = true}
INCLUDED/EXCLUDED,object type, Id, inode, title, site, folder, excluded by, included by
INCLUDED,contentlet,8b736fb27da66f88d426b8e77efa66c3,c1042312-d474-4577-b58d-602ee7232db4,key-exists-as-contentletc33b842a45,default,/,,Added Automatically by dotCMS
INCLUDED,contentlet,027a2d52dbec1341e99e6fbfea7e5fb1,fc0e5b69-43f4-4c38-acac-87b153ef3b1f,testVarname1645553399930.test1645553399930.name,System Host,/,,Added Automatically by dotCMS
INCLUDED,contentlet,03e7e1a380e82c6963180def8d3b1c63,fc3709c9-99c3-44c1-a576-16910745df53,testVarname1645553399213.test1645553399212.name,System Host,/,,Added Automatically by dotCMS
INCLUDED,links,934bcd0b1f8f6e5b69faf06fc065c337,f5d7657d-5626-4bc0-b105-3c8684a78d97,LinkTitle1645552066727,,,,Added directly by User
EXCLUDED,host,SYSTEM_HOST,dbdec5e2-c02b-4cfb-83a9-4a4c4f3b2eb0,System Host,System Host,/,Excluded System Folder/Host,
EXCLUDED,folder,bc9a1d37-dd2d-4d49-a29d-0c9be740bfaf,SYSTEM_FOLDER,System folder,System Host,,Excluded System Folder/Host,
INCLUDED,language,1,,English,,,,Dependency from: ID: 03e7e1a380e82c6963180def8d3b1c63 Title: testVarname1645553399213.test1645553399212.name
INCLUDED,host,8a7d5e23-da1e-420a-b4f0-471e7da8ea2d,5630720a-6021-499b-9086-160d129fa94a,default,System Host,/,,Dependency from: ID: 8b736fb27da66f88d426b8e77efa66c3 Title: key-exists-as-contentletc33b842a45
INCLUDED,contenttype,f4d7c1b8-2c88-4071-abf1-a5328977b07d,,Language Variable,System Host,/,,Dependency from: ID: 03e7e1a380e82c6963180def8d3b1c63 Title: testVarname1645553399213.test1645553399212.name
INCLUDED,language,4567708,,aJRmVhGQMH,,,,Dependency from: ID: 8b736fb27da66f88d426b8e77efa66c3 Title: key-exists-as-contentletc33b842a45
INCLUDED,workflow,d61a59e1-a49c-46f2-a929-db2b4bfa88b2,,System Workflow,,,,Dependency from: ID: f4d7c1b8-2c88-4071-abf1-a5328977b07d Title: Language Variable
 expected:&lt;13&gt; but was:&lt;11&gt;
	at org.junit.Assert.fail(Assert.java:88)
	at org.junit.Assert.failNotEquals(Assert.java:834)
	at org.junit.Assert.assertEquals(Assert.java:645)
	at com.dotcms.publishing.PublisherAPIImplTest.assertManifestFile(PublisherAPIImplTest.java:591)
	at com.dotcms.enterprise.publishing.remote.bundler.DependencyBundlerTest.addAssetInBundle(DependencyBundlerTest.java:1253)
	at jdk.internal.reflect.GeneratedMethodAccessor1628.invoke(Unknown Source)
	at java.base/jdk.internal.reflect.DelegatingMethodAccessorImpl.invoke(DelegatingMethodAccessorImpl.java:43)
	at java.base/java.lang.reflect.Method.invoke(Method.java:566)
	at org.junit.runners.model.FrameworkMethod$1.runReflectiveCall(FrameworkMethod.java:50)
	at org.junit.internal.runners.model.ReflectiveCallable.run(ReflectiveCallable.java:12)
	at org.junit.runners.model.FrameworkMethod.invokeExplosively(FrameworkMethod.java:47)
	at com.tngtech.java.junit.dataprovider.DataProviderFrameworkMethod.invokeExplosively(DataProviderFrameworkMethod.java:119)
	at org.junit.internal.runners.statements.InvokeMethod.evaluate(InvokeMethod.java:17)
	at org.junit.internal.runners.statements.RunBefores.evaluate(RunBefores.java:26)
	at org.junit.rules.TestWatcher$1.evaluate(TestWatcher.java:55)
	at org.junit.rules.RunRules.evaluate(RunRules.java:20)
	at org.junit.runners.ParentRunner.runLeaf(ParentRunner.java:325)
	at com.dotcms.junit.CustomDataProviderRunner.runChild(CustomDataProviderRunner.java:28)
	at com.dotcms.junit.CustomDataProviderRunner.runChild(CustomDataProviderRunner.java:13)
	at org.junit.runners.ParentRunner$3.run(ParentRunner.java:290)
	at org.junit.runners.ParentRunner$1.schedule(ParentRunner.java:71)
	at org.junit.runners.ParentRunner.runChildren(ParentRunner.java:288)
	at org.junit.runners.ParentRunner.access$000(ParentRunner.java:58)
	at org.junit.runners.ParentRunner$2.evaluate(ParentRunner.java:268)
	at org.junit.runners.ParentRunner.run(ParentRunner.java:363)
	at com.dotcms.junit.MainBaseSuite$DotRunner.run(MainBaseSuite.java:60)
	at org.junit.runners.Suite.runChild(Suite.java:128)
	at org.junit.runners.Suite.runChild(Suite.java:27)
	at org.junit.runners.ParentRunner$3.run(ParentRunner.java:290)
	at org.junit.runners.ParentRunner$1.schedule(ParentRunner.java:71)
	at org.junit.runners.ParentRunner.runChildren(ParentRunner.java:288)
	at org.junit.runners.ParentRunner.access$000(ParentRunner.java:58)
	at org.junit.runners.ParentRunner$2.evaluate(ParentRunner.java:268)
	at org.junit.runners.ParentRunner.run(ParentRunner.java:363)
	at org.gradle.api.internal.tasks.testing.junit.JUnitTestClassExecutor.runTestClass(JUnitTestClassExecutor.java:106)
	at org.gradle.api.internal.tasks.testing.junit.JUnitTestClassExecutor.execute(JUnitTestClassExecutor.java:58)
	at org.gradle.api.internal.tasks.testing.junit.JUnitTestClassExecutor.execute(JUnitTestClassExecutor.java:38)
	at org.gradle.api.internal.tasks.testing.junit.AbstractJUnitTestClassProcessor.processTestClass(AbstractJUnitTestClassProcessor.java:66)
	at org.gradle.api.internal.tasks.testing.SuiteTestClassProcessor.processTestClass(SuiteTestClassProcessor.java:51)
	at java.base/jdk.internal.reflect.NativeMethodAccessorImpl.invoke0(Native Method)
	at java.base/jdk.internal.reflect.NativeMethodAccessorImpl.invoke(NativeMethodAccessorImpl.java:62)
	at java.base/jdk.internal.reflect.DelegatingMethodAccessorImpl.invoke(DelegatingMethodAccessorImpl.java:43)
	at java.base/java.lang.reflect.Method.invoke(Method.java:566)
	at org.gradle.internal.dispatch.ReflectionDispatch.dispatch(ReflectionDispatch.java:35)
	at org.gradle.internal.dispatch.ReflectionDispatch.dispatch(ReflectionDispatch.java:24)
	at org.gradle.internal.dispatch.ContextClassLoaderDispatch.dispatch(ContextClassLoaderDispatch.java:32)
	at org.gradle.internal.dispatch.ProxyDispatchAdapter$DispatchingInvocationHandler.invoke(ProxyDispatchAdapter.java:93)
	at com.sun.proxy.$Proxy2.processTestClass(Unknown Source)
	at org.gradle.api.internal.tasks.testing.worker.TestWorker.processTestClass(TestWorker.java:117)
	at java.base/jdk.internal.reflect.NativeMethodAccessorImpl.invoke0(Native Method)
	at java.base/jdk.internal.reflect.NativeMethodAccessorImpl.invoke(NativeMethodAccessorImpl.java:62)
	at java.base/jdk.internal.reflect.DelegatingMethodAccessorImpl.invoke(DelegatingMethodAccessorImpl.java:43)
	at java.base/java.lang.reflect.Method.invoke(Method.java:566)
	at org.gradle.internal.dispatch.ReflectionDispatch.dispatch(ReflectionDispatch.java:35)
	at org.gradle.internal.dispatch.ReflectionDispatch.dispatch(ReflectionDispatch.java:24)
	at org.gradle.internal.remote.internal.hub.MessageHubBackedObjectConnection$DispatchWrapper.dispatch(MessageHubBackedObjectConnection.java:155)
	at org.gradle.internal.remote.internal.hub.MessageHubBackedObjectConnection$DispatchWrapper.dispatch(MessageHubBackedObjectConnection.java:137)
	at org.gradle.internal.remote.internal.hub.MessageHub$Handler.run(MessageHub.java:404)
	at org.gradle.internal.concurrent.ExecutorPolicy$CatchAndRecordFailures.onExecute(ExecutorPolicy.java:63)
	at org.gradle.internal.concurrent.ManagedExecutorImpl$1.run(ManagedExecutorImpl.java:46)
	at java.base/java.util.concurrent.ThreadPoolExecutor.runWorker(ThreadPoolExecutor.java:1128)
	at java.base/java.util.concurrent.ThreadPoolExecutor$Worker.run(ThreadPoolExecutor.java:628)
	at org.gradle.internal.concurrent.ThreadFactoryImpl$ManagedThreadRunnable.run(ThreadFactoryImpl.java:55)
	at java.base/java.lang.Thread.run(Thread.java:829)
</pre>
</span>
</div>
<div class="test">
<a name="addAssetInBundle: Link with filterDescriptorNotRelationship"></a>
<h3 class="failures">addAssetInBundle: Link with filterDescriptorNotRelationship</h3>
<span class="code">
<pre>java.lang.AssertionError: manifestItems
1 -&gt; INCLUDED,language,1,,English,,,,Dependency from: ID: 027a2d52dbec1341e99e6fbfea7e5fb1 Title: testVarname1645553399930.test1645553399930.name|INCLUDED,language,1,,English,,,,Dependency from: ID: 03e7e1a380e82c6963180def8d3b1c63 Title: testVarname1645553399213.test1645553399212.name
f4d7c1b8-2c88-4071-abf1-a5328977b07d -&gt; INCLUDED,contenttype,f4d7c1b8-2c88-4071-abf1-a5328977b07d,,Language Variable,System Host,/,,Dependency from: ID: 8b736fb27da66f88d426b8e77efa66c3 Title: key-exists-as-contentletc33b842a45|INCLUDED,contenttype,f4d7c1b8-2c88-4071-abf1-a5328977b07d,,Language Variable,System Host,/,,Dependency from: ID: 4567708 Title: aJRmVhGQMH|INCLUDED,contenttype,f4d7c1b8-2c88-4071-abf1-a5328977b07d,,Language Variable,System Host,/,,Dependency from: ID: 027a2d52dbec1341e99e6fbfea7e5fb1 Title: testVarname1645553399930.test1645553399930.name|INCLUDED,contenttype,f4d7c1b8-2c88-4071-abf1-a5328977b07d,,Language Variable,System Host,/,,Dependency from: ID: 1 Title: English|INCLUDED,contenttype,f4d7c1b8-2c88-4071-abf1-a5328977b07d,,Language Variable,System Host,/,,Dependency from: ID: 03e7e1a380e82c6963180def8d3b1c63 Title: testVarname1645553399213.test1645553399212.name|INCLUDED,contenttype,f4d7c1b8-2c88-4071-abf1-a5328977b07d,,Language Variable,System Host,/,,Dependency from: ID: 1 Title: English
8b736fb27da66f88d426b8e77efa66c3 -&gt; INCLUDED,contentlet,8b736fb27da66f88d426b8e77efa66c3,c1042312-d474-4577-b58d-602ee7232db4,key-exists-as-contentletc33b842a45,default,/,,Added Automatically by dotCMS
8a7d5e23-da1e-420a-b4f0-471e7da8ea2d -&gt; INCLUDED,host,8a7d5e23-da1e-420a-b4f0-471e7da8ea2d,5630720a-6021-499b-9086-160d129fa94a,default,System Host,/,,Dependency from: ID: 8b736fb27da66f88d426b8e77efa66c3 Title: key-exists-as-contentletc33b842a45|INCLUDED,host,8a7d5e23-da1e-420a-b4f0-471e7da8ea2d,6748148c-30a9-4e8e-8fa4-cc2a97f3da6b,default,System Host,/,,Dependency from: ID: 8b736fb27da66f88d426b8e77efa66c3 Title: key-exists-as-contentletc33b842a45
9ba88b2e20257fcbfa058102da9e0c00 -&gt; INCLUDED,folder,9ba88b2e20257fcbfa058102da9e0c00,9ba88b2e20257fcbfa058102da9e0c00,testTitle1645552066691,test1645552065709.dotcms.com,,,Dependency from: ID: 934bcd0b1f8f6e5b69faf06fc065c337 Title: LinkTitle1645552066727
03e7e1a380e82c6963180def8d3b1c63 -&gt; INCLUDED,contentlet,03e7e1a380e82c6963180def8d3b1c63,fc3709c9-99c3-44c1-a576-16910745df53,testVarname1645553399213.test1645553399212.name,System Host,/,,Added Automatically by dotCMS
d61a59e1-a49c-46f2-a929-db2b4bfa88b2 -&gt; INCLUDED,workflow,d61a59e1-a49c-46f2-a929-db2b4bfa88b2,,System Workflow,,,,Dependency from: ID: f4d7c1b8-2c88-4071-abf1-a5328977b07d Title: Language Variable
bfa1d500626a4e45e22e18766f56cfca -&gt; INCLUDED,host,bfa1d500626a4e45e22e18766f56cfca,dd29e9e1-9559-4a96-81aa-a0ab3e8c1f4d,test1645552065709.dotcms.com,System Host,/,,Dependency from: ID: 934bcd0b1f8f6e5b69faf06fc065c337 Title: LinkTitle1645552066727
4567708 -&gt; INCLUDED,language,4567708,,aJRmVhGQMH,,,,Dependency from: ID: 8b736fb27da66f88d426b8e77efa66c3 Title: key-exists-as-contentletc33b842a45
934bcd0b1f8f6e5b69faf06fc065c337 -&gt; INCLUDED,links,934bcd0b1f8f6e5b69faf06fc065c337,f5d7657d-5626-4bc0-b105-3c8684a78d97,LinkTitle1645552066727,,,,Added directly by User
027a2d52dbec1341e99e6fbfea7e5fb1 -&gt; INCLUDED,contentlet,027a2d52dbec1341e99e6fbfea7e5fb1,fc0e5b69-43f4-4c38-acac-87b153ef3b1f,testVarname1645553399930.test1645553399930.name,System Host,/,,Added Automatically by dotCMS
bc9a1d37-dd2d-4d49-a29d-0c9be740bfaf -&gt; EXCLUDED,folder,bc9a1d37-dd2d-4d49-a29d-0c9be740bfaf,SYSTEM_FOLDER,System folder,System Host,,Excluded System Folder/Host,
SYSTEM_HOST -&gt; EXCLUDED,host,SYSTEM_HOST,dbdec5e2-c02b-4cfb-83a9-4a4c4f3b2eb0,System Host,System Host,/,Excluded System Folder/Host,
Manifest content
#Filter:PublisherFilter { excludeClassesSet = [] , excludeDependencyClassesSet = [] , excludeQueryIds = [] , excludeDependencyQueryIds = [] , relationships = false , dependencies = true}
INCLUDED/EXCLUDED,object type, Id, inode, title, site, folder, excluded by, included by
INCLUDED,contentlet,8b736fb27da66f88d426b8e77efa66c3,c1042312-d474-4577-b58d-602ee7232db4,key-exists-as-contentletc33b842a45,default,/,,Added Automatically by dotCMS
INCLUDED,contentlet,027a2d52dbec1341e99e6fbfea7e5fb1,fc0e5b69-43f4-4c38-acac-87b153ef3b1f,testVarname1645553399930.test1645553399930.name,System Host,/,,Added Automatically by dotCMS
INCLUDED,contentlet,03e7e1a380e82c6963180def8d3b1c63,fc3709c9-99c3-44c1-a576-16910745df53,testVarname1645553399213.test1645553399212.name,System Host,/,,Added Automatically by dotCMS
INCLUDED,links,934bcd0b1f8f6e5b69faf06fc065c337,f5d7657d-5626-4bc0-b105-3c8684a78d97,LinkTitle1645552066727,,,,Added directly by User
EXCLUDED,host,SYSTEM_HOST,dbdec5e2-c02b-4cfb-83a9-4a4c4f3b2eb0,System Host,System Host,/,Excluded System Folder/Host,
INCLUDED,host,8a7d5e23-da1e-420a-b4f0-471e7da8ea2d,5630720a-6021-499b-9086-160d129fa94a,default,System Host,/,,Dependency from: ID: 8b736fb27da66f88d426b8e77efa66c3 Title: key-exists-as-contentletc33b842a45
EXCLUDED,folder,bc9a1d37-dd2d-4d49-a29d-0c9be740bfaf,SYSTEM_FOLDER,System folder,System Host,,Excluded System Folder/Host,
INCLUDED,language,1,,English,,,,Dependency from: ID: 027a2d52dbec1341e99e6fbfea7e5fb1 Title: testVarname1645553399930.test1645553399930.name
INCLUDED,contenttype,f4d7c1b8-2c88-4071-abf1-a5328977b07d,,Language Variable,System Host,/,,Dependency from: ID: 027a2d52dbec1341e99e6fbfea7e5fb1 Title: testVarname1645553399930.test1645553399930.name
INCLUDED,language,4567708,,aJRmVhGQMH,,,,Dependency from: ID: 8b736fb27da66f88d426b8e77efa66c3 Title: key-exists-as-contentletc33b842a45
INCLUDED,workflow,d61a59e1-a49c-46f2-a929-db2b4bfa88b2,,System Workflow,,,,Dependency from: ID: f4d7c1b8-2c88-4071-abf1-a5328977b07d Title: Language Variable
 expected:&lt;13&gt; but was:&lt;11&gt;
	at org.junit.Assert.fail(Assert.java:88)
	at org.junit.Assert.failNotEquals(Assert.java:834)
	at org.junit.Assert.assertEquals(Assert.java:645)
	at com.dotcms.publishing.PublisherAPIImplTest.assertManifestFile(PublisherAPIImplTest.java:591)
	at com.dotcms.enterprise.publishing.remote.bundler.DependencyBundlerTest.addAssetInBundle(DependencyBundlerTest.java:1253)
	at jdk.internal.reflect.GeneratedMethodAccessor1628.invoke(Unknown Source)
	at java.base/jdk.internal.reflect.DelegatingMethodAccessorImpl.invoke(DelegatingMethodAccessorImpl.java:43)
	at java.base/java.lang.reflect.Method.invoke(Method.java:566)
	at org.junit.runners.model.FrameworkMethod$1.runReflectiveCall(FrameworkMethod.java:50)
	at org.junit.internal.runners.model.ReflectiveCallable.run(ReflectiveCallable.java:12)
	at org.junit.runners.model.FrameworkMethod.invokeExplosively(FrameworkMethod.java:47)
	at com.tngtech.java.junit.dataprovider.DataProviderFrameworkMethod.invokeExplosively(DataProviderFrameworkMethod.java:119)
	at org.junit.internal.runners.statements.InvokeMethod.evaluate(InvokeMethod.java:17)
	at org.junit.internal.runners.statements.RunBefores.evaluate(RunBefores.java:26)
	at org.junit.rules.TestWatcher$1.evaluate(TestWatcher.java:55)
	at org.junit.rules.RunRules.evaluate(RunRules.java:20)
	at org.junit.runners.ParentRunner.runLeaf(ParentRunner.java:325)
	at com.dotcms.junit.CustomDataProviderRunner.runChild(CustomDataProviderRunner.java:28)
	at com.dotcms.junit.CustomDataProviderRunner.runChild(CustomDataProviderRunner.java:13)
	at org.junit.runners.ParentRunner$3.run(ParentRunner.java:290)
	at org.junit.runners.ParentRunner$1.schedule(ParentRunner.java:71)
	at org.junit.runners.ParentRunner.runChildren(ParentRunner.java:288)
	at org.junit.runners.ParentRunner.access$000(ParentRunner.java:58)
	at org.junit.runners.ParentRunner$2.evaluate(ParentRunner.java:268)
	at org.junit.runners.ParentRunner.run(ParentRunner.java:363)
	at com.dotcms.junit.MainBaseSuite$DotRunner.run(MainBaseSuite.java:60)
	at org.junit.runners.Suite.runChild(Suite.java:128)
	at org.junit.runners.Suite.runChild(Suite.java:27)
	at org.junit.runners.ParentRunner$3.run(ParentRunner.java:290)
	at org.junit.runners.ParentRunner$1.schedule(ParentRunner.java:71)
	at org.junit.runners.ParentRunner.runChildren(ParentRunner.java:288)
	at org.junit.runners.ParentRunner.access$000(ParentRunner.java:58)
	at org.junit.runners.ParentRunner$2.evaluate(ParentRunner.java:268)
	at org.junit.runners.ParentRunner.run(ParentRunner.java:363)
	at org.gradle.api.internal.tasks.testing.junit.JUnitTestClassExecutor.runTestClass(JUnitTestClassExecutor.java:106)
	at org.gradle.api.internal.tasks.testing.junit.JUnitTestClassExecutor.execute(JUnitTestClassExecutor.java:58)
	at org.gradle.api.internal.tasks.testing.junit.JUnitTestClassExecutor.execute(JUnitTestClassExecutor.java:38)
	at org.gradle.api.internal.tasks.testing.junit.AbstractJUnitTestClassProcessor.processTestClass(AbstractJUnitTestClassProcessor.java:66)
	at org.gradle.api.internal.tasks.testing.SuiteTestClassProcessor.processTestClass(SuiteTestClassProcessor.java:51)
	at java.base/jdk.internal.reflect.NativeMethodAccessorImpl.invoke0(Native Method)
	at java.base/jdk.internal.reflect.NativeMethodAccessorImpl.invoke(NativeMethodAccessorImpl.java:62)
	at java.base/jdk.internal.reflect.DelegatingMethodAccessorImpl.invoke(DelegatingMethodAccessorImpl.java:43)
	at java.base/java.lang.reflect.Method.invoke(Method.java:566)
	at org.gradle.internal.dispatch.ReflectionDispatch.dispatch(ReflectionDispatch.java:35)
	at org.gradle.internal.dispatch.ReflectionDispatch.dispatch(ReflectionDispatch.java:24)
	at org.gradle.internal.dispatch.ContextClassLoaderDispatch.dispatch(ContextClassLoaderDispatch.java:32)
	at org.gradle.internal.dispatch.ProxyDispatchAdapter$DispatchingInvocationHandler.invoke(ProxyDispatchAdapter.java:93)
	at com.sun.proxy.$Proxy2.processTestClass(Unknown Source)
	at org.gradle.api.internal.tasks.testing.worker.TestWorker.processTestClass(TestWorker.java:117)
	at java.base/jdk.internal.reflect.NativeMethodAccessorImpl.invoke0(Native Method)
	at java.base/jdk.internal.reflect.NativeMethodAccessorImpl.invoke(NativeMethodAccessorImpl.java:62)
	at java.base/jdk.internal.reflect.DelegatingMethodAccessorImpl.invoke(DelegatingMethodAccessorImpl.java:43)
	at java.base/java.lang.reflect.Method.invoke(Method.java:566)
	at org.gradle.internal.dispatch.ReflectionDispatch.dispatch(ReflectionDispatch.java:35)
	at org.gradle.internal.dispatch.ReflectionDispatch.dispatch(ReflectionDispatch.java:24)
	at org.gradle.internal.remote.internal.hub.MessageHubBackedObjectConnection$DispatchWrapper.dispatch(MessageHubBackedObjectConnection.java:155)
	at org.gradle.internal.remote.internal.hub.MessageHubBackedObjectConnection$DispatchWrapper.dispatch(MessageHubBackedObjectConnection.java:137)
	at org.gradle.internal.remote.internal.hub.MessageHub$Handler.run(MessageHub.java:404)
	at org.gradle.internal.concurrent.ExecutorPolicy$CatchAndRecordFailures.onExecute(ExecutorPolicy.java:63)
	at org.gradle.internal.concurrent.ManagedExecutorImpl$1.run(ManagedExecutorImpl.java:46)
	at java.base/java.util.concurrent.ThreadPoolExecutor.runWorker(ThreadPoolExecutor.java:1128)
	at java.base/java.util.concurrent.ThreadPoolExecutor$Worker.run(ThreadPoolExecutor.java:628)
	at org.gradle.internal.concurrent.ThreadFactoryImpl$ManagedThreadRunnable.run(ThreadFactoryImpl.java:55)
	at java.base/java.lang.Thread.run(Thread.java:829)
</pre>
</span>
</div>
<div class="test">
<a name="addAssetInBundle: Link with third Party"></a>
<h3 class="failures">addAssetInBundle: Link with third Party</h3>
<span class="code">
<pre>java.lang.AssertionError: manifestItems
1 -&gt; INCLUDED,language,1,,English,,,,Dependency from: ID: 027a2d52dbec1341e99e6fbfea7e5fb1 Title: testVarname1645553399930.test1645553399930.name|INCLUDED,language,1,,English,,,,Dependency from: ID: 03e7e1a380e82c6963180def8d3b1c63 Title: testVarname1645553399213.test1645553399212.name
f4d7c1b8-2c88-4071-abf1-a5328977b07d -&gt; INCLUDED,contenttype,f4d7c1b8-2c88-4071-abf1-a5328977b07d,,Language Variable,System Host,/,,Dependency from: ID: 8b736fb27da66f88d426b8e77efa66c3 Title: key-exists-as-contentletc33b842a45|INCLUDED,contenttype,f4d7c1b8-2c88-4071-abf1-a5328977b07d,,Language Variable,System Host,/,,Dependency from: ID: 4567708 Title: aJRmVhGQMH|INCLUDED,contenttype,f4d7c1b8-2c88-4071-abf1-a5328977b07d,,Language Variable,System Host,/,,Dependency from: ID: 027a2d52dbec1341e99e6fbfea7e5fb1 Title: testVarname1645553399930.test1645553399930.name|INCLUDED,contenttype,f4d7c1b8-2c88-4071-abf1-a5328977b07d,,Language Variable,System Host,/,,Dependency from: ID: 1 Title: English|INCLUDED,contenttype,f4d7c1b8-2c88-4071-abf1-a5328977b07d,,Language Variable,System Host,/,,Dependency from: ID: 03e7e1a380e82c6963180def8d3b1c63 Title: testVarname1645553399213.test1645553399212.name|INCLUDED,contenttype,f4d7c1b8-2c88-4071-abf1-a5328977b07d,,Language Variable,System Host,/,,Dependency from: ID: 1 Title: English
0ab9490b5a16b3f18fead84cf90d0590 -&gt; INCLUDED,folder,0ab9490b5a16b3f18fead84cf90d0590,0ab9490b5a16b3f18fead84cf90d0590,testTitle1645552083344,test1645552081725.dotcms.com,/testName1645552083313/,,Dependency from: ID: 481b6dd6c08c513242a924abc0a04317 Title: LinkTitle1645552084044
8b736fb27da66f88d426b8e77efa66c3 -&gt; INCLUDED,contentlet,8b736fb27da66f88d426b8e77efa66c3,c1042312-d474-4577-b58d-602ee7232db4,key-exists-as-contentletc33b842a45,default,/,,Added Automatically by dotCMS
8a7d5e23-da1e-420a-b4f0-471e7da8ea2d -&gt; INCLUDED,host,8a7d5e23-da1e-420a-b4f0-471e7da8ea2d,5630720a-6021-499b-9086-160d129fa94a,default,System Host,/,,Dependency from: ID: 8b736fb27da66f88d426b8e77efa66c3 Title: key-exists-as-contentletc33b842a45|INCLUDED,host,8a7d5e23-da1e-420a-b4f0-471e7da8ea2d,6748148c-30a9-4e8e-8fa4-cc2a97f3da6b,default,System Host,/,,Dependency from: ID: 8b736fb27da66f88d426b8e77efa66c3 Title: key-exists-as-contentletc33b842a45
eb9b3a51b0a990c5ecda535fdc497269 -&gt; INCLUDED,host,eb9b3a51b0a990c5ecda535fdc497269,412a7c55-f372-473d-97f9-c0e67c80daf4,test1645552081725.dotcms.com,System Host,/,,Dependency from: ID: 481b6dd6c08c513242a924abc0a04317 Title: LinkTitle1645552084044
03e7e1a380e82c6963180def8d3b1c63 -&gt; INCLUDED,contentlet,03e7e1a380e82c6963180def8d3b1c63,fc3709c9-99c3-44c1-a576-16910745df53,testVarname1645553399213.test1645553399212.name,System Host,/,,Added Automatically by dotCMS
d61a59e1-a49c-46f2-a929-db2b4bfa88b2 -&gt; INCLUDED,workflow,d61a59e1-a49c-46f2-a929-db2b4bfa88b2,,System Workflow,,,,Dependency from: ID: f4d7c1b8-2c88-4071-abf1-a5328977b07d Title: Language Variable
4567708 -&gt; INCLUDED,language,4567708,,aJRmVhGQMH,,,,Dependency from: ID: 8b736fb27da66f88d426b8e77efa66c3 Title: key-exists-as-contentletc33b842a45
027a2d52dbec1341e99e6fbfea7e5fb1 -&gt; INCLUDED,contentlet,027a2d52dbec1341e99e6fbfea7e5fb1,fc0e5b69-43f4-4c38-acac-87b153ef3b1f,testVarname1645553399930.test1645553399930.name,System Host,/,,Added Automatically by dotCMS
481b6dd6c08c513242a924abc0a04317 -&gt; INCLUDED,links,481b6dd6c08c513242a924abc0a04317,c0edcacb-21e2-4ba2-9db9-5d955efa9bce,LinkTitle1645552084044,,,,Added directly by User
bc9a1d37-dd2d-4d49-a29d-0c9be740bfaf -&gt; EXCLUDED,folder,bc9a1d37-dd2d-4d49-a29d-0c9be740bfaf,SYSTEM_FOLDER,System folder,System Host,,Excluded System Folder/Host,
SYSTEM_HOST -&gt; EXCLUDED,host,SYSTEM_HOST,dbdec5e2-c02b-4cfb-83a9-4a4c4f3b2eb0,System Host,System Host,/,Excluded System Folder/Host,
Manifest content
#Filter:PublisherFilter { excludeClassesSet = [] , excludeDependencyClassesSet = [] , excludeQueryIds = [] , excludeDependencyQueryIds = [] , relationships = true , dependencies = true}
INCLUDED/EXCLUDED,object type, Id, inode, title, site, folder, excluded by, included by
INCLUDED,contentlet,8b736fb27da66f88d426b8e77efa66c3,c1042312-d474-4577-b58d-602ee7232db4,key-exists-as-contentletc33b842a45,default,/,,Added Automatically by dotCMS
INCLUDED,contentlet,027a2d52dbec1341e99e6fbfea7e5fb1,fc0e5b69-43f4-4c38-acac-87b153ef3b1f,testVarname1645553399930.test1645553399930.name,System Host,/,,Added Automatically by dotCMS
INCLUDED,contentlet,03e7e1a380e82c6963180def8d3b1c63,fc3709c9-99c3-44c1-a576-16910745df53,testVarname1645553399213.test1645553399212.name,System Host,/,,Added Automatically by dotCMS
INCLUDED,links,481b6dd6c08c513242a924abc0a04317,c0edcacb-21e2-4ba2-9db9-5d955efa9bce,LinkTitle1645552084044,,,,Added directly by User
INCLUDED,host,8a7d5e23-da1e-420a-b4f0-471e7da8ea2d,5630720a-6021-499b-9086-160d129fa94a,default,System Host,/,,Dependency from: ID: 8b736fb27da66f88d426b8e77efa66c3 Title: key-exists-as-contentletc33b842a45
EXCLUDED,host,SYSTEM_HOST,dbdec5e2-c02b-4cfb-83a9-4a4c4f3b2eb0,System Host,System Host,/,Excluded System Folder/Host,
EXCLUDED,folder,bc9a1d37-dd2d-4d49-a29d-0c9be740bfaf,SYSTEM_FOLDER,System folder,System Host,,Excluded System Folder/Host,
INCLUDED,language,1,,English,,,,Dependency from: ID: 03e7e1a380e82c6963180def8d3b1c63 Title: testVarname1645553399213.test1645553399212.name
INCLUDED,contenttype,f4d7c1b8-2c88-4071-abf1-a5328977b07d,,Language Variable,System Host,/,,Dependency from: ID: 03e7e1a380e82c6963180def8d3b1c63 Title: testVarname1645553399213.test1645553399212.name
INCLUDED,workflow,d61a59e1-a49c-46f2-a929-db2b4bfa88b2,,System Workflow,,,,Dependency from: ID: f4d7c1b8-2c88-4071-abf1-a5328977b07d Title: Language Variable
INCLUDED,language,4567708,,aJRmVhGQMH,,,,Dependency from: ID: 8b736fb27da66f88d426b8e77efa66c3 Title: key-exists-as-contentletc33b842a45
 expected:&lt;13&gt; but was:&lt;11&gt;
	at org.junit.Assert.fail(Assert.java:88)
	at org.junit.Assert.failNotEquals(Assert.java:834)
	at org.junit.Assert.assertEquals(Assert.java:645)
	at com.dotcms.publishing.PublisherAPIImplTest.assertManifestFile(PublisherAPIImplTest.java:591)
	at com.dotcms.enterprise.publishing.remote.bundler.DependencyBundlerTest.addAssetInBundle(DependencyBundlerTest.java:1253)
	at jdk.internal.reflect.GeneratedMethodAccessor1628.invoke(Unknown Source)
	at java.base/jdk.internal.reflect.DelegatingMethodAccessorImpl.invoke(DelegatingMethodAccessorImpl.java:43)
	at java.base/java.lang.reflect.Method.invoke(Method.java:566)
	at org.junit.runners.model.FrameworkMethod$1.runReflectiveCall(FrameworkMethod.java:50)
	at org.junit.internal.runners.model.ReflectiveCallable.run(ReflectiveCallable.java:12)
	at org.junit.runners.model.FrameworkMethod.invokeExplosively(FrameworkMethod.java:47)
	at com.tngtech.java.junit.dataprovider.DataProviderFrameworkMethod.invokeExplosively(DataProviderFrameworkMethod.java:119)
	at org.junit.internal.runners.statements.InvokeMethod.evaluate(InvokeMethod.java:17)
	at org.junit.internal.runners.statements.RunBefores.evaluate(RunBefores.java:26)
	at org.junit.rules.TestWatcher$1.evaluate(TestWatcher.java:55)
	at org.junit.rules.RunRules.evaluate(RunRules.java:20)
	at org.junit.runners.ParentRunner.runLeaf(ParentRunner.java:325)
	at com.dotcms.junit.CustomDataProviderRunner.runChild(CustomDataProviderRunner.java:28)
	at com.dotcms.junit.CustomDataProviderRunner.runChild(CustomDataProviderRunner.java:13)
	at org.junit.runners.ParentRunner$3.run(ParentRunner.java:290)
	at org.junit.runners.ParentRunner$1.schedule(ParentRunner.java:71)
	at org.junit.runners.ParentRunner.runChildren(ParentRunner.java:288)
	at org.junit.runners.ParentRunner.access$000(ParentRunner.java:58)
	at org.junit.runners.ParentRunner$2.evaluate(ParentRunner.java:268)
	at org.junit.runners.ParentRunner.run(ParentRunner.java:363)
	at com.dotcms.junit.MainBaseSuite$DotRunner.run(MainBaseSuite.java:60)
	at org.junit.runners.Suite.runChild(Suite.java:128)
	at org.junit.runners.Suite.runChild(Suite.java:27)
	at org.junit.runners.ParentRunner$3.run(ParentRunner.java:290)
	at org.junit.runners.ParentRunner$1.schedule(ParentRunner.java:71)
	at org.junit.runners.ParentRunner.runChildren(ParentRunner.java:288)
	at org.junit.runners.ParentRunner.access$000(ParentRunner.java:58)
	at org.junit.runners.ParentRunner$2.evaluate(ParentRunner.java:268)
	at org.junit.runners.ParentRunner.run(ParentRunner.java:363)
	at org.gradle.api.internal.tasks.testing.junit.JUnitTestClassExecutor.runTestClass(JUnitTestClassExecutor.java:106)
	at org.gradle.api.internal.tasks.testing.junit.JUnitTestClassExecutor.execute(JUnitTestClassExecutor.java:58)
	at org.gradle.api.internal.tasks.testing.junit.JUnitTestClassExecutor.execute(JUnitTestClassExecutor.java:38)
	at org.gradle.api.internal.tasks.testing.junit.AbstractJUnitTestClassProcessor.processTestClass(AbstractJUnitTestClassProcessor.java:66)
	at org.gradle.api.internal.tasks.testing.SuiteTestClassProcessor.processTestClass(SuiteTestClassProcessor.java:51)
	at java.base/jdk.internal.reflect.NativeMethodAccessorImpl.invoke0(Native Method)
	at java.base/jdk.internal.reflect.NativeMethodAccessorImpl.invoke(NativeMethodAccessorImpl.java:62)
	at java.base/jdk.internal.reflect.DelegatingMethodAccessorImpl.invoke(DelegatingMethodAccessorImpl.java:43)
	at java.base/java.lang.reflect.Method.invoke(Method.java:566)
	at org.gradle.internal.dispatch.ReflectionDispatch.dispatch(ReflectionDispatch.java:35)
	at org.gradle.internal.dispatch.ReflectionDispatch.dispatch(ReflectionDispatch.java:24)
	at org.gradle.internal.dispatch.ContextClassLoaderDispatch.dispatch(ContextClassLoaderDispatch.java:32)
	at org.gradle.internal.dispatch.ProxyDispatchAdapter$DispatchingInvocationHandler.invoke(ProxyDispatchAdapter.java:93)
	at com.sun.proxy.$Proxy2.processTestClass(Unknown Source)
	at org.gradle.api.internal.tasks.testing.worker.TestWorker.processTestClass(TestWorker.java:117)
	at java.base/jdk.internal.reflect.NativeMethodAccessorImpl.invoke0(Native Method)
	at java.base/jdk.internal.reflect.NativeMethodAccessorImpl.invoke(NativeMethodAccessorImpl.java:62)
	at java.base/jdk.internal.reflect.DelegatingMethodAccessorImpl.invoke(DelegatingMethodAccessorImpl.java:43)
	at java.base/java.lang.reflect.Method.invoke(Method.java:566)
	at org.gradle.internal.dispatch.ReflectionDispatch.dispatch(ReflectionDispatch.java:35)
	at org.gradle.internal.dispatch.ReflectionDispatch.dispatch(ReflectionDispatch.java:24)
	at org.gradle.internal.remote.internal.hub.MessageHubBackedObjectConnection$DispatchWrapper.dispatch(MessageHubBackedObjectConnection.java:155)
	at org.gradle.internal.remote.internal.hub.MessageHubBackedObjectConnection$DispatchWrapper.dispatch(MessageHubBackedObjectConnection.java:137)
	at org.gradle.internal.remote.internal.hub.MessageHub$Handler.run(MessageHub.java:404)
	at org.gradle.internal.concurrent.ExecutorPolicy$CatchAndRecordFailures.onExecute(ExecutorPolicy.java:63)
	at org.gradle.internal.concurrent.ManagedExecutorImpl$1.run(ManagedExecutorImpl.java:46)
	at java.base/java.util.concurrent.ThreadPoolExecutor.runWorker(ThreadPoolExecutor.java:1128)
	at java.base/java.util.concurrent.ThreadPoolExecutor$Worker.run(ThreadPoolExecutor.java:628)
	at org.gradle.internal.concurrent.ThreadFactoryImpl$ManagedThreadRunnable.run(ThreadFactoryImpl.java:55)
	at java.base/java.lang.Thread.run(Thread.java:829)
</pre>
</span>
</div>
</div>
<div id="tab1" class="tab">
<h2>Tests</h2>
<table>
<thead>
<tr>
<th>Test</th>
<th>Duration</th>
<th>Result</th>
</tr>
</thead>
<tr>
<td class="success">addAssetInBundle: Advanced Template with Container and filterDescriptorAllDependencies</td>
<td class="success">0.058s</td>
<td class="success">passed</td>
</tr>
<tr>
<td class="success">addAssetInBundle: Advanced Template with Container and filterDescriptorNotDependencies</td>
<td class="success">0.030s</td>
<td class="success">passed</td>
</tr>
<tr>
<td class="success">addAssetInBundle: Advanced Template with Container and filterDescriptorNotDependenciesRelationship</td>
<td class="success">0.023s</td>
<td class="success">passed</td>
</tr>
<tr>
<td class="success">addAssetInBundle: Advanced Template with Container and filterDescriptorNotRelationship</td>
<td class="success">0.054s</td>
<td class="success">passed</td>
</tr>
<tr>
<td class="success">addAssetInBundle: Advanced Template without Container and filterDescriptorAllDependencies</td>
<td class="success">0.045s</td>
<td class="success">passed</td>
</tr>
<tr>
<td class="success">addAssetInBundle: Advanced Template without Container and filterDescriptorNotDependencies</td>
<td class="success">0.018s</td>
<td class="success">passed</td>
</tr>
<tr>
<td class="success">addAssetInBundle: Advanced Template without Container and filterDescriptorNotDependenciesRelationship</td>
<td class="success">0.021s</td>
<td class="success">passed</td>
</tr>
<tr>
<td class="success">addAssetInBundle: Advanced Template without Container and filterDescriptorNotRelationship</td>
<td class="success">0.041s</td>
<td class="success">passed</td>
</tr>
<tr>
<td class="success">addAssetInBundle: Container with Contenttype and filterDescriptorAllDependencies</td>
<td class="success">0.040s</td>
<td class="success">passed</td>
</tr>
<tr>
<td class="success">addAssetInBundle: Container with Contenttype and filterDescriptorNotDependencies</td>
<td class="success">0.022s</td>
<td class="success">passed</td>
</tr>
<tr>
<td class="success">addAssetInBundle: Container with Contenttype and filterDescriptorNotDependenciesRelationship</td>
<td class="success">0.012s</td>
<td class="success">passed</td>
</tr>
<tr>
<td class="success">addAssetInBundle: Container with Contenttype and filterDescriptorNotRelationship</td>
<td class="success">0.038s</td>
<td class="success">passed</td>
</tr>
<tr>
<td class="success">addAssetInBundle: Container with Third party dependencies</td>
<td class="success">0.051s</td>
<td class="success">passed</td>
</tr>
<tr>
<td class="success">addAssetInBundle: Container without Contenttype and der and filterDescriptorNotDependencies</td>
<td class="success">0.012s</td>
<td class="success">passed</td>
</tr>
<tr>
<td class="success">addAssetInBundle: Container without Contenttype and filterDescriptorAllDependencies</td>
<td class="success">0.041s</td>
<td class="success">passed</td>
</tr>
<tr>
<td class="success">addAssetInBundle: Container without Contenttype and filterDescriptorNotDependenciesRelationship</td>
<td class="success">0.011s</td>
<td class="success">passed</td>
</tr>
<tr>
<td class="success">addAssetInBundle: Container without Contenttype and filterDescriptorNotRelationship</td>
<td class="success">0.035s</td>
<td class="success">passed</td>
</tr>
<tr>
<td class="failures">addAssetInBundle: Content Type with folder and third party dependencies</td>
<td class="failures">0.041s</td>
<td class="failures">failed</td>
</tr>
<tr>
<td class="success">addAssetInBundle: Content Type with third party dependencies</td>
<td class="success">0.049s</td>
<td class="success">passed</td>
</tr>
<tr>
<td class="success">addAssetInBundle: Content with Third Party Dependencies</td>
<td class="success">0.097s</td>
<td class="success">passed</td>
</tr>
<tr>
<td class="failures">addAssetInBundle: Content with folder and Third Party Dependencies</td>
<td class="failures">0.084s</td>
<td class="failures">failed</td>
</tr>
<tr>
<td class="success">addAssetInBundle: Contentlet folder and with filterDescriptorNotDependenciesRelationship</td>
<td class="success">0.024s</td>
<td class="success">passed</td>
</tr>
<tr>
<td class="failures">addAssetInBundle: Contentlet folder and with filterDescriptorNotRelationship</td>
<td class="failures">0.034s</td>
<td class="failures">failed</td>
</tr>
<tr>
<td class="success">addAssetInBundle: Contentlet with Category and filterDescriptorAllDependencies</td>
<td class="success">0.085s</td>
<td class="success">passed</td>
</tr>
<tr>
<td class="success">addAssetInBundle: Contentlet with Category and filterDescriptorNotDependencies</td>
<td class="success">0.020s</td>
<td class="success">passed</td>
</tr>
<tr>
<td class="success">addAssetInBundle: Contentlet with Category and filterDescriptorNotDependenciesRelationship</td>
<td class="success">0.022s</td>
<td class="success">passed</td>
</tr>
<tr>
<td class="success">addAssetInBundle: Contentlet with Category and filterDescriptorNotRelationship</td>
<td class="success">0.059s</td>
<td class="success">passed</td>
</tr>
<tr>
<td class="failures">addAssetInBundle: Contentlet with Image and filterDescriptorAllDependencies</td>
<td class="failures">0.104s</td>
<td class="failures">failed</td>
</tr>
<tr>
<td class="success">addAssetInBundle: Contentlet with Image and filterDescriptorNotDependencies</td>
<td class="success">0.029s</td>
<td class="success">passed</td>
</tr>
<tr>
<td class="success">addAssetInBundle: Contentlet with Image and filterDescriptorNotDependenciesRelationship</td>
<td class="success">0.039s</td>
<td class="success">passed</td>
</tr>
<tr>
<td class="failures">addAssetInBundle: Contentlet with Image and filterDescriptorNotRelationship</td>
<td class="failures">0.042s</td>
<td class="failures">failed</td>
</tr>
<tr>
<td class="success">addAssetInBundle: Contentlet with Relationship and filterDescriptorAllDependencies</td>
<td class="success">0.077s</td>
<td class="success">passed</td>
</tr>
<tr>
<td class="success">addAssetInBundle: Contentlet with Relationship and filterDescriptorNotDependencies</td>
<td class="success">0.020s</td>
<td class="success">passed</td>
</tr>
<tr>
<td class="success">addAssetInBundle: Contentlet with Relationship and filterDescriptorNotDependenciesRelationship</td>
<td class="success">0.022s</td>
<td class="success">passed</td>
</tr>
<tr>
<td class="success">addAssetInBundle: Contentlet with Relationship and filterDescriptorNotRelationship</td>
<td class="success">0.055s</td>
<td class="success">passed</td>
</tr>
<tr>
<td class="success">addAssetInBundle: Contentlet with filterDescriptorAllDependencies</td>
<td class="success">0.064s</td>
<td class="success">passed</td>
</tr>
<tr>
<td class="success">addAssetInBundle: Contentlet with filterDescriptorNotDependencies</td>
<td class="success">0.026s</td>
<td class="success">passed</td>
</tr>
<tr>
<td class="success">addAssetInBundle: Contentlet with filterDescriptorNotDependenciesRelationship</td>
<td class="success">0.021s</td>
<td class="success">passed</td>
</tr>
<tr>
<td class="success">addAssetInBundle: Contentlet with filterDescriptorNotRelationship</td>
<td class="success">0.040s</td>
<td class="success">passed</td>
</tr>
<tr>
<td class="failures">addAssetInBundle: Contentlet with folder and filterDescriptorAllDependencies</td>
<td class="failures">0.048s</td>
<td class="failures">failed</td>
</tr>
<tr>
<td class="success">addAssetInBundle: Contentlet with folder and filterDescriptorNotDependencies</td>
<td class="success">0.031s</td>
<td class="success">passed</td>
</tr>
<tr>
<td class="success">addAssetInBundle: Contentype with Category and filterDescriptorAllDependencies</td>
<td class="success">0.061s</td>
<td class="success">passed</td>
</tr>
<tr>
<td class="success">addAssetInBundle: Contentype with Category and filterDescriptorNotDependencies</td>
<td class="success">0.018s</td>
<td class="success">passed</td>
</tr>
<tr>
<td class="success">addAssetInBundle: Contentype with Category and filterDescriptorNotDependenciesRelationship</td>
<td class="success">0.025s</td>
<td class="success">passed</td>
</tr>
<tr>
<td class="success">addAssetInBundle: Contentype with Category and filterDescriptorNotRelationship</td>
<td class="success">0.055s</td>
<td class="success">passed</td>
</tr>
<tr>
<td class="failures">addAssetInBundle: Contentype with Folder and filterDescriptorAllDependencies</td>
<td class="failures">0.047s</td>
<td class="failures">failed</td>
</tr>
<tr>
<td class="success">addAssetInBundle: Contentype with Folder and filterDescriptorNotDependencies</td>
<td class="success">0.022s</td>
<td class="success">passed</td>
</tr>
<tr>
<td class="success">addAssetInBundle: Contentype with Folder and filterDescriptorNotDependenciesRelationship</td>
<td class="success">0.030s</td>
<td class="success">passed</td>
</tr>
<tr>
<td class="failures">addAssetInBundle: Contentype with Folder and filterDescriptorNotRelationship</td>
<td class="failures">0.038s</td>
<td class="failures">failed</td>
</tr>
<tr>
<td class="success">addAssetInBundle: Contentype with Relationship and filterDescriptorAllDependencies</td>
<td class="success">0.043s</td>
<td class="success">passed</td>
</tr>
<tr>
<td class="success">addAssetInBundle: Contentype with Relationship and filterDescriptorNotDependencies</td>
<td class="success">0.029s</td>
<td class="success">passed</td>
</tr>
<tr>
<td class="success">addAssetInBundle: Contentype with Relationship and filterDescriptorNotDependenciesRelationship</td>
<td class="success">0.017s</td>
<td class="success">passed</td>
</tr>
<tr>
<td class="success">addAssetInBundle: Contentype with Relationship and filterDescriptorNotRelationship</td>
<td class="success">0.040s</td>
<td class="success">passed</td>
</tr>
<tr>
<td class="success">addAssetInBundle: Contentype with Workflow and filterDescriptorAllDependencies</td>
<td class="success">0.042s</td>
<td class="success">passed</td>
</tr>
<tr>
<td class="success">addAssetInBundle: Contentype with Workflow and filterDescriptorNotDependencies</td>
<td class="success">0.017s</td>
<td class="success">passed</td>
</tr>
<tr>
<td class="success">addAssetInBundle: Contentype with Workflow and filterDescriptorNotDependenciesRelationship</td>
<td class="success">0.026s</td>
<td class="success">passed</td>
</tr>
<tr>
<td class="success">addAssetInBundle: Contentype with Workflow and filterDescriptorNotRelationship</td>
<td class="success">0.044s</td>
<td class="success">passed</td>
</tr>
<tr>
<td class="success">addAssetInBundle: Contentype with and filterDescriptorNotRelationship</td>
<td class="success">0.044s</td>
<td class="success">passed</td>
</tr>
<tr>
<td class="success">addAssetInBundle: Contentype with filterDescriptorAllDependencies</td>
<td class="success">0.116s</td>
<td class="success">passed</td>
</tr>
<tr>
<td class="success">addAssetInBundle: Contentype with filterDescriptorNotDependencies</td>
<td class="success">0.022s</td>
<td class="success">passed</td>
</tr>
<tr>
<td class="success">addAssetInBundle: Contentype with filterDescriptorNotDependenciesRelationship</td>
<td class="success">0.016s</td>
<td class="success">passed</td>
</tr>
<tr>
<td class="success">addAssetInBundle: Folder with Content and filterDescriptorAllDependencies</td>
<td class="success">0.128s</td>
<td class="success">passed</td>
</tr>
<tr>
<td class="success">addAssetInBundle: Folder with Content and filterDescriptorNotDependencies</td>
<td class="success">0.027s</td>
<td class="success">passed</td>
</tr>
<tr>
<td class="success">addAssetInBundle: Folder with Content and filterDescriptorNotDependenciesRelationship</td>
<td class="success">0.025s</td>
<td class="success">passed</td>
</tr>
<tr>
<td class="success">addAssetInBundle: Folder with Content and filterDescriptorNotRelationship</td>
<td class="success">0.094s</td>
<td class="success">passed</td>
</tr>
<tr>
<td class="success">addAssetInBundle: Folder with ContentType and filterDescriptorAllDependencies</td>
<td class="success">0.067s</td>
<td class="success">passed</td>
</tr>
<tr>
<td class="success">addAssetInBundle: Folder with ContentType and filterDescriptorNotDependencies</td>
<td class="success">0.032s</td>
<td class="success">passed</td>
</tr>
<tr>
<td class="success">addAssetInBundle: Folder with ContentType and filterDescriptorNotDependenciesRelationship</td>
<td class="success">0.025s</td>
<td class="success">passed</td>
</tr>
<tr>
<td class="success">addAssetInBundle: Folder with ContentType and filterDescriptorNotRelationship</td>
<td class="success">0.051s</td>
<td class="success">passed</td>
</tr>
<tr>
<td class="success">addAssetInBundle: Folder with Link and filterDescriptorAllDependencies</td>
<td class="success">0.067s</td>
<td class="success">passed</td>
</tr>
<tr>
<td class="success">addAssetInBundle: Folder with Link and filterDescriptorNotDependencies</td>
<td class="success">0.023s</td>
<td class="success">passed</td>
</tr>
<tr>
<td class="success">addAssetInBundle: Folder with Link and filterDescriptorNotDependenciesRelationship</td>
<td class="success">0.020s</td>
<td class="success">passed</td>
</tr>
<tr>
<td class="success">addAssetInBundle: Folder with Link and filterDescriptorNotRelationship</td>
<td class="success">0.084s</td>
<td class="success">passed</td>
</tr>
<tr>
<td class="failures">addAssetInBundle: Folder with Subfolder and filterDescriptorAllDependencies</td>
<td class="failures">0.056s</td>
<td class="failures">failed</td>
</tr>
<tr>
<td class="success">addAssetInBundle: Folder with Subfolder and filterDescriptorNotDependencies</td>
<td class="success">0.022s</td>
<td class="success">passed</td>
</tr>
<tr>
<td class="success">addAssetInBundle: Folder with Subfolder and filterDescriptorNotDependenciesRelationship</td>
<td class="success">0.023s</td>
<td class="success">passed</td>
</tr>
<tr>
<td class="failures">addAssetInBundle: Folder with Subfolder and filterDescriptorNotRelationship</td>
<td class="failures">0.050s</td>
<td class="failures">failed</td>
</tr>
<tr>
<td class="success">addAssetInBundle: Folder with filterDescriptorAllDependencies</td>
<td class="success">0.078s</td>
<td class="success">passed</td>
</tr>
<tr>
<td class="success">addAssetInBundle: Folder with filterDescriptorNotDependencies</td>
<td class="success">0.023s</td>
<td class="success">passed</td>
</tr>
<tr>
<td class="success">addAssetInBundle: Folder with filterDescriptorNotDependenciesRelationship</td>
<td class="success">0.017s</td>
<td class="success">passed</td>
</tr>
<tr>
<td class="success">addAssetInBundle: Folder with filterDescriptorNotRelationship</td>
<td class="success">0.061s</td>
<td class="success">passed</td>
</tr>
<tr>
<td class="failures">addAssetInBundle: Folder with parent and filterDescriptorAllDependencies</td>
<td class="failures">0.041s</td>
<td class="failures">failed</td>
</tr>
<tr>
<td class="success">addAssetInBundle: Folder with parent and filterDescriptorNotDependencies</td>
<td class="success">0.031s</td>
<td class="success">passed</td>
</tr>
<tr>
<td class="success">addAssetInBundle: Folder with parent and filterDescriptorNotDependenciesRelationship</td>
<td class="success">0.021s</td>
<td class="success">passed</td>
</tr>
<tr>
<td class="failures">addAssetInBundle: Folder with parent and filterDescriptorNotRelationship</td>
<td class="failures">0.027s</td>
<td class="failures">failed</td>
</tr>
<tr>
<td class="failures">addAssetInBundle: Folder with third party</td>
<td class="failures">0.029s</td>
<td class="failures">failed</td>
</tr>
<tr>
<td class="success">addAssetInBundle: Host with Container and filterDescriptorAllDependencies</td>
<td class="success">0.100s</td>
<td class="success">passed</td>
</tr>
<tr>
<td class="success">addAssetInBundle: Host with Container and filterDescriptorNotDependencies</td>
<td class="success">0.029s</td>
<td class="success">passed</td>
</tr>
<tr>
<td class="success">addAssetInBundle: Host with Container and filterDescriptorNotDependenciesRelationship</td>
<td class="success">0.029s</td>
<td class="success">passed</td>
</tr>
<tr>
<td class="success">addAssetInBundle: Host with Container and filterDescriptorNotRelationship</td>
<td class="success">0.051s</td>
<td class="success">passed</td>
</tr>
<tr>
<td class="failures">addAssetInBundle: Host with Content and filterDescriptorAllDependencies</td>
<td class="failures">0.075s</td>
<td class="failures">failed</td>
</tr>
<tr>
<td class="success">addAssetInBundle: Host with Content andfilterDescriptorNotDependencies</td>
<td class="success">0.046s</td>
<td class="success">passed</td>
</tr>
<tr>
<td class="success">addAssetInBundle: Host with Content andfilterDescriptorNotDependenciesRelationship</td>
<td class="success">0.044s</td>
<td class="success">passed</td>
</tr>
<tr>
<td class="success">addAssetInBundle: Host with Content andfilterDescriptorNotRelationship</td>
<td class="success">0.062s</td>
<td class="success">passed</td>
</tr>
<tr>
<td class="failures">addAssetInBundle: Host with Folder and filterDescriptorAllDependencies</td>
<td class="failures">0.059s</td>
<td class="failures">failed</td>
</tr>
<tr>
<td class="success">addAssetInBundle: Host with Folder and filterDescriptorNotDependencies</td>
<td class="success">0.035s</td>
<td class="success">passed</td>
</tr>
<tr>
<td class="success">addAssetInBundle: Host with Folder and filterDescriptorNotDependenciesRelationship</td>
<td class="success">0.029s</td>
<td class="success">passed</td>
</tr>
<tr>
<td class="failures">addAssetInBundle: Host with Folder and filterDescriptorNotRelationship</td>
<td class="failures">0.043s</td>
<td class="failures">failed</td>
</tr>
<tr>
<td class="success">addAssetInBundle: Host with Rule and filterDescriptorAllDependencies</td>
<td class="success">0.072s</td>
<td class="success">passed</td>
</tr>
<tr>
<td class="success">addAssetInBundle: Host with Rule and filterDescriptorNotDependencies</td>
<td class="success">0.028s</td>
<td class="success">passed</td>
</tr>
<tr>
<td class="success">addAssetInBundle: Host with Rule and filterDescriptorNotDependenciesRelationship</td>
<td class="success">0.032s</td>
<td class="success">passed</td>
</tr>
<tr>
<td class="success">addAssetInBundle: Host with Rule and filterDescriptorNotRelationship</td>
<td class="success">0.045s</td>
<td class="success">passed</td>
</tr>
<tr>
<td class="success">addAssetInBundle: Host with filterDescriptorAllDependencies</td>
<td class="success">0.064s</td>
<td class="success">passed</td>
</tr>
<tr>
<td class="success">addAssetInBundle: Host with filterDescriptorNotDependencies</td>
<td class="success">0.029s</td>
<td class="success">passed</td>
</tr>
<tr>
<td class="success">addAssetInBundle: Host with filterDescriptorNotDependenciesRelationship</td>
<td class="success">0.029s</td>
<td class="success">passed</td>
</tr>
<tr>
<td class="success">addAssetInBundle: Host with filterDescriptorNotRelationship</td>
<td class="success">0.041s</td>
<td class="success">passed</td>
</tr>
<tr>
<td class="success">addAssetInBundle: Host with template and  filterDescriptorNotDependencies</td>
<td class="success">0.041s</td>
<td class="success">passed</td>
</tr>
<tr>
<td class="success">addAssetInBundle: Host with template and  filterDescriptorNotDependenciesRelationship</td>
<td class="success">0.031s</td>
<td class="success">passed</td>
</tr>
<tr>
<td class="success">addAssetInBundle: Host with template and  filterDescriptorNotRelationship</td>
<td class="success">0.044s</td>
<td class="success">passed</td>
</tr>
<tr>
<td class="success">addAssetInBundle: Host with template and filterDescriptorAllDependencies</td>
<td class="success">0.076s</td>
<td class="success">passed</td>
</tr>
<tr>
<td class="success">addAssetInBundle: Language with filterDescriptorAllDependencies</td>
<td class="success">0.037s</td>
<td class="success">passed</td>
</tr>
<tr>
<td class="success">addAssetInBundle: Language with filterDescriptorNotDependencies</td>
<td class="success">0.016s</td>
<td class="success">passed</td>
</tr>
<tr>
<td class="success">addAssetInBundle: Language with filterDescriptorNotDependenciesRelationship</td>
<td class="success">0.012s</td>
<td class="success">passed</td>
</tr>
<tr>
<td class="success">addAssetInBundle: Language with filterDescriptorNotRelationship</td>
<td class="success">0.046s</td>
<td class="success">passed</td>
</tr>
<tr>
<td class="failures">addAssetInBundle: Link with filterDescriptorAllDependencies</td>
<td class="failures">0.036s</td>
<td class="failures">failed</td>
</tr>
<tr>
<td class="success">addAssetInBundle: Link with filterDescriptorNotDependencies</td>
<td class="success">0.027s</td>
<td class="success">passed</td>
</tr>
<tr>
<td class="success">addAssetInBundle: Link with filterDescriptorNotDependenciesRelationship</td>
<td class="success">0.021s</td>
<td class="success">passed</td>
</tr>
<tr>
<td class="failures">addAssetInBundle: Link with filterDescriptorNotRelationship</td>
<td class="failures">0.063s</td>
<td class="failures">failed</td>
</tr>
<tr>
<td class="failures">addAssetInBundle: Link with third Party</td>
<td class="failures">0.033s</td>
<td class="failures">failed</td>
</tr>
<tr>
<td class="success">addAssetInBundle: Page with filterDescriptorAllDependencies</td>
<td class="success">0.123s</td>
<td class="success">passed</td>
</tr>
<tr>
<td class="success">addAssetInBundle: Page with filterDescriptorNotDependencies</td>
<td class="success">0.019s</td>
<td class="success">passed</td>
</tr>
<tr>
<td class="success">addAssetInBundle: Page with filterDescriptorNotDependenciesRelationship</td>
<td class="success">0.011s</td>
<td class="success">passed</td>
</tr>
<tr>
<td class="success">addAssetInBundle: Page with filterDescriptorNotDependenciesRelationship</td>
<td class="success">0.019s</td>
<td class="success">passed</td>
</tr>
<tr>
<td class="success">addAssetInBundle: Page with filterDescriptorNotRelationship</td>
<td class="success">0.076s</td>
<td class="success">passed</td>
</tr>
<tr>
<td class="success">addAssetInBundle: Rule with filterDescriptorAllDependencies</td>
<td class="success">0.035s</td>
<td class="success">passed</td>
</tr>
<tr>
<td class="success">addAssetInBundle: Rule with filterDescriptorNotDependencies</td>
<td class="success">0.011s</td>
<td class="success">passed</td>
</tr>
<tr>
<td class="success">addAssetInBundle: Rule with filterDescriptorNotRelationship</td>
<td class="success">0.039s</td>
<td class="success">passed</td>
</tr>
<tr>
<td class="success">addAssetInBundle: Rule with page and filterDescriptorAllDependencies</td>
<td class="success">0.054s</td>
<td class="success">passed</td>
</tr>
<tr>
<td class="success">addAssetInBundle: Rule with page and filterDescriptorAllDependencies</td>
<td class="success">0.012s</td>
<td class="success">passed</td>
</tr>
<tr>
<td class="success">addAssetInBundle: Rule with page and filterDescriptorAllDependencies</td>
<td class="success">0.046s</td>
<td class="success">passed</td>
</tr>
<tr>
<td class="success">addAssetInBundle: Rule with page and filterDescriptorAllDependencies</td>
<td class="success">0.014s</td>
<td class="success">passed</td>
</tr>
<tr>
<td class="success">addAssetInBundle: Rule with page and third party</td>
<td class="success">0.035s</td>
<td class="success">passed</td>
</tr>
<tr>
<td class="success">addAssetInBundle: Rule with third party</td>
<td class="success">0.046s</td>
<td class="success">passed</td>
</tr>
<tr>
<td class="success">addAssetInBundle: Template with Template Layout and filterDescriptorAllDependencies</td>
<td class="success">0.053s</td>
<td class="success">passed</td>
</tr>
<tr>
<td class="success">addAssetInBundle: Template with Template Layout and filterDescriptorNotDependencies</td>
<td class="success">0.018s</td>
<td class="success">passed</td>
</tr>
<tr>
<td class="success">addAssetInBundle: Template with Template Layout and filterDescriptorNotDependenciesRelationship</td>
<td class="success">0.018s</td>
<td class="success">passed</td>
</tr>
<tr>
<td class="success">addAssetInBundle: Template with Template Layout and filterDescriptorNotRelationship</td>
<td class="success">0.038s</td>
<td class="success">passed</td>
</tr>
<tr>
<td class="success">addAssetInBundle: Template with third party dependencies</td>
<td class="success">0.102s</td>
<td class="success">passed</td>
</tr>
<tr>
<td class="success">addAssetInBundle: WorkflowScheme with filterDescriptorAllDependencies</td>
<td class="success">0.078s</td>
<td class="success">passed</td>
</tr>
<tr>
<td class="success">addAssetInBundle: WorkflowScheme with filterDescriptorNotDependencies</td>
<td class="success">0.015s</td>
<td class="success">passed</td>
</tr>
<tr>
<td class="success">addAssetInBundle: WorkflowScheme with filterDescriptorNotDependenciesRelationship</td>
<td class="success">0.012s</td>
<td class="success">passed</td>
</tr>
<tr>
<td class="success">addAssetInBundle: WorkflowScheme with filterDescriptorNotRelationship</td>
<td class="success">0.049s</td>
<td class="success">passed</td>
</tr>
<tr>
<td class="success">addLanguageVariableTestCaseInBundle</td>
<td class="success">0.070s</td>
<td class="success">passed</td>
</tr>
<tr>
<td class="success">excludeContenletChildAssetByModDate: com.dotcms.enterprise.publishing.remote.bundler.DependencyBundlerTest$ModDateTestData@16d5632f</td>
<td class="success">2.113s</td>
<td class="success">passed</td>
</tr>
<tr>
<td class="success">excludeContenletChildAssetByModDate: com.dotcms.enterprise.publishing.remote.bundler.DependencyBundlerTest$ModDateTestData@5775f70e</td>
<td class="success">1.794s</td>
<td class="success">passed</td>
</tr>
<tr>
<td class="success">excludeContenletChildAssetByModDate: com.dotcms.enterprise.publishing.remote.bundler.DependencyBundlerTest$ModDateTestData@72c29a0e</td>
<td class="success">2.576s</td>
<td class="success">passed</td>
</tr>
<tr>
<td class="success">excludeContenletChildAssetByModDate: com.dotcms.enterprise.publishing.remote.bundler.DependencyBundlerTest$ModDateTestData@7dcac327</td>
<td class="success">1.983s</td>
<td class="success">passed</td>
</tr>
<tr>
<td class="success">excludeDependenciesWhenAssetExcludeByFilter: com.dotcms.enterprise.publishing.remote.bundler.DependencyBundlerTest$ModDateTestData@16d5632f</td>
<td class="success">2.123s</td>
<td class="success">passed</td>
</tr>
<tr>
<td class="success">excludeDependenciesWhenAssetExcludeByFilter: com.dotcms.enterprise.publishing.remote.bundler.DependencyBundlerTest$ModDateTestData@5775f70e</td>
<td class="success">1.916s</td>
<td class="success">passed</td>
</tr>
<tr>
<td class="success">excludeDependenciesWhenAssetExcludeByFilter: com.dotcms.enterprise.publishing.remote.bundler.DependencyBundlerTest$ModDateTestData@72c29a0e</td>
<td class="success">1.663s</td>
<td class="success">passed</td>
</tr>
<tr>
<td class="success">excludeDependenciesWhenAssetExcludeByFilter: com.dotcms.enterprise.publishing.remote.bundler.DependencyBundlerTest$ModDateTestData@7dcac327</td>
<td class="success">2.120s</td>
<td class="success">passed</td>
</tr>
<tr>
<td class="success">excludeHTMLDependenciesByModDate: com.dotcms.enterprise.publishing.remote.bundler.DependencyBundlerTest$ModDateTestData@16d5632f</td>
<td class="success">2.079s</td>
<td class="success">passed</td>
</tr>
<tr>
<td class="success">excludeHTMLDependenciesByModDate: com.dotcms.enterprise.publishing.remote.bundler.DependencyBundlerTest$ModDateTestData@5775f70e</td>
<td class="success">1.895s</td>
<td class="success">passed</td>
</tr>
<tr>
<td class="success">excludeHTMLDependenciesByModDate: com.dotcms.enterprise.publishing.remote.bundler.DependencyBundlerTest$ModDateTestData@72c29a0e</td>
<td class="success">1.464s</td>
<td class="success">passed</td>
</tr>
<tr>
<td class="success">excludeHTMLDependenciesByModDate: com.dotcms.enterprise.publishing.remote.bundler.DependencyBundlerTest$ModDateTestData@7dcac327</td>
<td class="success">2.074s</td>
<td class="success">passed</td>
</tr>
<tr>
<td class="success">includeContenletChildWithSeveralVersionAssetByModDate: com.dotcms.enterprise.publishing.remote.bundler.DependencyBundlerTest$ModDateTestData@16d5632f</td>
<td class="success">1.881s</td>
<td class="success">passed</td>
</tr>
<tr>
<td class="success">includeContenletChildWithSeveralVersionAssetByModDate: com.dotcms.enterprise.publishing.remote.bundler.DependencyBundlerTest$ModDateTestData@5775f70e</td>
<td class="success">2.220s</td>
<td class="success">passed</td>
</tr>
<tr>
<td class="success">includeContenletChildWithSeveralVersionAssetByModDate: com.dotcms.enterprise.publishing.remote.bundler.DependencyBundlerTest$ModDateTestData@72c29a0e</td>
<td class="success">2.541s</td>
<td class="success">passed</td>
</tr>
<tr>
<td class="success">includeContenletChildWithSeveralVersionAssetByModDate: com.dotcms.enterprise.publishing.remote.bundler.DependencyBundlerTest$ModDateTestData@7dcac327</td>
<td class="success">1.956s</td>
<td class="success">passed</td>
</tr>
<tr>
<td class="success">includeDependenciesEvenWhenAssetExcludeByModDate: com.dotcms.enterprise.publishing.remote.bundler.DependencyBundlerTest$ModDateTestData@16d5632f</td>
<td class="success">1.981s</td>
<td class="success">passed</td>
</tr>
<tr>
<td class="success">includeDependenciesEvenWhenAssetExcludeByModDate: com.dotcms.enterprise.publishing.remote.bundler.DependencyBundlerTest$ModDateTestData@5775f70e</td>
<td class="success">2.044s</td>
<td class="success">passed</td>
</tr>
<tr>
<td class="success">includeDependenciesEvenWhenAssetExcludeByModDate: com.dotcms.enterprise.publishing.remote.bundler.DependencyBundlerTest$ModDateTestData@72c29a0e</td>
<td class="success">2.118s</td>
<td class="success">passed</td>
</tr>
<tr>
<td class="success">includeDependenciesEvenWhenAssetExcludeByModDate: com.dotcms.enterprise.publishing.remote.bundler.DependencyBundlerTest$ModDateTestData@7dcac327</td>
<td class="success">1.995s</td>
<td class="success">passed</td>
</tr>
<tr>
<td class="success">includeHTMLDependenciesNoMatterModDate: com.dotcms.enterprise.publishing.remote.bundler.DependencyBundlerTest$ModDateTestData@16d5632f</td>
<td class="success">2.069s</td>
<td class="success">passed</td>
</tr>
<tr>
<td class="success">includeHTMLDependenciesNoMatterModDate: com.dotcms.enterprise.publishing.remote.bundler.DependencyBundlerTest$ModDateTestData@5775f70e</td>
<td class="success">1.787s</td>
<td class="success">passed</td>
</tr>
<tr>
<td class="success">includeHTMLDependenciesNoMatterModDate: com.dotcms.enterprise.publishing.remote.bundler.DependencyBundlerTest$ModDateTestData@72c29a0e</td>
<td class="success">2.064s</td>
<td class="success">passed</td>
</tr>
<tr>
<td class="success">includeHTMLDependenciesNoMatterModDate: com.dotcms.enterprise.publishing.remote.bundler.DependencyBundlerTest$ModDateTestData@7dcac327</td>
<td class="success">2.068s</td>
<td class="success">passed</td>
</tr>
<tr>
<td class="success">includeTemplateUsingTwoEnvironment</td>
<td class="success">2.005s</td>
<td class="success">passed</td>
</tr>
<tr>
<td class="success">notExcludeContenletChildAssetByModDate: com.dotcms.enterprise.publishing.remote.bundler.DependencyBundlerTest$ModDateTestData@16d5632f</td>
<td class="success">2.025s</td>
<td class="success">passed</td>
</tr>
<tr>
<td class="success">notExcludeContenletChildAssetByModDate: com.dotcms.enterprise.publishing.remote.bundler.DependencyBundlerTest$ModDateTestData@5775f70e</td>
<td class="success">2.045s</td>
<td class="success">passed</td>
</tr>
<tr>
<td class="success">notExcludeContenletChildAssetByModDate: com.dotcms.enterprise.publishing.remote.bundler.DependencyBundlerTest$ModDateTestData@72c29a0e</td>
<td class="success">2.410s</td>
<td class="success">passed</td>
</tr>
<tr>
<td class="success">notExcludeContenletChildAssetByModDate: com.dotcms.enterprise.publishing.remote.bundler.DependencyBundlerTest$ModDateTestData@7dcac327</td>
<td class="success">1.933s</td>
<td class="success">passed</td>
</tr>
</table>
</div>
<div id="tab2" class="tab">
<h2>Standard output</h2>
<span class="code">
<pre>











































































































































































































































































































































































































































































































































































































































































































































































































































































































































































































































































































































































































































































































































































































</pre>
</span>
</div>
</div>
<div id="footer">
<p>
<div>
<label class="hidden" id="label-for-line-wrapping-toggle" for="line-wrapping-toggle">Wrap lines
<input id="line-wrapping-toggle" type="checkbox" autocomplete="off"/>
</label>
</div>Generated by 
<a href="http://www.gradle.org">Gradle 4.10.2</a> at Feb 22, 2022, 7:28:57 PM</p>
</div>
</div>
</body>
</html>
