<!DOCTYPE html>
<html>
<head>
<meta http-equiv="Content-Type" content="text/html; charset=utf-8"/>
<meta http-equiv="x-ua-compatible" content="IE=edge"/>
<title>Test results - Class com.dotcms.enterprise.HTMLDiffUtilTest</title>
<link href="../css/base-style.css" rel="stylesheet" type="text/css"/>
<link href="../css/style.css" rel="stylesheet" type="text/css"/>
<script src="../js/report.js" type="text/javascript"></script>
</head>
<body>
<div id="content">
<h1>Class com.dotcms.enterprise.HTMLDiffUtilTest</h1>
<div class="breadcrumbs">
<a href="../index.html">all</a> &gt; 
<a href="../packages/com.dotcms.enterprise.html">com.dotcms.enterprise</a> &gt; HTMLDiffUtilTest</div>
<div id="summary">
<table>
<tr>
<td>
<div class="summaryGroup">
<table>
<tr>
<td>
<div class="infoBox" id="tests">
<div class="counter">2</div>
<p>tests</p>
</div>
</td>
<td>
<div class="infoBox" id="failures">
<div class="counter">1</div>
<p>failures</p>
</div>
</td>
<td>
<div class="infoBox" id="ignored">
<div class="counter">0</div>
<p>ignored</p>
</div>
</td>
<td>
<div class="infoBox" id="duration">
<div class="counter">4.366s</div>
<p>duration</p>
</div>
</td>
</tr>
</table>
</div>
</td>
<td>
<div class="infoBox failures" id="successRate">
<div class="percent">50%</div>
<p>successful</p>
</div>
</td>
</tr>
</table>
</div>
<div id="tabs">
<ul class="tabLinks">
<li>
<a href="#tab0">Failed tests</a>
</li>
<li>
<a href="#tab1">Tests</a>
</li>
</ul>
<div id="tab0" class="tab">
<h2>Failed tests</h2>
<div class="test">
<a name="Test_Page_With_Changes_Expect_Difference"></a>
<h3 class="failures">Test_Page_With_Changes_Expect_Difference</h3>
<span class="code">
<pre>com.dotmarketing.exception.DotRuntimeException: ORA-00001: unique constraint (ORACLE.UNIQUE_WORKFLOW_TASK) violated
{
  &quot;SQL&quot;: [&quot;INSERT INTO workflow_task (id, creation_date, mod_date, due_date, created_by, assigned_to, belongs_to, title, description, status, webasset, language_id) values (?,?,?,?,?,?,?,?,?,?,?,?)&quot;],
  &quot;maxRows&quot;: [-1],
  &quot;offest&quot;: [0],
  &quot;params&quot;: [
    &quot;660ecdd0-80fa-4a2f-a1dc-53408282eb12&quot;,
    &quot;2021-02-09 21:36:53.578&quot;,
    &quot;2021-02-09 21:36:53.578&quot;,
    null,
    &quot;f820260b-4810-4d70-99ae-12ea74148d50&quot;,
    &quot;f820260b-4810-4d70-99ae-12ea74148d50&quot;,
    null,
    &quot;seekers&quot;,
    null,
    &quot;ee24a4cb-2d15-4c98-b1bd-6327126451f3&quot;,
    &quot;c5bd709a-1d32-4a10-a4fd-24f162b0b102&quot;,
    1
  ]
}
	at com.dotcms.exception.ExceptionUtil.bubbleUpException(ExceptionUtil.java:165)
	at com.dotcms.content.elasticsearch.business.ESContentletAPIImpl.checkin_aroundBody144(ESContentletAPIImpl.java:4187)
	at com.dotcms.content.elasticsearch.business.ESContentletAPIImpl$AjcClosure145.run(ESContentletAPIImpl.java:1)
	at org.aspectj.runtime.reflect.JoinPointImpl.proceed(JoinPointImpl.java:149)
	at com.dotcms.aspects.aspectj.AspectJDelegateMethodInvocation.proceed(AspectJDelegateMethodInvocation.java:42)
	at com.dotmarketing.db.LocalTransaction.wrapReturnWithListeners(LocalTransaction.java:59)
	at com.dotcms.aspects.interceptors.WrapInTransactionMethodInterceptor.invoke(WrapInTransactionMethodInterceptor.java:23)
	at com.dotcms.aspects.aspectj.WrapInTransactionAspect.invoke(WrapInTransactionAspect.java:41)
	at com.dotcms.content.elasticsearch.business.ESContentletAPIImpl.checkin(ESContentletAPIImpl.java:4138)
	at com.dotcms.content.elasticsearch.business.ESContentletAPIImpl.checkin(ESContentletAPIImpl.java:8289)
	at com.dotcms.content.elasticsearch.business.ESContentletAPIImpl.checkin_aroundBody134(ESContentletAPIImpl.java:4049)
	at com.dotcms.content.elasticsearch.business.ESContentletAPIImpl$AjcClosure135.run(ESContentletAPIImpl.java:1)
	at org.aspectj.runtime.reflect.JoinPointImpl.proceed(JoinPointImpl.java:149)
	at com.dotcms.aspects.aspectj.AspectJDelegateMethodInvocation.proceed(AspectJDelegateMethodInvocation.java:42)
	at com.dotcms.aspects.interceptors.CloseDBIfOpenedMethodInterceptor.invoke(CloseDBIfOpenedMethodInterceptor.java:29)
	at com.dotcms.aspects.aspectj.CloseDBIfOpenedAspect.invoke(CloseDBIfOpenedAspect.java:41)
	at com.dotcms.content.elasticsearch.business.ESContentletAPIImpl.checkin(ESContentletAPIImpl.java:4044)
	at com.dotmarketing.portlets.contentlet.business.ContentletAPIInterceptor.checkin(ContentletAPIInterceptor.java:258)
	at com.dotcms.enterprise.HTMLDiffUtilTest.Test_Page_With_Changes_Expect_Difference(HTMLDiffUtilTest.java:144)
	at sun.reflect.NativeMethodAccessorImpl.invoke0(Native Method)
	at sun.reflect.NativeMethodAccessorImpl.invoke(NativeMethodAccessorImpl.java:62)
	at sun.reflect.DelegatingMethodAccessorImpl.invoke(DelegatingMethodAccessorImpl.java:43)
	at java.lang.reflect.Method.invoke(Method.java:498)
	at org.junit.runners.model.FrameworkMethod$1.runReflectiveCall(FrameworkMethod.java:50)
	at org.junit.internal.runners.model.ReflectiveCallable.run(ReflectiveCallable.java:12)
	at org.junit.runners.model.FrameworkMethod.invokeExplosively(FrameworkMethod.java:47)
	at org.junit.internal.runners.statements.InvokeMethod.evaluate(InvokeMethod.java:17)
	at org.junit.internal.runners.statements.RunBefores.evaluate(RunBefores.java:26)
	at org.junit.internal.runners.statements.RunAfters.evaluate(RunAfters.java:27)
	at org.junit.rules.TestWatcher$1.evaluate(TestWatcher.java:55)
	at org.junit.rules.RunRules.evaluate(RunRules.java:20)
	at org.junit.runners.ParentRunner.runLeaf(ParentRunner.java:325)
	at com.dotcms.junit.CustomDataProviderRunner.runChild(CustomDataProviderRunner.java:28)
	at com.dotcms.junit.CustomDataProviderRunner.runChild(CustomDataProviderRunner.java:13)
	at org.junit.runners.ParentRunner$3.run(ParentRunner.java:290)
	at org.junit.runners.ParentRunner$1.schedule(ParentRunner.java:71)
	at org.junit.runners.ParentRunner.runChildren(ParentRunner.java:288)
	at org.junit.runners.ParentRunner.access$000(ParentRunner.java:58)
	at org.junit.runners.ParentRunner$2.evaluate(ParentRunner.java:268)
	at org.junit.internal.runners.statements.RunBefores.evaluate(RunBefores.java:26)
	at org.junit.runners.ParentRunner.run(ParentRunner.java:363)
	at org.junit.runners.Suite.runChild(Suite.java:128)
	at org.junit.runners.Suite.runChild(Suite.java:27)
	at org.junit.runners.ParentRunner$3.run(ParentRunner.java:290)
	at org.junit.runners.ParentRunner$1.schedule(ParentRunner.java:71)
	at org.junit.runners.ParentRunner.runChildren(ParentRunner.java:288)
	at org.junit.runners.ParentRunner.access$000(ParentRunner.java:58)
	at org.junit.runners.ParentRunner$2.evaluate(ParentRunner.java:268)
	at org.junit.runners.ParentRunner.run(ParentRunner.java:363)
	at org.gradle.api.internal.tasks.testing.junit.JUnitTestClassExecutor.runTestClass(JUnitTestClassExecutor.java:106)
	at org.gradle.api.internal.tasks.testing.junit.JUnitTestClassExecutor.execute(JUnitTestClassExecutor.java:58)
	at org.gradle.api.internal.tasks.testing.junit.JUnitTestClassExecutor.execute(JUnitTestClassExecutor.java:38)
	at org.gradle.api.internal.tasks.testing.junit.AbstractJUnitTestClassProcessor.processTestClass(AbstractJUnitTestClassProcessor.java:66)
	at org.gradle.api.internal.tasks.testing.SuiteTestClassProcessor.processTestClass(SuiteTestClassProcessor.java:51)
	at sun.reflect.NativeMethodAccessorImpl.invoke0(Native Method)
	at sun.reflect.NativeMethodAccessorImpl.invoke(NativeMethodAccessorImpl.java:62)
	at sun.reflect.DelegatingMethodAccessorImpl.invoke(DelegatingMethodAccessorImpl.java:43)
	at java.lang.reflect.Method.invoke(Method.java:498)
	at org.gradle.internal.dispatch.ReflectionDispatch.dispatch(ReflectionDispatch.java:35)
	at org.gradle.internal.dispatch.ReflectionDispatch.dispatch(ReflectionDispatch.java:24)
	at org.gradle.internal.dispatch.ContextClassLoaderDispatch.dispatch(ContextClassLoaderDispatch.java:32)
	at org.gradle.internal.dispatch.ProxyDispatchAdapter$DispatchingInvocationHandler.invoke(ProxyDispatchAdapter.java:93)
	at com.sun.proxy.$Proxy2.processTestClass(Unknown Source)
	at org.gradle.api.internal.tasks.testing.worker.TestWorker.processTestClass(TestWorker.java:117)
	at sun.reflect.NativeMethodAccessorImpl.invoke0(Native Method)
	at sun.reflect.NativeMethodAccessorImpl.invoke(NativeMethodAccessorImpl.java:62)
	at sun.reflect.DelegatingMethodAccessorImpl.invoke(DelegatingMethodAccessorImpl.java:43)
	at java.lang.reflect.Method.invoke(Method.java:498)
	at org.gradle.internal.dispatch.ReflectionDispatch.dispatch(ReflectionDispatch.java:35)
	at org.gradle.internal.dispatch.ReflectionDispatch.dispatch(ReflectionDispatch.java:24)
	at org.gradle.internal.remote.internal.hub.MessageHubBackedObjectConnection$DispatchWrapper.dispatch(MessageHubBackedObjectConnection.java:155)
	at org.gradle.internal.remote.internal.hub.MessageHubBackedObjectConnection$DispatchWrapper.dispatch(MessageHubBackedObjectConnection.java:137)
	at org.gradle.internal.remote.internal.hub.MessageHub$Handler.run(MessageHub.java:404)
	at org.gradle.internal.concurrent.ExecutorPolicy$CatchAndRecordFailures.onExecute(ExecutorPolicy.java:63)
	at org.gradle.internal.concurrent.ManagedExecutorImpl$1.run(ManagedExecutorImpl.java:46)
	at java.util.concurrent.ThreadPoolExecutor.runWorker(ThreadPoolExecutor.java:1149)
	at java.util.concurrent.ThreadPoolExecutor$Worker.run(ThreadPoolExecutor.java:624)
	at org.gradle.internal.concurrent.ThreadFactoryImpl$ManagedThreadRunnable.run(ThreadFactoryImpl.java:55)
	at java.lang.Thread.run(Thread.java:748)
Caused by: com.dotmarketing.exception.DotRuntimeException: ORA-00001: unique constraint (ORACLE.UNIQUE_WORKFLOW_TASK) violated
{
  &quot;SQL&quot;: [&quot;INSERT INTO workflow_task (id, creation_date, mod_date, due_date, created_by, assigned_to, belongs_to, title, description, status, webasset, language_id) values (?,?,?,?,?,?,?,?,?,?,?,?)&quot;],
  &quot;maxRows&quot;: [-1],
  &quot;offest&quot;: [0],
  &quot;params&quot;: [
    &quot;660ecdd0-80fa-4a2f-a1dc-53408282eb12&quot;,
    &quot;2021-02-09 21:36:53.578&quot;,
    &quot;2021-02-09 21:36:53.578&quot;,
    null,
    &quot;f820260b-4810-4d70-99ae-12ea74148d50&quot;,
    &quot;f820260b-4810-4d70-99ae-12ea74148d50&quot;,
    null,
    &quot;seekers&quot;,
    null,
    &quot;ee24a4cb-2d15-4c98-b1bd-6327126451f3&quot;,
    &quot;c5bd709a-1d32-4a10-a4fd-24f162b0b102&quot;,
    1
  ]
}
	at com.dotcms.util.ThreadContextUtil.wrapVoidNoReindex(ThreadContextUtil.java:88)
	at com.dotmarketing.portlets.workflows.business.WorkflowAPIImpl.fireContentWorkflow_aroundBody182(WorkflowAPIImpl.java:3023)
	at com.dotmarketing.portlets.workflows.business.WorkflowAPIImpl$AjcClosure183.run(WorkflowAPIImpl.java:1)
	at org.aspectj.runtime.reflect.JoinPointImpl.proceed(JoinPointImpl.java:149)
	at com.dotcms.aspects.aspectj.AspectJDelegateMethodInvocation.proceed(AspectJDelegateMethodInvocation.java:42)
	at com.dotmarketing.db.LocalTransaction.wrapReturnWithListeners(LocalTransaction.java:59)
	at com.dotcms.aspects.interceptors.WrapInTransactionMethodInterceptor.invoke(WrapInTransactionMethodInterceptor.java:23)
	at com.dotcms.aspects.aspectj.WrapInTransactionAspect.invoke(WrapInTransactionAspect.java:41)
	at com.dotmarketing.portlets.workflows.business.WorkflowAPIImpl.fireContentWorkflow(WorkflowAPIImpl.java:3000)
	at com.dotcms.content.elasticsearch.business.ESContentletAPIImpl.validateWorkflowStateOrRunAsWorkflow(ESContentletAPIImpl.java:4384)
	at com.dotcms.content.elasticsearch.business.ESContentletAPIImpl.checkin_aroundBody144(ESContentletAPIImpl.java:4168)
	... 77 more
Caused by: com.dotmarketing.portlets.workflows.business.DotWorkflowException: ORA-00001: unique constraint (ORACLE.UNIQUE_WORKFLOW_TASK) violated
{
  &quot;SQL&quot;: [&quot;INSERT INTO workflow_task (id, creation_date, mod_date, due_date, created_by, assigned_to, belongs_to, title, description, status, webasset, language_id) values (?,?,?,?,?,?,?,?,?,?,?,?)&quot;],
  &quot;maxRows&quot;: [-1],
  &quot;offest&quot;: [0],
  &quot;params&quot;: [
    &quot;660ecdd0-80fa-4a2f-a1dc-53408282eb12&quot;,
    &quot;2021-02-09 21:36:53.578&quot;,
    &quot;2021-02-09 21:36:53.578&quot;,
    null,
    &quot;f820260b-4810-4d70-99ae-12ea74148d50&quot;,
    &quot;f820260b-4810-4d70-99ae-12ea74148d50&quot;,
    null,
    &quot;seekers&quot;,
    null,
    &quot;ee24a4cb-2d15-4c98-b1bd-6327126451f3&quot;,
    &quot;c5bd709a-1d32-4a10-a4fd-24f162b0b102&quot;,
    1
  ]
}
	at com.dotmarketing.portlets.workflows.business.WorkflowAPIImpl.fireWorkflowPostCheckin_aroundBody168(WorkflowAPIImpl.java:2355)
	at com.dotmarketing.portlets.workflows.business.WorkflowAPIImpl$AjcClosure169.run(WorkflowAPIImpl.java:1)
	at org.aspectj.runtime.reflect.JoinPointImpl.proceed(JoinPointImpl.java:149)
	at com.dotcms.aspects.aspectj.AspectJDelegateMethodInvocation.proceed(AspectJDelegateMethodInvocation.java:42)
	at com.dotmarketing.db.LocalTransaction.wrapReturnWithListeners(LocalTransaction.java:59)
	at com.dotcms.aspects.interceptors.WrapInTransactionMethodInterceptor.invoke(WrapInTransactionMethodInterceptor.java:23)
	at com.dotcms.aspects.aspectj.WrapInTransactionAspect.invoke(WrapInTransactionAspect.java:41)
	at com.dotmarketing.portlets.workflows.business.WorkflowAPIImpl.fireWorkflowPostCheckin(WorkflowAPIImpl.java:2306)
	at com.dotmarketing.portlets.workflows.business.WorkflowAPIImpl.lambda$64(WorkflowAPIImpl.java:3023)
	at com.dotcms.util.ThreadContextUtil.wrapVoidNoReindex(ThreadContextUtil.java:85)
	... 87 more
Caused by: com.dotmarketing.exception.DotDataException: ORA-00001: unique constraint (ORACLE.UNIQUE_WORKFLOW_TASK) violated
{
  &quot;SQL&quot;: [&quot;INSERT INTO workflow_task (id, creation_date, mod_date, due_date, created_by, assigned_to, belongs_to, title, description, status, webasset, language_id) values (?,?,?,?,?,?,?,?,?,?,?,?)&quot;],
  &quot;maxRows&quot;: [-1],
  &quot;offest&quot;: [0],
  &quot;params&quot;: [
    &quot;660ecdd0-80fa-4a2f-a1dc-53408282eb12&quot;,
    &quot;2021-02-09 21:36:53.578&quot;,
    &quot;2021-02-09 21:36:53.578&quot;,
    null,
    &quot;f820260b-4810-4d70-99ae-12ea74148d50&quot;,
    &quot;f820260b-4810-4d70-99ae-12ea74148d50&quot;,
    null,
    &quot;seekers&quot;,
    null,
    &quot;ee24a4cb-2d15-4c98-b1bd-6327126451f3&quot;,
    &quot;c5bd709a-1d32-4a10-a4fd-24f162b0b102&quot;,
    1
  ]
}
	at com.dotmarketing.common.db.DotConnect.loadResult(DotConnect.java:273)
	at com.dotmarketing.portlets.workflows.business.WorkflowFactoryImpl.saveWorkflowTask(WorkflowFactoryImpl.java:2232)
	at com.dotmarketing.portlets.workflows.business.WorkflowAPIImpl.saveWorkflowTaskWithoutIndexing(WorkflowAPIImpl.java:2437)
	at com.dotmarketing.portlets.workflows.business.WorkflowAPIImpl.saveWorkflowTaskInternal(WorkflowAPIImpl.java:1388)
	at com.dotmarketing.portlets.workflows.business.WorkflowAPIImpl.saveWorkflowTaskWithoutIndexing_aroundBody170(WorkflowAPIImpl.java:2447)
	at com.dotmarketing.portlets.workflows.business.WorkflowAPIImpl$AjcClosure171.run(WorkflowAPIImpl.java:1)
	at org.aspectj.runtime.reflect.JoinPointImpl.proceed(JoinPointImpl.java:149)
	at com.dotcms.aspects.aspectj.AspectJDelegateMethodInvocation.proceed(AspectJDelegateMethodInvocation.java:42)
	at com.dotmarketing.db.LocalTransaction.wrapReturnWithListeners(LocalTransaction.java:59)
	at com.dotcms.aspects.interceptors.WrapInTransactionMethodInterceptor.invoke(WrapInTransactionMethodInterceptor.java:23)
	at com.dotcms.aspects.aspectj.WrapInTransactionAspect.invoke(WrapInTransactionAspect.java:41)
	at com.dotmarketing.portlets.workflows.business.WorkflowAPIImpl.saveWorkflowTaskWithoutIndexing(WorkflowAPIImpl.java:2445)
	at com.dotmarketing.portlets.workflows.business.WorkflowAPIImpl.saveWorkflowTask(WorkflowAPIImpl.java:2411)
	at com.dotmarketing.portlets.workflows.business.WorkflowAPIImpl.fireWorkflowPostCheckin_aroundBody168(WorkflowAPIImpl.java:2338)
	... 96 more
Caused by: java.sql.SQLIntegrityConstraintViolationException: ORA-00001: unique constraint (ORACLE.UNIQUE_WORKFLOW_TASK) violated

	at oracle.jdbc.driver.T4CTTIoer11.processError(T4CTTIoer11.java:509)
	at oracle.jdbc.driver.T4CTTIoer11.processError(T4CTTIoer11.java:461)
	at oracle.jdbc.driver.T4C8Oall.processError(T4C8Oall.java:1104)
	at oracle.jdbc.driver.T4CTTIfun.receive(T4CTTIfun.java:550)
	at oracle.jdbc.driver.T4CTTIfun.doRPC(T4CTTIfun.java:268)
	at oracle.jdbc.driver.T4C8Oall.doOALL(T4C8Oall.java:655)
	at oracle.jdbc.driver.T4CPreparedStatement.doOall8(T4CPreparedStatement.java:270)
	at oracle.jdbc.driver.T4CPreparedStatement.doOall8(T4CPreparedStatement.java:91)
	at oracle.jdbc.driver.T4CPreparedStatement.executeForRows(T4CPreparedStatement.java:970)
	at oracle.jdbc.driver.OracleStatement.doExecuteWithTimeout(OracleStatement.java:1205)
	at oracle.jdbc.driver.OraclePreparedStatement.executeInternal(OraclePreparedStatement.java:3666)
	at oracle.jdbc.driver.T4CPreparedStatement.executeInternal(T4CPreparedStatement.java:1426)
	at oracle.jdbc.driver.OraclePreparedStatement.execute(OraclePreparedStatement.java:3778)
	at oracle.jdbc.driver.OraclePreparedStatementWrapper.execute(OraclePreparedStatementWrapper.java:1081)
	at com.zaxxer.hikari.pool.ProxyPreparedStatement.execute(ProxyPreparedStatement.java:44)
	at com.zaxxer.hikari.pool.HikariProxyPreparedStatement.execute(HikariProxyPreparedStatement.java)
	at com.dotmarketing.common.db.DotConnect.executeQuery(DotConnect.java:619)
	at com.dotmarketing.common.db.DotConnect.executeQuery(DotConnect.java:532)
	at com.dotmarketing.common.db.DotConnect.loadResult(DotConnect.java:271)
	... 109 more
Caused by: Error : 1, Position : 0, Sql = INSERT INTO workflow_task (id, creation_date, mod_date, due_date, created_by, assigned_to, belongs_to, title, description, status, webasset, language_id) values (:1 ,:2 ,:3 ,:4 ,:5 ,:6 ,:7 ,:8 ,:9 ,:10 ,:11 ,:12 ), OriginalSql = INSERT INTO workflow_task (id, creation_date, mod_date, due_date, created_by, assigned_to, belongs_to, title, description, status, webasset, language_id) values (?,?,?,?,?,?,?,?,?,?,?,?), Error Msg = ORA-00001: unique constraint (ORACLE.UNIQUE_WORKFLOW_TASK) violated

	at oracle.jdbc.driver.T4CTTIoer11.processError(T4CTTIoer11.java:513)
	... 127 more
</pre>
</span>
</div>
</div>
<div id="tab1" class="tab">
<h2>Tests</h2>
<table>
<thead>
<tr>
<th>Test</th>
<th>Duration</th>
<th>Result</th>
</tr>
</thead>
<tr>
<td class="success">Test_Page_No_Changes_Expect_Nothing_Changed_Message</td>
<td class="success">2.220s</td>
<td class="success">passed</td>
</tr>
<tr>
<td class="failures">Test_Page_With_Changes_Expect_Difference</td>
<td class="failures">2.146s</td>
<td class="failures">failed</td>
</tr>
</table>
</div>
</div>
<div id="footer">
<p>
<div>
<label class="hidden" id="label-for-line-wrapping-toggle" for="line-wrapping-toggle">Wrap lines
<input id="line-wrapping-toggle" type="checkbox" autocomplete="off"/>
</label>
</div>Generated by 
<a href="http://www.gradle.org">Gradle 4.10.2</a> at Feb 9, 2021 9:55:00 PM</p>
</div>
</div>
</body>
</html>
