<!DOCTYPE html>
<html>
<head>
<meta http-equiv="Content-Type" content="text/html; charset=utf-8"/>
<meta http-equiv="x-ua-compatible" content="IE=edge"/>
<title>Test results - Class com.dotmarketing.portlets.contentlet.business.ContentletAPITest</title>
<link href="../css/base-style.css" rel="stylesheet" type="text/css"/>
<link href="../css/style.css" rel="stylesheet" type="text/css"/>
<script src="../js/report.js" type="text/javascript"></script>
</head>
<body>
<div id="content">
<h1>Class com.dotmarketing.portlets.contentlet.business.ContentletAPITest</h1>
<div class="breadcrumbs">
<a href="../index.html">all</a> &gt; 
<a href="../packages/com.dotmarketing.portlets.contentlet.business.html">com.dotmarketing.portlets.contentlet.business</a> &gt; ContentletAPITest</div>
<div id="summary">
<table>
<tr>
<td>
<div class="summaryGroup">
<table>
<tr>
<td>
<div class="infoBox" id="tests">
<div class="counter">149</div>
<p>tests</p>
</div>
</td>
<td>
<div class="infoBox" id="failures">
<div class="counter">2</div>
<p>failures</p>
</div>
</td>
<td>
<div class="infoBox" id="ignored">
<div class="counter">3</div>
<p>ignored</p>
</div>
</td>
<td>
<div class="infoBox" id="duration">
<div class="counter">2m27.53s</div>
<p>duration</p>
</div>
</td>
</tr>
</table>
</div>
</td>
<td>
<div class="infoBox failures" id="successRate">
<div class="percent">98%</div>
<p>successful</p>
</div>
</td>
</tr>
</table>
</div>
<div id="tabs">
<ul class="tabLinks">
<li>
<a href="#tab0">Failed tests</a>
</li>
<li>
<a href="#tab1">Tests</a>
</li>
</ul>
<div id="tab0" class="tab">
<h2>Failed tests</h2>
<div class="test">
<a name="copyContentletWithSeveralVersionsOrderIssue"></a>
<h3 class="failures">copyContentletWithSeveralVersionsOrderIssue</h3>
<span class="code">
<pre>com.dotmarketing.exception.DotHibernateException: Unable to close Hibernate Session 
	at com.dotmarketing.db.HibernateUtil.commitTransaction(HibernateUtil.java:1158)
	at com.dotmarketing.db.LocalTransaction.wrapReturnWithListeners(LocalTransaction.java:62)
	at com.dotcms.aspects.interceptors.WrapInTransactionMethodInterceptor.invoke(WrapInTransactionMethodInterceptor.java:23)
	at com.dotcms.aspects.aspectj.WrapInTransactionAspect.invoke(WrapInTransactionAspect.java:41)
	at com.dotcms.content.elasticsearch.business.ESContentletAPIImpl.checkin(ESContentletAPIImpl.java:4155)
	at com.dotcms.content.elasticsearch.business.ESContentletAPIImpl.checkin(ESContentletAPIImpl.java:8287)
	at com.dotcms.content.elasticsearch.business.ESContentletAPIImpl.checkin_aroundBody134(ESContentletAPIImpl.java:4066)
	at com.dotcms.content.elasticsearch.business.ESContentletAPIImpl$AjcClosure135.run(ESContentletAPIImpl.java:1)
	at org.aspectj.runtime.reflect.JoinPointImpl.proceed(JoinPointImpl.java:149)
	at com.dotcms.aspects.aspectj.AspectJDelegateMethodInvocation.proceed(AspectJDelegateMethodInvocation.java:42)
	at com.dotcms.aspects.interceptors.CloseDBIfOpenedMethodInterceptor.invoke(CloseDBIfOpenedMethodInterceptor.java:29)
	at com.dotcms.aspects.aspectj.CloseDBIfOpenedAspect.invoke(CloseDBIfOpenedAspect.java:41)
	at com.dotcms.content.elasticsearch.business.ESContentletAPIImpl.checkin(ESContentletAPIImpl.java:4061)
	at com.dotmarketing.portlets.contentlet.business.ContentletAPIInterceptor.checkin(ContentletAPIInterceptor.java:258)
	at com.dotmarketing.portlets.fileassets.business.FileAssetAPIImpl.renameFile_aroundBody20(FileAssetAPIImpl.java:458)
	at com.dotmarketing.portlets.fileassets.business.FileAssetAPIImpl$AjcClosure21.run(FileAssetAPIImpl.java:1)
	at org.aspectj.runtime.reflect.JoinPointImpl.proceed(JoinPointImpl.java:149)
	at com.dotcms.aspects.aspectj.AspectJDelegateMethodInvocation.proceed(AspectJDelegateMethodInvocation.java:42)
	at com.dotcms.aspects.interceptors.CloseDBIfOpenedMethodInterceptor.invoke(CloseDBIfOpenedMethodInterceptor.java:29)
	at com.dotcms.aspects.aspectj.CloseDBIfOpenedAspect.invoke(CloseDBIfOpenedAspect.java:41)
	at com.dotmarketing.portlets.fileassets.business.FileAssetAPIImpl.renameFile(FileAssetAPIImpl.java:440)
	at com.dotmarketing.portlets.contentlet.business.ContentletAPITest.copyContentletWithSeveralVersionsOrderIssue(ContentletAPITest.java:1657)
	at java.base/jdk.internal.reflect.NativeMethodAccessorImpl.invoke0(Native Method)
	at java.base/jdk.internal.reflect.NativeMethodAccessorImpl.invoke(NativeMethodAccessorImpl.java:62)
	at java.base/jdk.internal.reflect.DelegatingMethodAccessorImpl.invoke(DelegatingMethodAccessorImpl.java:43)
	at java.base/java.lang.reflect.Method.invoke(Method.java:566)
	at org.junit.runners.model.FrameworkMethod$1.runReflectiveCall(FrameworkMethod.java:50)
	at org.junit.internal.runners.model.ReflectiveCallable.run(ReflectiveCallable.java:12)
	at org.junit.runners.model.FrameworkMethod.invokeExplosively(FrameworkMethod.java:47)
	at org.junit.internal.runners.statements.InvokeMethod.evaluate(InvokeMethod.java:17)
	at org.junit.internal.runners.statements.RunBefores.evaluate(RunBefores.java:26)
	at org.junit.internal.runners.statements.RunAfters.evaluate(RunAfters.java:27)
	at org.junit.rules.ExternalResource$1.evaluate(ExternalResource.java:48)
	at org.junit.rules.RunRules.evaluate(RunRules.java:20)
	at org.junit.rules.TestWatcher$1.evaluate(TestWatcher.java:55)
	at org.junit.rules.RunRules.evaluate(RunRules.java:20)
	at org.junit.runners.ParentRunner.runLeaf(ParentRunner.java:325)
	at com.dotcms.junit.CustomDataProviderRunner.runChild(CustomDataProviderRunner.java:28)
	at com.dotcms.junit.CustomDataProviderRunner.runChild(CustomDataProviderRunner.java:13)
	at org.junit.runners.ParentRunner$3.run(ParentRunner.java:290)
	at org.junit.runners.ParentRunner$1.schedule(ParentRunner.java:71)
	at org.junit.runners.ParentRunner.runChildren(ParentRunner.java:288)
	at org.junit.runners.ParentRunner.access$000(ParentRunner.java:58)
	at org.junit.runners.ParentRunner$2.evaluate(ParentRunner.java:268)
	at org.junit.internal.runners.statements.RunBefores.evaluate(RunBefores.java:26)
	at org.junit.internal.runners.statements.RunAfters.evaluate(RunAfters.java:27)
	at org.junit.runners.ParentRunner.run(ParentRunner.java:363)
	at com.dotcms.junit.MainBaseSuite$DotRunner.run(MainBaseSuite.java:60)
	at org.junit.runners.Suite.runChild(Suite.java:128)
	at org.junit.runners.Suite.runChild(Suite.java:27)
	at org.junit.runners.ParentRunner$3.run(ParentRunner.java:290)
	at org.junit.runners.ParentRunner$1.schedule(ParentRunner.java:71)
	at org.junit.runners.ParentRunner.runChildren(ParentRunner.java:288)
	at org.junit.runners.ParentRunner.access$000(ParentRunner.java:58)
	at org.junit.runners.ParentRunner$2.evaluate(ParentRunner.java:268)
	at org.junit.runners.ParentRunner.run(ParentRunner.java:363)
	at org.gradle.api.internal.tasks.testing.junit.JUnitTestClassExecutor.runTestClass(JUnitTestClassExecutor.java:106)
	at org.gradle.api.internal.tasks.testing.junit.JUnitTestClassExecutor.execute(JUnitTestClassExecutor.java:58)
	at org.gradle.api.internal.tasks.testing.junit.JUnitTestClassExecutor.execute(JUnitTestClassExecutor.java:38)
	at org.gradle.api.internal.tasks.testing.junit.AbstractJUnitTestClassProcessor.processTestClass(AbstractJUnitTestClassProcessor.java:66)
	at org.gradle.api.internal.tasks.testing.SuiteTestClassProcessor.processTestClass(SuiteTestClassProcessor.java:51)
	at java.base/jdk.internal.reflect.NativeMethodAccessorImpl.invoke0(Native Method)
	at java.base/jdk.internal.reflect.NativeMethodAccessorImpl.invoke(NativeMethodAccessorImpl.java:62)
	at java.base/jdk.internal.reflect.DelegatingMethodAccessorImpl.invoke(DelegatingMethodAccessorImpl.java:43)
	at java.base/java.lang.reflect.Method.invoke(Method.java:566)
	at org.gradle.internal.dispatch.ReflectionDispatch.dispatch(ReflectionDispatch.java:35)
	at org.gradle.internal.dispatch.ReflectionDispatch.dispatch(ReflectionDispatch.java:24)
	at org.gradle.internal.dispatch.ContextClassLoaderDispatch.dispatch(ContextClassLoaderDispatch.java:32)
	at org.gradle.internal.dispatch.ProxyDispatchAdapter$DispatchingInvocationHandler.invoke(ProxyDispatchAdapter.java:93)
	at com.sun.proxy.$Proxy2.processTestClass(Unknown Source)
	at org.gradle.api.internal.tasks.testing.worker.TestWorker.processTestClass(TestWorker.java:117)
	at java.base/jdk.internal.reflect.NativeMethodAccessorImpl.invoke0(Native Method)
	at java.base/jdk.internal.reflect.NativeMethodAccessorImpl.invoke(NativeMethodAccessorImpl.java:62)
	at java.base/jdk.internal.reflect.DelegatingMethodAccessorImpl.invoke(DelegatingMethodAccessorImpl.java:43)
	at java.base/java.lang.reflect.Method.invoke(Method.java:566)
	at org.gradle.internal.dispatch.ReflectionDispatch.dispatch(ReflectionDispatch.java:35)
	at org.gradle.internal.dispatch.ReflectionDispatch.dispatch(ReflectionDispatch.java:24)
	at org.gradle.internal.remote.internal.hub.MessageHubBackedObjectConnection$DispatchWrapper.dispatch(MessageHubBackedObjectConnection.java:155)
	at org.gradle.internal.remote.internal.hub.MessageHubBackedObjectConnection$DispatchWrapper.dispatch(MessageHubBackedObjectConnection.java:137)
	at org.gradle.internal.remote.internal.hub.MessageHub$Handler.run(MessageHub.java:404)
	at org.gradle.internal.concurrent.ExecutorPolicy$CatchAndRecordFailures.onExecute(ExecutorPolicy.java:63)
	at org.gradle.internal.concurrent.ManagedExecutorImpl$1.run(ManagedExecutorImpl.java:46)
	at java.base/java.util.concurrent.ThreadPoolExecutor.runWorker(ThreadPoolExecutor.java:1128)
	at java.base/java.util.concurrent.ThreadPoolExecutor$Worker.run(ThreadPoolExecutor.java:628)
	at org.gradle.internal.concurrent.ThreadFactoryImpl$ManagedThreadRunnable.run(ThreadFactoryImpl.java:55)
	at java.base/java.lang.Thread.run(Thread.java:829)
Caused by: com.dotmarketing.business.DotStateException: An error occurred when mapping properties of Contentlet with ID 'e9dd3a46-441a-4e47-8a99-1ae491f4820c': null
	at com.dotmarketing.db.DotRunnableThread.run(DotRunnableThread.java:56)
	at com.dotmarketing.db.HibernateUtil.finalizeCommitListeners(HibernateUtil.java:1068)
	at com.dotmarketing.db.HibernateUtil.commitTransaction(HibernateUtil.java:1152)
	... 85 more
Caused by: com.dotcms.content.business.DotMappingException: An error occurred when mapping properties of Contentlet with ID 'e9dd3a46-441a-4e47-8a99-1ae491f4820c': null
	at com.dotcms.content.elasticsearch.business.ESMappingAPIImpl.toMap_aroundBody0(ESMappingAPIImpl.java:414)
	at com.dotcms.content.elasticsearch.business.ESMappingAPIImpl$AjcClosure1.run(ESMappingAPIImpl.java:1)
	at org.aspectj.runtime.reflect.JoinPointImpl.proceed(JoinPointImpl.java:149)
	at com.dotcms.aspects.aspectj.AspectJDelegateMethodInvocation.proceed(AspectJDelegateMethodInvocation.java:42)
	at com.dotcms.aspects.interceptors.CloseDBIfOpenedMethodInterceptor.invoke(CloseDBIfOpenedMethodInterceptor.java:29)
	at com.dotcms.aspects.aspectj.CloseDBIfOpenedAspect.invoke(CloseDBIfOpenedAspect.java:41)
	at com.dotcms.content.elasticsearch.business.ESMappingAPIImpl.toMap(ESMappingAPIImpl.java:248)
	at com.dotcms.content.elasticsearch.business.ContentletIndexAPIImpl.addBulkRequest(ContentletIndexAPIImpl.java:762)
	at com.dotcms.content.elasticsearch.business.ContentletIndexAPIImpl.appendBulkRequest(ContentletIndexAPIImpl.java:725)
	at com.dotcms.content.elasticsearch.business.ContentletIndexAPIImpl.createBulkRequest(ContentletIndexAPIImpl.java:613)
	at com.dotcms.content.elasticsearch.business.ContentletIndexAPIImpl.indexContentListNow(ContentletIndexAPIImpl.java:556)
	at com.dotcms.content.elasticsearch.business.ContentletIndexAPIImpl.addContentToIndex(ContentletIndexAPIImpl.java:550)
	at com.dotcms.content.elasticsearch.business.ContentletIndexAPIImpl.lambda$3(ContentletIndexAPIImpl.java:509)
	at com.dotmarketing.db.HibernateUtil$DotSyncRunnable.run(HibernateUtil.java:929)
	at com.dotmarketing.db.DotRunnableThread.internalRunner(DotRunnableThread.java:99)
	at com.dotmarketing.db.LocalTransaction.wrap(LocalTransaction.java:158)
	at com.dotmarketing.db.DotRunnableThread.run(DotRunnableThread.java:53)
	... 87 more
Caused by: com.dotmarketing.exception.DotDataException
	at com.dotcms.storage.DataBaseStoragePersistenceAPIImpl.pushObject(DataBaseStoragePersistenceAPIImpl.java:625)
	at com.dotcms.storage.FileStorageAPIImpl.storeMetadata(FileStorageAPIImpl.java:350)
	at com.dotcms.storage.FileStorageAPIImpl.generateMetaData(FileStorageAPIImpl.java:279)
	at com.dotcms.storage.FileMetadataAPIImpl.generateFullMetadata(FileMetadataAPIImpl.java:217)
	at com.dotcms.storage.FileMetadataAPIImpl.generateContentletMetadata(FileMetadataAPIImpl.java:110)
	at com.dotcms.storage.FileMetadataAPIImpl.generateContentletMetadata(FileMetadataAPIImpl.java:273)
	at com.dotcms.content.elasticsearch.business.ESMappingAPIImpl.writeMetadata(ESMappingAPIImpl.java:431)
	at com.dotcms.content.elasticsearch.business.ESMappingAPIImpl.toMap_aroundBody0(ESMappingAPIImpl.java:399)
	... 103 more
Caused by: com.dotmarketing.exception.DotDataException
	at com.dotcms.storage.DataBaseStoragePersistenceAPIImpl.wrapInTransaction(DataBaseStoragePersistenceAPIImpl.java:96)
	at com.dotcms.storage.DataBaseStoragePersistenceAPIImpl.pushFile(DataBaseStoragePersistenceAPIImpl.java:453)
	at com.dotcms.storage.DataBaseStoragePersistenceAPIImpl.pushObject(DataBaseStoragePersistenceAPIImpl.java:622)
	... 110 more
Caused by: com.dotmarketing.exception.DotRuntimeException: Exception pushing new file. group=[dotmetadata], path=[/4/6/46a2d6c2-0f29-4827-9c1f-4318999b07bc/fileasset-metadata.json], fileHash=[11a5ab504c0e7464ee1c81de44ed1aaa42f53160f4abed453c0247ebc79420b8]
	at com.dotcms.storage.DataBaseStoragePersistenceAPIImpl.pushNewFile(DataBaseStoragePersistenceAPIImpl.java:556)
	at com.dotcms.storage.DataBaseStoragePersistenceAPIImpl.lambda$14(DataBaseStoragePersistenceAPIImpl.java:467)
	at com.dotmarketing.db.LocalTransaction.wrapReturnWithListeners(LocalTransaction.java:59)
	at com.dotcms.storage.DataBaseStoragePersistenceAPIImpl.wrapInTransaction(DataBaseStoragePersistenceAPIImpl.java:93)
	... 112 more
Caused by: com.dotmarketing.exception.DotDataException: ORA-00001: unique constraint (ORACLE.SYS_C007684) violated

	at com.dotmarketing.common.db.DotConnect.executeUpdate_aroundBody2(DotConnect.java:1227)
	at com.dotmarketing.common.db.DotConnect$AjcClosure3.run(DotConnect.java:1)
	at org.aspectj.runtime.reflect.JoinPointImpl.proceed(JoinPointImpl.java:149)
	at com.dotcms.aspects.aspectj.AspectJDelegateMethodInvocation.proceed(AspectJDelegateMethodInvocation.java:42)
	at com.dotcms.aspects.interceptors.CloseDBIfOpenedMethodInterceptor.invoke(CloseDBIfOpenedMethodInterceptor.java:29)
	at com.dotcms.aspects.aspectj.CloseDBIfOpenedAspect.invoke(CloseDBIfOpenedAspect.java:41)
	at com.dotmarketing.common.db.DotConnect.executeUpdate(DotConnect.java:1214)
	at com.dotmarketing.common.db.DotConnect.executeUpdate(DotConnect.java:1198)
	at com.dotcms.storage.DataBaseStoragePersistenceAPIImpl.pushNewFile(DataBaseStoragePersistenceAPIImpl.java:528)
	... 115 more
Caused by: java.sql.SQLIntegrityConstraintViolationException: ORA-00001: unique constraint (ORACLE.SYS_C007684) violated

	at oracle.jdbc.driver.T4CTTIoer11.processError(T4CTTIoer11.java:509)
	at oracle.jdbc.driver.T4CTTIoer11.processError(T4CTTIoer11.java:461)
	at oracle.jdbc.driver.T4C8Oall.processError(T4C8Oall.java:1104)
	at oracle.jdbc.driver.T4CTTIfun.receive(T4CTTIfun.java:550)
	at oracle.jdbc.driver.T4CTTIfun.doRPC(T4CTTIfun.java:268)
	at oracle.jdbc.driver.T4C8Oall.doOALL(T4C8Oall.java:655)
	at oracle.jdbc.driver.T4CPreparedStatement.doOall8(T4CPreparedStatement.java:270)
	at oracle.jdbc.driver.T4CPreparedStatement.doOall8(T4CPreparedStatement.java:91)
	at oracle.jdbc.driver.T4CPreparedStatement.executeForRows(T4CPreparedStatement.java:970)
	at oracle.jdbc.driver.OracleStatement.doExecuteWithTimeout(OracleStatement.java:1205)
	at oracle.jdbc.driver.OraclePreparedStatement.executeInternal(OraclePreparedStatement.java:3666)
	at oracle.jdbc.driver.T4CPreparedStatement.executeInternal(T4CPreparedStatement.java:1426)
	at oracle.jdbc.driver.OraclePreparedStatement.executeLargeUpdate(OraclePreparedStatement.java:3756)
	at oracle.jdbc.driver.OraclePreparedStatement.executeUpdate(OraclePreparedStatement.java:3736)
	at oracle.jdbc.driver.OraclePreparedStatementWrapper.executeUpdate(OraclePreparedStatementWrapper.java:1063)
	at com.zaxxer.hikari.pool.ProxyPreparedStatement.executeUpdate(ProxyPreparedStatement.java:61)
	at com.zaxxer.hikari.pool.HikariProxyPreparedStatement.executeUpdate(HikariProxyPreparedStatement.java)
	at com.dotmarketing.common.db.DotConnect.executeUpdate_aroundBody2(DotConnect.java:1222)
	... 123 more
Caused by: Error : 1, Position : 0, Sql = INSERT INTO storage_data(hash_id, data) VALUES (:1 , :2 ), OriginalSql = INSERT INTO storage_data(hash_id, data) VALUES (?, ?), Error Msg = ORA-00001: unique constraint (ORACLE.SYS_C007684) violated

	at oracle.jdbc.driver.T4CTTIoer11.processError(T4CTTIoer11.java:513)
	... 140 more
</pre>
</span>
</div>
<div class="test">
<a name="test_invalidate_shorty_cache"></a>
<h3 class="failures">test_invalidate_shorty_cache</h3>
<span class="code">
<pre>java.lang.AssertionError
	at org.junit.Assert.fail(Assert.java:86)
	at org.junit.Assert.assertTrue(Assert.java:41)
	at org.junit.Assert.assertTrue(Assert.java:52)
	at com.dotmarketing.portlets.contentlet.business.ContentletAPITest.test_invalidate_shorty_cache(ContentletAPITest.java:619)
	at java.base/jdk.internal.reflect.NativeMethodAccessorImpl.invoke0(Native Method)
	at java.base/jdk.internal.reflect.NativeMethodAccessorImpl.invoke(NativeMethodAccessorImpl.java:62)
	at java.base/jdk.internal.reflect.DelegatingMethodAccessorImpl.invoke(DelegatingMethodAccessorImpl.java:43)
	at java.base/java.lang.reflect.Method.invoke(Method.java:566)
	at org.junit.runners.model.FrameworkMethod$1.runReflectiveCall(FrameworkMethod.java:50)
	at org.junit.internal.runners.model.ReflectiveCallable.run(ReflectiveCallable.java:12)
	at org.junit.runners.model.FrameworkMethod.invokeExplosively(FrameworkMethod.java:47)
	at org.junit.internal.runners.statements.InvokeMethod.evaluate(InvokeMethod.java:17)
	at org.junit.internal.runners.statements.RunBefores.evaluate(RunBefores.java:26)
	at org.junit.internal.runners.statements.RunAfters.evaluate(RunAfters.java:27)
	at org.junit.rules.ExternalResource$1.evaluate(ExternalResource.java:48)
	at org.junit.rules.RunRules.evaluate(RunRules.java:20)
	at org.junit.rules.TestWatcher$1.evaluate(TestWatcher.java:55)
	at org.junit.rules.RunRules.evaluate(RunRules.java:20)
	at org.junit.runners.ParentRunner.runLeaf(ParentRunner.java:325)
	at com.dotcms.junit.CustomDataProviderRunner.runChild(CustomDataProviderRunner.java:28)
	at com.dotcms.junit.CustomDataProviderRunner.runChild(CustomDataProviderRunner.java:13)
	at org.junit.runners.ParentRunner$3.run(ParentRunner.java:290)
	at org.junit.runners.ParentRunner$1.schedule(ParentRunner.java:71)
	at org.junit.runners.ParentRunner.runChildren(ParentRunner.java:288)
	at org.junit.runners.ParentRunner.access$000(ParentRunner.java:58)
	at org.junit.runners.ParentRunner$2.evaluate(ParentRunner.java:268)
	at org.junit.internal.runners.statements.RunBefores.evaluate(RunBefores.java:26)
	at org.junit.internal.runners.statements.RunAfters.evaluate(RunAfters.java:27)
	at org.junit.runners.ParentRunner.run(ParentRunner.java:363)
	at com.dotcms.junit.MainBaseSuite$DotRunner.run(MainBaseSuite.java:60)
	at org.junit.runners.Suite.runChild(Suite.java:128)
	at org.junit.runners.Suite.runChild(Suite.java:27)
	at org.junit.runners.ParentRunner$3.run(ParentRunner.java:290)
	at org.junit.runners.ParentRunner$1.schedule(ParentRunner.java:71)
	at org.junit.runners.ParentRunner.runChildren(ParentRunner.java:288)
	at org.junit.runners.ParentRunner.access$000(ParentRunner.java:58)
	at org.junit.runners.ParentRunner$2.evaluate(ParentRunner.java:268)
	at org.junit.runners.ParentRunner.run(ParentRunner.java:363)
	at org.gradle.api.internal.tasks.testing.junit.JUnitTestClassExecutor.runTestClass(JUnitTestClassExecutor.java:106)
	at org.gradle.api.internal.tasks.testing.junit.JUnitTestClassExecutor.execute(JUnitTestClassExecutor.java:58)
	at org.gradle.api.internal.tasks.testing.junit.JUnitTestClassExecutor.execute(JUnitTestClassExecutor.java:38)
	at org.gradle.api.internal.tasks.testing.junit.AbstractJUnitTestClassProcessor.processTestClass(AbstractJUnitTestClassProcessor.java:66)
	at org.gradle.api.internal.tasks.testing.SuiteTestClassProcessor.processTestClass(SuiteTestClassProcessor.java:51)
	at java.base/jdk.internal.reflect.NativeMethodAccessorImpl.invoke0(Native Method)
	at java.base/jdk.internal.reflect.NativeMethodAccessorImpl.invoke(NativeMethodAccessorImpl.java:62)
	at java.base/jdk.internal.reflect.DelegatingMethodAccessorImpl.invoke(DelegatingMethodAccessorImpl.java:43)
	at java.base/java.lang.reflect.Method.invoke(Method.java:566)
	at org.gradle.internal.dispatch.ReflectionDispatch.dispatch(ReflectionDispatch.java:35)
	at org.gradle.internal.dispatch.ReflectionDispatch.dispatch(ReflectionDispatch.java:24)
	at org.gradle.internal.dispatch.ContextClassLoaderDispatch.dispatch(ContextClassLoaderDispatch.java:32)
	at org.gradle.internal.dispatch.ProxyDispatchAdapter$DispatchingInvocationHandler.invoke(ProxyDispatchAdapter.java:93)
	at com.sun.proxy.$Proxy2.processTestClass(Unknown Source)
	at org.gradle.api.internal.tasks.testing.worker.TestWorker.processTestClass(TestWorker.java:117)
	at java.base/jdk.internal.reflect.NativeMethodAccessorImpl.invoke0(Native Method)
	at java.base/jdk.internal.reflect.NativeMethodAccessorImpl.invoke(NativeMethodAccessorImpl.java:62)
	at java.base/jdk.internal.reflect.DelegatingMethodAccessorImpl.invoke(DelegatingMethodAccessorImpl.java:43)
	at java.base/java.lang.reflect.Method.invoke(Method.java:566)
	at org.gradle.internal.dispatch.ReflectionDispatch.dispatch(ReflectionDispatch.java:35)
	at org.gradle.internal.dispatch.ReflectionDispatch.dispatch(ReflectionDispatch.java:24)
	at org.gradle.internal.remote.internal.hub.MessageHubBackedObjectConnection$DispatchWrapper.dispatch(MessageHubBackedObjectConnection.java:155)
	at org.gradle.internal.remote.internal.hub.MessageHubBackedObjectConnection$DispatchWrapper.dispatch(MessageHubBackedObjectConnection.java:137)
	at org.gradle.internal.remote.internal.hub.MessageHub$Handler.run(MessageHub.java:404)
	at org.gradle.internal.concurrent.ExecutorPolicy$CatchAndRecordFailures.onExecute(ExecutorPolicy.java:63)
	at org.gradle.internal.concurrent.ManagedExecutorImpl$1.run(ManagedExecutorImpl.java:46)
	at java.base/java.util.concurrent.ThreadPoolExecutor.runWorker(ThreadPoolExecutor.java:1128)
	at java.base/java.util.concurrent.ThreadPoolExecutor$Worker.run(ThreadPoolExecutor.java:628)
	at org.gradle.internal.concurrent.ThreadFactoryImpl$ManagedThreadRunnable.run(ThreadFactoryImpl.java:55)
	at java.base/java.lang.Thread.run(Thread.java:829)
</pre>
</span>
</div>
</div>
<div id="tab1" class="tab">
<h2>Tests</h2>
<table>
<thead>
<tr>
<th>Test</th>
<th>Duration</th>
<th>Result</th>
</tr>
</thead>
<tr>
<td class="success">TestCopyHTMLPageIncludesPersonalizedMultiTrees</td>
<td class="success">1.211s</td>
<td class="success">passed</td>
</tr>
<tr>
<td class="success">Test_Copy_Metadata_On_CheckIn</td>
<td class="success">1.172s</td>
<td class="success">passed</td>
</tr>
<tr>
<td class="success">addLinkToContentlet</td>
<td class="success">0.131s</td>
<td class="success">passed</td>
</tr>
<tr>
<td class="success">addRemoveContentFromIndex</td>
<td class="success">1.192s</td>
<td class="success">passed</td>
</tr>
<tr>
<td class="success">archive</td>
<td class="success">0.277s</td>
<td class="success">passed</td>
</tr>
<tr>
<td class="success">archiveCollection</td>
<td class="success">0.456s</td>
<td class="success">passed</td>
</tr>
<tr>
<td class="success">cleanBinaryField</td>
<td class="success">0.011s</td>
<td class="success">passed</td>
</tr>
<tr>
<td class="success">cleanHostField</td>
<td class="success">0.107s</td>
<td class="success">passed</td>
</tr>
<tr>
<td class="success">cleanTagField</td>
<td class="success">0.019s</td>
<td class="success">passed</td>
</tr>
<tr>
<td class="success">contentOnlyWithExpireFieldTest</td>
<td class="success">0.753s</td>
<td class="success">passed</td>
</tr>
<tr>
<td class="success">copyContentlet</td>
<td class="success">0.746s</td>
<td class="success">passed</td>
</tr>
<tr>
<td class="success">copyContentletWithFolder</td>
<td class="success">0.489s</td>
<td class="success">passed</td>
</tr>
<tr>
<td class="success">copyContentletWithFolderAppendCopy</td>
<td class="success">0.444s</td>
<td class="success">passed</td>
</tr>
<tr>
<td class="success">copyContentletWithHost</td>
<td class="success">0.481s</td>
<td class="success">passed</td>
</tr>
<tr>
<td class="failures">copyContentletWithSeveralVersionsOrderIssue</td>
<td class="failures">5.099s</td>
<td class="failures">failed</td>
</tr>
<tr>
<td class="success">delete</td>
<td class="success">0.669s</td>
<td class="success">passed</td>
</tr>
<tr>
<td class="success">deleteAllVersionsAndBackup</td>
<td class="success">0.437s</td>
<td class="success">passed</td>
</tr>
<tr>
<td class="success">deleteCollection</td>
<td class="success">0.607s</td>
<td class="success">passed</td>
</tr>
<tr>
<td class="success">deleteCollectionAllVersions</td>
<td class="success">0.725s</td>
<td class="success">passed</td>
</tr>
<tr>
<td class="success">deleteForAllVersions</td>
<td class="success">0.575s</td>
<td class="success">passed</td>
</tr>
<tr>
<td class="success">deleteMultipleContents</td>
<td class="success">6.485s</td>
<td class="success">passed</td>
</tr>
<tr>
<td class="success">deleteRelatedContent</td>
<td class="success">1.671s</td>
<td class="success">passed</td>
</tr>
<tr>
<td class="success">deleteRelatedContentWithParent</td>
<td class="success">0.979s</td>
<td class="success">passed</td>
</tr>
<tr>
<td class="success">delete_GivenUnarchivedContentAndDontValidateMeInTrue_ShouldDeleteSuccessfully</td>
<td class="success">0.471s</td>
<td class="success">passed</td>
</tr>
<tr>
<td class="success">destroy_content_locked_by_admin_by_other_admin_user</td>
<td class="success">1.442s</td>
<td class="success">passed</td>
</tr>
<tr>
<td class="success">find</td>
<td class="success">0s</td>
<td class="success">passed</td>
</tr>
<tr>
<td class="skipped">findAllContent</td>
<td class="skipped">-</td>
<td class="skipped">ignored</td>
</tr>
<tr>
<td class="success">findByStructure</td>
<td class="success">0.005s</td>
<td class="success">passed</td>
</tr>
<tr>
<td class="success">findByStructureInode</td>
<td class="success">0.004s</td>
<td class="success">passed</td>
</tr>
<tr>
<td class="success">findContentletByIdentifier</td>
<td class="success">0.008s</td>
<td class="success">passed</td>
</tr>
<tr>
<td class="success">findContentletByIdentifiers</td>
<td class="success">0.004s</td>
<td class="success">passed</td>
</tr>
<tr>
<td class="success">findContentletForLanguage</td>
<td class="success">0.001s</td>
<td class="success">passed</td>
</tr>
<tr>
<td class="success">findContentlets</td>
<td class="success">0s</td>
<td class="success">passed</td>
</tr>
<tr>
<td class="success">findContentletsByFolder</td>
<td class="success">1.617s</td>
<td class="success">passed</td>
</tr>
<tr>
<td class="success">findContentletsByHost</td>
<td class="success">0.369s</td>
<td class="success">passed</td>
</tr>
<tr>
<td class="success">findPageContentlets</td>
<td class="success">0.005s</td>
<td class="success">passed</td>
</tr>
<tr>
<td class="success">getAllLanguages</td>
<td class="success">5.382s</td>
<td class="success">passed</td>
</tr>
<tr>
<td class="success">getAllRelationships</td>
<td class="success">0.019s</td>
<td class="success">passed</td>
</tr>
<tr>
<td class="success">getAllRelationshipsByContentlet</td>
<td class="success">0.806s</td>
<td class="success">passed</td>
</tr>
<tr>
<td class="success">getContentletReferences</td>
<td class="success">2.573s</td>
<td class="success">passed</td>
</tr>
<tr>
<td class="success">getContentletReferencesForMonolingualPages</td>
<td class="success">2.000s</td>
<td class="success">passed</td>
</tr>
<tr>
<td class="success">getFieldValue</td>
<td class="success">0.007s</td>
<td class="success">passed</td>
</tr>
<tr>
<td class="success">getNextReview</td>
<td class="success">0.018s</td>
<td class="success">passed</td>
</tr>
<tr>
<td class="success">getRelatedContent</td>
<td class="success">0.742s</td>
<td class="success">passed</td>
</tr>
<tr>
<td class="success">getRelatedContentPullByParent</td>
<td class="success">0.799s</td>
<td class="success">passed</td>
</tr>
<tr>
<td class="success">isContentEqual</td>
<td class="success">0s</td>
<td class="success">passed</td>
</tr>
<tr>
<td class="success">newFileAssetLanguageDifferentThanDefault</td>
<td class="success">0.392s</td>
<td class="success">passed</td>
</tr>
<tr>
<td class="success">newVersionFileAssetLanguageDifferentThanDefault</td>
<td class="success">0.745s</td>
<td class="success">passed</td>
</tr>
<tr>
<td class="success">no_destroy_limited_content_locked_by_admin_by_limited_user</td>
<td class="success">0.775s</td>
<td class="success">passed</td>
</tr>
<tr>
<td class="success">publish</td>
<td class="success">0.337s</td>
<td class="success">passed</td>
</tr>
<tr>
<td class="success">publishCollection</td>
<td class="success">0.261s</td>
<td class="success">passed</td>
</tr>
<tr>
<td class="success">publishRelatedHtmlPages</td>
<td class="success">0.005s</td>
<td class="success">passed</td>
</tr>
<tr>
<td class="success">rangeQuery</td>
<td class="success">5.343s</td>
<td class="success">passed</td>
</tr>
<tr>
<td class="success">relateContent</td>
<td class="success">0.733s</td>
<td class="success">passed</td>
</tr>
<tr>
<td class="success">relateContentDirect</td>
<td class="success">0.816s</td>
<td class="success">passed</td>
</tr>
<tr>
<td class="skipped">run_listener_after_save_result_called_all_listeners</td>
<td class="skipped">-</td>
<td class="skipped">ignored</td>
</tr>
<tr>
<td class="success">saveContentWithExistingIdentifier</td>
<td class="success">0.857s</td>
<td class="success">passed</td>
</tr>
<tr>
<td class="success">search</td>
<td class="success">0.005s</td>
<td class="success">passed</td>
</tr>
<tr>
<td class="success">searchIndex</td>
<td class="success">0.005s</td>
<td class="success">passed</td>
</tr>
<tr>
<td class="success">searchWithPermissions</td>
<td class="success">0.014s</td>
<td class="success">passed</td>
</tr>
<tr>
<td class="success">testCheckInContentletWithoutHost_shouldUseContentTypeHost</td>
<td class="success">0.344s</td>
<td class="success">passed</td>
</tr>
<tr>
<td class="success">testCheckInWithSelfRelationInBothParentsAndChildren</td>
<td class="success">1.036s</td>
<td class="success">passed</td>
</tr>
<tr>
<td class="success">testCheckin1_ExistingContentWithCats_EmptyCatsList_ShouldWipeExistingCats</td>
<td class="success">1.052s</td>
<td class="success">passed</td>
</tr>
<tr>
<td class="success">testCheckin1_ExistingContentWithCats_NullCats_ShouldKeepExistingCats</td>
<td class="success">1.217s</td>
<td class="success">passed</td>
</tr>
<tr>
<td class="success">testCheckin1_ExistingContentWithChildAndParentRels_NullRels_ShouldKeepExistingRels</td>
<td class="success">2.566s</td>
<td class="success">passed</td>
</tr>
<tr>
<td class="success">testCheckin1_ExistingContentWithRels_NullRels_ShouldKeepExistingRels</td>
<td class="success">1.283s</td>
<td class="success">passed</td>
</tr>
<tr>
<td class="success">testCheckin2_ExistingContentWithCats_EmptyCatsList_ShouldWipeExistingCats</td>
<td class="success">0.830s</td>
<td class="success">passed</td>
</tr>
<tr>
<td class="success">testCheckin2_ExistingContentWithCats_NullCats_ShouldKeepExistingCats</td>
<td class="success">0.812s</td>
<td class="success">passed</td>
</tr>
<tr>
<td class="success">testCheckin2_ExistingContentWithRels_NullRels_ShouldKeepExistingRels</td>
<td class="success">0.883s</td>
<td class="success">passed</td>
</tr>
<tr>
<td class="success">testCheckin3_ExistingContentWithCats_EmptyCatsList_ShouldWipeExistingCats</td>
<td class="success">0.918s</td>
<td class="success">passed</td>
</tr>
<tr>
<td class="success">testCheckin3_ExistingContentWithCats_NullCats_ShouldKeepExistingCats</td>
<td class="success">0.968s</td>
<td class="success">passed</td>
</tr>
<tr>
<td class="success">testCheckin3_ExistingContentWithRels_EmptyRels_ShouldWipeExistingRels</td>
<td class="success">1.058s</td>
<td class="success">passed</td>
</tr>
<tr>
<td class="success">testCheckin3_ExistingContentWithRels_NullRels_ShouldKeepExistingRels</td>
<td class="success">0.990s</td>
<td class="success">passed</td>
</tr>
<tr>
<td class="success">testCheckin4_ExistingContentWithCats_EmptyCatsList_ShouldWipeExistingCats</td>
<td class="success">0.890s</td>
<td class="success">passed</td>
</tr>
<tr>
<td class="success">testCheckin4_ExistingContentWithCats_NullCats_ShouldKeepExistingCats</td>
<td class="success">0.928s</td>
<td class="success">passed</td>
</tr>
<tr>
<td class="success">testCheckin4_ExistingContentWithRels_EmptyRels_ShouldWipeExistingRels</td>
<td class="success">1.119s</td>
<td class="success">passed</td>
</tr>
<tr>
<td class="success">testCheckin4_ExistingContentWithRels_NullRels_ShouldKeepExistingRels</td>
<td class="success">0.903s</td>
<td class="success">passed</td>
</tr>
<tr>
<td class="success">testCheckinDefaultActions</td>
<td class="success">0.977s</td>
<td class="success">passed</td>
</tr>
<tr>
<td class="success">testCheckinDefaultActionsSkip</td>
<td class="success">0.939s</td>
<td class="success">passed</td>
</tr>
<tr>
<td class="success">testCheckinDefaultActionsSkipBySettingActionId</td>
<td class="success">1.605s</td>
<td class="success">passed</td>
</tr>
<tr>
<td class="success">testCheckinNoDefaultActions</td>
<td class="success">1.790s</td>
<td class="success">passed</td>
</tr>
<tr>
<td class="success">testCheckinWithoutVersioning_ExistingContentWithCats_EmptyCats_ShouldWipeExistingCats</td>
<td class="success">0.770s</td>
<td class="success">passed</td>
</tr>
<tr>
<td class="success">testCheckinWithoutVersioning_ExistingContentWithCats_NullCats_ShouldKeepExistingCats</td>
<td class="success">0.679s</td>
<td class="success">passed</td>
</tr>
<tr>
<td class="success">testCheckinWithoutVersioning_ExistingContentWithRels_EmptyRels_ShouldWipeExistingRels</td>
<td class="success">1.495s</td>
<td class="success">passed</td>
</tr>
<tr>
<td class="success">testCheckinWithoutVersioning_ExistingContentWithRels_NullRels_ShouldKeepExistingRels</td>
<td class="success">1.378s</td>
<td class="success">passed</td>
</tr>
<tr>
<td class="success">testCheckinWithoutVersioning_ShouldDeletePreviousBinary_WhenBinaryIsUpdated</td>
<td class="success">0.326s</td>
<td class="success">passed</td>
</tr>
<tr>
<td class="success">testCheckinWithoutVersioning_ShouldPreserveBinary_WhenOtherFieldsAreUpdated</td>
<td class="success">0.510s</td>
<td class="success">passed</td>
</tr>
<tr>
<td class="success">testCheckin_Non_Existing_Identifier_With_Not_Validate_Success</td>
<td class="success">0.615s</td>
<td class="success">passed</td>
</tr>
<tr>
<td class="success">testCheckin_Non_Existing_Identifier_With_Validate_Should_FAIL</td>
<td class="success">0.075s</td>
<td class="success">passed</td>
</tr>
<tr>
<td class="success">testCheckin_nullRequiredFieldValue[0: com.dotmarketing.portlets.contentlet.business.ContentletAPITest$TestCaseNullFieldvalues@66784903]</td>
<td class="success">0.343s</td>
<td class="success">passed</td>
</tr>
<tr>
<td class="success">testCheckin_nullRequiredFieldValue[1: com.dotmarketing.portlets.contentlet.business.ContentletAPITest$TestCaseNullFieldvalues@12e1d99f]</td>
<td class="success">0.415s</td>
<td class="success">passed</td>
</tr>
<tr>
<td class="success">testCheckin_nullRequiredFieldValue[2: com.dotmarketing.portlets.contentlet.business.ContentletAPITest$TestCaseNullFieldvalues@4ac27763]</td>
<td class="success">0.352s</td>
<td class="success">passed</td>
</tr>
<tr>
<td class="success">testCheckin_nullRequiredFieldValue[3: com.dotmarketing.portlets.contentlet.business.ContentletAPITest$TestCaseNullFieldvalues@f09ae7a]</td>
<td class="success">0.253s</td>
<td class="success">passed</td>
</tr>
<tr>
<td class="success">testContentWithTwoBinaryFieldsAndSameFile_afterCheckinShouldContainBothFields</td>
<td class="success">0.814s</td>
<td class="success">passed</td>
</tr>
<tr>
<td class="success">testCopyContentletDoesNotCopyWorkflowHistory</td>
<td class="success">4.808s</td>
<td class="success">passed</td>
</tr>
<tr>
<td class="success">testCopyProperties_TypeWithTagField_shouldCopyTagFieldValue</td>
<td class="success">0.836s</td>
<td class="success">passed</td>
</tr>
<tr>
<td class="success">testCreateSelfJoinedRelationship_contentletAddedAsChild</td>
<td class="success">0.753s</td>
<td class="success">passed</td>
</tr>
<tr>
<td class="success">testDeletePageDefinedAsDetailPage</td>
<td class="success">1.663s</td>
<td class="success">passed</td>
</tr>
<tr>
<td class="success">testDelete_GivenMultiLangMultiVersionContent_WhenDeletingOneSpanishVersion_ShouldDeleteAllSpanishVersions</td>
<td class="success">1.307s</td>
<td class="success">passed</td>
</tr>
<tr>
<td class="success">testDotAsset_Checkin</td>
<td class="success">0.917s</td>
<td class="success">passed</td>
</tr>
<tr>
<td class="success">testFileCopyOnSecondLanguageVersion</td>
<td class="success">2.186s</td>
<td class="success">passed</td>
</tr>
<tr>
<td class="success">testGetRelatedForSelfJoinsDoesNotCacheWhenPullByParentIsNull</td>
<td class="success">1.382s</td>
<td class="success">passed</td>
</tr>
<tr>
<td class="success">testMoveContentDependenciesFromChild</td>
<td class="success">1.040s</td>
<td class="success">passed</td>
</tr>
<tr>
<td class="success">testMoveContentDependenciesFromChildSelfRelated</td>
<td class="success">1.331s</td>
<td class="success">passed</td>
</tr>
<tr>
<td class="success">testMoveContentDependenciesFromParent</td>
<td class="success">1.466s</td>
<td class="success">passed</td>
</tr>
<tr>
<td class="success">testMoveContentDependenciesFromParentSelfRelated</td>
<td class="success">6.459s</td>
<td class="success">passed</td>
</tr>
<tr>
<td class="success">testRemoveContentFromIndexMultilingualContent</td>
<td class="success">0.880s</td>
<td class="success">passed</td>
</tr>
<tr>
<td class="success">testSearchFileAssetByMetadata</td>
<td class="success">1.762s</td>
<td class="success">passed</td>
</tr>
<tr>
<td class="success">testSetTemplateForAPageMustKeepTheSameTemplateForWorkingVersionsNoLive</td>
<td class="success">2.284s</td>
<td class="success">passed</td>
</tr>
<tr>
<td class="success">testSetTemplateForAPageMustKeepTheSameTemplateForWorkingVersionsOnly</td>
<td class="success">2.128s</td>
<td class="success">passed</td>
</tr>
<tr>
<td class="success">testUniqueTextFieldContentlets[0: com.dotmarketing.portlets.contentlet.business.ContentletAPITest$testCaseUniqueTextField@2b9ddec9]</td>
<td class="success">0.952s</td>
<td class="success">passed</td>
</tr>
<tr>
<td class="success">testUniqueTextFieldContentlets[1: com.dotmarketing.portlets.contentlet.business.ContentletAPITest$testCaseUniqueTextField@37acd704]</td>
<td class="success">0.931s</td>
<td class="success">passed</td>
</tr>
<tr>
<td class="success">testUniqueTextFieldContentlets[2: com.dotmarketing.portlets.contentlet.business.ContentletAPITest$testCaseUniqueTextField@6e8cc7fd]</td>
<td class="success">1.397s</td>
<td class="success">passed</td>
</tr>
<tr>
<td class="success">testUniqueTextFieldContentlets[3: com.dotmarketing.portlets.contentlet.business.ContentletAPITest$testCaseUniqueTextField@2c34ce28]</td>
<td class="success">1.138s</td>
<td class="success">passed</td>
</tr>
<tr>
<td class="success">testUniqueTextFieldContentlets[4: com.dotmarketing.portlets.contentlet.business.ContentletAPITest$testCaseUniqueTextField@699a26f1]</td>
<td class="success">0.953s</td>
<td class="success">passed</td>
</tr>
<tr>
<td class="success">testUniqueTextFieldContentlets[5: com.dotmarketing.portlets.contentlet.business.ContentletAPITest$testCaseUniqueTextField@38dfc831]</td>
<td class="success">0.935s</td>
<td class="success">passed</td>
</tr>
<tr>
<td class="success">testUniqueTextFieldContentlets[6: com.dotmarketing.portlets.contentlet.business.ContentletAPITest$testCaseUniqueTextField@306453f8]</td>
<td class="success">1.020s</td>
<td class="success">passed</td>
</tr>
<tr>
<td class="success">testUniqueTextFieldContentlets[7: com.dotmarketing.portlets.contentlet.business.ContentletAPITest$testCaseUniqueTextField@3a2b9e52]</td>
<td class="success">1.049s</td>
<td class="success">passed</td>
</tr>
<tr>
<td class="success">testUniqueTextFieldContentlets[8: com.dotmarketing.portlets.contentlet.business.ContentletAPITest$testCaseUniqueTextField@23e9a48]</td>
<td class="success">1.039s</td>
<td class="success">passed</td>
</tr>
<tr>
<td class="success">testUniqueTextFieldLiveAndWorkingWithDiffValues</td>
<td class="success">3.560s</td>
<td class="success">passed</td>
</tr>
<tr>
<td class="success">testUniqueTextFieldWithDataTypeWholeNumber</td>
<td class="success">0.839s</td>
<td class="success">passed</td>
</tr>
<tr>
<td class="success">testUpdatePublishExpireDatesFromIdentifier</td>
<td class="success">3.658s</td>
<td class="success">passed</td>
</tr>
<tr>
<td class="success">test_copyContentlet_contentletArchivedShouldCopyAsArchived</td>
<td class="success">0.675s</td>
<td class="success">passed</td>
</tr>
<tr>
<td class="success">test_findContentletByIdentifierOrFallback_existing_DotContentletStateException_expected_true</td>
<td class="success">0.125s</td>
<td class="success">passed</td>
</tr>
<tr>
<td class="success">test_findContentletByIdentifierOrFallback_existing_EnglishLive_WithSpanishWorking_fallback_true_expecting_English_true</td>
<td class="success">1.560s</td>
<td class="success">passed</td>
</tr>
<tr>
<td class="success">test_findContentletByIdentifierOrFallback_existing_EnglishLive_WithSpanishWorking_fallback_true_expecting_SpanishWorking_true</td>
<td class="success">1.504s</td>
<td class="success">passed</td>
</tr>
<tr>
<td class="success">test_findContentletByIdentifierOrFallback_existing_EnglishSpanish_fallback_false_expecting_Spanish_true</td>
<td class="success">0.551s</td>
<td class="success">passed</td>
</tr>
<tr>
<td class="success">test_findContentletByIdentifierOrFallback_existing_EnglishSpanish_fallback_true_expecting_Spanish_true</td>
<td class="success">0.250s</td>
<td class="success">passed</td>
</tr>
<tr>
<td class="success">test_findContentletByIdentifierOrFallback_existing_English_No_Spanish_fallback_false_expecting_False</td>
<td class="success">0.257s</td>
<td class="success">passed</td>
</tr>
<tr>
<td class="success">test_findContentletByIdentifierOrFallback_existing_English_version_no_Spanish_fallback_false_expecting_false</td>
<td class="success">0.127s</td>
<td class="success">passed</td>
</tr>
<tr>
<td class="success">test_findContentletByIdentifierOrFallback_existing_NonEnglish_WithSpanish_fallback_false_expecting_Spanish_true</td>
<td class="success">0.156s</td>
<td class="success">passed</td>
</tr>
<tr>
<td class="success">test_findContentletByIdentifierOrFallback_existing_NonEnglish_WithSpanish_fallback_true_expecting_Spanish_true</td>
<td class="success">0.904s</td>
<td class="success">passed</td>
</tr>
<tr>
<td class="success">test_findContentletByIdentifierOrFallback_existing_OnlySpanishWorking_fallback_true_expecting_English_true</td>
<td class="success">0.448s</td>
<td class="success">passed</td>
</tr>
<tr>
<td class="success">test_findContentletByIdentifierOrFallback_non_existing_DotContentletStateException_expected</td>
<td class="success">0.002s</td>
<td class="success">passed</td>
</tr>
<tr>
<td class="success">test_findInDb_returns_properly</td>
<td class="success">0.466s</td>
<td class="success">passed</td>
</tr>
<tr>
<td class="success">test_getAllRelationships_checkOrdering</td>
<td class="success">1.778s</td>
<td class="success">passed</td>
</tr>
<tr>
<td class="success">test_getAllRelationships_checkOrdering_selfRelatedContentType</td>
<td class="success">1.430s</td>
<td class="success">passed</td>
</tr>
<tr>
<td class="failures">test_invalidate_shorty_cache</td>
<td class="failures">0.876s</td>
<td class="failures">failed</td>
</tr>
<tr>
<td class="skipped">test_saveMultilingualFileAssetBasedOnLegacyFile_shouldKeepBinaryFile</td>
<td class="skipped">-</td>
<td class="skipped">ignored</td>
</tr>
<tr>
<td class="success">test_update_mod_date_contentlet_expect_success</td>
<td class="success">0.140s</td>
<td class="success">passed</td>
</tr>
<tr>
<td class="success">test_validateContentlet_contentWithTabDividerField</td>
<td class="success">0.475s</td>
<td class="success">passed</td>
</tr>
<tr>
<td class="success">test_validateContentlet_noErrors_whenRelationChainSameContentType</td>
<td class="success">1.308s</td>
<td class="success">passed</td>
</tr>
<tr>
<td class="success">test_validateContentlet_wrong_mime_type_expect_DotContentletValidationException</td>
<td class="success">0.152s</td>
<td class="success">passed</td>
</tr>
<tr>
<td class="success">test_validateContentlet_wrong_size_expect_DotContentletValidationException</td>
<td class="success">0.215s</td>
<td class="success">passed</td>
</tr>
<tr>
<td class="success">unarchive</td>
<td class="success">0.165s</td>
<td class="success">passed</td>
</tr>
<tr>
<td class="success">unarchiveCollection</td>
<td class="success">0.730s</td>
<td class="success">passed</td>
</tr>
<tr>
<td class="success">unpublish</td>
<td class="success">0.217s</td>
<td class="success">passed</td>
</tr>
<tr>
<td class="success">unpublishCollection</td>
<td class="success">0.462s</td>
<td class="success">passed</td>
</tr>
<tr>
<td class="success">widgetInvalidateAllLang</td>
<td class="success">1.446s</td>
<td class="success">passed</td>
</tr>
</table>
</div>
</div>
<div id="footer">
<p>
<div>
<label class="hidden" id="label-for-line-wrapping-toggle" for="line-wrapping-toggle">Wrap lines
<input id="line-wrapping-toggle" type="checkbox" autocomplete="off"/>
</label>
</div>Generated by 
<a href="http://www.gradle.org">Gradle 4.10.2</a> at May 18, 2021, 6:53:59 PM</p>
</div>
</div>
</body>
</html>
