<!DOCTYPE html>
<html>
<head>
<meta http-equiv="Content-Type" content="text/html; charset=utf-8"/>
<meta http-equiv="x-ua-compatible" content="IE=edge"/>
<title>Test results - Class com.dotcms.content.elasticsearch.business.ESContentFactoryImplTest</title>
<link href="../css/base-style.css" rel="stylesheet" type="text/css"/>
<link href="../css/style.css" rel="stylesheet" type="text/css"/>
<script src="../js/report.js" type="text/javascript"></script>
</head>
<body>
<div id="content">
<h1>Class com.dotcms.content.elasticsearch.business.ESContentFactoryImplTest</h1>
<div class="breadcrumbs">
<a href="../index.html">all</a> &gt; 
<a href="../packages/com.dotcms.content.elasticsearch.business.html">com.dotcms.content.elasticsearch.business</a> &gt; ESContentFactoryImplTest</div>
<div id="summary">
<table>
<tr>
<td>
<div class="summaryGroup">
<table>
<tr>
<td>
<div class="infoBox" id="tests">
<div class="counter">34</div>
<p>tests</p>
</div>
</td>
<td>
<div class="infoBox" id="failures">
<div class="counter">1</div>
<p>failures</p>
</div>
</td>
<td>
<div class="infoBox" id="ignored">
<div class="counter">0</div>
<p>ignored</p>
</div>
</td>
<td>
<div class="infoBox" id="duration">
<div class="counter">39.855s</div>
<p>duration</p>
</div>
</td>
</tr>
</table>
</div>
</td>
<td>
<div class="infoBox failures" id="successRate">
<div class="percent">97%</div>
<p>successful</p>
</div>
</td>
</tr>
</table>
</div>
<div id="tabs">
<ul class="tabLinks">
<li>
<a href="#tab0">Failed tests</a>
</li>
<li>
<a href="#tab1">Tests</a>
</li>
</ul>
<div id="tab0" class="tab">
<h2>Failed tests</h2>
<div class="test">
<a name="test_findContentletByIdentifierAnyLanguage"></a>
<h3 class="failures">test_findContentletByIdentifierAnyLanguage</h3>
<span class="code">
<pre>com.dotmarketing.exception.DotHibernateException: Unable to close Hibernate Session 
	at com.dotmarketing.db.HibernateUtil.commitTransaction(HibernateUtil.java:1158)
	at com.dotmarketing.db.LocalTransaction.wrapReturnWithListeners(LocalTransaction.java:62)
	at com.dotcms.aspects.interceptors.WrapInTransactionMethodInterceptor.invoke(WrapInTransactionMethodInterceptor.java:23)
	at com.dotcms.aspects.aspectj.WrapInTransactionAspect.invoke(WrapInTransactionAspect.java:41)
	at com.dotcms.content.elasticsearch.business.ESContentletAPIImpl.checkin(ESContentletAPIImpl.java:4155)
	at com.dotcms.content.elasticsearch.business.ESContentletAPIImpl.checkin(ESContentletAPIImpl.java:8287)
	at com.dotcms.content.elasticsearch.business.ESContentletAPIImpl.checkin_aroundBody134(ESContentletAPIImpl.java:4066)
	at com.dotcms.content.elasticsearch.business.ESContentletAPIImpl$AjcClosure135.run(ESContentletAPIImpl.java:1)
	at org.aspectj.runtime.reflect.JoinPointImpl.proceed(JoinPointImpl.java:149)
	at com.dotcms.aspects.aspectj.AspectJDelegateMethodInvocation.proceed(AspectJDelegateMethodInvocation.java:42)
	at com.dotcms.aspects.interceptors.CloseDBIfOpenedMethodInterceptor.invoke(CloseDBIfOpenedMethodInterceptor.java:29)
	at com.dotcms.aspects.aspectj.CloseDBIfOpenedAspect.invoke(CloseDBIfOpenedAspect.java:41)
	at com.dotcms.content.elasticsearch.business.ESContentletAPIImpl.checkin(ESContentletAPIImpl.java:4061)
	at com.dotmarketing.portlets.contentlet.business.ContentletAPIInterceptor.checkin(ContentletAPIInterceptor.java:258)
	at com.dotcms.content.elasticsearch.business.ESContentFactoryImplTest.test_findContentletByIdentifierAnyLanguage(ESContentFactoryImplTest.java:768)
	at java.base/jdk.internal.reflect.NativeMethodAccessorImpl.invoke0(Native Method)
	at java.base/jdk.internal.reflect.NativeMethodAccessorImpl.invoke(NativeMethodAccessorImpl.java:62)
	at java.base/jdk.internal.reflect.DelegatingMethodAccessorImpl.invoke(DelegatingMethodAccessorImpl.java:43)
	at java.base/java.lang.reflect.Method.invoke(Method.java:566)
	at org.junit.runners.model.FrameworkMethod$1.runReflectiveCall(FrameworkMethod.java:50)
	at org.junit.internal.runners.model.ReflectiveCallable.run(ReflectiveCallable.java:12)
	at org.junit.runners.model.FrameworkMethod.invokeExplosively(FrameworkMethod.java:47)
	at org.junit.internal.runners.statements.InvokeMethod.evaluate(InvokeMethod.java:17)
	at org.junit.internal.runners.statements.RunBefores.evaluate(RunBefores.java:26)
	at org.junit.internal.runners.statements.RunAfters.evaluate(RunAfters.java:27)
	at org.junit.rules.TestWatcher$1.evaluate(TestWatcher.java:55)
	at org.junit.rules.RunRules.evaluate(RunRules.java:20)
	at org.junit.runners.ParentRunner.runLeaf(ParentRunner.java:325)
	at com.dotcms.junit.CustomDataProviderRunner.runChild(CustomDataProviderRunner.java:28)
	at com.dotcms.junit.CustomDataProviderRunner.runChild(CustomDataProviderRunner.java:13)
	at org.junit.runners.ParentRunner$3.run(ParentRunner.java:290)
	at org.junit.runners.ParentRunner$1.schedule(ParentRunner.java:71)
	at org.junit.runners.ParentRunner.runChildren(ParentRunner.java:288)
	at org.junit.runners.ParentRunner.access$000(ParentRunner.java:58)
	at org.junit.runners.ParentRunner$2.evaluate(ParentRunner.java:268)
	at org.junit.internal.runners.statements.RunBefores.evaluate(RunBefores.java:26)
	at org.junit.runners.ParentRunner.run(ParentRunner.java:363)
	at com.dotcms.junit.MainBaseSuite$DotRunner.run(MainBaseSuite.java:60)
	at org.junit.runners.Suite.runChild(Suite.java:128)
	at org.junit.runners.Suite.runChild(Suite.java:27)
	at org.junit.runners.ParentRunner$3.run(ParentRunner.java:290)
	at org.junit.runners.ParentRunner$1.schedule(ParentRunner.java:71)
	at org.junit.runners.ParentRunner.runChildren(ParentRunner.java:288)
	at org.junit.runners.ParentRunner.access$000(ParentRunner.java:58)
	at org.junit.runners.ParentRunner$2.evaluate(ParentRunner.java:268)
	at org.junit.runners.ParentRunner.run(ParentRunner.java:363)
	at org.gradle.api.internal.tasks.testing.junit.JUnitTestClassExecutor.runTestClass(JUnitTestClassExecutor.java:106)
	at org.gradle.api.internal.tasks.testing.junit.JUnitTestClassExecutor.execute(JUnitTestClassExecutor.java:58)
	at org.gradle.api.internal.tasks.testing.junit.JUnitTestClassExecutor.execute(JUnitTestClassExecutor.java:38)
	at org.gradle.api.internal.tasks.testing.junit.AbstractJUnitTestClassProcessor.processTestClass(AbstractJUnitTestClassProcessor.java:66)
	at org.gradle.api.internal.tasks.testing.SuiteTestClassProcessor.processTestClass(SuiteTestClassProcessor.java:51)
	at java.base/jdk.internal.reflect.NativeMethodAccessorImpl.invoke0(Native Method)
	at java.base/jdk.internal.reflect.NativeMethodAccessorImpl.invoke(NativeMethodAccessorImpl.java:62)
	at java.base/jdk.internal.reflect.DelegatingMethodAccessorImpl.invoke(DelegatingMethodAccessorImpl.java:43)
	at java.base/java.lang.reflect.Method.invoke(Method.java:566)
	at org.gradle.internal.dispatch.ReflectionDispatch.dispatch(ReflectionDispatch.java:35)
	at org.gradle.internal.dispatch.ReflectionDispatch.dispatch(ReflectionDispatch.java:24)
	at org.gradle.internal.dispatch.ContextClassLoaderDispatch.dispatch(ContextClassLoaderDispatch.java:32)
	at org.gradle.internal.dispatch.ProxyDispatchAdapter$DispatchingInvocationHandler.invoke(ProxyDispatchAdapter.java:93)
	at com.sun.proxy.$Proxy2.processTestClass(Unknown Source)
	at org.gradle.api.internal.tasks.testing.worker.TestWorker.processTestClass(TestWorker.java:117)
	at java.base/jdk.internal.reflect.NativeMethodAccessorImpl.invoke0(Native Method)
	at java.base/jdk.internal.reflect.NativeMethodAccessorImpl.invoke(NativeMethodAccessorImpl.java:62)
	at java.base/jdk.internal.reflect.DelegatingMethodAccessorImpl.invoke(DelegatingMethodAccessorImpl.java:43)
	at java.base/java.lang.reflect.Method.invoke(Method.java:566)
	at org.gradle.internal.dispatch.ReflectionDispatch.dispatch(ReflectionDispatch.java:35)
	at org.gradle.internal.dispatch.ReflectionDispatch.dispatch(ReflectionDispatch.java:24)
	at org.gradle.internal.remote.internal.hub.MessageHubBackedObjectConnection$DispatchWrapper.dispatch(MessageHubBackedObjectConnection.java:155)
	at org.gradle.internal.remote.internal.hub.MessageHubBackedObjectConnection$DispatchWrapper.dispatch(MessageHubBackedObjectConnection.java:137)
	at org.gradle.internal.remote.internal.hub.MessageHub$Handler.run(MessageHub.java:404)
	at org.gradle.internal.concurrent.ExecutorPolicy$CatchAndRecordFailures.onExecute(ExecutorPolicy.java:63)
	at org.gradle.internal.concurrent.ManagedExecutorImpl$1.run(ManagedExecutorImpl.java:46)
	at java.base/java.util.concurrent.ThreadPoolExecutor.runWorker(ThreadPoolExecutor.java:1128)
	at java.base/java.util.concurrent.ThreadPoolExecutor$Worker.run(ThreadPoolExecutor.java:628)
	at org.gradle.internal.concurrent.ThreadFactoryImpl$ManagedThreadRunnable.run(ThreadFactoryImpl.java:55)
	at java.base/java.lang.Thread.run(Thread.java:834)
Caused by: com.dotmarketing.business.DotStateException: An error occurred when mapping properties of Contentlet with ID '67bc5f3c-9658-40af-a9f7-4e760ae46c9f': null
	at com.dotmarketing.db.DotRunnableThread.run(DotRunnableThread.java:56)
	at com.dotmarketing.db.HibernateUtil.finalizeCommitListeners(HibernateUtil.java:1068)
	at com.dotmarketing.db.HibernateUtil.commitTransaction(HibernateUtil.java:1152)
	... 75 more
Caused by: com.dotcms.content.business.DotMappingException: An error occurred when mapping properties of Contentlet with ID '67bc5f3c-9658-40af-a9f7-4e760ae46c9f': null
	at com.dotcms.content.elasticsearch.business.ESMappingAPIImpl.toMap_aroundBody0(ESMappingAPIImpl.java:413)
	at com.dotcms.content.elasticsearch.business.ESMappingAPIImpl$AjcClosure1.run(ESMappingAPIImpl.java:1)
	at org.aspectj.runtime.reflect.JoinPointImpl.proceed(JoinPointImpl.java:149)
	at com.dotcms.aspects.aspectj.AspectJDelegateMethodInvocation.proceed(AspectJDelegateMethodInvocation.java:42)
	at com.dotcms.aspects.interceptors.CloseDBIfOpenedMethodInterceptor.invoke(CloseDBIfOpenedMethodInterceptor.java:29)
	at com.dotcms.aspects.aspectj.CloseDBIfOpenedAspect.invoke(CloseDBIfOpenedAspect.java:41)
	at com.dotcms.content.elasticsearch.business.ESMappingAPIImpl.toMap(ESMappingAPIImpl.java:247)
	at com.dotcms.content.elasticsearch.business.ContentletIndexAPIImpl.addBulkRequest(ContentletIndexAPIImpl.java:762)
	at com.dotcms.content.elasticsearch.business.ContentletIndexAPIImpl.appendBulkRequest(ContentletIndexAPIImpl.java:725)
	at com.dotcms.content.elasticsearch.business.ContentletIndexAPIImpl.createBulkRequest(ContentletIndexAPIImpl.java:613)
	at com.dotcms.content.elasticsearch.business.ContentletIndexAPIImpl.indexContentListNow(ContentletIndexAPIImpl.java:556)
	at com.dotcms.content.elasticsearch.business.ContentletIndexAPIImpl.addContentToIndex(ContentletIndexAPIImpl.java:550)
	at com.dotcms.content.elasticsearch.business.ContentletIndexAPIImpl.lambda$3(ContentletIndexAPIImpl.java:509)
	at com.dotmarketing.db.HibernateUtil$DotSyncRunnable.run(HibernateUtil.java:929)
	at com.dotmarketing.db.DotRunnableThread.internalRunner(DotRunnableThread.java:99)
	at com.dotmarketing.db.LocalTransaction.wrap(LocalTransaction.java:158)
	at com.dotmarketing.db.DotRunnableThread.run(DotRunnableThread.java:53)
	... 77 more
Caused by: com.dotmarketing.exception.DotDataException
	at com.dotcms.storage.DataBaseStoragePersistenceAPIImpl.pushObject(DataBaseStoragePersistenceAPIImpl.java:625)
	at com.dotcms.storage.FileStorageAPIImpl.storeMetadata(FileStorageAPIImpl.java:350)
	at com.dotcms.storage.FileStorageAPIImpl.generateMetaData(FileStorageAPIImpl.java:279)
	at com.dotcms.storage.FileMetadataAPIImpl.generateFullMetadata(FileMetadataAPIImpl.java:217)
	at com.dotcms.storage.FileMetadataAPIImpl.generateContentletMetadata(FileMetadataAPIImpl.java:110)
	at com.dotcms.storage.FileMetadataAPIImpl.generateContentletMetadata(FileMetadataAPIImpl.java:273)
	at com.dotcms.content.elasticsearch.business.ESMappingAPIImpl.writeMetadata(ESMappingAPIImpl.java:430)
	at com.dotcms.content.elasticsearch.business.ESMappingAPIImpl.toMap_aroundBody0(ESMappingAPIImpl.java:398)
	... 93 more
Caused by: com.dotmarketing.exception.DotDataException
	at com.dotcms.storage.DataBaseStoragePersistenceAPIImpl.wrapInTransaction(DataBaseStoragePersistenceAPIImpl.java:96)
	at com.dotcms.storage.DataBaseStoragePersistenceAPIImpl.pushFile(DataBaseStoragePersistenceAPIImpl.java:453)
	at com.dotcms.storage.DataBaseStoragePersistenceAPIImpl.pushObject(DataBaseStoragePersistenceAPIImpl.java:622)
	... 100 more
Caused by: com.dotmarketing.exception.DotRuntimeException: Exception pushing new file. group=[dotmetadata], path=[/3/f/3f05da8e-977a-411b-9084-00c16942be3b/image-metadata.json], fileHash=[5aeeea4acfd13c929e2e0740bc5fe2cc0bef45e1dab93908acdad5f07cb32b3a]
	at com.dotcms.storage.DataBaseStoragePersistenceAPIImpl.pushNewFile(DataBaseStoragePersistenceAPIImpl.java:556)
	at com.dotcms.storage.DataBaseStoragePersistenceAPIImpl.lambda$14(DataBaseStoragePersistenceAPIImpl.java:467)
	at com.dotmarketing.db.LocalTransaction.wrapReturnWithListeners(LocalTransaction.java:59)
	at com.dotcms.storage.DataBaseStoragePersistenceAPIImpl.wrapInTransaction(DataBaseStoragePersistenceAPIImpl.java:93)
	... 102 more
Caused by: com.dotmarketing.exception.DotDataException: ORA-00001: unique constraint (ORACLE.SYS_C007684) violated

	at com.dotmarketing.common.db.DotConnect.executeUpdate_aroundBody2(DotConnect.java:1227)
	at com.dotmarketing.common.db.DotConnect$AjcClosure3.run(DotConnect.java:1)
	at org.aspectj.runtime.reflect.JoinPointImpl.proceed(JoinPointImpl.java:149)
	at com.dotcms.aspects.aspectj.AspectJDelegateMethodInvocation.proceed(AspectJDelegateMethodInvocation.java:42)
	at com.dotcms.aspects.interceptors.CloseDBIfOpenedMethodInterceptor.invoke(CloseDBIfOpenedMethodInterceptor.java:29)
	at com.dotcms.aspects.aspectj.CloseDBIfOpenedAspect.invoke(CloseDBIfOpenedAspect.java:41)
	at com.dotmarketing.common.db.DotConnect.executeUpdate(DotConnect.java:1214)
	at com.dotmarketing.common.db.DotConnect.executeUpdate(DotConnect.java:1198)
	at com.dotcms.storage.DataBaseStoragePersistenceAPIImpl.pushNewFile(DataBaseStoragePersistenceAPIImpl.java:528)
	... 105 more
Caused by: java.sql.SQLIntegrityConstraintViolationException: ORA-00001: unique constraint (ORACLE.SYS_C007684) violated

	at oracle.jdbc.driver.T4CTTIoer11.processError(T4CTTIoer11.java:509)
	at oracle.jdbc.driver.T4CTTIoer11.processError(T4CTTIoer11.java:461)
	at oracle.jdbc.driver.T4C8Oall.processError(T4C8Oall.java:1104)
	at oracle.jdbc.driver.T4CTTIfun.receive(T4CTTIfun.java:550)
	at oracle.jdbc.driver.T4CTTIfun.doRPC(T4CTTIfun.java:268)
	at oracle.jdbc.driver.T4C8Oall.doOALL(T4C8Oall.java:655)
	at oracle.jdbc.driver.T4CPreparedStatement.doOall8(T4CPreparedStatement.java:270)
	at oracle.jdbc.driver.T4CPreparedStatement.doOall8(T4CPreparedStatement.java:91)
	at oracle.jdbc.driver.T4CPreparedStatement.executeForRows(T4CPreparedStatement.java:970)
	at oracle.jdbc.driver.OracleStatement.doExecuteWithTimeout(OracleStatement.java:1205)
	at oracle.jdbc.driver.OraclePreparedStatement.executeInternal(OraclePreparedStatement.java:3666)
	at oracle.jdbc.driver.T4CPreparedStatement.executeInternal(T4CPreparedStatement.java:1426)
	at oracle.jdbc.driver.OraclePreparedStatement.executeLargeUpdate(OraclePreparedStatement.java:3756)
	at oracle.jdbc.driver.OraclePreparedStatement.executeUpdate(OraclePreparedStatement.java:3736)
	at oracle.jdbc.driver.OraclePreparedStatementWrapper.executeUpdate(OraclePreparedStatementWrapper.java:1063)
	at com.zaxxer.hikari.pool.ProxyPreparedStatement.executeUpdate(ProxyPreparedStatement.java:61)
	at com.zaxxer.hikari.pool.HikariProxyPreparedStatement.executeUpdate(HikariProxyPreparedStatement.java)
	at com.dotmarketing.common.db.DotConnect.executeUpdate_aroundBody2(DotConnect.java:1222)
	... 113 more
Caused by: Error : 1, Position : 0, Sql = INSERT INTO storage_data(hash_id, data) VALUES (:1 , :2 ), OriginalSql = INSERT INTO storage_data(hash_id, data) VALUES (?, ?), Error Msg = ORA-00001: unique constraint (ORACLE.SYS_C007684) violated

	at oracle.jdbc.driver.T4CTTIoer11.processError(T4CTTIoer11.java:513)
	... 130 more
</pre>
</span>
</div>
</div>
<div id="tab1" class="tab">
<h2>Tests</h2>
<table>
<thead>
<tr>
<th>Test</th>
<th>Duration</th>
<th>Result</th>
</tr>
</thead>
<tr>
<td class="success">Test_Setting_Track_Hits</td>
<td class="success">0s</td>
<td class="success">passed</td>
</tr>
<tr>
<td class="success">Test_TrackHits_SearchCount</td>
<td class="success">6.791s</td>
<td class="success">passed</td>
</tr>
<tr>
<td class="success">findContentlets</td>
<td class="success">0.407s</td>
<td class="success">passed</td>
</tr>
<tr>
<td class="success">findContentletsReturnsInExpectedOrder</td>
<td class="success">1.186s</td>
<td class="success">passed</td>
</tr>
<tr>
<td class="success">saveContentlets</td>
<td class="success">0.029s</td>
<td class="success">passed</td>
</tr>
<tr>
<td class="success">testDeleteVersion_KeepPermissions</td>
<td class="success">1.959s</td>
<td class="success">passed</td>
</tr>
<tr>
<td class="success">testIndexSearchFilteringByDateTime[0: com.dotcms.content.elasticsearch.business.ESContentFactoryImplTest$TestCase@5f4174f2]</td>
<td class="success">1.518s</td>
<td class="success">passed</td>
</tr>
<tr>
<td class="success">testIndexSearchFilteringByDateTime[1: com.dotcms.content.elasticsearch.business.ESContentFactoryImplTest$TestCase@6139766c]</td>
<td class="success">1.011s</td>
<td class="success">passed</td>
</tr>
<tr>
<td class="success">testIndexSearchFilteringByDateTime[2: com.dotcms.content.elasticsearch.business.ESContentFactoryImplTest$TestCase@5393f42f]</td>
<td class="success">1.029s</td>
<td class="success">passed</td>
</tr>
<tr>
<td class="success">testIndexSearchFilteringByDateTime[3: com.dotcms.content.elasticsearch.business.ESContentFactoryImplTest$TestCase@52a1d02a]</td>
<td class="success">1.043s</td>
<td class="success">passed</td>
</tr>
<tr>
<td class="success">testIndexSearchFilteringByDateTime[4: com.dotcms.content.elasticsearch.business.ESContentFactoryImplTest$TestCase@613c868]</td>
<td class="success">1.038s</td>
<td class="success">passed</td>
</tr>
<tr>
<td class="success">testIndexSearchFilteringByDateTime[5: com.dotcms.content.elasticsearch.business.ESContentFactoryImplTest$TestCase@2c3344d0]</td>
<td class="success">1.023s</td>
<td class="success">passed</td>
</tr>
<tr>
<td class="success">testIndexSearchFilteringByDateTime[6: com.dotcms.content.elasticsearch.business.ESContentFactoryImplTest$TestCase@60cdfff5]</td>
<td class="success">1.049s</td>
<td class="success">passed</td>
</tr>
<tr>
<td class="success">testIndexSearchFilteringByDateTime[7: com.dotcms.content.elasticsearch.business.ESContentFactoryImplTest$TestCase@3c314346]</td>
<td class="success">2.028s</td>
<td class="success">passed</td>
</tr>
<tr>
<td class="success">testIndexSearchFilteringByDateTime[8: com.dotcms.content.elasticsearch.business.ESContentFactoryImplTest$TestCase@24799c20]</td>
<td class="success">2.020s</td>
<td class="success">passed</td>
</tr>
<tr>
<td class="success">testIndexSearchFilteringByTime[0: com.dotcms.content.elasticsearch.business.ESContentFactoryImplTest$TestCase@36334965]</td>
<td class="success">1.204s</td>
<td class="success">passed</td>
</tr>
<tr>
<td class="success">testIndexSearchFilteringByTime[1: com.dotcms.content.elasticsearch.business.ESContentFactoryImplTest$TestCase@65fd9075]</td>
<td class="success">1.167s</td>
<td class="success">passed</td>
</tr>
<tr>
<td class="success">testIndexSearchFilteringByTime[2: com.dotcms.content.elasticsearch.business.ESContentFactoryImplTest$TestCase@2ce288f3]</td>
<td class="success">0.983s</td>
<td class="success">passed</td>
</tr>
<tr>
<td class="success">testIndexSearchFilteringByTime[3: com.dotcms.content.elasticsearch.business.ESContentFactoryImplTest$TestCase@427f8739]</td>
<td class="success">1.037s</td>
<td class="success">passed</td>
</tr>
<tr>
<td class="success">testIndexSearchFilteringByTime[4: com.dotcms.content.elasticsearch.business.ESContentFactoryImplTest$TestCase@6eab8672]</td>
<td class="success">1.026s</td>
<td class="success">passed</td>
</tr>
<tr>
<td class="success">testIndexSearchFilteringByTime[5: com.dotcms.content.elasticsearch.business.ESContentFactoryImplTest$TestCase@67dccdea]</td>
<td class="success">2.068s</td>
<td class="success">passed</td>
</tr>
<tr>
<td class="success">testModDateDotRawFormatIsValid</td>
<td class="success">0.010s</td>
<td class="success">passed</td>
</tr>
<tr>
<td class="success">testScore</td>
<td class="success">0.729s</td>
<td class="success">passed</td>
</tr>
<tr>
<td class="success">test_cached_es_query_different_responses_for_all_params</td>
<td class="success">2.554s</td>
<td class="success">passed</td>
</tr>
<tr>
<td class="success">test_cached_es_query_response</td>
<td class="success">0.676s</td>
<td class="success">passed</td>
</tr>
<tr>
<td class="success">test_convertContentletToFatContentlet</td>
<td class="success">0.159s</td>
<td class="success">passed</td>
</tr>
<tr>
<td class="success">test_convertContentletToFatContentlet_title_null_props</td>
<td class="success">0.093s</td>
<td class="success">passed</td>
</tr>
<tr>
<td class="success">test_findContentletByIdentifier</td>
<td class="success">1.626s</td>
<td class="success">passed</td>
</tr>
<tr>
<td class="failures">test_findContentletByIdentifierAnyLanguage</td>
<td class="failures">1.315s</td>
<td class="failures">failed</td>
</tr>
<tr>
<td class="success">test_findContentletByIdentifierAnyLanguageIncludeDeleted</td>
<td class="success">1.510s</td>
<td class="success">passed</td>
</tr>
<tr>
<td class="success">test_findContentletByIdentifierAnyLanguageNoArchived</td>
<td class="success">1.513s</td>
<td class="success">passed</td>
</tr>
<tr>
<td class="success">test_translateQueryWithLicense</td>
<td class="success">0.001s</td>
<td class="success">passed</td>
</tr>
<tr>
<td class="success">test_translateQueryWithoutLicense</td>
<td class="success">0.026s</td>
<td class="success">passed</td>
</tr>
<tr>
<td class="success">test_trying_with_bad_sorts</td>
<td class="success">0.027s</td>
<td class="success">passed</td>
</tr>
</table>
</div>
</div>
<div id="footer">
<p>
<div>
<label class="hidden" id="label-for-line-wrapping-toggle" for="line-wrapping-toggle">Wrap lines
<input id="line-wrapping-toggle" type="checkbox" autocomplete="off"/>
</label>
</div>Generated by 
<a href="http://www.gradle.org">Gradle 4.10.2</a> at Apr 28, 2021, 1:09:10 AM</p>
</div>
</div>
</body>
</html>
