<!DOCTYPE html>
<html>
<head>
<meta http-equiv="Content-Type" content="text/html; charset=utf-8"/>
<meta http-equiv="x-ua-compatible" content="IE=edge"/>
<title>Test results - Class com.dotcms.publishing.remote.RemoteReceiverLanguageResolutionTest</title>
<link href="../css/base-style.css" rel="stylesheet" type="text/css"/>
<link href="../css/style.css" rel="stylesheet" type="text/css"/>
<script src="../js/report.js" type="text/javascript"></script>
</head>
<body>
<div id="content">
<h1>Class com.dotcms.publishing.remote.RemoteReceiverLanguageResolutionTest</h1>
<div class="breadcrumbs">
<a href="../index.html">all</a> &gt; 
<a href="../packages/com.dotcms.publishing.remote.html">com.dotcms.publishing.remote</a> &gt; RemoteReceiverLanguageResolutionTest</div>
<div id="summary">
<table>
<tr>
<td>
<div class="summaryGroup">
<table>
<tr>
<td>
<div class="infoBox" id="tests">
<div class="counter">2</div>
<p>tests</p>
</div>
</td>
<td>
<div class="infoBox" id="failures">
<div class="counter">1</div>
<p>failures</p>
</div>
</td>
<td>
<div class="infoBox" id="ignored">
<div class="counter">0</div>
<p>ignored</p>
</div>
</td>
<td>
<div class="infoBox" id="duration">
<div class="counter">9.595s</div>
<p>duration</p>
</div>
</td>
</tr>
</table>
</div>
</td>
<td>
<div class="infoBox failures" id="successRate">
<div class="percent">50%</div>
<p>successful</p>
</div>
</td>
</tr>
</table>
</div>
<div id="tabs">
<ul class="tabLinks">
<li>
<a href="#tab0">Failed tests</a>
</li>
<li>
<a href="#tab1">Tests</a>
</li>
</ul>
<div id="tab0" class="tab">
<h2>Failed tests</h2>
<div class="test">
<a name="Test_Create_New_Languages_Create_Bundle_Then_Publish_Bundle_Then_Read_Verify_Dupes_Are_Ignored_And_New_Languges_Were_Created"></a>
<h3 class="failures">Test_Create_New_Languages_Create_Bundle_Then_Publish_Bundle_Then_Read_Verify_Dupes_Are_Ignored_And_New_Languges_Were_Created</h3>
<span class="code">
<pre>com.dotcms.publishing.DotPublishingException: Error publishing bundle with ID '01FBSBJ6X2GN9AE2TWADZ1CA2X.tar.gz': com.dotcms.publishing.DotPublishingException: An error occurred when processing Contentlet in '/custom/assets/bundles/01FBSBJ6X2GN9AE2TWADZ1CA2X/working/test1627569853292.dotcms.com/4546879/1-content.58e42d2b-b10c-417e-a1a0-2dfb901aed69.content.xml' with ID '5da50afe5314fea515e86f3a10b89804': 'ORA-02291: integrity constraint (ORACLE.FK_CONTENTLET_LANG) violated - parent key not found
'
	at com.dotcms.publisher.receiver.BundlePublisher.process(BundlePublisher.java:261)
	at com.dotcms.publishing.remote.RemoteReceiverLanguageResolutionTest.Test_Create_New_Languages_Create_Bundle_Then_Publish_Bundle_Then_Read_Verify_Dupes_Are_Ignored_And_New_Languges_Were_Created(RemoteReceiverLanguageResolutionTest.java:364)
	at java.base/jdk.internal.reflect.NativeMethodAccessorImpl.invoke0(Native Method)
	at java.base/jdk.internal.reflect.NativeMethodAccessorImpl.invoke(NativeMethodAccessorImpl.java:62)
	at java.base/jdk.internal.reflect.DelegatingMethodAccessorImpl.invoke(DelegatingMethodAccessorImpl.java:43)
	at java.base/java.lang.reflect.Method.invoke(Method.java:566)
	at org.junit.runners.model.FrameworkMethod$1.runReflectiveCall(FrameworkMethod.java:50)
	at org.junit.internal.runners.model.ReflectiveCallable.run(ReflectiveCallable.java:12)
	at org.junit.runners.model.FrameworkMethod.invokeExplosively(FrameworkMethod.java:47)
	at org.junit.internal.runners.statements.InvokeMethod.evaluate(InvokeMethod.java:17)
	at org.junit.internal.runners.statements.RunBefores.evaluate(RunBefores.java:26)
	at org.junit.internal.runners.statements.RunAfters.evaluate(RunAfters.java:27)
	at org.junit.rules.TestWatcher$1.evaluate(TestWatcher.java:55)
	at org.junit.rules.RunRules.evaluate(RunRules.java:20)
	at org.junit.runners.ParentRunner.runLeaf(ParentRunner.java:325)
	at com.dotcms.junit.CustomDataProviderRunner.runChild(CustomDataProviderRunner.java:28)
	at com.dotcms.junit.CustomDataProviderRunner.runChild(CustomDataProviderRunner.java:13)
	at org.junit.runners.ParentRunner$3.run(ParentRunner.java:290)
	at org.junit.runners.ParentRunner$1.schedule(ParentRunner.java:71)
	at org.junit.runners.ParentRunner.runChildren(ParentRunner.java:288)
	at org.junit.runners.ParentRunner.access$000(ParentRunner.java:58)
	at org.junit.runners.ParentRunner$2.evaluate(ParentRunner.java:268)
	at org.junit.internal.runners.statements.RunBefores.evaluate(RunBefores.java:26)
	at org.junit.runners.ParentRunner.run(ParentRunner.java:363)
	at com.dotcms.junit.MainBaseSuite$DotRunner.run(MainBaseSuite.java:60)
	at org.junit.runners.Suite.runChild(Suite.java:128)
	at org.junit.runners.Suite.runChild(Suite.java:27)
	at org.junit.runners.ParentRunner$3.run(ParentRunner.java:290)
	at org.junit.runners.ParentRunner$1.schedule(ParentRunner.java:71)
	at org.junit.runners.ParentRunner.runChildren(ParentRunner.java:288)
	at org.junit.runners.ParentRunner.access$000(ParentRunner.java:58)
	at org.junit.runners.ParentRunner$2.evaluate(ParentRunner.java:268)
	at org.junit.runners.ParentRunner.run(ParentRunner.java:363)
	at org.gradle.api.internal.tasks.testing.junit.JUnitTestClassExecutor.runTestClass(JUnitTestClassExecutor.java:106)
	at org.gradle.api.internal.tasks.testing.junit.JUnitTestClassExecutor.execute(JUnitTestClassExecutor.java:58)
	at org.gradle.api.internal.tasks.testing.junit.JUnitTestClassExecutor.execute(JUnitTestClassExecutor.java:38)
	at org.gradle.api.internal.tasks.testing.junit.AbstractJUnitTestClassProcessor.processTestClass(AbstractJUnitTestClassProcessor.java:66)
	at org.gradle.api.internal.tasks.testing.SuiteTestClassProcessor.processTestClass(SuiteTestClassProcessor.java:51)
	at java.base/jdk.internal.reflect.NativeMethodAccessorImpl.invoke0(Native Method)
	at java.base/jdk.internal.reflect.NativeMethodAccessorImpl.invoke(NativeMethodAccessorImpl.java:62)
	at java.base/jdk.internal.reflect.DelegatingMethodAccessorImpl.invoke(DelegatingMethodAccessorImpl.java:43)
	at java.base/java.lang.reflect.Method.invoke(Method.java:566)
	at org.gradle.internal.dispatch.ReflectionDispatch.dispatch(ReflectionDispatch.java:35)
	at org.gradle.internal.dispatch.ReflectionDispatch.dispatch(ReflectionDispatch.java:24)
	at org.gradle.internal.dispatch.ContextClassLoaderDispatch.dispatch(ContextClassLoaderDispatch.java:32)
	at org.gradle.internal.dispatch.ProxyDispatchAdapter$DispatchingInvocationHandler.invoke(ProxyDispatchAdapter.java:93)
	at com.sun.proxy.$Proxy2.processTestClass(Unknown Source)
	at org.gradle.api.internal.tasks.testing.worker.TestWorker.processTestClass(TestWorker.java:117)
	at java.base/jdk.internal.reflect.NativeMethodAccessorImpl.invoke0(Native Method)
	at java.base/jdk.internal.reflect.NativeMethodAccessorImpl.invoke(NativeMethodAccessorImpl.java:62)
	at java.base/jdk.internal.reflect.DelegatingMethodAccessorImpl.invoke(DelegatingMethodAccessorImpl.java:43)
	at java.base/java.lang.reflect.Method.invoke(Method.java:566)
	at org.gradle.internal.dispatch.ReflectionDispatch.dispatch(ReflectionDispatch.java:35)
	at org.gradle.internal.dispatch.ReflectionDispatch.dispatch(ReflectionDispatch.java:24)
	at org.gradle.internal.remote.internal.hub.MessageHubBackedObjectConnection$DispatchWrapper.dispatch(MessageHubBackedObjectConnection.java:155)
	at org.gradle.internal.remote.internal.hub.MessageHubBackedObjectConnection$DispatchWrapper.dispatch(MessageHubBackedObjectConnection.java:137)
	at org.gradle.internal.remote.internal.hub.MessageHub$Handler.run(MessageHub.java:404)
	at org.gradle.internal.concurrent.ExecutorPolicy$CatchAndRecordFailures.onExecute(ExecutorPolicy.java:63)
	at org.gradle.internal.concurrent.ManagedExecutorImpl$1.run(ManagedExecutorImpl.java:46)
	at java.base/java.util.concurrent.ThreadPoolExecutor.runWorker(ThreadPoolExecutor.java:1128)
	at java.base/java.util.concurrent.ThreadPoolExecutor$Worker.run(ThreadPoolExecutor.java:628)
	at org.gradle.internal.concurrent.ThreadFactoryImpl$ManagedThreadRunnable.run(ThreadFactoryImpl.java:55)
	at java.base/java.lang.Thread.run(Thread.java:829)
Caused by: com.dotcms.publishing.DotPublishingException: An error occurred when processing Contentlet in '/custom/assets/bundles/01FBSBJ6X2GN9AE2TWADZ1CA2X/working/test1627569853292.dotcms.com/4546879/1-content.58e42d2b-b10c-417e-a1a0-2dfb901aed69.content.xml' with ID '5da50afe5314fea515e86f3a10b89804': 'ORA-02291: integrity constraint (ORACLE.FK_CONTENTLET_LANG) violated - parent key not found
'
	at com.dotcms.enterprise.publishing.remote.handler.ContentHandler.a(SourceFile:490)
	at com.dotcms.enterprise.publishing.remote.handler.ContentHandler.handle(SourceFile:171)
	at com.dotcms.enterprise.publishing.remote.handler.ContentHandler.handle(SourceFile:146)
	at com.dotcms.publisher.receiver.BundlePublisher.process(BundlePublisher.java:221)
	... 62 more
Caused by: com.dotmarketing.exception.DotDataException: ORA-02291: integrity constraint (ORACLE.FK_CONTENTLET_LANG) violated - parent key not found

	at com.dotmarketing.common.db.DotConnect.executeUpdate_aroundBody2(DotConnect.java:1227)
	at com.dotmarketing.common.db.DotConnect$AjcClosure3.run(DotConnect.java:1)
	at org.aspectj.runtime.reflect.JoinPointImpl.proceed(JoinPointImpl.java:149)
	at com.dotcms.aspects.aspectj.AspectJDelegateMethodInvocation.proceed(AspectJDelegateMethodInvocation.java:42)
	at com.dotcms.aspects.interceptors.CloseDBIfOpenedMethodInterceptor.invoke(CloseDBIfOpenedMethodInterceptor.java:29)
	at com.dotcms.aspects.aspectj.CloseDBIfOpenedAspect.invoke(CloseDBIfOpenedAspect.java:41)
	at com.dotmarketing.common.db.DotConnect.executeUpdate(DotConnect.java:1214)
	at com.dotmarketing.common.db.DotConnect.executeUpdate(DotConnect.java:1170)
	at com.dotmarketing.common.db.DotConnect.executeUpdate(DotConnect.java:1153)
	at com.dotmarketing.db.commands.OracleUpsertCommand.execute(UpsertCommand.java:385)
	at com.dotcms.content.elasticsearch.business.ESContentFactoryImpl.upsertContentlet(ESContentFactoryImpl.java:1946)
	at com.dotcms.content.elasticsearch.business.ESContentFactoryImpl.save(ESContentFactoryImpl.java:1921)
	at com.dotcms.content.elasticsearch.business.ESContentletAPIImpl.internalCheckin(ESContentletAPIImpl.java:4849)
	at com.dotcms.content.elasticsearch.business.ESContentletAPIImpl.lambda$68(ESContentletAPIImpl.java:4372)
	at com.dotcms.concurrent.lock.StripedLockImpl.tryLock(StripedLockImpl.java:100)
	at com.dotcms.concurrent.lock.StripedLockImpl.tryLock(StripedLockImpl.java:55)
	at com.dotcms.concurrent.lock.IdentifierStripedLock.tryLock(IdentifierStripedLock.java:16)
	at com.dotcms.content.elasticsearch.business.ESContentletAPIImpl.checkin_aroundBody148(ESContentletAPIImpl.java:4371)
	at com.dotcms.content.elasticsearch.business.ESContentletAPIImpl$AjcClosure149.run(ESContentletAPIImpl.java:1)
	at org.aspectj.runtime.reflect.JoinPointImpl.proceed(JoinPointImpl.java:149)
	at com.dotcms.aspects.aspectj.AspectJDelegateMethodInvocation.proceed(AspectJDelegateMethodInvocation.java:42)
	at com.dotmarketing.db.LocalTransaction.wrapReturnWithListeners(LocalTransaction.java:59)
	at com.dotcms.aspects.interceptors.WrapInTransactionMethodInterceptor.invoke(WrapInTransactionMethodInterceptor.java:23)
	at com.dotcms.aspects.aspectj.WrapInTransactionAspect.invoke(WrapInTransactionAspect.java:41)
	at com.dotcms.content.elasticsearch.business.ESContentletAPIImpl.checkin(ESContentletAPIImpl.java:4330)
	at com.dotcms.content.elasticsearch.business.ESContentletAPIImpl.checkin(ESContentletAPIImpl.java:8447)
	at com.dotcms.content.elasticsearch.business.ESContentletAPIImpl.checkin_aroundBody138(ESContentletAPIImpl.java:4241)
	at com.dotcms.content.elasticsearch.business.ESContentletAPIImpl$AjcClosure139.run(ESContentletAPIImpl.java:1)
	at org.aspectj.runtime.reflect.JoinPointImpl.proceed(JoinPointImpl.java:149)
	at com.dotcms.aspects.aspectj.AspectJDelegateMethodInvocation.proceed(AspectJDelegateMethodInvocation.java:42)
	at com.dotcms.aspects.interceptors.CloseDBIfOpenedMethodInterceptor.invoke(CloseDBIfOpenedMethodInterceptor.java:29)
	at com.dotcms.aspects.aspectj.CloseDBIfOpenedAspect.invoke(CloseDBIfOpenedAspect.java:41)
	at com.dotcms.content.elasticsearch.business.ESContentletAPIImpl.checkin(ESContentletAPIImpl.java:4236)
	at com.dotmarketing.portlets.contentlet.business.ContentletAPIInterceptor.checkin(ContentletAPIInterceptor.java:258)
	at com.dotcms.enterprise.publishing.remote.handler.ContentHandler.a(SourceFile:701)
	at com.dotcms.enterprise.publishing.remote.handler.ContentHandler.a(SourceFile:285)
	... 65 more
Caused by: java.sql.SQLIntegrityConstraintViolationException: ORA-02291: integrity constraint (ORACLE.FK_CONTENTLET_LANG) violated - parent key not found

	at oracle.jdbc.driver.T4CTTIoer11.processError(T4CTTIoer11.java:509)
	at oracle.jdbc.driver.T4CTTIoer11.processError(T4CTTIoer11.java:461)
	at oracle.jdbc.driver.T4C8Oall.processError(T4C8Oall.java:1104)
	at oracle.jdbc.driver.T4CTTIfun.receive(T4CTTIfun.java:550)
	at oracle.jdbc.driver.T4CTTIfun.doRPC(T4CTTIfun.java:268)
	at oracle.jdbc.driver.T4C8Oall.doOALL(T4C8Oall.java:655)
	at oracle.jdbc.driver.T4CPreparedStatement.doOall8(T4CPreparedStatement.java:270)
	at oracle.jdbc.driver.T4CPreparedStatement.doOall8(T4CPreparedStatement.java:91)
	at oracle.jdbc.driver.T4CPreparedStatement.executeForRows(T4CPreparedStatement.java:970)
	at oracle.jdbc.driver.OracleStatement.doExecuteWithTimeout(OracleStatement.java:1205)
	at oracle.jdbc.driver.OraclePreparedStatement.executeInternal(OraclePreparedStatement.java:3666)
	at oracle.jdbc.driver.T4CPreparedStatement.executeInternal(T4CPreparedStatement.java:1426)
	at oracle.jdbc.driver.OraclePreparedStatement.executeLargeUpdate(OraclePreparedStatement.java:3756)
	at oracle.jdbc.driver.OraclePreparedStatement.executeUpdate(OraclePreparedStatement.java:3736)
	at oracle.jdbc.driver.OraclePreparedStatementWrapper.executeUpdate(OraclePreparedStatementWrapper.java:1063)
	at com.zaxxer.hikari.pool.ProxyPreparedStatement.executeUpdate(ProxyPreparedStatement.java:61)
	at com.zaxxer.hikari.pool.HikariProxyPreparedStatement.executeUpdate(HikariProxyPreparedStatement.java)
	at com.dotmarketing.common.db.DotConnect.executeUpdate_aroundBody2(DotConnect.java:1222)
	... 100 more
Caused by: Error : 2291, Position : 0, Sql = MERGE INTO contentlet Target USING (SELECT '58e42d2b-b10c-417e-a1a0-2dfb901aed69' inode FROM DUAL) Source ON (Target.inode = Source.inode) WHEN MATCHED THEN   UPDATE SET show_on_menu=:1 ,title=:2 ,mod_date=:3 ,mod_user=:4 ,sort_order=:5 ,friendly_name=:6 ,structure_inode=:7 ,disabled_wysiwyg=:8 ,identifier=:9 ,language_id=:10 ,date1=:11 ,date2=:12 ,date3=:13 ,date4=:14 ,date5=:15 ,date6=:16 ,date7=:17 ,date8=:18 ,date9=:19 ,date10=:20 ,date11=:21 ,date12=:22 ,date13=:23 ,date14=:24 ,date15=:25 ,date16=:26 ,date17=:27 ,date18=:28 ,date19=:29 ,date20=:30 ,date21=:31 ,date22=:32 ,date23=:33 ,date24=:34 ,date25=:35 ,text1=:36 ,text2=:37 ,text3=:38 ,text4=:39 ,text5=:40 ,text6=:41 ,text7=:42 ,text8=:43 ,text9=:44 ,text10=:45 ,text11=:46 ,text12=:47 ,text13=:48 ,text14=:49 ,text15=:50 ,text16=:51 ,text17=:52 ,text18=:53 ,text19=:54 ,text20=:55 ,text21=:56 ,text22=:57 ,text23=:58 ,text24=:59 ,text25=:60 ,text_area1=:61 ,text_area2=:62 ,text_area3=:63 ,text_area4=:64 ,text_area5=:65 ,text_area6=:66 ,text_area7=:67 ,text_area8=:68 ,text_area9=:69 ,text_area10=:70 ,text_area11=:71 ,text_area12=:72 ,text_area13=:73 ,text_area14=:74 ,text_area15=:75 ,text_area16=:76 ,text_area17=:77 ,text_area18=:78 ,text_area19=:79 ,text_area20=:80 ,text_area21=:81 ,text_area22=:82 ,text_area23=:83 ,text_area24=:84 ,text_area25=:85 ,integer1=:86 ,integer2=:87 ,integer3=:88 ,integer4=:89 ,integer5=:90 ,integer6=:91 ,integer7=:92 ,integer8=:93 ,integer9=:94 ,integer10=:95 ,integer11=:96 ,integer12=:97 ,integer13=:98 ,integer14=:99 ,integer15=:100 ,integer16=:101 ,integer17=:102 ,integer18=:103 ,integer19=:104 ,integer20=:105 ,integer21=:106 ,integer22=:107 ,integer23=:108 ,integer24=:109 ,integer25=:110 ,&quot;float1&quot;=:111 ,&quot;float2&quot;=:112 ,&quot;float3&quot;=:113 ,&quot;float4&quot;=:114 ,&quot;float5&quot;=:115 ,&quot;float6&quot;=:116 ,&quot;float7&quot;=:117 ,&quot;float8&quot;=:118 ,&quot;float9&quot;=:119 ,&quot;float10&quot;=:120 ,&quot;float11&quot;=:121 ,&quot;float12&quot;=:122 ,&quot;float13&quot;=:123 ,&quot;float14&quot;=:124 ,&quot;float15&quot;=:125 ,&quot;float16&quot;=:126 ,&quot;float17&quot;=:127 ,&quot;float18&quot;=:128 ,&quot;float19&quot;=:129 ,&quot;float20&quot;=:130 ,&quot;float21&quot;=:131 ,&quot;float22&quot;=:132 ,&quot;float23&quot;=:133 ,&quot;float24&quot;=:134 ,&quot;float25&quot;=:135 ,bool1=:136 ,bool2=:137 ,bool3=:138 ,bool4=:139 ,bool5=:140 ,bool6=:141 ,bool7=:142 ,bool8=:143 ,bool9=:144 ,bool10=:145 ,bool11=:146 ,bool12=:147 ,bool13=:148 ,bool14=:149 ,bool15=:150 ,bool16=:151 ,bool17=:152 ,bool18=:153 ,bool19=:154 ,bool20=:155 ,bool21=:156 ,bool22=:157 ,bool23=:158 ,bool24=:159 ,bool25=:160  WHEN NOT MATCHED THEN   INSERT (inode,show_on_menu,title,mod_date,mod_user,sort_order,friendly_name,structure_inode,disabled_wysiwyg,identifier,language_id,date1,date2,date3,date4,date5,date6,date7,date8,date9,date10,date11,date12,date13,date14,date15,date16,date17,date18,date19,date20,date21,date22,date23,date24,date25,text1,text2,text3,text4,text5,text6,text7,text8,text9,text10,text11,text12,text13,text14,text15,text16,text17,text18,text19,text20,text21,text22,text23,text24,text25,text_area1,text_area2,text_area3,text_area4,text_area5,text_area6,text_area7,text_area8,text_area9,text_area10,text_area11,text_area12,text_area13,text_area14,text_area15,text_area16,text_area17,text_area18,text_area19,text_area20,text_area21,text_area22,text_area23,text_area24,text_area25,integer1,integer2,integer3,integer4,integer5,integer6,integer7,integer8,integer9,integer10,integer11,integer12,integer13,integer14,integer15,integer16,integer17,integer18,integer19,integer20,integer21,integer22,integer23,integer24,integer25,&quot;float1&quot;,&quot;float2&quot;,&quot;float3&quot;,&quot;float4&quot;,&quot;float5&quot;,&quot;float6&quot;,&quot;float7&quot;,&quot;float8&quot;,&quot;float9&quot;,&quot;float10&quot;,&quot;float11&quot;,&quot;float12&quot;,&quot;float13&quot;,&quot;float14&quot;,&quot;float15&quot;,&quot;float16&quot;,&quot;float17&quot;,&quot;float18&quot;,&quot;float19&quot;,&quot;float20&quot;,&quot;float21&quot;,&quot;float22&quot;,&quot;float23&quot;,&quot;float24&quot;,&quot;float25&quot;,bool1,bool2,bool3,bool4,bool5,bool6,bool7,bool8,bool9,bool10,bool11,bool12,bool13,bool14,bool15,bool16,bool17,bool18,bool19,bool20,bool21,bool22,bool23,bool24,bool25)   VALUES (:161 ,:162 ,:163 ,:164 ,:165 ,:166 ,:167 ,:168 ,:169 ,:170 ,:171 ,:172 ,:173 ,:174 ,:175 ,:176 ,:177 ,:178 ,:179 ,:180 ,:181 ,:182 ,:183 ,:184 ,:185 ,:186 ,:187 ,:188 ,:189 ,:190 ,:191 ,:192 ,:193 ,:194 ,:195 ,:196 ,:197 ,:198 ,:199 ,:200 ,:201 ,:202 ,:203 ,:204 ,:205 ,:206 ,:207 ,:208 ,:209 ,:210 ,:211 ,:212 ,:213 ,:214 ,:215 ,:216 ,:217 ,:218 ,:219 ,:220 ,:221 ,:222 ,:223 ,:224 ,:225 ,:226 ,:227 ,:228 ,:229 ,:230 ,:231 ,:232 ,:233 ,:234 ,:235 ,:236 ,:237 ,:238 ,:239 ,:240 ,:241 ,:242 ,:243 ,:244 ,:245 ,:246 ,:247 ,:248 ,:249 ,:250 ,:251 ,:252 ,:253 ,:254 ,:255 ,:256 ,:257 ,:258 ,:259 ,:260 ,:261 ,:262 ,:263 ,:264 ,:265 ,:266 ,:267 ,:268 ,:269 ,:270 ,:271 ,:272 ,:273 ,:274 ,:275 ,:276 ,:277 ,:278 ,:279 ,:280 ,:281 ,:282 ,:283 ,:284 ,:285 ,:286 ,:287 ,:288 ,:289 ,:290 ,:291 ,:292 ,:293 ,:294 ,:295 ,:296 ,:297 ,:298 ,:299 ,:300 ,:301 ,:302 ,:303 ,:304 ,:305 ,:306 ,:307 ,:308 ,:309 ,:310 ,:311 ,:312 ,:313 ,:314 ,:315 ,:316 ,:317 ,:318 ,:319 ,:320 ,:321 ), OriginalSql = MERGE INTO contentlet Target USING (SELECT '58e42d2b-b10c-417e-a1a0-2dfb901aed69' inode FROM DUAL) Source ON (Target.inode = Source.inode) WHEN MATCHED THEN   UPDATE SET show_on_menu=?,title=?,mod_date=?,mod_user=?,sort_order=?,friendly_name=?,structure_inode=?,disabled_wysiwyg=?,identifier=?,language_id=?,date1=?,date2=?,date3=?,date4=?,date5=?,date6=?,date7=?,date8=?,date9=?,date10=?,date11=?,date12=?,date13=?,date14=?,date15=?,date16=?,date17=?,date18=?,date19=?,date20=?,date21=?,date22=?,date23=?,date24=?,date25=?,text1=?,text2=?,text3=?,text4=?,text5=?,text6=?,text7=?,text8=?,text9=?,text10=?,text11=?,text12=?,text13=?,text14=?,text15=?,text16=?,text17=?,text18=?,text19=?,text20=?,text21=?,text22=?,text23=?,text24=?,text25=?,text_area1=?,text_area2=?,text_area3=?,text_area4=?,text_area5=?,text_area6=?,text_area7=?,text_area8=?,text_area9=?,text_area10=?,text_area11=?,text_area12=?,text_area13=?,text_area14=?,text_area15=?,text_area16=?,text_area17=?,text_area18=?,text_area19=?,text_area20=?,text_area21=?,text_area22=?,text_area23=?,text_area24=?,text_area25=?,integer1=?,integer2=?,integer3=?,integer4=?,integer5=?,integer6=?,integer7=?,integer8=?,integer9=?,integer10=?,integer11=?,integer12=?,integer13=?,integer14=?,integer15=?,integer16=?,integer17=?,integer18=?,integer19=?,integer20=?,integer21=?,integer22=?,integer23=?,integer24=?,integer25=?,&quot;float1&quot;=?,&quot;float2&quot;=?,&quot;float3&quot;=?,&quot;float4&quot;=?,&quot;float5&quot;=?,&quot;float6&quot;=?,&quot;float7&quot;=?,&quot;float8&quot;=?,&quot;float9&quot;=?,&quot;float10&quot;=?,&quot;float11&quot;=?,&quot;float12&quot;=?,&quot;float13&quot;=?,&quot;float14&quot;=?,&quot;float15&quot;=?,&quot;float16&quot;=?,&quot;float17&quot;=?,&quot;float18&quot;=?,&quot;float19&quot;=?,&quot;float20&quot;=?,&quot;float21&quot;=?,&quot;float22&quot;=?,&quot;float23&quot;=?,&quot;float24&quot;=?,&quot;float25&quot;=?,bool1=?,bool2=?,bool3=?,bool4=?,bool5=?,bool6=?,bool7=?,bool8=?,bool9=?,bool10=?,bool11=?,bool12=?,bool13=?,bool14=?,bool15=?,bool16=?,bool17=?,bool18=?,bool19=?,bool20=?,bool21=?,bool22=?,bool23=?,bool24=?,bool25=? WHEN NOT MATCHED THEN   INSERT (inode,show_on_menu,title,mod_date,mod_user,sort_order,friendly_name,structure_inode,disabled_wysiwyg,identifier,language_id,date1,date2,date3,date4,date5,date6,date7,date8,date9,date10,date11,date12,date13,date14,date15,date16,date17,date18,date19,date20,date21,date22,date23,date24,date25,text1,text2,text3,text4,text5,text6,text7,text8,text9,text10,text11,text12,text13,text14,text15,text16,text17,text18,text19,text20,text21,text22,text23,text24,text25,text_area1,text_area2,text_area3,text_area4,text_area5,text_area6,text_area7,text_area8,text_area9,text_area10,text_area11,text_area12,text_area13,text_area14,text_area15,text_area16,text_area17,text_area18,text_area19,text_area20,text_area21,text_area22,text_area23,text_area24,text_area25,integer1,integer2,integer3,integer4,integer5,integer6,integer7,integer8,integer9,integer10,integer11,integer12,integer13,integer14,integer15,integer16,integer17,integer18,integer19,integer20,integer21,integer22,integer23,integer24,integer25,&quot;float1&quot;,&quot;float2&quot;,&quot;float3&quot;,&quot;float4&quot;,&quot;float5&quot;,&quot;float6&quot;,&quot;float7&quot;,&quot;float8&quot;,&quot;float9&quot;,&quot;float10&quot;,&quot;float11&quot;,&quot;float12&quot;,&quot;float13&quot;,&quot;float14&quot;,&quot;float15&quot;,&quot;float16&quot;,&quot;float17&quot;,&quot;float18&quot;,&quot;float19&quot;,&quot;float20&quot;,&quot;float21&quot;,&quot;float22&quot;,&quot;float23&quot;,&quot;float24&quot;,&quot;float25&quot;,bool1,bool2,bool3,bool4,bool5,bool6,bool7,bool8,bool9,bool10,bool11,bool12,bool13,bool14,bool15,bool16,bool17,bool18,bool19,bool20,bool21,bool22,bool23,bool24,bool25)   VALUES (?,?,?,?,?,?,?,?,?,?,?,?,?,?,?,?,?,?,?,?,?,?,?,?,?,?,?,?,?,?,?,?,?,?,?,?,?,?,?,?,?,?,?,?,?,?,?,?,?,?,?,?,?,?,?,?,?,?,?,?,?,?,?,?,?,?,?,?,?,?,?,?,?,?,?,?,?,?,?,?,?,?,?,?,?,?,?,?,?,?,?,?,?,?,?,?,?,?,?,?,?,?,?,?,?,?,?,?,?,?,?,?,?,?,?,?,?,?,?,?,?,?,?,?,?,?,?,?,?,?,?,?,?,?,?,?,?,?,?,?,?,?,?,?,?,?,?,?,?,?,?,?,?,?,?,?,?,?,?,?,?), Error Msg = ORA-02291: integrity constraint (ORACLE.FK_CONTENTLET_LANG) violated - parent key not found

	at oracle.jdbc.driver.T4CTTIoer11.processError(T4CTTIoer11.java:513)
	... 117 more
</pre>
</span>
</div>
</div>
<div id="tab1" class="tab">
<h2>Tests</h2>
<table>
<thead>
<tr>
<th>Test</th>
<th>Duration</th>
<th>Result</th>
</tr>
</thead>
<tr>
<td class="success">Test_Create_Dupe_Languages_Create_Bundle_Then_Publish_Bundle_Then_Read_Languages_Verify_Dupes_Are_Ignored</td>
<td class="success">4.205s</td>
<td class="success">passed</td>
</tr>
<tr>
<td class="failures">Test_Create_New_Languages_Create_Bundle_Then_Publish_Bundle_Then_Read_Verify_Dupes_Are_Ignored_And_New_Languges_Were_Created</td>
<td class="failures">5.390s</td>
<td class="failures">failed</td>
</tr>
</table>
</div>
</div>
<div id="footer">
<p>
<div>
<label class="hidden" id="label-for-line-wrapping-toggle" for="line-wrapping-toggle">Wrap lines
<input id="line-wrapping-toggle" type="checkbox" autocomplete="off"/>
</label>
</div>Generated by 
<a href="http://www.gradle.org">Gradle 4.10.2</a> at Jul 29, 2021, 4:13:30 PM</p>
</div>
</div>
</body>
</html>
