<!DOCTYPE html>
<html>
<head>
<meta http-equiv="Content-Type" content="text/html; charset=utf-8"/>
<meta http-equiv="x-ua-compatible" content="IE=edge"/>
<title>Test results - Class com.dotcms.publishing.job.SiteSearchJobImplTest</title>
<link href="../css/base-style.css" rel="stylesheet" type="text/css"/>
<link href="../css/style.css" rel="stylesheet" type="text/css"/>
<script src="../js/report.js" type="text/javascript"></script>
</head>
<body>
<div id="content">
<h1>Class com.dotcms.publishing.job.SiteSearchJobImplTest</h1>
<div class="breadcrumbs">
<a href="../index.html">all</a> &gt; 
<a href="../packages/com.dotcms.publishing.job.html">com.dotcms.publishing.job</a> &gt; SiteSearchJobImplTest</div>
<div id="summary">
<table>
<tr>
<td>
<div class="summaryGroup">
<table>
<tr>
<td>
<div class="infoBox" id="tests">
<div class="counter">10</div>
<p>tests</p>
</div>
</td>
<td>
<div class="infoBox" id="failures">
<div class="counter">1</div>
<p>failures</p>
</div>
</td>
<td>
<div class="infoBox" id="ignored">
<div class="counter">0</div>
<p>ignored</p>
</div>
</td>
<td>
<div class="infoBox" id="duration">
<div class="counter">1m8.52s</div>
<p>duration</p>
</div>
</td>
</tr>
</table>
</div>
</td>
<td>
<div class="infoBox failures" id="successRate">
<div class="percent">90%</div>
<p>successful</p>
</div>
</td>
</tr>
</table>
</div>
<div id="tabs">
<ul class="tabLinks">
<li>
<a href="#tab0">Failed tests</a>
</li>
<li>
<a href="#tab1">Tests</a>
</li>
</ul>
<div id="tab0" class="tab">
<h2>Failed tests</h2>
<div class="test">
<a name="testSiteSearchDifferentScenarios[6: com.dotcms.publishing.job.SiteSearchJobImplTest$TestCaseSiteSearch@23ace075]"></a>
<h3 class="failures">testSiteSearchDifferentScenarios[6: com.dotcms.publishing.job.SiteSearchJobImplTest$TestCaseSiteSearch@23ace075]</h3>
<span class="code">
<pre>com.dotmarketing.exception.DotRuntimeException: com.dotmarketing.exception.DotHibernateException: Unable to close Hibernate Session 
	at com.dotcms.datagen.TestDataUtils.getEmployeeContent(TestDataUtils.java:1090)
	at com.dotcms.publishing.job.SiteSearchJobImplTest.createAndPublishEmployeeContent(SiteSearchJobImplTest.java:783)
	at com.dotcms.publishing.job.SiteSearchJobImplTest.testSiteSearchDifferentScenarios(SiteSearchJobImplTest.java:649)
	at sun.reflect.NativeMethodAccessorImpl.invoke0(Native Method)
	at sun.reflect.NativeMethodAccessorImpl.invoke(NativeMethodAccessorImpl.java:62)
	at sun.reflect.DelegatingMethodAccessorImpl.invoke(DelegatingMethodAccessorImpl.java:43)
	at java.lang.reflect.Method.invoke(Method.java:498)
	at org.junit.runners.model.FrameworkMethod$1.runReflectiveCall(FrameworkMethod.java:50)
	at org.junit.internal.runners.model.ReflectiveCallable.run(ReflectiveCallable.java:12)
	at org.junit.runners.model.FrameworkMethod.invokeExplosively(FrameworkMethod.java:47)
	at com.tngtech.java.junit.dataprovider.DataProviderFrameworkMethod.invokeExplosively(DataProviderFrameworkMethod.java:119)
	at org.junit.internal.runners.statements.InvokeMethod.evaluate(InvokeMethod.java:17)
	at org.junit.internal.runners.statements.RunBefores.evaluate(RunBefores.java:26)
	at org.junit.internal.runners.statements.RunAfters.evaluate(RunAfters.java:27)
	at org.junit.rules.TestWatcher$1.evaluate(TestWatcher.java:55)
	at org.junit.rules.RunRules.evaluate(RunRules.java:20)
	at org.junit.runners.ParentRunner.runLeaf(ParentRunner.java:325)
	at com.dotcms.junit.CustomDataProviderRunner.runChild(CustomDataProviderRunner.java:28)
	at com.dotcms.junit.CustomDataProviderRunner.runChild(CustomDataProviderRunner.java:13)
	at org.junit.runners.ParentRunner$3.run(ParentRunner.java:290)
	at org.junit.runners.ParentRunner$1.schedule(ParentRunner.java:71)
	at org.junit.runners.ParentRunner.runChildren(ParentRunner.java:288)
	at org.junit.runners.ParentRunner.access$000(ParentRunner.java:58)
	at org.junit.runners.ParentRunner$2.evaluate(ParentRunner.java:268)
	at org.junit.internal.runners.statements.RunBefores.evaluate(RunBefores.java:26)
	at org.junit.runners.ParentRunner.run(ParentRunner.java:363)
	at org.junit.runners.Suite.runChild(Suite.java:128)
	at org.junit.runners.Suite.runChild(Suite.java:27)
	at org.junit.runners.ParentRunner$3.run(ParentRunner.java:290)
	at org.junit.runners.ParentRunner$1.schedule(ParentRunner.java:71)
	at org.junit.runners.ParentRunner.runChildren(ParentRunner.java:288)
	at org.junit.runners.ParentRunner.access$000(ParentRunner.java:58)
	at org.junit.runners.ParentRunner$2.evaluate(ParentRunner.java:268)
	at org.junit.runners.ParentRunner.run(ParentRunner.java:363)
	at org.gradle.api.internal.tasks.testing.junit.JUnitTestClassExecutor.runTestClass(JUnitTestClassExecutor.java:106)
	at org.gradle.api.internal.tasks.testing.junit.JUnitTestClassExecutor.execute(JUnitTestClassExecutor.java:58)
	at org.gradle.api.internal.tasks.testing.junit.JUnitTestClassExecutor.execute(JUnitTestClassExecutor.java:38)
	at org.gradle.api.internal.tasks.testing.junit.AbstractJUnitTestClassProcessor.processTestClass(AbstractJUnitTestClassProcessor.java:66)
	at org.gradle.api.internal.tasks.testing.SuiteTestClassProcessor.processTestClass(SuiteTestClassProcessor.java:51)
	at sun.reflect.NativeMethodAccessorImpl.invoke0(Native Method)
	at sun.reflect.NativeMethodAccessorImpl.invoke(NativeMethodAccessorImpl.java:62)
	at sun.reflect.DelegatingMethodAccessorImpl.invoke(DelegatingMethodAccessorImpl.java:43)
	at java.lang.reflect.Method.invoke(Method.java:498)
	at org.gradle.internal.dispatch.ReflectionDispatch.dispatch(ReflectionDispatch.java:35)
	at org.gradle.internal.dispatch.ReflectionDispatch.dispatch(ReflectionDispatch.java:24)
	at org.gradle.internal.dispatch.ContextClassLoaderDispatch.dispatch(ContextClassLoaderDispatch.java:32)
	at org.gradle.internal.dispatch.ProxyDispatchAdapter$DispatchingInvocationHandler.invoke(ProxyDispatchAdapter.java:93)
	at com.sun.proxy.$Proxy2.processTestClass(Unknown Source)
	at org.gradle.api.internal.tasks.testing.worker.TestWorker.processTestClass(TestWorker.java:117)
	at sun.reflect.NativeMethodAccessorImpl.invoke0(Native Method)
	at sun.reflect.NativeMethodAccessorImpl.invoke(NativeMethodAccessorImpl.java:62)
	at sun.reflect.DelegatingMethodAccessorImpl.invoke(DelegatingMethodAccessorImpl.java:43)
	at java.lang.reflect.Method.invoke(Method.java:498)
	at org.gradle.internal.dispatch.ReflectionDispatch.dispatch(ReflectionDispatch.java:35)
	at org.gradle.internal.dispatch.ReflectionDispatch.dispatch(ReflectionDispatch.java:24)
	at org.gradle.internal.remote.internal.hub.MessageHubBackedObjectConnection$DispatchWrapper.dispatch(MessageHubBackedObjectConnection.java:155)
	at org.gradle.internal.remote.internal.hub.MessageHubBackedObjectConnection$DispatchWrapper.dispatch(MessageHubBackedObjectConnection.java:137)
	at org.gradle.internal.remote.internal.hub.MessageHub$Handler.run(MessageHub.java:404)
	at org.gradle.internal.concurrent.ExecutorPolicy$CatchAndRecordFailures.onExecute(ExecutorPolicy.java:63)
	at org.gradle.internal.concurrent.ManagedExecutorImpl$1.run(ManagedExecutorImpl.java:46)
	at java.util.concurrent.ThreadPoolExecutor.runWorker(ThreadPoolExecutor.java:1149)
	at java.util.concurrent.ThreadPoolExecutor$Worker.run(ThreadPoolExecutor.java:624)
	at org.gradle.internal.concurrent.ThreadFactoryImpl$ManagedThreadRunnable.run(ThreadFactoryImpl.java:55)
	at java.lang.Thread.run(Thread.java:748)
Caused by: java.lang.RuntimeException: com.dotmarketing.exception.DotHibernateException: Unable to close Hibernate Session 
	at com.dotcms.datagen.ContentletDataGen.checkin(ContentletDataGen.java:269)
	at com.dotcms.datagen.ContentletDataGen.persist(ContentletDataGen.java:189)
	at com.dotcms.datagen.ContentletDataGen.nextPersisted(ContentletDataGen.java:175)
	at com.dotcms.datagen.TestDataUtils.getEmployeeContent(TestDataUtils.java:1085)
	... 63 more
Caused by: com.dotmarketing.exception.DotHibernateException: Unable to close Hibernate Session 
	at com.dotmarketing.db.HibernateUtil.commitTransaction(HibernateUtil.java:1158)
	at com.dotmarketing.db.LocalTransaction.wrapReturnWithListeners(LocalTransaction.java:62)
	at com.dotcms.aspects.interceptors.WrapInTransactionMethodInterceptor.invoke(WrapInTransactionMethodInterceptor.java:23)
	at com.dotcms.aspects.aspectj.WrapInTransactionAspect.invoke(WrapInTransactionAspect.java:41)
	at com.dotcms.content.elasticsearch.business.ESContentletAPIImpl.checkin(ESContentletAPIImpl.java:4138)
	at com.dotcms.content.elasticsearch.business.ESContentletAPIImpl.checkin(ESContentletAPIImpl.java:8289)
	at com.dotcms.content.elasticsearch.business.ESContentletAPIImpl.checkin_aroundBody134(ESContentletAPIImpl.java:4049)
	at com.dotcms.content.elasticsearch.business.ESContentletAPIImpl$AjcClosure135.run(ESContentletAPIImpl.java:1)
	at org.aspectj.runtime.reflect.JoinPointImpl.proceed(JoinPointImpl.java:149)
	at com.dotcms.aspects.aspectj.AspectJDelegateMethodInvocation.proceed(AspectJDelegateMethodInvocation.java:42)
	at com.dotcms.aspects.interceptors.CloseDBIfOpenedMethodInterceptor.invoke(CloseDBIfOpenedMethodInterceptor.java:29)
	at com.dotcms.aspects.aspectj.CloseDBIfOpenedAspect.invoke(CloseDBIfOpenedAspect.java:41)
	at com.dotcms.content.elasticsearch.business.ESContentletAPIImpl.checkin(ESContentletAPIImpl.java:4044)
	at com.dotmarketing.portlets.contentlet.business.ContentletAPIInterceptor.checkin(ContentletAPIInterceptor.java:258)
	at com.dotcms.datagen.ContentletDataGen.checkin(ContentletDataGen.java:267)
	... 66 more
Caused by: com.dotmarketing.business.DotStateException: An error occurred when mapping properties of Contentlet with ID '74c5099a-312d-43c8-a4ed-82ea7d1c3aa2': Content Type with ID '8853b625-674f-49f4-8ba1-aa8bbe6cbd98' was not found via API.
	at com.dotmarketing.db.DotRunnableThread.run(DotRunnableThread.java:56)
	at com.dotmarketing.db.HibernateUtil.finalizeCommitListeners(HibernateUtil.java:1068)
	at com.dotmarketing.db.HibernateUtil.commitTransaction(HibernateUtil.java:1152)
	... 80 more
Caused by: com.dotcms.content.business.DotMappingException: An error occurred when mapping properties of Contentlet with ID '74c5099a-312d-43c8-a4ed-82ea7d1c3aa2': Content Type with ID '8853b625-674f-49f4-8ba1-aa8bbe6cbd98' was not found via API.
	at com.dotcms.content.elasticsearch.business.ESMappingAPIImpl.toMap_aroundBody0(ESMappingAPIImpl.java:389)
	at com.dotcms.content.elasticsearch.business.ESMappingAPIImpl$AjcClosure1.run(ESMappingAPIImpl.java:1)
	at org.aspectj.runtime.reflect.JoinPointImpl.proceed(JoinPointImpl.java:149)
	at com.dotcms.aspects.aspectj.AspectJDelegateMethodInvocation.proceed(AspectJDelegateMethodInvocation.java:42)
	at com.dotcms.aspects.interceptors.CloseDBIfOpenedMethodInterceptor.invoke(CloseDBIfOpenedMethodInterceptor.java:29)
	at com.dotcms.aspects.aspectj.CloseDBIfOpenedAspect.invoke(CloseDBIfOpenedAspect.java:41)
	at com.dotcms.content.elasticsearch.business.ESMappingAPIImpl.toMap(ESMappingAPIImpl.java:211)
	at com.dotcms.content.elasticsearch.business.ContentletIndexAPIImpl.addBulkRequest(ContentletIndexAPIImpl.java:747)
	at com.dotcms.content.elasticsearch.business.ContentletIndexAPIImpl.appendBulkRequest(ContentletIndexAPIImpl.java:710)
	at com.dotcms.content.elasticsearch.business.ContentletIndexAPIImpl.createBulkRequest(ContentletIndexAPIImpl.java:598)
	at com.dotcms.content.elasticsearch.business.ContentletIndexAPIImpl.indexContentListNow(ContentletIndexAPIImpl.java:550)
	at com.dotcms.content.elasticsearch.business.ContentletIndexAPIImpl.addContentToIndex(ContentletIndexAPIImpl.java:544)
	at com.dotcms.content.elasticsearch.business.ContentletIndexAPIImpl.lambda$3(ContentletIndexAPIImpl.java:503)
	at com.dotmarketing.db.HibernateUtil$DotSyncRunnable.run(HibernateUtil.java:929)
	at com.dotmarketing.db.DotRunnableThread.internalRunner(DotRunnableThread.java:99)
	at com.dotmarketing.db.LocalTransaction.wrap(LocalTransaction.java:158)
	at com.dotmarketing.db.DotRunnableThread.run(DotRunnableThread.java:53)
	... 82 more
Caused by: com.dotmarketing.exception.DotDataException: Content Type with ID '8853b625-674f-49f4-8ba1-aa8bbe6cbd98' was not found via API.
	at com.dotcms.content.elasticsearch.business.ESMappingAPIImpl.toMap_aroundBody0(ESMappingAPIImpl.java:238)
	... 98 more
</pre>
</span>
</div>
</div>
<div id="tab1" class="tab">
<h2>Tests</h2>
<table>
<thead>
<tr>
<th>Test</th>
<th>Duration</th>
<th>Result</th>
</tr>
</thead>
<tr>
<td class="success">Test_Incremental_Job_Test_Pages_Are_Found_Create_And_Publish_New_Page_Test_Changes_Are_Picked_Unpublish_Then_Verify_Page_Is_Gone</td>
<td class="success">11.328s</td>
<td class="success">passed</td>
</tr>
<tr>
<td class="success">Test_Non_Incremental_Create_Default_Index_Create_Second_Index_Run_Non_Incrementally_Expect_Non_Default_New_Index</td>
<td class="success">1.899s</td>
<td class="success">passed</td>
</tr>
<tr>
<td class="success">Test_Non_Incremental_Create_Default_Index_Run_Non_Incrementally_Expect_New_Index_Keep_Alias_And_Default</td>
<td class="success">0.781s</td>
<td class="success">passed</td>
</tr>
<tr>
<td class="success">testSiteSearchDifferentScenarios[0: com.dotcms.publishing.job.SiteSearchJobImplTest$TestCaseSiteSearch@5fe5b1a3]</td>
<td class="success">8.396s</td>
<td class="success">passed</td>
</tr>
<tr>
<td class="success">testSiteSearchDifferentScenarios[1: com.dotcms.publishing.job.SiteSearchJobImplTest$TestCaseSiteSearch@64758c46]</td>
<td class="success">7.894s</td>
<td class="success">passed</td>
</tr>
<tr>
<td class="success">testSiteSearchDifferentScenarios[2: com.dotcms.publishing.job.SiteSearchJobImplTest$TestCaseSiteSearch@306886bc]</td>
<td class="success">8.129s</td>
<td class="success">passed</td>
</tr>
<tr>
<td class="success">testSiteSearchDifferentScenarios[3: com.dotcms.publishing.job.SiteSearchJobImplTest$TestCaseSiteSearch@6dc0a5fc]</td>
<td class="success">8.318s</td>
<td class="success">passed</td>
</tr>
<tr>
<td class="success">testSiteSearchDifferentScenarios[4: com.dotcms.publishing.job.SiteSearchJobImplTest$TestCaseSiteSearch@1fda694e]</td>
<td class="success">7.896s</td>
<td class="success">passed</td>
</tr>
<tr>
<td class="success">testSiteSearchDifferentScenarios[5: com.dotcms.publishing.job.SiteSearchJobImplTest$TestCaseSiteSearch@5705c14f]</td>
<td class="success">9.294s</td>
<td class="success">passed</td>
</tr>
<tr>
<td class="failures">testSiteSearchDifferentScenarios[6: com.dotcms.publishing.job.SiteSearchJobImplTest$TestCaseSiteSearch@23ace075]</td>
<td class="failures">4.581s</td>
<td class="failures">failed</td>
</tr>
</table>
</div>
</div>
<div id="footer">
<p>
<div>
<label class="hidden" id="label-for-line-wrapping-toggle" for="line-wrapping-toggle">Wrap lines
<input id="line-wrapping-toggle" type="checkbox" autocomplete="off"/>
</label>
</div>Generated by 
<a href="http://www.gradle.org">Gradle 4.10.2</a> at Feb 17, 2021 10:38:47 PM</p>
</div>
</div>
</body>
</html>
