<!DOCTYPE html>
<html>
<head>
<meta http-equiv="Content-Type" content="text/html; charset=utf-8"/>
<meta http-equiv="x-ua-compatible" content="IE=edge"/>
<title>Test results - Class com.dotcms.MainSuite</title>
<link href="../css/base-style.css" rel="stylesheet" type="text/css"/>
<link href="../css/style.css" rel="stylesheet" type="text/css"/>
<script src="../js/report.js" type="text/javascript"></script>
</head>
<body>
<div id="content">
<h1>Class com.dotcms.MainSuite</h1>
<div class="breadcrumbs">
<a href="../index.html">all</a> &gt; 
<a href="../packages/com.dotcms.html">com.dotcms</a> &gt; MainSuite</div>
<div id="summary">
<table>
<tr>
<td>
<div class="summaryGroup">
<table>
<tr>
<td>
<div class="infoBox" id="tests">
<div class="counter">1</div>
<p>tests</p>
</div>
</td>
<td>
<div class="infoBox" id="failures">
<div class="counter">1</div>
<p>failures</p>
</div>
</td>
<td>
<div class="infoBox" id="ignored">
<div class="counter">0</div>
<p>ignored</p>
</div>
</td>
<td>
<div class="infoBox" id="duration">
<div class="counter">0.027s</div>
<p>duration</p>
</div>
</td>
</tr>
</table>
</div>
</td>
<td>
<div class="infoBox failures" id="successRate">
<div class="percent">0%</div>
<p>successful</p>
</div>
</td>
</tr>
</table>
</div>
<div id="tabs">
<ul class="tabLinks">
<li>
<a href="#tab0">Failed tests</a>
</li>
<li>
<a href="#tab1">Tests</a>
</li>
<li>
<a href="#tab2">Standard output</a>
</li>
<li>
<a href="#tab3">Standard error</a>
</li>
</ul>
<div id="tab0" class="tab">
<h2>Failed tests</h2>
<div class="test">
<a name="initializationError"></a>
<h3 class="failures">initializationError</h3>
<span class="code">
<pre>java.lang.Error: Cannot explode 'RuleBundlerTest.addRuleInBundle' using 'rules' due to: Exception while invoking dataprovider method 'rules': null
	at com.tngtech.java.junit.dataprovider.internal.TestGenerator.generateExplodedTestMethodsFor(TestGenerator.java:60)
	at com.tngtech.java.junit.dataprovider.DataProviderRunner.generateExplodedTestMethodsFor(DataProviderRunner.java:227)
	at com.tngtech.java.junit.dataprovider.DataProviderRunner.computeTestMethods(DataProviderRunner.java:181)
	at com.tngtech.java.junit.dataprovider.DataProviderRunner.validateInstanceMethods(DataProviderRunner.java:113)
	at org.junit.runners.BlockJUnit4ClassRunner.collectInitializationErrors(BlockJUnit4ClassRunner.java:128)
	at com.tngtech.java.junit.dataprovider.DataProviderRunner.collectInitializationErrors(DataProviderRunner.java:88)
	at org.junit.runners.ParentRunner.validate(ParentRunner.java:416)
	at org.junit.runners.ParentRunner.&lt;init&gt;(ParentRunner.java:84)
	at org.junit.runners.BlockJUnit4ClassRunner.&lt;init&gt;(BlockJUnit4ClassRunner.java:65)
	at com.tngtech.java.junit.dataprovider.DataProviderRunner.&lt;init&gt;(DataProviderRunner.java:79)
	at com.dotcms.junit.CustomDataProviderRunner.&lt;init&gt;(CustomDataProviderRunner.java:16)
	at com.dotcms.junit.MainBaseSuite.getRunners(MainBaseSuite.java:37)
	at com.dotcms.junit.MainBaseSuite.&lt;init&gt;(MainBaseSuite.java:17)
	at java.base/jdk.internal.reflect.NativeConstructorAccessorImpl.newInstance0(Native Method)
	at java.base/jdk.internal.reflect.NativeConstructorAccessorImpl.newInstance(NativeConstructorAccessorImpl.java:62)
	at java.base/jdk.internal.reflect.DelegatingConstructorAccessorImpl.newInstance(DelegatingConstructorAccessorImpl.java:45)
	at java.base/java.lang.reflect.Constructor.newInstance(Constructor.java:490)
	at org.junit.internal.builders.AnnotatedBuilder.buildRunner(AnnotatedBuilder.java:107)
	at org.junit.internal.builders.AnnotatedBuilder.runnerForClass(AnnotatedBuilder.java:86)
	at org.junit.runners.model.RunnerBuilder.safeRunnerForClass(RunnerBuilder.java:59)
	at org.junit.internal.builders.AllDefaultPossibilitiesBuilder.runnerForClass(AllDefaultPossibilitiesBuilder.java:26)
	at org.junit.runners.model.RunnerBuilder.safeRunnerForClass(RunnerBuilder.java:59)
	at org.junit.internal.requests.ClassRequest.getRunner(ClassRequest.java:33)
	at org.gradle.api.internal.tasks.testing.junit.JUnitTestClassExecutor.runTestClass(JUnitTestClassExecutor.java:78)
	at org.gradle.api.internal.tasks.testing.junit.JUnitTestClassExecutor.execute(JUnitTestClassExecutor.java:58)
	at org.gradle.api.internal.tasks.testing.junit.JUnitTestClassExecutor.execute(JUnitTestClassExecutor.java:38)
	at org.gradle.api.internal.tasks.testing.junit.AbstractJUnitTestClassProcessor.processTestClass(AbstractJUnitTestClassProcessor.java:66)
	at org.gradle.api.internal.tasks.testing.SuiteTestClassProcessor.processTestClass(SuiteTestClassProcessor.java:51)
	at java.base/jdk.internal.reflect.NativeMethodAccessorImpl.invoke0(Native Method)
	at java.base/jdk.internal.reflect.NativeMethodAccessorImpl.invoke(NativeMethodAccessorImpl.java:62)
	at java.base/jdk.internal.reflect.DelegatingMethodAccessorImpl.invoke(DelegatingMethodAccessorImpl.java:43)
	at java.base/java.lang.reflect.Method.invoke(Method.java:566)
	at org.gradle.internal.dispatch.ReflectionDispatch.dispatch(ReflectionDispatch.java:35)
	at org.gradle.internal.dispatch.ReflectionDispatch.dispatch(ReflectionDispatch.java:24)
	at org.gradle.internal.dispatch.ContextClassLoaderDispatch.dispatch(ContextClassLoaderDispatch.java:32)
	at org.gradle.internal.dispatch.ProxyDispatchAdapter$DispatchingInvocationHandler.invoke(ProxyDispatchAdapter.java:93)
	at com.sun.proxy.$Proxy2.processTestClass(Unknown Source)
	at org.gradle.api.internal.tasks.testing.worker.TestWorker.processTestClass(TestWorker.java:117)
	at java.base/jdk.internal.reflect.NativeMethodAccessorImpl.invoke0(Native Method)
	at java.base/jdk.internal.reflect.NativeMethodAccessorImpl.invoke(NativeMethodAccessorImpl.java:62)
	at java.base/jdk.internal.reflect.DelegatingMethodAccessorImpl.invoke(DelegatingMethodAccessorImpl.java:43)
	at java.base/java.lang.reflect.Method.invoke(Method.java:566)
	at org.gradle.internal.dispatch.ReflectionDispatch.dispatch(ReflectionDispatch.java:35)
	at org.gradle.internal.dispatch.ReflectionDispatch.dispatch(ReflectionDispatch.java:24)
	at org.gradle.internal.remote.internal.hub.MessageHubBackedObjectConnection$DispatchWrapper.dispatch(MessageHubBackedObjectConnection.java:155)
	at org.gradle.internal.remote.internal.hub.MessageHubBackedObjectConnection$DispatchWrapper.dispatch(MessageHubBackedObjectConnection.java:137)
	at org.gradle.internal.remote.internal.hub.MessageHub$Handler.run(MessageHub.java:404)
	at org.gradle.internal.concurrent.ExecutorPolicy$CatchAndRecordFailures.onExecute(ExecutorPolicy.java:63)
	at org.gradle.internal.concurrent.ManagedExecutorImpl$1.run(ManagedExecutorImpl.java:46)
	at java.base/java.util.concurrent.ThreadPoolExecutor.runWorker(ThreadPoolExecutor.java:1128)
	at java.base/java.util.concurrent.ThreadPoolExecutor$Worker.run(ThreadPoolExecutor.java:628)
	at org.gradle.internal.concurrent.ThreadFactoryImpl$ManagedThreadRunnable.run(ThreadFactoryImpl.java:55)
	at java.base/java.lang.Thread.run(Thread.java:829)
Caused by: java.lang.IllegalArgumentException: Exception while invoking dataprovider method 'rules': null
	at com.tngtech.java.junit.dataprovider.internal.TestGenerator.explodeTestMethod(TestGenerator.java:107)
	at com.tngtech.java.junit.dataprovider.internal.TestGenerator.generateExplodedTestMethodsFor(TestGenerator.java:58)
	... 52 more
Caused by: java.lang.ExceptionInInitializerError
	at com.dotcms.enterprise.publishing.remote.bundler.RuleBundlerTest.rules(RuleBundlerTest.java:51)
	at java.base/jdk.internal.reflect.NativeMethodAccessorImpl.invoke0(Native Method)
	at java.base/jdk.internal.reflect.NativeMethodAccessorImpl.invoke(NativeMethodAccessorImpl.java:62)
	at java.base/jdk.internal.reflect.DelegatingMethodAccessorImpl.invoke(DelegatingMethodAccessorImpl.java:43)
	at java.base/java.lang.reflect.Method.invoke(Method.java:566)
	at org.junit.runners.model.FrameworkMethod$1.runReflectiveCall(FrameworkMethod.java:50)
	at org.junit.internal.runners.model.ReflectiveCallable.run(ReflectiveCallable.java:12)
	at org.junit.runners.model.FrameworkMethod.invokeExplosively(FrameworkMethod.java:47)
	at com.tngtech.java.junit.dataprovider.internal.TestGenerator.explodeTestMethod(TestGenerator.java:100)
	... 53 more
Caused by: java.lang.RuntimeException: com.dotcms.contenttype.exception.NotFoundInDbException: Content Type with id:'Host' not found
	at com.dotmarketing.portlets.rules.RuleDataGen.&lt;clinit&gt;(RuleDataGen.java:28)
	... 62 more
Caused by: com.dotcms.contenttype.exception.NotFoundInDbException: Content Type with id:'Host' not found
	at com.dotcms.contenttype.business.ContentTypeFactoryImpl.dbById(ContentTypeFactoryImpl.java:307)
	at com.dotcms.contenttype.business.ContentTypeFactoryImpl.find(ContentTypeFactoryImpl.java:134)
	at com.dotcms.contenttype.business.ContentTypeAPIImpl.find_aroundBody2(ContentTypeAPIImpl.java:112)
	at com.dotcms.contenttype.business.ContentTypeAPIImpl$AjcClosure3.run(ContentTypeAPIImpl.java:1)
	at org.aspectj.runtime.reflect.JoinPointImpl.proceed(JoinPointImpl.java:149)
	at com.dotcms.aspects.aspectj.AspectJDelegateMethodInvocation.proceed(AspectJDelegateMethodInvocation.java:42)
	at com.dotcms.aspects.interceptors.CloseDBIfOpenedMethodInterceptor.invoke(CloseDBIfOpenedMethodInterceptor.java:29)
	at com.dotcms.aspects.aspectj.CloseDBIfOpenedAspect.invoke(CloseDBIfOpenedAspect.java:41)
	at com.dotcms.contenttype.business.ContentTypeAPIImpl.find(ContentTypeAPIImpl.java:108)
	at com.dotmarketing.portlets.contentlet.business.HostAPIImpl.hostType(HostAPIImpl.java:84)
	at com.dotmarketing.portlets.contentlet.business.HostAPIImpl.getOrCreateDefaultHost_aroundBody30(HostAPIImpl.java:916)
	at com.dotmarketing.portlets.contentlet.business.HostAPIImpl$AjcClosure31.run(HostAPIImpl.java:1)
	at org.aspectj.runtime.reflect.JoinPointImpl.proceed(JoinPointImpl.java:149)
	at com.dotcms.aspects.aspectj.AspectJDelegateMethodInvocation.proceed(AspectJDelegateMethodInvocation.java:42)
	at com.dotcms.aspects.interceptors.CloseDBIfOpenedMethodInterceptor.invoke(CloseDBIfOpenedMethodInterceptor.java:29)
	at com.dotcms.aspects.aspectj.CloseDBIfOpenedAspect.invoke(CloseDBIfOpenedAspect.java:41)
	at com.dotmarketing.portlets.contentlet.business.HostAPIImpl.getOrCreateDefaultHost(HostAPIImpl.java:913)
	at com.dotmarketing.portlets.contentlet.business.HostAPIImpl.findDefaultHost_aroundBody0(HostAPIImpl.java:98)
	at com.dotmarketing.portlets.contentlet.business.HostAPIImpl$AjcClosure1.run(HostAPIImpl.java:1)
	at org.aspectj.runtime.reflect.JoinPointImpl.proceed(JoinPointImpl.java:149)
	at com.dotcms.aspects.aspectj.AspectJDelegateMethodInvocation.proceed(AspectJDelegateMethodInvocation.java:42)
	at com.dotcms.aspects.interceptors.CloseDBIfOpenedMethodInterceptor.invoke(CloseDBIfOpenedMethodInterceptor.java:29)
	at com.dotcms.aspects.aspectj.CloseDBIfOpenedAspect.invoke(CloseDBIfOpenedAspect.java:41)
	at com.dotmarketing.portlets.contentlet.business.HostAPIImpl.findDefaultHost(HostAPIImpl.java:94)
	at com.dotmarketing.portlets.rules.RuleDataGen.&lt;clinit&gt;(RuleDataGen.java:25)
	... 62 more
</pre>
</span>
</div>
</div>
<div id="tab1" class="tab">
<h2>Tests</h2>
<table>
<thead>
<tr>
<th>Test</th>
<th>Duration</th>
<th>Result</th>
</tr>
</thead>
<tr>
<td class="failures">initializationError</td>
<td class="failures">0.027s</td>
<td class="failures">failed</td>
</tr>
</table>
</div>
<div id="tab2" class="tab">
<h2>Standard output</h2>
<span class="code">
<pre>Working Directory = /build/src/core/dotCMS/.
path      :/WEB-INF/messages/Language_en_US.properties
workingDir:/build/src/core/dotCMS/.
newPath   :/build/src/core/dotCMS/./src/main/webapp/WEB-INF/messages/Language_en_US.properties
Working Directory = /build/src/core/dotCMS/.
path      :/WEB-INF/messages/Language-ext_en_US.properties
workingDir:/build/src/core/dotCMS/.
newPath   :/build/src/core/dotCMS/./src/main/webapp/WEB-INF/messages/Language-ext_en_US.properties
Working Directory = /build/src/core/dotCMS/.
path      :/WEB-INF/messages/Language_en.properties
workingDir:/build/src/core/dotCMS/.
newPath   :/build/src/core/dotCMS/./src/main/webapp/WEB-INF/messages/Language_en.properties
Working Directory = /build/src/core/dotCMS/.
path      :/WEB-INF/messages/Language-ext_en.properties
workingDir:/build/src/core/dotCMS/.
newPath   :/build/src/core/dotCMS/./src/main/webapp/WEB-INF/messages/Language-ext_en.properties
Working Directory = /build/src/core/dotCMS/.
path      :/WEB-INF/messages/Language.properties
workingDir:/build/src/core/dotCMS/.
newPath   :/build/src/core/dotCMS/./src/main/webapp/WEB-INF/messages/Language.properties
Working Directory = /build/src/core/dotCMS/.
path      :/WEB-INF/messages/Language-ext.properties
workingDir:/build/src/core/dotCMS/.
newPath   :/build/src/core/dotCMS/./src/main/webapp/WEB-INF/messages/Language-ext.properties
</pre>
</span>
</div>
<div id="tab3" class="tab">
<h2>Standard error</h2>
<span class="code">
<pre>Sep 22, 2021 1:25:08 AM com.hazelcast.instance.AddressPicker
INFO: [LOCAL] [dev] [3.9.2] Prefer IPv4 stack is true.
Sep 22, 2021 1:25:08 AM com.hazelcast.instance.AddressPicker
INFO: [LOCAL] [dev] [3.9.2] Picked [172.19.0.3]:5701, using socket ServerSocket[addr=/0.0.0.0,localport=5701], bind any local is true
Sep 22, 2021 1:25:08 AM com.hazelcast.system
INFO: [172.19.0.3]:5701 [dev] [3.9.2] Hazelcast 3.9.2 (20180103 - 17e4ec3) starting at [172.19.0.3]:5701
Sep 22, 2021 1:25:08 AM com.hazelcast.system
INFO: [172.19.0.3]:5701 [dev] [3.9.2] Copyright (c) 2008-2017, Hazelcast, Inc. All Rights Reserved.
Sep 22, 2021 1:25:08 AM com.hazelcast.system
INFO: [172.19.0.3]:5701 [dev] [3.9.2] Configured Hazelcast Serialization version: 1
Sep 22, 2021 1:25:09 AM com.hazelcast.spi.impl.operationservice.impl.BackpressureRegulator
INFO: [172.19.0.3]:5701 [dev] [3.9.2] Backpressure is disabled
Sep 22, 2021 1:25:10 AM com.hazelcast.spi.impl.operationexecutor.impl.OperationExecutorImpl
INFO: [172.19.0.3]:5701 [dev] [3.9.2] Starting 2 partition threads and 3 generic threads (1 dedicated for priority tasks)
Sep 22, 2021 1:25:10 AM com.hazelcast.internal.diagnostics.Diagnostics
INFO: [172.19.0.3]:5701 [dev] [3.9.2] Diagnostics disabled. To enable add -Dhazelcast.diagnostics.enabled=true to the JVM arguments.
Sep 22, 2021 1:25:10 AM com.hazelcast.core.LifecycleService
INFO: [172.19.0.3]:5701 [dev] [3.9.2] [172.19.0.3]:5701 is STARTING
Sep 22, 2021 1:25:10 AM com.hazelcast.instance.Node
WARNING: [172.19.0.3]:5701 [dev] [3.9.2] No join method is enabled! Starting standalone.
Sep 22, 2021 1:25:10 AM com.hazelcast.system
INFO: [172.19.0.3]:5701 [dev] [3.9.2] Cluster version set to 3.9
Sep 22, 2021 1:25:10 AM com.hazelcast.core.LifecycleService
INFO: [172.19.0.3]:5701 [dev] [3.9.2] [172.19.0.3]:5701 is STARTED
</pre>
</span>
</div>
</div>
<div id="footer">
<p>
<div>
<label class="hidden" id="label-for-line-wrapping-toggle" for="line-wrapping-toggle">Wrap lines
<input id="line-wrapping-toggle" type="checkbox" autocomplete="off"/>
</label>
</div>Generated by 
<a href="http://www.gradle.org">Gradle 4.10.2</a> at Sep 22, 2021, 1:25:12 AM</p>
</div>
</div>
</body>
</html>
