<!DOCTYPE html>
<html>
<head>
<meta http-equiv="Content-Type" content="text/html; charset=utf-8"/>
<meta http-equiv="x-ua-compatible" content="IE=edge"/>
<title>Test results - Class com.dotmarketing.portlets.folders.business.FolderAPITest</title>
<link href="../css/base-style.css" rel="stylesheet" type="text/css"/>
<link href="../css/style.css" rel="stylesheet" type="text/css"/>
<script src="../js/report.js" type="text/javascript"></script>
</head>
<body>
<div id="content">
<h1>Class com.dotmarketing.portlets.folders.business.FolderAPITest</h1>
<div class="breadcrumbs">
<a href="../index.html">all</a> &gt; 
<a href="../packages/com.dotmarketing.portlets.folders.business.html">com.dotmarketing.portlets.folders.business</a> &gt; FolderAPITest</div>
<div id="summary">
<table>
<tr>
<td>
<div class="summaryGroup">
<table>
<tr>
<td>
<div class="infoBox" id="tests">
<div class="counter">85</div>
<p>tests</p>
</div>
</td>
<td>
<div class="infoBox" id="failures">
<div class="counter">1</div>
<p>failures</p>
</div>
</td>
<td>
<div class="infoBox" id="ignored">
<div class="counter">0</div>
<p>ignored</p>
</div>
</td>
<td>
<div class="infoBox" id="duration">
<div class="counter">53.693s</div>
<p>duration</p>
</div>
</td>
</tr>
</table>
</div>
</td>
<td>
<div class="infoBox failures" id="successRate">
<div class="percent">98%</div>
<p>successful</p>
</div>
</td>
</tr>
</table>
</div>
<div id="tabs">
<ul class="tabLinks">
<li>
<a href="#tab0">Failed tests</a>
</li>
<li>
<a href="#tab1">Tests</a>
</li>
</ul>
<div id="tab0" class="tab">
<h2>Failed tests</h2>
<div class="test">
<a name="copy"></a>
<h3 class="failures">copy</h3>
<span class="code">
<pre>com.dotmarketing.exception.DotHibernateException: Unable to close Hibernate Session 
	at com.dotmarketing.db.HibernateUtil.commitTransaction(HibernateUtil.java:1158)
	at com.dotmarketing.db.LocalTransaction.wrapReturnWithListeners(LocalTransaction.java:62)
	at com.dotcms.aspects.interceptors.WrapInTransactionMethodInterceptor.invoke(WrapInTransactionMethodInterceptor.java:23)
	at com.dotcms.aspects.aspectj.WrapInTransactionAspect.invoke(WrapInTransactionAspect.java:41)
	at com.dotmarketing.portlets.folders.business.FolderAPIImpl.copy(FolderAPIImpl.java:306)
	at com.dotmarketing.portlets.folders.business.FolderAPITest.copy(FolderAPITest.java:655)
	at java.base/jdk.internal.reflect.NativeMethodAccessorImpl.invoke0(Native Method)
	at java.base/jdk.internal.reflect.NativeMethodAccessorImpl.invoke(NativeMethodAccessorImpl.java:62)
	at java.base/jdk.internal.reflect.DelegatingMethodAccessorImpl.invoke(DelegatingMethodAccessorImpl.java:43)
	at java.base/java.lang.reflect.Method.invoke(Method.java:566)
	at org.junit.runners.model.FrameworkMethod$1.runReflectiveCall(FrameworkMethod.java:50)
	at org.junit.internal.runners.model.ReflectiveCallable.run(ReflectiveCallable.java:12)
	at org.junit.runners.model.FrameworkMethod.invokeExplosively(FrameworkMethod.java:47)
	at org.junit.internal.runners.statements.InvokeMethod.evaluate(InvokeMethod.java:17)
	at org.junit.rules.ExternalResource$1.evaluate(ExternalResource.java:48)
	at org.junit.rules.RunRules.evaluate(RunRules.java:20)
	at org.junit.rules.TestWatcher$1.evaluate(TestWatcher.java:55)
	at org.junit.rules.RunRules.evaluate(RunRules.java:20)
	at org.junit.runners.ParentRunner.runLeaf(ParentRunner.java:325)
	at com.dotcms.junit.CustomDataProviderRunner.runChild(CustomDataProviderRunner.java:28)
	at com.dotcms.junit.CustomDataProviderRunner.runChild(CustomDataProviderRunner.java:13)
	at org.junit.runners.ParentRunner$3.run(ParentRunner.java:290)
	at org.junit.runners.ParentRunner$1.schedule(ParentRunner.java:71)
	at org.junit.runners.ParentRunner.runChildren(ParentRunner.java:288)
	at org.junit.runners.ParentRunner.access$000(ParentRunner.java:58)
	at org.junit.runners.ParentRunner$2.evaluate(ParentRunner.java:268)
	at org.junit.internal.runners.statements.RunBefores.evaluate(RunBefores.java:26)
	at org.junit.runners.ParentRunner.run(ParentRunner.java:363)
	at com.dotcms.junit.MainBaseSuite$DotRunner.run(MainBaseSuite.java:60)
	at org.junit.runners.Suite.runChild(Suite.java:128)
	at org.junit.runners.Suite.runChild(Suite.java:27)
	at org.junit.runners.ParentRunner$3.run(ParentRunner.java:290)
	at org.junit.runners.ParentRunner$1.schedule(ParentRunner.java:71)
	at org.junit.runners.ParentRunner.runChildren(ParentRunner.java:288)
	at org.junit.runners.ParentRunner.access$000(ParentRunner.java:58)
	at org.junit.runners.ParentRunner$2.evaluate(ParentRunner.java:268)
	at org.junit.runners.ParentRunner.run(ParentRunner.java:363)
	at org.gradle.api.internal.tasks.testing.junit.JUnitTestClassExecutor.runTestClass(JUnitTestClassExecutor.java:106)
	at org.gradle.api.internal.tasks.testing.junit.JUnitTestClassExecutor.execute(JUnitTestClassExecutor.java:58)
	at org.gradle.api.internal.tasks.testing.junit.JUnitTestClassExecutor.execute(JUnitTestClassExecutor.java:38)
	at org.gradle.api.internal.tasks.testing.junit.AbstractJUnitTestClassProcessor.processTestClass(AbstractJUnitTestClassProcessor.java:66)
	at org.gradle.api.internal.tasks.testing.SuiteTestClassProcessor.processTestClass(SuiteTestClassProcessor.java:51)
	at java.base/jdk.internal.reflect.NativeMethodAccessorImpl.invoke0(Native Method)
	at java.base/jdk.internal.reflect.NativeMethodAccessorImpl.invoke(NativeMethodAccessorImpl.java:62)
	at java.base/jdk.internal.reflect.DelegatingMethodAccessorImpl.invoke(DelegatingMethodAccessorImpl.java:43)
	at java.base/java.lang.reflect.Method.invoke(Method.java:566)
	at org.gradle.internal.dispatch.ReflectionDispatch.dispatch(ReflectionDispatch.java:35)
	at org.gradle.internal.dispatch.ReflectionDispatch.dispatch(ReflectionDispatch.java:24)
	at org.gradle.internal.dispatch.ContextClassLoaderDispatch.dispatch(ContextClassLoaderDispatch.java:32)
	at org.gradle.internal.dispatch.ProxyDispatchAdapter$DispatchingInvocationHandler.invoke(ProxyDispatchAdapter.java:93)
	at com.sun.proxy.$Proxy2.processTestClass(Unknown Source)
	at org.gradle.api.internal.tasks.testing.worker.TestWorker.processTestClass(TestWorker.java:117)
	at java.base/jdk.internal.reflect.NativeMethodAccessorImpl.invoke0(Native Method)
	at java.base/jdk.internal.reflect.NativeMethodAccessorImpl.invoke(NativeMethodAccessorImpl.java:62)
	at java.base/jdk.internal.reflect.DelegatingMethodAccessorImpl.invoke(DelegatingMethodAccessorImpl.java:43)
	at java.base/java.lang.reflect.Method.invoke(Method.java:566)
	at org.gradle.internal.dispatch.ReflectionDispatch.dispatch(ReflectionDispatch.java:35)
	at org.gradle.internal.dispatch.ReflectionDispatch.dispatch(ReflectionDispatch.java:24)
	at org.gradle.internal.remote.internal.hub.MessageHubBackedObjectConnection$DispatchWrapper.dispatch(MessageHubBackedObjectConnection.java:155)
	at org.gradle.internal.remote.internal.hub.MessageHubBackedObjectConnection$DispatchWrapper.dispatch(MessageHubBackedObjectConnection.java:137)
	at org.gradle.internal.remote.internal.hub.MessageHub$Handler.run(MessageHub.java:404)
	at org.gradle.internal.concurrent.ExecutorPolicy$CatchAndRecordFailures.onExecute(ExecutorPolicy.java:63)
	at org.gradle.internal.concurrent.ManagedExecutorImpl$1.run(ManagedExecutorImpl.java:46)
	at java.base/java.util.concurrent.ThreadPoolExecutor.runWorker(ThreadPoolExecutor.java:1128)
	at java.base/java.util.concurrent.ThreadPoolExecutor$Worker.run(ThreadPoolExecutor.java:628)
	at org.gradle.internal.concurrent.ThreadFactoryImpl$ManagedThreadRunnable.run(ThreadFactoryImpl.java:55)
	at java.base/java.lang.Thread.run(Thread.java:829)
Caused by: com.dotmarketing.business.DotStateException: An error occurred when mapping properties of Contentlet with ID 'c172ccbc-3529-4c7f-8bb5-ad6e200d3e86': null
	at com.dotmarketing.db.DotRunnableThread.run(DotRunnableThread.java:56)
	at com.dotmarketing.db.HibernateUtil.finalizeCommitListeners(HibernateUtil.java:1068)
	at com.dotmarketing.db.HibernateUtil.commitTransaction(HibernateUtil.java:1152)
	... 66 more
Caused by: com.dotcms.content.business.DotMappingException: An error occurred when mapping properties of Contentlet with ID 'c172ccbc-3529-4c7f-8bb5-ad6e200d3e86': null
	at com.dotcms.content.elasticsearch.business.ESMappingAPIImpl.toMap_aroundBody0(ESMappingAPIImpl.java:414)
	at com.dotcms.content.elasticsearch.business.ESMappingAPIImpl$AjcClosure1.run(ESMappingAPIImpl.java:1)
	at org.aspectj.runtime.reflect.JoinPointImpl.proceed(JoinPointImpl.java:149)
	at com.dotcms.aspects.aspectj.AspectJDelegateMethodInvocation.proceed(AspectJDelegateMethodInvocation.java:42)
	at com.dotcms.aspects.interceptors.CloseDBIfOpenedMethodInterceptor.invoke(CloseDBIfOpenedMethodInterceptor.java:29)
	at com.dotcms.aspects.aspectj.CloseDBIfOpenedAspect.invoke(CloseDBIfOpenedAspect.java:41)
	at com.dotcms.content.elasticsearch.business.ESMappingAPIImpl.toMap(ESMappingAPIImpl.java:248)
	at com.dotcms.content.elasticsearch.business.ContentletIndexAPIImpl.addBulkRequest(ContentletIndexAPIImpl.java:762)
	at com.dotcms.content.elasticsearch.business.ContentletIndexAPIImpl.appendBulkRequest(ContentletIndexAPIImpl.java:725)
	at com.dotcms.content.elasticsearch.business.ContentletIndexAPIImpl.createBulkRequest(ContentletIndexAPIImpl.java:613)
	at com.dotcms.content.elasticsearch.business.ContentletIndexAPIImpl.indexContentListNow(ContentletIndexAPIImpl.java:556)
	at com.dotcms.content.elasticsearch.business.ContentletIndexAPIImpl.addContentToIndex(ContentletIndexAPIImpl.java:550)
	at com.dotcms.content.elasticsearch.business.ContentletIndexAPIImpl.lambda$3(ContentletIndexAPIImpl.java:509)
	at com.dotmarketing.db.HibernateUtil$DotSyncRunnable.run(HibernateUtil.java:929)
	at com.dotmarketing.db.DotRunnableThread.internalRunner(DotRunnableThread.java:99)
	at com.dotmarketing.db.LocalTransaction.wrap(LocalTransaction.java:158)
	at com.dotmarketing.db.DotRunnableThread.run(DotRunnableThread.java:53)
	... 68 more
Caused by: com.dotmarketing.exception.DotDataException
	at com.dotcms.storage.DataBaseStoragePersistenceAPIImpl.pushObject(DataBaseStoragePersistenceAPIImpl.java:625)
	at com.dotcms.storage.FileStorageAPIImpl.storeMetadata(FileStorageAPIImpl.java:350)
	at com.dotcms.storage.FileStorageAPIImpl.generateMetaData(FileStorageAPIImpl.java:279)
	at com.dotcms.storage.FileMetadataAPIImpl.generateFullMetadata(FileMetadataAPIImpl.java:217)
	at com.dotcms.storage.FileMetadataAPIImpl.generateContentletMetadata(FileMetadataAPIImpl.java:110)
	at com.dotcms.storage.FileMetadataAPIImpl.generateContentletMetadata(FileMetadataAPIImpl.java:273)
	at com.dotcms.content.elasticsearch.business.ESMappingAPIImpl.writeMetadata(ESMappingAPIImpl.java:431)
	at com.dotcms.content.elasticsearch.business.ESMappingAPIImpl.toMap_aroundBody0(ESMappingAPIImpl.java:399)
	... 84 more
Caused by: com.dotmarketing.exception.DotDataException
	at com.dotcms.storage.DataBaseStoragePersistenceAPIImpl.wrapInTransaction(DataBaseStoragePersistenceAPIImpl.java:96)
	at com.dotcms.storage.DataBaseStoragePersistenceAPIImpl.pushFile(DataBaseStoragePersistenceAPIImpl.java:453)
	at com.dotcms.storage.DataBaseStoragePersistenceAPIImpl.pushObject(DataBaseStoragePersistenceAPIImpl.java:622)
	... 91 more
Caused by: com.dotmarketing.exception.DotRuntimeException: Exception pushing new file. group=[dotmetadata], path=[/4/1/411f9f4c-7e93-4563-8830-6c53717dc8df/fileasset-metadata.json], fileHash=[f3f9a470056cd3228d71b63992a6b45bc22d00f3592b0cd4282e5283bbfc4add]
	at com.dotcms.storage.DataBaseStoragePersistenceAPIImpl.pushNewFile(DataBaseStoragePersistenceAPIImpl.java:556)
	at com.dotcms.storage.DataBaseStoragePersistenceAPIImpl.lambda$14(DataBaseStoragePersistenceAPIImpl.java:467)
	at com.dotmarketing.db.LocalTransaction.wrapReturnWithListeners(LocalTransaction.java:59)
	at com.dotcms.storage.DataBaseStoragePersistenceAPIImpl.wrapInTransaction(DataBaseStoragePersistenceAPIImpl.java:93)
	... 93 more
Caused by: com.dotmarketing.exception.DotDataException: ORA-00001: unique constraint (ORACLE.SYS_C007679) violated

	at com.dotmarketing.common.db.DotConnect.executeUpdate_aroundBody2(DotConnect.java:1227)
	at com.dotmarketing.common.db.DotConnect$AjcClosure3.run(DotConnect.java:1)
	at org.aspectj.runtime.reflect.JoinPointImpl.proceed(JoinPointImpl.java:149)
	at com.dotcms.aspects.aspectj.AspectJDelegateMethodInvocation.proceed(AspectJDelegateMethodInvocation.java:42)
	at com.dotcms.aspects.interceptors.CloseDBIfOpenedMethodInterceptor.invoke(CloseDBIfOpenedMethodInterceptor.java:29)
	at com.dotcms.aspects.aspectj.CloseDBIfOpenedAspect.invoke(CloseDBIfOpenedAspect.java:41)
	at com.dotmarketing.common.db.DotConnect.executeUpdate(DotConnect.java:1214)
	at com.dotmarketing.common.db.DotConnect.executeUpdate(DotConnect.java:1198)
	at com.dotcms.storage.DataBaseStoragePersistenceAPIImpl.pushNewFile(DataBaseStoragePersistenceAPIImpl.java:548)
	... 96 more
Caused by: java.sql.SQLIntegrityConstraintViolationException: ORA-00001: unique constraint (ORACLE.SYS_C007679) violated

	at oracle.jdbc.driver.T4CTTIoer11.processError(T4CTTIoer11.java:509)
	at oracle.jdbc.driver.T4CTTIoer11.processError(T4CTTIoer11.java:461)
	at oracle.jdbc.driver.T4C8Oall.processError(T4C8Oall.java:1104)
	at oracle.jdbc.driver.T4CTTIfun.receive(T4CTTIfun.java:550)
	at oracle.jdbc.driver.T4CTTIfun.doRPC(T4CTTIfun.java:268)
	at oracle.jdbc.driver.T4C8Oall.doOALL(T4C8Oall.java:655)
	at oracle.jdbc.driver.T4CPreparedStatement.doOall8(T4CPreparedStatement.java:270)
	at oracle.jdbc.driver.T4CPreparedStatement.doOall8(T4CPreparedStatement.java:91)
	at oracle.jdbc.driver.T4CPreparedStatement.executeForRows(T4CPreparedStatement.java:970)
	at oracle.jdbc.driver.OracleStatement.doExecuteWithTimeout(OracleStatement.java:1205)
	at oracle.jdbc.driver.OraclePreparedStatement.executeInternal(OraclePreparedStatement.java:3666)
	at oracle.jdbc.driver.T4CPreparedStatement.executeInternal(T4CPreparedStatement.java:1426)
	at oracle.jdbc.driver.OraclePreparedStatement.executeLargeUpdate(OraclePreparedStatement.java:3756)
	at oracle.jdbc.driver.OraclePreparedStatement.executeUpdate(OraclePreparedStatement.java:3736)
	at oracle.jdbc.driver.OraclePreparedStatementWrapper.executeUpdate(OraclePreparedStatementWrapper.java:1063)
	at com.zaxxer.hikari.pool.ProxyPreparedStatement.executeUpdate(ProxyPreparedStatement.java:61)
	at com.zaxxer.hikari.pool.HikariProxyPreparedStatement.executeUpdate(HikariProxyPreparedStatement.java)
	at com.dotmarketing.common.db.DotConnect.executeUpdate_aroundBody2(DotConnect.java:1222)
	... 104 more
Caused by: Error : 1, Position : 0, Sql = INSERT INTO storage(hash, path, group_name, hash_ref) VALUES (:1 , :2 , :3 , :4 ), OriginalSql = INSERT INTO storage(hash, path, group_name, hash_ref) VALUES (?, ?, ?, ?), Error Msg = ORA-00001: unique constraint (ORACLE.SYS_C007679) violated

	at oracle.jdbc.driver.T4CTTIoer11.processError(T4CTTIoer11.java:513)
	... 121 more
</pre>
</span>
</div>
</div>
<div id="tab1" class="tab">
<h2>Tests</h2>
<table>
<thead>
<tr>
<th>Test</th>
<th>Duration</th>
<th>Result</th>
</tr>
</thead>
<tr>
<td class="failures">copy</td>
<td class="failures">9.036s</td>
<td class="failures">failed</td>
</tr>
<tr>
<td class="success">delete</td>
<td class="success">2.808s</td>
<td class="success">passed</td>
</tr>
<tr>
<td class="success">deleteFolderWithContentTypeInIt</td>
<td class="success">0.064s</td>
<td class="success">passed</td>
</tr>
<tr>
<td class="success">move</td>
<td class="success">9.619s</td>
<td class="success">passed</td>
</tr>
<tr>
<td class="success">move_to_existing_destination</td>
<td class="success">8.567s</td>
<td class="success">passed</td>
</tr>
<tr>
<td class="success">renameFolder</td>
<td class="success">0.070s</td>
<td class="success">passed</td>
</tr>
<tr>
<td class="success">testCopyToHost_BlacklistedName_ShouldFail[0: META-INF]</td>
<td class="success">1.114s</td>
<td class="success">passed</td>
</tr>
<tr>
<td class="success">testCopyToHost_BlacklistedName_ShouldFail[10: portal]</td>
<td class="success">0.979s</td>
<td class="success">passed</td>
</tr>
<tr>
<td class="success">testCopyToHost_BlacklistedName_ShouldFail[1: assets]</td>
<td class="success">1.038s</td>
<td class="success">passed</td>
</tr>
<tr>
<td class="success">testCopyToHost_BlacklistedName_ShouldFail[2: custom_elements]</td>
<td class="success">1.042s</td>
<td class="success">passed</td>
</tr>
<tr>
<td class="success">testCopyToHost_BlacklistedName_ShouldFail[3: email_backups]</td>
<td class="success">1.215s</td>
<td class="success">passed</td>
</tr>
<tr>
<td class="success">testCopyToHost_BlacklistedName_ShouldFail[4: dotcms]</td>
<td class="success">0.985s</td>
<td class="success">passed</td>
</tr>
<tr>
<td class="success">testCopyToHost_BlacklistedName_ShouldFail[5: dotAdmin]</td>
<td class="success">0.917s</td>
<td class="success">passed</td>
</tr>
<tr>
<td class="success">testCopyToHost_BlacklistedName_ShouldFail[6: html]</td>
<td class="success">1.005s</td>
<td class="success">passed</td>
</tr>
<tr>
<td class="success">testCopyToHost_BlacklistedName_ShouldFail[7: DOTSASS]</td>
<td class="success">1.014s</td>
<td class="success">passed</td>
</tr>
<tr>
<td class="success">testCopyToHost_BlacklistedName_ShouldFail[8: DOTLESS]</td>
<td class="success">1.037s</td>
<td class="success">passed</td>
</tr>
<tr>
<td class="success">testCopyToHost_BlacklistedName_ShouldFail[9: WEB-INF]</td>
<td class="success">1.057s</td>
<td class="success">passed</td>
</tr>
<tr>
<td class="success">testCreateFolders_AtRootLevel_BlacklistedName_ShouldFail[0: META-INF]</td>
<td class="success">0.010s</td>
<td class="success">passed</td>
</tr>
<tr>
<td class="success">testCreateFolders_AtRootLevel_BlacklistedName_ShouldFail[10: portal]</td>
<td class="success">0.004s</td>
<td class="success">passed</td>
</tr>
<tr>
<td class="success">testCreateFolders_AtRootLevel_BlacklistedName_ShouldFail[1: assets]</td>
<td class="success">0.004s</td>
<td class="success">passed</td>
</tr>
<tr>
<td class="success">testCreateFolders_AtRootLevel_BlacklistedName_ShouldFail[2: custom_elements]</td>
<td class="success">0.004s</td>
<td class="success">passed</td>
</tr>
<tr>
<td class="success">testCreateFolders_AtRootLevel_BlacklistedName_ShouldFail[3: email_backups]</td>
<td class="success">0.003s</td>
<td class="success">passed</td>
</tr>
<tr>
<td class="success">testCreateFolders_AtRootLevel_BlacklistedName_ShouldFail[4: dotcms]</td>
<td class="success">0.003s</td>
<td class="success">passed</td>
</tr>
<tr>
<td class="success">testCreateFolders_AtRootLevel_BlacklistedName_ShouldFail[5: dotAdmin]</td>
<td class="success">0.003s</td>
<td class="success">passed</td>
</tr>
<tr>
<td class="success">testCreateFolders_AtRootLevel_BlacklistedName_ShouldFail[6: html]</td>
<td class="success">0.017s</td>
<td class="success">passed</td>
</tr>
<tr>
<td class="success">testCreateFolders_AtRootLevel_BlacklistedName_ShouldFail[7: DOTSASS]</td>
<td class="success">0.004s</td>
<td class="success">passed</td>
</tr>
<tr>
<td class="success">testCreateFolders_AtRootLevel_BlacklistedName_ShouldFail[8: DOTLESS]</td>
<td class="success">0.004s</td>
<td class="success">passed</td>
</tr>
<tr>
<td class="success">testCreateFolders_AtRootLevel_BlacklistedName_ShouldFail[9: WEB-INF]</td>
<td class="success">0.011s</td>
<td class="success">passed</td>
</tr>
<tr>
<td class="success">testFindFoldersByHost</td>
<td class="success">1.121s</td>
<td class="success">passed</td>
</tr>
<tr>
<td class="success">testFindSubFolders</td>
<td class="success">0.057s</td>
<td class="success">passed</td>
</tr>
<tr>
<td class="success">testFindSubFoldersByHost</td>
<td class="success">0.627s</td>
<td class="success">passed</td>
</tr>
<tr>
<td class="success">testFindSubFoldersTitleSort</td>
<td class="success">0.077s</td>
<td class="success">passed</td>
</tr>
<tr>
<td class="success">testFindThemes</td>
<td class="success">0.022s</td>
<td class="success">passed</td>
</tr>
<tr>
<td class="success">testGetLinks</td>
<td class="success">1.498s</td>
<td class="success">passed</td>
</tr>
<tr>
<td class="success">testRename_BlacklistedName_NotAtRootLevel_ShouldSucceed[0: META-INF]</td>
<td class="success">0.022s</td>
<td class="success">passed</td>
</tr>
<tr>
<td class="success">testRename_BlacklistedName_NotAtRootLevel_ShouldSucceed[10: portal]</td>
<td class="success">0.042s</td>
<td class="success">passed</td>
</tr>
<tr>
<td class="success">testRename_BlacklistedName_NotAtRootLevel_ShouldSucceed[1: assets]</td>
<td class="success">0.018s</td>
<td class="success">passed</td>
</tr>
<tr>
<td class="success">testRename_BlacklistedName_NotAtRootLevel_ShouldSucceed[2: custom_elements]</td>
<td class="success">0.018s</td>
<td class="success">passed</td>
</tr>
<tr>
<td class="success">testRename_BlacklistedName_NotAtRootLevel_ShouldSucceed[3: email_backups]</td>
<td class="success">0.019s</td>
<td class="success">passed</td>
</tr>
<tr>
<td class="success">testRename_BlacklistedName_NotAtRootLevel_ShouldSucceed[4: dotcms]</td>
<td class="success">0.024s</td>
<td class="success">passed</td>
</tr>
<tr>
<td class="success">testRename_BlacklistedName_NotAtRootLevel_ShouldSucceed[5: dotAdmin]</td>
<td class="success">0.044s</td>
<td class="success">passed</td>
</tr>
<tr>
<td class="success">testRename_BlacklistedName_NotAtRootLevel_ShouldSucceed[6: html]</td>
<td class="success">0.030s</td>
<td class="success">passed</td>
</tr>
<tr>
<td class="success">testRename_BlacklistedName_NotAtRootLevel_ShouldSucceed[7: DOTSASS]</td>
<td class="success">0.029s</td>
<td class="success">passed</td>
</tr>
<tr>
<td class="success">testRename_BlacklistedName_NotAtRootLevel_ShouldSucceed[8: DOTLESS]</td>
<td class="success">0.037s</td>
<td class="success">passed</td>
</tr>
<tr>
<td class="success">testRename_BlacklistedName_NotAtRootLevel_ShouldSucceed[9: WEB-INF]</td>
<td class="success">0.037s</td>
<td class="success">passed</td>
</tr>
<tr>
<td class="success">testRename_BlacklistedName_ShouldFail[0: META-INF]</td>
<td class="success">0.017s</td>
<td class="success">passed</td>
</tr>
<tr>
<td class="success">testRename_BlacklistedName_ShouldFail[10: portal]</td>
<td class="success">0.023s</td>
<td class="success">passed</td>
</tr>
<tr>
<td class="success">testRename_BlacklistedName_ShouldFail[1: assets]</td>
<td class="success">0.016s</td>
<td class="success">passed</td>
</tr>
<tr>
<td class="success">testRename_BlacklistedName_ShouldFail[2: custom_elements]</td>
<td class="success">0.014s</td>
<td class="success">passed</td>
</tr>
<tr>
<td class="success">testRename_BlacklistedName_ShouldFail[3: email_backups]</td>
<td class="success">0.015s</td>
<td class="success">passed</td>
</tr>
<tr>
<td class="success">testRename_BlacklistedName_ShouldFail[4: dotcms]</td>
<td class="success">0.020s</td>
<td class="success">passed</td>
</tr>
<tr>
<td class="success">testRename_BlacklistedName_ShouldFail[5: dotAdmin]</td>
<td class="success">0.014s</td>
<td class="success">passed</td>
</tr>
<tr>
<td class="success">testRename_BlacklistedName_ShouldFail[6: html]</td>
<td class="success">0.014s</td>
<td class="success">passed</td>
</tr>
<tr>
<td class="success">testRename_BlacklistedName_ShouldFail[7: DOTSASS]</td>
<td class="success">0.014s</td>
<td class="success">passed</td>
</tr>
<tr>
<td class="success">testRename_BlacklistedName_ShouldFail[8: DOTLESS]</td>
<td class="success">0.019s</td>
<td class="success">passed</td>
</tr>
<tr>
<td class="success">testRename_BlacklistedName_ShouldFail[9: WEB-INF]</td>
<td class="success">0.018s</td>
<td class="success">passed</td>
</tr>
<tr>
<td class="success">testSave_BlacklistedName_NotAtRootLevel_ShouldSucceed[0: META-INF]</td>
<td class="success">0.019s</td>
<td class="success">passed</td>
</tr>
<tr>
<td class="success">testSave_BlacklistedName_NotAtRootLevel_ShouldSucceed[10: portal]</td>
<td class="success">0.010s</td>
<td class="success">passed</td>
</tr>
<tr>
<td class="success">testSave_BlacklistedName_NotAtRootLevel_ShouldSucceed[1: assets]</td>
<td class="success">0.025s</td>
<td class="success">passed</td>
</tr>
<tr>
<td class="success">testSave_BlacklistedName_NotAtRootLevel_ShouldSucceed[2: custom_elements]</td>
<td class="success">0.011s</td>
<td class="success">passed</td>
</tr>
<tr>
<td class="success">testSave_BlacklistedName_NotAtRootLevel_ShouldSucceed[3: email_backups]</td>
<td class="success">0.011s</td>
<td class="success">passed</td>
</tr>
<tr>
<td class="success">testSave_BlacklistedName_NotAtRootLevel_ShouldSucceed[4: dotcms]</td>
<td class="success">0.011s</td>
<td class="success">passed</td>
</tr>
<tr>
<td class="success">testSave_BlacklistedName_NotAtRootLevel_ShouldSucceed[5: dotAdmin]</td>
<td class="success">0.011s</td>
<td class="success">passed</td>
</tr>
<tr>
<td class="success">testSave_BlacklistedName_NotAtRootLevel_ShouldSucceed[6: html]</td>
<td class="success">0.010s</td>
<td class="success">passed</td>
</tr>
<tr>
<td class="success">testSave_BlacklistedName_NotAtRootLevel_ShouldSucceed[7: DOTSASS]</td>
<td class="success">0.011s</td>
<td class="success">passed</td>
</tr>
<tr>
<td class="success">testSave_BlacklistedName_NotAtRootLevel_ShouldSucceed[8: DOTLESS]</td>
<td class="success">0.016s</td>
<td class="success">passed</td>
</tr>
<tr>
<td class="success">testSave_BlacklistedName_NotAtRootLevel_ShouldSucceed[9: WEB-INF]</td>
<td class="success">0.010s</td>
<td class="success">passed</td>
</tr>
<tr>
<td class="success">testSave_BlacklistedName_ShouldFail[0: META-INF]</td>
<td class="success">0.007s</td>
<td class="success">passed</td>
</tr>
<tr>
<td class="success">testSave_BlacklistedName_ShouldFail[10: portal]</td>
<td class="success">0.008s</td>
<td class="success">passed</td>
</tr>
<tr>
<td class="success">testSave_BlacklistedName_ShouldFail[1: assets]</td>
<td class="success">0.005s</td>
<td class="success">passed</td>
</tr>
<tr>
<td class="success">testSave_BlacklistedName_ShouldFail[2: custom_elements]</td>
<td class="success">0.008s</td>
<td class="success">passed</td>
</tr>
<tr>
<td class="success">testSave_BlacklistedName_ShouldFail[3: email_backups]</td>
<td class="success">0.008s</td>
<td class="success">passed</td>
</tr>
<tr>
<td class="success">testSave_BlacklistedName_ShouldFail[4: dotcms]</td>
<td class="success">0.006s</td>
<td class="success">passed</td>
</tr>
<tr>
<td class="success">testSave_BlacklistedName_ShouldFail[5: dotAdmin]</td>
<td class="success">0.007s</td>
<td class="success">passed</td>
</tr>
<tr>
<td class="success">testSave_BlacklistedName_ShouldFail[6: html]</td>
<td class="success">0.024s</td>
<td class="success">passed</td>
</tr>
<tr>
<td class="success">testSave_BlacklistedName_ShouldFail[7: DOTSASS]</td>
<td class="success">0.009s</td>
<td class="success">passed</td>
</tr>
<tr>
<td class="success">testSave_BlacklistedName_ShouldFail[8: DOTLESS]</td>
<td class="success">0.008s</td>
<td class="success">passed</td>
</tr>
<tr>
<td class="success">testSave_BlacklistedName_ShouldFail[9: WEB-INF]</td>
<td class="success">0.008s</td>
<td class="success">passed</td>
</tr>
<tr>
<td class="success">test_findFolderByPath_Admin_HostisNull_returnNullFolder</td>
<td class="success">0s</td>
<td class="success">passed</td>
</tr>
<tr>
<td class="success">test_findFolderByPath_Admin_PathisNull_returnNullFolder</td>
<td class="success">0s</td>
<td class="success">passed</td>
</tr>
<tr>
<td class="success">test_findFolderByPath_Admin_success</td>
<td class="success">0.642s</td>
<td class="success">passed</td>
</tr>
<tr>
<td class="success">test_findFolderByPath_UserNoPermissionsOverFolder_returnDotSecurityException</td>
<td class="success">1.898s</td>
<td class="success">passed</td>
</tr>
<tr>
<td class="success">test_findFolderByPath_UserNoPermissionsOverHost_returnDotSecurityException</td>
<td class="success">1.074s</td>
<td class="success">passed</td>
</tr>
<tr>
<td class="success">test_findFolderByPath_UserWithPermissionsOverFolderAndHost_success</td>
<td class="success">1.812s</td>
<td class="success">passed</td>
</tr>
<tr>
<td class="success">test_folders_inherit_the_filetypes_of_their_parents</td>
<td class="success">2.484s</td>
<td class="success">passed</td>
</tr>
</table>
</div>
</div>
<div id="footer">
<p>
<div>
<label class="hidden" id="label-for-line-wrapping-toggle" for="line-wrapping-toggle">Wrap lines
<input id="line-wrapping-toggle" type="checkbox" autocomplete="off"/>
</label>
</div>Generated by 
<a href="http://www.gradle.org">Gradle 4.10.2</a> at May 19, 2021, 10:46:40 PM</p>
</div>
</div>
</body>
</html>
