<!DOCTYPE html>
<html>
<head>
<meta http-equiv="Content-Type" content="text/html; charset=utf-8"/>
<meta http-equiv="x-ua-compatible" content="IE=edge"/>
<title>Test results - Class com.dotmarketing.portlets.containers.business.ContainerAPIImplTest</title>
<link href="../css/base-style.css" rel="stylesheet" type="text/css"/>
<link href="../css/style.css" rel="stylesheet" type="text/css"/>
<script src="../js/report.js" type="text/javascript"></script>
</head>
<body>
<div id="content">
<h1>Class com.dotmarketing.portlets.containers.business.ContainerAPIImplTest</h1>
<div class="breadcrumbs">
<a href="../index.html">all</a> &gt; 
<a href="../packages/com.dotmarketing.portlets.containers.business.html">com.dotmarketing.portlets.containers.business</a> &gt; ContainerAPIImplTest</div>
<div id="summary">
<table>
<tr>
<td>
<div class="summaryGroup">
<table>
<tr>
<td>
<div class="infoBox" id="tests">
<div class="counter">20</div>
<p>tests</p>
</div>
</td>
<td>
<div class="infoBox" id="failures">
<div class="counter">3</div>
<p>failures</p>
</div>
</td>
<td>
<div class="infoBox" id="ignored">
<div class="counter">0</div>
<p>ignored</p>
</div>
</td>
<td>
<div class="infoBox" id="duration">
<div class="counter">1m11.45s</div>
<p>duration</p>
</div>
</td>
</tr>
</table>
</div>
</td>
<td>
<div class="infoBox failures" id="successRate">
<div class="percent">85%</div>
<p>successful</p>
</div>
</td>
</tr>
</table>
</div>
<div id="tabs">
<ul class="tabLinks">
<li>
<a href="#tab0">Failed tests</a>
</li>
<li>
<a href="#tab1">Tests</a>
</li>
</ul>
<div id="tab0" class="tab">
<h2>Failed tests</h2>
<div class="test">
<a name="test_get_container_by_folder_found"></a>
<h3 class="failures">test_get_container_by_folder_found</h3>
<span class="code">
<pre>java.lang.NullPointerException
	at com.dotmarketing.business.DeterministicIdentifierAPIImpl.deterministicIdSeed(DeterministicIdentifierAPIImpl.java:186)
	at com.dotmarketing.business.DeterministicIdentifierAPIImpl.generateDeterministicIdBestEffort(DeterministicIdentifierAPIImpl.java:329)
	at com.dotmarketing.business.IdentifierAPIImpl.createNew(IdentifierAPIImpl.java:153)
	at com.dotmarketing.business.IdentifierAPIImpl.createNew(IdentifierAPIImpl.java:138)
	at com.dotmarketing.portlets.folders.business.FolderAPIImpl.createFolders(FolderAPIImpl.java:657)
	at com.dotcms.datagen.ContainerAsFileDataGen.createFileAsContainerFolderIfNeeded(ContainerAsFileDataGen.java:196)
	at com.dotcms.datagen.ContainerAsFileDataGen.persist(ContainerAsFileDataGen.java:112)
	at com.dotcms.datagen.ContainerAsFileDataGen.persist(ContainerAsFileDataGen.java:26)
	at com.dotcms.datagen.DataGen.nextPersisted(DataGen.java:25)
	at com.dotmarketing.portlets.containers.business.ContainerAPIImplTest.test_get_container_by_folder_found(ContainerAPIImplTest.java:116)
	at java.base/jdk.internal.reflect.NativeMethodAccessorImpl.invoke0(Native Method)
	at java.base/jdk.internal.reflect.NativeMethodAccessorImpl.invoke(NativeMethodAccessorImpl.java:62)
	at java.base/jdk.internal.reflect.DelegatingMethodAccessorImpl.invoke(DelegatingMethodAccessorImpl.java:43)
	at java.base/java.lang.reflect.Method.invoke(Method.java:566)
	at org.junit.runners.model.FrameworkMethod$1.runReflectiveCall(FrameworkMethod.java:59)
	at org.junit.internal.runners.model.ReflectiveCallable.run(ReflectiveCallable.java:12)
	at org.junit.runners.model.FrameworkMethod.invokeExplosively(FrameworkMethod.java:56)
	at org.junit.internal.runners.statements.InvokeMethod.evaluate(InvokeMethod.java:17)
	at org.junit.internal.runners.statements.RunBefores.evaluate(RunBefores.java:26)
	at org.junit.internal.runners.statements.RunAfters.evaluate(RunAfters.java:27)
	at org.junit.runners.ParentRunner$3.evaluate(ParentRunner.java:306)
	at org.junit.rules.TestWatcher$1.evaluate(TestWatcher.java:61)
	at org.junit.rules.RunRules.evaluate(RunRules.java:20)
	at org.junit.runners.ParentRunner.runLeaf(ParentRunner.java:366)
	at com.dotcms.junit.CustomDataProviderRunner.runChild(CustomDataProviderRunner.java:28)
	at com.dotcms.junit.CustomDataProviderRunner.runChild(CustomDataProviderRunner.java:13)
	at org.junit.runners.ParentRunner$4.run(ParentRunner.java:331)
	at org.junit.runners.ParentRunner$1.schedule(ParentRunner.java:79)
	at org.junit.runners.ParentRunner.runChildren(ParentRunner.java:329)
	at org.junit.runners.ParentRunner.access$100(ParentRunner.java:66)
	at org.junit.runners.ParentRunner$2.evaluate(ParentRunner.java:293)
	at org.junit.internal.runners.statements.RunBefores.evaluate(RunBefores.java:26)
	at org.junit.runners.ParentRunner$3.evaluate(ParentRunner.java:306)
	at org.junit.runners.ParentRunner.run(ParentRunner.java:413)
	at com.dotcms.junit.MainBaseSuite$DotRunner.run(MainBaseSuite.java:63)
	at org.junit.runners.Suite.runChild(Suite.java:128)
	at org.junit.runners.Suite.runChild(Suite.java:27)
	at org.junit.runners.ParentRunner$4.run(ParentRunner.java:331)
	at org.junit.runners.ParentRunner$1.schedule(ParentRunner.java:79)
	at org.junit.runners.ParentRunner.runChildren(ParentRunner.java:329)
	at org.junit.runners.ParentRunner.access$100(ParentRunner.java:66)
	at org.junit.runners.ParentRunner$2.evaluate(ParentRunner.java:293)
	at org.junit.runners.ParentRunner$3.evaluate(ParentRunner.java:306)
	at org.junit.runners.ParentRunner.run(ParentRunner.java:413)
	at org.gradle.api.internal.tasks.testing.junit.JUnitTestClassExecutor.runTestClass(JUnitTestClassExecutor.java:110)
	at org.gradle.api.internal.tasks.testing.junit.JUnitTestClassExecutor.execute(JUnitTestClassExecutor.java:58)
	at org.gradle.api.internal.tasks.testing.junit.JUnitTestClassExecutor.execute(JUnitTestClassExecutor.java:38)
	at org.gradle.api.internal.tasks.testing.junit.AbstractJUnitTestClassProcessor.processTestClass(AbstractJUnitTestClassProcessor.java:62)
	at org.gradle.api.internal.tasks.testing.SuiteTestClassProcessor.processTestClass(SuiteTestClassProcessor.java:51)
	at java.base/jdk.internal.reflect.NativeMethodAccessorImpl.invoke0(Native Method)
	at java.base/jdk.internal.reflect.NativeMethodAccessorImpl.invoke(NativeMethodAccessorImpl.java:62)
	at java.base/jdk.internal.reflect.DelegatingMethodAccessorImpl.invoke(DelegatingMethodAccessorImpl.java:43)
	at java.base/java.lang.reflect.Method.invoke(Method.java:566)
	at org.gradle.internal.dispatch.ReflectionDispatch.dispatch(ReflectionDispatch.java:36)
	at org.gradle.internal.dispatch.ReflectionDispatch.dispatch(ReflectionDispatch.java:24)
	at org.gradle.internal.dispatch.ContextClassLoaderDispatch.dispatch(ContextClassLoaderDispatch.java:33)
	at org.gradle.internal.dispatch.ProxyDispatchAdapter$DispatchingInvocationHandler.invoke(ProxyDispatchAdapter.java:94)
	at com.sun.proxy.$Proxy2.processTestClass(Unknown Source)
	at org.gradle.api.internal.tasks.testing.worker.TestWorker$2.run(TestWorker.java:176)
	at org.gradle.api.internal.tasks.testing.worker.TestWorker.executeAndMaintainThreadName(TestWorker.java:129)
	at org.gradle.api.internal.tasks.testing.worker.TestWorker.execute(TestWorker.java:100)
	at org.gradle.api.internal.tasks.testing.worker.TestWorker.execute(TestWorker.java:60)
	at org.gradle.process.internal.worker.child.ActionExecutionWorker.execute(ActionExecutionWorker.java:56)
	at org.gradle.process.internal.worker.child.SystemApplicationClassLoaderWorker.call(SystemApplicationClassLoaderWorker.java:133)
	at org.gradle.process.internal.worker.child.SystemApplicationClassLoaderWorker.call(SystemApplicationClassLoaderWorker.java:71)
	at worker.org.gradle.process.internal.worker.GradleWorkerMain.run(GradleWorkerMain.java:69)
	at worker.org.gradle.process.internal.worker.GradleWorkerMain.main(GradleWorkerMain.java:74)
</pre>
</span>
</div>
<div class="test">
<a name="test_get_working_found"></a>
<h3 class="failures">test_get_working_found</h3>
<span class="code">
<pre>com.dotmarketing.exception.DotRuntimeException: Parent site of folder 'test_get_working_found1647353000822' could not be found.
	at app//com.dotcms.exception.ExceptionUtil.bubbleUpException(ExceptionUtil.java:165)
	at app//com.dotcms.content.elasticsearch.business.ESContentletAPIImpl.checkin(ESContentletAPIImpl.java:4397)
	at app//com.dotcms.content.elasticsearch.business.ESContentletAPIImpl.checkin(ESContentletAPIImpl.java:8706)
	at app//com.dotcms.content.elasticsearch.business.ESContentletAPIImpl.checkin(ESContentletAPIImpl.java:4259)
	at app//com.dotmarketing.portlets.contentlet.business.ContentletAPIInterceptor.checkin(ContentletAPIInterceptor.java:258)
	at app//com.dotcms.datagen.ContentletDataGen.checkin(ContentletDataGen.java:297)
	at app//com.dotcms.datagen.ContentletDataGen.persist(ContentletDataGen.java:207)
	at app//com.dotcms.datagen.ContentletDataGen.nextPersisted(ContentletDataGen.java:193)
	at app//com.dotcms.datagen.ContainerAsFileDataGen.persist(ContainerAsFileDataGen.java:127)
	at app//com.dotcms.datagen.ContainerAsFileDataGen.persist(ContainerAsFileDataGen.java:26)
	at app//com.dotcms.datagen.DataGen.nextPersisted(DataGen.java:25)
	at app//com.dotmarketing.portlets.containers.business.ContainerAPIImplTest.test_get_working_found(ContainerAPIImplTest.java:259)
	at java.base@11.0.13/jdk.internal.reflect.NativeMethodAccessorImpl.invoke0(Native Method)
	at java.base@11.0.13/jdk.internal.reflect.NativeMethodAccessorImpl.invoke(NativeMethodAccessorImpl.java:62)
	at java.base@11.0.13/jdk.internal.reflect.DelegatingMethodAccessorImpl.invoke(DelegatingMethodAccessorImpl.java:43)
	at java.base@11.0.13/java.lang.reflect.Method.invoke(Method.java:566)
	at app//org.junit.runners.model.FrameworkMethod$1.runReflectiveCall(FrameworkMethod.java:59)
	at app//org.junit.internal.runners.model.ReflectiveCallable.run(ReflectiveCallable.java:12)
	at app//org.junit.runners.model.FrameworkMethod.invokeExplosively(FrameworkMethod.java:56)
	at app//org.junit.internal.runners.statements.InvokeMethod.evaluate(InvokeMethod.java:17)
	at app//org.junit.internal.runners.statements.RunBefores.evaluate(RunBefores.java:26)
	at app//org.junit.internal.runners.statements.RunAfters.evaluate(RunAfters.java:27)
	at app//org.junit.runners.ParentRunner$3.evaluate(ParentRunner.java:306)
	at app//org.junit.rules.TestWatcher$1.evaluate(TestWatcher.java:61)
	at app//org.junit.rules.RunRules.evaluate(RunRules.java:20)
	at app//org.junit.runners.ParentRunner.runLeaf(ParentRunner.java:366)
	at app//com.dotcms.junit.CustomDataProviderRunner.runChild(CustomDataProviderRunner.java:28)
	at app//com.dotcms.junit.CustomDataProviderRunner.runChild(CustomDataProviderRunner.java:13)
	at app//org.junit.runners.ParentRunner$4.run(ParentRunner.java:331)
	at app//org.junit.runners.ParentRunner$1.schedule(ParentRunner.java:79)
	at app//org.junit.runners.ParentRunner.runChildren(ParentRunner.java:329)
	at app//org.junit.runners.ParentRunner.access$100(ParentRunner.java:66)
	at app//org.junit.runners.ParentRunner$2.evaluate(ParentRunner.java:293)
	at app//org.junit.internal.runners.statements.RunBefores.evaluate(RunBefores.java:26)
	at app//org.junit.runners.ParentRunner$3.evaluate(ParentRunner.java:306)
	at app//org.junit.runners.ParentRunner.run(ParentRunner.java:413)
	at app//com.dotcms.junit.MainBaseSuite$DotRunner.run(MainBaseSuite.java:63)
	at app//org.junit.runners.Suite.runChild(Suite.java:128)
	at app//org.junit.runners.Suite.runChild(Suite.java:27)
	at app//org.junit.runners.ParentRunner$4.run(ParentRunner.java:331)
	at app//org.junit.runners.ParentRunner$1.schedule(ParentRunner.java:79)
	at app//org.junit.runners.ParentRunner.runChildren(ParentRunner.java:329)
	at app//org.junit.runners.ParentRunner.access$100(ParentRunner.java:66)
	at app//org.junit.runners.ParentRunner$2.evaluate(ParentRunner.java:293)
	at app//org.junit.runners.ParentRunner$3.evaluate(ParentRunner.java:306)
	at app//org.junit.runners.ParentRunner.run(ParentRunner.java:413)
	at org.gradle.api.internal.tasks.testing.junit.JUnitTestClassExecutor.runTestClass(JUnitTestClassExecutor.java:110)
	at org.gradle.api.internal.tasks.testing.junit.JUnitTestClassExecutor.execute(JUnitTestClassExecutor.java:58)
	at org.gradle.api.internal.tasks.testing.junit.JUnitTestClassExecutor.execute(JUnitTestClassExecutor.java:38)
	at org.gradle.api.internal.tasks.testing.junit.AbstractJUnitTestClassProcessor.processTestClass(AbstractJUnitTestClassProcessor.java:62)
	at org.gradle.api.internal.tasks.testing.SuiteTestClassProcessor.processTestClass(SuiteTestClassProcessor.java:51)
	at java.base@11.0.13/jdk.internal.reflect.NativeMethodAccessorImpl.invoke0(Native Method)
	at java.base@11.0.13/jdk.internal.reflect.NativeMethodAccessorImpl.invoke(NativeMethodAccessorImpl.java:62)
	at java.base@11.0.13/jdk.internal.reflect.DelegatingMethodAccessorImpl.invoke(DelegatingMethodAccessorImpl.java:43)
	at java.base@11.0.13/java.lang.reflect.Method.invoke(Method.java:566)
	at org.gradle.internal.dispatch.ReflectionDispatch.dispatch(ReflectionDispatch.java:36)
	at org.gradle.internal.dispatch.ReflectionDispatch.dispatch(ReflectionDispatch.java:24)
	at org.gradle.internal.dispatch.ContextClassLoaderDispatch.dispatch(ContextClassLoaderDispatch.java:33)
	at org.gradle.internal.dispatch.ProxyDispatchAdapter$DispatchingInvocationHandler.invoke(ProxyDispatchAdapter.java:94)
	at com.sun.proxy.$Proxy2.processTestClass(Unknown Source)
	at org.gradle.api.internal.tasks.testing.worker.TestWorker$2.run(TestWorker.java:176)
	at org.gradle.api.internal.tasks.testing.worker.TestWorker.executeAndMaintainThreadName(TestWorker.java:129)
	at org.gradle.api.internal.tasks.testing.worker.TestWorker.execute(TestWorker.java:100)
	at org.gradle.api.internal.tasks.testing.worker.TestWorker.execute(TestWorker.java:60)
	at org.gradle.process.internal.worker.child.ActionExecutionWorker.execute(ActionExecutionWorker.java:56)
	at org.gradle.process.internal.worker.child.SystemApplicationClassLoaderWorker.call(SystemApplicationClassLoaderWorker.java:133)
	at org.gradle.process.internal.worker.child.SystemApplicationClassLoaderWorker.call(SystemApplicationClassLoaderWorker.java:71)
	at app//worker.org.gradle.process.internal.worker.GradleWorkerMain.run(GradleWorkerMain.java:69)
	at app//worker.org.gradle.process.internal.worker.GradleWorkerMain.main(GradleWorkerMain.java:74)
Caused by: com.dotmarketing.exception.DotRuntimeException: Parent site of folder 'test_get_working_found1647353000822' could not be found.
	at app//com.dotcms.exception.ExceptionUtil.bubbleUpException(ExceptionUtil.java:165)
	at app//com.dotcms.content.elasticsearch.business.ESContentletAPIImpl.internalCheckin(ESContentletAPIImpl.java:5007)
	at app//com.dotcms.content.elasticsearch.business.ESContentletAPIImpl.lambda$checkin$56(ESContentletAPIImpl.java:4390)
	at app//com.dotcms.concurrent.lock.StripedLockImpl.tryLock(StripedLockImpl.java:100)
	at app//com.dotcms.concurrent.lock.StripedLockImpl.tryLock(StripedLockImpl.java:55)
	at app//com.dotcms.concurrent.lock.IdentifierStripedLock.tryLock(IdentifierStripedLock.java:16)
	at app//com.dotcms.content.elasticsearch.business.ESContentletAPIImpl.checkin(ESContentletAPIImpl.java:4389)
	... 67 more
Caused by: com.dotmarketing.business.DotStateException: Parent site of folder 'test_get_working_found1647353000822' could not be found.
	at app//com.dotmarketing.business.IdentifierFactoryImpl.createNewIdentifier(IdentifierFactoryImpl.java:332)
	at app//com.dotmarketing.business.IdentifierAPIImpl.createNew(IdentifierAPIImpl.java:156)
	at app//com.dotmarketing.business.IdentifierAPIImpl.createNew(IdentifierAPIImpl.java:138)
	at app//com.dotcms.content.elasticsearch.business.ESContentletAPIImpl.assignIdentifierIfAbsent(ESContentletAPIImpl.java:5065)
	at app//com.dotcms.content.elasticsearch.business.ESContentletAPIImpl.internalCheckin(ESContentletAPIImpl.java:4829)
	... 72 more
</pre>
</span>
</div>
<div class="test">
<a name="whenFindFileContainerByAbsolutePathAndExists"></a>
<h3 class="failures">whenFindFileContainerByAbsolutePathAndExists</h3>
<span class="code">
<pre>com.dotmarketing.exception.DotRuntimeException: Parent site of folder 'large-column1647352974174' could not be found.
	at app//com.dotcms.exception.ExceptionUtil.bubbleUpException(ExceptionUtil.java:165)
	at app//com.dotcms.content.elasticsearch.business.ESContentletAPIImpl.checkin(ESContentletAPIImpl.java:4397)
	at app//com.dotcms.content.elasticsearch.business.ESContentletAPIImpl.checkin(ESContentletAPIImpl.java:8706)
	at app//com.dotcms.content.elasticsearch.business.ESContentletAPIImpl.checkin(ESContentletAPIImpl.java:4259)
	at app//com.dotmarketing.portlets.contentlet.business.ContentletAPIInterceptor.checkin(ContentletAPIInterceptor.java:258)
	at app//com.dotcms.datagen.ContentletDataGen.checkin(ContentletDataGen.java:297)
	at app//com.dotcms.datagen.ContentletDataGen.persist(ContentletDataGen.java:207)
	at app//com.dotcms.datagen.ContentletDataGen.nextPersisted(ContentletDataGen.java:193)
	at app//com.dotcms.datagen.ContainerAsFileDataGen.persist(ContainerAsFileDataGen.java:127)
	at app//com.dotcms.datagen.ContainerAsFileDataGen.persist(ContainerAsFileDataGen.java:26)
	at app//com.dotcms.datagen.DataGen.nextPersisted(DataGen.java:25)
	at app//com.dotmarketing.portlets.containers.business.ContainerAPIImplTest.whenFindFileContainerByAbsolutePathAndExists(ContainerAPIImplTest.java:404)
	at java.base@11.0.13/jdk.internal.reflect.NativeMethodAccessorImpl.invoke0(Native Method)
	at java.base@11.0.13/jdk.internal.reflect.NativeMethodAccessorImpl.invoke(NativeMethodAccessorImpl.java:62)
	at java.base@11.0.13/jdk.internal.reflect.DelegatingMethodAccessorImpl.invoke(DelegatingMethodAccessorImpl.java:43)
	at java.base@11.0.13/java.lang.reflect.Method.invoke(Method.java:566)
	at app//org.junit.runners.model.FrameworkMethod$1.runReflectiveCall(FrameworkMethod.java:59)
	at app//org.junit.internal.runners.model.ReflectiveCallable.run(ReflectiveCallable.java:12)
	at app//org.junit.runners.model.FrameworkMethod.invokeExplosively(FrameworkMethod.java:56)
	at app//org.junit.internal.runners.statements.InvokeMethod.evaluate(InvokeMethod.java:17)
	at app//org.junit.internal.runners.statements.RunBefores.evaluate(RunBefores.java:26)
	at app//org.junit.internal.runners.statements.RunAfters.evaluate(RunAfters.java:27)
	at app//org.junit.runners.ParentRunner$3.evaluate(ParentRunner.java:306)
	at app//org.junit.rules.TestWatcher$1.evaluate(TestWatcher.java:61)
	at app//org.junit.rules.RunRules.evaluate(RunRules.java:20)
	at app//org.junit.runners.ParentRunner.runLeaf(ParentRunner.java:366)
	at app//com.dotcms.junit.CustomDataProviderRunner.runChild(CustomDataProviderRunner.java:28)
	at app//com.dotcms.junit.CustomDataProviderRunner.runChild(CustomDataProviderRunner.java:13)
	at app//org.junit.runners.ParentRunner$4.run(ParentRunner.java:331)
	at app//org.junit.runners.ParentRunner$1.schedule(ParentRunner.java:79)
	at app//org.junit.runners.ParentRunner.runChildren(ParentRunner.java:329)
	at app//org.junit.runners.ParentRunner.access$100(ParentRunner.java:66)
	at app//org.junit.runners.ParentRunner$2.evaluate(ParentRunner.java:293)
	at app//org.junit.internal.runners.statements.RunBefores.evaluate(RunBefores.java:26)
	at app//org.junit.runners.ParentRunner$3.evaluate(ParentRunner.java:306)
	at app//org.junit.runners.ParentRunner.run(ParentRunner.java:413)
	at app//com.dotcms.junit.MainBaseSuite$DotRunner.run(MainBaseSuite.java:63)
	at app//org.junit.runners.Suite.runChild(Suite.java:128)
	at app//org.junit.runners.Suite.runChild(Suite.java:27)
	at app//org.junit.runners.ParentRunner$4.run(ParentRunner.java:331)
	at app//org.junit.runners.ParentRunner$1.schedule(ParentRunner.java:79)
	at app//org.junit.runners.ParentRunner.runChildren(ParentRunner.java:329)
	at app//org.junit.runners.ParentRunner.access$100(ParentRunner.java:66)
	at app//org.junit.runners.ParentRunner$2.evaluate(ParentRunner.java:293)
	at app//org.junit.runners.ParentRunner$3.evaluate(ParentRunner.java:306)
	at app//org.junit.runners.ParentRunner.run(ParentRunner.java:413)
	at org.gradle.api.internal.tasks.testing.junit.JUnitTestClassExecutor.runTestClass(JUnitTestClassExecutor.java:110)
	at org.gradle.api.internal.tasks.testing.junit.JUnitTestClassExecutor.execute(JUnitTestClassExecutor.java:58)
	at org.gradle.api.internal.tasks.testing.junit.JUnitTestClassExecutor.execute(JUnitTestClassExecutor.java:38)
	at org.gradle.api.internal.tasks.testing.junit.AbstractJUnitTestClassProcessor.processTestClass(AbstractJUnitTestClassProcessor.java:62)
	at org.gradle.api.internal.tasks.testing.SuiteTestClassProcessor.processTestClass(SuiteTestClassProcessor.java:51)
	at java.base@11.0.13/jdk.internal.reflect.NativeMethodAccessorImpl.invoke0(Native Method)
	at java.base@11.0.13/jdk.internal.reflect.NativeMethodAccessorImpl.invoke(NativeMethodAccessorImpl.java:62)
	at java.base@11.0.13/jdk.internal.reflect.DelegatingMethodAccessorImpl.invoke(DelegatingMethodAccessorImpl.java:43)
	at java.base@11.0.13/java.lang.reflect.Method.invoke(Method.java:566)
	at org.gradle.internal.dispatch.ReflectionDispatch.dispatch(ReflectionDispatch.java:36)
	at org.gradle.internal.dispatch.ReflectionDispatch.dispatch(ReflectionDispatch.java:24)
	at org.gradle.internal.dispatch.ContextClassLoaderDispatch.dispatch(ContextClassLoaderDispatch.java:33)
	at org.gradle.internal.dispatch.ProxyDispatchAdapter$DispatchingInvocationHandler.invoke(ProxyDispatchAdapter.java:94)
	at com.sun.proxy.$Proxy2.processTestClass(Unknown Source)
	at org.gradle.api.internal.tasks.testing.worker.TestWorker$2.run(TestWorker.java:176)
	at org.gradle.api.internal.tasks.testing.worker.TestWorker.executeAndMaintainThreadName(TestWorker.java:129)
	at org.gradle.api.internal.tasks.testing.worker.TestWorker.execute(TestWorker.java:100)
	at org.gradle.api.internal.tasks.testing.worker.TestWorker.execute(TestWorker.java:60)
	at org.gradle.process.internal.worker.child.ActionExecutionWorker.execute(ActionExecutionWorker.java:56)
	at org.gradle.process.internal.worker.child.SystemApplicationClassLoaderWorker.call(SystemApplicationClassLoaderWorker.java:133)
	at org.gradle.process.internal.worker.child.SystemApplicationClassLoaderWorker.call(SystemApplicationClassLoaderWorker.java:71)
	at app//worker.org.gradle.process.internal.worker.GradleWorkerMain.run(GradleWorkerMain.java:69)
	at app//worker.org.gradle.process.internal.worker.GradleWorkerMain.main(GradleWorkerMain.java:74)
Caused by: com.dotmarketing.exception.DotRuntimeException: Parent site of folder 'large-column1647352974174' could not be found.
	at app//com.dotcms.exception.ExceptionUtil.bubbleUpException(ExceptionUtil.java:165)
	at app//com.dotcms.content.elasticsearch.business.ESContentletAPIImpl.internalCheckin(ESContentletAPIImpl.java:5007)
	at app//com.dotcms.content.elasticsearch.business.ESContentletAPIImpl.lambda$checkin$56(ESContentletAPIImpl.java:4390)
	at app//com.dotcms.concurrent.lock.StripedLockImpl.tryLock(StripedLockImpl.java:100)
	at app//com.dotcms.concurrent.lock.StripedLockImpl.tryLock(StripedLockImpl.java:55)
	at app//com.dotcms.concurrent.lock.IdentifierStripedLock.tryLock(IdentifierStripedLock.java:16)
	at app//com.dotcms.content.elasticsearch.business.ESContentletAPIImpl.checkin(ESContentletAPIImpl.java:4389)
	... 67 more
Caused by: com.dotmarketing.business.DotStateException: Parent site of folder 'large-column1647352974174' could not be found.
	at app//com.dotmarketing.business.IdentifierFactoryImpl.createNewIdentifier(IdentifierFactoryImpl.java:332)
	at app//com.dotmarketing.business.IdentifierAPIImpl.createNew(IdentifierAPIImpl.java:156)
	at app//com.dotmarketing.business.IdentifierAPIImpl.createNew(IdentifierAPIImpl.java:138)
	at app//com.dotcms.content.elasticsearch.business.ESContentletAPIImpl.assignIdentifierIfAbsent(ESContentletAPIImpl.java:5065)
	at app//com.dotcms.content.elasticsearch.business.ESContentletAPIImpl.internalCheckin(ESContentletAPIImpl.java:4829)
	... 72 more
</pre>
</span>
</div>
</div>
<div id="tab1" class="tab">
<h2>Tests</h2>
<table>
<thead>
<tr>
<th>Test</th>
<th>Duration</th>
<th>Result</th>
</tr>
</thead>
<tr>
<td class="success">getContentTypesInContainer</td>
<td class="success">3.985s</td>
<td class="success">passed</td>
</tr>
<tr>
<td class="success">test_containerapi_find_by_inode</td>
<td class="success">1.001s</td>
<td class="success">passed</td>
</tr>
<tr>
<td class="success">test_find_all_containers_success</td>
<td class="success">6.060s</td>
<td class="success">passed</td>
</tr>
<tr>
<td class="success">test_find_container_not_found</td>
<td class="success">1.093s</td>
<td class="success">passed</td>
</tr>
<tr>
<td class="success">test_getContainerByFolder_cache</td>
<td class="success">0.192s</td>
<td class="success">passed</td>
</tr>
<tr>
<td class="failures">test_get_container_by_folder_found</td>
<td class="failures">0.929s</td>
<td class="failures">failed</td>
</tr>
<tr>
<td class="success">test_get_live_not_found</td>
<td class="success">0.004s</td>
<td class="success">passed</td>
</tr>
<tr>
<td class="failures">test_get_working_found</td>
<td class="failures">6.185s</td>
<td class="failures">failed</td>
</tr>
<tr>
<td class="success">whenFindContainerByIdAndExists</td>
<td class="success">0.009s</td>
<td class="success">passed</td>
</tr>
<tr>
<td class="success">whenFindContainerByIdAndNotExists</td>
<td class="success">0.001s</td>
<td class="success">passed</td>
</tr>
<tr>
<td class="success">whenFindContainerByIdAndUserNotHasPermission</td>
<td class="success">5.961s</td>
<td class="success">passed</td>
</tr>
<tr>
<td class="failures">whenFindFileContainerByAbsolutePathAndExists</td>
<td class="failures">5.931s</td>
<td class="failures">failed</td>
</tr>
<tr>
<td class="success">whenFindFileContainerByAbsolutePathAndExistsInCurrentHost</td>
<td class="success">7.355s</td>
<td class="success">passed</td>
</tr>
<tr>
<td class="success">whenFindFileContainerByAbsolutePathAndExistsInDefaultHost</td>
<td class="success">6.281s</td>
<td class="success">passed</td>
</tr>
<tr>
<td class="success">whenFindFileContainerByRelativePathAndNotExists</td>
<td class="success">0.001s</td>
<td class="success">passed</td>
</tr>
<tr>
<td class="success">whenFindPublishContainerByIdAndExistsAndLiveFalse</td>
<td class="success">1.058s</td>
<td class="success">passed</td>
</tr>
<tr>
<td class="success">whenFindPublishContainerByIdAndExistsAndLiveTrue</td>
<td class="success">1.008s</td>
<td class="success">passed</td>
</tr>
<tr>
<td class="success">whenFindPublishedFileContainerByAbsolutePathAndExists</td>
<td class="success">6.890s</td>
<td class="success">passed</td>
</tr>
<tr>
<td class="success">whenUserNotHavePermissionInCurrentHost</td>
<td class="success">9.015s</td>
<td class="success">passed</td>
</tr>
<tr>
<td class="success">whenUserNotHavePermissionInDefaultHost</td>
<td class="success">8.488s</td>
<td class="success">passed</td>
</tr>
</table>
</div>
</div>
<div id="footer">
<p>
<div>
<label class="hidden" id="label-for-line-wrapping-toggle" for="line-wrapping-toggle">Wrap lines
<input id="line-wrapping-toggle" type="checkbox" autocomplete="off"/>
</label>
</div>Generated by 
<a href="http://www.gradle.org">Gradle 7.3.3</a> at Mar 15, 2022, 2:47:02 PM</p>
</div>
</div>
</body>
</html>
