<!DOCTYPE html>
<html>
<head>
<meta http-equiv="Content-Type" content="text/html; charset=utf-8"/>
<meta http-equiv="x-ua-compatible" content="IE=edge"/>
<title>Test results - Class com.dotcms.rest.api.v1.template.TemplateResourceTest</title>
<link href="../css/base-style.css" rel="stylesheet" type="text/css"/>
<link href="../css/style.css" rel="stylesheet" type="text/css"/>
<script src="../js/report.js" type="text/javascript"></script>
</head>
<body>
<div id="content">
<h1>Class com.dotcms.rest.api.v1.template.TemplateResourceTest</h1>
<div class="breadcrumbs">
<a href="../index.html">all</a> &gt; 
<a href="../packages/com.dotcms.rest.api.v1.template.html">com.dotcms.rest.api.v1.template</a> &gt; TemplateResourceTest</div>
<div id="summary">
<table>
<tr>
<td>
<div class="summaryGroup">
<table>
<tr>
<td>
<div class="infoBox" id="tests">
<div class="counter">31</div>
<p>tests</p>
</div>
</td>
<td>
<div class="infoBox" id="failures">
<div class="counter">1</div>
<p>failures</p>
</div>
</td>
<td>
<div class="infoBox" id="ignored">
<div class="counter">0</div>
<p>ignored</p>
</div>
</td>
<td>
<div class="infoBox" id="duration">
<div class="counter">32.491s</div>
<p>duration</p>
</div>
</td>
</tr>
</table>
</div>
</td>
<td>
<div class="infoBox failures" id="successRate">
<div class="percent">96%</div>
<p>successful</p>
</div>
</td>
</tr>
</table>
</div>
<div id="tabs">
<ul class="tabLinks">
<li>
<a href="#tab0">Failed tests</a>
</li>
<li>
<a href="#tab1">Tests</a>
</li>
</ul>
<div id="tab0" class="tab">
<h2>Failed tests</h2>
<div class="test">
<a name="test_unpublishTemplate_templateIsArchived_failedToUnpublish"></a>
<h3 class="failures">test_unpublishTemplate_templateIsArchived_failedToUnpublish</h3>
<span class="code">
<pre>java.lang.RuntimeException: Unable to persist Host.
	at com.dotcms.datagen.SiteDataGen.persist(SiteDataGen.java:84)
	at com.dotcms.datagen.SiteDataGen.persist(SiteDataGen.java:90)
	at com.dotcms.datagen.SiteDataGen.nextPersisted(SiteDataGen.java:100)
	at com.dotcms.rest.api.v1.template.TemplateResourceTest.test_unpublishTemplate_templateIsArchived_failedToUnpublish(TemplateResourceTest.java:821)
	at java.base/jdk.internal.reflect.NativeMethodAccessorImpl.invoke0(Native Method)
	at java.base/jdk.internal.reflect.NativeMethodAccessorImpl.invoke(NativeMethodAccessorImpl.java:62)
	at java.base/jdk.internal.reflect.DelegatingMethodAccessorImpl.invoke(DelegatingMethodAccessorImpl.java:43)
	at java.base/java.lang.reflect.Method.invoke(Method.java:566)
	at org.junit.runners.model.FrameworkMethod$1.runReflectiveCall(FrameworkMethod.java:50)
	at org.junit.internal.runners.model.ReflectiveCallable.run(ReflectiveCallable.java:12)
	at org.junit.runners.model.FrameworkMethod.invokeExplosively(FrameworkMethod.java:47)
	at org.junit.internal.runners.statements.InvokeMethod.evaluate(InvokeMethod.java:17)
	at org.junit.rules.TestWatcher$1.evaluate(TestWatcher.java:55)
	at org.junit.rules.RunRules.evaluate(RunRules.java:20)
	at org.junit.runners.ParentRunner.runLeaf(ParentRunner.java:325)
	at com.dotcms.junit.CustomDataProviderRunner.runChild(CustomDataProviderRunner.java:28)
	at com.dotcms.junit.CustomDataProviderRunner.runChild(CustomDataProviderRunner.java:13)
	at org.junit.runners.ParentRunner$3.run(ParentRunner.java:290)
	at org.junit.runners.ParentRunner$1.schedule(ParentRunner.java:71)
	at org.junit.runners.ParentRunner.runChildren(ParentRunner.java:288)
	at org.junit.runners.ParentRunner.access$000(ParentRunner.java:58)
	at org.junit.runners.ParentRunner$2.evaluate(ParentRunner.java:268)
	at org.junit.internal.runners.statements.RunBefores.evaluate(RunBefores.java:26)
	at org.junit.runners.ParentRunner.run(ParentRunner.java:363)
	at com.dotcms.junit.MainBaseSuite$DotRunner.run(MainBaseSuite.java:60)
	at org.junit.runners.Suite.runChild(Suite.java:128)
	at org.junit.runners.Suite.runChild(Suite.java:27)
	at org.junit.runners.ParentRunner$3.run(ParentRunner.java:290)
	at org.junit.runners.ParentRunner$1.schedule(ParentRunner.java:71)
	at org.junit.runners.ParentRunner.runChildren(ParentRunner.java:288)
	at org.junit.runners.ParentRunner.access$000(ParentRunner.java:58)
	at org.junit.runners.ParentRunner$2.evaluate(ParentRunner.java:268)
	at org.junit.runners.ParentRunner.run(ParentRunner.java:363)
	at org.gradle.api.internal.tasks.testing.junit.JUnitTestClassExecutor.runTestClass(JUnitTestClassExecutor.java:106)
	at org.gradle.api.internal.tasks.testing.junit.JUnitTestClassExecutor.execute(JUnitTestClassExecutor.java:58)
	at org.gradle.api.internal.tasks.testing.junit.JUnitTestClassExecutor.execute(JUnitTestClassExecutor.java:38)
	at org.gradle.api.internal.tasks.testing.junit.AbstractJUnitTestClassProcessor.processTestClass(AbstractJUnitTestClassProcessor.java:66)
	at org.gradle.api.internal.tasks.testing.SuiteTestClassProcessor.processTestClass(SuiteTestClassProcessor.java:51)
	at java.base/jdk.internal.reflect.NativeMethodAccessorImpl.invoke0(Native Method)
	at java.base/jdk.internal.reflect.NativeMethodAccessorImpl.invoke(NativeMethodAccessorImpl.java:62)
	at java.base/jdk.internal.reflect.DelegatingMethodAccessorImpl.invoke(DelegatingMethodAccessorImpl.java:43)
	at java.base/java.lang.reflect.Method.invoke(Method.java:566)
	at org.gradle.internal.dispatch.ReflectionDispatch.dispatch(ReflectionDispatch.java:35)
	at org.gradle.internal.dispatch.ReflectionDispatch.dispatch(ReflectionDispatch.java:24)
	at org.gradle.internal.dispatch.ContextClassLoaderDispatch.dispatch(ContextClassLoaderDispatch.java:32)
	at org.gradle.internal.dispatch.ProxyDispatchAdapter$DispatchingInvocationHandler.invoke(ProxyDispatchAdapter.java:93)
	at com.sun.proxy.$Proxy2.processTestClass(Unknown Source)
	at org.gradle.api.internal.tasks.testing.worker.TestWorker.processTestClass(TestWorker.java:117)
	at java.base/jdk.internal.reflect.NativeMethodAccessorImpl.invoke0(Native Method)
	at java.base/jdk.internal.reflect.NativeMethodAccessorImpl.invoke(NativeMethodAccessorImpl.java:62)
	at java.base/jdk.internal.reflect.DelegatingMethodAccessorImpl.invoke(DelegatingMethodAccessorImpl.java:43)
	at java.base/java.lang.reflect.Method.invoke(Method.java:566)
	at org.gradle.internal.dispatch.ReflectionDispatch.dispatch(ReflectionDispatch.java:35)
	at org.gradle.internal.dispatch.ReflectionDispatch.dispatch(ReflectionDispatch.java:24)
	at org.gradle.internal.remote.internal.hub.MessageHubBackedObjectConnection$DispatchWrapper.dispatch(MessageHubBackedObjectConnection.java:155)
	at org.gradle.internal.remote.internal.hub.MessageHubBackedObjectConnection$DispatchWrapper.dispatch(MessageHubBackedObjectConnection.java:137)
	at org.gradle.internal.remote.internal.hub.MessageHub$Handler.run(MessageHub.java:404)
	at org.gradle.internal.concurrent.ExecutorPolicy$CatchAndRecordFailures.onExecute(ExecutorPolicy.java:63)
	at org.gradle.internal.concurrent.ManagedExecutorImpl$1.run(ManagedExecutorImpl.java:46)
	at java.base/java.util.concurrent.ThreadPoolExecutor.runWorker(ThreadPoolExecutor.java:1128)
	at java.base/java.util.concurrent.ThreadPoolExecutor$Worker.run(ThreadPoolExecutor.java:628)
	at org.gradle.internal.concurrent.ThreadFactoryImpl$ManagedThreadRunnable.run(ThreadFactoryImpl.java:55)
	at java.base/java.lang.Thread.run(Thread.java:829)
Caused by: com.dotmarketing.exception.DotRuntimeException: Unable to populate contentlet from table columns for ID='dc36958c111659586d192ce05cfc0419', Inode='7a0af54c-2949-48af-923e-5c35f7697d88', Content-Type '855a2d72-f2f3-4169-8b04-ac5157c4380c': ERROR: cached plan must not change result type{
  &quot;SQL&quot;: [&quot;select * from identifier where id = ?&quot;],
  &quot;maxRows&quot;: [-1],
  &quot;offest&quot;: [0],
  &quot;params&quot;: &quot;dc36958c111659586d192ce05cfc0419&quot;
}
	at com.dotmarketing.portlets.contentlet.transform.ContentletTransformer.transform(ContentletTransformer.java:114)
	at com.dotmarketing.portlets.contentlet.transform.ContentletTransformer.&lt;init&gt;(ContentletTransformer.java:51)
	at com.dotcms.util.transform.TransformerLocator.createContentletTransformer(TransformerLocator.java:135)
	at com.dotcms.content.elasticsearch.business.ESContentFactoryImpl.findInDb(ESContentFactoryImpl.java:793)
	at com.dotcms.content.elasticsearch.business.ESContentFactoryImpl.find(ESContentFactoryImpl.java:818)
	at com.dotcms.content.elasticsearch.business.ESContentletAPIImpl.find_aroundBody4(ESContentletAPIImpl.java:337)
	at com.dotcms.content.elasticsearch.business.ESContentletAPIImpl$AjcClosure5.run(ESContentletAPIImpl.java:1)
	at org.aspectj.runtime.reflect.JoinPointImpl.proceed(JoinPointImpl.java:149)
	at com.dotcms.aspects.aspectj.AspectJDelegateMethodInvocation.proceed(AspectJDelegateMethodInvocation.java:42)
	at com.dotcms.aspects.interceptors.CloseDBIfOpenedMethodInterceptor.invoke(CloseDBIfOpenedMethodInterceptor.java:29)
	at com.dotcms.aspects.aspectj.CloseDBIfOpenedAspect.invoke(CloseDBIfOpenedAspect.java:41)
	at com.dotcms.content.elasticsearch.business.ESContentletAPIImpl.find(ESContentletAPIImpl.java:335)
	at com.dotmarketing.portlets.contentlet.business.ContentletAPIInterceptor.find(ContentletAPIInterceptor.java:691)
	at com.dotmarketing.portlets.contentlet.business.HostAPIImpl.publish_aroundBody34(HostAPIImpl.java:1036)
	at com.dotmarketing.portlets.contentlet.business.HostAPIImpl$AjcClosure35.run(HostAPIImpl.java:1)
	at org.aspectj.runtime.reflect.JoinPointImpl.proceed(JoinPointImpl.java:149)
	at com.dotcms.aspects.aspectj.AspectJDelegateMethodInvocation.proceed(AspectJDelegateMethodInvocation.java:42)
	at com.dotmarketing.db.LocalTransaction.wrapReturnWithListeners(LocalTransaction.java:119)
	at com.dotcms.aspects.interceptors.WrapInTransactionMethodInterceptor.invoke(WrapInTransactionMethodInterceptor.java:30)
	at com.dotcms.aspects.aspectj.WrapInTransactionAspect.invoke(WrapInTransactionAspect.java:41)
	at com.dotmarketing.portlets.contentlet.business.HostAPIImpl.publish(HostAPIImpl.java:1030)
	at com.dotcms.datagen.SiteDataGen.persist(SiteDataGen.java:72)
	... 62 more
Caused by: com.dotmarketing.exception.DotDataException: ERROR: cached plan must not change result type{
  &quot;SQL&quot;: [&quot;select * from identifier where id = ?&quot;],
  &quot;maxRows&quot;: [-1],
  &quot;offest&quot;: [0],
  &quot;params&quot;: &quot;dc36958c111659586d192ce05cfc0419&quot;
}
	at com.dotmarketing.common.db.DotConnect.loadResult(DotConnect.java:273)
	at com.dotmarketing.common.db.DotConnect.loadObjectResults(DotConnect.java:925)
	at com.dotmarketing.business.IdentifierFactoryImpl.loadFromDb(IdentifierFactoryImpl.java:208)
	at com.dotmarketing.business.IdentifierAPIImpl.loadFromDb_aroundBody12(IdentifierAPIImpl.java:120)
	at com.dotmarketing.business.IdentifierAPIImpl$AjcClosure13.run(IdentifierAPIImpl.java:1)
	at org.aspectj.runtime.reflect.JoinPointImpl.proceed(JoinPointImpl.java:149)
	at com.dotcms.aspects.aspectj.AspectJDelegateMethodInvocation.proceed(AspectJDelegateMethodInvocation.java:42)
	at com.dotcms.aspects.interceptors.CloseDBIfOpenedMethodInterceptor.invoke(CloseDBIfOpenedMethodInterceptor.java:29)
	at com.dotcms.aspects.aspectj.CloseDBIfOpenedAspect.invoke(CloseDBIfOpenedAspect.java:41)
	at com.dotmarketing.business.IdentifierAPIImpl.loadFromDb(IdentifierAPIImpl.java:119)
	at com.dotmarketing.portlets.contentlet.transform.ContentletTransformer.populateFolderAndHost(ContentletTransformer.java:123)
	at com.dotmarketing.portlets.contentlet.transform.ContentletTransformer.transform(ContentletTransformer.java:107)
	... 83 more
Caused by: org.postgresql.util.PSQLException: ERROR: cached plan must not change result type
	at org.postgresql.core.v3.QueryExecutorImpl.receiveErrorResponse(QueryExecutorImpl.java:2497)
	at org.postgresql.core.v3.QueryExecutorImpl.processResults(QueryExecutorImpl.java:2233)
	at org.postgresql.core.v3.QueryExecutorImpl.execute(QueryExecutorImpl.java:310)
	at org.postgresql.jdbc.PgStatement.executeInternal(PgStatement.java:446)
	at org.postgresql.jdbc.PgStatement.execute(PgStatement.java:370)
	at org.postgresql.jdbc.PgPreparedStatement.executeWithFlags(PgPreparedStatement.java:149)
	at org.postgresql.jdbc.PgPreparedStatement.executeQuery(PgPreparedStatement.java:108)
	at com.zaxxer.hikari.pool.ProxyPreparedStatement.executeQuery(ProxyPreparedStatement.java:52)
	at com.zaxxer.hikari.pool.HikariProxyPreparedStatement.executeQuery(HikariProxyPreparedStatement.java)
	at com.dotmarketing.common.db.DotConnect.executeQuery(DotConnect.java:629)
	at com.dotmarketing.common.db.DotConnect.executeQuery(DotConnect.java:532)
	at com.dotmarketing.common.db.DotConnect.loadResult(DotConnect.java:271)
	... 94 more
</pre>
</span>
</div>
</div>
<div id="tab1" class="tab">
<h2>Tests</h2>
<table>
<thead>
<tr>
<th>Test</th>
<th>Duration</th>
<th>Result</th>
</tr>
</thead>
<tr>
<td class="success">test_archiveTemplate_LimitedUserWithoutEditPermissions_failedToArchived</td>
<td class="success">0.966s</td>
<td class="success">passed</td>
</tr>
<tr>
<td class="success">test_archiveTemplate_templateIsAlreadyArchived_success</td>
<td class="success">1.121s</td>
<td class="success">passed</td>
</tr>
<tr>
<td class="success">test_archiveTemplate_templateIsLive_failedToArchive</td>
<td class="success">0.959s</td>
<td class="success">passed</td>
</tr>
<tr>
<td class="success">test_archiveTemplate_templateIsWorking_success</td>
<td class="success">0.989s</td>
<td class="success">passed</td>
</tr>
<tr>
<td class="success">test_archiveTemplates_OneTemplateIdDoesNotExist_OneTemplateIdExists</td>
<td class="success">0.888s</td>
<td class="success">passed</td>
</tr>
<tr>
<td class="success">test_copyTemplate_IdDoesNotBelongToAnyTemplate_failedToCopy</td>
<td class="success">0.036s</td>
<td class="success">passed</td>
</tr>
<tr>
<td class="success">test_copyTemplate_LimitedUserWithoutReadPermissions_failedToCopy</td>
<td class="success">1.065s</td>
<td class="success">passed</td>
</tr>
<tr>
<td class="success">test_copyTemplate_success</td>
<td class="success">1.017s</td>
<td class="success">passed</td>
</tr>
<tr>
<td class="success">test_deleteTemplate_LimitedUserWithoutEditPermissions_failedToDelete</td>
<td class="success">0.530s</td>
<td class="success">passed</td>
</tr>
<tr>
<td class="success">test_deleteTemplate_pageStillReferencingTemplate_failedToDelete</td>
<td class="success">1.111s</td>
<td class="success">passed</td>
</tr>
<tr>
<td class="success">test_deleteTemplate_templateIsArchived_success</td>
<td class="success">1.260s</td>
<td class="success">passed</td>
</tr>
<tr>
<td class="success">test_deleteTemplate_templateIsLive_failedToDelete</td>
<td class="success">0.960s</td>
<td class="success">passed</td>
</tr>
<tr>
<td class="success">test_deleteTemplates_OneTemplateIdDoesNotExist_OneTemplateIdExists</td>
<td class="success">0.744s</td>
<td class="success">passed</td>
</tr>
<tr>
<td class="success">test_listTemplate_filterByHost</td>
<td class="success">2.004s</td>
<td class="success">passed</td>
</tr>
<tr>
<td class="success">test_listTemplate_filterByHost_usingCurrentHost</td>
<td class="success">1.970s</td>
<td class="success">passed</td>
</tr>
<tr>
<td class="success">test_listTemplate_limitedUserNoREADPermissionsOverOneTemplate</td>
<td class="success">1.619s</td>
<td class="success">passed</td>
</tr>
<tr>
<td class="success">test_publishTemplate_LimitedUserWithoutPublishPermissions_failedToPublish</td>
<td class="success">1.016s</td>
<td class="success">passed</td>
</tr>
<tr>
<td class="success">test_publishTemplate_OneTemplateIdDoesNotExist_OneTemplateIdExists</td>
<td class="success">0.942s</td>
<td class="success">passed</td>
</tr>
<tr>
<td class="success">test_publishTemplate_success</td>
<td class="success">1.059s</td>
<td class="success">passed</td>
</tr>
<tr>
<td class="success">test_publishTemplate_templateIsAlreadyPublished_success</td>
<td class="success">0.947s</td>
<td class="success">passed</td>
</tr>
<tr>
<td class="success">test_publishTemplate_templateIsArchived_failedToPublish</td>
<td class="success">1.110s</td>
<td class="success">passed</td>
</tr>
<tr>
<td class="success">test_unarchiveTemplate_LimitedUserWithoutEditPermissions_failedToUnarchive</td>
<td class="success">1.050s</td>
<td class="success">passed</td>
</tr>
<tr>
<td class="success">test_unarchiveTemplate_templateIsArchived_success</td>
<td class="success">1.039s</td>
<td class="success">passed</td>
</tr>
<tr>
<td class="success">test_unarchiveTemplate_templateIsLive_failedToUnArchived</td>
<td class="success">1.028s</td>
<td class="success">passed</td>
</tr>
<tr>
<td class="success">test_unarchiveTemplate_templateIsWorking_failedToUnarchive</td>
<td class="success">0.982s</td>
<td class="success">passed</td>
</tr>
<tr>
<td class="success">test_unarchiveTemplates_OneTemplateIdDoesNotExist_OneTemplateIdExists</td>
<td class="success">1.106s</td>
<td class="success">passed</td>
</tr>
<tr>
<td class="success">test_unpublishTemplate_LimitedUserWithoutEditPermissions_failedToPublish</td>
<td class="success">1.052s</td>
<td class="success">passed</td>
</tr>
<tr>
<td class="success">test_unpublishTemplate_OneTemplateIdDoesNotExist_OneTemplateIdExists</td>
<td class="success">1.022s</td>
<td class="success">passed</td>
</tr>
<tr>
<td class="success">test_unpublishTemplate_success</td>
<td class="success">0.980s</td>
<td class="success">passed</td>
</tr>
<tr>
<td class="success">test_unpublishTemplate_templateIsAlreadyUnpublished_success</td>
<td class="success">1.067s</td>
<td class="success">passed</td>
</tr>
<tr>
<td class="failures">test_unpublishTemplate_templateIsArchived_failedToUnpublish</td>
<td class="failures">0.852s</td>
<td class="failures">failed</td>
</tr>
</table>
</div>
</div>
<div id="footer">
<p>
<div>
<label class="hidden" id="label-for-line-wrapping-toggle" for="line-wrapping-toggle">Wrap lines
<input id="line-wrapping-toggle" type="checkbox" autocomplete="off"/>
</label>
</div>Generated by 
<a href="http://www.gradle.org">Gradle 4.10.2</a> at Nov 24, 2021, 11:23:11 PM</p>
</div>
</div>
</body>
</html>
