<!DOCTYPE html>
<html>
<head>
<meta http-equiv="Content-Type" content="text/html; charset=utf-8"/>
<meta http-equiv="x-ua-compatible" content="IE=edge"/>
<title>Test results - Class com.dotcms.content.elasticsearch.business.ESMappingAPITest</title>
<link href="../css/base-style.css" rel="stylesheet" type="text/css"/>
<link href="../css/style.css" rel="stylesheet" type="text/css"/>
<script src="../js/report.js" type="text/javascript"></script>
</head>
<body>
<div id="content">
<h1>Class com.dotcms.content.elasticsearch.business.ESMappingAPITest</h1>
<div class="breadcrumbs">
<a href="../index.html">all</a> &gt; 
<a href="../packages/com.dotcms.content.elasticsearch.business.html">com.dotcms.content.elasticsearch.business</a> &gt; ESMappingAPITest</div>
<div id="summary">
<table>
<tr>
<td>
<div class="summaryGroup">
<table>
<tr>
<td>
<div class="infoBox" id="tests">
<div class="counter">19</div>
<p>tests</p>
</div>
</td>
<td>
<div class="infoBox" id="failures">
<div class="counter">1</div>
<p>failures</p>
</div>
</td>
<td>
<div class="infoBox" id="ignored">
<div class="counter">0</div>
<p>ignored</p>
</div>
</td>
<td>
<div class="infoBox" id="duration">
<div class="counter">14.511s</div>
<p>duration</p>
</div>
</td>
</tr>
</table>
</div>
</td>
<td>
<div class="infoBox failures" id="successRate">
<div class="percent">94%</div>
<p>successful</p>
</div>
</td>
</tr>
</table>
</div>
<div id="tabs">
<ul class="tabLinks">
<li>
<a href="#tab0">Failed tests</a>
</li>
<li>
<a href="#tab1">Tests</a>
</li>
</ul>
<div id="tab0" class="tab">
<h2>Failed tests</h2>
<div class="test">
<a name="testLoadRelationshipFields_whenUsingTwoSidedFieldRelationships_shouldSuccess"></a>
<h3 class="failures">testLoadRelationshipFields_whenUsingTwoSidedFieldRelationships_shouldSuccess</h3>
<span class="code">
<pre>com.dotmarketing.exception.DotHibernateException: Unable to close Hibernate Session 
	at com.dotmarketing.db.HibernateUtil.commitTransaction(HibernateUtil.java:1198)
	at com.dotmarketing.db.LocalTransaction.wrapReturnWithListeners(LocalTransaction.java:122)
	at com.dotcms.aspects.interceptors.WrapInTransactionMethodInterceptor.invoke(WrapInTransactionMethodInterceptor.java:30)
	at com.dotcms.aspects.aspectj.WrapInTransactionAspect.invoke(WrapInTransactionAspect.java:41)
	at com.dotcms.contenttype.business.ContentTypeAPIImpl.delete(ContentTypeAPIImpl.java:81)
	at com.dotcms.content.elasticsearch.business.ESMappingAPITest.testLoadRelationshipFields_whenUsingTwoSidedFieldRelationships_shouldSuccess(ESMappingAPITest.java:877)
	at java.base/jdk.internal.reflect.NativeMethodAccessorImpl.invoke0(Native Method)
	at java.base/jdk.internal.reflect.NativeMethodAccessorImpl.invoke(NativeMethodAccessorImpl.java:62)
	at java.base/jdk.internal.reflect.DelegatingMethodAccessorImpl.invoke(DelegatingMethodAccessorImpl.java:43)
	at java.base/java.lang.reflect.Method.invoke(Method.java:566)
	at org.junit.runners.model.FrameworkMethod$1.runReflectiveCall(FrameworkMethod.java:50)
	at org.junit.internal.runners.model.ReflectiveCallable.run(ReflectiveCallable.java:12)
	at org.junit.runners.model.FrameworkMethod.invokeExplosively(FrameworkMethod.java:47)
	at org.junit.internal.runners.statements.InvokeMethod.evaluate(InvokeMethod.java:17)
	at org.junit.rules.TestWatcher$1.evaluate(TestWatcher.java:55)
	at org.junit.rules.RunRules.evaluate(RunRules.java:20)
	at org.junit.runners.ParentRunner.runLeaf(ParentRunner.java:325)
	at com.dotcms.junit.CustomDataProviderRunner.runChild(CustomDataProviderRunner.java:28)
	at com.dotcms.junit.CustomDataProviderRunner.runChild(CustomDataProviderRunner.java:13)
	at org.junit.runners.ParentRunner$3.run(ParentRunner.java:290)
	at org.junit.runners.ParentRunner$1.schedule(ParentRunner.java:71)
	at org.junit.runners.ParentRunner.runChildren(ParentRunner.java:288)
	at org.junit.runners.ParentRunner.access$000(ParentRunner.java:58)
	at org.junit.runners.ParentRunner$2.evaluate(ParentRunner.java:268)
	at org.junit.internal.runners.statements.RunBefores.evaluate(RunBefores.java:26)
	at org.junit.runners.ParentRunner.run(ParentRunner.java:363)
	at com.dotcms.junit.MainBaseSuite$DotRunner.run(MainBaseSuite.java:60)
	at org.junit.runners.Suite.runChild(Suite.java:128)
	at org.junit.runners.Suite.runChild(Suite.java:27)
	at org.junit.runners.ParentRunner$3.run(ParentRunner.java:290)
	at org.junit.runners.ParentRunner$1.schedule(ParentRunner.java:71)
	at org.junit.runners.ParentRunner.runChildren(ParentRunner.java:288)
	at org.junit.runners.ParentRunner.access$000(ParentRunner.java:58)
	at org.junit.runners.ParentRunner$2.evaluate(ParentRunner.java:268)
	at org.junit.runners.ParentRunner.run(ParentRunner.java:363)
	at org.gradle.api.internal.tasks.testing.junit.JUnitTestClassExecutor.runTestClass(JUnitTestClassExecutor.java:106)
	at org.gradle.api.internal.tasks.testing.junit.JUnitTestClassExecutor.execute(JUnitTestClassExecutor.java:58)
	at org.gradle.api.internal.tasks.testing.junit.JUnitTestClassExecutor.execute(JUnitTestClassExecutor.java:38)
	at org.gradle.api.internal.tasks.testing.junit.AbstractJUnitTestClassProcessor.processTestClass(AbstractJUnitTestClassProcessor.java:66)
	at org.gradle.api.internal.tasks.testing.SuiteTestClassProcessor.processTestClass(SuiteTestClassProcessor.java:51)
	at java.base/jdk.internal.reflect.NativeMethodAccessorImpl.invoke0(Native Method)
	at java.base/jdk.internal.reflect.NativeMethodAccessorImpl.invoke(NativeMethodAccessorImpl.java:62)
	at java.base/jdk.internal.reflect.DelegatingMethodAccessorImpl.invoke(DelegatingMethodAccessorImpl.java:43)
	at java.base/java.lang.reflect.Method.invoke(Method.java:566)
	at org.gradle.internal.dispatch.ReflectionDispatch.dispatch(ReflectionDispatch.java:35)
	at org.gradle.internal.dispatch.ReflectionDispatch.dispatch(ReflectionDispatch.java:24)
	at org.gradle.internal.dispatch.ContextClassLoaderDispatch.dispatch(ContextClassLoaderDispatch.java:32)
	at org.gradle.internal.dispatch.ProxyDispatchAdapter$DispatchingInvocationHandler.invoke(ProxyDispatchAdapter.java:93)
	at com.sun.proxy.$Proxy2.processTestClass(Unknown Source)
	at org.gradle.api.internal.tasks.testing.worker.TestWorker.processTestClass(TestWorker.java:117)
	at java.base/jdk.internal.reflect.NativeMethodAccessorImpl.invoke0(Native Method)
	at java.base/jdk.internal.reflect.NativeMethodAccessorImpl.invoke(NativeMethodAccessorImpl.java:62)
	at java.base/jdk.internal.reflect.DelegatingMethodAccessorImpl.invoke(DelegatingMethodAccessorImpl.java:43)
	at java.base/java.lang.reflect.Method.invoke(Method.java:566)
	at org.gradle.internal.dispatch.ReflectionDispatch.dispatch(ReflectionDispatch.java:35)
	at org.gradle.internal.dispatch.ReflectionDispatch.dispatch(ReflectionDispatch.java:24)
	at org.gradle.internal.remote.internal.hub.MessageHubBackedObjectConnection$DispatchWrapper.dispatch(MessageHubBackedObjectConnection.java:155)
	at org.gradle.internal.remote.internal.hub.MessageHubBackedObjectConnection$DispatchWrapper.dispatch(MessageHubBackedObjectConnection.java:137)
	at org.gradle.internal.remote.internal.hub.MessageHub$Handler.run(MessageHub.java:404)
	at org.gradle.internal.concurrent.ExecutorPolicy$CatchAndRecordFailures.onExecute(ExecutorPolicy.java:63)
	at org.gradle.internal.concurrent.ManagedExecutorImpl$1.run(ManagedExecutorImpl.java:46)
	at java.base/java.util.concurrent.ThreadPoolExecutor.runWorker(ThreadPoolExecutor.java:1128)
	at java.base/java.util.concurrent.ThreadPoolExecutor$Worker.run(ThreadPoolExecutor.java:628)
	at org.gradle.internal.concurrent.ThreadFactoryImpl$ManagedThreadRunnable.run(ThreadFactoryImpl.java:55)
	at java.base/java.lang.Thread.run(Thread.java:829)
Caused by: com.dotmarketing.business.DotStateException: Based on configured schedule, the given trigger will never fire.
	at com.dotmarketing.db.DotRunnableThread.run(DotRunnableThread.java:56)
	at com.dotmarketing.db.HibernateUtil.finalizeCommitListeners(HibernateUtil.java:1108)
	at com.dotmarketing.db.HibernateUtil.commitTransaction(HibernateUtil.java:1192)
	... 64 more
Caused by: org.quartz.SchedulerException: Based on configured schedule, the given trigger will never fire.
	at org.quartz.core.QuartzScheduler.rescheduleJob(QuartzScheduler.java:1011)
	at org.quartz.impl.StdScheduler.rescheduleJob(StdScheduler.java:302)
	at com.dotmarketing.quartz.QuartzUtils.scheduleTask(QuartzUtils.java:490)
	at com.dotmarketing.quartz.DotStatefulJob.enqueueTrigger(DotStatefulJob.java:171)
	at com.dotmarketing.quartz.job.CleanUpFieldReferencesJob.lambda$0(CleanUpFieldReferencesJob.java:114)
	at com.rainerhahnekamp.sneakythrow.Sneaky.lambda$sneaked$7(Sneaky.java:207)
	at com.dotmarketing.db.DotRunnableThread.internalRunner(DotRunnableThread.java:99)
	at com.dotmarketing.db.LocalTransaction.wrap(LocalTransaction.java:218)
	at com.dotmarketing.db.DotRunnableThread.run(DotRunnableThread.java:53)
	... 66 more
</pre>
</span>
</div>
</div>
<div id="tab1" class="tab">
<h2>Tests</h2>
<table>
<thead>
<tr>
<th>Test</th>
<th>Duration</th>
<th>Result</th>
</tr>
</thead>
<tr>
<td class="success">Test_Create_ContentType_With_KeyValue_Field_Test_Query_Expect_Success</td>
<td class="success">0.520s</td>
<td class="success">passed</td>
</tr>
<tr>
<td class="success">Test_Create_FileAsset_Query_by_MetaData_Expect_Success</td>
<td class="success">1.021s</td>
<td class="success">passed</td>
</tr>
<tr>
<td class="success">Test_Create_FileAsset_With_Metadata_KeyValue_Then_Query</td>
<td class="success">0.758s</td>
<td class="success">passed</td>
</tr>
<tr>
<td class="success">Test_toMap_Metadata_dotRaw</td>
<td class="success">1.971s</td>
<td class="success">passed</td>
</tr>
<tr>
<td class="success">testLoadCategories_GivenContentWithCats_ShouldLoadESMapWithListOfCatsVarnames</td>
<td class="success">0.285s</td>
<td class="success">passed</td>
</tr>
<tr>
<td class="success">testLoadRelationshipFields_whenUsingLegacyRelationships_shouldSuccess</td>
<td class="success">1.160s</td>
<td class="success">passed</td>
</tr>
<tr>
<td class="success">testLoadRelationshipFields_whenUsingOneSideFieldRelationships_shouldSuccess</td>
<td class="success">0.765s</td>
<td class="success">passed</td>
</tr>
<tr>
<td class="success">testLoadRelationshipFields_whenUsingSelfRelationships_shouldSuccess</td>
<td class="success">1.549s</td>
<td class="success">passed</td>
</tr>
<tr>
<td class="failures">testLoadRelationshipFields_whenUsingTwoSidedFieldRelationships_shouldSuccess</td>
<td class="failures">0.485s</td>
<td class="failures">failed</td>
</tr>
<tr>
<td class="success">test_toMap_binary_field_shouldSuccess</td>
<td class="success">0.263s</td>
<td class="success">passed</td>
</tr>
<tr>
<td class="success">test_toMap_fileasset_txt_shouldSuccess</td>
<td class="success">0.551s</td>
<td class="success">passed</td>
</tr>
<tr>
<td class="success">test_toMap_hidden_date_fields_shouldSuccess</td>
<td class="success">0.130s</td>
<td class="success">passed</td>
</tr>
<tr>
<td class="success">test_toMap_when_textFieldShouldBeIncluded</td>
<td class="success">0.791s</td>
<td class="success">passed</td>
</tr>
<tr>
<td class="success">test_toMap_when_textFieldShouldNotBeIncluded</td>
<td class="success">0.894s</td>
<td class="success">passed</td>
</tr>
<tr>
<td class="success">whenContentletHasInvalidContentTypeId</td>
<td class="success">0.093s</td>
<td class="success">passed</td>
</tr>
<tr>
<td class="success">whenContentletHasInvalidFolderId</td>
<td class="success">0.880s</td>
<td class="success">passed</td>
</tr>
<tr>
<td class="success">whenContentletHasInvalidHostId</td>
<td class="success">1.226s</td>
<td class="success">passed</td>
</tr>
<tr>
<td class="success">whenContentletHasNotContentletVersionInfo</td>
<td class="success">0.106s</td>
<td class="success">passed</td>
</tr>
<tr>
<td class="success">whenContentletHasNotIdentifier</td>
<td class="success">1.063s</td>
<td class="success">passed</td>
</tr>
</table>
</div>
</div>
<div id="footer">
<p>
<div>
<label class="hidden" id="label-for-line-wrapping-toggle" for="line-wrapping-toggle">Wrap lines
<input id="line-wrapping-toggle" type="checkbox" autocomplete="off"/>
</label>
</div>Generated by 
<a href="http://www.gradle.org">Gradle 4.10.2</a> at Jan 20, 2022, 6:08:12 PM</p>
</div>
</div>
</body>
</html>
