<!DOCTYPE html>
<html>
<head>
<meta http-equiv="Content-Type" content="text/html; charset=utf-8"/>
<meta http-equiv="x-ua-compatible" content="IE=edge"/>
<title>Test results - Class com.dotmarketing.portlets.contentlet.business.ContentletAPITest</title>
<link href="../css/base-style.css" rel="stylesheet" type="text/css"/>
<link href="../css/style.css" rel="stylesheet" type="text/css"/>
<script src="../js/report.js" type="text/javascript"></script>
</head>
<body>
<div id="content">
<h1>Class com.dotmarketing.portlets.contentlet.business.ContentletAPITest</h1>
<div class="breadcrumbs">
<a href="../index.html">all</a> &gt; 
<a href="../packages/com.dotmarketing.portlets.contentlet.business.html">com.dotmarketing.portlets.contentlet.business</a> &gt; ContentletAPITest</div>
<div id="summary">
<table>
<tr>
<td>
<div class="summaryGroup">
<table>
<tr>
<td>
<div class="infoBox" id="tests">
<div class="counter">153</div>
<p>tests</p>
</div>
</td>
<td>
<div class="infoBox" id="failures">
<div class="counter">1</div>
<p>failures</p>
</div>
</td>
<td>
<div class="infoBox" id="ignored">
<div class="counter">3</div>
<p>ignored</p>
</div>
</td>
<td>
<div class="infoBox" id="duration">
<div class="counter">1m37.54s</div>
<p>duration</p>
</div>
</td>
</tr>
</table>
</div>
</td>
<td>
<div class="infoBox failures" id="successRate">
<div class="percent">99%</div>
<p>successful</p>
</div>
</td>
</tr>
</table>
</div>
<div id="tabs">
<ul class="tabLinks">
<li>
<a href="#tab0">Failed tests</a>
</li>
<li>
<a href="#tab1">Tests</a>
</li>
<li>
<a href="#tab2">Standard error</a>
</li>
</ul>
<div id="tab0" class="tab">
<h2>Failed tests</h2>
<div class="test">
<a name="testCheckin_Non_Existing_Identifier_With_Validate_Should_FAIL"></a>
<h3 class="failures">testCheckin_Non_Existing_Identifier_With_Validate_Should_FAIL</h3>
<span class="code">
<pre>java.lang.Exception: Unexpected exception, expected&lt;com.dotmarketing.exception.DotDataException&gt; but was&lt;java.lang.AssertionError&gt;
	at org.junit.internal.runners.statements.ExpectException.evaluate(ExpectException.java:28)
	at org.junit.internal.runners.statements.RunBefores.evaluate(RunBefores.java:26)
	at org.junit.internal.runners.statements.RunAfters.evaluate(RunAfters.java:27)
	at org.junit.rules.ExternalResource$1.evaluate(ExternalResource.java:48)
	at org.junit.rules.RunRules.evaluate(RunRules.java:20)
	at org.junit.rules.TestWatcher$1.evaluate(TestWatcher.java:55)
	at org.junit.rules.RunRules.evaluate(RunRules.java:20)
	at org.junit.runners.ParentRunner.runLeaf(ParentRunner.java:325)
	at com.dotcms.junit.CustomDataProviderRunner.runChild(CustomDataProviderRunner.java:28)
	at com.dotcms.junit.CustomDataProviderRunner.runChild(CustomDataProviderRunner.java:13)
	at org.junit.runners.ParentRunner$3.run(ParentRunner.java:290)
	at org.junit.runners.ParentRunner$1.schedule(ParentRunner.java:71)
	at org.junit.runners.ParentRunner.runChildren(ParentRunner.java:288)
	at org.junit.runners.ParentRunner.access$000(ParentRunner.java:58)
	at org.junit.runners.ParentRunner$2.evaluate(ParentRunner.java:268)
	at org.junit.internal.runners.statements.RunBefores.evaluate(RunBefores.java:26)
	at org.junit.internal.runners.statements.RunAfters.evaluate(RunAfters.java:27)
	at org.junit.runners.ParentRunner.run(ParentRunner.java:363)
	at com.dotcms.junit.MainBaseSuite$DotRunner.run(MainBaseSuite.java:60)
	at org.junit.runners.Suite.runChild(Suite.java:128)
	at org.junit.runners.Suite.runChild(Suite.java:27)
	at org.junit.runners.ParentRunner$3.run(ParentRunner.java:290)
	at org.junit.runners.ParentRunner$1.schedule(ParentRunner.java:71)
	at org.junit.runners.ParentRunner.runChildren(ParentRunner.java:288)
	at org.junit.runners.ParentRunner.access$000(ParentRunner.java:58)
	at org.junit.runners.ParentRunner$2.evaluate(ParentRunner.java:268)
	at org.junit.runners.ParentRunner.run(ParentRunner.java:363)
	at org.gradle.api.internal.tasks.testing.junit.JUnitTestClassExecutor.runTestClass(JUnitTestClassExecutor.java:106)
	at org.gradle.api.internal.tasks.testing.junit.JUnitTestClassExecutor.execute(JUnitTestClassExecutor.java:58)
	at org.gradle.api.internal.tasks.testing.junit.JUnitTestClassExecutor.execute(JUnitTestClassExecutor.java:38)
	at org.gradle.api.internal.tasks.testing.junit.AbstractJUnitTestClassProcessor.processTestClass(AbstractJUnitTestClassProcessor.java:66)
	at org.gradle.api.internal.tasks.testing.SuiteTestClassProcessor.processTestClass(SuiteTestClassProcessor.java:51)
	at java.base/jdk.internal.reflect.NativeMethodAccessorImpl.invoke0(Native Method)
	at java.base/jdk.internal.reflect.NativeMethodAccessorImpl.invoke(NativeMethodAccessorImpl.java:62)
	at java.base/jdk.internal.reflect.DelegatingMethodAccessorImpl.invoke(DelegatingMethodAccessorImpl.java:43)
	at java.base/java.lang.reflect.Method.invoke(Method.java:566)
	at org.gradle.internal.dispatch.ReflectionDispatch.dispatch(ReflectionDispatch.java:35)
	at org.gradle.internal.dispatch.ReflectionDispatch.dispatch(ReflectionDispatch.java:24)
	at org.gradle.internal.dispatch.ContextClassLoaderDispatch.dispatch(ContextClassLoaderDispatch.java:32)
	at org.gradle.internal.dispatch.ProxyDispatchAdapter$DispatchingInvocationHandler.invoke(ProxyDispatchAdapter.java:93)
	at com.sun.proxy.$Proxy2.processTestClass(Unknown Source)
	at org.gradle.api.internal.tasks.testing.worker.TestWorker.processTestClass(TestWorker.java:117)
	at java.base/jdk.internal.reflect.NativeMethodAccessorImpl.invoke0(Native Method)
	at java.base/jdk.internal.reflect.NativeMethodAccessorImpl.invoke(NativeMethodAccessorImpl.java:62)
	at java.base/jdk.internal.reflect.DelegatingMethodAccessorImpl.invoke(DelegatingMethodAccessorImpl.java:43)
	at java.base/java.lang.reflect.Method.invoke(Method.java:566)
	at org.gradle.internal.dispatch.ReflectionDispatch.dispatch(ReflectionDispatch.java:35)
	at org.gradle.internal.dispatch.ReflectionDispatch.dispatch(ReflectionDispatch.java:24)
	at org.gradle.internal.remote.internal.hub.MessageHubBackedObjectConnection$DispatchWrapper.dispatch(MessageHubBackedObjectConnection.java:155)
	at org.gradle.internal.remote.internal.hub.MessageHubBackedObjectConnection$DispatchWrapper.dispatch(MessageHubBackedObjectConnection.java:137)
	at org.gradle.internal.remote.internal.hub.MessageHub$Handler.run(MessageHub.java:404)
	at org.gradle.internal.concurrent.ExecutorPolicy$CatchAndRecordFailures.onExecute(ExecutorPolicy.java:63)
	at org.gradle.internal.concurrent.ManagedExecutorImpl$1.run(ManagedExecutorImpl.java:46)
	at java.base/java.util.concurrent.ThreadPoolExecutor.runWorker(ThreadPoolExecutor.java:1128)
	at java.base/java.util.concurrent.ThreadPoolExecutor$Worker.run(ThreadPoolExecutor.java:628)
	at org.gradle.internal.concurrent.ThreadFactoryImpl$ManagedThreadRunnable.run(ThreadFactoryImpl.java:55)
	at java.base/java.lang.Thread.run(Thread.java:829)
Caused by: java.lang.AssertionError: The exception catch should: DotHibernateException and is: class com.dotmarketing.exception.DotRuntimeException
	at org.junit.Assert.fail(Assert.java:88)
	at com.dotmarketing.portlets.contentlet.business.ContentletAPITest.testCheckin_Non_Existing_Identifier_With_Validate_Should_FAIL(ContentletAPITest.java:5463)
	at java.base/jdk.internal.reflect.NativeMethodAccessorImpl.invoke0(Native Method)
	at java.base/jdk.internal.reflect.NativeMethodAccessorImpl.invoke(NativeMethodAccessorImpl.java:62)
	at java.base/jdk.internal.reflect.DelegatingMethodAccessorImpl.invoke(DelegatingMethodAccessorImpl.java:43)
	at java.base/java.lang.reflect.Method.invoke(Method.java:566)
	at org.junit.runners.model.FrameworkMethod$1.runReflectiveCall(FrameworkMethod.java:50)
	at org.junit.internal.runners.model.ReflectiveCallable.run(ReflectiveCallable.java:12)
	at org.junit.runners.model.FrameworkMethod.invokeExplosively(FrameworkMethod.java:47)
	at org.junit.internal.runners.statements.InvokeMethod.evaluate(InvokeMethod.java:17)
	at org.junit.internal.runners.statements.ExpectException.evaluate(ExpectException.java:19)
	... 56 more
</pre>
</span>
</div>
</div>
<div id="tab1" class="tab">
<h2>Tests</h2>
<table>
<thead>
<tr>
<th>Test</th>
<th>Duration</th>
<th>Result</th>
</tr>
</thead>
<tr>
<td class="success">TestCopyHTMLPageIncludesPersonalizedMultiTrees</td>
<td class="success">0.968s</td>
<td class="success">passed</td>
</tr>
<tr>
<td class="success">Test_Copy_Metadata_On_CheckIn</td>
<td class="success">0.595s</td>
<td class="success">passed</td>
</tr>
<tr>
<td class="success">Test_Key_Value_As_Map_Test</td>
<td class="success">0.755s</td>
<td class="success">passed</td>
</tr>
<tr>
<td class="success">Test_Move_Content_Different_Host_And_Folder_On_CheckIn</td>
<td class="success">3.148s</td>
<td class="success">passed</td>
</tr>
<tr>
<td class="success">addLinkToContentlet</td>
<td class="success">0.048s</td>
<td class="success">passed</td>
</tr>
<tr>
<td class="success">addRemoveContentFromIndex</td>
<td class="success">0.477s</td>
<td class="success">passed</td>
</tr>
<tr>
<td class="success">archive</td>
<td class="success">0.689s</td>
<td class="success">passed</td>
</tr>
<tr>
<td class="success">archiveCollection</td>
<td class="success">0.432s</td>
<td class="success">passed</td>
</tr>
<tr>
<td class="success">cleanBinaryField</td>
<td class="success">0.011s</td>
<td class="success">passed</td>
</tr>
<tr>
<td class="success">cleanTagField</td>
<td class="success">0.010s</td>
<td class="success">passed</td>
</tr>
<tr>
<td class="success">contentOnlyWithExpireFieldTest</td>
<td class="success">0.477s</td>
<td class="success">passed</td>
</tr>
<tr>
<td class="success">copyContentlet</td>
<td class="success">0.240s</td>
<td class="success">passed</td>
</tr>
<tr>
<td class="success">copyContentletWithFolder</td>
<td class="success">0.191s</td>
<td class="success">passed</td>
</tr>
<tr>
<td class="success">copyContentletWithFolderAppendCopy</td>
<td class="success">0.182s</td>
<td class="success">passed</td>
</tr>
<tr>
<td class="success">copyContentletWithHost</td>
<td class="success">0.318s</td>
<td class="success">passed</td>
</tr>
<tr>
<td class="success">copyContentletWithSeveralVersionsOrderIssue</td>
<td class="success">4.840s</td>
<td class="success">passed</td>
</tr>
<tr>
<td class="success">delete</td>
<td class="success">0.238s</td>
<td class="success">passed</td>
</tr>
<tr>
<td class="success">deleteAllVersionsAndBackup</td>
<td class="success">0.181s</td>
<td class="success">passed</td>
</tr>
<tr>
<td class="success">deleteCollection</td>
<td class="success">0.239s</td>
<td class="success">passed</td>
</tr>
<tr>
<td class="success">deleteCollectionAllVersions</td>
<td class="success">0.420s</td>
<td class="success">passed</td>
</tr>
<tr>
<td class="success">deleteForAllVersions</td>
<td class="success">0.221s</td>
<td class="success">passed</td>
</tr>
<tr>
<td class="success">deleteMultipleContents</td>
<td class="success">5.125s</td>
<td class="success">passed</td>
</tr>
<tr>
<td class="success">deleteRelatedContent</td>
<td class="success">0.809s</td>
<td class="success">passed</td>
</tr>
<tr>
<td class="success">deleteRelatedContentWithParent</td>
<td class="success">0.442s</td>
<td class="success">passed</td>
</tr>
<tr>
<td class="success">delete_GivenUnarchivedContentAndDontValidateMeInTrue_ShouldDeleteSuccessfully</td>
<td class="success">0.168s</td>
<td class="success">passed</td>
</tr>
<tr>
<td class="success">destroy_content_locked_by_admin_by_other_admin_user</td>
<td class="success">0.519s</td>
<td class="success">passed</td>
</tr>
<tr>
<td class="success">find</td>
<td class="success">0s</td>
<td class="success">passed</td>
</tr>
<tr>
<td class="skipped">findAllContent</td>
<td class="skipped">-</td>
<td class="skipped">ignored</td>
</tr>
<tr>
<td class="success">findByStructure</td>
<td class="success">0.003s</td>
<td class="success">passed</td>
</tr>
<tr>
<td class="success">findByStructureInode</td>
<td class="success">0.004s</td>
<td class="success">passed</td>
</tr>
<tr>
<td class="success">findContentletByIdentifier</td>
<td class="success">0.002s</td>
<td class="success">passed</td>
</tr>
<tr>
<td class="success">findContentletByIdentifiers</td>
<td class="success">0.003s</td>
<td class="success">passed</td>
</tr>
<tr>
<td class="success">findContentletForLanguage</td>
<td class="success">0.001s</td>
<td class="success">passed</td>
</tr>
<tr>
<td class="success">findContentlets</td>
<td class="success">0.004s</td>
<td class="success">passed</td>
</tr>
<tr>
<td class="success">findContentletsByFolder</td>
<td class="success">0.480s</td>
<td class="success">passed</td>
</tr>
<tr>
<td class="success">findContentletsByHost</td>
<td class="success">0.174s</td>
<td class="success">passed</td>
</tr>
<tr>
<td class="success">findPageContentlets</td>
<td class="success">0.001s</td>
<td class="success">passed</td>
</tr>
<tr>
<td class="success">getAllLanguages</td>
<td class="success">7.218s</td>
<td class="success">passed</td>
</tr>
<tr>
<td class="success">getAllRelationships</td>
<td class="success">0.013s</td>
<td class="success">passed</td>
</tr>
<tr>
<td class="success">getAllRelationshipsByContentlet</td>
<td class="success">0.410s</td>
<td class="success">passed</td>
</tr>
<tr>
<td class="success">getContentletReferences</td>
<td class="success">2.049s</td>
<td class="success">passed</td>
</tr>
<tr>
<td class="success">getContentletReferencesForMonolingualPages</td>
<td class="success">1.244s</td>
<td class="success">passed</td>
</tr>
<tr>
<td class="success">getContentletReferences_FilterOutReferencesByContentLang</td>
<td class="success">0.619s</td>
<td class="success">passed</td>
</tr>
<tr>
<td class="success">getContentletReferences_PersonaIncluded</td>
<td class="success">0.403s</td>
<td class="success">passed</td>
</tr>
<tr>
<td class="success">getContentletReferences_ReferencesByContentLang</td>
<td class="success">0.357s</td>
<td class="success">passed</td>
</tr>
<tr>
<td class="success">getFieldValue</td>
<td class="success">0.006s</td>
<td class="success">passed</td>
</tr>
<tr>
<td class="success">getRelatedContent</td>
<td class="success">0.357s</td>
<td class="success">passed</td>
</tr>
<tr>
<td class="success">getRelatedContentPullByParent</td>
<td class="success">0.401s</td>
<td class="success">passed</td>
</tr>
<tr>
<td class="success">isContentEqual</td>
<td class="success">0s</td>
<td class="success">passed</td>
</tr>
<tr>
<td class="success">newFileAssetLanguageDifferentThanDefault</td>
<td class="success">0.198s</td>
<td class="success">passed</td>
</tr>
<tr>
<td class="success">newVersionFileAssetLanguageDifferentThanDefault</td>
<td class="success">0.503s</td>
<td class="success">passed</td>
</tr>
<tr>
<td class="success">no_destroy_limited_content_locked_by_admin_by_limited_user</td>
<td class="success">0.694s</td>
<td class="success">passed</td>
</tr>
<tr>
<td class="success">publish</td>
<td class="success">0.104s</td>
<td class="success">passed</td>
</tr>
<tr>
<td class="success">publishCollection</td>
<td class="success">0.183s</td>
<td class="success">passed</td>
</tr>
<tr>
<td class="success">publishRelatedHtmlPages</td>
<td class="success">0.002s</td>
<td class="success">passed</td>
</tr>
<tr>
<td class="success">rangeQuery</td>
<td class="success">1.797s</td>
<td class="success">passed</td>
</tr>
<tr>
<td class="success">relateContent</td>
<td class="success">0.314s</td>
<td class="success">passed</td>
</tr>
<tr>
<td class="success">relateContentDirect</td>
<td class="success">0.336s</td>
<td class="success">passed</td>
</tr>
<tr>
<td class="skipped">run_listener_after_save_result_called_all_listeners</td>
<td class="skipped">-</td>
<td class="skipped">ignored</td>
</tr>
<tr>
<td class="success">saveContentWithExistingIdentifier</td>
<td class="success">0.486s</td>
<td class="success">passed</td>
</tr>
<tr>
<td class="success">search</td>
<td class="success">0.006s</td>
<td class="success">passed</td>
</tr>
<tr>
<td class="success">searchIndex</td>
<td class="success">0.008s</td>
<td class="success">passed</td>
</tr>
<tr>
<td class="success">searchWithPermissions</td>
<td class="success">0.011s</td>
<td class="success">passed</td>
</tr>
<tr>
<td class="success">testCheckInContentletWithoutHost_shouldUseContentTypeHost</td>
<td class="success">0.206s</td>
<td class="success">passed</td>
</tr>
<tr>
<td class="success">testCheckInWithSelfRelationInBothParentsAndChildren</td>
<td class="success">0.781s</td>
<td class="success">passed</td>
</tr>
<tr>
<td class="success">testCheckin1_ExistingContentWithCats_EmptyCatsList_ShouldWipeExistingCats</td>
<td class="success">0.476s</td>
<td class="success">passed</td>
</tr>
<tr>
<td class="success">testCheckin1_ExistingContentWithCats_NullCats_ShouldKeepExistingCats</td>
<td class="success">0.512s</td>
<td class="success">passed</td>
</tr>
<tr>
<td class="success">testCheckin1_ExistingContentWithChildAndParentRels_NullRels_ShouldKeepExistingRels</td>
<td class="success">1.535s</td>
<td class="success">passed</td>
</tr>
<tr>
<td class="success">testCheckin1_ExistingContentWithRels_NullRels_ShouldKeepExistingRels</td>
<td class="success">0.723s</td>
<td class="success">passed</td>
</tr>
<tr>
<td class="success">testCheckin2_ExistingContentWithCats_EmptyCatsList_ShouldWipeExistingCats</td>
<td class="success">0.451s</td>
<td class="success">passed</td>
</tr>
<tr>
<td class="success">testCheckin2_ExistingContentWithCats_NullCats_ShouldKeepExistingCats</td>
<td class="success">0.444s</td>
<td class="success">passed</td>
</tr>
<tr>
<td class="success">testCheckin2_ExistingContentWithRels_NullRels_ShouldKeepExistingRels</td>
<td class="success">0.537s</td>
<td class="success">passed</td>
</tr>
<tr>
<td class="success">testCheckin3_ExistingContentWithCats_EmptyCatsList_ShouldWipeExistingCats</td>
<td class="success">0.395s</td>
<td class="success">passed</td>
</tr>
<tr>
<td class="success">testCheckin3_ExistingContentWithCats_NullCats_ShouldKeepExistingCats</td>
<td class="success">0.472s</td>
<td class="success">passed</td>
</tr>
<tr>
<td class="success">testCheckin3_ExistingContentWithRels_EmptyRels_ShouldWipeExistingRels</td>
<td class="success">0.520s</td>
<td class="success">passed</td>
</tr>
<tr>
<td class="success">testCheckin3_ExistingContentWithRels_NullRels_ShouldKeepExistingRels</td>
<td class="success">1.131s</td>
<td class="success">passed</td>
</tr>
<tr>
<td class="success">testCheckin4_ExistingContentWithCats_EmptyCatsList_ShouldWipeExistingCats</td>
<td class="success">0.607s</td>
<td class="success">passed</td>
</tr>
<tr>
<td class="success">testCheckin4_ExistingContentWithCats_NullCats_ShouldKeepExistingCats</td>
<td class="success">0.383s</td>
<td class="success">passed</td>
</tr>
<tr>
<td class="success">testCheckin4_ExistingContentWithRels_EmptyRels_ShouldWipeExistingRels</td>
<td class="success">0.555s</td>
<td class="success">passed</td>
</tr>
<tr>
<td class="success">testCheckin4_ExistingContentWithRels_NullRels_ShouldKeepExistingRels</td>
<td class="success">0.556s</td>
<td class="success">passed</td>
</tr>
<tr>
<td class="success">testCheckinDefaultActions</td>
<td class="success">0.456s</td>
<td class="success">passed</td>
</tr>
<tr>
<td class="success">testCheckinDefaultActionsSkip</td>
<td class="success">0.476s</td>
<td class="success">passed</td>
</tr>
<tr>
<td class="success">testCheckinDefaultActionsSkipBySettingActionId</td>
<td class="success">0.867s</td>
<td class="success">passed</td>
</tr>
<tr>
<td class="success">testCheckinNoDefaultActions</td>
<td class="success">0.561s</td>
<td class="success">passed</td>
</tr>
<tr>
<td class="success">testCheckinWithoutVersioning_ExistingContentWithCats_EmptyCats_ShouldWipeExistingCats</td>
<td class="success">0.371s</td>
<td class="success">passed</td>
</tr>
<tr>
<td class="success">testCheckinWithoutVersioning_ExistingContentWithCats_NullCats_ShouldKeepExistingCats</td>
<td class="success">0.469s</td>
<td class="success">passed</td>
</tr>
<tr>
<td class="success">testCheckinWithoutVersioning_ExistingContentWithRels_EmptyRels_ShouldWipeExistingRels</td>
<td class="success">0.472s</td>
<td class="success">passed</td>
</tr>
<tr>
<td class="success">testCheckinWithoutVersioning_ExistingContentWithRels_NullRels_ShouldKeepExistingRels</td>
<td class="success">0.594s</td>
<td class="success">passed</td>
</tr>
<tr>
<td class="success">testCheckinWithoutVersioning_ShouldDeletePreviousBinary_WhenBinaryIsUpdated</td>
<td class="success">0.235s</td>
<td class="success">passed</td>
</tr>
<tr>
<td class="success">testCheckinWithoutVersioning_ShouldPreserveBinary_WhenOtherFieldsAreUpdated</td>
<td class="success">0.212s</td>
<td class="success">passed</td>
</tr>
<tr>
<td class="success">testCheckin_Non_Existing_Identifier_With_Not_Validate_Success</td>
<td class="success">0.258s</td>
<td class="success">passed</td>
</tr>
<tr>
<td class="failures">testCheckin_Non_Existing_Identifier_With_Validate_Should_FAIL</td>
<td class="failures">0.022s</td>
<td class="failures">failed</td>
</tr>
<tr>
<td class="success">testCheckin_nullRequiredFieldValue[0: com.dotmarketing.portlets.contentlet.business.ContentletAPITest$TestCaseNullFieldvalues@1bd0c765]</td>
<td class="success">0.206s</td>
<td class="success">passed</td>
</tr>
<tr>
<td class="success">testCheckin_nullRequiredFieldValue[1: com.dotmarketing.portlets.contentlet.business.ContentletAPITest$TestCaseNullFieldvalues@4c9641c2]</td>
<td class="success">0.185s</td>
<td class="success">passed</td>
</tr>
<tr>
<td class="success">testCheckin_nullRequiredFieldValue[2: com.dotmarketing.portlets.contentlet.business.ContentletAPITest$TestCaseNullFieldvalues@63b88ce4]</td>
<td class="success">0.240s</td>
<td class="success">passed</td>
</tr>
<tr>
<td class="success">testCheckin_nullRequiredFieldValue[3: com.dotmarketing.portlets.contentlet.business.ContentletAPITest$TestCaseNullFieldvalues@3d15b1ac]</td>
<td class="success">0.180s</td>
<td class="success">passed</td>
</tr>
<tr>
<td class="success">testContentCheckin_mapIncludeExpectedProperties</td>
<td class="success">1.034s</td>
<td class="success">passed</td>
</tr>
<tr>
<td class="success">testContentWithTwoBinaryFieldsAndSameFile_afterCheckinShouldContainBothFields</td>
<td class="success">0.420s</td>
<td class="success">passed</td>
</tr>
<tr>
<td class="success">testCopyContentletDoesNotCopyWorkflowHistory</td>
<td class="success">4.026s</td>
<td class="success">passed</td>
</tr>
<tr>
<td class="success">testCopyProperties_TypeWithTagField_shouldCopyTagFieldValue</td>
<td class="success">0.264s</td>
<td class="success">passed</td>
</tr>
<tr>
<td class="success">testCreateSelfJoinedRelationship_contentletAddedAsChild</td>
<td class="success">0.441s</td>
<td class="success">passed</td>
</tr>
<tr>
<td class="success">testDeletePageDefinedAsDetailPage</td>
<td class="success">1.151s</td>
<td class="success">passed</td>
</tr>
<tr>
<td class="success">testDelete_GivenMultiLangMultiVersionContent_WhenDeletingOneSpanishVersion_ShouldDeleteAllSpanishVersions</td>
<td class="success">1.203s</td>
<td class="success">passed</td>
</tr>
<tr>
<td class="success">testDotAsset_Checkin</td>
<td class="success">0.368s</td>
<td class="success">passed</td>
</tr>
<tr>
<td class="success">testFileCopyOnSecondLanguageVersion</td>
<td class="success">1.006s</td>
<td class="success">passed</td>
</tr>
<tr>
<td class="success">testGetRelatedForSelfJoinsDoesNotCacheWhenPullByParentIsNull</td>
<td class="success">0.878s</td>
<td class="success">passed</td>
</tr>
<tr>
<td class="success">testMoveContentDependenciesFromChild</td>
<td class="success">0.680s</td>
<td class="success">passed</td>
</tr>
<tr>
<td class="success">testMoveContentDependenciesFromChildSelfRelated</td>
<td class="success">0.810s</td>
<td class="success">passed</td>
</tr>
<tr>
<td class="success">testMoveContentDependenciesFromParent</td>
<td class="success">1.048s</td>
<td class="success">passed</td>
</tr>
<tr>
<td class="success">testMoveContentDependenciesFromParentSelfRelated</td>
<td class="success">0.985s</td>
<td class="success">passed</td>
</tr>
<tr>
<td class="success">testRemoveContentFromIndexMultilingualContent</td>
<td class="success">0.455s</td>
<td class="success">passed</td>
</tr>
<tr>
<td class="success">testSearchFileAssetByMetadata</td>
<td class="success">0.878s</td>
<td class="success">passed</td>
</tr>
<tr>
<td class="success">testSetTemplateForAPageMustKeepTheSameTemplateForWorkingVersionsNoLive</td>
<td class="success">2.528s</td>
<td class="success">passed</td>
</tr>
<tr>
<td class="success">testSetTemplateForAPageMustKeepTheSameTemplateForWorkingVersionsOnly</td>
<td class="success">1.142s</td>
<td class="success">passed</td>
</tr>
<tr>
<td class="success">testUniqueTextFieldContentlets[0: com.dotmarketing.portlets.contentlet.business.ContentletAPITest$testCaseUniqueTextField@20e3b284]</td>
<td class="success">0.571s</td>
<td class="success">passed</td>
</tr>
<tr>
<td class="success">testUniqueTextFieldContentlets[1: com.dotmarketing.portlets.contentlet.business.ContentletAPITest$testCaseUniqueTextField@5e857f0b]</td>
<td class="success">0.637s</td>
<td class="success">passed</td>
</tr>
<tr>
<td class="success">testUniqueTextFieldContentlets[2: com.dotmarketing.portlets.contentlet.business.ContentletAPITest$testCaseUniqueTextField@79fd1793]</td>
<td class="success">0.647s</td>
<td class="success">passed</td>
</tr>
<tr>
<td class="success">testUniqueTextFieldContentlets[3: com.dotmarketing.portlets.contentlet.business.ContentletAPITest$testCaseUniqueTextField@69f551d1]</td>
<td class="success">0.717s</td>
<td class="success">passed</td>
</tr>
<tr>
<td class="success">testUniqueTextFieldContentlets[4: com.dotmarketing.portlets.contentlet.business.ContentletAPITest$testCaseUniqueTextField@54bfa9f9]</td>
<td class="success">0.774s</td>
<td class="success">passed</td>
</tr>
<tr>
<td class="success">testUniqueTextFieldContentlets[5: com.dotmarketing.portlets.contentlet.business.ContentletAPITest$testCaseUniqueTextField@2137e942]</td>
<td class="success">0.643s</td>
<td class="success">passed</td>
</tr>
<tr>
<td class="success">testUniqueTextFieldContentlets[6: com.dotmarketing.portlets.contentlet.business.ContentletAPITest$testCaseUniqueTextField@30e72378]</td>
<td class="success">0.668s</td>
<td class="success">passed</td>
</tr>
<tr>
<td class="success">testUniqueTextFieldContentlets[7: com.dotmarketing.portlets.contentlet.business.ContentletAPITest$testCaseUniqueTextField@73df976c]</td>
<td class="success">0.675s</td>
<td class="success">passed</td>
</tr>
<tr>
<td class="success">testUniqueTextFieldContentlets[8: com.dotmarketing.portlets.contentlet.business.ContentletAPITest$testCaseUniqueTextField@5a06188f]</td>
<td class="success">0.620s</td>
<td class="success">passed</td>
</tr>
<tr>
<td class="success">testUniqueTextFieldLiveAndWorkingWithDiffValues</td>
<td class="success">2.764s</td>
<td class="success">passed</td>
</tr>
<tr>
<td class="success">testUniqueTextFieldWithDataTypeWholeNumber</td>
<td class="success">0.485s</td>
<td class="success">passed</td>
</tr>
<tr>
<td class="success">testUpdatePublishExpireDatesFromIdentifier</td>
<td class="success">2.783s</td>
<td class="success">passed</td>
</tr>
<tr>
<td class="success">test_copyContentlet_contentletArchivedShouldCopyAsArchived</td>
<td class="success">0.347s</td>
<td class="success">passed</td>
</tr>
<tr>
<td class="success">test_findContentletByIdentifierOrFallback_existing_DotContentletStateException_expected_true</td>
<td class="success">0.096s</td>
<td class="success">passed</td>
</tr>
<tr>
<td class="success">test_findContentletByIdentifierOrFallback_existing_EnglishLive_WithSpanishWorking_fallback_true_expecting_English_true</td>
<td class="success">1.061s</td>
<td class="success">passed</td>
</tr>
<tr>
<td class="success">test_findContentletByIdentifierOrFallback_existing_EnglishLive_WithSpanishWorking_fallback_true_expecting_SpanishWorking_true</td>
<td class="success">1.027s</td>
<td class="success">passed</td>
</tr>
<tr>
<td class="success">test_findContentletByIdentifierOrFallback_existing_EnglishSpanish_fallback_false_expecting_Spanish_true</td>
<td class="success">0.260s</td>
<td class="success">passed</td>
</tr>
<tr>
<td class="success">test_findContentletByIdentifierOrFallback_existing_EnglishSpanish_fallback_true_expecting_Spanish_true</td>
<td class="success">0.284s</td>
<td class="success">passed</td>
</tr>
<tr>
<td class="success">test_findContentletByIdentifierOrFallback_existing_English_No_Spanish_fallback_false_expecting_False</td>
<td class="success">0.101s</td>
<td class="success">passed</td>
</tr>
<tr>
<td class="success">test_findContentletByIdentifierOrFallback_existing_English_version_no_Spanish_fallback_false_expecting_false</td>
<td class="success">0.049s</td>
<td class="success">passed</td>
</tr>
<tr>
<td class="success">test_findContentletByIdentifierOrFallback_existing_NonEnglish_WithSpanish_fallback_false_expecting_Spanish_true</td>
<td class="success">0.054s</td>
<td class="success">passed</td>
</tr>
<tr>
<td class="success">test_findContentletByIdentifierOrFallback_existing_NonEnglish_WithSpanish_fallback_true_expecting_Spanish_true</td>
<td class="success">0.513s</td>
<td class="success">passed</td>
</tr>
<tr>
<td class="success">test_findContentletByIdentifierOrFallback_existing_OnlySpanishWorking_fallback_true_expecting_English_true</td>
<td class="success">0.202s</td>
<td class="success">passed</td>
</tr>
<tr>
<td class="success">test_findContentletByIdentifierOrFallback_non_existing_DotContentletStateException_expected</td>
<td class="success">0.001s</td>
<td class="success">passed</td>
</tr>
<tr>
<td class="success">test_findInDb_returns_properly</td>
<td class="success">0.258s</td>
<td class="success">passed</td>
</tr>
<tr>
<td class="success">test_getAllRelationships_checkOrdering</td>
<td class="success">1.369s</td>
<td class="success">passed</td>
</tr>
<tr>
<td class="success">test_getAllRelationships_checkOrdering_selfRelatedContentType</td>
<td class="success">1.156s</td>
<td class="success">passed</td>
</tr>
<tr>
<td class="success">test_invalidate_shorty_cache</td>
<td class="success">0.547s</td>
<td class="success">passed</td>
</tr>
<tr>
<td class="skipped">test_saveMultilingualFileAssetBasedOnLegacyFile_shouldKeepBinaryFile</td>
<td class="skipped">-</td>
<td class="skipped">ignored</td>
</tr>
<tr>
<td class="success">test_update_mod_date_contentlet_expect_success</td>
<td class="success">0.078s</td>
<td class="success">passed</td>
</tr>
<tr>
<td class="success">test_validateContentlet_contentWithTabDividerField</td>
<td class="success">0.237s</td>
<td class="success">passed</td>
</tr>
<tr>
<td class="success">test_validateContentlet_noErrors_whenRelationChainSameContentType</td>
<td class="success">0.780s</td>
<td class="success">passed</td>
</tr>
<tr>
<td class="success">test_validateContentlet_wrong_mime_type_expect_DotContentletValidationException</td>
<td class="success">0.057s</td>
<td class="success">passed</td>
</tr>
<tr>
<td class="success">test_validateContentlet_wrong_size_expect_DotContentletValidationException</td>
<td class="success">0.045s</td>
<td class="success">passed</td>
</tr>
<tr>
<td class="success">unarchive</td>
<td class="success">0.124s</td>
<td class="success">passed</td>
</tr>
<tr>
<td class="success">unarchiveCollection</td>
<td class="success">0.305s</td>
<td class="success">passed</td>
</tr>
<tr>
<td class="success">unpublish</td>
<td class="success">0.165s</td>
<td class="success">passed</td>
</tr>
<tr>
<td class="success">unpublishCollection</td>
<td class="success">0.317s</td>
<td class="success">passed</td>
</tr>
<tr>
<td class="success">widgetInvalidateAllLang</td>
<td class="success">0.580s</td>
<td class="success">passed</td>
</tr>
</table>
</div>
<div id="tab2" class="tab">
<h2>Standard error</h2>
<span class="code">
<pre>Mar 18, 2022 7:04:56 PM com.hazelcast.nio.tcp.TcpIpAcceptor
INFO: [172.18.0.3]:5701 [dev] [3.9.2] Accepting socket connection from /127.0.0.1:35274
Mar 18, 2022 7:04:56 PM com.hazelcast.nio.tcp.TcpIpConnectionManager
INFO: [172.18.0.3]:5701 [dev] [3.9.2] Established socket connection between /127.0.0.1:5701 and /127.0.0.1:35274
Mar 18, 2022 7:04:56 PM com.hazelcast.nio.tcp.TcpIpConnection
INFO: [172.18.0.3]:5701 [dev] [3.9.2] Connection[id=1, /127.0.0.1:5701-&gt;/127.0.0.1:35274, endpoint=null, alive=false, type=NONE] closed. Reason: Connection closed by the other side
Mar 18, 2022 7:04:57 PM com.hazelcast.core.LifecycleService
INFO: [172.18.0.3]:5701 [dev] [3.9.2] [172.18.0.3]:5701 is SHUTTING_DOWN
Mar 18, 2022 7:04:57 PM com.hazelcast.instance.Node
INFO: [172.18.0.3]:5701 [dev] [3.9.2] Shutting down connection manager...
Mar 18, 2022 7:04:57 PM com.hazelcast.instance.Node
INFO: [172.18.0.3]:5701 [dev] [3.9.2] Shutting down node engine...
Mar 18, 2022 7:04:57 PM com.hazelcast.instance.NodeExtension
INFO: [172.18.0.3]:5701 [dev] [3.9.2] Destroying node NodeExtension.
Mar 18, 2022 7:04:57 PM com.hazelcast.instance.Node
INFO: [172.18.0.3]:5701 [dev] [3.9.2] Hazelcast Shutdown is completed in 18 ms.
Mar 18, 2022 7:04:57 PM com.hazelcast.core.LifecycleService
INFO: [172.18.0.3]:5701 [dev] [3.9.2] [172.18.0.3]:5701 is SHUTDOWN
Mar 18, 2022 7:04:57 PM com.hazelcast.instance.AddressPicker
INFO: [LOCAL] [dev] [3.9.2] Prefer IPv4 stack is true.
Mar 18, 2022 7:04:57 PM com.hazelcast.instance.AddressPicker
INFO: [LOCAL] [dev] [3.9.2] Picked [172.18.0.3]:5701, using socket ServerSocket[addr=/0.0.0.0,localport=5701], bind any local is true
Mar 18, 2022 7:04:57 PM com.hazelcast.system
INFO: [172.18.0.3]:5701 [dev] [3.9.2] Hazelcast 3.9.2 (20180103 - 17e4ec3) starting at [172.18.0.3]:5701
Mar 18, 2022 7:04:57 PM com.hazelcast.system
INFO: [172.18.0.3]:5701 [dev] [3.9.2] Copyright (c) 2008-2017, Hazelcast, Inc. All Rights Reserved.
Mar 18, 2022 7:04:57 PM com.hazelcast.system
INFO: [172.18.0.3]:5701 [dev] [3.9.2] Configured Hazelcast Serialization version: 1
Mar 18, 2022 7:04:57 PM com.hazelcast.spi.impl.operationservice.impl.BackpressureRegulator
INFO: [172.18.0.3]:5701 [dev] [3.9.2] Backpressure is disabled
Mar 18, 2022 7:04:57 PM com.hazelcast.spi.impl.operationexecutor.impl.OperationExecutorImpl
INFO: [172.18.0.3]:5701 [dev] [3.9.2] Starting 2 partition threads and 3 generic threads (1 dedicated for priority tasks)
Mar 18, 2022 7:04:57 PM com.hazelcast.internal.diagnostics.Diagnostics
INFO: [172.18.0.3]:5701 [dev] [3.9.2] Diagnostics disabled. To enable add -Dhazelcast.diagnostics.enabled=true to the JVM arguments.
Mar 18, 2022 7:04:57 PM com.hazelcast.core.LifecycleService
INFO: [172.18.0.3]:5701 [dev] [3.9.2] [172.18.0.3]:5701 is STARTING
Mar 18, 2022 7:04:57 PM com.hazelcast.instance.Node
WARNING: [172.18.0.3]:5701 [dev] [3.9.2] No join method is enabled! Starting standalone.
Mar 18, 2022 7:04:57 PM com.hazelcast.system
INFO: [172.18.0.3]:5701 [dev] [3.9.2] Cluster version set to 3.9
Mar 18, 2022 7:04:57 PM com.hazelcast.core.LifecycleService
INFO: [172.18.0.3]:5701 [dev] [3.9.2] [172.18.0.3]:5701 is STARTED
Mar 18, 2022 7:04:57 PM com.hazelcast.internal.partition.impl.PartitionStateManager
INFO: [172.18.0.3]:5701 [dev] [3.9.2] Initializing cluster partition table arrangement...
</pre>
</span>
</div>
</div>
<div id="footer">
<p>
<div>
<label class="hidden" id="label-for-line-wrapping-toggle" for="line-wrapping-toggle">Wrap lines
<input id="line-wrapping-toggle" type="checkbox" autocomplete="off"/>
</label>
</div>Generated by 
<a href="http://www.gradle.org">Gradle 4.10.2</a> at Mar 18, 2022, 7:50:09 PM</p>
</div>
</div>
</body>
</html>
