<!DOCTYPE html>
<html>
<head>
<meta http-equiv="Content-Type" content="text/html; charset=utf-8"/>
<meta http-equiv="x-ua-compatible" content="IE=edge"/>
<title>Test results - Class com.dotcms.enterprise.publishing.remote.bundler.DependencyBundlerTest</title>
<link href="../css/base-style.css" rel="stylesheet" type="text/css"/>
<link href="../css/style.css" rel="stylesheet" type="text/css"/>
<script src="../js/report.js" type="text/javascript"></script>
</head>
<body>
<div id="content">
<h1>Class com.dotcms.enterprise.publishing.remote.bundler.DependencyBundlerTest</h1>
<div class="breadcrumbs">
<a href="../index.html">all</a> &gt; 
<a href="../packages/com.dotcms.enterprise.publishing.remote.bundler.html">com.dotcms.enterprise.publishing.remote.bundler</a> &gt; DependencyBundlerTest</div>
<div id="summary">
<table>
<tr>
<td>
<div class="summaryGroup">
<table>
<tr>
<td>
<div class="infoBox" id="tests">
<div class="counter">138</div>
<p>tests</p>
</div>
</td>
<td>
<div class="infoBox" id="failures">
<div class="counter">10</div>
<p>failures</p>
</div>
</td>
<td>
<div class="infoBox" id="ignored">
<div class="counter">0</div>
<p>ignored</p>
</div>
</td>
<td>
<div class="infoBox" id="duration">
<div class="counter">3.961s</div>
<p>duration</p>
</div>
</td>
</tr>
</table>
</div>
</td>
<td>
<div class="infoBox failures" id="successRate">
<div class="percent">92%</div>
<p>successful</p>
</div>
</td>
</tr>
</table>
</div>
<div id="tabs">
<ul class="tabLinks">
<li>
<a href="#tab0">Failed tests</a>
</li>
<li>
<a href="#tab1">Tests</a>
</li>
<li>
<a href="#tab2">Standard output</a>
</li>
</ul>
<div id="tab0" class="tab">
<h2>Failed tests</h2>
<div class="test">
<a name="addAssetInBundle: Contentype with Relationship and filterDescriptorAllDependencies"></a>
<h3 class="failures">addAssetInBundle: Contentype with Relationship and filterDescriptorAllDependencies</h3>
<span class="code">
<pre>java.lang.AssertionError: manifestItems
f8967343c5b2f3d3e1c9b7af1d664dbe -&gt; INCLUDED,host,f8967343c5b2f3d3e1c9b7af1d664dbe,44f5cf38-3424-4e49-8280-ed118cfab3dd,test1629132409612.dotcms.com,System Host,/,,Dependency from: ID: 3a6d11e99135b84824bbd982e10d58a0 Title: testName1629132411266
30e1f16d0eab7189ccad6ac3eb44706e -&gt; INCLUDED,contenttype,30e1f16d0eab7189ccad6ac3eb44706e,,testName1629132411278,test1629132409612.dotcms.com,/,,Dependency from: ID: 029c010b-fc88-4f8e-9e4e-6587e1312119 Title: 
3d1a007ed37d1560ad33bbd4e426e73e -&gt; INCLUDED,contentlet,3d1a007ed37d1560ad33bbd4e426e73e,daf5dd51-7683-4075-972a-83a770d5d3e3,testVarname1629133190601.test1629133190601.name,System Host,/,,Added Automatically by dotCMS
5165592 -&gt; INCLUDED,language,5165592,,snWjvNxiGr,,,,Dependency from: ID: 75a682ba5f15f371e72e7108af74b512 Title: key-exists-as-contentlet85a07a92ed
029c010b-fc88-4f8e-9e4e-6587e1312119 -&gt; INCLUDED,relationship,029c010b-fc88-4f8e-9e4e-6587e1312119,,,,,,Dependency from: ID: 3a6d11e99135b84824bbd982e10d58a0 Title: testName1629132411266
3a6d11e99135b84824bbd982e10d58a0 -&gt; INCLUDED,contenttype,3a6d11e99135b84824bbd982e10d58a0,,testName1629132411266,test1629132409612.dotcms.com,/,,Added directly by User
1 -&gt; INCLUDED,language,1,,English,,,,Dependency from: ID: 412d7ea86d837593a46be0dc07ed094f Title: testVarname1629133190982.test1629133190982.name|INCLUDED,language,1,,English,,,,Dependency from: ID: 3d1a007ed37d1560ad33bbd4e426e73e Title: testVarname1629133190601.test1629133190601.name
f4d7c1b8-2c88-4071-abf1-a5328977b07d -&gt; INCLUDED,contenttype,f4d7c1b8-2c88-4071-abf1-a5328977b07d,,Language Variable,System Host,/,,Dependency from: ID: 75a682ba5f15f371e72e7108af74b512 Title: key-exists-as-contentlet85a07a92ed|INCLUDED,contenttype,f4d7c1b8-2c88-4071-abf1-a5328977b07d,,Language Variable,System Host,/,,Dependency from: ID: 412d7ea86d837593a46be0dc07ed094f Title: testVarname1629133190982.test1629133190982.name|INCLUDED,contenttype,f4d7c1b8-2c88-4071-abf1-a5328977b07d,,Language Variable,System Host,/,,Dependency from: ID: 3d1a007ed37d1560ad33bbd4e426e73e Title: testVarname1629133190601.test1629133190601.name
412d7ea86d837593a46be0dc07ed094f -&gt; INCLUDED,contentlet,412d7ea86d837593a46be0dc07ed094f,6ed346fd-39eb-4f6e-9f4c-f9554532f12a,testVarname1629133190982.test1629133190982.name,System Host,/,,Added Automatically by dotCMS|INCLUDED,contentlet,412d7ea86d837593a46be0dc07ed094f,19c83322-07be-49c2-8a08-cab348683142,testVarname1629133190982.test1629133190982.name,System Host,/,,Dependency from: ID: 412d7ea86d837593a46be0dc07ed094f Title: testVarname1629133190982.test1629133190982.name
8a7d5e23-da1e-420a-b4f0-471e7da8ea2d -&gt; INCLUDED,host,8a7d5e23-da1e-420a-b4f0-471e7da8ea2d,e37bcbb6-a214-40cf-81c2-8381d42c82c4,default,System Host,/,,Dependency from: ID: 75a682ba5f15f371e72e7108af74b512 Title: key-exists-as-contentlet85a07a92ed|INCLUDED,host,8a7d5e23-da1e-420a-b4f0-471e7da8ea2d,14469801-bf91-4b75-b1d8-9a93eb1d7b68,default,System Host,/,,Dependency from: ID: 75a682ba5f15f371e72e7108af74b512 Title: key-exists-as-contentlet85a07a92ed
d61a59e1-a49c-46f2-a929-db2b4bfa88b2 -&gt; INCLUDED,workflow,d61a59e1-a49c-46f2-a929-db2b4bfa88b2,,System Workflow,,,,Dependency from: ID: 3a6d11e99135b84824bbd982e10d58a0 Title: testName1629132411266|INCLUDED,workflow,d61a59e1-a49c-46f2-a929-db2b4bfa88b2,,System Workflow,,,,Dependency from: ID: f4d7c1b8-2c88-4071-abf1-a5328977b07d Title: Language Variable
75a682ba5f15f371e72e7108af74b512 -&gt; INCLUDED,contentlet,75a682ba5f15f371e72e7108af74b512,58bcaad4-1907-4183-966b-ba40ea5aac04,key-exists-as-contentlet85a07a92ed,default,/,,Added Automatically by dotCMS
bc9a1d37-dd2d-4d49-a29d-0c9be740bfaf -&gt; EXCLUDED,folder,bc9a1d37-dd2d-4d49-a29d-0c9be740bfaf,SYSTEM_FOLDER,System folder,System Host,,Excluded System Folder/Host,|EXCLUDED,folder,bc9a1d37-dd2d-4d49-a29d-0c9be740bfaf,SYSTEM_FOLDER,System folder,System Host,,Excluded System Folder/Host,
SYSTEM_HOST -&gt; EXCLUDED,host,SYSTEM_HOST,dbdec5e2-c02b-4cfb-83a9-4a4c4f3b2eb0,SYSTEM_HOST,System Host,/,Excluded System Folder/Host,
Manifest content
INCLUDED/EXCLUDED,object type, Id, inode, title, site, folder, excluded by, included by
INCLUDED,contentlet,75a682ba5f15f371e72e7108af74b512,58bcaad4-1907-4183-966b-ba40ea5aac04,key-exists-as-contentlet85a07a92ed,default,/,,Added Automatically by dotCMS
INCLUDED,contentlet,412d7ea86d837593a46be0dc07ed094f,6ed346fd-39eb-4f6e-9f4c-f9554532f12a,testVarname1629133190982.test1629133190982.name,System Host,/,,Added Automatically by dotCMS
INCLUDED,contentlet,3d1a007ed37d1560ad33bbd4e426e73e,daf5dd51-7683-4075-972a-83a770d5d3e3,testVarname1629133190601.test1629133190601.name,System Host,/,,Added Automatically by dotCMS
INCLUDED,contenttype,3a6d11e99135b84824bbd982e10d58a0,,testName1629132411266,test1629132409612.dotcms.com,/,,Added directly by User
INCLUDED,host,8a7d5e23-da1e-420a-b4f0-471e7da8ea2d,14469801-bf91-4b75-b1d8-9a93eb1d7b68,default,System Host,/,,Dependency from: ID: 75a682ba5f15f371e72e7108af74b512 Title: key-exists-as-contentlet85a07a92ed
EXCLUDED,host,SYSTEM_HOST,dbdec5e2-c02b-4cfb-83a9-4a4c4f3b2eb0,SYSTEM_HOST,System Host,/,Excluded System Folder/Host,
EXCLUDED,folder,bc9a1d37-dd2d-4d49-a29d-0c9be740bfaf,SYSTEM_FOLDER,System folder,System Host,,Excluded System Folder/Host,
INCLUDED,language,5165592,,snWjvNxiGr,,,,Dependency from: ID: 75a682ba5f15f371e72e7108af74b512 Title: key-exists-as-contentlet85a07a92ed
INCLUDED,language,1,,English,,,,Dependency from: ID: 3d1a007ed37d1560ad33bbd4e426e73e Title: testVarname1629133190601.test1629133190601.name
INCLUDED,host,f8967343c5b2f3d3e1c9b7af1d664dbe,44f5cf38-3424-4e49-8280-ed118cfab3dd,test1629132409612.dotcms.com,System Host,/,,Dependency from: ID: 3a6d11e99135b84824bbd982e10d58a0 Title: testName1629132411266
INCLUDED,workflow,d61a59e1-a49c-46f2-a929-db2b4bfa88b2,,System Workflow,,,,Dependency from: ID: 3a6d11e99135b84824bbd982e10d58a0 Title: testName1629132411266
INCLUDED,contenttype,f4d7c1b8-2c88-4071-abf1-a5328977b07d,,Language Variable,System Host,/,,Dependency from: ID: 3d1a007ed37d1560ad33bbd4e426e73e Title: testVarname1629133190601.test1629133190601.name
 expected:&lt;14&gt; but was:&lt;12&gt;
	at org.junit.Assert.fail(Assert.java:88)
	at org.junit.Assert.failNotEquals(Assert.java:834)
	at org.junit.Assert.assertEquals(Assert.java:645)
	at com.dotcms.publishing.PublisherAPIImplTest.assertManifestFile(PublisherAPIImplTest.java:572)
	at com.dotcms.enterprise.publishing.remote.bundler.DependencyBundlerTest.addAssetInBundle(DependencyBundlerTest.java:1251)
	at jdk.internal.reflect.GeneratedMethodAccessor1562.invoke(Unknown Source)
	at java.base/jdk.internal.reflect.DelegatingMethodAccessorImpl.invoke(DelegatingMethodAccessorImpl.java:43)
	at java.base/java.lang.reflect.Method.invoke(Method.java:566)
	at org.junit.runners.model.FrameworkMethod$1.runReflectiveCall(FrameworkMethod.java:50)
	at org.junit.internal.runners.model.ReflectiveCallable.run(ReflectiveCallable.java:12)
	at org.junit.runners.model.FrameworkMethod.invokeExplosively(FrameworkMethod.java:47)
	at com.tngtech.java.junit.dataprovider.DataProviderFrameworkMethod.invokeExplosively(DataProviderFrameworkMethod.java:119)
	at org.junit.internal.runners.statements.InvokeMethod.evaluate(InvokeMethod.java:17)
	at org.junit.internal.runners.statements.RunBefores.evaluate(RunBefores.java:26)
	at org.junit.rules.TestWatcher$1.evaluate(TestWatcher.java:55)
	at org.junit.rules.RunRules.evaluate(RunRules.java:20)
	at org.junit.runners.ParentRunner.runLeaf(ParentRunner.java:325)
	at com.dotcms.junit.CustomDataProviderRunner.runChild(CustomDataProviderRunner.java:28)
	at com.dotcms.junit.CustomDataProviderRunner.runChild(CustomDataProviderRunner.java:13)
	at org.junit.runners.ParentRunner$3.run(ParentRunner.java:290)
	at org.junit.runners.ParentRunner$1.schedule(ParentRunner.java:71)
	at org.junit.runners.ParentRunner.runChildren(ParentRunner.java:288)
	at org.junit.runners.ParentRunner.access$000(ParentRunner.java:58)
	at org.junit.runners.ParentRunner$2.evaluate(ParentRunner.java:268)
	at org.junit.runners.ParentRunner.run(ParentRunner.java:363)
	at com.dotcms.junit.MainBaseSuite$DotRunner.run(MainBaseSuite.java:60)
	at org.junit.runners.Suite.runChild(Suite.java:128)
	at org.junit.runners.Suite.runChild(Suite.java:27)
	at org.junit.runners.ParentRunner$3.run(ParentRunner.java:290)
	at org.junit.runners.ParentRunner$1.schedule(ParentRunner.java:71)
	at org.junit.runners.ParentRunner.runChildren(ParentRunner.java:288)
	at org.junit.runners.ParentRunner.access$000(ParentRunner.java:58)
	at org.junit.runners.ParentRunner$2.evaluate(ParentRunner.java:268)
	at org.junit.runners.ParentRunner.run(ParentRunner.java:363)
	at org.gradle.api.internal.tasks.testing.junit.JUnitTestClassExecutor.runTestClass(JUnitTestClassExecutor.java:106)
	at org.gradle.api.internal.tasks.testing.junit.JUnitTestClassExecutor.execute(JUnitTestClassExecutor.java:58)
	at org.gradle.api.internal.tasks.testing.junit.JUnitTestClassExecutor.execute(JUnitTestClassExecutor.java:38)
	at org.gradle.api.internal.tasks.testing.junit.AbstractJUnitTestClassProcessor.processTestClass(AbstractJUnitTestClassProcessor.java:66)
	at org.gradle.api.internal.tasks.testing.SuiteTestClassProcessor.processTestClass(SuiteTestClassProcessor.java:51)
	at java.base/jdk.internal.reflect.NativeMethodAccessorImpl.invoke0(Native Method)
	at java.base/jdk.internal.reflect.NativeMethodAccessorImpl.invoke(NativeMethodAccessorImpl.java:62)
	at java.base/jdk.internal.reflect.DelegatingMethodAccessorImpl.invoke(DelegatingMethodAccessorImpl.java:43)
	at java.base/java.lang.reflect.Method.invoke(Method.java:566)
	at org.gradle.internal.dispatch.ReflectionDispatch.dispatch(ReflectionDispatch.java:35)
	at org.gradle.internal.dispatch.ReflectionDispatch.dispatch(ReflectionDispatch.java:24)
	at org.gradle.internal.dispatch.ContextClassLoaderDispatch.dispatch(ContextClassLoaderDispatch.java:32)
	at org.gradle.internal.dispatch.ProxyDispatchAdapter$DispatchingInvocationHandler.invoke(ProxyDispatchAdapter.java:93)
	at com.sun.proxy.$Proxy2.processTestClass(Unknown Source)
	at org.gradle.api.internal.tasks.testing.worker.TestWorker.processTestClass(TestWorker.java:117)
	at java.base/jdk.internal.reflect.NativeMethodAccessorImpl.invoke0(Native Method)
	at java.base/jdk.internal.reflect.NativeMethodAccessorImpl.invoke(NativeMethodAccessorImpl.java:62)
	at java.base/jdk.internal.reflect.DelegatingMethodAccessorImpl.invoke(DelegatingMethodAccessorImpl.java:43)
	at java.base/java.lang.reflect.Method.invoke(Method.java:566)
	at org.gradle.internal.dispatch.ReflectionDispatch.dispatch(ReflectionDispatch.java:35)
	at org.gradle.internal.dispatch.ReflectionDispatch.dispatch(ReflectionDispatch.java:24)
	at org.gradle.internal.remote.internal.hub.MessageHubBackedObjectConnection$DispatchWrapper.dispatch(MessageHubBackedObjectConnection.java:155)
	at org.gradle.internal.remote.internal.hub.MessageHubBackedObjectConnection$DispatchWrapper.dispatch(MessageHubBackedObjectConnection.java:137)
	at org.gradle.internal.remote.internal.hub.MessageHub$Handler.run(MessageHub.java:404)
	at org.gradle.internal.concurrent.ExecutorPolicy$CatchAndRecordFailures.onExecute(ExecutorPolicy.java:63)
	at org.gradle.internal.concurrent.ManagedExecutorImpl$1.run(ManagedExecutorImpl.java:46)
	at java.base/java.util.concurrent.ThreadPoolExecutor.runWorker(ThreadPoolExecutor.java:1128)
	at java.base/java.util.concurrent.ThreadPoolExecutor$Worker.run(ThreadPoolExecutor.java:628)
	at org.gradle.internal.concurrent.ThreadFactoryImpl$ManagedThreadRunnable.run(ThreadFactoryImpl.java:55)
	at java.base/java.lang.Thread.run(Thread.java:829)
</pre>
</span>
</div>
<div class="test">
<a name="addAssetInBundle: Contentype with Relationship and filterDescriptorNotDependencies"></a>
<h3 class="failures">addAssetInBundle: Contentype with Relationship and filterDescriptorNotDependencies</h3>
<span class="code">
<pre>java.lang.AssertionError: manifestItems
3a6d11e99135b84824bbd982e10d58a0 -&gt; INCLUDED,contenttype,3a6d11e99135b84824bbd982e10d58a0,,testName1629132411266,test1629132409612.dotcms.com,/,,Added directly by User
bc9a1d37-dd2d-4d49-a29d-0c9be740bfaf -&gt; EXCLUDED,folder,bc9a1d37-dd2d-4d49-a29d-0c9be740bfaf,SYSTEM_FOLDER,System folder,System Host,,Excluded System Folder/Host,
f8967343c5b2f3d3e1c9b7af1d664dbe -&gt; EXCLUDED,host,f8967343c5b2f3d3e1c9b7af1d664dbe,44f5cf38-3424-4e49-8280-ed118cfab3dd,test1629132409612.dotcms.com,System Host,/,Excluded by filter,
d61a59e1-a49c-46f2-a929-db2b4bfa88b2 -&gt; EXCLUDED,workflow,d61a59e1-a49c-46f2-a929-db2b4bfa88b2,,System Workflow,,,Excluded by filter,
029c010b-fc88-4f8e-9e4e-6587e1312119 -&gt; EXCLUDED,relationship,029c010b-fc88-4f8e-9e4e-6587e1312119,,,,,Excluded by filter,
Manifest content
INCLUDED/EXCLUDED,object type, Id, inode, title, site, folder, excluded by, included by
INCLUDED,contenttype,3a6d11e99135b84824bbd982e10d58a0,,testName1629132411266,test1629132409612.dotcms.com,/,,Added directly by User
EXCLUDED,host,f8967343c5b2f3d3e1c9b7af1d664dbe,44f5cf38-3424-4e49-8280-ed118cfab3dd,test1629132409612.dotcms.com,System Host,/,Excluded by filter,
EXCLUDED,folder,bc9a1d37-dd2d-4d49-a29d-0c9be740bfaf,SYSTEM_FOLDER,System folder,System Host,,Excluded System Folder/Host,
EXCLUDED,workflow,d61a59e1-a49c-46f2-a929-db2b4bfa88b2,,System Workflow,,,Excluded by filter,
 expected:&lt;5&gt; but was:&lt;4&gt;
	at org.junit.Assert.fail(Assert.java:88)
	at org.junit.Assert.failNotEquals(Assert.java:834)
	at org.junit.Assert.assertEquals(Assert.java:645)
	at com.dotcms.publishing.PublisherAPIImplTest.assertManifestFile(PublisherAPIImplTest.java:572)
	at com.dotcms.enterprise.publishing.remote.bundler.DependencyBundlerTest.addAssetInBundle(DependencyBundlerTest.java:1251)
	at jdk.internal.reflect.GeneratedMethodAccessor1562.invoke(Unknown Source)
	at java.base/jdk.internal.reflect.DelegatingMethodAccessorImpl.invoke(DelegatingMethodAccessorImpl.java:43)
	at java.base/java.lang.reflect.Method.invoke(Method.java:566)
	at org.junit.runners.model.FrameworkMethod$1.runReflectiveCall(FrameworkMethod.java:50)
	at org.junit.internal.runners.model.ReflectiveCallable.run(ReflectiveCallable.java:12)
	at org.junit.runners.model.FrameworkMethod.invokeExplosively(FrameworkMethod.java:47)
	at com.tngtech.java.junit.dataprovider.DataProviderFrameworkMethod.invokeExplosively(DataProviderFrameworkMethod.java:119)
	at org.junit.internal.runners.statements.InvokeMethod.evaluate(InvokeMethod.java:17)
	at org.junit.internal.runners.statements.RunBefores.evaluate(RunBefores.java:26)
	at org.junit.rules.TestWatcher$1.evaluate(TestWatcher.java:55)
	at org.junit.rules.RunRules.evaluate(RunRules.java:20)
	at org.junit.runners.ParentRunner.runLeaf(ParentRunner.java:325)
	at com.dotcms.junit.CustomDataProviderRunner.runChild(CustomDataProviderRunner.java:28)
	at com.dotcms.junit.CustomDataProviderRunner.runChild(CustomDataProviderRunner.java:13)
	at org.junit.runners.ParentRunner$3.run(ParentRunner.java:290)
	at org.junit.runners.ParentRunner$1.schedule(ParentRunner.java:71)
	at org.junit.runners.ParentRunner.runChildren(ParentRunner.java:288)
	at org.junit.runners.ParentRunner.access$000(ParentRunner.java:58)
	at org.junit.runners.ParentRunner$2.evaluate(ParentRunner.java:268)
	at org.junit.runners.ParentRunner.run(ParentRunner.java:363)
	at com.dotcms.junit.MainBaseSuite$DotRunner.run(MainBaseSuite.java:60)
	at org.junit.runners.Suite.runChild(Suite.java:128)
	at org.junit.runners.Suite.runChild(Suite.java:27)
	at org.junit.runners.ParentRunner$3.run(ParentRunner.java:290)
	at org.junit.runners.ParentRunner$1.schedule(ParentRunner.java:71)
	at org.junit.runners.ParentRunner.runChildren(ParentRunner.java:288)
	at org.junit.runners.ParentRunner.access$000(ParentRunner.java:58)
	at org.junit.runners.ParentRunner$2.evaluate(ParentRunner.java:268)
	at org.junit.runners.ParentRunner.run(ParentRunner.java:363)
	at org.gradle.api.internal.tasks.testing.junit.JUnitTestClassExecutor.runTestClass(JUnitTestClassExecutor.java:106)
	at org.gradle.api.internal.tasks.testing.junit.JUnitTestClassExecutor.execute(JUnitTestClassExecutor.java:58)
	at org.gradle.api.internal.tasks.testing.junit.JUnitTestClassExecutor.execute(JUnitTestClassExecutor.java:38)
	at org.gradle.api.internal.tasks.testing.junit.AbstractJUnitTestClassProcessor.processTestClass(AbstractJUnitTestClassProcessor.java:66)
	at org.gradle.api.internal.tasks.testing.SuiteTestClassProcessor.processTestClass(SuiteTestClassProcessor.java:51)
	at java.base/jdk.internal.reflect.NativeMethodAccessorImpl.invoke0(Native Method)
	at java.base/jdk.internal.reflect.NativeMethodAccessorImpl.invoke(NativeMethodAccessorImpl.java:62)
	at java.base/jdk.internal.reflect.DelegatingMethodAccessorImpl.invoke(DelegatingMethodAccessorImpl.java:43)
	at java.base/java.lang.reflect.Method.invoke(Method.java:566)
	at org.gradle.internal.dispatch.ReflectionDispatch.dispatch(ReflectionDispatch.java:35)
	at org.gradle.internal.dispatch.ReflectionDispatch.dispatch(ReflectionDispatch.java:24)
	at org.gradle.internal.dispatch.ContextClassLoaderDispatch.dispatch(ContextClassLoaderDispatch.java:32)
	at org.gradle.internal.dispatch.ProxyDispatchAdapter$DispatchingInvocationHandler.invoke(ProxyDispatchAdapter.java:93)
	at com.sun.proxy.$Proxy2.processTestClass(Unknown Source)
	at org.gradle.api.internal.tasks.testing.worker.TestWorker.processTestClass(TestWorker.java:117)
	at java.base/jdk.internal.reflect.NativeMethodAccessorImpl.invoke0(Native Method)
	at java.base/jdk.internal.reflect.NativeMethodAccessorImpl.invoke(NativeMethodAccessorImpl.java:62)
	at java.base/jdk.internal.reflect.DelegatingMethodAccessorImpl.invoke(DelegatingMethodAccessorImpl.java:43)
	at java.base/java.lang.reflect.Method.invoke(Method.java:566)
	at org.gradle.internal.dispatch.ReflectionDispatch.dispatch(ReflectionDispatch.java:35)
	at org.gradle.internal.dispatch.ReflectionDispatch.dispatch(ReflectionDispatch.java:24)
	at org.gradle.internal.remote.internal.hub.MessageHubBackedObjectConnection$DispatchWrapper.dispatch(MessageHubBackedObjectConnection.java:155)
	at org.gradle.internal.remote.internal.hub.MessageHubBackedObjectConnection$DispatchWrapper.dispatch(MessageHubBackedObjectConnection.java:137)
	at org.gradle.internal.remote.internal.hub.MessageHub$Handler.run(MessageHub.java:404)
	at org.gradle.internal.concurrent.ExecutorPolicy$CatchAndRecordFailures.onExecute(ExecutorPolicy.java:63)
	at org.gradle.internal.concurrent.ManagedExecutorImpl$1.run(ManagedExecutorImpl.java:46)
	at java.base/java.util.concurrent.ThreadPoolExecutor.runWorker(ThreadPoolExecutor.java:1128)
	at java.base/java.util.concurrent.ThreadPoolExecutor$Worker.run(ThreadPoolExecutor.java:628)
	at org.gradle.internal.concurrent.ThreadFactoryImpl$ManagedThreadRunnable.run(ThreadFactoryImpl.java:55)
	at java.base/java.lang.Thread.run(Thread.java:829)
</pre>
</span>
</div>
<div class="test">
<a name="addAssetInBundle: Contentype with Relationship and filterDescriptorNotDependenciesRelationship"></a>
<h3 class="failures">addAssetInBundle: Contentype with Relationship and filterDescriptorNotDependenciesRelationship</h3>
<span class="code">
<pre>java.lang.AssertionError: manifestItems
3a6d11e99135b84824bbd982e10d58a0 -&gt; INCLUDED,contenttype,3a6d11e99135b84824bbd982e10d58a0,,testName1629132411266,test1629132409612.dotcms.com,/,,Added directly by User
bc9a1d37-dd2d-4d49-a29d-0c9be740bfaf -&gt; EXCLUDED,folder,bc9a1d37-dd2d-4d49-a29d-0c9be740bfaf,SYSTEM_FOLDER,System folder,System Host,,Excluded System Folder/Host,
f8967343c5b2f3d3e1c9b7af1d664dbe -&gt; EXCLUDED,host,f8967343c5b2f3d3e1c9b7af1d664dbe,44f5cf38-3424-4e49-8280-ed118cfab3dd,test1629132409612.dotcms.com,System Host,/,Excluded by filter,
d61a59e1-a49c-46f2-a929-db2b4bfa88b2 -&gt; EXCLUDED,workflow,d61a59e1-a49c-46f2-a929-db2b4bfa88b2,,System Workflow,,,Excluded by filter,
029c010b-fc88-4f8e-9e4e-6587e1312119 -&gt; EXCLUDED,relationship,029c010b-fc88-4f8e-9e4e-6587e1312119,,,,,Excluded by filter,
Manifest content
INCLUDED/EXCLUDED,object type, Id, inode, title, site, folder, excluded by, included by
INCLUDED,contenttype,3a6d11e99135b84824bbd982e10d58a0,,testName1629132411266,test1629132409612.dotcms.com,/,,Added directly by User
EXCLUDED,host,f8967343c5b2f3d3e1c9b7af1d664dbe,44f5cf38-3424-4e49-8280-ed118cfab3dd,test1629132409612.dotcms.com,System Host,/,Excluded by filter,
EXCLUDED,folder,bc9a1d37-dd2d-4d49-a29d-0c9be740bfaf,SYSTEM_FOLDER,System folder,System Host,,Excluded System Folder/Host,
EXCLUDED,workflow,d61a59e1-a49c-46f2-a929-db2b4bfa88b2,,System Workflow,,,Excluded by filter,
 expected:&lt;5&gt; but was:&lt;4&gt;
	at org.junit.Assert.fail(Assert.java:88)
	at org.junit.Assert.failNotEquals(Assert.java:834)
	at org.junit.Assert.assertEquals(Assert.java:645)
	at com.dotcms.publishing.PublisherAPIImplTest.assertManifestFile(PublisherAPIImplTest.java:572)
	at com.dotcms.enterprise.publishing.remote.bundler.DependencyBundlerTest.addAssetInBundle(DependencyBundlerTest.java:1251)
	at jdk.internal.reflect.GeneratedMethodAccessor1562.invoke(Unknown Source)
	at java.base/jdk.internal.reflect.DelegatingMethodAccessorImpl.invoke(DelegatingMethodAccessorImpl.java:43)
	at java.base/java.lang.reflect.Method.invoke(Method.java:566)
	at org.junit.runners.model.FrameworkMethod$1.runReflectiveCall(FrameworkMethod.java:50)
	at org.junit.internal.runners.model.ReflectiveCallable.run(ReflectiveCallable.java:12)
	at org.junit.runners.model.FrameworkMethod.invokeExplosively(FrameworkMethod.java:47)
	at com.tngtech.java.junit.dataprovider.DataProviderFrameworkMethod.invokeExplosively(DataProviderFrameworkMethod.java:119)
	at org.junit.internal.runners.statements.InvokeMethod.evaluate(InvokeMethod.java:17)
	at org.junit.internal.runners.statements.RunBefores.evaluate(RunBefores.java:26)
	at org.junit.rules.TestWatcher$1.evaluate(TestWatcher.java:55)
	at org.junit.rules.RunRules.evaluate(RunRules.java:20)
	at org.junit.runners.ParentRunner.runLeaf(ParentRunner.java:325)
	at com.dotcms.junit.CustomDataProviderRunner.runChild(CustomDataProviderRunner.java:28)
	at com.dotcms.junit.CustomDataProviderRunner.runChild(CustomDataProviderRunner.java:13)
	at org.junit.runners.ParentRunner$3.run(ParentRunner.java:290)
	at org.junit.runners.ParentRunner$1.schedule(ParentRunner.java:71)
	at org.junit.runners.ParentRunner.runChildren(ParentRunner.java:288)
	at org.junit.runners.ParentRunner.access$000(ParentRunner.java:58)
	at org.junit.runners.ParentRunner$2.evaluate(ParentRunner.java:268)
	at org.junit.runners.ParentRunner.run(ParentRunner.java:363)
	at com.dotcms.junit.MainBaseSuite$DotRunner.run(MainBaseSuite.java:60)
	at org.junit.runners.Suite.runChild(Suite.java:128)
	at org.junit.runners.Suite.runChild(Suite.java:27)
	at org.junit.runners.ParentRunner$3.run(ParentRunner.java:290)
	at org.junit.runners.ParentRunner$1.schedule(ParentRunner.java:71)
	at org.junit.runners.ParentRunner.runChildren(ParentRunner.java:288)
	at org.junit.runners.ParentRunner.access$000(ParentRunner.java:58)
	at org.junit.runners.ParentRunner$2.evaluate(ParentRunner.java:268)
	at org.junit.runners.ParentRunner.run(ParentRunner.java:363)
	at org.gradle.api.internal.tasks.testing.junit.JUnitTestClassExecutor.runTestClass(JUnitTestClassExecutor.java:106)
	at org.gradle.api.internal.tasks.testing.junit.JUnitTestClassExecutor.execute(JUnitTestClassExecutor.java:58)
	at org.gradle.api.internal.tasks.testing.junit.JUnitTestClassExecutor.execute(JUnitTestClassExecutor.java:38)
	at org.gradle.api.internal.tasks.testing.junit.AbstractJUnitTestClassProcessor.processTestClass(AbstractJUnitTestClassProcessor.java:66)
	at org.gradle.api.internal.tasks.testing.SuiteTestClassProcessor.processTestClass(SuiteTestClassProcessor.java:51)
	at java.base/jdk.internal.reflect.NativeMethodAccessorImpl.invoke0(Native Method)
	at java.base/jdk.internal.reflect.NativeMethodAccessorImpl.invoke(NativeMethodAccessorImpl.java:62)
	at java.base/jdk.internal.reflect.DelegatingMethodAccessorImpl.invoke(DelegatingMethodAccessorImpl.java:43)
	at java.base/java.lang.reflect.Method.invoke(Method.java:566)
	at org.gradle.internal.dispatch.ReflectionDispatch.dispatch(ReflectionDispatch.java:35)
	at org.gradle.internal.dispatch.ReflectionDispatch.dispatch(ReflectionDispatch.java:24)
	at org.gradle.internal.dispatch.ContextClassLoaderDispatch.dispatch(ContextClassLoaderDispatch.java:32)
	at org.gradle.internal.dispatch.ProxyDispatchAdapter$DispatchingInvocationHandler.invoke(ProxyDispatchAdapter.java:93)
	at com.sun.proxy.$Proxy2.processTestClass(Unknown Source)
	at org.gradle.api.internal.tasks.testing.worker.TestWorker.processTestClass(TestWorker.java:117)
	at java.base/jdk.internal.reflect.NativeMethodAccessorImpl.invoke0(Native Method)
	at java.base/jdk.internal.reflect.NativeMethodAccessorImpl.invoke(NativeMethodAccessorImpl.java:62)
	at java.base/jdk.internal.reflect.DelegatingMethodAccessorImpl.invoke(DelegatingMethodAccessorImpl.java:43)
	at java.base/java.lang.reflect.Method.invoke(Method.java:566)
	at org.gradle.internal.dispatch.ReflectionDispatch.dispatch(ReflectionDispatch.java:35)
	at org.gradle.internal.dispatch.ReflectionDispatch.dispatch(ReflectionDispatch.java:24)
	at org.gradle.internal.remote.internal.hub.MessageHubBackedObjectConnection$DispatchWrapper.dispatch(MessageHubBackedObjectConnection.java:155)
	at org.gradle.internal.remote.internal.hub.MessageHubBackedObjectConnection$DispatchWrapper.dispatch(MessageHubBackedObjectConnection.java:137)
	at org.gradle.internal.remote.internal.hub.MessageHub$Handler.run(MessageHub.java:404)
	at org.gradle.internal.concurrent.ExecutorPolicy$CatchAndRecordFailures.onExecute(ExecutorPolicy.java:63)
	at org.gradle.internal.concurrent.ManagedExecutorImpl$1.run(ManagedExecutorImpl.java:46)
	at java.base/java.util.concurrent.ThreadPoolExecutor.runWorker(ThreadPoolExecutor.java:1128)
	at java.base/java.util.concurrent.ThreadPoolExecutor$Worker.run(ThreadPoolExecutor.java:628)
	at org.gradle.internal.concurrent.ThreadFactoryImpl$ManagedThreadRunnable.run(ThreadFactoryImpl.java:55)
	at java.base/java.lang.Thread.run(Thread.java:829)
</pre>
</span>
</div>
<div class="test">
<a name="addAssetInBundle: Contentype with Relationship and filterDescriptorNotRelationship"></a>
<h3 class="failures">addAssetInBundle: Contentype with Relationship and filterDescriptorNotRelationship</h3>
<span class="code">
<pre>java.lang.AssertionError: manifestItems
1 -&gt; INCLUDED,language,1,,English,,,,Dependency from: ID: 412d7ea86d837593a46be0dc07ed094f Title: testVarname1629133190982.test1629133190982.name|INCLUDED,language,1,,English,,,,Dependency from: ID: 3d1a007ed37d1560ad33bbd4e426e73e Title: testVarname1629133190601.test1629133190601.name
f4d7c1b8-2c88-4071-abf1-a5328977b07d -&gt; INCLUDED,contenttype,f4d7c1b8-2c88-4071-abf1-a5328977b07d,,Language Variable,System Host,/,,Dependency from: ID: 75a682ba5f15f371e72e7108af74b512 Title: key-exists-as-contentlet85a07a92ed|INCLUDED,contenttype,f4d7c1b8-2c88-4071-abf1-a5328977b07d,,Language Variable,System Host,/,,Dependency from: ID: 412d7ea86d837593a46be0dc07ed094f Title: testVarname1629133190982.test1629133190982.name|INCLUDED,contenttype,f4d7c1b8-2c88-4071-abf1-a5328977b07d,,Language Variable,System Host,/,,Dependency from: ID: 3d1a007ed37d1560ad33bbd4e426e73e Title: testVarname1629133190601.test1629133190601.name
f8967343c5b2f3d3e1c9b7af1d664dbe -&gt; INCLUDED,host,f8967343c5b2f3d3e1c9b7af1d664dbe,44f5cf38-3424-4e49-8280-ed118cfab3dd,test1629132409612.dotcms.com,System Host,/,,Dependency from: ID: 3a6d11e99135b84824bbd982e10d58a0 Title: testName1629132411266
412d7ea86d837593a46be0dc07ed094f -&gt; INCLUDED,contentlet,412d7ea86d837593a46be0dc07ed094f,6ed346fd-39eb-4f6e-9f4c-f9554532f12a,testVarname1629133190982.test1629133190982.name,System Host,/,,Added Automatically by dotCMS|INCLUDED,contentlet,412d7ea86d837593a46be0dc07ed094f,19c83322-07be-49c2-8a08-cab348683142,testVarname1629133190982.test1629133190982.name,System Host,/,,Dependency from: ID: 412d7ea86d837593a46be0dc07ed094f Title: testVarname1629133190982.test1629133190982.name
3d1a007ed37d1560ad33bbd4e426e73e -&gt; INCLUDED,contentlet,3d1a007ed37d1560ad33bbd4e426e73e,daf5dd51-7683-4075-972a-83a770d5d3e3,testVarname1629133190601.test1629133190601.name,System Host,/,,Added Automatically by dotCMS
8a7d5e23-da1e-420a-b4f0-471e7da8ea2d -&gt; INCLUDED,host,8a7d5e23-da1e-420a-b4f0-471e7da8ea2d,e37bcbb6-a214-40cf-81c2-8381d42c82c4,default,System Host,/,,Dependency from: ID: 75a682ba5f15f371e72e7108af74b512 Title: key-exists-as-contentlet85a07a92ed|INCLUDED,host,8a7d5e23-da1e-420a-b4f0-471e7da8ea2d,14469801-bf91-4b75-b1d8-9a93eb1d7b68,default,System Host,/,,Dependency from: ID: 75a682ba5f15f371e72e7108af74b512 Title: key-exists-as-contentlet85a07a92ed
d61a59e1-a49c-46f2-a929-db2b4bfa88b2 -&gt; INCLUDED,workflow,d61a59e1-a49c-46f2-a929-db2b4bfa88b2,,System Workflow,,,,Dependency from: ID: 3a6d11e99135b84824bbd982e10d58a0 Title: testName1629132411266|INCLUDED,workflow,d61a59e1-a49c-46f2-a929-db2b4bfa88b2,,System Workflow,,,,Dependency from: ID: f4d7c1b8-2c88-4071-abf1-a5328977b07d Title: Language Variable
5165592 -&gt; INCLUDED,language,5165592,,snWjvNxiGr,,,,Dependency from: ID: 75a682ba5f15f371e72e7108af74b512 Title: key-exists-as-contentlet85a07a92ed
75a682ba5f15f371e72e7108af74b512 -&gt; INCLUDED,contentlet,75a682ba5f15f371e72e7108af74b512,58bcaad4-1907-4183-966b-ba40ea5aac04,key-exists-as-contentlet85a07a92ed,default,/,,Added Automatically by dotCMS
3a6d11e99135b84824bbd982e10d58a0 -&gt; INCLUDED,contenttype,3a6d11e99135b84824bbd982e10d58a0,,testName1629132411266,test1629132409612.dotcms.com,/,,Added directly by User
bc9a1d37-dd2d-4d49-a29d-0c9be740bfaf -&gt; EXCLUDED,folder,bc9a1d37-dd2d-4d49-a29d-0c9be740bfaf,SYSTEM_FOLDER,System folder,System Host,,Excluded System Folder/Host,|EXCLUDED,folder,bc9a1d37-dd2d-4d49-a29d-0c9be740bfaf,SYSTEM_FOLDER,System folder,System Host,,Excluded System Folder/Host,
SYSTEM_HOST -&gt; EXCLUDED,host,SYSTEM_HOST,dbdec5e2-c02b-4cfb-83a9-4a4c4f3b2eb0,SYSTEM_HOST,System Host,/,Excluded System Folder/Host,
029c010b-fc88-4f8e-9e4e-6587e1312119 -&gt; EXCLUDED,relationship,029c010b-fc88-4f8e-9e4e-6587e1312119,,,,,Excluded by filter,
Manifest content
INCLUDED/EXCLUDED,object type, Id, inode, title, site, folder, excluded by, included by
INCLUDED,contentlet,75a682ba5f15f371e72e7108af74b512,58bcaad4-1907-4183-966b-ba40ea5aac04,key-exists-as-contentlet85a07a92ed,default,/,,Added Automatically by dotCMS
INCLUDED,contentlet,412d7ea86d837593a46be0dc07ed094f,6ed346fd-39eb-4f6e-9f4c-f9554532f12a,testVarname1629133190982.test1629133190982.name,System Host,/,,Added Automatically by dotCMS
INCLUDED,contentlet,3d1a007ed37d1560ad33bbd4e426e73e,daf5dd51-7683-4075-972a-83a770d5d3e3,testVarname1629133190601.test1629133190601.name,System Host,/,,Added Automatically by dotCMS
INCLUDED,contenttype,3a6d11e99135b84824bbd982e10d58a0,,testName1629132411266,test1629132409612.dotcms.com,/,,Added directly by User
INCLUDED,host,f8967343c5b2f3d3e1c9b7af1d664dbe,44f5cf38-3424-4e49-8280-ed118cfab3dd,test1629132409612.dotcms.com,System Host,/,,Dependency from: ID: 3a6d11e99135b84824bbd982e10d58a0 Title: testName1629132411266
EXCLUDED,host,SYSTEM_HOST,dbdec5e2-c02b-4cfb-83a9-4a4c4f3b2eb0,SYSTEM_HOST,System Host,/,Excluded System Folder/Host,
INCLUDED,host,8a7d5e23-da1e-420a-b4f0-471e7da8ea2d,14469801-bf91-4b75-b1d8-9a93eb1d7b68,default,System Host,/,,Dependency from: ID: 75a682ba5f15f371e72e7108af74b512 Title: key-exists-as-contentlet85a07a92ed
EXCLUDED,folder,bc9a1d37-dd2d-4d49-a29d-0c9be740bfaf,SYSTEM_FOLDER,System folder,System Host,,Excluded System Folder/Host,
INCLUDED,language,5165592,,snWjvNxiGr,,,,Dependency from: ID: 75a682ba5f15f371e72e7108af74b512 Title: key-exists-as-contentlet85a07a92ed
INCLUDED,contenttype,f4d7c1b8-2c88-4071-abf1-a5328977b07d,,Language Variable,System Host,/,,Dependency from: ID: 75a682ba5f15f371e72e7108af74b512 Title: key-exists-as-contentlet85a07a92ed
INCLUDED,language,1,,English,,,,Dependency from: ID: 412d7ea86d837593a46be0dc07ed094f Title: testVarname1629133190982.test1629133190982.name
INCLUDED,workflow,d61a59e1-a49c-46f2-a929-db2b4bfa88b2,,System Workflow,,,,Dependency from: ID: 3a6d11e99135b84824bbd982e10d58a0 Title: testName1629132411266
 expected:&lt;13&gt; but was:&lt;12&gt;
	at org.junit.Assert.fail(Assert.java:88)
	at org.junit.Assert.failNotEquals(Assert.java:834)
	at org.junit.Assert.assertEquals(Assert.java:645)
	at com.dotcms.publishing.PublisherAPIImplTest.assertManifestFile(PublisherAPIImplTest.java:572)
	at com.dotcms.enterprise.publishing.remote.bundler.DependencyBundlerTest.addAssetInBundle(DependencyBundlerTest.java:1251)
	at jdk.internal.reflect.GeneratedMethodAccessor1562.invoke(Unknown Source)
	at java.base/jdk.internal.reflect.DelegatingMethodAccessorImpl.invoke(DelegatingMethodAccessorImpl.java:43)
	at java.base/java.lang.reflect.Method.invoke(Method.java:566)
	at org.junit.runners.model.FrameworkMethod$1.runReflectiveCall(FrameworkMethod.java:50)
	at org.junit.internal.runners.model.ReflectiveCallable.run(ReflectiveCallable.java:12)
	at org.junit.runners.model.FrameworkMethod.invokeExplosively(FrameworkMethod.java:47)
	at com.tngtech.java.junit.dataprovider.DataProviderFrameworkMethod.invokeExplosively(DataProviderFrameworkMethod.java:119)
	at org.junit.internal.runners.statements.InvokeMethod.evaluate(InvokeMethod.java:17)
	at org.junit.internal.runners.statements.RunBefores.evaluate(RunBefores.java:26)
	at org.junit.rules.TestWatcher$1.evaluate(TestWatcher.java:55)
	at org.junit.rules.RunRules.evaluate(RunRules.java:20)
	at org.junit.runners.ParentRunner.runLeaf(ParentRunner.java:325)
	at com.dotcms.junit.CustomDataProviderRunner.runChild(CustomDataProviderRunner.java:28)
	at com.dotcms.junit.CustomDataProviderRunner.runChild(CustomDataProviderRunner.java:13)
	at org.junit.runners.ParentRunner$3.run(ParentRunner.java:290)
	at org.junit.runners.ParentRunner$1.schedule(ParentRunner.java:71)
	at org.junit.runners.ParentRunner.runChildren(ParentRunner.java:288)
	at org.junit.runners.ParentRunner.access$000(ParentRunner.java:58)
	at org.junit.runners.ParentRunner$2.evaluate(ParentRunner.java:268)
	at org.junit.runners.ParentRunner.run(ParentRunner.java:363)
	at com.dotcms.junit.MainBaseSuite$DotRunner.run(MainBaseSuite.java:60)
	at org.junit.runners.Suite.runChild(Suite.java:128)
	at org.junit.runners.Suite.runChild(Suite.java:27)
	at org.junit.runners.ParentRunner$3.run(ParentRunner.java:290)
	at org.junit.runners.ParentRunner$1.schedule(ParentRunner.java:71)
	at org.junit.runners.ParentRunner.runChildren(ParentRunner.java:288)
	at org.junit.runners.ParentRunner.access$000(ParentRunner.java:58)
	at org.junit.runners.ParentRunner$2.evaluate(ParentRunner.java:268)
	at org.junit.runners.ParentRunner.run(ParentRunner.java:363)
	at org.gradle.api.internal.tasks.testing.junit.JUnitTestClassExecutor.runTestClass(JUnitTestClassExecutor.java:106)
	at org.gradle.api.internal.tasks.testing.junit.JUnitTestClassExecutor.execute(JUnitTestClassExecutor.java:58)
	at org.gradle.api.internal.tasks.testing.junit.JUnitTestClassExecutor.execute(JUnitTestClassExecutor.java:38)
	at org.gradle.api.internal.tasks.testing.junit.AbstractJUnitTestClassProcessor.processTestClass(AbstractJUnitTestClassProcessor.java:66)
	at org.gradle.api.internal.tasks.testing.SuiteTestClassProcessor.processTestClass(SuiteTestClassProcessor.java:51)
	at java.base/jdk.internal.reflect.NativeMethodAccessorImpl.invoke0(Native Method)
	at java.base/jdk.internal.reflect.NativeMethodAccessorImpl.invoke(NativeMethodAccessorImpl.java:62)
	at java.base/jdk.internal.reflect.DelegatingMethodAccessorImpl.invoke(DelegatingMethodAccessorImpl.java:43)
	at java.base/java.lang.reflect.Method.invoke(Method.java:566)
	at org.gradle.internal.dispatch.ReflectionDispatch.dispatch(ReflectionDispatch.java:35)
	at org.gradle.internal.dispatch.ReflectionDispatch.dispatch(ReflectionDispatch.java:24)
	at org.gradle.internal.dispatch.ContextClassLoaderDispatch.dispatch(ContextClassLoaderDispatch.java:32)
	at org.gradle.internal.dispatch.ProxyDispatchAdapter$DispatchingInvocationHandler.invoke(ProxyDispatchAdapter.java:93)
	at com.sun.proxy.$Proxy2.processTestClass(Unknown Source)
	at org.gradle.api.internal.tasks.testing.worker.TestWorker.processTestClass(TestWorker.java:117)
	at java.base/jdk.internal.reflect.NativeMethodAccessorImpl.invoke0(Native Method)
	at java.base/jdk.internal.reflect.NativeMethodAccessorImpl.invoke(NativeMethodAccessorImpl.java:62)
	at java.base/jdk.internal.reflect.DelegatingMethodAccessorImpl.invoke(DelegatingMethodAccessorImpl.java:43)
	at java.base/java.lang.reflect.Method.invoke(Method.java:566)
	at org.gradle.internal.dispatch.ReflectionDispatch.dispatch(ReflectionDispatch.java:35)
	at org.gradle.internal.dispatch.ReflectionDispatch.dispatch(ReflectionDispatch.java:24)
	at org.gradle.internal.remote.internal.hub.MessageHubBackedObjectConnection$DispatchWrapper.dispatch(MessageHubBackedObjectConnection.java:155)
	at org.gradle.internal.remote.internal.hub.MessageHubBackedObjectConnection$DispatchWrapper.dispatch(MessageHubBackedObjectConnection.java:137)
	at org.gradle.internal.remote.internal.hub.MessageHub$Handler.run(MessageHub.java:404)
	at org.gradle.internal.concurrent.ExecutorPolicy$CatchAndRecordFailures.onExecute(ExecutorPolicy.java:63)
	at org.gradle.internal.concurrent.ManagedExecutorImpl$1.run(ManagedExecutorImpl.java:46)
	at java.base/java.util.concurrent.ThreadPoolExecutor.runWorker(ThreadPoolExecutor.java:1128)
	at java.base/java.util.concurrent.ThreadPoolExecutor$Worker.run(ThreadPoolExecutor.java:628)
	at org.gradle.internal.concurrent.ThreadFactoryImpl$ManagedThreadRunnable.run(ThreadFactoryImpl.java:55)
	at java.base/java.lang.Thread.run(Thread.java:829)
</pre>
</span>
</div>
<div class="test">
<a name="addAssetInBundle: Host with Content and filterDescriptorAllDependencies"></a>
<h3 class="failures">addAssetInBundle: Host with Content and filterDescriptorAllDependencies</h3>
<span class="code">
<pre>java.lang.AssertionError: 3c79bf60814150750db20455c24756a7 -&gt; INCLUDED,contentlet,3c79bf60814150750db20455c24756a7,08065a66-8369-4c49-9c03-1c584a3edcbf,3c79bf60814150750db20455c24756a7,test1629132418375.dotcms.com,/,,Dependency from: ID: 3e4f4228526fa603a2034eb09be92055 Title: test1629132418375.dotcms.com
1 -&gt; INCLUDED,language,1,,English,,,,Dependency from: ID: 3c79bf60814150750db20455c24756a7 Title: 3c79bf60814150750db20455c24756a7|INCLUDED,language,1,,English,,,,Dependency from: ID: 412d7ea86d837593a46be0dc07ed094f Title: testVarname1629133190982.test1629133190982.name|INCLUDED,language,1,,English,,,,Dependency from: ID: 3d1a007ed37d1560ad33bbd4e426e73e Title: testVarname1629133190601.test1629133190601.name
ac4872e6bfb5ed69f08e929b9e24fb9a -&gt; INCLUDED,contenttype,ac4872e6bfb5ed69f08e929b9e24fb9a,,testName1629132419402,test1629132418375.dotcms.com,/,,Dependency from: ID: 3e4f4228526fa603a2034eb09be92055 Title: test1629132418375.dotcms.com
f4d7c1b8-2c88-4071-abf1-a5328977b07d -&gt; INCLUDED,contenttype,f4d7c1b8-2c88-4071-abf1-a5328977b07d,,Language Variable,System Host,/,,Dependency from: ID: 75a682ba5f15f371e72e7108af74b512 Title: key-exists-as-contentlet85a07a92ed|INCLUDED,contenttype,f4d7c1b8-2c88-4071-abf1-a5328977b07d,,Language Variable,System Host,/,,Dependency from: ID: 412d7ea86d837593a46be0dc07ed094f Title: testVarname1629133190982.test1629133190982.name|INCLUDED,contenttype,f4d7c1b8-2c88-4071-abf1-a5328977b07d,,Language Variable,System Host,/,,Dependency from: ID: 3d1a007ed37d1560ad33bbd4e426e73e Title: testVarname1629133190601.test1629133190601.name
412d7ea86d837593a46be0dc07ed094f -&gt; INCLUDED,contentlet,412d7ea86d837593a46be0dc07ed094f,6ed346fd-39eb-4f6e-9f4c-f9554532f12a,testVarname1629133190982.test1629133190982.name,System Host,/,,Added Automatically by dotCMS|INCLUDED,contentlet,412d7ea86d837593a46be0dc07ed094f,19c83322-07be-49c2-8a08-cab348683142,testVarname1629133190982.test1629133190982.name,System Host,/,,Dependency from: ID: 412d7ea86d837593a46be0dc07ed094f Title: testVarname1629133190982.test1629133190982.name
3d1a007ed37d1560ad33bbd4e426e73e -&gt; INCLUDED,contentlet,3d1a007ed37d1560ad33bbd4e426e73e,daf5dd51-7683-4075-972a-83a770d5d3e3,testVarname1629133190601.test1629133190601.name,System Host,/,,Added Automatically by dotCMS
8a7d5e23-da1e-420a-b4f0-471e7da8ea2d -&gt; INCLUDED,host,8a7d5e23-da1e-420a-b4f0-471e7da8ea2d,e37bcbb6-a214-40cf-81c2-8381d42c82c4,default,System Host,/,,Dependency from: ID: 75a682ba5f15f371e72e7108af74b512 Title: key-exists-as-contentlet85a07a92ed|INCLUDED,host,8a7d5e23-da1e-420a-b4f0-471e7da8ea2d,14469801-bf91-4b75-b1d8-9a93eb1d7b68,default,System Host,/,,Dependency from: ID: 75a682ba5f15f371e72e7108af74b512 Title: key-exists-as-contentlet85a07a92ed
3e4f4228526fa603a2034eb09be92055 -&gt; INCLUDED,host,3e4f4228526fa603a2034eb09be92055,bde1219f-a976-4591-a837-4033d2327ecc,test1629132418375.dotcms.com,System Host,/,,Added directly by User
d61a59e1-a49c-46f2-a929-db2b4bfa88b2 -&gt; INCLUDED,workflow,d61a59e1-a49c-46f2-a929-db2b4bfa88b2,,System Workflow,,,,Dependency from: ID: ac4872e6bfb5ed69f08e929b9e24fb9a Title: testName1629132419402|INCLUDED,workflow,d61a59e1-a49c-46f2-a929-db2b4bfa88b2,,System Workflow,,,,Dependency from: ID: f4d7c1b8-2c88-4071-abf1-a5328977b07d Title: Language Variable
5165592 -&gt; INCLUDED,language,5165592,,snWjvNxiGr,,,,Dependency from: ID: 75a682ba5f15f371e72e7108af74b512 Title: key-exists-as-contentlet85a07a92ed
75a682ba5f15f371e72e7108af74b512 -&gt; INCLUDED,contentlet,75a682ba5f15f371e72e7108af74b512,58bcaad4-1907-4183-966b-ba40ea5aac04,key-exists-as-contentlet85a07a92ed,default,/,,Added Automatically by dotCMS
bc9a1d37-dd2d-4d49-a29d-0c9be740bfaf -&gt; EXCLUDED,folder,bc9a1d37-dd2d-4d49-a29d-0c9be740bfaf,SYSTEM_FOLDER,System folder,System Host,,Excluded System Folder/Host,|EXCLUDED,folder,bc9a1d37-dd2d-4d49-a29d-0c9be740bfaf,SYSTEM_FOLDER,System folder,System Host,,Excluded System Folder/Host,
SYSTEM_HOST -&gt; EXCLUDED,host,SYSTEM_HOST,dbdec5e2-c02b-4cfb-83a9-4a4c4f3b2eb0,SYSTEM_HOST,System Host,/,Excluded System Folder/Host, not contain INCLUDED,contentlet,3c79bf60814150750db20455c24756a7,45271041-9603-4ce0-a28b-9fa8ed3d0450,3c79bf60814150750db20455c24756a7,test1629132418375.dotcms.com,/,,Dependency from: ID: 3e4f4228526fa603a2034eb09be92055 Title: test1629132418375.dotcms.com
	at org.junit.Assert.fail(Assert.java:88)
	at org.junit.Assert.assertTrue(Assert.java:41)
	at com.dotcms.publishing.PublisherAPIImplTest.assertManifestFile(PublisherAPIImplTest.java:566)
	at com.dotcms.enterprise.publishing.remote.bundler.DependencyBundlerTest.addAssetInBundle(DependencyBundlerTest.java:1251)
	at jdk.internal.reflect.GeneratedMethodAccessor1562.invoke(Unknown Source)
	at java.base/jdk.internal.reflect.DelegatingMethodAccessorImpl.invoke(DelegatingMethodAccessorImpl.java:43)
	at java.base/java.lang.reflect.Method.invoke(Method.java:566)
	at org.junit.runners.model.FrameworkMethod$1.runReflectiveCall(FrameworkMethod.java:50)
	at org.junit.internal.runners.model.ReflectiveCallable.run(ReflectiveCallable.java:12)
	at org.junit.runners.model.FrameworkMethod.invokeExplosively(FrameworkMethod.java:47)
	at com.tngtech.java.junit.dataprovider.DataProviderFrameworkMethod.invokeExplosively(DataProviderFrameworkMethod.java:119)
	at org.junit.internal.runners.statements.InvokeMethod.evaluate(InvokeMethod.java:17)
	at org.junit.internal.runners.statements.RunBefores.evaluate(RunBefores.java:26)
	at org.junit.rules.TestWatcher$1.evaluate(TestWatcher.java:55)
	at org.junit.rules.RunRules.evaluate(RunRules.java:20)
	at org.junit.runners.ParentRunner.runLeaf(ParentRunner.java:325)
	at com.dotcms.junit.CustomDataProviderRunner.runChild(CustomDataProviderRunner.java:28)
	at com.dotcms.junit.CustomDataProviderRunner.runChild(CustomDataProviderRunner.java:13)
	at org.junit.runners.ParentRunner$3.run(ParentRunner.java:290)
	at org.junit.runners.ParentRunner$1.schedule(ParentRunner.java:71)
	at org.junit.runners.ParentRunner.runChildren(ParentRunner.java:288)
	at org.junit.runners.ParentRunner.access$000(ParentRunner.java:58)
	at org.junit.runners.ParentRunner$2.evaluate(ParentRunner.java:268)
	at org.junit.runners.ParentRunner.run(ParentRunner.java:363)
	at com.dotcms.junit.MainBaseSuite$DotRunner.run(MainBaseSuite.java:60)
	at org.junit.runners.Suite.runChild(Suite.java:128)
	at org.junit.runners.Suite.runChild(Suite.java:27)
	at org.junit.runners.ParentRunner$3.run(ParentRunner.java:290)
	at org.junit.runners.ParentRunner$1.schedule(ParentRunner.java:71)
	at org.junit.runners.ParentRunner.runChildren(ParentRunner.java:288)
	at org.junit.runners.ParentRunner.access$000(ParentRunner.java:58)
	at org.junit.runners.ParentRunner$2.evaluate(ParentRunner.java:268)
	at org.junit.runners.ParentRunner.run(ParentRunner.java:363)
	at org.gradle.api.internal.tasks.testing.junit.JUnitTestClassExecutor.runTestClass(JUnitTestClassExecutor.java:106)
	at org.gradle.api.internal.tasks.testing.junit.JUnitTestClassExecutor.execute(JUnitTestClassExecutor.java:58)
	at org.gradle.api.internal.tasks.testing.junit.JUnitTestClassExecutor.execute(JUnitTestClassExecutor.java:38)
	at org.gradle.api.internal.tasks.testing.junit.AbstractJUnitTestClassProcessor.processTestClass(AbstractJUnitTestClassProcessor.java:66)
	at org.gradle.api.internal.tasks.testing.SuiteTestClassProcessor.processTestClass(SuiteTestClassProcessor.java:51)
	at java.base/jdk.internal.reflect.NativeMethodAccessorImpl.invoke0(Native Method)
	at java.base/jdk.internal.reflect.NativeMethodAccessorImpl.invoke(NativeMethodAccessorImpl.java:62)
	at java.base/jdk.internal.reflect.DelegatingMethodAccessorImpl.invoke(DelegatingMethodAccessorImpl.java:43)
	at java.base/java.lang.reflect.Method.invoke(Method.java:566)
	at org.gradle.internal.dispatch.ReflectionDispatch.dispatch(ReflectionDispatch.java:35)
	at org.gradle.internal.dispatch.ReflectionDispatch.dispatch(ReflectionDispatch.java:24)
	at org.gradle.internal.dispatch.ContextClassLoaderDispatch.dispatch(ContextClassLoaderDispatch.java:32)
	at org.gradle.internal.dispatch.ProxyDispatchAdapter$DispatchingInvocationHandler.invoke(ProxyDispatchAdapter.java:93)
	at com.sun.proxy.$Proxy2.processTestClass(Unknown Source)
	at org.gradle.api.internal.tasks.testing.worker.TestWorker.processTestClass(TestWorker.java:117)
	at java.base/jdk.internal.reflect.NativeMethodAccessorImpl.invoke0(Native Method)
	at java.base/jdk.internal.reflect.NativeMethodAccessorImpl.invoke(NativeMethodAccessorImpl.java:62)
	at java.base/jdk.internal.reflect.DelegatingMethodAccessorImpl.invoke(DelegatingMethodAccessorImpl.java:43)
	at java.base/java.lang.reflect.Method.invoke(Method.java:566)
	at org.gradle.internal.dispatch.ReflectionDispatch.dispatch(ReflectionDispatch.java:35)
	at org.gradle.internal.dispatch.ReflectionDispatch.dispatch(ReflectionDispatch.java:24)
	at org.gradle.internal.remote.internal.hub.MessageHubBackedObjectConnection$DispatchWrapper.dispatch(MessageHubBackedObjectConnection.java:155)
	at org.gradle.internal.remote.internal.hub.MessageHubBackedObjectConnection$DispatchWrapper.dispatch(MessageHubBackedObjectConnection.java:137)
	at org.gradle.internal.remote.internal.hub.MessageHub$Handler.run(MessageHub.java:404)
	at org.gradle.internal.concurrent.ExecutorPolicy$CatchAndRecordFailures.onExecute(ExecutorPolicy.java:63)
	at org.gradle.internal.concurrent.ManagedExecutorImpl$1.run(ManagedExecutorImpl.java:46)
	at java.base/java.util.concurrent.ThreadPoolExecutor.runWorker(ThreadPoolExecutor.java:1128)
	at java.base/java.util.concurrent.ThreadPoolExecutor$Worker.run(ThreadPoolExecutor.java:628)
	at org.gradle.internal.concurrent.ThreadFactoryImpl$ManagedThreadRunnable.run(ThreadFactoryImpl.java:55)
	at java.base/java.lang.Thread.run(Thread.java:829)
</pre>
</span>
</div>
<div class="test">
<a name="addAssetInBundle: Host with Content andfilterDescriptorNotDependencies"></a>
<h3 class="failures">addAssetInBundle: Host with Content andfilterDescriptorNotDependencies</h3>
<span class="code">
<pre>java.lang.AssertionError: 3e4f4228526fa603a2034eb09be92055 -&gt; INCLUDED,host,3e4f4228526fa603a2034eb09be92055,bde1219f-a976-4591-a837-4033d2327ecc,test1629132418375.dotcms.com,System Host,/,,Added directly by User
3c79bf60814150750db20455c24756a7 -&gt; EXCLUDED,contentlet,3c79bf60814150750db20455c24756a7,08065a66-8369-4c49-9c03-1c584a3edcbf,3c79bf60814150750db20455c24756a7,test1629132418375.dotcms.com,/,Excluded by filter,
ac4872e6bfb5ed69f08e929b9e24fb9a -&gt; EXCLUDED,contenttype,ac4872e6bfb5ed69f08e929b9e24fb9a,,testName1629132419402,test1629132418375.dotcms.com,/,Excluded by filter, not contain EXCLUDED,contentlet,3c79bf60814150750db20455c24756a7,45271041-9603-4ce0-a28b-9fa8ed3d0450,3c79bf60814150750db20455c24756a7,test1629132418375.dotcms.com,/,Excluded by filter,
	at org.junit.Assert.fail(Assert.java:88)
	at org.junit.Assert.assertTrue(Assert.java:41)
	at com.dotcms.publishing.PublisherAPIImplTest.assertManifestFile(PublisherAPIImplTest.java:566)
	at com.dotcms.enterprise.publishing.remote.bundler.DependencyBundlerTest.addAssetInBundle(DependencyBundlerTest.java:1251)
	at jdk.internal.reflect.GeneratedMethodAccessor1562.invoke(Unknown Source)
	at java.base/jdk.internal.reflect.DelegatingMethodAccessorImpl.invoke(DelegatingMethodAccessorImpl.java:43)
	at java.base/java.lang.reflect.Method.invoke(Method.java:566)
	at org.junit.runners.model.FrameworkMethod$1.runReflectiveCall(FrameworkMethod.java:50)
	at org.junit.internal.runners.model.ReflectiveCallable.run(ReflectiveCallable.java:12)
	at org.junit.runners.model.FrameworkMethod.invokeExplosively(FrameworkMethod.java:47)
	at com.tngtech.java.junit.dataprovider.DataProviderFrameworkMethod.invokeExplosively(DataProviderFrameworkMethod.java:119)
	at org.junit.internal.runners.statements.InvokeMethod.evaluate(InvokeMethod.java:17)
	at org.junit.internal.runners.statements.RunBefores.evaluate(RunBefores.java:26)
	at org.junit.rules.TestWatcher$1.evaluate(TestWatcher.java:55)
	at org.junit.rules.RunRules.evaluate(RunRules.java:20)
	at org.junit.runners.ParentRunner.runLeaf(ParentRunner.java:325)
	at com.dotcms.junit.CustomDataProviderRunner.runChild(CustomDataProviderRunner.java:28)
	at com.dotcms.junit.CustomDataProviderRunner.runChild(CustomDataProviderRunner.java:13)
	at org.junit.runners.ParentRunner$3.run(ParentRunner.java:290)
	at org.junit.runners.ParentRunner$1.schedule(ParentRunner.java:71)
	at org.junit.runners.ParentRunner.runChildren(ParentRunner.java:288)
	at org.junit.runners.ParentRunner.access$000(ParentRunner.java:58)
	at org.junit.runners.ParentRunner$2.evaluate(ParentRunner.java:268)
	at org.junit.runners.ParentRunner.run(ParentRunner.java:363)
	at com.dotcms.junit.MainBaseSuite$DotRunner.run(MainBaseSuite.java:60)
	at org.junit.runners.Suite.runChild(Suite.java:128)
	at org.junit.runners.Suite.runChild(Suite.java:27)
	at org.junit.runners.ParentRunner$3.run(ParentRunner.java:290)
	at org.junit.runners.ParentRunner$1.schedule(ParentRunner.java:71)
	at org.junit.runners.ParentRunner.runChildren(ParentRunner.java:288)
	at org.junit.runners.ParentRunner.access$000(ParentRunner.java:58)
	at org.junit.runners.ParentRunner$2.evaluate(ParentRunner.java:268)
	at org.junit.runners.ParentRunner.run(ParentRunner.java:363)
	at org.gradle.api.internal.tasks.testing.junit.JUnitTestClassExecutor.runTestClass(JUnitTestClassExecutor.java:106)
	at org.gradle.api.internal.tasks.testing.junit.JUnitTestClassExecutor.execute(JUnitTestClassExecutor.java:58)
	at org.gradle.api.internal.tasks.testing.junit.JUnitTestClassExecutor.execute(JUnitTestClassExecutor.java:38)
	at org.gradle.api.internal.tasks.testing.junit.AbstractJUnitTestClassProcessor.processTestClass(AbstractJUnitTestClassProcessor.java:66)
	at org.gradle.api.internal.tasks.testing.SuiteTestClassProcessor.processTestClass(SuiteTestClassProcessor.java:51)
	at java.base/jdk.internal.reflect.NativeMethodAccessorImpl.invoke0(Native Method)
	at java.base/jdk.internal.reflect.NativeMethodAccessorImpl.invoke(NativeMethodAccessorImpl.java:62)
	at java.base/jdk.internal.reflect.DelegatingMethodAccessorImpl.invoke(DelegatingMethodAccessorImpl.java:43)
	at java.base/java.lang.reflect.Method.invoke(Method.java:566)
	at org.gradle.internal.dispatch.ReflectionDispatch.dispatch(ReflectionDispatch.java:35)
	at org.gradle.internal.dispatch.ReflectionDispatch.dispatch(ReflectionDispatch.java:24)
	at org.gradle.internal.dispatch.ContextClassLoaderDispatch.dispatch(ContextClassLoaderDispatch.java:32)
	at org.gradle.internal.dispatch.ProxyDispatchAdapter$DispatchingInvocationHandler.invoke(ProxyDispatchAdapter.java:93)
	at com.sun.proxy.$Proxy2.processTestClass(Unknown Source)
	at org.gradle.api.internal.tasks.testing.worker.TestWorker.processTestClass(TestWorker.java:117)
	at java.base/jdk.internal.reflect.NativeMethodAccessorImpl.invoke0(Native Method)
	at java.base/jdk.internal.reflect.NativeMethodAccessorImpl.invoke(NativeMethodAccessorImpl.java:62)
	at java.base/jdk.internal.reflect.DelegatingMethodAccessorImpl.invoke(DelegatingMethodAccessorImpl.java:43)
	at java.base/java.lang.reflect.Method.invoke(Method.java:566)
	at org.gradle.internal.dispatch.ReflectionDispatch.dispatch(ReflectionDispatch.java:35)
	at org.gradle.internal.dispatch.ReflectionDispatch.dispatch(ReflectionDispatch.java:24)
	at org.gradle.internal.remote.internal.hub.MessageHubBackedObjectConnection$DispatchWrapper.dispatch(MessageHubBackedObjectConnection.java:155)
	at org.gradle.internal.remote.internal.hub.MessageHubBackedObjectConnection$DispatchWrapper.dispatch(MessageHubBackedObjectConnection.java:137)
	at org.gradle.internal.remote.internal.hub.MessageHub$Handler.run(MessageHub.java:404)
	at org.gradle.internal.concurrent.ExecutorPolicy$CatchAndRecordFailures.onExecute(ExecutorPolicy.java:63)
	at org.gradle.internal.concurrent.ManagedExecutorImpl$1.run(ManagedExecutorImpl.java:46)
	at java.base/java.util.concurrent.ThreadPoolExecutor.runWorker(ThreadPoolExecutor.java:1128)
	at java.base/java.util.concurrent.ThreadPoolExecutor$Worker.run(ThreadPoolExecutor.java:628)
	at org.gradle.internal.concurrent.ThreadFactoryImpl$ManagedThreadRunnable.run(ThreadFactoryImpl.java:55)
	at java.base/java.lang.Thread.run(Thread.java:829)
</pre>
</span>
</div>
<div class="test">
<a name="addAssetInBundle: Host with Content andfilterDescriptorNotDependenciesRelationship"></a>
<h3 class="failures">addAssetInBundle: Host with Content andfilterDescriptorNotDependenciesRelationship</h3>
<span class="code">
<pre>java.lang.AssertionError: 3e4f4228526fa603a2034eb09be92055 -&gt; INCLUDED,host,3e4f4228526fa603a2034eb09be92055,bde1219f-a976-4591-a837-4033d2327ecc,test1629132418375.dotcms.com,System Host,/,,Added directly by User
3c79bf60814150750db20455c24756a7 -&gt; EXCLUDED,contentlet,3c79bf60814150750db20455c24756a7,08065a66-8369-4c49-9c03-1c584a3edcbf,3c79bf60814150750db20455c24756a7,test1629132418375.dotcms.com,/,Excluded by filter,
ac4872e6bfb5ed69f08e929b9e24fb9a -&gt; EXCLUDED,contenttype,ac4872e6bfb5ed69f08e929b9e24fb9a,,testName1629132419402,test1629132418375.dotcms.com,/,Excluded by filter, not contain EXCLUDED,contentlet,3c79bf60814150750db20455c24756a7,45271041-9603-4ce0-a28b-9fa8ed3d0450,3c79bf60814150750db20455c24756a7,test1629132418375.dotcms.com,/,Excluded by filter,
	at org.junit.Assert.fail(Assert.java:88)
	at org.junit.Assert.assertTrue(Assert.java:41)
	at com.dotcms.publishing.PublisherAPIImplTest.assertManifestFile(PublisherAPIImplTest.java:566)
	at com.dotcms.enterprise.publishing.remote.bundler.DependencyBundlerTest.addAssetInBundle(DependencyBundlerTest.java:1251)
	at jdk.internal.reflect.GeneratedMethodAccessor1562.invoke(Unknown Source)
	at java.base/jdk.internal.reflect.DelegatingMethodAccessorImpl.invoke(DelegatingMethodAccessorImpl.java:43)
	at java.base/java.lang.reflect.Method.invoke(Method.java:566)
	at org.junit.runners.model.FrameworkMethod$1.runReflectiveCall(FrameworkMethod.java:50)
	at org.junit.internal.runners.model.ReflectiveCallable.run(ReflectiveCallable.java:12)
	at org.junit.runners.model.FrameworkMethod.invokeExplosively(FrameworkMethod.java:47)
	at com.tngtech.java.junit.dataprovider.DataProviderFrameworkMethod.invokeExplosively(DataProviderFrameworkMethod.java:119)
	at org.junit.internal.runners.statements.InvokeMethod.evaluate(InvokeMethod.java:17)
	at org.junit.internal.runners.statements.RunBefores.evaluate(RunBefores.java:26)
	at org.junit.rules.TestWatcher$1.evaluate(TestWatcher.java:55)
	at org.junit.rules.RunRules.evaluate(RunRules.java:20)
	at org.junit.runners.ParentRunner.runLeaf(ParentRunner.java:325)
	at com.dotcms.junit.CustomDataProviderRunner.runChild(CustomDataProviderRunner.java:28)
	at com.dotcms.junit.CustomDataProviderRunner.runChild(CustomDataProviderRunner.java:13)
	at org.junit.runners.ParentRunner$3.run(ParentRunner.java:290)
	at org.junit.runners.ParentRunner$1.schedule(ParentRunner.java:71)
	at org.junit.runners.ParentRunner.runChildren(ParentRunner.java:288)
	at org.junit.runners.ParentRunner.access$000(ParentRunner.java:58)
	at org.junit.runners.ParentRunner$2.evaluate(ParentRunner.java:268)
	at org.junit.runners.ParentRunner.run(ParentRunner.java:363)
	at com.dotcms.junit.MainBaseSuite$DotRunner.run(MainBaseSuite.java:60)
	at org.junit.runners.Suite.runChild(Suite.java:128)
	at org.junit.runners.Suite.runChild(Suite.java:27)
	at org.junit.runners.ParentRunner$3.run(ParentRunner.java:290)
	at org.junit.runners.ParentRunner$1.schedule(ParentRunner.java:71)
	at org.junit.runners.ParentRunner.runChildren(ParentRunner.java:288)
	at org.junit.runners.ParentRunner.access$000(ParentRunner.java:58)
	at org.junit.runners.ParentRunner$2.evaluate(ParentRunner.java:268)
	at org.junit.runners.ParentRunner.run(ParentRunner.java:363)
	at org.gradle.api.internal.tasks.testing.junit.JUnitTestClassExecutor.runTestClass(JUnitTestClassExecutor.java:106)
	at org.gradle.api.internal.tasks.testing.junit.JUnitTestClassExecutor.execute(JUnitTestClassExecutor.java:58)
	at org.gradle.api.internal.tasks.testing.junit.JUnitTestClassExecutor.execute(JUnitTestClassExecutor.java:38)
	at org.gradle.api.internal.tasks.testing.junit.AbstractJUnitTestClassProcessor.processTestClass(AbstractJUnitTestClassProcessor.java:66)
	at org.gradle.api.internal.tasks.testing.SuiteTestClassProcessor.processTestClass(SuiteTestClassProcessor.java:51)
	at java.base/jdk.internal.reflect.NativeMethodAccessorImpl.invoke0(Native Method)
	at java.base/jdk.internal.reflect.NativeMethodAccessorImpl.invoke(NativeMethodAccessorImpl.java:62)
	at java.base/jdk.internal.reflect.DelegatingMethodAccessorImpl.invoke(DelegatingMethodAccessorImpl.java:43)
	at java.base/java.lang.reflect.Method.invoke(Method.java:566)
	at org.gradle.internal.dispatch.ReflectionDispatch.dispatch(ReflectionDispatch.java:35)
	at org.gradle.internal.dispatch.ReflectionDispatch.dispatch(ReflectionDispatch.java:24)
	at org.gradle.internal.dispatch.ContextClassLoaderDispatch.dispatch(ContextClassLoaderDispatch.java:32)
	at org.gradle.internal.dispatch.ProxyDispatchAdapter$DispatchingInvocationHandler.invoke(ProxyDispatchAdapter.java:93)
	at com.sun.proxy.$Proxy2.processTestClass(Unknown Source)
	at org.gradle.api.internal.tasks.testing.worker.TestWorker.processTestClass(TestWorker.java:117)
	at java.base/jdk.internal.reflect.NativeMethodAccessorImpl.invoke0(Native Method)
	at java.base/jdk.internal.reflect.NativeMethodAccessorImpl.invoke(NativeMethodAccessorImpl.java:62)
	at java.base/jdk.internal.reflect.DelegatingMethodAccessorImpl.invoke(DelegatingMethodAccessorImpl.java:43)
	at java.base/java.lang.reflect.Method.invoke(Method.java:566)
	at org.gradle.internal.dispatch.ReflectionDispatch.dispatch(ReflectionDispatch.java:35)
	at org.gradle.internal.dispatch.ReflectionDispatch.dispatch(ReflectionDispatch.java:24)
	at org.gradle.internal.remote.internal.hub.MessageHubBackedObjectConnection$DispatchWrapper.dispatch(MessageHubBackedObjectConnection.java:155)
	at org.gradle.internal.remote.internal.hub.MessageHubBackedObjectConnection$DispatchWrapper.dispatch(MessageHubBackedObjectConnection.java:137)
	at org.gradle.internal.remote.internal.hub.MessageHub$Handler.run(MessageHub.java:404)
	at org.gradle.internal.concurrent.ExecutorPolicy$CatchAndRecordFailures.onExecute(ExecutorPolicy.java:63)
	at org.gradle.internal.concurrent.ManagedExecutorImpl$1.run(ManagedExecutorImpl.java:46)
	at java.base/java.util.concurrent.ThreadPoolExecutor.runWorker(ThreadPoolExecutor.java:1128)
	at java.base/java.util.concurrent.ThreadPoolExecutor$Worker.run(ThreadPoolExecutor.java:628)
	at org.gradle.internal.concurrent.ThreadFactoryImpl$ManagedThreadRunnable.run(ThreadFactoryImpl.java:55)
	at java.base/java.lang.Thread.run(Thread.java:829)
</pre>
</span>
</div>
<div class="test">
<a name="addAssetInBundle: Host with Content andfilterDescriptorNotRelationship"></a>
<h3 class="failures">addAssetInBundle: Host with Content andfilterDescriptorNotRelationship</h3>
<span class="code">
<pre>java.lang.AssertionError: 3c79bf60814150750db20455c24756a7 -&gt; INCLUDED,contentlet,3c79bf60814150750db20455c24756a7,08065a66-8369-4c49-9c03-1c584a3edcbf,3c79bf60814150750db20455c24756a7,test1629132418375.dotcms.com,/,,Dependency from: ID: 3e4f4228526fa603a2034eb09be92055 Title: test1629132418375.dotcms.com
1 -&gt; INCLUDED,language,1,,English,,,,Dependency from: ID: 3c79bf60814150750db20455c24756a7 Title: 3c79bf60814150750db20455c24756a7|INCLUDED,language,1,,English,,,,Dependency from: ID: 412d7ea86d837593a46be0dc07ed094f Title: testVarname1629133190982.test1629133190982.name|INCLUDED,language,1,,English,,,,Dependency from: ID: 3d1a007ed37d1560ad33bbd4e426e73e Title: testVarname1629133190601.test1629133190601.name
ac4872e6bfb5ed69f08e929b9e24fb9a -&gt; INCLUDED,contenttype,ac4872e6bfb5ed69f08e929b9e24fb9a,,testName1629132419402,test1629132418375.dotcms.com,/,,Dependency from: ID: 3e4f4228526fa603a2034eb09be92055 Title: test1629132418375.dotcms.com
f4d7c1b8-2c88-4071-abf1-a5328977b07d -&gt; INCLUDED,contenttype,f4d7c1b8-2c88-4071-abf1-a5328977b07d,,Language Variable,System Host,/,,Dependency from: ID: 75a682ba5f15f371e72e7108af74b512 Title: key-exists-as-contentlet85a07a92ed|INCLUDED,contenttype,f4d7c1b8-2c88-4071-abf1-a5328977b07d,,Language Variable,System Host,/,,Dependency from: ID: 412d7ea86d837593a46be0dc07ed094f Title: testVarname1629133190982.test1629133190982.name|INCLUDED,contenttype,f4d7c1b8-2c88-4071-abf1-a5328977b07d,,Language Variable,System Host,/,,Dependency from: ID: 3d1a007ed37d1560ad33bbd4e426e73e Title: testVarname1629133190601.test1629133190601.name
412d7ea86d837593a46be0dc07ed094f -&gt; INCLUDED,contentlet,412d7ea86d837593a46be0dc07ed094f,6ed346fd-39eb-4f6e-9f4c-f9554532f12a,testVarname1629133190982.test1629133190982.name,System Host,/,,Added Automatically by dotCMS|INCLUDED,contentlet,412d7ea86d837593a46be0dc07ed094f,19c83322-07be-49c2-8a08-cab348683142,testVarname1629133190982.test1629133190982.name,System Host,/,,Dependency from: ID: 412d7ea86d837593a46be0dc07ed094f Title: testVarname1629133190982.test1629133190982.name
3d1a007ed37d1560ad33bbd4e426e73e -&gt; INCLUDED,contentlet,3d1a007ed37d1560ad33bbd4e426e73e,daf5dd51-7683-4075-972a-83a770d5d3e3,testVarname1629133190601.test1629133190601.name,System Host,/,,Added Automatically by dotCMS
8a7d5e23-da1e-420a-b4f0-471e7da8ea2d -&gt; INCLUDED,host,8a7d5e23-da1e-420a-b4f0-471e7da8ea2d,e37bcbb6-a214-40cf-81c2-8381d42c82c4,default,System Host,/,,Dependency from: ID: 75a682ba5f15f371e72e7108af74b512 Title: key-exists-as-contentlet85a07a92ed|INCLUDED,host,8a7d5e23-da1e-420a-b4f0-471e7da8ea2d,14469801-bf91-4b75-b1d8-9a93eb1d7b68,default,System Host,/,,Dependency from: ID: 75a682ba5f15f371e72e7108af74b512 Title: key-exists-as-contentlet85a07a92ed
3e4f4228526fa603a2034eb09be92055 -&gt; INCLUDED,host,3e4f4228526fa603a2034eb09be92055,bde1219f-a976-4591-a837-4033d2327ecc,test1629132418375.dotcms.com,System Host,/,,Added directly by User
d61a59e1-a49c-46f2-a929-db2b4bfa88b2 -&gt; INCLUDED,workflow,d61a59e1-a49c-46f2-a929-db2b4bfa88b2,,System Workflow,,,,Dependency from: ID: ac4872e6bfb5ed69f08e929b9e24fb9a Title: testName1629132419402|INCLUDED,workflow,d61a59e1-a49c-46f2-a929-db2b4bfa88b2,,System Workflow,,,,Dependency from: ID: f4d7c1b8-2c88-4071-abf1-a5328977b07d Title: Language Variable
5165592 -&gt; INCLUDED,language,5165592,,snWjvNxiGr,,,,Dependency from: ID: 75a682ba5f15f371e72e7108af74b512 Title: key-exists-as-contentlet85a07a92ed
75a682ba5f15f371e72e7108af74b512 -&gt; INCLUDED,contentlet,75a682ba5f15f371e72e7108af74b512,58bcaad4-1907-4183-966b-ba40ea5aac04,key-exists-as-contentlet85a07a92ed,default,/,,Added Automatically by dotCMS
bc9a1d37-dd2d-4d49-a29d-0c9be740bfaf -&gt; EXCLUDED,folder,bc9a1d37-dd2d-4d49-a29d-0c9be740bfaf,SYSTEM_FOLDER,System folder,System Host,,Excluded System Folder/Host,|EXCLUDED,folder,bc9a1d37-dd2d-4d49-a29d-0c9be740bfaf,SYSTEM_FOLDER,System folder,System Host,,Excluded System Folder/Host,
SYSTEM_HOST -&gt; EXCLUDED,host,SYSTEM_HOST,dbdec5e2-c02b-4cfb-83a9-4a4c4f3b2eb0,SYSTEM_HOST,System Host,/,Excluded System Folder/Host, not contain INCLUDED,contentlet,3c79bf60814150750db20455c24756a7,45271041-9603-4ce0-a28b-9fa8ed3d0450,3c79bf60814150750db20455c24756a7,test1629132418375.dotcms.com,/,,Dependency from: ID: 3e4f4228526fa603a2034eb09be92055 Title: test1629132418375.dotcms.com
	at org.junit.Assert.fail(Assert.java:88)
	at org.junit.Assert.assertTrue(Assert.java:41)
	at com.dotcms.publishing.PublisherAPIImplTest.assertManifestFile(PublisherAPIImplTest.java:566)
	at com.dotcms.enterprise.publishing.remote.bundler.DependencyBundlerTest.addAssetInBundle(DependencyBundlerTest.java:1251)
	at jdk.internal.reflect.GeneratedMethodAccessor1562.invoke(Unknown Source)
	at java.base/jdk.internal.reflect.DelegatingMethodAccessorImpl.invoke(DelegatingMethodAccessorImpl.java:43)
	at java.base/java.lang.reflect.Method.invoke(Method.java:566)
	at org.junit.runners.model.FrameworkMethod$1.runReflectiveCall(FrameworkMethod.java:50)
	at org.junit.internal.runners.model.ReflectiveCallable.run(ReflectiveCallable.java:12)
	at org.junit.runners.model.FrameworkMethod.invokeExplosively(FrameworkMethod.java:47)
	at com.tngtech.java.junit.dataprovider.DataProviderFrameworkMethod.invokeExplosively(DataProviderFrameworkMethod.java:119)
	at org.junit.internal.runners.statements.InvokeMethod.evaluate(InvokeMethod.java:17)
	at org.junit.internal.runners.statements.RunBefores.evaluate(RunBefores.java:26)
	at org.junit.rules.TestWatcher$1.evaluate(TestWatcher.java:55)
	at org.junit.rules.RunRules.evaluate(RunRules.java:20)
	at org.junit.runners.ParentRunner.runLeaf(ParentRunner.java:325)
	at com.dotcms.junit.CustomDataProviderRunner.runChild(CustomDataProviderRunner.java:28)
	at com.dotcms.junit.CustomDataProviderRunner.runChild(CustomDataProviderRunner.java:13)
	at org.junit.runners.ParentRunner$3.run(ParentRunner.java:290)
	at org.junit.runners.ParentRunner$1.schedule(ParentRunner.java:71)
	at org.junit.runners.ParentRunner.runChildren(ParentRunner.java:288)
	at org.junit.runners.ParentRunner.access$000(ParentRunner.java:58)
	at org.junit.runners.ParentRunner$2.evaluate(ParentRunner.java:268)
	at org.junit.runners.ParentRunner.run(ParentRunner.java:363)
	at com.dotcms.junit.MainBaseSuite$DotRunner.run(MainBaseSuite.java:60)
	at org.junit.runners.Suite.runChild(Suite.java:128)
	at org.junit.runners.Suite.runChild(Suite.java:27)
	at org.junit.runners.ParentRunner$3.run(ParentRunner.java:290)
	at org.junit.runners.ParentRunner$1.schedule(ParentRunner.java:71)
	at org.junit.runners.ParentRunner.runChildren(ParentRunner.java:288)
	at org.junit.runners.ParentRunner.access$000(ParentRunner.java:58)
	at org.junit.runners.ParentRunner$2.evaluate(ParentRunner.java:268)
	at org.junit.runners.ParentRunner.run(ParentRunner.java:363)
	at org.gradle.api.internal.tasks.testing.junit.JUnitTestClassExecutor.runTestClass(JUnitTestClassExecutor.java:106)
	at org.gradle.api.internal.tasks.testing.junit.JUnitTestClassExecutor.execute(JUnitTestClassExecutor.java:58)
	at org.gradle.api.internal.tasks.testing.junit.JUnitTestClassExecutor.execute(JUnitTestClassExecutor.java:38)
	at org.gradle.api.internal.tasks.testing.junit.AbstractJUnitTestClassProcessor.processTestClass(AbstractJUnitTestClassProcessor.java:66)
	at org.gradle.api.internal.tasks.testing.SuiteTestClassProcessor.processTestClass(SuiteTestClassProcessor.java:51)
	at java.base/jdk.internal.reflect.NativeMethodAccessorImpl.invoke0(Native Method)
	at java.base/jdk.internal.reflect.NativeMethodAccessorImpl.invoke(NativeMethodAccessorImpl.java:62)
	at java.base/jdk.internal.reflect.DelegatingMethodAccessorImpl.invoke(DelegatingMethodAccessorImpl.java:43)
	at java.base/java.lang.reflect.Method.invoke(Method.java:566)
	at org.gradle.internal.dispatch.ReflectionDispatch.dispatch(ReflectionDispatch.java:35)
	at org.gradle.internal.dispatch.ReflectionDispatch.dispatch(ReflectionDispatch.java:24)
	at org.gradle.internal.dispatch.ContextClassLoaderDispatch.dispatch(ContextClassLoaderDispatch.java:32)
	at org.gradle.internal.dispatch.ProxyDispatchAdapter$DispatchingInvocationHandler.invoke(ProxyDispatchAdapter.java:93)
	at com.sun.proxy.$Proxy2.processTestClass(Unknown Source)
	at org.gradle.api.internal.tasks.testing.worker.TestWorker.processTestClass(TestWorker.java:117)
	at java.base/jdk.internal.reflect.NativeMethodAccessorImpl.invoke0(Native Method)
	at java.base/jdk.internal.reflect.NativeMethodAccessorImpl.invoke(NativeMethodAccessorImpl.java:62)
	at java.base/jdk.internal.reflect.DelegatingMethodAccessorImpl.invoke(DelegatingMethodAccessorImpl.java:43)
	at java.base/java.lang.reflect.Method.invoke(Method.java:566)
	at org.gradle.internal.dispatch.ReflectionDispatch.dispatch(ReflectionDispatch.java:35)
	at org.gradle.internal.dispatch.ReflectionDispatch.dispatch(ReflectionDispatch.java:24)
	at org.gradle.internal.remote.internal.hub.MessageHubBackedObjectConnection$DispatchWrapper.dispatch(MessageHubBackedObjectConnection.java:155)
	at org.gradle.internal.remote.internal.hub.MessageHubBackedObjectConnection$DispatchWrapper.dispatch(MessageHubBackedObjectConnection.java:137)
	at org.gradle.internal.remote.internal.hub.MessageHub$Handler.run(MessageHub.java:404)
	at org.gradle.internal.concurrent.ExecutorPolicy$CatchAndRecordFailures.onExecute(ExecutorPolicy.java:63)
	at org.gradle.internal.concurrent.ManagedExecutorImpl$1.run(ManagedExecutorImpl.java:46)
	at java.base/java.util.concurrent.ThreadPoolExecutor.runWorker(ThreadPoolExecutor.java:1128)
	at java.base/java.util.concurrent.ThreadPoolExecutor$Worker.run(ThreadPoolExecutor.java:628)
	at org.gradle.internal.concurrent.ThreadFactoryImpl$ManagedThreadRunnable.run(ThreadFactoryImpl.java:55)
	at java.base/java.lang.Thread.run(Thread.java:829)
</pre>
</span>
</div>
<div class="test">
<a name="addAssetInBundle: Page with filterDescriptorAllDependencies"></a>
<h3 class="failures">addAssetInBundle: Page with filterDescriptorAllDependencies</h3>
<span class="code">
<pre>java.lang.AssertionError: bd12884b7bda5fe3c9128b7161e66956 -&gt; INCLUDED,contenttype,bd12884b7bda5fe3c9128b7161e66956,,testName1629132424168,test1629132422641.dotcms.com,/,,Dependency from: ID: 0d4f870925fef147f0f6466d13f3ade9 Title: testTitle1629132424182
3d1a007ed37d1560ad33bbd4e426e73e -&gt; INCLUDED,contentlet,3d1a007ed37d1560ad33bbd4e426e73e,daf5dd51-7683-4075-972a-83a770d5d3e3,testVarname1629133190601.test1629133190601.name,System Host,/,,Added Automatically by dotCMS
0d4f870925fef147f0f6466d13f3ade9 -&gt; INCLUDED,containers,0d4f870925fef147f0f6466d13f3ade9,266d419c-82f3-48ef-bafe-795624dd62ff,testTitle1629132424182,,,,Dependency from: ID: f22b12ac241714d21a2c936c7d83d881 Title: testTitle1629132424190
c541abb1-69b3-4bc5-8430-5e09e5239cc8 -&gt; INCLUDED,contenttype,c541abb1-69b3-4bc5-8430-5e09e5239cc8,,Page Asset,System Host,/,,Dependency from: ID: 8cae17880e109da42220098b9a85291a Title: test-page-title-1629132424210
5165592 -&gt; INCLUDED,language,5165592,,snWjvNxiGr,,,,Dependency from: ID: 75a682ba5f15f371e72e7108af74b512 Title: key-exists-as-contentlet85a07a92ed
8cae17880e109da42220098b9a85291a -&gt; INCLUDED,contentlet,8cae17880e109da42220098b9a85291a,e12a2ea4-c2c7-4bf9-ad4e-5563648561ae,test-page-title-1629132424210,test1629132422641.dotcms.com,/,,Added directly by User
1 -&gt; INCLUDED,language,1,,English,,,,Dependency from: ID: 8cae17880e109da42220098b9a85291a Title: test-page-title-1629132424210|INCLUDED,language,1,,English,,,,Dependency from: ID: 412d7ea86d837593a46be0dc07ed094f Title: testVarname1629133190982.test1629133190982.name|INCLUDED,language,1,,English,,,,Dependency from: ID: 3d1a007ed37d1560ad33bbd4e426e73e Title: testVarname1629133190601.test1629133190601.name
f4d7c1b8-2c88-4071-abf1-a5328977b07d -&gt; INCLUDED,contenttype,f4d7c1b8-2c88-4071-abf1-a5328977b07d,,Language Variable,System Host,/,,Dependency from: ID: 75a682ba5f15f371e72e7108af74b512 Title: key-exists-as-contentlet85a07a92ed|INCLUDED,contenttype,f4d7c1b8-2c88-4071-abf1-a5328977b07d,,Language Variable,System Host,/,,Dependency from: ID: 412d7ea86d837593a46be0dc07ed094f Title: testVarname1629133190982.test1629133190982.name|INCLUDED,contenttype,f4d7c1b8-2c88-4071-abf1-a5328977b07d,,Language Variable,System Host,/,,Dependency from: ID: 3d1a007ed37d1560ad33bbd4e426e73e Title: testVarname1629133190601.test1629133190601.name
412d7ea86d837593a46be0dc07ed094f -&gt; INCLUDED,contentlet,412d7ea86d837593a46be0dc07ed094f,6ed346fd-39eb-4f6e-9f4c-f9554532f12a,testVarname1629133190982.test1629133190982.name,System Host,/,,Added Automatically by dotCMS|INCLUDED,contentlet,412d7ea86d837593a46be0dc07ed094f,19c83322-07be-49c2-8a08-cab348683142,testVarname1629133190982.test1629133190982.name,System Host,/,,Dependency from: ID: 412d7ea86d837593a46be0dc07ed094f Title: testVarname1629133190982.test1629133190982.name
8a7d5e23-da1e-420a-b4f0-471e7da8ea2d -&gt; INCLUDED,host,8a7d5e23-da1e-420a-b4f0-471e7da8ea2d,1b407535-67e3-4f21-ad00-8ef5ef492d64,default,System Host,/,,Dependency from: ID: f22b12ac241714d21a2c936c7d83d881 Title: testTitle1629132424190|INCLUDED,host,8a7d5e23-da1e-420a-b4f0-471e7da8ea2d,e37bcbb6-a214-40cf-81c2-8381d42c82c4,default,System Host,/,,Dependency from: ID: 75a682ba5f15f371e72e7108af74b512 Title: key-exists-as-contentlet85a07a92ed|INCLUDED,host,8a7d5e23-da1e-420a-b4f0-471e7da8ea2d,14469801-bf91-4b75-b1d8-9a93eb1d7b68,default,System Host,/,,Dependency from: ID: 75a682ba5f15f371e72e7108af74b512 Title: key-exists-as-contentlet85a07a92ed
f22b12ac241714d21a2c936c7d83d881 -&gt; INCLUDED,template,f22b12ac241714d21a2c936c7d83d881,cbeb8c61-001c-4232-936c-b49df1ae478d,testTitle1629132424190,,,,Dependency from: ID: 8cae17880e109da42220098b9a85291a Title: test-page-title-1629132424210
d61a59e1-a49c-46f2-a929-db2b4bfa88b2 -&gt; INCLUDED,workflow,d61a59e1-a49c-46f2-a929-db2b4bfa88b2,,System Workflow,,,,Dependency from: ID: c541abb1-69b3-4bc5-8430-5e09e5239cc8 Title: Page Asset|INCLUDED,workflow,d61a59e1-a49c-46f2-a929-db2b4bfa88b2,,System Workflow,,,,Dependency from: ID: bd12884b7bda5fe3c9128b7161e66956 Title: testName1629132424168|INCLUDED,workflow,d61a59e1-a49c-46f2-a929-db2b4bfa88b2,,System Workflow,,,,Dependency from: ID: f4d7c1b8-2c88-4071-abf1-a5328977b07d Title: Language Variable
cdf65dab8022ff6af9919703b3ca6b0a -&gt; INCLUDED,host,cdf65dab8022ff6af9919703b3ca6b0a,58e2f76e-faa2-4085-a1e8-abc59f5ad740,test1629132422641.dotcms.com,System Host,/,,Dependency from: ID: 8cae17880e109da42220098b9a85291a Title: test-page-title-1629132424210
75a682ba5f15f371e72e7108af74b512 -&gt; INCLUDED,contentlet,75a682ba5f15f371e72e7108af74b512,58bcaad4-1907-4183-966b-ba40ea5aac04,key-exists-as-contentlet85a07a92ed,default,/,,Added Automatically by dotCMS
bc9a1d37-dd2d-4d49-a29d-0c9be740bfaf -&gt; EXCLUDED,folder,bc9a1d37-dd2d-4d49-a29d-0c9be740bfaf,SYSTEM_FOLDER,System folder,System Host,,Excluded System Folder/Host,|EXCLUDED,folder,bc9a1d37-dd2d-4d49-a29d-0c9be740bfaf,SYSTEM_FOLDER,System folder,System Host,,Excluded System Folder/Host,
SYSTEM_HOST -&gt; EXCLUDED,host,SYSTEM_HOST,dbdec5e2-c02b-4cfb-83a9-4a4c4f3b2eb0,SYSTEM_HOST,System Host,/,Excluded System Folder/Host,|EXCLUDED,host,SYSTEM_HOST,dbdec5e2-c02b-4cfb-83a9-4a4c4f3b2eb0,SYSTEM_HOST,System Host,/,Excluded System Folder/Host, not contain INCLUDED,host,cdf65dab8022ff6af9919703b3ca6b0a,58e2f76e-faa2-4085-a1e8-abc59f5ad740,test1629132422641.dotcms.com,System Host,/,,Dependency from: 8cae17880e109da42220098b9a85291a
	at org.junit.Assert.fail(Assert.java:88)
	at org.junit.Assert.assertTrue(Assert.java:41)
	at com.dotcms.publishing.PublisherAPIImplTest.assertManifestFile(PublisherAPIImplTest.java:566)
	at com.dotcms.enterprise.publishing.remote.bundler.DependencyBundlerTest.addAssetInBundle(DependencyBundlerTest.java:1251)
	at jdk.internal.reflect.GeneratedMethodAccessor1562.invoke(Unknown Source)
	at java.base/jdk.internal.reflect.DelegatingMethodAccessorImpl.invoke(DelegatingMethodAccessorImpl.java:43)
	at java.base/java.lang.reflect.Method.invoke(Method.java:566)
	at org.junit.runners.model.FrameworkMethod$1.runReflectiveCall(FrameworkMethod.java:50)
	at org.junit.internal.runners.model.ReflectiveCallable.run(ReflectiveCallable.java:12)
	at org.junit.runners.model.FrameworkMethod.invokeExplosively(FrameworkMethod.java:47)
	at com.tngtech.java.junit.dataprovider.DataProviderFrameworkMethod.invokeExplosively(DataProviderFrameworkMethod.java:119)
	at org.junit.internal.runners.statements.InvokeMethod.evaluate(InvokeMethod.java:17)
	at org.junit.internal.runners.statements.RunBefores.evaluate(RunBefores.java:26)
	at org.junit.rules.TestWatcher$1.evaluate(TestWatcher.java:55)
	at org.junit.rules.RunRules.evaluate(RunRules.java:20)
	at org.junit.runners.ParentRunner.runLeaf(ParentRunner.java:325)
	at com.dotcms.junit.CustomDataProviderRunner.runChild(CustomDataProviderRunner.java:28)
	at com.dotcms.junit.CustomDataProviderRunner.runChild(CustomDataProviderRunner.java:13)
	at org.junit.runners.ParentRunner$3.run(ParentRunner.java:290)
	at org.junit.runners.ParentRunner$1.schedule(ParentRunner.java:71)
	at org.junit.runners.ParentRunner.runChildren(ParentRunner.java:288)
	at org.junit.runners.ParentRunner.access$000(ParentRunner.java:58)
	at org.junit.runners.ParentRunner$2.evaluate(ParentRunner.java:268)
	at org.junit.runners.ParentRunner.run(ParentRunner.java:363)
	at com.dotcms.junit.MainBaseSuite$DotRunner.run(MainBaseSuite.java:60)
	at org.junit.runners.Suite.runChild(Suite.java:128)
	at org.junit.runners.Suite.runChild(Suite.java:27)
	at org.junit.runners.ParentRunner$3.run(ParentRunner.java:290)
	at org.junit.runners.ParentRunner$1.schedule(ParentRunner.java:71)
	at org.junit.runners.ParentRunner.runChildren(ParentRunner.java:288)
	at org.junit.runners.ParentRunner.access$000(ParentRunner.java:58)
	at org.junit.runners.ParentRunner$2.evaluate(ParentRunner.java:268)
	at org.junit.runners.ParentRunner.run(ParentRunner.java:363)
	at org.gradle.api.internal.tasks.testing.junit.JUnitTestClassExecutor.runTestClass(JUnitTestClassExecutor.java:106)
	at org.gradle.api.internal.tasks.testing.junit.JUnitTestClassExecutor.execute(JUnitTestClassExecutor.java:58)
	at org.gradle.api.internal.tasks.testing.junit.JUnitTestClassExecutor.execute(JUnitTestClassExecutor.java:38)
	at org.gradle.api.internal.tasks.testing.junit.AbstractJUnitTestClassProcessor.processTestClass(AbstractJUnitTestClassProcessor.java:66)
	at org.gradle.api.internal.tasks.testing.SuiteTestClassProcessor.processTestClass(SuiteTestClassProcessor.java:51)
	at java.base/jdk.internal.reflect.NativeMethodAccessorImpl.invoke0(Native Method)
	at java.base/jdk.internal.reflect.NativeMethodAccessorImpl.invoke(NativeMethodAccessorImpl.java:62)
	at java.base/jdk.internal.reflect.DelegatingMethodAccessorImpl.invoke(DelegatingMethodAccessorImpl.java:43)
	at java.base/java.lang.reflect.Method.invoke(Method.java:566)
	at org.gradle.internal.dispatch.ReflectionDispatch.dispatch(ReflectionDispatch.java:35)
	at org.gradle.internal.dispatch.ReflectionDispatch.dispatch(ReflectionDispatch.java:24)
	at org.gradle.internal.dispatch.ContextClassLoaderDispatch.dispatch(ContextClassLoaderDispatch.java:32)
	at org.gradle.internal.dispatch.ProxyDispatchAdapter$DispatchingInvocationHandler.invoke(ProxyDispatchAdapter.java:93)
	at com.sun.proxy.$Proxy2.processTestClass(Unknown Source)
	at org.gradle.api.internal.tasks.testing.worker.TestWorker.processTestClass(TestWorker.java:117)
	at java.base/jdk.internal.reflect.NativeMethodAccessorImpl.invoke0(Native Method)
	at java.base/jdk.internal.reflect.NativeMethodAccessorImpl.invoke(NativeMethodAccessorImpl.java:62)
	at java.base/jdk.internal.reflect.DelegatingMethodAccessorImpl.invoke(DelegatingMethodAccessorImpl.java:43)
	at java.base/java.lang.reflect.Method.invoke(Method.java:566)
	at org.gradle.internal.dispatch.ReflectionDispatch.dispatch(ReflectionDispatch.java:35)
	at org.gradle.internal.dispatch.ReflectionDispatch.dispatch(ReflectionDispatch.java:24)
	at org.gradle.internal.remote.internal.hub.MessageHubBackedObjectConnection$DispatchWrapper.dispatch(MessageHubBackedObjectConnection.java:155)
	at org.gradle.internal.remote.internal.hub.MessageHubBackedObjectConnection$DispatchWrapper.dispatch(MessageHubBackedObjectConnection.java:137)
	at org.gradle.internal.remote.internal.hub.MessageHub$Handler.run(MessageHub.java:404)
	at org.gradle.internal.concurrent.ExecutorPolicy$CatchAndRecordFailures.onExecute(ExecutorPolicy.java:63)
	at org.gradle.internal.concurrent.ManagedExecutorImpl$1.run(ManagedExecutorImpl.java:46)
	at java.base/java.util.concurrent.ThreadPoolExecutor.runWorker(ThreadPoolExecutor.java:1128)
	at java.base/java.util.concurrent.ThreadPoolExecutor$Worker.run(ThreadPoolExecutor.java:628)
	at org.gradle.internal.concurrent.ThreadFactoryImpl$ManagedThreadRunnable.run(ThreadFactoryImpl.java:55)
	at java.base/java.lang.Thread.run(Thread.java:829)
</pre>
</span>
</div>
<div class="test">
<a name="addAssetInBundle: Page with filterDescriptorNotRelationship"></a>
<h3 class="failures">addAssetInBundle: Page with filterDescriptorNotRelationship</h3>
<span class="code">
<pre>java.lang.AssertionError: bd12884b7bda5fe3c9128b7161e66956 -&gt; INCLUDED,contenttype,bd12884b7bda5fe3c9128b7161e66956,,testName1629132424168,test1629132422641.dotcms.com,/,,Dependency from: ID: 0d4f870925fef147f0f6466d13f3ade9 Title: testTitle1629132424182
3d1a007ed37d1560ad33bbd4e426e73e -&gt; INCLUDED,contentlet,3d1a007ed37d1560ad33bbd4e426e73e,daf5dd51-7683-4075-972a-83a770d5d3e3,testVarname1629133190601.test1629133190601.name,System Host,/,,Added Automatically by dotCMS
0d4f870925fef147f0f6466d13f3ade9 -&gt; INCLUDED,containers,0d4f870925fef147f0f6466d13f3ade9,266d419c-82f3-48ef-bafe-795624dd62ff,testTitle1629132424182,,,,Dependency from: ID: f22b12ac241714d21a2c936c7d83d881 Title: testTitle1629132424190
c541abb1-69b3-4bc5-8430-5e09e5239cc8 -&gt; INCLUDED,contenttype,c541abb1-69b3-4bc5-8430-5e09e5239cc8,,Page Asset,System Host,/,,Dependency from: ID: 8cae17880e109da42220098b9a85291a Title: test-page-title-1629132424210
5165592 -&gt; INCLUDED,language,5165592,,snWjvNxiGr,,,,Dependency from: ID: 75a682ba5f15f371e72e7108af74b512 Title: key-exists-as-contentlet85a07a92ed
8cae17880e109da42220098b9a85291a -&gt; INCLUDED,contentlet,8cae17880e109da42220098b9a85291a,e12a2ea4-c2c7-4bf9-ad4e-5563648561ae,test-page-title-1629132424210,test1629132422641.dotcms.com,/,,Added directly by User
1 -&gt; INCLUDED,language,1,,English,,,,Dependency from: ID: 8cae17880e109da42220098b9a85291a Title: test-page-title-1629132424210|INCLUDED,language,1,,English,,,,Dependency from: ID: 412d7ea86d837593a46be0dc07ed094f Title: testVarname1629133190982.test1629133190982.name|INCLUDED,language,1,,English,,,,Dependency from: ID: 3d1a007ed37d1560ad33bbd4e426e73e Title: testVarname1629133190601.test1629133190601.name
f4d7c1b8-2c88-4071-abf1-a5328977b07d -&gt; INCLUDED,contenttype,f4d7c1b8-2c88-4071-abf1-a5328977b07d,,Language Variable,System Host,/,,Dependency from: ID: 75a682ba5f15f371e72e7108af74b512 Title: key-exists-as-contentlet85a07a92ed|INCLUDED,contenttype,f4d7c1b8-2c88-4071-abf1-a5328977b07d,,Language Variable,System Host,/,,Dependency from: ID: 412d7ea86d837593a46be0dc07ed094f Title: testVarname1629133190982.test1629133190982.name|INCLUDED,contenttype,f4d7c1b8-2c88-4071-abf1-a5328977b07d,,Language Variable,System Host,/,,Dependency from: ID: 3d1a007ed37d1560ad33bbd4e426e73e Title: testVarname1629133190601.test1629133190601.name
412d7ea86d837593a46be0dc07ed094f -&gt; INCLUDED,contentlet,412d7ea86d837593a46be0dc07ed094f,6ed346fd-39eb-4f6e-9f4c-f9554532f12a,testVarname1629133190982.test1629133190982.name,System Host,/,,Added Automatically by dotCMS|INCLUDED,contentlet,412d7ea86d837593a46be0dc07ed094f,19c83322-07be-49c2-8a08-cab348683142,testVarname1629133190982.test1629133190982.name,System Host,/,,Dependency from: ID: 412d7ea86d837593a46be0dc07ed094f Title: testVarname1629133190982.test1629133190982.name
8a7d5e23-da1e-420a-b4f0-471e7da8ea2d -&gt; INCLUDED,host,8a7d5e23-da1e-420a-b4f0-471e7da8ea2d,1b407535-67e3-4f21-ad00-8ef5ef492d64,default,System Host,/,,Dependency from: ID: f22b12ac241714d21a2c936c7d83d881 Title: testTitle1629132424190|INCLUDED,host,8a7d5e23-da1e-420a-b4f0-471e7da8ea2d,e37bcbb6-a214-40cf-81c2-8381d42c82c4,default,System Host,/,,Dependency from: ID: 75a682ba5f15f371e72e7108af74b512 Title: key-exists-as-contentlet85a07a92ed|INCLUDED,host,8a7d5e23-da1e-420a-b4f0-471e7da8ea2d,14469801-bf91-4b75-b1d8-9a93eb1d7b68,default,System Host,/,,Dependency from: ID: 75a682ba5f15f371e72e7108af74b512 Title: key-exists-as-contentlet85a07a92ed
f22b12ac241714d21a2c936c7d83d881 -&gt; INCLUDED,template,f22b12ac241714d21a2c936c7d83d881,cbeb8c61-001c-4232-936c-b49df1ae478d,testTitle1629132424190,,,,Dependency from: ID: 8cae17880e109da42220098b9a85291a Title: test-page-title-1629132424210
d61a59e1-a49c-46f2-a929-db2b4bfa88b2 -&gt; INCLUDED,workflow,d61a59e1-a49c-46f2-a929-db2b4bfa88b2,,System Workflow,,,,Dependency from: ID: c541abb1-69b3-4bc5-8430-5e09e5239cc8 Title: Page Asset|INCLUDED,workflow,d61a59e1-a49c-46f2-a929-db2b4bfa88b2,,System Workflow,,,,Dependency from: ID: bd12884b7bda5fe3c9128b7161e66956 Title: testName1629132424168|INCLUDED,workflow,d61a59e1-a49c-46f2-a929-db2b4bfa88b2,,System Workflow,,,,Dependency from: ID: f4d7c1b8-2c88-4071-abf1-a5328977b07d Title: Language Variable
cdf65dab8022ff6af9919703b3ca6b0a -&gt; INCLUDED,host,cdf65dab8022ff6af9919703b3ca6b0a,58e2f76e-faa2-4085-a1e8-abc59f5ad740,test1629132422641.dotcms.com,System Host,/,,Dependency from: ID: 8cae17880e109da42220098b9a85291a Title: test-page-title-1629132424210
75a682ba5f15f371e72e7108af74b512 -&gt; INCLUDED,contentlet,75a682ba5f15f371e72e7108af74b512,58bcaad4-1907-4183-966b-ba40ea5aac04,key-exists-as-contentlet85a07a92ed,default,/,,Added Automatically by dotCMS
bc9a1d37-dd2d-4d49-a29d-0c9be740bfaf -&gt; EXCLUDED,folder,bc9a1d37-dd2d-4d49-a29d-0c9be740bfaf,SYSTEM_FOLDER,System folder,System Host,,Excluded System Folder/Host,|EXCLUDED,folder,bc9a1d37-dd2d-4d49-a29d-0c9be740bfaf,SYSTEM_FOLDER,System folder,System Host,,Excluded System Folder/Host,
SYSTEM_HOST -&gt; EXCLUDED,host,SYSTEM_HOST,dbdec5e2-c02b-4cfb-83a9-4a4c4f3b2eb0,SYSTEM_HOST,System Host,/,Excluded System Folder/Host,|EXCLUDED,host,SYSTEM_HOST,dbdec5e2-c02b-4cfb-83a9-4a4c4f3b2eb0,SYSTEM_HOST,System Host,/,Excluded System Folder/Host, not contain INCLUDED,host,cdf65dab8022ff6af9919703b3ca6b0a,58e2f76e-faa2-4085-a1e8-abc59f5ad740,test1629132422641.dotcms.com,System Host,/,,Dependency from: 8cae17880e109da42220098b9a85291a
	at org.junit.Assert.fail(Assert.java:88)
	at org.junit.Assert.assertTrue(Assert.java:41)
	at com.dotcms.publishing.PublisherAPIImplTest.assertManifestFile(PublisherAPIImplTest.java:566)
	at com.dotcms.enterprise.publishing.remote.bundler.DependencyBundlerTest.addAssetInBundle(DependencyBundlerTest.java:1251)
	at jdk.internal.reflect.GeneratedMethodAccessor1562.invoke(Unknown Source)
	at java.base/jdk.internal.reflect.DelegatingMethodAccessorImpl.invoke(DelegatingMethodAccessorImpl.java:43)
	at java.base/java.lang.reflect.Method.invoke(Method.java:566)
	at org.junit.runners.model.FrameworkMethod$1.runReflectiveCall(FrameworkMethod.java:50)
	at org.junit.internal.runners.model.ReflectiveCallable.run(ReflectiveCallable.java:12)
	at org.junit.runners.model.FrameworkMethod.invokeExplosively(FrameworkMethod.java:47)
	at com.tngtech.java.junit.dataprovider.DataProviderFrameworkMethod.invokeExplosively(DataProviderFrameworkMethod.java:119)
	at org.junit.internal.runners.statements.InvokeMethod.evaluate(InvokeMethod.java:17)
	at org.junit.internal.runners.statements.RunBefores.evaluate(RunBefores.java:26)
	at org.junit.rules.TestWatcher$1.evaluate(TestWatcher.java:55)
	at org.junit.rules.RunRules.evaluate(RunRules.java:20)
	at org.junit.runners.ParentRunner.runLeaf(ParentRunner.java:325)
	at com.dotcms.junit.CustomDataProviderRunner.runChild(CustomDataProviderRunner.java:28)
	at com.dotcms.junit.CustomDataProviderRunner.runChild(CustomDataProviderRunner.java:13)
	at org.junit.runners.ParentRunner$3.run(ParentRunner.java:290)
	at org.junit.runners.ParentRunner$1.schedule(ParentRunner.java:71)
	at org.junit.runners.ParentRunner.runChildren(ParentRunner.java:288)
	at org.junit.runners.ParentRunner.access$000(ParentRunner.java:58)
	at org.junit.runners.ParentRunner$2.evaluate(ParentRunner.java:268)
	at org.junit.runners.ParentRunner.run(ParentRunner.java:363)
	at com.dotcms.junit.MainBaseSuite$DotRunner.run(MainBaseSuite.java:60)
	at org.junit.runners.Suite.runChild(Suite.java:128)
	at org.junit.runners.Suite.runChild(Suite.java:27)
	at org.junit.runners.ParentRunner$3.run(ParentRunner.java:290)
	at org.junit.runners.ParentRunner$1.schedule(ParentRunner.java:71)
	at org.junit.runners.ParentRunner.runChildren(ParentRunner.java:288)
	at org.junit.runners.ParentRunner.access$000(ParentRunner.java:58)
	at org.junit.runners.ParentRunner$2.evaluate(ParentRunner.java:268)
	at org.junit.runners.ParentRunner.run(ParentRunner.java:363)
	at org.gradle.api.internal.tasks.testing.junit.JUnitTestClassExecutor.runTestClass(JUnitTestClassExecutor.java:106)
	at org.gradle.api.internal.tasks.testing.junit.JUnitTestClassExecutor.execute(JUnitTestClassExecutor.java:58)
	at org.gradle.api.internal.tasks.testing.junit.JUnitTestClassExecutor.execute(JUnitTestClassExecutor.java:38)
	at org.gradle.api.internal.tasks.testing.junit.AbstractJUnitTestClassProcessor.processTestClass(AbstractJUnitTestClassProcessor.java:66)
	at org.gradle.api.internal.tasks.testing.SuiteTestClassProcessor.processTestClass(SuiteTestClassProcessor.java:51)
	at java.base/jdk.internal.reflect.NativeMethodAccessorImpl.invoke0(Native Method)
	at java.base/jdk.internal.reflect.NativeMethodAccessorImpl.invoke(NativeMethodAccessorImpl.java:62)
	at java.base/jdk.internal.reflect.DelegatingMethodAccessorImpl.invoke(DelegatingMethodAccessorImpl.java:43)
	at java.base/java.lang.reflect.Method.invoke(Method.java:566)
	at org.gradle.internal.dispatch.ReflectionDispatch.dispatch(ReflectionDispatch.java:35)
	at org.gradle.internal.dispatch.ReflectionDispatch.dispatch(ReflectionDispatch.java:24)
	at org.gradle.internal.dispatch.ContextClassLoaderDispatch.dispatch(ContextClassLoaderDispatch.java:32)
	at org.gradle.internal.dispatch.ProxyDispatchAdapter$DispatchingInvocationHandler.invoke(ProxyDispatchAdapter.java:93)
	at com.sun.proxy.$Proxy2.processTestClass(Unknown Source)
	at org.gradle.api.internal.tasks.testing.worker.TestWorker.processTestClass(TestWorker.java:117)
	at java.base/jdk.internal.reflect.NativeMethodAccessorImpl.invoke0(Native Method)
	at java.base/jdk.internal.reflect.NativeMethodAccessorImpl.invoke(NativeMethodAccessorImpl.java:62)
	at java.base/jdk.internal.reflect.DelegatingMethodAccessorImpl.invoke(DelegatingMethodAccessorImpl.java:43)
	at java.base/java.lang.reflect.Method.invoke(Method.java:566)
	at org.gradle.internal.dispatch.ReflectionDispatch.dispatch(ReflectionDispatch.java:35)
	at org.gradle.internal.dispatch.ReflectionDispatch.dispatch(ReflectionDispatch.java:24)
	at org.gradle.internal.remote.internal.hub.MessageHubBackedObjectConnection$DispatchWrapper.dispatch(MessageHubBackedObjectConnection.java:155)
	at org.gradle.internal.remote.internal.hub.MessageHubBackedObjectConnection$DispatchWrapper.dispatch(MessageHubBackedObjectConnection.java:137)
	at org.gradle.internal.remote.internal.hub.MessageHub$Handler.run(MessageHub.java:404)
	at org.gradle.internal.concurrent.ExecutorPolicy$CatchAndRecordFailures.onExecute(ExecutorPolicy.java:63)
	at org.gradle.internal.concurrent.ManagedExecutorImpl$1.run(ManagedExecutorImpl.java:46)
	at java.base/java.util.concurrent.ThreadPoolExecutor.runWorker(ThreadPoolExecutor.java:1128)
	at java.base/java.util.concurrent.ThreadPoolExecutor$Worker.run(ThreadPoolExecutor.java:628)
	at org.gradle.internal.concurrent.ThreadFactoryImpl$ManagedThreadRunnable.run(ThreadFactoryImpl.java:55)
	at java.base/java.lang.Thread.run(Thread.java:829)
</pre>
</span>
</div>
</div>
<div id="tab1" class="tab">
<h2>Tests</h2>
<table>
<thead>
<tr>
<th>Test</th>
<th>Duration</th>
<th>Result</th>
</tr>
</thead>
<tr>
<td class="success">addAssetInBundle: Advanced Template with Container and filterDescriptorAllDependencies</td>
<td class="success">0.042s</td>
<td class="success">passed</td>
</tr>
<tr>
<td class="success">addAssetInBundle: Advanced Template with Container and filterDescriptorNotDependencies</td>
<td class="success">0.007s</td>
<td class="success">passed</td>
</tr>
<tr>
<td class="success">addAssetInBundle: Advanced Template with Container and filterDescriptorNotDependenciesRelationship</td>
<td class="success">0.006s</td>
<td class="success">passed</td>
</tr>
<tr>
<td class="success">addAssetInBundle: Advanced Template with Container and filterDescriptorNotRelationship</td>
<td class="success">0.057s</td>
<td class="success">passed</td>
</tr>
<tr>
<td class="success">addAssetInBundle: Advanced Template without Container and filterDescriptorAllDependencies</td>
<td class="success">0.052s</td>
<td class="success">passed</td>
</tr>
<tr>
<td class="success">addAssetInBundle: Advanced Template without Container and filterDescriptorNotDependencies</td>
<td class="success">0.016s</td>
<td class="success">passed</td>
</tr>
<tr>
<td class="success">addAssetInBundle: Advanced Template without Container and filterDescriptorNotDependenciesRelationship</td>
<td class="success">0.008s</td>
<td class="success">passed</td>
</tr>
<tr>
<td class="success">addAssetInBundle: Advanced Template without Container and filterDescriptorNotRelationship</td>
<td class="success">0.063s</td>
<td class="success">passed</td>
</tr>
<tr>
<td class="success">addAssetInBundle: Container with Contenttype and filterDescriptorAllDependencies</td>
<td class="success">0.038s</td>
<td class="success">passed</td>
</tr>
<tr>
<td class="success">addAssetInBundle: Container with Contenttype and filterDescriptorNotDependencies</td>
<td class="success">0.004s</td>
<td class="success">passed</td>
</tr>
<tr>
<td class="success">addAssetInBundle: Container with Contenttype and filterDescriptorNotDependenciesRelationship</td>
<td class="success">0.006s</td>
<td class="success">passed</td>
</tr>
<tr>
<td class="success">addAssetInBundle: Container with Contenttype and filterDescriptorNotRelationship</td>
<td class="success">0.032s</td>
<td class="success">passed</td>
</tr>
<tr>
<td class="success">addAssetInBundle: Container with Third party dependencies</td>
<td class="success">0.049s</td>
<td class="success">passed</td>
</tr>
<tr>
<td class="success">addAssetInBundle: Container without Contenttype and der and filterDescriptorNotDependencies</td>
<td class="success">0.007s</td>
<td class="success">passed</td>
</tr>
<tr>
<td class="success">addAssetInBundle: Container without Contenttype and filterDescriptorAllDependencies</td>
<td class="success">0.046s</td>
<td class="success">passed</td>
</tr>
<tr>
<td class="success">addAssetInBundle: Container without Contenttype and filterDescriptorNotDependenciesRelationship</td>
<td class="success">0.005s</td>
<td class="success">passed</td>
</tr>
<tr>
<td class="success">addAssetInBundle: Container without Contenttype and filterDescriptorNotRelationship</td>
<td class="success">0.034s</td>
<td class="success">passed</td>
</tr>
<tr>
<td class="success">addAssetInBundle: Content Type with folder and third party dependencies</td>
<td class="success">0.043s</td>
<td class="success">passed</td>
</tr>
<tr>
<td class="success">addAssetInBundle: Content Type with third party dependencies</td>
<td class="success">0.046s</td>
<td class="success">passed</td>
</tr>
<tr>
<td class="success">addAssetInBundle: Content with Third Party Dependencies</td>
<td class="success">0.037s</td>
<td class="success">passed</td>
</tr>
<tr>
<td class="success">addAssetInBundle: Content with folder and Third Party Dependencies</td>
<td class="success">0.043s</td>
<td class="success">passed</td>
</tr>
<tr>
<td class="success">addAssetInBundle: Contentlet folder and with filterDescriptorNotDependenciesRelationship</td>
<td class="success">0.007s</td>
<td class="success">passed</td>
</tr>
<tr>
<td class="success">addAssetInBundle: Contentlet folder and with filterDescriptorNotRelationship</td>
<td class="success">0.021s</td>
<td class="success">passed</td>
</tr>
<tr>
<td class="success">addAssetInBundle: Contentlet with Category and filterDescriptorAllDependencies</td>
<td class="success">0.027s</td>
<td class="success">passed</td>
</tr>
<tr>
<td class="success">addAssetInBundle: Contentlet with Category and filterDescriptorNotDependencies</td>
<td class="success">0.011s</td>
<td class="success">passed</td>
</tr>
<tr>
<td class="success">addAssetInBundle: Contentlet with Category and filterDescriptorNotDependenciesRelationship</td>
<td class="success">0.010s</td>
<td class="success">passed</td>
</tr>
<tr>
<td class="success">addAssetInBundle: Contentlet with Category and filterDescriptorNotRelationship</td>
<td class="success">0.057s</td>
<td class="success">passed</td>
</tr>
<tr>
<td class="success">addAssetInBundle: Contentlet with Relationship and filterDescriptorAllDependencies</td>
<td class="success">0.033s</td>
<td class="success">passed</td>
</tr>
<tr>
<td class="success">addAssetInBundle: Contentlet with Relationship and filterDescriptorNotDependencies</td>
<td class="success">0.010s</td>
<td class="success">passed</td>
</tr>
<tr>
<td class="success">addAssetInBundle: Contentlet with Relationship and filterDescriptorNotDependenciesRelationship</td>
<td class="success">0.010s</td>
<td class="success">passed</td>
</tr>
<tr>
<td class="success">addAssetInBundle: Contentlet with Relationship and filterDescriptorNotRelationship</td>
<td class="success">0.027s</td>
<td class="success">passed</td>
</tr>
<tr>
<td class="success">addAssetInBundle: Contentlet with filterDescriptorAllDependencies</td>
<td class="success">0.043s</td>
<td class="success">passed</td>
</tr>
<tr>
<td class="success">addAssetInBundle: Contentlet with filterDescriptorNotDependencies</td>
<td class="success">0.012s</td>
<td class="success">passed</td>
</tr>
<tr>
<td class="success">addAssetInBundle: Contentlet with filterDescriptorNotDependenciesRelationship</td>
<td class="success">0.009s</td>
<td class="success">passed</td>
</tr>
<tr>
<td class="success">addAssetInBundle: Contentlet with filterDescriptorNotRelationship</td>
<td class="success">0.027s</td>
<td class="success">passed</td>
</tr>
<tr>
<td class="success">addAssetInBundle: Contentlet with folder and filterDescriptorAllDependencies</td>
<td class="success">0.051s</td>
<td class="success">passed</td>
</tr>
<tr>
<td class="success">addAssetInBundle: Contentlet with folder and filterDescriptorNotDependencies</td>
<td class="success">0.012s</td>
<td class="success">passed</td>
</tr>
<tr>
<td class="success">addAssetInBundle: Contentype with Category and filterDescriptorAllDependencies</td>
<td class="success">0.054s</td>
<td class="success">passed</td>
</tr>
<tr>
<td class="success">addAssetInBundle: Contentype with Category and filterDescriptorNotDependencies</td>
<td class="success">0.010s</td>
<td class="success">passed</td>
</tr>
<tr>
<td class="success">addAssetInBundle: Contentype with Category and filterDescriptorNotDependenciesRelationship</td>
<td class="success">0.009s</td>
<td class="success">passed</td>
</tr>
<tr>
<td class="success">addAssetInBundle: Contentype with Category and filterDescriptorNotRelationship</td>
<td class="success">0.032s</td>
<td class="success">passed</td>
</tr>
<tr>
<td class="success">addAssetInBundle: Contentype with Folder and filterDescriptorAllDependencies</td>
<td class="success">0.040s</td>
<td class="success">passed</td>
</tr>
<tr>
<td class="success">addAssetInBundle: Contentype with Folder and filterDescriptorNotDependencies</td>
<td class="success">0.015s</td>
<td class="success">passed</td>
</tr>
<tr>
<td class="success">addAssetInBundle: Contentype with Folder and filterDescriptorNotDependenciesRelationship</td>
<td class="success">0.012s</td>
<td class="success">passed</td>
</tr>
<tr>
<td class="success">addAssetInBundle: Contentype with Folder and filterDescriptorNotRelationship</td>
<td class="success">0.034s</td>
<td class="success">passed</td>
</tr>
<tr>
<td class="failures">addAssetInBundle: Contentype with Relationship and filterDescriptorAllDependencies</td>
<td class="failures">0.038s</td>
<td class="failures">failed</td>
</tr>
<tr>
<td class="failures">addAssetInBundle: Contentype with Relationship and filterDescriptorNotDependencies</td>
<td class="failures">0.015s</td>
<td class="failures">failed</td>
</tr>
<tr>
<td class="failures">addAssetInBundle: Contentype with Relationship and filterDescriptorNotDependenciesRelationship</td>
<td class="failures">0.039s</td>
<td class="failures">failed</td>
</tr>
<tr>
<td class="failures">addAssetInBundle: Contentype with Relationship and filterDescriptorNotRelationship</td>
<td class="failures">0.053s</td>
<td class="failures">failed</td>
</tr>
<tr>
<td class="success">addAssetInBundle: Contentype with Workflow and filterDescriptorAllDependencies</td>
<td class="success">0.030s</td>
<td class="success">passed</td>
</tr>
<tr>
<td class="success">addAssetInBundle: Contentype with Workflow and filterDescriptorNotDependencies</td>
<td class="success">0.009s</td>
<td class="success">passed</td>
</tr>
<tr>
<td class="success">addAssetInBundle: Contentype with Workflow and filterDescriptorNotDependenciesRelationship</td>
<td class="success">0.009s</td>
<td class="success">passed</td>
</tr>
<tr>
<td class="success">addAssetInBundle: Contentype with Workflow and filterDescriptorNotRelationship</td>
<td class="success">0.027s</td>
<td class="success">passed</td>
</tr>
<tr>
<td class="success">addAssetInBundle: Contentype with and filterDescriptorNotRelationship</td>
<td class="success">0.043s</td>
<td class="success">passed</td>
</tr>
<tr>
<td class="success">addAssetInBundle: Contentype with filterDescriptorAllDependencies</td>
<td class="success">0.103s</td>
<td class="success">passed</td>
</tr>
<tr>
<td class="success">addAssetInBundle: Contentype with filterDescriptorNotDependencies</td>
<td class="success">0.025s</td>
<td class="success">passed</td>
</tr>
<tr>
<td class="success">addAssetInBundle: Contentype with filterDescriptorNotDependenciesRelationship</td>
<td class="success">0.013s</td>
<td class="success">passed</td>
</tr>
<tr>
<td class="success">addAssetInBundle: Folder with Content and filterDescriptorAllDependencies</td>
<td class="success">0.050s</td>
<td class="success">passed</td>
</tr>
<tr>
<td class="success">addAssetInBundle: Folder with Content and filterDescriptorNotDependencies</td>
<td class="success">0.011s</td>
<td class="success">passed</td>
</tr>
<tr>
<td class="success">addAssetInBundle: Folder with Content and filterDescriptorNotDependenciesRelationship</td>
<td class="success">0.008s</td>
<td class="success">passed</td>
</tr>
<tr>
<td class="success">addAssetInBundle: Folder with Content and filterDescriptorNotRelationship</td>
<td class="success">0.039s</td>
<td class="success">passed</td>
</tr>
<tr>
<td class="success">addAssetInBundle: Folder with ContentType and filterDescriptorAllDependencies</td>
<td class="success">0.055s</td>
<td class="success">passed</td>
</tr>
<tr>
<td class="success">addAssetInBundle: Folder with ContentType and filterDescriptorNotDependencies</td>
<td class="success">0.011s</td>
<td class="success">passed</td>
</tr>
<tr>
<td class="success">addAssetInBundle: Folder with ContentType and filterDescriptorNotDependenciesRelationship</td>
<td class="success">0.008s</td>
<td class="success">passed</td>
</tr>
<tr>
<td class="success">addAssetInBundle: Folder with ContentType and filterDescriptorNotRelationship</td>
<td class="success">0.051s</td>
<td class="success">passed</td>
</tr>
<tr>
<td class="success">addAssetInBundle: Folder with Link and filterDescriptorAllDependencies</td>
<td class="success">0.064s</td>
<td class="success">passed</td>
</tr>
<tr>
<td class="success">addAssetInBundle: Folder with Link and filterDescriptorNotDependencies</td>
<td class="success">0.017s</td>
<td class="success">passed</td>
</tr>
<tr>
<td class="success">addAssetInBundle: Folder with Link and filterDescriptorNotDependenciesRelationship</td>
<td class="success">0.008s</td>
<td class="success">passed</td>
</tr>
<tr>
<td class="success">addAssetInBundle: Folder with Link and filterDescriptorNotRelationship</td>
<td class="success">0.032s</td>
<td class="success">passed</td>
</tr>
<tr>
<td class="success">addAssetInBundle: Folder with Subfolder and filterDescriptorAllDependencies</td>
<td class="success">0.062s</td>
<td class="success">passed</td>
</tr>
<tr>
<td class="success">addAssetInBundle: Folder with Subfolder and filterDescriptorNotDependencies</td>
<td class="success">0.010s</td>
<td class="success">passed</td>
</tr>
<tr>
<td class="success">addAssetInBundle: Folder with Subfolder and filterDescriptorNotDependenciesRelationship</td>
<td class="success">0.009s</td>
<td class="success">passed</td>
</tr>
<tr>
<td class="success">addAssetInBundle: Folder with Subfolder and filterDescriptorNotRelationship</td>
<td class="success">0.033s</td>
<td class="success">passed</td>
</tr>
<tr>
<td class="success">addAssetInBundle: Folder with filterDescriptorAllDependencies</td>
<td class="success">0.051s</td>
<td class="success">passed</td>
</tr>
<tr>
<td class="success">addAssetInBundle: Folder with filterDescriptorNotDependencies</td>
<td class="success">0.010s</td>
<td class="success">passed</td>
</tr>
<tr>
<td class="success">addAssetInBundle: Folder with filterDescriptorNotDependenciesRelationship</td>
<td class="success">0.032s</td>
<td class="success">passed</td>
</tr>
<tr>
<td class="success">addAssetInBundle: Folder with filterDescriptorNotRelationship</td>
<td class="success">0.048s</td>
<td class="success">passed</td>
</tr>
<tr>
<td class="success">addAssetInBundle: Folder with parent and filterDescriptorAllDependencies</td>
<td class="success">0.051s</td>
<td class="success">passed</td>
</tr>
<tr>
<td class="success">addAssetInBundle: Folder with parent and filterDescriptorNotDependencies</td>
<td class="success">0.012s</td>
<td class="success">passed</td>
</tr>
<tr>
<td class="success">addAssetInBundle: Folder with parent and filterDescriptorNotDependenciesRelationship</td>
<td class="success">0.015s</td>
<td class="success">passed</td>
</tr>
<tr>
<td class="success">addAssetInBundle: Folder with parent and filterDescriptorNotRelationship</td>
<td class="success">0.050s</td>
<td class="success">passed</td>
</tr>
<tr>
<td class="success">addAssetInBundle: Folder with third party</td>
<td class="success">0.087s</td>
<td class="success">passed</td>
</tr>
<tr>
<td class="success">addAssetInBundle: Host with Container and filterDescriptorAllDependencies</td>
<td class="success">0.035s</td>
<td class="success">passed</td>
</tr>
<tr>
<td class="success">addAssetInBundle: Host with Container and filterDescriptorNotDependencies</td>
<td class="success">0.023s</td>
<td class="success">passed</td>
</tr>
<tr>
<td class="success">addAssetInBundle: Host with Container and filterDescriptorNotDependenciesRelationship</td>
<td class="success">0.015s</td>
<td class="success">passed</td>
</tr>
<tr>
<td class="success">addAssetInBundle: Host with Container and filterDescriptorNotRelationship</td>
<td class="success">0.034s</td>
<td class="success">passed</td>
</tr>
<tr>
<td class="failures">addAssetInBundle: Host with Content and filterDescriptorAllDependencies</td>
<td class="failures">0.056s</td>
<td class="failures">failed</td>
</tr>
<tr>
<td class="failures">addAssetInBundle: Host with Content andfilterDescriptorNotDependencies</td>
<td class="failures">0.019s</td>
<td class="failures">failed</td>
</tr>
<tr>
<td class="failures">addAssetInBundle: Host with Content andfilterDescriptorNotDependenciesRelationship</td>
<td class="failures">0.015s</td>
<td class="failures">failed</td>
</tr>
<tr>
<td class="failures">addAssetInBundle: Host with Content andfilterDescriptorNotRelationship</td>
<td class="failures">0.057s</td>
<td class="failures">failed</td>
</tr>
<tr>
<td class="success">addAssetInBundle: Host with Folder and filterDescriptorAllDependencies</td>
<td class="success">0.091s</td>
<td class="success">passed</td>
</tr>
<tr>
<td class="success">addAssetInBundle: Host with Folder and filterDescriptorNotDependencies</td>
<td class="success">0.015s</td>
<td class="success">passed</td>
</tr>
<tr>
<td class="success">addAssetInBundle: Host with Folder and filterDescriptorNotDependenciesRelationship</td>
<td class="success">0.013s</td>
<td class="success">passed</td>
</tr>
<tr>
<td class="success">addAssetInBundle: Host with Folder and filterDescriptorNotRelationship</td>
<td class="success">0.049s</td>
<td class="success">passed</td>
</tr>
<tr>
<td class="success">addAssetInBundle: Host with Rule and filterDescriptorAllDependencies</td>
<td class="success">0.043s</td>
<td class="success">passed</td>
</tr>
<tr>
<td class="success">addAssetInBundle: Host with Rule and filterDescriptorNotDependencies</td>
<td class="success">0.015s</td>
<td class="success">passed</td>
</tr>
<tr>
<td class="success">addAssetInBundle: Host with Rule and filterDescriptorNotDependenciesRelationship</td>
<td class="success">0.013s</td>
<td class="success">passed</td>
</tr>
<tr>
<td class="success">addAssetInBundle: Host with Rule and filterDescriptorNotRelationship</td>
<td class="success">0.027s</td>
<td class="success">passed</td>
</tr>
<tr>
<td class="success">addAssetInBundle: Host with filterDescriptorAllDependencies</td>
<td class="success">0.079s</td>
<td class="success">passed</td>
</tr>
<tr>
<td class="success">addAssetInBundle: Host with filterDescriptorNotDependencies</td>
<td class="success">0.026s</td>
<td class="success">passed</td>
</tr>
<tr>
<td class="success">addAssetInBundle: Host with filterDescriptorNotDependenciesRelationship</td>
<td class="success">0.018s</td>
<td class="success">passed</td>
</tr>
<tr>
<td class="success">addAssetInBundle: Host with filterDescriptorNotRelationship</td>
<td class="success">0.024s</td>
<td class="success">passed</td>
</tr>
<tr>
<td class="success">addAssetInBundle: Host with template and  filterDescriptorNotDependencies</td>
<td class="success">0.018s</td>
<td class="success">passed</td>
</tr>
<tr>
<td class="success">addAssetInBundle: Host with template and  filterDescriptorNotDependenciesRelationship</td>
<td class="success">0.018s</td>
<td class="success">passed</td>
</tr>
<tr>
<td class="success">addAssetInBundle: Host with template and  filterDescriptorNotRelationship</td>
<td class="success">0.023s</td>
<td class="success">passed</td>
</tr>
<tr>
<td class="success">addAssetInBundle: Host with template and filterDescriptorAllDependencies</td>
<td class="success">0.047s</td>
<td class="success">passed</td>
</tr>
<tr>
<td class="success">addAssetInBundle: Language with filterDescriptorAllDependencies</td>
<td class="success">0.023s</td>
<td class="success">passed</td>
</tr>
<tr>
<td class="success">addAssetInBundle: Language with filterDescriptorNotDependencies</td>
<td class="success">0.015s</td>
<td class="success">passed</td>
</tr>
<tr>
<td class="success">addAssetInBundle: Language with filterDescriptorNotDependenciesRelationship</td>
<td class="success">0.004s</td>
<td class="success">passed</td>
</tr>
<tr>
<td class="success">addAssetInBundle: Language with filterDescriptorNotRelationship</td>
<td class="success">0.042s</td>
<td class="success">passed</td>
</tr>
<tr>
<td class="success">addAssetInBundle: Link with filterDescriptorAllDependencies</td>
<td class="success">0.033s</td>
<td class="success">passed</td>
</tr>
<tr>
<td class="success">addAssetInBundle: Link with filterDescriptorNotDependencies</td>
<td class="success">0.009s</td>
<td class="success">passed</td>
</tr>
<tr>
<td class="success">addAssetInBundle: Link with filterDescriptorNotDependenciesRelationship</td>
<td class="success">0.006s</td>
<td class="success">passed</td>
</tr>
<tr>
<td class="success">addAssetInBundle: Link with filterDescriptorNotRelationship</td>
<td class="success">0.030s</td>
<td class="success">passed</td>
</tr>
<tr>
<td class="success">addAssetInBundle: Link with third Party</td>
<td class="success">0.022s</td>
<td class="success">passed</td>
</tr>
<tr>
<td class="failures">addAssetInBundle: Page with filterDescriptorAllDependencies</td>
<td class="failures">0.063s</td>
<td class="failures">failed</td>
</tr>
<tr>
<td class="success">addAssetInBundle: Page with filterDescriptorNotDependencies</td>
<td class="success">0.024s</td>
<td class="success">passed</td>
</tr>
<tr>
<td class="success">addAssetInBundle: Page with filterDescriptorNotDependenciesRelationship</td>
<td class="success">0.009s</td>
<td class="success">passed</td>
</tr>
<tr>
<td class="success">addAssetInBundle: Page with filterDescriptorNotDependenciesRelationship</td>
<td class="success">0.004s</td>
<td class="success">passed</td>
</tr>
<tr>
<td class="failures">addAssetInBundle: Page with filterDescriptorNotRelationship</td>
<td class="failures">0.050s</td>
<td class="failures">failed</td>
</tr>
<tr>
<td class="success">addAssetInBundle: Rule with filterDescriptorAllDependencies</td>
<td class="success">0.025s</td>
<td class="success">passed</td>
</tr>
<tr>
<td class="success">addAssetInBundle: Rule with filterDescriptorNotDependencies</td>
<td class="success">0.005s</td>
<td class="success">passed</td>
</tr>
<tr>
<td class="success">addAssetInBundle: Rule with filterDescriptorNotRelationship</td>
<td class="success">0.020s</td>
<td class="success">passed</td>
</tr>
<tr>
<td class="success">addAssetInBundle: Rule with page and filterDescriptorAllDependencies</td>
<td class="success">0.005s</td>
<td class="success">passed</td>
</tr>
<tr>
<td class="success">addAssetInBundle: Rule with page and filterDescriptorAllDependencies</td>
<td class="success">0.017s</td>
<td class="success">passed</td>
</tr>
<tr>
<td class="success">addAssetInBundle: Rule with page and filterDescriptorAllDependencies</td>
<td class="success">0.013s</td>
<td class="success">passed</td>
</tr>
<tr>
<td class="success">addAssetInBundle: Rule with page and filterDescriptorAllDependencies</td>
<td class="success">0.025s</td>
<td class="success">passed</td>
</tr>
<tr>
<td class="success">addAssetInBundle: Rule with page and third party</td>
<td class="success">0.027s</td>
<td class="success">passed</td>
</tr>
<tr>
<td class="success">addAssetInBundle: Rule with third party</td>
<td class="success">0.022s</td>
<td class="success">passed</td>
</tr>
<tr>
<td class="success">addAssetInBundle: Template with Template Layout and filterDescriptorAllDependencies</td>
<td class="success">0.089s</td>
<td class="success">passed</td>
</tr>
<tr>
<td class="success">addAssetInBundle: Template with Template Layout and filterDescriptorNotDependencies</td>
<td class="success">0.011s</td>
<td class="success">passed</td>
</tr>
<tr>
<td class="success">addAssetInBundle: Template with Template Layout and filterDescriptorNotDependenciesRelationship</td>
<td class="success">0.015s</td>
<td class="success">passed</td>
</tr>
<tr>
<td class="success">addAssetInBundle: Template with Template Layout and filterDescriptorNotRelationship</td>
<td class="success">0.041s</td>
<td class="success">passed</td>
</tr>
<tr>
<td class="success">addAssetInBundle: Template with third party dependencies</td>
<td class="success">0.053s</td>
<td class="success">passed</td>
</tr>
<tr>
<td class="success">addAssetInBundle: WorkflowScheme with filterDescriptorAllDependencies</td>
<td class="success">0.016s</td>
<td class="success">passed</td>
</tr>
<tr>
<td class="success">addAssetInBundle: WorkflowScheme with filterDescriptorNotDependencies</td>
<td class="success">0.005s</td>
<td class="success">passed</td>
</tr>
<tr>
<td class="success">addAssetInBundle: WorkflowScheme with filterDescriptorNotDependenciesRelationship</td>
<td class="success">0.004s</td>
<td class="success">passed</td>
</tr>
<tr>
<td class="success">addAssetInBundle: WorkflowScheme with filterDescriptorNotRelationship</td>
<td class="success">0.019s</td>
<td class="success">passed</td>
</tr>
</table>
</div>
<div id="tab2" class="tab">
<h2>Standard output</h2>
<span class="code">
<pre>





















































































































































































































































































































































































































































































































































































































































































































































































































































































































































































































































































































































































































































































































































































</pre>
</span>
</div>
</div>
<div id="footer">
<p>
<div>
<label class="hidden" id="label-for-line-wrapping-toggle" for="line-wrapping-toggle">Wrap lines
<input id="line-wrapping-toggle" type="checkbox" autocomplete="off"/>
</label>
</div>Generated by 
<a href="http://www.gradle.org">Gradle 4.10.2</a> at Aug 16, 2021, 6:01:50 PM</p>
</div>
</div>
</body>
</html>
