<!DOCTYPE html>
<html>
<head>
<meta http-equiv="Content-Type" content="text/html; charset=utf-8"/>
<meta http-equiv="x-ua-compatible" content="IE=edge"/>
<title>Test results - Class com.dotcms.publishing.PublisherAPIImplTest</title>
<link href="../css/base-style.css" rel="stylesheet" type="text/css"/>
<link href="../css/style.css" rel="stylesheet" type="text/css"/>
<script src="../js/report.js" type="text/javascript"></script>
</head>
<body>
<div id="content">
<h1>Class com.dotcms.publishing.PublisherAPIImplTest</h1>
<div class="breadcrumbs">
<a href="../index.html">all</a> &gt; 
<a href="../packages/com.dotcms.publishing.html">com.dotcms.publishing</a> &gt; PublisherAPIImplTest</div>
<div id="summary">
<table>
<tr>
<td>
<div class="summaryGroup">
<table>
<tr>
<td>
<div class="infoBox" id="tests">
<div class="counter">40</div>
<p>tests</p>
</div>
</td>
<td>
<div class="infoBox" id="failures">
<div class="counter">2</div>
<p>failures</p>
</div>
</td>
<td>
<div class="infoBox" id="ignored">
<div class="counter">0</div>
<p>ignored</p>
</div>
</td>
<td>
<div class="infoBox" id="duration">
<div class="counter">10.810s</div>
<p>duration</p>
</div>
</td>
</tr>
</table>
</div>
</td>
<td>
<div class="infoBox failures" id="successRate">
<div class="percent">95%</div>
<p>successful</p>
</div>
</td>
</tr>
</table>
</div>
<div id="tabs">
<ul class="tabLinks">
<li>
<a href="#tab0">Failed tests</a>
</li>
<li>
<a href="#tab1">Tests</a>
</li>
<li>
<a href="#tab2">Standard output</a>
</li>
</ul>
<div id="tab0" class="tab">
<h2>Failed tests</h2>
<div class="test">
<a name="generateBundle[0: com.dotcms.publishing.PublisherAPIImplTest$TestAsset@5ccb55ee]"></a>
<h3 class="failures">generateBundle[0: com.dotcms.publishing.PublisherAPIImplTest$TestAsset@5ccb55ee]</h3>
<span class="code">
<pre>java.lang.AssertionError: File /custom/assets/bundles/01FX10VVK0A6CX0AXYH6RMJEKE/working/System Host/37858a708b6d4e4f8c24d15e5ec443f2.category.dpc.xml, not exists, files: /custom/assets/bundles/01FX10VVK0A6CX0AXYH6RMJEKE/2ce2fa0e-ff36-4e6d-a802-e172825d08e1.workflow.xml, /custom/assets/bundles/01FX10VVK0A6CX0AXYH6RMJEKE/d61a59e1-a49c-46f2-a929-db2b4bfa88b2.workflow.xml, /custom/assets/bundles/01FX10VVK0A6CX0AXYH6RMJEKE/live, /custom/assets/bundles/01FX10VVK0A6CX0AXYH6RMJEKE/live/System Host, /custom/assets/bundles/01FX10VVK0A6CX0AXYH6RMJEKE/live/System Host/1, /custom/assets/bundles/01FX10VVK0A6CX0AXYH6RMJEKE/live/System Host/1/1-content.a3311f81-d4aa-41b8-a53f-d624c8a33046.content.xml, /custom/assets/bundles/01FX10VVK0A6CX0AXYH6RMJEKE/live/System Host/1/2-content.4c30dd54-9dab-41ff-9fc2-5aa8a35ee323.content.xml, /custom/assets/bundles/01FX10VVK0A6CX0AXYH6RMJEKE/live/System Host/1/7e5dff14df04ea05f75ade683f9377ec.contentworkflow.xml, /custom/assets/bundles/01FX10VVK0A6CX0AXYH6RMJEKE/live/System Host/1/86c210fea933cc11cffa828e11d3739c.contentworkflow.xml, /custom/assets/bundles/01FX10VVK0A6CX0AXYH6RMJEKE/live/System Host/1/content.aec8c0f5-799f-4c0b-a09c-b1bbdd854841.host.xml, /custom/assets/bundles/01FX10VVK0A6CX0AXYH6RMJEKE/live/System Host/1/content.ff462f88-d9e1-4d31-b084-b73cb61976d3.host.xml, /custom/assets/bundles/01FX10VVK0A6CX0AXYH6RMJEKE/live/System Host/1properties, /custom/assets/bundles/01FX10VVK0A6CX0AXYH6RMJEKE/live/System Host/4535875properties, /custom/assets/bundles/01FX10VVK0A6CX0AXYH6RMJEKE/live/System Host/bk_AV.language.xml, /custom/assets/bundles/01FX10VVK0A6CX0AXYH6RMJEKE/live/System Host/en_US.language.xml, /custom/assets/bundles/01FX10VVK0A6CX0AXYH6RMJEKE/live/default, /custom/assets/bundles/01FX10VVK0A6CX0AXYH6RMJEKE/live/default/4535875, /custom/assets/bundles/01FX10VVK0A6CX0AXYH6RMJEKE/live/default/4535875/0-content.97c75b79-082d-42bb-892a-2399917275a2.content.xml, /custom/assets/bundles/01FX10VVK0A6CX0AXYH6RMJEKE/live/default/4535875/77cd12259a5ce0ef3c9709b96ffc1026.contentworkflow.xml, /custom/assets/bundles/01FX10VVK0A6CX0AXYH6RMJEKE/manifest.csv, /custom/assets/bundles/01FX10VVK0A6CX0AXYH6RMJEKE/working, /custom/assets/bundles/01FX10VVK0A6CX0AXYH6RMJEKE/working/System Host, /custom/assets/bundles/01FX10VVK0A6CX0AXYH6RMJEKE/working/System Host/1, /custom/assets/bundles/01FX10VVK0A6CX0AXYH6RMJEKE/working/System Host/1/content.ff462f88-d9e1-4d31-b084-b73cb61976d3.host.xml, /custom/assets/bundles/01FX10VVK0A6CX0AXYH6RMJEKE/working/System Host/f4d7c1b8-2c88-4071-abf1-a5328977b07d.contentType.json, /custom/assets/bundles/01FX10VVK0A6CX0AXYH6RMJEKE/working/test1646075398338.dotcms.com, /custom/assets/bundles/01FX10VVK0A6CX0AXYH6RMJEKE/working/test1646075398338.dotcms.com/3dbbc251fb8a28bcd11623da633c9abe.contentType.json, /custom/assets/bundles/01FX10VVK0A6CX0AXYH6RMJEKE/working/test1646075398338.dotcms.com/afe54acf-a778-4abf-9188-d704847efb28.relationship.xml, /custom/assets/bundles/01FX10VVK0A6CX0AXYH6RMJEKE/working/test1646075398338.dotcms.com/ec0039ef793cfd7be2b1ab9c210d3857.contentType.json
	at org.junit.Assert.fail(Assert.java:88)
	at org.junit.Assert.assertTrue(Assert.java:41)
	at com.dotcms.test.util.FileTestUtil.assertBundleFile(FileTestUtil.java:242)
	at com.dotcms.test.util.FileTestUtil.assertBundleFile(FileTestUtil.java:154)
	at com.dotcms.publishing.PublisherAPIImplTest.assertBundle(PublisherAPIImplTest.java:723)
	at com.dotcms.publishing.PublisherAPIImplTest.generateBundle(PublisherAPIImplTest.java:480)
	at java.base/jdk.internal.reflect.NativeMethodAccessorImpl.invoke0(Native Method)
	at java.base/jdk.internal.reflect.NativeMethodAccessorImpl.invoke(NativeMethodAccessorImpl.java:62)
	at java.base/jdk.internal.reflect.DelegatingMethodAccessorImpl.invoke(DelegatingMethodAccessorImpl.java:43)
	at java.base/java.lang.reflect.Method.invoke(Method.java:566)
	at org.junit.runners.model.FrameworkMethod$1.runReflectiveCall(FrameworkMethod.java:50)
	at org.junit.internal.runners.model.ReflectiveCallable.run(ReflectiveCallable.java:12)
	at org.junit.runners.model.FrameworkMethod.invokeExplosively(FrameworkMethod.java:47)
	at com.tngtech.java.junit.dataprovider.DataProviderFrameworkMethod.invokeExplosively(DataProviderFrameworkMethod.java:119)
	at org.junit.internal.runners.statements.InvokeMethod.evaluate(InvokeMethod.java:17)
	at org.junit.rules.TestWatcher$1.evaluate(TestWatcher.java:55)
	at org.junit.rules.RunRules.evaluate(RunRules.java:20)
	at org.junit.runners.ParentRunner.runLeaf(ParentRunner.java:325)
	at com.dotcms.junit.CustomDataProviderRunner.runChild(CustomDataProviderRunner.java:28)
	at com.dotcms.junit.CustomDataProviderRunner.runChild(CustomDataProviderRunner.java:13)
	at org.junit.runners.ParentRunner$3.run(ParentRunner.java:290)
	at org.junit.runners.ParentRunner$1.schedule(ParentRunner.java:71)
	at org.junit.runners.ParentRunner.runChildren(ParentRunner.java:288)
	at org.junit.runners.ParentRunner.access$000(ParentRunner.java:58)
	at org.junit.runners.ParentRunner$2.evaluate(ParentRunner.java:268)
	at org.junit.internal.runners.statements.RunBefores.evaluate(RunBefores.java:26)
	at org.junit.internal.runners.statements.RunAfters.evaluate(RunAfters.java:27)
	at org.junit.runners.ParentRunner.run(ParentRunner.java:363)
	at com.dotcms.junit.MainBaseSuite$DotRunner.run(MainBaseSuite.java:60)
	at org.junit.runners.Suite.runChild(Suite.java:128)
	at org.junit.runners.Suite.runChild(Suite.java:27)
	at org.junit.runners.ParentRunner$3.run(ParentRunner.java:290)
	at org.junit.runners.ParentRunner$1.schedule(ParentRunner.java:71)
	at org.junit.runners.ParentRunner.runChildren(ParentRunner.java:288)
	at org.junit.runners.ParentRunner.access$000(ParentRunner.java:58)
	at org.junit.runners.ParentRunner$2.evaluate(ParentRunner.java:268)
	at org.junit.runners.ParentRunner.run(ParentRunner.java:363)
	at org.gradle.api.internal.tasks.testing.junit.JUnitTestClassExecutor.runTestClass(JUnitTestClassExecutor.java:106)
	at org.gradle.api.internal.tasks.testing.junit.JUnitTestClassExecutor.execute(JUnitTestClassExecutor.java:58)
	at org.gradle.api.internal.tasks.testing.junit.JUnitTestClassExecutor.execute(JUnitTestClassExecutor.java:38)
	at org.gradle.api.internal.tasks.testing.junit.AbstractJUnitTestClassProcessor.processTestClass(AbstractJUnitTestClassProcessor.java:66)
	at org.gradle.api.internal.tasks.testing.SuiteTestClassProcessor.processTestClass(SuiteTestClassProcessor.java:51)
	at java.base/jdk.internal.reflect.NativeMethodAccessorImpl.invoke0(Native Method)
	at java.base/jdk.internal.reflect.NativeMethodAccessorImpl.invoke(NativeMethodAccessorImpl.java:62)
	at java.base/jdk.internal.reflect.DelegatingMethodAccessorImpl.invoke(DelegatingMethodAccessorImpl.java:43)
	at java.base/java.lang.reflect.Method.invoke(Method.java:566)
	at org.gradle.internal.dispatch.ReflectionDispatch.dispatch(ReflectionDispatch.java:35)
	at org.gradle.internal.dispatch.ReflectionDispatch.dispatch(ReflectionDispatch.java:24)
	at org.gradle.internal.dispatch.ContextClassLoaderDispatch.dispatch(ContextClassLoaderDispatch.java:32)
	at org.gradle.internal.dispatch.ProxyDispatchAdapter$DispatchingInvocationHandler.invoke(ProxyDispatchAdapter.java:93)
	at com.sun.proxy.$Proxy2.processTestClass(Unknown Source)
	at org.gradle.api.internal.tasks.testing.worker.TestWorker.processTestClass(TestWorker.java:117)
	at java.base/jdk.internal.reflect.NativeMethodAccessorImpl.invoke0(Native Method)
	at java.base/jdk.internal.reflect.NativeMethodAccessorImpl.invoke(NativeMethodAccessorImpl.java:62)
	at java.base/jdk.internal.reflect.DelegatingMethodAccessorImpl.invoke(DelegatingMethodAccessorImpl.java:43)
	at java.base/java.lang.reflect.Method.invoke(Method.java:566)
	at org.gradle.internal.dispatch.ReflectionDispatch.dispatch(ReflectionDispatch.java:35)
	at org.gradle.internal.dispatch.ReflectionDispatch.dispatch(ReflectionDispatch.java:24)
	at org.gradle.internal.remote.internal.hub.MessageHubBackedObjectConnection$DispatchWrapper.dispatch(MessageHubBackedObjectConnection.java:155)
	at org.gradle.internal.remote.internal.hub.MessageHubBackedObjectConnection$DispatchWrapper.dispatch(MessageHubBackedObjectConnection.java:137)
	at org.gradle.internal.remote.internal.hub.MessageHub$Handler.run(MessageHub.java:404)
	at org.gradle.internal.concurrent.ExecutorPolicy$CatchAndRecordFailures.onExecute(ExecutorPolicy.java:63)
	at org.gradle.internal.concurrent.ManagedExecutorImpl$1.run(ManagedExecutorImpl.java:46)
	at java.base/java.util.concurrent.ThreadPoolExecutor.runWorker(ThreadPoolExecutor.java:1128)
	at java.base/java.util.concurrent.ThreadPoolExecutor$Worker.run(ThreadPoolExecutor.java:628)
	at org.gradle.internal.concurrent.ThreadFactoryImpl$ManagedThreadRunnable.run(ThreadFactoryImpl.java:55)
	at java.base/java.lang.Thread.run(Thread.java:829)
</pre>
</span>
</div>
<div class="test">
<a name="sendPushPublishBundle[0: com.dotcms.publishing.PublisherAPIImplTest$TestAsset@5ccb55ee]"></a>
<h3 class="failures">sendPushPublishBundle[0: com.dotcms.publishing.PublisherAPIImplTest$TestAsset@5ccb55ee]</h3>
<span class="code">
<pre>java.lang.AssertionError: File /custom/assets/bundles/01FX10VRJV9WC9CTRCW5XHDQVR/working/System Host/37858a708b6d4e4f8c24d15e5ec443f2.category.dpc.xml, not exists, files: /custom/assets/bundles/01FX10VRJV9WC9CTRCW5XHDQVR/2ce2fa0e-ff36-4e6d-a802-e172825d08e1.workflow.xml, /custom/assets/bundles/01FX10VRJV9WC9CTRCW5XHDQVR/d61a59e1-a49c-46f2-a929-db2b4bfa88b2.workflow.xml, /custom/assets/bundles/01FX10VRJV9WC9CTRCW5XHDQVR/live, /custom/assets/bundles/01FX10VRJV9WC9CTRCW5XHDQVR/live/System Host, /custom/assets/bundles/01FX10VRJV9WC9CTRCW5XHDQVR/live/System Host/1, /custom/assets/bundles/01FX10VRJV9WC9CTRCW5XHDQVR/live/System Host/1/1-content.a3311f81-d4aa-41b8-a53f-d624c8a33046.content.xml, /custom/assets/bundles/01FX10VRJV9WC9CTRCW5XHDQVR/live/System Host/1/2-content.4c30dd54-9dab-41ff-9fc2-5aa8a35ee323.content.xml, /custom/assets/bundles/01FX10VRJV9WC9CTRCW5XHDQVR/live/System Host/1/7e5dff14df04ea05f75ade683f9377ec.contentworkflow.xml, /custom/assets/bundles/01FX10VRJV9WC9CTRCW5XHDQVR/live/System Host/1/86c210fea933cc11cffa828e11d3739c.contentworkflow.xml, /custom/assets/bundles/01FX10VRJV9WC9CTRCW5XHDQVR/live/System Host/1/content.aec8c0f5-799f-4c0b-a09c-b1bbdd854841.host.xml, /custom/assets/bundles/01FX10VRJV9WC9CTRCW5XHDQVR/live/System Host/1/content.ff462f88-d9e1-4d31-b084-b73cb61976d3.host.xml, /custom/assets/bundles/01FX10VRJV9WC9CTRCW5XHDQVR/live/System Host/1properties, /custom/assets/bundles/01FX10VRJV9WC9CTRCW5XHDQVR/live/System Host/4535875properties, /custom/assets/bundles/01FX10VRJV9WC9CTRCW5XHDQVR/live/System Host/bk_AV.language.xml, /custom/assets/bundles/01FX10VRJV9WC9CTRCW5XHDQVR/live/System Host/en_US.language.xml, /custom/assets/bundles/01FX10VRJV9WC9CTRCW5XHDQVR/live/default, /custom/assets/bundles/01FX10VRJV9WC9CTRCW5XHDQVR/live/default/4535875, /custom/assets/bundles/01FX10VRJV9WC9CTRCW5XHDQVR/live/default/4535875/0-content.97c75b79-082d-42bb-892a-2399917275a2.content.xml, /custom/assets/bundles/01FX10VRJV9WC9CTRCW5XHDQVR/live/default/4535875/77cd12259a5ce0ef3c9709b96ffc1026.contentworkflow.xml, /custom/assets/bundles/01FX10VRJV9WC9CTRCW5XHDQVR/manifest.csv, /custom/assets/bundles/01FX10VRJV9WC9CTRCW5XHDQVR/working, /custom/assets/bundles/01FX10VRJV9WC9CTRCW5XHDQVR/working/System Host, /custom/assets/bundles/01FX10VRJV9WC9CTRCW5XHDQVR/working/System Host/1, /custom/assets/bundles/01FX10VRJV9WC9CTRCW5XHDQVR/working/System Host/1/content.ff462f88-d9e1-4d31-b084-b73cb61976d3.host.xml, /custom/assets/bundles/01FX10VRJV9WC9CTRCW5XHDQVR/working/System Host/f4d7c1b8-2c88-4071-abf1-a5328977b07d.contentType.json, /custom/assets/bundles/01FX10VRJV9WC9CTRCW5XHDQVR/working/test1646075398338.dotcms.com, /custom/assets/bundles/01FX10VRJV9WC9CTRCW5XHDQVR/working/test1646075398338.dotcms.com/3dbbc251fb8a28bcd11623da633c9abe.contentType.json, /custom/assets/bundles/01FX10VRJV9WC9CTRCW5XHDQVR/working/test1646075398338.dotcms.com/afe54acf-a778-4abf-9188-d704847efb28.relationship.xml, /custom/assets/bundles/01FX10VRJV9WC9CTRCW5XHDQVR/working/test1646075398338.dotcms.com/ec0039ef793cfd7be2b1ab9c210d3857.contentType.json
	at org.junit.Assert.fail(Assert.java:88)
	at org.junit.Assert.assertTrue(Assert.java:41)
	at com.dotcms.test.util.FileTestUtil.assertBundleFile(FileTestUtil.java:242)
	at com.dotcms.test.util.FileTestUtil.assertBundleFile(FileTestUtil.java:154)
	at com.dotcms.publishing.PublisherAPIImplTest.assertBundle(PublisherAPIImplTest.java:723)
	at com.dotcms.publishing.PublisherAPIImplTest.sendPushPublishBundle(PublisherAPIImplTest.java:664)
	at java.base/jdk.internal.reflect.NativeMethodAccessorImpl.invoke0(Native Method)
	at java.base/jdk.internal.reflect.NativeMethodAccessorImpl.invoke(NativeMethodAccessorImpl.java:62)
	at java.base/jdk.internal.reflect.DelegatingMethodAccessorImpl.invoke(DelegatingMethodAccessorImpl.java:43)
	at java.base/java.lang.reflect.Method.invoke(Method.java:566)
	at org.junit.runners.model.FrameworkMethod$1.runReflectiveCall(FrameworkMethod.java:50)
	at org.junit.internal.runners.model.ReflectiveCallable.run(ReflectiveCallable.java:12)
	at org.junit.runners.model.FrameworkMethod.invokeExplosively(FrameworkMethod.java:47)
	at com.tngtech.java.junit.dataprovider.DataProviderFrameworkMethod.invokeExplosively(DataProviderFrameworkMethod.java:119)
	at org.junit.internal.runners.statements.InvokeMethod.evaluate(InvokeMethod.java:17)
	at org.junit.rules.TestWatcher$1.evaluate(TestWatcher.java:55)
	at org.junit.rules.RunRules.evaluate(RunRules.java:20)
	at org.junit.runners.ParentRunner.runLeaf(ParentRunner.java:325)
	at com.dotcms.junit.CustomDataProviderRunner.runChild(CustomDataProviderRunner.java:28)
	at com.dotcms.junit.CustomDataProviderRunner.runChild(CustomDataProviderRunner.java:13)
	at org.junit.runners.ParentRunner$3.run(ParentRunner.java:290)
	at org.junit.runners.ParentRunner$1.schedule(ParentRunner.java:71)
	at org.junit.runners.ParentRunner.runChildren(ParentRunner.java:288)
	at org.junit.runners.ParentRunner.access$000(ParentRunner.java:58)
	at org.junit.runners.ParentRunner$2.evaluate(ParentRunner.java:268)
	at org.junit.internal.runners.statements.RunBefores.evaluate(RunBefores.java:26)
	at org.junit.internal.runners.statements.RunAfters.evaluate(RunAfters.java:27)
	at org.junit.runners.ParentRunner.run(ParentRunner.java:363)
	at com.dotcms.junit.MainBaseSuite$DotRunner.run(MainBaseSuite.java:60)
	at org.junit.runners.Suite.runChild(Suite.java:128)
	at org.junit.runners.Suite.runChild(Suite.java:27)
	at org.junit.runners.ParentRunner$3.run(ParentRunner.java:290)
	at org.junit.runners.ParentRunner$1.schedule(ParentRunner.java:71)
	at org.junit.runners.ParentRunner.runChildren(ParentRunner.java:288)
	at org.junit.runners.ParentRunner.access$000(ParentRunner.java:58)
	at org.junit.runners.ParentRunner$2.evaluate(ParentRunner.java:268)
	at org.junit.runners.ParentRunner.run(ParentRunner.java:363)
	at org.gradle.api.internal.tasks.testing.junit.JUnitTestClassExecutor.runTestClass(JUnitTestClassExecutor.java:106)
	at org.gradle.api.internal.tasks.testing.junit.JUnitTestClassExecutor.execute(JUnitTestClassExecutor.java:58)
	at org.gradle.api.internal.tasks.testing.junit.JUnitTestClassExecutor.execute(JUnitTestClassExecutor.java:38)
	at org.gradle.api.internal.tasks.testing.junit.AbstractJUnitTestClassProcessor.processTestClass(AbstractJUnitTestClassProcessor.java:66)
	at org.gradle.api.internal.tasks.testing.SuiteTestClassProcessor.processTestClass(SuiteTestClassProcessor.java:51)
	at java.base/jdk.internal.reflect.NativeMethodAccessorImpl.invoke0(Native Method)
	at java.base/jdk.internal.reflect.NativeMethodAccessorImpl.invoke(NativeMethodAccessorImpl.java:62)
	at java.base/jdk.internal.reflect.DelegatingMethodAccessorImpl.invoke(DelegatingMethodAccessorImpl.java:43)
	at java.base/java.lang.reflect.Method.invoke(Method.java:566)
	at org.gradle.internal.dispatch.ReflectionDispatch.dispatch(ReflectionDispatch.java:35)
	at org.gradle.internal.dispatch.ReflectionDispatch.dispatch(ReflectionDispatch.java:24)
	at org.gradle.internal.dispatch.ContextClassLoaderDispatch.dispatch(ContextClassLoaderDispatch.java:32)
	at org.gradle.internal.dispatch.ProxyDispatchAdapter$DispatchingInvocationHandler.invoke(ProxyDispatchAdapter.java:93)
	at com.sun.proxy.$Proxy2.processTestClass(Unknown Source)
	at org.gradle.api.internal.tasks.testing.worker.TestWorker.processTestClass(TestWorker.java:117)
	at java.base/jdk.internal.reflect.NativeMethodAccessorImpl.invoke0(Native Method)
	at java.base/jdk.internal.reflect.NativeMethodAccessorImpl.invoke(NativeMethodAccessorImpl.java:62)
	at java.base/jdk.internal.reflect.DelegatingMethodAccessorImpl.invoke(DelegatingMethodAccessorImpl.java:43)
	at java.base/java.lang.reflect.Method.invoke(Method.java:566)
	at org.gradle.internal.dispatch.ReflectionDispatch.dispatch(ReflectionDispatch.java:35)
	at org.gradle.internal.dispatch.ReflectionDispatch.dispatch(ReflectionDispatch.java:24)
	at org.gradle.internal.remote.internal.hub.MessageHubBackedObjectConnection$DispatchWrapper.dispatch(MessageHubBackedObjectConnection.java:155)
	at org.gradle.internal.remote.internal.hub.MessageHubBackedObjectConnection$DispatchWrapper.dispatch(MessageHubBackedObjectConnection.java:137)
	at org.gradle.internal.remote.internal.hub.MessageHub$Handler.run(MessageHub.java:404)
	at org.gradle.internal.concurrent.ExecutorPolicy$CatchAndRecordFailures.onExecute(ExecutorPolicy.java:63)
	at org.gradle.internal.concurrent.ManagedExecutorImpl$1.run(ManagedExecutorImpl.java:46)
	at java.base/java.util.concurrent.ThreadPoolExecutor.runWorker(ThreadPoolExecutor.java:1128)
	at java.base/java.util.concurrent.ThreadPoolExecutor$Worker.run(ThreadPoolExecutor.java:628)
	at org.gradle.internal.concurrent.ThreadFactoryImpl$ManagedThreadRunnable.run(ThreadFactoryImpl.java:55)
	at java.base/java.lang.Thread.run(Thread.java:829)
</pre>
</span>
</div>
</div>
<div id="tab1" class="tab">
<h2>Tests</h2>
<table>
<thead>
<tr>
<th>Test</th>
<th>Duration</th>
<th>Result</th>
</tr>
</thead>
<tr>
<td class="success">generateBundle[0: com.dotcms.publishing.PublisherAPIImplTest$TestAsset@5ccb55ee]</td>
<td class="success">0.184s</td>
<td class="success">passed</td>
</tr>
<tr>
<td class="failures">generateBundle[0: com.dotcms.publishing.PublisherAPIImplTest$TestAsset@5ccb55ee]</td>
<td class="failures">0.144s</td>
<td class="failures">failed</td>
</tr>
<tr>
<td class="success">generateBundle[1: com.dotcms.publishing.PublisherAPIImplTest$TestAsset@b427d6f]</td>
<td class="success">0.211s</td>
<td class="success">passed</td>
</tr>
<tr>
<td class="success">generateBundle[1: com.dotcms.publishing.PublisherAPIImplTest$TestAsset@b427d6f]</td>
<td class="success">0.148s</td>
<td class="success">passed</td>
</tr>
<tr>
<td class="success">generateBundle[2: com.dotcms.publishing.PublisherAPIImplTest$TestAsset@66d90b3c]</td>
<td class="success">0.243s</td>
<td class="success">passed</td>
</tr>
<tr>
<td class="success">generateBundle[2: com.dotcms.publishing.PublisherAPIImplTest$TestAsset@66d90b3c]</td>
<td class="success">0.161s</td>
<td class="success">passed</td>
</tr>
<tr>
<td class="success">generateBundle[3: com.dotcms.publishing.PublisherAPIImplTest$TestAsset@346f7a9f]</td>
<td class="success">0.342s</td>
<td class="success">passed</td>
</tr>
<tr>
<td class="success">generateBundle[3: com.dotcms.publishing.PublisherAPIImplTest$TestAsset@346f7a9f]</td>
<td class="success">0.231s</td>
<td class="success">passed</td>
</tr>
<tr>
<td class="success">generateBundle[4: com.dotcms.publishing.PublisherAPIImplTest$TestAsset@320d3dd9]</td>
<td class="success">0.244s</td>
<td class="success">passed</td>
</tr>
<tr>
<td class="success">generateBundle[4: com.dotcms.publishing.PublisherAPIImplTest$TestAsset@320d3dd9]</td>
<td class="success">0.188s</td>
<td class="success">passed</td>
</tr>
<tr>
<td class="success">generateBundle[5: com.dotcms.publishing.PublisherAPIImplTest$TestAsset@2a3c97f2]</td>
<td class="success">0.180s</td>
<td class="success">passed</td>
</tr>
<tr>
<td class="success">generateBundle[5: com.dotcms.publishing.PublisherAPIImplTest$TestAsset@2a3c97f2]</td>
<td class="success">0.285s</td>
<td class="success">passed</td>
</tr>
<tr>
<td class="success">generateBundle[6: com.dotcms.publishing.PublisherAPIImplTest$TestAsset@412e962]</td>
<td class="success">0.179s</td>
<td class="success">passed</td>
</tr>
<tr>
<td class="success">generateBundle[6: com.dotcms.publishing.PublisherAPIImplTest$TestAsset@412e962]</td>
<td class="success">0.180s</td>
<td class="success">passed</td>
</tr>
<tr>
<td class="success">generateBundle[7: com.dotcms.publishing.PublisherAPIImplTest$TestAsset@4be6d0fd]</td>
<td class="success">0.163s</td>
<td class="success">passed</td>
</tr>
<tr>
<td class="success">generateBundle[7: com.dotcms.publishing.PublisherAPIImplTest$TestAsset@4be6d0fd]</td>
<td class="success">0.165s</td>
<td class="success">passed</td>
</tr>
<tr>
<td class="success">generateBundle[8: com.dotcms.publishing.PublisherAPIImplTest$TestAsset@105ecfad]</td>
<td class="success">0.065s</td>
<td class="success">passed</td>
</tr>
<tr>
<td class="success">generateBundle[8: com.dotcms.publishing.PublisherAPIImplTest$TestAsset@105ecfad]</td>
<td class="success">0.082s</td>
<td class="success">passed</td>
</tr>
<tr>
<td class="success">generateBundle[9: com.dotcms.publishing.PublisherAPIImplTest$TestAsset@5e934953]</td>
<td class="success">0.208s</td>
<td class="success">passed</td>
</tr>
<tr>
<td class="success">generateBundle[9: com.dotcms.publishing.PublisherAPIImplTest$TestAsset@5e934953]</td>
<td class="success">0.224s</td>
<td class="success">passed</td>
</tr>
<tr>
<td class="success">sendPushPublishBundle[0: com.dotcms.publishing.PublisherAPIImplTest$TestAsset@5ccb55ee]</td>
<td class="success">0.533s</td>
<td class="success">passed</td>
</tr>
<tr>
<td class="failures">sendPushPublishBundle[0: com.dotcms.publishing.PublisherAPIImplTest$TestAsset@5ccb55ee]</td>
<td class="failures">0.469s</td>
<td class="failures">failed</td>
</tr>
<tr>
<td class="success">sendPushPublishBundle[1: com.dotcms.publishing.PublisherAPIImplTest$TestAsset@b427d6f]</td>
<td class="success">0.427s</td>
<td class="success">passed</td>
</tr>
<tr>
<td class="success">sendPushPublishBundle[1: com.dotcms.publishing.PublisherAPIImplTest$TestAsset@b427d6f]</td>
<td class="success">0.365s</td>
<td class="success">passed</td>
</tr>
<tr>
<td class="success">sendPushPublishBundle[2: com.dotcms.publishing.PublisherAPIImplTest$TestAsset@66d90b3c]</td>
<td class="success">0.351s</td>
<td class="success">passed</td>
</tr>
<tr>
<td class="success">sendPushPublishBundle[2: com.dotcms.publishing.PublisherAPIImplTest$TestAsset@66d90b3c]</td>
<td class="success">0.398s</td>
<td class="success">passed</td>
</tr>
<tr>
<td class="success">sendPushPublishBundle[3: com.dotcms.publishing.PublisherAPIImplTest$TestAsset@346f7a9f]</td>
<td class="success">0.385s</td>
<td class="success">passed</td>
</tr>
<tr>
<td class="success">sendPushPublishBundle[3: com.dotcms.publishing.PublisherAPIImplTest$TestAsset@346f7a9f]</td>
<td class="success">0.496s</td>
<td class="success">passed</td>
</tr>
<tr>
<td class="success">sendPushPublishBundle[4: com.dotcms.publishing.PublisherAPIImplTest$TestAsset@320d3dd9]</td>
<td class="success">0.467s</td>
<td class="success">passed</td>
</tr>
<tr>
<td class="success">sendPushPublishBundle[4: com.dotcms.publishing.PublisherAPIImplTest$TestAsset@320d3dd9]</td>
<td class="success">0.378s</td>
<td class="success">passed</td>
</tr>
<tr>
<td class="success">sendPushPublishBundle[5: com.dotcms.publishing.PublisherAPIImplTest$TestAsset@2a3c97f2]</td>
<td class="success">0.255s</td>
<td class="success">passed</td>
</tr>
<tr>
<td class="success">sendPushPublishBundle[5: com.dotcms.publishing.PublisherAPIImplTest$TestAsset@2a3c97f2]</td>
<td class="success">0.351s</td>
<td class="success">passed</td>
</tr>
<tr>
<td class="success">sendPushPublishBundle[6: com.dotcms.publishing.PublisherAPIImplTest$TestAsset@412e962]</td>
<td class="success">0.198s</td>
<td class="success">passed</td>
</tr>
<tr>
<td class="success">sendPushPublishBundle[6: com.dotcms.publishing.PublisherAPIImplTest$TestAsset@412e962]</td>
<td class="success">0.322s</td>
<td class="success">passed</td>
</tr>
<tr>
<td class="success">sendPushPublishBundle[7: com.dotcms.publishing.PublisherAPIImplTest$TestAsset@4be6d0fd]</td>
<td class="success">0.195s</td>
<td class="success">passed</td>
</tr>
<tr>
<td class="success">sendPushPublishBundle[7: com.dotcms.publishing.PublisherAPIImplTest$TestAsset@4be6d0fd]</td>
<td class="success">0.263s</td>
<td class="success">passed</td>
</tr>
<tr>
<td class="success">sendPushPublishBundle[8: com.dotcms.publishing.PublisherAPIImplTest$TestAsset@105ecfad]</td>
<td class="success">0.204s</td>
<td class="success">passed</td>
</tr>
<tr>
<td class="success">sendPushPublishBundle[8: com.dotcms.publishing.PublisherAPIImplTest$TestAsset@105ecfad]</td>
<td class="success">0.161s</td>
<td class="success">passed</td>
</tr>
<tr>
<td class="success">sendPushPublishBundle[9: com.dotcms.publishing.PublisherAPIImplTest$TestAsset@5e934953]</td>
<td class="success">0.291s</td>
<td class="success">passed</td>
</tr>
<tr>
<td class="success">sendPushPublishBundle[9: com.dotcms.publishing.PublisherAPIImplTest$TestAsset@5e934953]</td>
<td class="success">0.474s</td>
<td class="success">passed</td>
</tr>
</table>
</div>
<div id="tab2" class="tab">
<h2>Standard output</h2>
<span class="code">
<pre>































































































































































































































































































































































</pre>
</span>
</div>
</div>
<div id="footer">
<p>
<div>
<label class="hidden" id="label-for-line-wrapping-toggle" for="line-wrapping-toggle">Wrap lines
<input id="line-wrapping-toggle" type="checkbox" autocomplete="off"/>
</label>
</div>Generated by 
<a href="http://www.gradle.org">Gradle 4.10.2</a> at Feb 28, 2022, 8:38:18 PM</p>
</div>
</div>
</body>
</html>
