<!DOCTYPE html>
<html>
<head>
<meta http-equiv="Content-Type" content="text/html; charset=utf-8"/>
<meta http-equiv="x-ua-compatible" content="IE=edge"/>
<title>Test results - Class com.dotcms.publishing.PublisherAPIImplTest</title>
<link href="../css/base-style.css" rel="stylesheet" type="text/css"/>
<link href="../css/style.css" rel="stylesheet" type="text/css"/>
<script src="../js/report.js" type="text/javascript"></script>
</head>
<body>
<div id="content">
<h1>Class com.dotcms.publishing.PublisherAPIImplTest</h1>
<div class="breadcrumbs">
<a href="../index.html">all</a> &gt; 
<a href="../packages/com.dotcms.publishing.html">com.dotcms.publishing</a> &gt; PublisherAPIImplTest</div>
<div id="summary">
<table>
<tr>
<td>
<div class="summaryGroup">
<table>
<tr>
<td>
<div class="infoBox" id="tests">
<div class="counter">20</div>
<p>tests</p>
</div>
</td>
<td>
<div class="infoBox" id="failures">
<div class="counter">2</div>
<p>failures</p>
</div>
</td>
<td>
<div class="infoBox" id="ignored">
<div class="counter">0</div>
<p>ignored</p>
</div>
</td>
<td>
<div class="infoBox" id="duration">
<div class="counter">5.485s</div>
<p>duration</p>
</div>
</td>
</tr>
</table>
</div>
</td>
<td>
<div class="infoBox failures" id="successRate">
<div class="percent">90%</div>
<p>successful</p>
</div>
</td>
</tr>
</table>
</div>
<div id="tabs">
<ul class="tabLinks">
<li>
<a href="#tab0">Failed tests</a>
</li>
<li>
<a href="#tab1">Tests</a>
</li>
<li>
<a href="#tab2">Standard output</a>
</li>
</ul>
<div id="tab0" class="tab">
<h2>Failed tests</h2>
<div class="test">
<a name="generateBundle[0: com.dotcms.publishing.PublisherAPIImplTest$TestAsset@79865cd9]"></a>
<h3 class="failures">generateBundle[0: com.dotcms.publishing.PublisherAPIImplTest$TestAsset@79865cd9]</h3>
<span class="code">
<pre>java.lang.AssertionError: File /custom/assets/bundles/01FCRT6YFQBK4ZPQ46T8Z8TDQG/working/test1628620677136.dotcms.com/d5b4fded9bbdb88656df9a45aab5c382.contentType.json, not exists, files: /custom/assets/bundles/01FCRT6YFQBK4ZPQ46T8Z8TDQG/0f8cad98-74b0-44af-89f1-c64db7908c86.workflow.xml, /custom/assets/bundles/01FCRT6YFQBK4ZPQ46T8Z8TDQG/bundle.xml, /custom/assets/bundles/01FCRT6YFQBK4ZPQ46T8Z8TDQG/d61a59e1-a49c-46f2-a929-db2b4bfa88b2.workflow.xml, /custom/assets/bundles/01FCRT6YFQBK4ZPQ46T8Z8TDQG/live, /custom/assets/bundles/01FCRT6YFQBK4ZPQ46T8Z8TDQG/live/System Host, /custom/assets/bundles/01FCRT6YFQBK4ZPQ46T8Z8TDQG/live/System Host/1, /custom/assets/bundles/01FCRT6YFQBK4ZPQ46T8Z8TDQG/live/System Host/1/0-content.79bed539-13a6-4c15-a37a-e1577a47ceb5.content.xml, /custom/assets/bundles/01FCRT6YFQBK4ZPQ46T8Z8TDQG/live/System Host/1/2-content.41cdfc15-3819-480b-8fe2-c3a894455036.content.xml, /custom/assets/bundles/01FCRT6YFQBK4ZPQ46T8Z8TDQG/live/System Host/1/content.c2e93104-9aba-43d9-b3be-6726733bc975.host.xml, /custom/assets/bundles/01FCRT6YFQBK4ZPQ46T8Z8TDQG/live/System Host/1/content.ff462f88-d9e1-4d31-b084-b73cb61976d3.host.xml, /custom/assets/bundles/01FCRT6YFQBK4ZPQ46T8Z8TDQG/live/System Host/1/d16ece13b44a8f21f66e3880a86bd0c3.contentworkflow.xml, /custom/assets/bundles/01FCRT6YFQBK4ZPQ46T8Z8TDQG/live/System Host/1/f00993214b9208ba85a68cd005ea1e34.contentworkflow.xml, /custom/assets/bundles/01FCRT6YFQBK4ZPQ46T8Z8TDQG/live/System Host/1properties, /custom/assets/bundles/01FCRT6YFQBK4ZPQ46T8Z8TDQG/live/System Host/5348599properties, /custom/assets/bundles/01FCRT6YFQBK4ZPQ46T8Z8TDQG/live/System Host/am_CK.language.xml, /custom/assets/bundles/01FCRT6YFQBK4ZPQ46T8Z8TDQG/live/System Host/en_US.language.xml, /custom/assets/bundles/01FCRT6YFQBK4ZPQ46T8Z8TDQG/live/default, /custom/assets/bundles/01FCRT6YFQBK4ZPQ46T8Z8TDQG/live/default/5348599, /custom/assets/bundles/01FCRT6YFQBK4ZPQ46T8Z8TDQG/live/default/5348599/3-content.6bafd14b-025f-4b0c-8692-20a030c10814.content.xml, /custom/assets/bundles/01FCRT6YFQBK4ZPQ46T8Z8TDQG/live/default/5348599/721aa21b4485880e09468eeec39e0885.contentworkflow.xml, /custom/assets/bundles/01FCRT6YFQBK4ZPQ46T8Z8TDQG/manifest.csv, /custom/assets/bundles/01FCRT6YFQBK4ZPQ46T8Z8TDQG/working, /custom/assets/bundles/01FCRT6YFQBK4ZPQ46T8Z8TDQG/working/System Host, /custom/assets/bundles/01FCRT6YFQBK4ZPQ46T8Z8TDQG/working/System Host/1, /custom/assets/bundles/01FCRT6YFQBK4ZPQ46T8Z8TDQG/working/System Host/1/1-content.41cdfc15-3819-480b-8fe2-c3a894455036.content.xml, /custom/assets/bundles/01FCRT6YFQBK4ZPQ46T8Z8TDQG/working/System Host/1/content.ff462f88-d9e1-4d31-b084-b73cb61976d3.host.xml, /custom/assets/bundles/01FCRT6YFQBK4ZPQ46T8Z8TDQG/working/System Host/1/f00993214b9208ba85a68cd005ea1e34.contentworkflow.xml, /custom/assets/bundles/01FCRT6YFQBK4ZPQ46T8Z8TDQG/working/System Host/f4d7c1b8-2c88-4071-abf1-a5328977b07d.contentType.json, /custom/assets/bundles/01FCRT6YFQBK4ZPQ46T8Z8TDQG/working/System Host/f9e43c0fbb89fa9b7f90669f4e654eea.category.dpc.xml, /custom/assets/bundles/01FCRT6YFQBK4ZPQ46T8Z8TDQG/working/test1628620677136.dotcms.com, /custom/assets/bundles/01FCRT6YFQBK4ZPQ46T8Z8TDQG/working/test1628620677136.dotcms.com/48a6a7df56720e706a783198257c54fa.contentType.json
	at org.junit.Assert.fail(Assert.java:88)
	at org.junit.Assert.assertTrue(Assert.java:41)
	at com.dotcms.test.util.FileTestUtil.assertBundleFile(FileTestUtil.java:240)
	at com.dotcms.test.util.FileTestUtil.assertBundleFile(FileTestUtil.java:152)
	at com.dotcms.publishing.PublisherAPIImplTest.assertBundle(PublisherAPIImplTest.java:702)
	at com.dotcms.publishing.PublisherAPIImplTest.generateBundle(PublisherAPIImplTest.java:474)
	at java.base/jdk.internal.reflect.NativeMethodAccessorImpl.invoke0(Native Method)
	at java.base/jdk.internal.reflect.NativeMethodAccessorImpl.invoke(NativeMethodAccessorImpl.java:62)
	at java.base/jdk.internal.reflect.DelegatingMethodAccessorImpl.invoke(DelegatingMethodAccessorImpl.java:43)
	at java.base/java.lang.reflect.Method.invoke(Method.java:566)
	at org.junit.runners.model.FrameworkMethod$1.runReflectiveCall(FrameworkMethod.java:50)
	at org.junit.internal.runners.model.ReflectiveCallable.run(ReflectiveCallable.java:12)
	at org.junit.runners.model.FrameworkMethod.invokeExplosively(FrameworkMethod.java:47)
	at com.tngtech.java.junit.dataprovider.DataProviderFrameworkMethod.invokeExplosively(DataProviderFrameworkMethod.java:119)
	at org.junit.internal.runners.statements.InvokeMethod.evaluate(InvokeMethod.java:17)
	at org.junit.rules.TestWatcher$1.evaluate(TestWatcher.java:55)
	at org.junit.rules.RunRules.evaluate(RunRules.java:20)
	at org.junit.runners.ParentRunner.runLeaf(ParentRunner.java:325)
	at com.dotcms.junit.CustomDataProviderRunner.runChild(CustomDataProviderRunner.java:28)
	at com.dotcms.junit.CustomDataProviderRunner.runChild(CustomDataProviderRunner.java:13)
	at org.junit.runners.ParentRunner$3.run(ParentRunner.java:290)
	at org.junit.runners.ParentRunner$1.schedule(ParentRunner.java:71)
	at org.junit.runners.ParentRunner.runChildren(ParentRunner.java:288)
	at org.junit.runners.ParentRunner.access$000(ParentRunner.java:58)
	at org.junit.runners.ParentRunner$2.evaluate(ParentRunner.java:268)
	at org.junit.internal.runners.statements.RunBefores.evaluate(RunBefores.java:26)
	at org.junit.internal.runners.statements.RunAfters.evaluate(RunAfters.java:27)
	at org.junit.runners.ParentRunner.run(ParentRunner.java:363)
	at com.dotcms.junit.MainBaseSuite$DotRunner.run(MainBaseSuite.java:60)
	at org.junit.runners.Suite.runChild(Suite.java:128)
	at org.junit.runners.Suite.runChild(Suite.java:27)
	at org.junit.runners.ParentRunner$3.run(ParentRunner.java:290)
	at org.junit.runners.ParentRunner$1.schedule(ParentRunner.java:71)
	at org.junit.runners.ParentRunner.runChildren(ParentRunner.java:288)
	at org.junit.runners.ParentRunner.access$000(ParentRunner.java:58)
	at org.junit.runners.ParentRunner$2.evaluate(ParentRunner.java:268)
	at org.junit.runners.ParentRunner.run(ParentRunner.java:363)
	at org.gradle.api.internal.tasks.testing.junit.JUnitTestClassExecutor.runTestClass(JUnitTestClassExecutor.java:106)
	at org.gradle.api.internal.tasks.testing.junit.JUnitTestClassExecutor.execute(JUnitTestClassExecutor.java:58)
	at org.gradle.api.internal.tasks.testing.junit.JUnitTestClassExecutor.execute(JUnitTestClassExecutor.java:38)
	at org.gradle.api.internal.tasks.testing.junit.AbstractJUnitTestClassProcessor.processTestClass(AbstractJUnitTestClassProcessor.java:66)
	at org.gradle.api.internal.tasks.testing.SuiteTestClassProcessor.processTestClass(SuiteTestClassProcessor.java:51)
	at java.base/jdk.internal.reflect.NativeMethodAccessorImpl.invoke0(Native Method)
	at java.base/jdk.internal.reflect.NativeMethodAccessorImpl.invoke(NativeMethodAccessorImpl.java:62)
	at java.base/jdk.internal.reflect.DelegatingMethodAccessorImpl.invoke(DelegatingMethodAccessorImpl.java:43)
	at java.base/java.lang.reflect.Method.invoke(Method.java:566)
	at org.gradle.internal.dispatch.ReflectionDispatch.dispatch(ReflectionDispatch.java:35)
	at org.gradle.internal.dispatch.ReflectionDispatch.dispatch(ReflectionDispatch.java:24)
	at org.gradle.internal.dispatch.ContextClassLoaderDispatch.dispatch(ContextClassLoaderDispatch.java:32)
	at org.gradle.internal.dispatch.ProxyDispatchAdapter$DispatchingInvocationHandler.invoke(ProxyDispatchAdapter.java:93)
	at com.sun.proxy.$Proxy2.processTestClass(Unknown Source)
	at org.gradle.api.internal.tasks.testing.worker.TestWorker.processTestClass(TestWorker.java:117)
	at java.base/jdk.internal.reflect.NativeMethodAccessorImpl.invoke0(Native Method)
	at java.base/jdk.internal.reflect.NativeMethodAccessorImpl.invoke(NativeMethodAccessorImpl.java:62)
	at java.base/jdk.internal.reflect.DelegatingMethodAccessorImpl.invoke(DelegatingMethodAccessorImpl.java:43)
	at java.base/java.lang.reflect.Method.invoke(Method.java:566)
	at org.gradle.internal.dispatch.ReflectionDispatch.dispatch(ReflectionDispatch.java:35)
	at org.gradle.internal.dispatch.ReflectionDispatch.dispatch(ReflectionDispatch.java:24)
	at org.gradle.internal.remote.internal.hub.MessageHubBackedObjectConnection$DispatchWrapper.dispatch(MessageHubBackedObjectConnection.java:155)
	at org.gradle.internal.remote.internal.hub.MessageHubBackedObjectConnection$DispatchWrapper.dispatch(MessageHubBackedObjectConnection.java:137)
	at org.gradle.internal.remote.internal.hub.MessageHub$Handler.run(MessageHub.java:404)
	at org.gradle.internal.concurrent.ExecutorPolicy$CatchAndRecordFailures.onExecute(ExecutorPolicy.java:63)
	at org.gradle.internal.concurrent.ManagedExecutorImpl$1.run(ManagedExecutorImpl.java:46)
	at java.base/java.util.concurrent.ThreadPoolExecutor.runWorker(ThreadPoolExecutor.java:1128)
	at java.base/java.util.concurrent.ThreadPoolExecutor$Worker.run(ThreadPoolExecutor.java:628)
	at org.gradle.internal.concurrent.ThreadFactoryImpl$ManagedThreadRunnable.run(ThreadFactoryImpl.java:55)
	at java.base/java.lang.Thread.run(Thread.java:829)
</pre>
</span>
</div>
<div class="test">
<a name="sendPushPublishBundle[0: com.dotcms.publishing.PublisherAPIImplTest$TestAsset@79865cd9]"></a>
<h3 class="failures">sendPushPublishBundle[0: com.dotcms.publishing.PublisherAPIImplTest$TestAsset@79865cd9]</h3>
<span class="code">
<pre>java.lang.AssertionError: File /custom/assets/bundles/01FCRT6TY9VSR2KTTAT4N6KPQ0/working/test1628620677136.dotcms.com/d5b4fded9bbdb88656df9a45aab5c382.contentType.json, not exists, files: /custom/assets/bundles/01FCRT6TY9VSR2KTTAT4N6KPQ0/0f8cad98-74b0-44af-89f1-c64db7908c86.workflow.xml, /custom/assets/bundles/01FCRT6TY9VSR2KTTAT4N6KPQ0/bundle.xml, /custom/assets/bundles/01FCRT6TY9VSR2KTTAT4N6KPQ0/d61a59e1-a49c-46f2-a929-db2b4bfa88b2.workflow.xml, /custom/assets/bundles/01FCRT6TY9VSR2KTTAT4N6KPQ0/live, /custom/assets/bundles/01FCRT6TY9VSR2KTTAT4N6KPQ0/live/System Host, /custom/assets/bundles/01FCRT6TY9VSR2KTTAT4N6KPQ0/live/System Host/1, /custom/assets/bundles/01FCRT6TY9VSR2KTTAT4N6KPQ0/live/System Host/1/0-content.79bed539-13a6-4c15-a37a-e1577a47ceb5.content.xml, /custom/assets/bundles/01FCRT6TY9VSR2KTTAT4N6KPQ0/live/System Host/1/2-content.41cdfc15-3819-480b-8fe2-c3a894455036.content.xml, /custom/assets/bundles/01FCRT6TY9VSR2KTTAT4N6KPQ0/live/System Host/1/content.c2e93104-9aba-43d9-b3be-6726733bc975.host.xml, /custom/assets/bundles/01FCRT6TY9VSR2KTTAT4N6KPQ0/live/System Host/1/content.ff462f88-d9e1-4d31-b084-b73cb61976d3.host.xml, /custom/assets/bundles/01FCRT6TY9VSR2KTTAT4N6KPQ0/live/System Host/1/d16ece13b44a8f21f66e3880a86bd0c3.contentworkflow.xml, /custom/assets/bundles/01FCRT6TY9VSR2KTTAT4N6KPQ0/live/System Host/1/f00993214b9208ba85a68cd005ea1e34.contentworkflow.xml, /custom/assets/bundles/01FCRT6TY9VSR2KTTAT4N6KPQ0/live/System Host/1properties, /custom/assets/bundles/01FCRT6TY9VSR2KTTAT4N6KPQ0/live/System Host/5348599properties, /custom/assets/bundles/01FCRT6TY9VSR2KTTAT4N6KPQ0/live/System Host/am_CK.language.xml, /custom/assets/bundles/01FCRT6TY9VSR2KTTAT4N6KPQ0/live/System Host/en_US.language.xml, /custom/assets/bundles/01FCRT6TY9VSR2KTTAT4N6KPQ0/live/default, /custom/assets/bundles/01FCRT6TY9VSR2KTTAT4N6KPQ0/live/default/5348599, /custom/assets/bundles/01FCRT6TY9VSR2KTTAT4N6KPQ0/live/default/5348599/3-content.6bafd14b-025f-4b0c-8692-20a030c10814.content.xml, /custom/assets/bundles/01FCRT6TY9VSR2KTTAT4N6KPQ0/live/default/5348599/721aa21b4485880e09468eeec39e0885.contentworkflow.xml, /custom/assets/bundles/01FCRT6TY9VSR2KTTAT4N6KPQ0/manifest.csv, /custom/assets/bundles/01FCRT6TY9VSR2KTTAT4N6KPQ0/working, /custom/assets/bundles/01FCRT6TY9VSR2KTTAT4N6KPQ0/working/System Host, /custom/assets/bundles/01FCRT6TY9VSR2KTTAT4N6KPQ0/working/System Host/1, /custom/assets/bundles/01FCRT6TY9VSR2KTTAT4N6KPQ0/working/System Host/1/1-content.41cdfc15-3819-480b-8fe2-c3a894455036.content.xml, /custom/assets/bundles/01FCRT6TY9VSR2KTTAT4N6KPQ0/working/System Host/1/content.ff462f88-d9e1-4d31-b084-b73cb61976d3.host.xml, /custom/assets/bundles/01FCRT6TY9VSR2KTTAT4N6KPQ0/working/System Host/1/f00993214b9208ba85a68cd005ea1e34.contentworkflow.xml, /custom/assets/bundles/01FCRT6TY9VSR2KTTAT4N6KPQ0/working/System Host/f4d7c1b8-2c88-4071-abf1-a5328977b07d.contentType.json, /custom/assets/bundles/01FCRT6TY9VSR2KTTAT4N6KPQ0/working/System Host/f9e43c0fbb89fa9b7f90669f4e654eea.category.dpc.xml, /custom/assets/bundles/01FCRT6TY9VSR2KTTAT4N6KPQ0/working/test1628620677136.dotcms.com, /custom/assets/bundles/01FCRT6TY9VSR2KTTAT4N6KPQ0/working/test1628620677136.dotcms.com/48a6a7df56720e706a783198257c54fa.contentType.json
	at org.junit.Assert.fail(Assert.java:88)
	at org.junit.Assert.assertTrue(Assert.java:41)
	at com.dotcms.test.util.FileTestUtil.assertBundleFile(FileTestUtil.java:240)
	at com.dotcms.test.util.FileTestUtil.assertBundleFile(FileTestUtil.java:152)
	at com.dotcms.publishing.PublisherAPIImplTest.assertBundle(PublisherAPIImplTest.java:702)
	at com.dotcms.publishing.PublisherAPIImplTest.sendPushPublishBundle(PublisherAPIImplTest.java:643)
	at java.base/jdk.internal.reflect.NativeMethodAccessorImpl.invoke0(Native Method)
	at java.base/jdk.internal.reflect.NativeMethodAccessorImpl.invoke(NativeMethodAccessorImpl.java:62)
	at java.base/jdk.internal.reflect.DelegatingMethodAccessorImpl.invoke(DelegatingMethodAccessorImpl.java:43)
	at java.base/java.lang.reflect.Method.invoke(Method.java:566)
	at org.junit.runners.model.FrameworkMethod$1.runReflectiveCall(FrameworkMethod.java:50)
	at org.junit.internal.runners.model.ReflectiveCallable.run(ReflectiveCallable.java:12)
	at org.junit.runners.model.FrameworkMethod.invokeExplosively(FrameworkMethod.java:47)
	at com.tngtech.java.junit.dataprovider.DataProviderFrameworkMethod.invokeExplosively(DataProviderFrameworkMethod.java:119)
	at org.junit.internal.runners.statements.InvokeMethod.evaluate(InvokeMethod.java:17)
	at org.junit.rules.TestWatcher$1.evaluate(TestWatcher.java:55)
	at org.junit.rules.RunRules.evaluate(RunRules.java:20)
	at org.junit.runners.ParentRunner.runLeaf(ParentRunner.java:325)
	at com.dotcms.junit.CustomDataProviderRunner.runChild(CustomDataProviderRunner.java:28)
	at com.dotcms.junit.CustomDataProviderRunner.runChild(CustomDataProviderRunner.java:13)
	at org.junit.runners.ParentRunner$3.run(ParentRunner.java:290)
	at org.junit.runners.ParentRunner$1.schedule(ParentRunner.java:71)
	at org.junit.runners.ParentRunner.runChildren(ParentRunner.java:288)
	at org.junit.runners.ParentRunner.access$000(ParentRunner.java:58)
	at org.junit.runners.ParentRunner$2.evaluate(ParentRunner.java:268)
	at org.junit.internal.runners.statements.RunBefores.evaluate(RunBefores.java:26)
	at org.junit.internal.runners.statements.RunAfters.evaluate(RunAfters.java:27)
	at org.junit.runners.ParentRunner.run(ParentRunner.java:363)
	at com.dotcms.junit.MainBaseSuite$DotRunner.run(MainBaseSuite.java:60)
	at org.junit.runners.Suite.runChild(Suite.java:128)
	at org.junit.runners.Suite.runChild(Suite.java:27)
	at org.junit.runners.ParentRunner$3.run(ParentRunner.java:290)
	at org.junit.runners.ParentRunner$1.schedule(ParentRunner.java:71)
	at org.junit.runners.ParentRunner.runChildren(ParentRunner.java:288)
	at org.junit.runners.ParentRunner.access$000(ParentRunner.java:58)
	at org.junit.runners.ParentRunner$2.evaluate(ParentRunner.java:268)
	at org.junit.runners.ParentRunner.run(ParentRunner.java:363)
	at org.gradle.api.internal.tasks.testing.junit.JUnitTestClassExecutor.runTestClass(JUnitTestClassExecutor.java:106)
	at org.gradle.api.internal.tasks.testing.junit.JUnitTestClassExecutor.execute(JUnitTestClassExecutor.java:58)
	at org.gradle.api.internal.tasks.testing.junit.JUnitTestClassExecutor.execute(JUnitTestClassExecutor.java:38)
	at org.gradle.api.internal.tasks.testing.junit.AbstractJUnitTestClassProcessor.processTestClass(AbstractJUnitTestClassProcessor.java:66)
	at org.gradle.api.internal.tasks.testing.SuiteTestClassProcessor.processTestClass(SuiteTestClassProcessor.java:51)
	at java.base/jdk.internal.reflect.NativeMethodAccessorImpl.invoke0(Native Method)
	at java.base/jdk.internal.reflect.NativeMethodAccessorImpl.invoke(NativeMethodAccessorImpl.java:62)
	at java.base/jdk.internal.reflect.DelegatingMethodAccessorImpl.invoke(DelegatingMethodAccessorImpl.java:43)
	at java.base/java.lang.reflect.Method.invoke(Method.java:566)
	at org.gradle.internal.dispatch.ReflectionDispatch.dispatch(ReflectionDispatch.java:35)
	at org.gradle.internal.dispatch.ReflectionDispatch.dispatch(ReflectionDispatch.java:24)
	at org.gradle.internal.dispatch.ContextClassLoaderDispatch.dispatch(ContextClassLoaderDispatch.java:32)
	at org.gradle.internal.dispatch.ProxyDispatchAdapter$DispatchingInvocationHandler.invoke(ProxyDispatchAdapter.java:93)
	at com.sun.proxy.$Proxy2.processTestClass(Unknown Source)
	at org.gradle.api.internal.tasks.testing.worker.TestWorker.processTestClass(TestWorker.java:117)
	at java.base/jdk.internal.reflect.NativeMethodAccessorImpl.invoke0(Native Method)
	at java.base/jdk.internal.reflect.NativeMethodAccessorImpl.invoke(NativeMethodAccessorImpl.java:62)
	at java.base/jdk.internal.reflect.DelegatingMethodAccessorImpl.invoke(DelegatingMethodAccessorImpl.java:43)
	at java.base/java.lang.reflect.Method.invoke(Method.java:566)
	at org.gradle.internal.dispatch.ReflectionDispatch.dispatch(ReflectionDispatch.java:35)
	at org.gradle.internal.dispatch.ReflectionDispatch.dispatch(ReflectionDispatch.java:24)
	at org.gradle.internal.remote.internal.hub.MessageHubBackedObjectConnection$DispatchWrapper.dispatch(MessageHubBackedObjectConnection.java:155)
	at org.gradle.internal.remote.internal.hub.MessageHubBackedObjectConnection$DispatchWrapper.dispatch(MessageHubBackedObjectConnection.java:137)
	at org.gradle.internal.remote.internal.hub.MessageHub$Handler.run(MessageHub.java:404)
	at org.gradle.internal.concurrent.ExecutorPolicy$CatchAndRecordFailures.onExecute(ExecutorPolicy.java:63)
	at org.gradle.internal.concurrent.ManagedExecutorImpl$1.run(ManagedExecutorImpl.java:46)
	at java.base/java.util.concurrent.ThreadPoolExecutor.runWorker(ThreadPoolExecutor.java:1128)
	at java.base/java.util.concurrent.ThreadPoolExecutor$Worker.run(ThreadPoolExecutor.java:628)
	at org.gradle.internal.concurrent.ThreadFactoryImpl$ManagedThreadRunnable.run(ThreadFactoryImpl.java:55)
	at java.base/java.lang.Thread.run(Thread.java:829)
</pre>
</span>
</div>
</div>
<div id="tab1" class="tab">
<h2>Tests</h2>
<table>
<thead>
<tr>
<th>Test</th>
<th>Duration</th>
<th>Result</th>
</tr>
</thead>
<tr>
<td class="failures">generateBundle[0: com.dotcms.publishing.PublisherAPIImplTest$TestAsset@79865cd9]</td>
<td class="failures">0.145s</td>
<td class="failures">failed</td>
</tr>
<tr>
<td class="success">generateBundle[1: com.dotcms.publishing.PublisherAPIImplTest$TestAsset@43dc1be1]</td>
<td class="success">0.232s</td>
<td class="success">passed</td>
</tr>
<tr>
<td class="success">generateBundle[2: com.dotcms.publishing.PublisherAPIImplTest$TestAsset@26544146]</td>
<td class="success">0.200s</td>
<td class="success">passed</td>
</tr>
<tr>
<td class="success">generateBundle[3: com.dotcms.publishing.PublisherAPIImplTest$TestAsset@b7b273f]</td>
<td class="success">0.309s</td>
<td class="success">passed</td>
</tr>
<tr>
<td class="success">generateBundle[4: com.dotcms.publishing.PublisherAPIImplTest$TestAsset@40d0d21d]</td>
<td class="success">0.230s</td>
<td class="success">passed</td>
</tr>
<tr>
<td class="success">generateBundle[5: com.dotcms.publishing.PublisherAPIImplTest$TestAsset@6370daf5]</td>
<td class="success">0.199s</td>
<td class="success">passed</td>
</tr>
<tr>
<td class="success">generateBundle[6: com.dotcms.publishing.PublisherAPIImplTest$TestAsset@672af9ac]</td>
<td class="success">0.159s</td>
<td class="success">passed</td>
</tr>
<tr>
<td class="success">generateBundle[7: com.dotcms.publishing.PublisherAPIImplTest$TestAsset@35ba68a9]</td>
<td class="success">0.110s</td>
<td class="success">passed</td>
</tr>
<tr>
<td class="success">generateBundle[8: com.dotcms.publishing.PublisherAPIImplTest$TestAsset@73bc0439]</td>
<td class="success">0.067s</td>
<td class="success">passed</td>
</tr>
<tr>
<td class="success">generateBundle[9: com.dotcms.publishing.PublisherAPIImplTest$TestAsset@16fecfc9]</td>
<td class="success">0.192s</td>
<td class="success">passed</td>
</tr>
<tr>
<td class="failures">sendPushPublishBundle[0: com.dotcms.publishing.PublisherAPIImplTest$TestAsset@79865cd9]</td>
<td class="failures">0.628s</td>
<td class="failures">failed</td>
</tr>
<tr>
<td class="success">sendPushPublishBundle[1: com.dotcms.publishing.PublisherAPIImplTest$TestAsset@43dc1be1]</td>
<td class="success">0.360s</td>
<td class="success">passed</td>
</tr>
<tr>
<td class="success">sendPushPublishBundle[2: com.dotcms.publishing.PublisherAPIImplTest$TestAsset@26544146]</td>
<td class="success">0.314s</td>
<td class="success">passed</td>
</tr>
<tr>
<td class="success">sendPushPublishBundle[3: com.dotcms.publishing.PublisherAPIImplTest$TestAsset@b7b273f]</td>
<td class="success">0.439s</td>
<td class="success">passed</td>
</tr>
<tr>
<td class="success">sendPushPublishBundle[4: com.dotcms.publishing.PublisherAPIImplTest$TestAsset@40d0d21d]</td>
<td class="success">0.477s</td>
<td class="success">passed</td>
</tr>
<tr>
<td class="success">sendPushPublishBundle[5: com.dotcms.publishing.PublisherAPIImplTest$TestAsset@6370daf5]</td>
<td class="success">0.384s</td>
<td class="success">passed</td>
</tr>
<tr>
<td class="success">sendPushPublishBundle[6: com.dotcms.publishing.PublisherAPIImplTest$TestAsset@672af9ac]</td>
<td class="success">0.243s</td>
<td class="success">passed</td>
</tr>
<tr>
<td class="success">sendPushPublishBundle[7: com.dotcms.publishing.PublisherAPIImplTest$TestAsset@35ba68a9]</td>
<td class="success">0.286s</td>
<td class="success">passed</td>
</tr>
<tr>
<td class="success">sendPushPublishBundle[8: com.dotcms.publishing.PublisherAPIImplTest$TestAsset@73bc0439]</td>
<td class="success">0.172s</td>
<td class="success">passed</td>
</tr>
<tr>
<td class="success">sendPushPublishBundle[9: com.dotcms.publishing.PublisherAPIImplTest$TestAsset@16fecfc9]</td>
<td class="success">0.339s</td>
<td class="success">passed</td>
</tr>
</table>
</div>
<div id="tab2" class="tab">
<h2>Standard output</h2>
<span class="code">
<pre>













































































































































</pre>
</span>
</div>
</div>
<div id="footer">
<p>
<div>
<label class="hidden" id="label-for-line-wrapping-toggle" for="line-wrapping-toggle">Wrap lines
<input id="line-wrapping-toggle" type="checkbox" autocomplete="off"/>
</label>
</div>Generated by 
<a href="http://www.gradle.org">Gradle 4.10.2</a> at Aug 10, 2021, 7:58:34 PM</p>
</div>
</div>
</body>
</html>
