<!DOCTYPE html>
<html>
<head>
<meta http-equiv="Content-Type" content="text/html; charset=utf-8"/>
<meta http-equiv="x-ua-compatible" content="IE=edge"/>
<title>Test results - Class com.dotcms.content.elasticsearch.util.ESMappingUtilHelperTest</title>
<link href="../css/base-style.css" rel="stylesheet" type="text/css"/>
<link href="../css/style.css" rel="stylesheet" type="text/css"/>
<script src="../js/report.js" type="text/javascript"></script>
</head>
<body>
<div id="content">
<h1>Class com.dotcms.content.elasticsearch.util.ESMappingUtilHelperTest</h1>
<div class="breadcrumbs">
<a href="../index.html">all</a> &gt; 
<a href="../packages/com.dotcms.content.elasticsearch.util.html">com.dotcms.content.elasticsearch.util</a> &gt; ESMappingUtilHelperTest</div>
<div id="summary">
<table>
<tr>
<td>
<div class="summaryGroup">
<table>
<tr>
<td>
<div class="infoBox" id="tests">
<div class="counter">26</div>
<p>tests</p>
</div>
</td>
<td>
<div class="infoBox" id="failures">
<div class="counter">1</div>
<p>failures</p>
</div>
</td>
<td>
<div class="infoBox" id="ignored">
<div class="counter">0</div>
<p>ignored</p>
</div>
</td>
<td>
<div class="infoBox" id="duration">
<div class="counter">13m30.85s</div>
<p>duration</p>
</div>
</td>
</tr>
</table>
</div>
</td>
<td>
<div class="infoBox failures" id="successRate">
<div class="percent">96%</div>
<p>successful</p>
</div>
</td>
</tr>
</table>
</div>
<div id="tabs">
<ul class="tabLinks">
<li>
<a href="#tab0">Failed tests</a>
</li>
<li>
<a href="#tab1">Tests</a>
</li>
</ul>
<div id="tab0" class="tab">
<h2>Failed tests</h2>
<div class="test">
<a name="Test Name: testValidateNewsLikeMapping. Mapping Name: geomapping_2"></a>
<h3 class="failures">Test Name: testValidateNewsLikeMapping. Mapping Name: geomapping_2</h3>
<span class="code">
<pre>com.dotmarketing.exception.DotHibernateException: Unable to close Hibernate Session 
	at com.dotmarketing.db.HibernateUtil.commitTransaction(HibernateUtil.java:1158)
	at com.dotmarketing.db.LocalTransaction.wrapReturnWithListeners(LocalTransaction.java:62)
	at com.dotcms.aspects.interceptors.WrapInTransactionMethodInterceptor.invoke(WrapInTransactionMethodInterceptor.java:23)
	at com.dotcms.aspects.aspectj.WrapInTransactionAspect.invoke(WrapInTransactionAspect.java:41)
	at com.dotcms.content.elasticsearch.business.ESContentletAPIImpl.checkin(ESContentletAPIImpl.java:4134)
	at com.dotcms.content.elasticsearch.business.ESContentletAPIImpl.checkin_aroundBody138(ESContentletAPIImpl.java:4086)
	at com.dotcms.content.elasticsearch.business.ESContentletAPIImpl$AjcClosure139.run(ESContentletAPIImpl.java:1)
	at org.aspectj.runtime.reflect.JoinPointImpl.proceed(JoinPointImpl.java:149)
	at com.dotcms.aspects.aspectj.AspectJDelegateMethodInvocation.proceed(AspectJDelegateMethodInvocation.java:42)
	at com.dotcms.aspects.interceptors.CloseDBIfOpenedMethodInterceptor.invoke(CloseDBIfOpenedMethodInterceptor.java:29)
	at com.dotcms.aspects.aspectj.CloseDBIfOpenedAspect.invoke(CloseDBIfOpenedAspect.java:41)
	at com.dotcms.content.elasticsearch.business.ESContentletAPIImpl.checkin(ESContentletAPIImpl.java:4079)
	at com.dotcms.content.elasticsearch.business.ESContentletAPIImpl.checkin(ESContentletAPIImpl.java:4061)
	at com.dotcms.content.elasticsearch.business.ESContentletAPIImpl.checkin_aroundBody126(ESContentletAPIImpl.java:4010)
	at com.dotcms.content.elasticsearch.business.ESContentletAPIImpl$AjcClosure127.run(ESContentletAPIImpl.java:1)
	at org.aspectj.runtime.reflect.JoinPointImpl.proceed(JoinPointImpl.java:149)
	at com.dotcms.aspects.aspectj.AspectJDelegateMethodInvocation.proceed(AspectJDelegateMethodInvocation.java:42)
	at com.dotcms.aspects.interceptors.CloseDBIfOpenedMethodInterceptor.invoke(CloseDBIfOpenedMethodInterceptor.java:29)
	at com.dotcms.aspects.aspectj.CloseDBIfOpenedAspect.invoke(CloseDBIfOpenedAspect.java:41)
	at com.dotcms.content.elasticsearch.business.ESContentletAPIImpl.checkin(ESContentletAPIImpl.java:4007)
	at com.dotmarketing.portlets.contentlet.business.ContentletAPIInterceptor.checkin(ContentletAPIInterceptor.java:194)
	at com.dotcms.content.elasticsearch.util.ESMappingUtilHelperTest.testValidateNewsLikeMapping(ESMappingUtilHelperTest.java:466)
	at sun.reflect.NativeMethodAccessorImpl.invoke0(Native Method)
	at sun.reflect.NativeMethodAccessorImpl.invoke(NativeMethodAccessorImpl.java:62)
	at sun.reflect.DelegatingMethodAccessorImpl.invoke(DelegatingMethodAccessorImpl.java:43)
	at java.lang.reflect.Method.invoke(Method.java:498)
	at org.junit.runners.model.FrameworkMethod$1.runReflectiveCall(FrameworkMethod.java:50)
	at org.junit.internal.runners.model.ReflectiveCallable.run(ReflectiveCallable.java:12)
	at org.junit.runners.model.FrameworkMethod.invokeExplosively(FrameworkMethod.java:47)
	at com.tngtech.java.junit.dataprovider.DataProviderFrameworkMethod.invokeExplosively(DataProviderFrameworkMethod.java:119)
	at org.junit.internal.runners.statements.InvokeMethod.evaluate(InvokeMethod.java:17)
	at org.junit.rules.TestWatcher$1.evaluate(TestWatcher.java:55)
	at org.junit.rules.RunRules.evaluate(RunRules.java:20)
	at org.junit.runners.ParentRunner.runLeaf(ParentRunner.java:325)
	at com.dotcms.junit.CustomDataProviderRunner.runChild(CustomDataProviderRunner.java:28)
	at com.dotcms.junit.CustomDataProviderRunner.runChild(CustomDataProviderRunner.java:13)
	at org.junit.runners.ParentRunner$3.run(ParentRunner.java:290)
	at org.junit.runners.ParentRunner$1.schedule(ParentRunner.java:71)
	at org.junit.runners.ParentRunner.runChildren(ParentRunner.java:288)
	at org.junit.runners.ParentRunner.access$000(ParentRunner.java:58)
	at org.junit.runners.ParentRunner$2.evaluate(ParentRunner.java:268)
	at org.junit.internal.runners.statements.RunBefores.evaluate(RunBefores.java:26)
	at org.junit.runners.ParentRunner.run(ParentRunner.java:363)
	at org.junit.runners.Suite.runChild(Suite.java:128)
	at org.junit.runners.Suite.runChild(Suite.java:27)
	at org.junit.runners.ParentRunner$3.run(ParentRunner.java:290)
	at org.junit.runners.ParentRunner$1.schedule(ParentRunner.java:71)
	at org.junit.runners.ParentRunner.runChildren(ParentRunner.java:288)
	at org.junit.runners.ParentRunner.access$000(ParentRunner.java:58)
	at org.junit.runners.ParentRunner$2.evaluate(ParentRunner.java:268)
	at org.junit.runners.ParentRunner.run(ParentRunner.java:363)
	at org.gradle.api.internal.tasks.testing.junit.JUnitTestClassExecuter.runTestClass(JUnitTestClassExecuter.java:114)
	at org.gradle.api.internal.tasks.testing.junit.JUnitTestClassExecuter.execute(JUnitTestClassExecuter.java:57)
	at org.gradle.api.internal.tasks.testing.junit.JUnitTestClassProcessor.processTestClass(JUnitTestClassProcessor.java:66)
	at org.gradle.api.internal.tasks.testing.SuiteTestClassProcessor.processTestClass(SuiteTestClassProcessor.java:51)
	at sun.reflect.NativeMethodAccessorImpl.invoke0(Native Method)
	at sun.reflect.NativeMethodAccessorImpl.invoke(NativeMethodAccessorImpl.java:62)
	at sun.reflect.DelegatingMethodAccessorImpl.invoke(DelegatingMethodAccessorImpl.java:43)
	at java.lang.reflect.Method.invoke(Method.java:498)
	at org.gradle.internal.dispatch.ReflectionDispatch.dispatch(ReflectionDispatch.java:35)
	at org.gradle.internal.dispatch.ReflectionDispatch.dispatch(ReflectionDispatch.java:24)
	at org.gradle.internal.dispatch.ContextClassLoaderDispatch.dispatch(ContextClassLoaderDispatch.java:32)
	at org.gradle.internal.dispatch.ProxyDispatchAdapter$DispatchingInvocationHandler.invoke(ProxyDispatchAdapter.java:93)
	at com.sun.proxy.$Proxy1.processTestClass(Unknown Source)
	at org.gradle.api.internal.tasks.testing.worker.TestWorker.processTestClass(TestWorker.java:108)
	at sun.reflect.NativeMethodAccessorImpl.invoke0(Native Method)
	at sun.reflect.NativeMethodAccessorImpl.invoke(NativeMethodAccessorImpl.java:62)
	at sun.reflect.DelegatingMethodAccessorImpl.invoke(DelegatingMethodAccessorImpl.java:43)
	at java.lang.reflect.Method.invoke(Method.java:498)
	at org.gradle.internal.dispatch.ReflectionDispatch.dispatch(ReflectionDispatch.java:35)
	at org.gradle.internal.dispatch.ReflectionDispatch.dispatch(ReflectionDispatch.java:24)
	at org.gradle.internal.remote.internal.hub.MessageHubBackedObjectConnection$DispatchWrapper.dispatch(MessageHubBackedObjectConnection.java:146)
	at org.gradle.internal.remote.internal.hub.MessageHubBackedObjectConnection$DispatchWrapper.dispatch(MessageHubBackedObjectConnection.java:128)
	at org.gradle.internal.remote.internal.hub.MessageHub$Handler.run(MessageHub.java:404)
	at org.gradle.internal.concurrent.ExecutorPolicy$CatchAndRecordFailures.onExecute(ExecutorPolicy.java:63)
	at org.gradle.internal.concurrent.ManagedExecutorImpl$1.run(ManagedExecutorImpl.java:46)
	at java.util.concurrent.ThreadPoolExecutor.runWorker(ThreadPoolExecutor.java:1149)
	at java.util.concurrent.ThreadPoolExecutor$Worker.run(ThreadPoolExecutor.java:624)
	at org.gradle.internal.concurrent.ThreadFactoryImpl$ManagedThreadRunnable.run(ThreadFactoryImpl.java:55)
	at java.lang.Thread.run(Thread.java:748)
Caused by: com.dotmarketing.business.DotStateException: An error occurred when mapping properties of Contentlet with ID 'e19069be-4b78-4c1d-a9b5-97a301df9554': Content Type with ID '36ce74c1-5270-4869-990c-60a89638a65d' was not found via API.
	at com.dotmarketing.db.DotRunnableThread.run(DotRunnableThread.java:56)
	at com.dotmarketing.db.HibernateUtil.finalizeCommitListeners(HibernateUtil.java:1068)
	at com.dotmarketing.db.HibernateUtil.commitTransaction(HibernateUtil.java:1152)
	... 79 more
Caused by: com.dotcms.content.business.DotMappingException: An error occurred when mapping properties of Contentlet with ID 'e19069be-4b78-4c1d-a9b5-97a301df9554': Content Type with ID '36ce74c1-5270-4869-990c-60a89638a65d' was not found via API.
	at com.dotcms.content.elasticsearch.business.ESMappingAPIImpl.toMap_aroundBody0(ESMappingAPIImpl.java:389)
	at com.dotcms.content.elasticsearch.business.ESMappingAPIImpl$AjcClosure1.run(ESMappingAPIImpl.java:1)
	at org.aspectj.runtime.reflect.JoinPointImpl.proceed(JoinPointImpl.java:149)
	at com.dotcms.aspects.aspectj.AspectJDelegateMethodInvocation.proceed(AspectJDelegateMethodInvocation.java:42)
	at com.dotcms.aspects.interceptors.CloseDBIfOpenedMethodInterceptor.invoke(CloseDBIfOpenedMethodInterceptor.java:29)
	at com.dotcms.aspects.aspectj.CloseDBIfOpenedAspect.invoke(CloseDBIfOpenedAspect.java:41)
	at com.dotcms.content.elasticsearch.business.ESMappingAPIImpl.toMap(ESMappingAPIImpl.java:211)
	at com.dotcms.content.elasticsearch.business.ContentletIndexAPIImpl.addBulkRequest(ContentletIndexAPIImpl.java:745)
	at com.dotcms.content.elasticsearch.business.ContentletIndexAPIImpl.appendBulkRequest(ContentletIndexAPIImpl.java:708)
	at com.dotcms.content.elasticsearch.business.ContentletIndexAPIImpl.createBulkRequest(ContentletIndexAPIImpl.java:596)
	at com.dotcms.content.elasticsearch.business.ContentletIndexAPIImpl.indexContentListNow(ContentletIndexAPIImpl.java:548)
	at com.dotcms.content.elasticsearch.business.ContentletIndexAPIImpl.addContentToIndex(ContentletIndexAPIImpl.java:542)
	at com.dotcms.content.elasticsearch.business.ContentletIndexAPIImpl.lambda$3(ContentletIndexAPIImpl.java:501)
	at com.dotmarketing.db.HibernateUtil$DotSyncRunnable.run(HibernateUtil.java:929)
	at com.dotmarketing.db.DotRunnableThread.internalRunner(DotRunnableThread.java:99)
	at com.dotmarketing.db.LocalTransaction.wrap(LocalTransaction.java:158)
	at com.dotmarketing.db.DotRunnableThread.run(DotRunnableThread.java:53)
	... 81 more
Caused by: com.dotmarketing.exception.DotDataException: Content Type with ID '36ce74c1-5270-4869-990c-60a89638a65d' was not found via API.
	at com.dotcms.content.elasticsearch.business.ESMappingAPIImpl.toMap_aroundBody0(ESMappingAPIImpl.java:238)
	... 97 more
</pre>
</span>
</div>
</div>
<div id="tab1" class="tab">
<h2>Tests</h2>
<table>
<thead>
<tr>
<th>Test</th>
<th>Duration</th>
<th>Result</th>
</tr>
</thead>
<tr>
<td class="success">Test Name: testAddMappingForFields. Mapping Name: dates_as_text</td>
<td>46.285s</td>
<td class="success">passed</td>
</tr>
<tr>
<td class="success">Test Name: testAddMappingForFields. Mapping Name: geomapping</td>
<td>43.750s</td>
<td class="success">passed</td>
</tr>
<tr>
<td class="success">Test Name: testAddMappingForFields. Mapping Name: keywordmapping</td>
<td>49.248s</td>
<td class="success">passed</td>
</tr>
<tr>
<td class="success">Test Name: testAddMappingForFields. Mapping Name: permissions</td>
<td>44.753s</td>
<td class="success">passed</td>
</tr>
<tr>
<td class="success">Test Name: testAddMappingForFields. Mapping Name: radio_as_boolean</td>
<td>45.185s</td>
<td class="success">passed</td>
</tr>
<tr>
<td class="success">Test Name: testAddMappingForFields. Mapping Name: radio_as_float</td>
<td>45.370s</td>
<td class="success">passed</td>
</tr>
<tr>
<td class="success">Test Name: testAddMappingForFields. Mapping Name: radio_as_integer</td>
<td>45.694s</td>
<td class="success">passed</td>
</tr>
<tr>
<td class="success">Test Name: testAddMappingForFields. Mapping Name: select_as_boolean</td>
<td>46.112s</td>
<td class="success">passed</td>
</tr>
<tr>
<td class="success">Test Name: testAddMappingForFields. Mapping Name: select_as_float</td>
<td>46.780s</td>
<td class="success">passed</td>
</tr>
<tr>
<td class="success">Test Name: testAddMappingForFields. Mapping Name: select_as_integer</td>
<td>47.034s</td>
<td class="success">passed</td>
</tr>
<tr>
<td class="success">Test Name: testAddMappingForFields. Mapping Name: strings_as_date_times</td>
<td>45.608s</td>
<td class="success">passed</td>
</tr>
<tr>
<td class="success">Test Name: testAddMappingForFields. Mapping Name: strings_as_dates</td>
<td>48.974s</td>
<td class="success">passed</td>
</tr>
<tr>
<td class="success">Test Name: testAddMappingForFields. Mapping Name: tags</td>
<td>48.100s</td>
<td class="success">passed</td>
</tr>
<tr>
<td class="success">Test Name: testAddMappingForFields. Mapping Name: text_as_float</td>
<td>47.850s</td>
<td class="success">passed</td>
</tr>
<tr>
<td class="success">Test Name: testAddMappingForFields. Mapping Name: text_as_integer</td>
<td>48.051s</td>
<td class="success">passed</td>
</tr>
<tr>
<td class="success">Test Name: testAddMappingForFields. Mapping Name: uniqueField</td>
<td>48.806s</td>
<td class="success">passed</td>
</tr>
<tr>
<td class="success">Test Name: testValidateEventMapping. Mapping Name: permissions</td>
<td>0.255s</td>
<td class="success">passed</td>
</tr>
<tr>
<td class="success">Test Name: testValidateEventMapping. Mapping Name: strings_as_dates</td>
<td>0.272s</td>
<td class="success">passed</td>
</tr>
<tr>
<td class="success">Test Name: testValidateEventMapping. Mapping Name: template_1</td>
<td>1.331s</td>
<td class="success">passed</td>
</tr>
<tr>
<td class="success">Test Name: testValidateEventMapping. Mapping Name: textmapping</td>
<td>0.223s</td>
<td class="success">passed</td>
</tr>
<tr>
<td class="success">Test Name: testValidateFileAssetMapping. Mapping Name: keywordmapping</td>
<td>3.043s</td>
<td class="success">passed</td>
</tr>
<tr>
<td class="success">Test Name: testValidateFileAssetMapping. Mapping Name: longmapping</td>
<td>3.072s</td>
<td class="success">passed</td>
</tr>
<tr>
<td class="success">Test Name: testValidateNewsLikeMapping. Mapping Name: geomapping</td>
<td>5.011s</td>
<td class="success">passed</td>
</tr>
<tr>
<td class="failures">Test Name: testValidateNewsLikeMapping. Mapping Name: geomapping_2</td>
<td>3.451s</td>
<td class="failures">failed</td>
</tr>
<tr>
<td class="success">Test Name: testValidateNewsLikeMapping. Mapping Name: keywordmapping</td>
<td>5.612s</td>
<td class="success">passed</td>
</tr>
<tr>
<td class="success">testCreateContentIndexWithCustomMappings</td>
<td>40.978s</td>
<td class="success">passed</td>
</tr>
</table>
</div>
</div>
<div id="footer">
<p>
<div>
<label class="hidden" id="label-for-line-wrapping-toggle" for="line-wrapping-toggle">Wrap lines
<input id="line-wrapping-toggle" type="checkbox" autocomplete="off"/>
</label>
</div>Generated by 
<a href="http://www.gradle.org">Gradle 4.4.1</a> at Dec 23, 2020 5:04:25 PM</p>
</div>
</div>
</body>
</html>
