<!DOCTYPE html>
<html>
<head>
<meta http-equiv="Content-Type" content="text/html; charset=utf-8"/>
<meta http-equiv="x-ua-compatible" content="IE=edge"/>
<title>Test results - Class com.dotcms.enterprise.publishing.remote.bundler.DependencyBundlerTest</title>
<link href="../css/base-style.css" rel="stylesheet" type="text/css"/>
<link href="../css/style.css" rel="stylesheet" type="text/css"/>
<script src="../js/report.js" type="text/javascript"></script>
</head>
<body>
<div id="content">
<h1>Class com.dotcms.enterprise.publishing.remote.bundler.DependencyBundlerTest</h1>
<div class="breadcrumbs">
<a href="../index.html">all</a> &gt; 
<a href="../packages/com.dotcms.enterprise.publishing.remote.bundler.html">com.dotcms.enterprise.publishing.remote.bundler</a> &gt; DependencyBundlerTest</div>
<div id="summary">
<table>
<tr>
<td>
<div class="summaryGroup">
<table>
<tr>
<td>
<div class="infoBox" id="tests">
<div class="counter">138</div>
<p>tests</p>
</div>
</td>
<td>
<div class="infoBox" id="failures">
<div class="counter">9</div>
<p>failures</p>
</div>
</td>
<td>
<div class="infoBox" id="ignored">
<div class="counter">0</div>
<p>ignored</p>
</div>
</td>
<td>
<div class="infoBox" id="duration">
<div class="counter">5.099s</div>
<p>duration</p>
</div>
</td>
</tr>
</table>
</div>
</td>
<td>
<div class="infoBox failures" id="successRate">
<div class="percent">93%</div>
<p>successful</p>
</div>
</td>
</tr>
</table>
</div>
<div id="tabs">
<ul class="tabLinks">
<li>
<a href="#tab0">Failed tests</a>
</li>
<li>
<a href="#tab1">Tests</a>
</li>
<li>
<a href="#tab2">Standard output</a>
</li>
</ul>
<div id="tab0" class="tab">
<h2>Failed tests</h2>
<div class="test">
<a name="addAssetInBundle: Advanced Template with Container and filterDescriptorNotRelationship"></a>
<h3 class="failures">addAssetInBundle: Advanced Template with Container and filterDescriptorNotRelationship</h3>
<span class="code">
<pre>java.lang.AssertionError: 1 -&gt; INCLUDED,language,1,,English,,,,Dependency from: ID: 64a1a72140fd5c66cbabe242a6e62086 Title: testVarname1630424051241.test1630424051241.name|INCLUDED,language,1,,English,,,,Dependency from: ID: 328049ec2f25f31b79c3b0e3056beebc Title: testVarname1630424050732.test1630424050732.name
b2e3aebcd5a3deaea3601331afaf2222 -&gt; INCLUDED,host,b2e3aebcd5a3deaea3601331afaf2222,87b8645d-a58a-4979-9106-4618ddd077e1,test1630423084675.dotcms.com,System Host,/,,Dependency from: ID: 54d40b9546b76b308c56fd09f24b2572 Title: testTitle1630423085544
4641723 -&gt; INCLUDED,language,4641723,,fVsXDQddsf,,,,Dependency from: ID: 70c894f2a47099f132dc479ec19dfe15 Title: key-exists-as-contentletc30ff4cb25
f4d7c1b8-2c88-4071-abf1-a5328977b07d -&gt; INCLUDED,contenttype,f4d7c1b8-2c88-4071-abf1-a5328977b07d,,Language Variable,System Host,/,,Dependency from: ID: 70c894f2a47099f132dc479ec19dfe15 Title: key-exists-as-contentletc30ff4cb25|INCLUDED,contenttype,f4d7c1b8-2c88-4071-abf1-a5328977b07d,,Language Variable,System Host,/,,Dependency from: ID: 64a1a72140fd5c66cbabe242a6e62086 Title: testVarname1630424051241.test1630424051241.name|INCLUDED,contenttype,f4d7c1b8-2c88-4071-abf1-a5328977b07d,,Language Variable,System Host,/,,Dependency from: ID: 328049ec2f25f31b79c3b0e3056beebc Title: testVarname1630424050732.test1630424050732.name
70c894f2a47099f132dc479ec19dfe15 -&gt; INCLUDED,contentlet,70c894f2a47099f132dc479ec19dfe15,822d98fc-e85f-4cd3-8f8e-c1a11f32559f,key-exists-as-contentletc30ff4cb25,default,/,,Added Automatically by dotCMS
8a7d5e23-da1e-420a-b4f0-471e7da8ea2d -&gt; INCLUDED,host,8a7d5e23-da1e-420a-b4f0-471e7da8ea2d,fab2d82e-6b32-4dda-85e4-26a3104856cc,default,System Host,/,,Dependency from: ID: 70c894f2a47099f132dc479ec19dfe15 Title: key-exists-as-contentletc30ff4cb25|INCLUDED,host,8a7d5e23-da1e-420a-b4f0-471e7da8ea2d,9414918a-2bf9-4f3e-8b04-afb68d2d3f35,default,System Host,/,,Dependency from: ID: 70c894f2a47099f132dc479ec19dfe15 Title: key-exists-as-contentletc30ff4cb25
328049ec2f25f31b79c3b0e3056beebc -&gt; INCLUDED,contentlet,328049ec2f25f31b79c3b0e3056beebc,4a919dc6-f34b-4b07-a3c9-473c1399d26f,testVarname1630424050732.test1630424050732.name,System Host,/,,Added Automatically by dotCMS
d61a59e1-a49c-46f2-a929-db2b4bfa88b2 -&gt; INCLUDED,workflow,d61a59e1-a49c-46f2-a929-db2b4bfa88b2,,System Workflow,,,,Dependency from: ID: f4d7c1b8-2c88-4071-abf1-a5328977b07d Title: Language Variable
64a1a72140fd5c66cbabe242a6e62086 -&gt; INCLUDED,contentlet,64a1a72140fd5c66cbabe242a6e62086,a1a5a41f-8974-43d2-9d0e-3a45ff36bdf5,testVarname1630424051241.test1630424051241.name,System Host,/,,Added Automatically by dotCMS|INCLUDED,contentlet,64a1a72140fd5c66cbabe242a6e62086,9a2afb00-e94f-49b1-8424-869f37fdb50e,testVarname1630424051241.test1630424051241.name,System Host,/,,Dependency from: ID: 64a1a72140fd5c66cbabe242a6e62086 Title: testVarname1630424051241.test1630424051241.name
54d40b9546b76b308c56fd09f24b2572 -&gt; INCLUDED,template,54d40b9546b76b308c56fd09f24b2572,3f03552b-fd23-48e2-9f63-f34a6f7e9d3a,testTitle1630423085544,,,,Added directly by User
bc9a1d37-dd2d-4d49-a29d-0c9be740bfaf -&gt; EXCLUDED,folder,bc9a1d37-dd2d-4d49-a29d-0c9be740bfaf,SYSTEM_FOLDER,System folder,System Host,,Excluded System Folder/Host,
SYSTEM_HOST -&gt; EXCLUDED,host,SYSTEM_HOST,dbdec5e2-c02b-4cfb-83a9-4a4c4f3b2eb0,SYSTEM_HOST,System Host,/,Excluded System Folder/Host, not contain INCLUDED,contenttype,f4d7c1b8-2c88-4071-abf1-a5328977b07d,,Language Variable,System Host,/,,Dependency from: ID: 4641723 Title: fVsXDQddsf
	at org.junit.Assert.fail(Assert.java:88)
	at org.junit.Assert.assertTrue(Assert.java:41)
	at com.dotcms.publishing.PublisherAPIImplTest.assertManifestFile(PublisherAPIImplTest.java:566)
	at com.dotcms.enterprise.publishing.remote.bundler.DependencyBundlerTest.addAssetInBundle(DependencyBundlerTest.java:1251)
	at jdk.internal.reflect.GeneratedMethodAccessor1559.invoke(Unknown Source)
	at java.base/jdk.internal.reflect.DelegatingMethodAccessorImpl.invoke(DelegatingMethodAccessorImpl.java:43)
	at java.base/java.lang.reflect.Method.invoke(Method.java:566)
	at org.junit.runners.model.FrameworkMethod$1.runReflectiveCall(FrameworkMethod.java:50)
	at org.junit.internal.runners.model.ReflectiveCallable.run(ReflectiveCallable.java:12)
	at org.junit.runners.model.FrameworkMethod.invokeExplosively(FrameworkMethod.java:47)
	at com.tngtech.java.junit.dataprovider.DataProviderFrameworkMethod.invokeExplosively(DataProviderFrameworkMethod.java:119)
	at org.junit.internal.runners.statements.InvokeMethod.evaluate(InvokeMethod.java:17)
	at org.junit.internal.runners.statements.RunBefores.evaluate(RunBefores.java:26)
	at org.junit.rules.TestWatcher$1.evaluate(TestWatcher.java:55)
	at org.junit.rules.RunRules.evaluate(RunRules.java:20)
	at org.junit.runners.ParentRunner.runLeaf(ParentRunner.java:325)
	at com.dotcms.junit.CustomDataProviderRunner.runChild(CustomDataProviderRunner.java:28)
	at com.dotcms.junit.CustomDataProviderRunner.runChild(CustomDataProviderRunner.java:13)
	at org.junit.runners.ParentRunner$3.run(ParentRunner.java:290)
	at org.junit.runners.ParentRunner$1.schedule(ParentRunner.java:71)
	at org.junit.runners.ParentRunner.runChildren(ParentRunner.java:288)
	at org.junit.runners.ParentRunner.access$000(ParentRunner.java:58)
	at org.junit.runners.ParentRunner$2.evaluate(ParentRunner.java:268)
	at org.junit.runners.ParentRunner.run(ParentRunner.java:363)
	at com.dotcms.junit.MainBaseSuite$DotRunner.run(MainBaseSuite.java:60)
	at org.junit.runners.Suite.runChild(Suite.java:128)
	at org.junit.runners.Suite.runChild(Suite.java:27)
	at org.junit.runners.ParentRunner$3.run(ParentRunner.java:290)
	at org.junit.runners.ParentRunner$1.schedule(ParentRunner.java:71)
	at org.junit.runners.ParentRunner.runChildren(ParentRunner.java:288)
	at org.junit.runners.ParentRunner.access$000(ParentRunner.java:58)
	at org.junit.runners.ParentRunner$2.evaluate(ParentRunner.java:268)
	at org.junit.runners.ParentRunner.run(ParentRunner.java:363)
	at org.gradle.api.internal.tasks.testing.junit.JUnitTestClassExecutor.runTestClass(JUnitTestClassExecutor.java:106)
	at org.gradle.api.internal.tasks.testing.junit.JUnitTestClassExecutor.execute(JUnitTestClassExecutor.java:58)
	at org.gradle.api.internal.tasks.testing.junit.JUnitTestClassExecutor.execute(JUnitTestClassExecutor.java:38)
	at org.gradle.api.internal.tasks.testing.junit.AbstractJUnitTestClassProcessor.processTestClass(AbstractJUnitTestClassProcessor.java:66)
	at org.gradle.api.internal.tasks.testing.SuiteTestClassProcessor.processTestClass(SuiteTestClassProcessor.java:51)
	at java.base/jdk.internal.reflect.NativeMethodAccessorImpl.invoke0(Native Method)
	at java.base/jdk.internal.reflect.NativeMethodAccessorImpl.invoke(NativeMethodAccessorImpl.java:62)
	at java.base/jdk.internal.reflect.DelegatingMethodAccessorImpl.invoke(DelegatingMethodAccessorImpl.java:43)
	at java.base/java.lang.reflect.Method.invoke(Method.java:566)
	at org.gradle.internal.dispatch.ReflectionDispatch.dispatch(ReflectionDispatch.java:35)
	at org.gradle.internal.dispatch.ReflectionDispatch.dispatch(ReflectionDispatch.java:24)
	at org.gradle.internal.dispatch.ContextClassLoaderDispatch.dispatch(ContextClassLoaderDispatch.java:32)
	at org.gradle.internal.dispatch.ProxyDispatchAdapter$DispatchingInvocationHandler.invoke(ProxyDispatchAdapter.java:93)
	at com.sun.proxy.$Proxy2.processTestClass(Unknown Source)
	at org.gradle.api.internal.tasks.testing.worker.TestWorker.processTestClass(TestWorker.java:117)
	at java.base/jdk.internal.reflect.NativeMethodAccessorImpl.invoke0(Native Method)
	at java.base/jdk.internal.reflect.NativeMethodAccessorImpl.invoke(NativeMethodAccessorImpl.java:62)
	at java.base/jdk.internal.reflect.DelegatingMethodAccessorImpl.invoke(DelegatingMethodAccessorImpl.java:43)
	at java.base/java.lang.reflect.Method.invoke(Method.java:566)
	at org.gradle.internal.dispatch.ReflectionDispatch.dispatch(ReflectionDispatch.java:35)
	at org.gradle.internal.dispatch.ReflectionDispatch.dispatch(ReflectionDispatch.java:24)
	at org.gradle.internal.remote.internal.hub.MessageHubBackedObjectConnection$DispatchWrapper.dispatch(MessageHubBackedObjectConnection.java:155)
	at org.gradle.internal.remote.internal.hub.MessageHubBackedObjectConnection$DispatchWrapper.dispatch(MessageHubBackedObjectConnection.java:137)
	at org.gradle.internal.remote.internal.hub.MessageHub$Handler.run(MessageHub.java:404)
	at org.gradle.internal.concurrent.ExecutorPolicy$CatchAndRecordFailures.onExecute(ExecutorPolicy.java:63)
	at org.gradle.internal.concurrent.ManagedExecutorImpl$1.run(ManagedExecutorImpl.java:46)
	at java.base/java.util.concurrent.ThreadPoolExecutor.runWorker(ThreadPoolExecutor.java:1128)
	at java.base/java.util.concurrent.ThreadPoolExecutor$Worker.run(ThreadPoolExecutor.java:628)
	at org.gradle.internal.concurrent.ThreadFactoryImpl$ManagedThreadRunnable.run(ThreadFactoryImpl.java:55)
	at java.base/java.lang.Thread.run(Thread.java:829)
</pre>
</span>
</div>
<div class="test">
<a name="addAssetInBundle: Contentlet with Relationship and filterDescriptorNotRelationship"></a>
<h3 class="failures">addAssetInBundle: Contentlet with Relationship and filterDescriptorNotRelationship</h3>
<span class="code">
<pre>java.lang.AssertionError: 4641723 -&gt; INCLUDED,language,4641723,,fVsXDQddsf,,,,Dependency from: ID: 70c894f2a47099f132dc479ec19dfe15 Title: key-exists-as-contentletc30ff4cb25
b1adbdd87c31b6f9011fd75ea60af004 -&gt; INCLUDED,contenttype,b1adbdd87c31b6f9011fd75ea60af004,,testName1630423096985,test1630423095900.dotcms.com,/,,Dependency from: ID: cca687eb7381d4e2dd16009d6067ccf1 Title: cca687eb7381d4e2dd16009d6067ccf1
4594432 -&gt; INCLUDED,language,4594432,,KbZlCPdIOx,,,,Dependency from: ID: cca687eb7381d4e2dd16009d6067ccf1 Title: cca687eb7381d4e2dd16009d6067ccf1
328049ec2f25f31b79c3b0e3056beebc -&gt; INCLUDED,contentlet,328049ec2f25f31b79c3b0e3056beebc,4a919dc6-f34b-4b07-a3c9-473c1399d26f,testVarname1630424050732.test1630424050732.name,System Host,/,,Added Automatically by dotCMS
64a1a72140fd5c66cbabe242a6e62086 -&gt; INCLUDED,contentlet,64a1a72140fd5c66cbabe242a6e62086,a1a5a41f-8974-43d2-9d0e-3a45ff36bdf5,testVarname1630424051241.test1630424051241.name,System Host,/,,Added Automatically by dotCMS|INCLUDED,contentlet,64a1a72140fd5c66cbabe242a6e62086,9a2afb00-e94f-49b1-8424-869f37fdb50e,testVarname1630424051241.test1630424051241.name,System Host,/,,Dependency from: ID: 64a1a72140fd5c66cbabe242a6e62086 Title: testVarname1630424051241.test1630424051241.name
cca687eb7381d4e2dd16009d6067ccf1 -&gt; INCLUDED,contentlet,cca687eb7381d4e2dd16009d6067ccf1,4f5b8967-3948-4f6a-8cbe-4128ad49d23d,cca687eb7381d4e2dd16009d6067ccf1,test1630423095900.dotcms.com,/,,Added directly by User
1 -&gt; INCLUDED,language,1,,English,,,,Dependency from: ID: 64a1a72140fd5c66cbabe242a6e62086 Title: testVarname1630424051241.test1630424051241.name|INCLUDED,language,1,,English,,,,Dependency from: ID: 328049ec2f25f31b79c3b0e3056beebc Title: testVarname1630424050732.test1630424050732.name
f4d7c1b8-2c88-4071-abf1-a5328977b07d -&gt; INCLUDED,contenttype,f4d7c1b8-2c88-4071-abf1-a5328977b07d,,Language Variable,System Host,/,,Dependency from: ID: 70c894f2a47099f132dc479ec19dfe15 Title: key-exists-as-contentletc30ff4cb25|INCLUDED,contenttype,f4d7c1b8-2c88-4071-abf1-a5328977b07d,,Language Variable,System Host,/,,Dependency from: ID: 64a1a72140fd5c66cbabe242a6e62086 Title: testVarname1630424051241.test1630424051241.name|INCLUDED,contenttype,f4d7c1b8-2c88-4071-abf1-a5328977b07d,,Language Variable,System Host,/,,Dependency from: ID: 328049ec2f25f31b79c3b0e3056beebc Title: testVarname1630424050732.test1630424050732.name
70c894f2a47099f132dc479ec19dfe15 -&gt; INCLUDED,contentlet,70c894f2a47099f132dc479ec19dfe15,822d98fc-e85f-4cd3-8f8e-c1a11f32559f,key-exists-as-contentletc30ff4cb25,default,/,,Added Automatically by dotCMS
8a7d5e23-da1e-420a-b4f0-471e7da8ea2d -&gt; INCLUDED,host,8a7d5e23-da1e-420a-b4f0-471e7da8ea2d,fab2d82e-6b32-4dda-85e4-26a3104856cc,default,System Host,/,,Dependency from: ID: 70c894f2a47099f132dc479ec19dfe15 Title: key-exists-as-contentletc30ff4cb25|INCLUDED,host,8a7d5e23-da1e-420a-b4f0-471e7da8ea2d,9414918a-2bf9-4f3e-8b04-afb68d2d3f35,default,System Host,/,,Dependency from: ID: 70c894f2a47099f132dc479ec19dfe15 Title: key-exists-as-contentletc30ff4cb25
d61a59e1-a49c-46f2-a929-db2b4bfa88b2 -&gt; INCLUDED,workflow,d61a59e1-a49c-46f2-a929-db2b4bfa88b2,,System Workflow,,,,Dependency from: ID: b1adbdd87c31b6f9011fd75ea60af004 Title: testName1630423096985|INCLUDED,workflow,d61a59e1-a49c-46f2-a929-db2b4bfa88b2,,System Workflow,,,,Dependency from: ID: f4d7c1b8-2c88-4071-abf1-a5328977b07d Title: Language Variable
c6e3e6ef29d1ff33499ed11fab0b03d2 -&gt; INCLUDED,host,c6e3e6ef29d1ff33499ed11fab0b03d2,9d6a3438-43d8-4ab6-85cb-bde12959c361,test1630423095900.dotcms.com,System Host,/,,Dependency from: ID: cca687eb7381d4e2dd16009d6067ccf1 Title: cca687eb7381d4e2dd16009d6067ccf1
bc9a1d37-dd2d-4d49-a29d-0c9be740bfaf -&gt; EXCLUDED,folder,bc9a1d37-dd2d-4d49-a29d-0c9be740bfaf,SYSTEM_FOLDER,System folder,System Host,,Excluded System Folder/Host,|EXCLUDED,folder,bc9a1d37-dd2d-4d49-a29d-0c9be740bfaf,SYSTEM_FOLDER,System folder,System Host,,Excluded System Folder/Host,
SYSTEM_HOST -&gt; EXCLUDED,host,SYSTEM_HOST,dbdec5e2-c02b-4cfb-83a9-4a4c4f3b2eb0,SYSTEM_HOST,System Host,/,Excluded System Folder/Host,
507f4caf-cedd-46ec-ba5d-6ef9c9bdfc0a -&gt; EXCLUDED,relationship,507f4caf-cedd-46ec-ba5d-6ef9c9bdfc0a,,testVarname1630423096985.testVarname1630423096985,,,Excluded by filter, not contain INCLUDED,contenttype,f4d7c1b8-2c88-4071-abf1-a5328977b07d,,Language Variable,System Host,/,,Dependency from: ID: 1 Title: English
	at org.junit.Assert.fail(Assert.java:88)
	at org.junit.Assert.assertTrue(Assert.java:41)
	at com.dotcms.publishing.PublisherAPIImplTest.assertManifestFile(PublisherAPIImplTest.java:566)
	at com.dotcms.enterprise.publishing.remote.bundler.DependencyBundlerTest.addAssetInBundle(DependencyBundlerTest.java:1251)
	at jdk.internal.reflect.GeneratedMethodAccessor1559.invoke(Unknown Source)
	at java.base/jdk.internal.reflect.DelegatingMethodAccessorImpl.invoke(DelegatingMethodAccessorImpl.java:43)
	at java.base/java.lang.reflect.Method.invoke(Method.java:566)
	at org.junit.runners.model.FrameworkMethod$1.runReflectiveCall(FrameworkMethod.java:50)
	at org.junit.internal.runners.model.ReflectiveCallable.run(ReflectiveCallable.java:12)
	at org.junit.runners.model.FrameworkMethod.invokeExplosively(FrameworkMethod.java:47)
	at com.tngtech.java.junit.dataprovider.DataProviderFrameworkMethod.invokeExplosively(DataProviderFrameworkMethod.java:119)
	at org.junit.internal.runners.statements.InvokeMethod.evaluate(InvokeMethod.java:17)
	at org.junit.internal.runners.statements.RunBefores.evaluate(RunBefores.java:26)
	at org.junit.rules.TestWatcher$1.evaluate(TestWatcher.java:55)
	at org.junit.rules.RunRules.evaluate(RunRules.java:20)
	at org.junit.runners.ParentRunner.runLeaf(ParentRunner.java:325)
	at com.dotcms.junit.CustomDataProviderRunner.runChild(CustomDataProviderRunner.java:28)
	at com.dotcms.junit.CustomDataProviderRunner.runChild(CustomDataProviderRunner.java:13)
	at org.junit.runners.ParentRunner$3.run(ParentRunner.java:290)
	at org.junit.runners.ParentRunner$1.schedule(ParentRunner.java:71)
	at org.junit.runners.ParentRunner.runChildren(ParentRunner.java:288)
	at org.junit.runners.ParentRunner.access$000(ParentRunner.java:58)
	at org.junit.runners.ParentRunner$2.evaluate(ParentRunner.java:268)
	at org.junit.runners.ParentRunner.run(ParentRunner.java:363)
	at com.dotcms.junit.MainBaseSuite$DotRunner.run(MainBaseSuite.java:60)
	at org.junit.runners.Suite.runChild(Suite.java:128)
	at org.junit.runners.Suite.runChild(Suite.java:27)
	at org.junit.runners.ParentRunner$3.run(ParentRunner.java:290)
	at org.junit.runners.ParentRunner$1.schedule(ParentRunner.java:71)
	at org.junit.runners.ParentRunner.runChildren(ParentRunner.java:288)
	at org.junit.runners.ParentRunner.access$000(ParentRunner.java:58)
	at org.junit.runners.ParentRunner$2.evaluate(ParentRunner.java:268)
	at org.junit.runners.ParentRunner.run(ParentRunner.java:363)
	at org.gradle.api.internal.tasks.testing.junit.JUnitTestClassExecutor.runTestClass(JUnitTestClassExecutor.java:106)
	at org.gradle.api.internal.tasks.testing.junit.JUnitTestClassExecutor.execute(JUnitTestClassExecutor.java:58)
	at org.gradle.api.internal.tasks.testing.junit.JUnitTestClassExecutor.execute(JUnitTestClassExecutor.java:38)
	at org.gradle.api.internal.tasks.testing.junit.AbstractJUnitTestClassProcessor.processTestClass(AbstractJUnitTestClassProcessor.java:66)
	at org.gradle.api.internal.tasks.testing.SuiteTestClassProcessor.processTestClass(SuiteTestClassProcessor.java:51)
	at java.base/jdk.internal.reflect.NativeMethodAccessorImpl.invoke0(Native Method)
	at java.base/jdk.internal.reflect.NativeMethodAccessorImpl.invoke(NativeMethodAccessorImpl.java:62)
	at java.base/jdk.internal.reflect.DelegatingMethodAccessorImpl.invoke(DelegatingMethodAccessorImpl.java:43)
	at java.base/java.lang.reflect.Method.invoke(Method.java:566)
	at org.gradle.internal.dispatch.ReflectionDispatch.dispatch(ReflectionDispatch.java:35)
	at org.gradle.internal.dispatch.ReflectionDispatch.dispatch(ReflectionDispatch.java:24)
	at org.gradle.internal.dispatch.ContextClassLoaderDispatch.dispatch(ContextClassLoaderDispatch.java:32)
	at org.gradle.internal.dispatch.ProxyDispatchAdapter$DispatchingInvocationHandler.invoke(ProxyDispatchAdapter.java:93)
	at com.sun.proxy.$Proxy2.processTestClass(Unknown Source)
	at org.gradle.api.internal.tasks.testing.worker.TestWorker.processTestClass(TestWorker.java:117)
	at java.base/jdk.internal.reflect.NativeMethodAccessorImpl.invoke0(Native Method)
	at java.base/jdk.internal.reflect.NativeMethodAccessorImpl.invoke(NativeMethodAccessorImpl.java:62)
	at java.base/jdk.internal.reflect.DelegatingMethodAccessorImpl.invoke(DelegatingMethodAccessorImpl.java:43)
	at java.base/java.lang.reflect.Method.invoke(Method.java:566)
	at org.gradle.internal.dispatch.ReflectionDispatch.dispatch(ReflectionDispatch.java:35)
	at org.gradle.internal.dispatch.ReflectionDispatch.dispatch(ReflectionDispatch.java:24)
	at org.gradle.internal.remote.internal.hub.MessageHubBackedObjectConnection$DispatchWrapper.dispatch(MessageHubBackedObjectConnection.java:155)
	at org.gradle.internal.remote.internal.hub.MessageHubBackedObjectConnection$DispatchWrapper.dispatch(MessageHubBackedObjectConnection.java:137)
	at org.gradle.internal.remote.internal.hub.MessageHub$Handler.run(MessageHub.java:404)
	at org.gradle.internal.concurrent.ExecutorPolicy$CatchAndRecordFailures.onExecute(ExecutorPolicy.java:63)
	at org.gradle.internal.concurrent.ManagedExecutorImpl$1.run(ManagedExecutorImpl.java:46)
	at java.base/java.util.concurrent.ThreadPoolExecutor.runWorker(ThreadPoolExecutor.java:1128)
	at java.base/java.util.concurrent.ThreadPoolExecutor$Worker.run(ThreadPoolExecutor.java:628)
	at org.gradle.internal.concurrent.ThreadFactoryImpl$ManagedThreadRunnable.run(ThreadFactoryImpl.java:55)
	at java.base/java.lang.Thread.run(Thread.java:829)
</pre>
</span>
</div>
<div class="test">
<a name="addAssetInBundle: Contentype with Folder and filterDescriptorAllDependencies"></a>
<h3 class="failures">addAssetInBundle: Contentype with Folder and filterDescriptorAllDependencies</h3>
<span class="code">
<pre>java.lang.AssertionError: b904e2a169786a9cc29c0096bf2c6a62 -&gt; INCLUDED,folder,b904e2a169786a9cc29c0096bf2c6a62,058eca14-1d54-4404-8b02-3acac1326631,testTitle1630423084389,test1630423083673.dotcms.com,,,Dependency from: ID: fa53612cc9541f11f2ded3b59a2d7de0 Title: testName1630423084405
1 -&gt; INCLUDED,language,1,,English,,,,Dependency from: ID: 64a1a72140fd5c66cbabe242a6e62086 Title: testVarname1630424051241.test1630424051241.name|INCLUDED,language,1,,English,,,,Dependency from: ID: 328049ec2f25f31b79c3b0e3056beebc Title: testVarname1630424050732.test1630424050732.name
fc64a309c61965950dfdd59f9e7cedb6 -&gt; INCLUDED,host,fc64a309c61965950dfdd59f9e7cedb6,9e15b938-7913-4214-94e0-7b530b4c0286,test1630423083673.dotcms.com,System Host,/,,Dependency from: ID: fa53612cc9541f11f2ded3b59a2d7de0 Title: testName1630423084405
4641723 -&gt; INCLUDED,language,4641723,,fVsXDQddsf,,,,Dependency from: ID: 70c894f2a47099f132dc479ec19dfe15 Title: key-exists-as-contentletc30ff4cb25
f4d7c1b8-2c88-4071-abf1-a5328977b07d -&gt; INCLUDED,contenttype,f4d7c1b8-2c88-4071-abf1-a5328977b07d,,Language Variable,System Host,/,,Dependency from: ID: 70c894f2a47099f132dc479ec19dfe15 Title: key-exists-as-contentletc30ff4cb25|INCLUDED,contenttype,f4d7c1b8-2c88-4071-abf1-a5328977b07d,,Language Variable,System Host,/,,Dependency from: ID: 64a1a72140fd5c66cbabe242a6e62086 Title: testVarname1630424051241.test1630424051241.name|INCLUDED,contenttype,f4d7c1b8-2c88-4071-abf1-a5328977b07d,,Language Variable,System Host,/,,Dependency from: ID: 328049ec2f25f31b79c3b0e3056beebc Title: testVarname1630424050732.test1630424050732.name
70c894f2a47099f132dc479ec19dfe15 -&gt; INCLUDED,contentlet,70c894f2a47099f132dc479ec19dfe15,822d98fc-e85f-4cd3-8f8e-c1a11f32559f,key-exists-as-contentletc30ff4cb25,default,/,,Added Automatically by dotCMS
8a7d5e23-da1e-420a-b4f0-471e7da8ea2d -&gt; INCLUDED,host,8a7d5e23-da1e-420a-b4f0-471e7da8ea2d,fab2d82e-6b32-4dda-85e4-26a3104856cc,default,System Host,/,,Dependency from: ID: 70c894f2a47099f132dc479ec19dfe15 Title: key-exists-as-contentletc30ff4cb25|INCLUDED,host,8a7d5e23-da1e-420a-b4f0-471e7da8ea2d,9414918a-2bf9-4f3e-8b04-afb68d2d3f35,default,System Host,/,,Dependency from: ID: 70c894f2a47099f132dc479ec19dfe15 Title: key-exists-as-contentletc30ff4cb25
328049ec2f25f31b79c3b0e3056beebc -&gt; INCLUDED,contentlet,328049ec2f25f31b79c3b0e3056beebc,4a919dc6-f34b-4b07-a3c9-473c1399d26f,testVarname1630424050732.test1630424050732.name,System Host,/,,Added Automatically by dotCMS
d61a59e1-a49c-46f2-a929-db2b4bfa88b2 -&gt; INCLUDED,workflow,d61a59e1-a49c-46f2-a929-db2b4bfa88b2,,System Workflow,,,,Dependency from: ID: fa53612cc9541f11f2ded3b59a2d7de0 Title: testName1630423084405|INCLUDED,workflow,d61a59e1-a49c-46f2-a929-db2b4bfa88b2,,System Workflow,,,,Dependency from: ID: f4d7c1b8-2c88-4071-abf1-a5328977b07d Title: Language Variable
64a1a72140fd5c66cbabe242a6e62086 -&gt; INCLUDED,contentlet,64a1a72140fd5c66cbabe242a6e62086,a1a5a41f-8974-43d2-9d0e-3a45ff36bdf5,testVarname1630424051241.test1630424051241.name,System Host,/,,Added Automatically by dotCMS|INCLUDED,contentlet,64a1a72140fd5c66cbabe242a6e62086,9a2afb00-e94f-49b1-8424-869f37fdb50e,testVarname1630424051241.test1630424051241.name,System Host,/,,Dependency from: ID: 64a1a72140fd5c66cbabe242a6e62086 Title: testVarname1630424051241.test1630424051241.name
fa53612cc9541f11f2ded3b59a2d7de0 -&gt; INCLUDED,contenttype,fa53612cc9541f11f2ded3b59a2d7de0,,testName1630423084405,test1630423083673.dotcms.com,/testName1630423084389/,,Added directly by User
bc9a1d37-dd2d-4d49-a29d-0c9be740bfaf -&gt; EXCLUDED,folder,bc9a1d37-dd2d-4d49-a29d-0c9be740bfaf,SYSTEM_FOLDER,System folder,System Host,,Excluded System Folder/Host,
SYSTEM_HOST -&gt; EXCLUDED,host,SYSTEM_HOST,dbdec5e2-c02b-4cfb-83a9-4a4c4f3b2eb0,SYSTEM_HOST,System Host,/,Excluded System Folder/Host, not contain INCLUDED,contenttype,f4d7c1b8-2c88-4071-abf1-a5328977b07d,,Language Variable,System Host,/,,Dependency from: ID: 4641723 Title: fVsXDQddsf
	at org.junit.Assert.fail(Assert.java:88)
	at org.junit.Assert.assertTrue(Assert.java:41)
	at com.dotcms.publishing.PublisherAPIImplTest.assertManifestFile(PublisherAPIImplTest.java:566)
	at com.dotcms.enterprise.publishing.remote.bundler.DependencyBundlerTest.addAssetInBundle(DependencyBundlerTest.java:1251)
	at java.base/jdk.internal.reflect.NativeMethodAccessorImpl.invoke0(Native Method)
	at java.base/jdk.internal.reflect.NativeMethodAccessorImpl.invoke(NativeMethodAccessorImpl.java:62)
	at java.base/jdk.internal.reflect.DelegatingMethodAccessorImpl.invoke(DelegatingMethodAccessorImpl.java:43)
	at java.base/java.lang.reflect.Method.invoke(Method.java:566)
	at org.junit.runners.model.FrameworkMethod$1.runReflectiveCall(FrameworkMethod.java:50)
	at org.junit.internal.runners.model.ReflectiveCallable.run(ReflectiveCallable.java:12)
	at org.junit.runners.model.FrameworkMethod.invokeExplosively(FrameworkMethod.java:47)
	at com.tngtech.java.junit.dataprovider.DataProviderFrameworkMethod.invokeExplosively(DataProviderFrameworkMethod.java:119)
	at org.junit.internal.runners.statements.InvokeMethod.evaluate(InvokeMethod.java:17)
	at org.junit.internal.runners.statements.RunBefores.evaluate(RunBefores.java:26)
	at org.junit.rules.TestWatcher$1.evaluate(TestWatcher.java:55)
	at org.junit.rules.RunRules.evaluate(RunRules.java:20)
	at org.junit.runners.ParentRunner.runLeaf(ParentRunner.java:325)
	at com.dotcms.junit.CustomDataProviderRunner.runChild(CustomDataProviderRunner.java:28)
	at com.dotcms.junit.CustomDataProviderRunner.runChild(CustomDataProviderRunner.java:13)
	at org.junit.runners.ParentRunner$3.run(ParentRunner.java:290)
	at org.junit.runners.ParentRunner$1.schedule(ParentRunner.java:71)
	at org.junit.runners.ParentRunner.runChildren(ParentRunner.java:288)
	at org.junit.runners.ParentRunner.access$000(ParentRunner.java:58)
	at org.junit.runners.ParentRunner$2.evaluate(ParentRunner.java:268)
	at org.junit.runners.ParentRunner.run(ParentRunner.java:363)
	at com.dotcms.junit.MainBaseSuite$DotRunner.run(MainBaseSuite.java:60)
	at org.junit.runners.Suite.runChild(Suite.java:128)
	at org.junit.runners.Suite.runChild(Suite.java:27)
	at org.junit.runners.ParentRunner$3.run(ParentRunner.java:290)
	at org.junit.runners.ParentRunner$1.schedule(ParentRunner.java:71)
	at org.junit.runners.ParentRunner.runChildren(ParentRunner.java:288)
	at org.junit.runners.ParentRunner.access$000(ParentRunner.java:58)
	at org.junit.runners.ParentRunner$2.evaluate(ParentRunner.java:268)
	at org.junit.runners.ParentRunner.run(ParentRunner.java:363)
	at org.gradle.api.internal.tasks.testing.junit.JUnitTestClassExecutor.runTestClass(JUnitTestClassExecutor.java:106)
	at org.gradle.api.internal.tasks.testing.junit.JUnitTestClassExecutor.execute(JUnitTestClassExecutor.java:58)
	at org.gradle.api.internal.tasks.testing.junit.JUnitTestClassExecutor.execute(JUnitTestClassExecutor.java:38)
	at org.gradle.api.internal.tasks.testing.junit.AbstractJUnitTestClassProcessor.processTestClass(AbstractJUnitTestClassProcessor.java:66)
	at org.gradle.api.internal.tasks.testing.SuiteTestClassProcessor.processTestClass(SuiteTestClassProcessor.java:51)
	at java.base/jdk.internal.reflect.NativeMethodAccessorImpl.invoke0(Native Method)
	at java.base/jdk.internal.reflect.NativeMethodAccessorImpl.invoke(NativeMethodAccessorImpl.java:62)
	at java.base/jdk.internal.reflect.DelegatingMethodAccessorImpl.invoke(DelegatingMethodAccessorImpl.java:43)
	at java.base/java.lang.reflect.Method.invoke(Method.java:566)
	at org.gradle.internal.dispatch.ReflectionDispatch.dispatch(ReflectionDispatch.java:35)
	at org.gradle.internal.dispatch.ReflectionDispatch.dispatch(ReflectionDispatch.java:24)
	at org.gradle.internal.dispatch.ContextClassLoaderDispatch.dispatch(ContextClassLoaderDispatch.java:32)
	at org.gradle.internal.dispatch.ProxyDispatchAdapter$DispatchingInvocationHandler.invoke(ProxyDispatchAdapter.java:93)
	at com.sun.proxy.$Proxy2.processTestClass(Unknown Source)
	at org.gradle.api.internal.tasks.testing.worker.TestWorker.processTestClass(TestWorker.java:117)
	at java.base/jdk.internal.reflect.NativeMethodAccessorImpl.invoke0(Native Method)
	at java.base/jdk.internal.reflect.NativeMethodAccessorImpl.invoke(NativeMethodAccessorImpl.java:62)
	at java.base/jdk.internal.reflect.DelegatingMethodAccessorImpl.invoke(DelegatingMethodAccessorImpl.java:43)
	at java.base/java.lang.reflect.Method.invoke(Method.java:566)
	at org.gradle.internal.dispatch.ReflectionDispatch.dispatch(ReflectionDispatch.java:35)
	at org.gradle.internal.dispatch.ReflectionDispatch.dispatch(ReflectionDispatch.java:24)
	at org.gradle.internal.remote.internal.hub.MessageHubBackedObjectConnection$DispatchWrapper.dispatch(MessageHubBackedObjectConnection.java:155)
	at org.gradle.internal.remote.internal.hub.MessageHubBackedObjectConnection$DispatchWrapper.dispatch(MessageHubBackedObjectConnection.java:137)
	at org.gradle.internal.remote.internal.hub.MessageHub$Handler.run(MessageHub.java:404)
	at org.gradle.internal.concurrent.ExecutorPolicy$CatchAndRecordFailures.onExecute(ExecutorPolicy.java:63)
	at org.gradle.internal.concurrent.ManagedExecutorImpl$1.run(ManagedExecutorImpl.java:46)
	at java.base/java.util.concurrent.ThreadPoolExecutor.runWorker(ThreadPoolExecutor.java:1128)
	at java.base/java.util.concurrent.ThreadPoolExecutor$Worker.run(ThreadPoolExecutor.java:628)
	at org.gradle.internal.concurrent.ThreadFactoryImpl$ManagedThreadRunnable.run(ThreadFactoryImpl.java:55)
	at java.base/java.lang.Thread.run(Thread.java:829)
</pre>
</span>
</div>
<div class="test">
<a name="addAssetInBundle: Host with Content and filterDescriptorAllDependencies"></a>
<h3 class="failures">addAssetInBundle: Host with Content and filterDescriptorAllDependencies</h3>
<span class="code">
<pre>java.lang.AssertionError: 1 -&gt; INCLUDED,language,1,,English,,,,Dependency from: ID: a09e6bbc233422f63ce1473d25ad47c0 Title: a09e6bbc233422f63ce1473d25ad47c0|INCLUDED,language,1,,English,,,,Dependency from: ID: 64a1a72140fd5c66cbabe242a6e62086 Title: testVarname1630424051241.test1630424051241.name|INCLUDED,language,1,,English,,,,Dependency from: ID: 328049ec2f25f31b79c3b0e3056beebc Title: testVarname1630424050732.test1630424050732.name
4641723 -&gt; INCLUDED,language,4641723,,fVsXDQddsf,,,,Dependency from: ID: 70c894f2a47099f132dc479ec19dfe15 Title: key-exists-as-contentletc30ff4cb25
f4d7c1b8-2c88-4071-abf1-a5328977b07d -&gt; INCLUDED,contenttype,f4d7c1b8-2c88-4071-abf1-a5328977b07d,,Language Variable,System Host,/,,Dependency from: ID: 70c894f2a47099f132dc479ec19dfe15 Title: key-exists-as-contentletc30ff4cb25|INCLUDED,contenttype,f4d7c1b8-2c88-4071-abf1-a5328977b07d,,Language Variable,System Host,/,,Dependency from: ID: 64a1a72140fd5c66cbabe242a6e62086 Title: testVarname1630424051241.test1630424051241.name|INCLUDED,contenttype,f4d7c1b8-2c88-4071-abf1-a5328977b07d,,Language Variable,System Host,/,,Dependency from: ID: 328049ec2f25f31b79c3b0e3056beebc Title: testVarname1630424050732.test1630424050732.name
70c894f2a47099f132dc479ec19dfe15 -&gt; INCLUDED,contentlet,70c894f2a47099f132dc479ec19dfe15,822d98fc-e85f-4cd3-8f8e-c1a11f32559f,key-exists-as-contentletc30ff4cb25,default,/,,Added Automatically by dotCMS
8a7d5e23-da1e-420a-b4f0-471e7da8ea2d -&gt; INCLUDED,host,8a7d5e23-da1e-420a-b4f0-471e7da8ea2d,fab2d82e-6b32-4dda-85e4-26a3104856cc,default,System Host,/,,Dependency from: ID: 70c894f2a47099f132dc479ec19dfe15 Title: key-exists-as-contentletc30ff4cb25|INCLUDED,host,8a7d5e23-da1e-420a-b4f0-471e7da8ea2d,9414918a-2bf9-4f3e-8b04-afb68d2d3f35,default,System Host,/,,Dependency from: ID: 70c894f2a47099f132dc479ec19dfe15 Title: key-exists-as-contentletc30ff4cb25
328049ec2f25f31b79c3b0e3056beebc -&gt; INCLUDED,contentlet,328049ec2f25f31b79c3b0e3056beebc,4a919dc6-f34b-4b07-a3c9-473c1399d26f,testVarname1630424050732.test1630424050732.name,System Host,/,,Added Automatically by dotCMS
d61a59e1-a49c-46f2-a929-db2b4bfa88b2 -&gt; INCLUDED,workflow,d61a59e1-a49c-46f2-a929-db2b4bfa88b2,,System Workflow,,,,Dependency from: ID: 9adfd88bded1980cd5153a1805e9332f Title: testName1630423092576|INCLUDED,workflow,d61a59e1-a49c-46f2-a929-db2b4bfa88b2,,System Workflow,,,,Dependency from: ID: f4d7c1b8-2c88-4071-abf1-a5328977b07d Title: Language Variable
a09e6bbc233422f63ce1473d25ad47c0 -&gt; INCLUDED,contentlet,a09e6bbc233422f63ce1473d25ad47c0,adfe5469-d785-4caf-b012-76bfd8557ffb,a09e6bbc233422f63ce1473d25ad47c0,test1630423091656.dotcms.com,/,,Dependency from: ID: 6151c747e4b2390d2132a459d4c1db27 Title: test1630423091656.dotcms.com
64a1a72140fd5c66cbabe242a6e62086 -&gt; INCLUDED,contentlet,64a1a72140fd5c66cbabe242a6e62086,a1a5a41f-8974-43d2-9d0e-3a45ff36bdf5,testVarname1630424051241.test1630424051241.name,System Host,/,,Added Automatically by dotCMS|INCLUDED,contentlet,64a1a72140fd5c66cbabe242a6e62086,9a2afb00-e94f-49b1-8424-869f37fdb50e,testVarname1630424051241.test1630424051241.name,System Host,/,,Dependency from: ID: 64a1a72140fd5c66cbabe242a6e62086 Title: testVarname1630424051241.test1630424051241.name
9adfd88bded1980cd5153a1805e9332f -&gt; INCLUDED,contenttype,9adfd88bded1980cd5153a1805e9332f,,testName1630423092576,test1630423091656.dotcms.com,/,,Dependency from: ID: 6151c747e4b2390d2132a459d4c1db27 Title: test1630423091656.dotcms.com
6151c747e4b2390d2132a459d4c1db27 -&gt; INCLUDED,host,6151c747e4b2390d2132a459d4c1db27,de3d7c40-9ecf-4f5f-a538-9775bd7cd95d,test1630423091656.dotcms.com,System Host,/,,Added directly by User
bc9a1d37-dd2d-4d49-a29d-0c9be740bfaf -&gt; EXCLUDED,folder,bc9a1d37-dd2d-4d49-a29d-0c9be740bfaf,SYSTEM_FOLDER,System folder,System Host,,Excluded System Folder/Host,|EXCLUDED,folder,bc9a1d37-dd2d-4d49-a29d-0c9be740bfaf,SYSTEM_FOLDER,System folder,System Host,,Excluded System Folder/Host,
SYSTEM_HOST -&gt; EXCLUDED,host,SYSTEM_HOST,dbdec5e2-c02b-4cfb-83a9-4a4c4f3b2eb0,SYSTEM_HOST,System Host,/,Excluded System Folder/Host, not contain INCLUDED,contentlet,a09e6bbc233422f63ce1473d25ad47c0,bad4b430-8952-4570-aedf-5c9d212df42b,a09e6bbc233422f63ce1473d25ad47c0,test1630423091656.dotcms.com,/,,Dependency from: ID: 6151c747e4b2390d2132a459d4c1db27 Title: test1630423091656.dotcms.com
	at org.junit.Assert.fail(Assert.java:88)
	at org.junit.Assert.assertTrue(Assert.java:41)
	at com.dotcms.publishing.PublisherAPIImplTest.assertManifestFile(PublisherAPIImplTest.java:566)
	at com.dotcms.enterprise.publishing.remote.bundler.DependencyBundlerTest.addAssetInBundle(DependencyBundlerTest.java:1251)
	at jdk.internal.reflect.GeneratedMethodAccessor1559.invoke(Unknown Source)
	at java.base/jdk.internal.reflect.DelegatingMethodAccessorImpl.invoke(DelegatingMethodAccessorImpl.java:43)
	at java.base/java.lang.reflect.Method.invoke(Method.java:566)
	at org.junit.runners.model.FrameworkMethod$1.runReflectiveCall(FrameworkMethod.java:50)
	at org.junit.internal.runners.model.ReflectiveCallable.run(ReflectiveCallable.java:12)
	at org.junit.runners.model.FrameworkMethod.invokeExplosively(FrameworkMethod.java:47)
	at com.tngtech.java.junit.dataprovider.DataProviderFrameworkMethod.invokeExplosively(DataProviderFrameworkMethod.java:119)
	at org.junit.internal.runners.statements.InvokeMethod.evaluate(InvokeMethod.java:17)
	at org.junit.internal.runners.statements.RunBefores.evaluate(RunBefores.java:26)
	at org.junit.rules.TestWatcher$1.evaluate(TestWatcher.java:55)
	at org.junit.rules.RunRules.evaluate(RunRules.java:20)
	at org.junit.runners.ParentRunner.runLeaf(ParentRunner.java:325)
	at com.dotcms.junit.CustomDataProviderRunner.runChild(CustomDataProviderRunner.java:28)
	at com.dotcms.junit.CustomDataProviderRunner.runChild(CustomDataProviderRunner.java:13)
	at org.junit.runners.ParentRunner$3.run(ParentRunner.java:290)
	at org.junit.runners.ParentRunner$1.schedule(ParentRunner.java:71)
	at org.junit.runners.ParentRunner.runChildren(ParentRunner.java:288)
	at org.junit.runners.ParentRunner.access$000(ParentRunner.java:58)
	at org.junit.runners.ParentRunner$2.evaluate(ParentRunner.java:268)
	at org.junit.runners.ParentRunner.run(ParentRunner.java:363)
	at com.dotcms.junit.MainBaseSuite$DotRunner.run(MainBaseSuite.java:60)
	at org.junit.runners.Suite.runChild(Suite.java:128)
	at org.junit.runners.Suite.runChild(Suite.java:27)
	at org.junit.runners.ParentRunner$3.run(ParentRunner.java:290)
	at org.junit.runners.ParentRunner$1.schedule(ParentRunner.java:71)
	at org.junit.runners.ParentRunner.runChildren(ParentRunner.java:288)
	at org.junit.runners.ParentRunner.access$000(ParentRunner.java:58)
	at org.junit.runners.ParentRunner$2.evaluate(ParentRunner.java:268)
	at org.junit.runners.ParentRunner.run(ParentRunner.java:363)
	at org.gradle.api.internal.tasks.testing.junit.JUnitTestClassExecutor.runTestClass(JUnitTestClassExecutor.java:106)
	at org.gradle.api.internal.tasks.testing.junit.JUnitTestClassExecutor.execute(JUnitTestClassExecutor.java:58)
	at org.gradle.api.internal.tasks.testing.junit.JUnitTestClassExecutor.execute(JUnitTestClassExecutor.java:38)
	at org.gradle.api.internal.tasks.testing.junit.AbstractJUnitTestClassProcessor.processTestClass(AbstractJUnitTestClassProcessor.java:66)
	at org.gradle.api.internal.tasks.testing.SuiteTestClassProcessor.processTestClass(SuiteTestClassProcessor.java:51)
	at java.base/jdk.internal.reflect.NativeMethodAccessorImpl.invoke0(Native Method)
	at java.base/jdk.internal.reflect.NativeMethodAccessorImpl.invoke(NativeMethodAccessorImpl.java:62)
	at java.base/jdk.internal.reflect.DelegatingMethodAccessorImpl.invoke(DelegatingMethodAccessorImpl.java:43)
	at java.base/java.lang.reflect.Method.invoke(Method.java:566)
	at org.gradle.internal.dispatch.ReflectionDispatch.dispatch(ReflectionDispatch.java:35)
	at org.gradle.internal.dispatch.ReflectionDispatch.dispatch(ReflectionDispatch.java:24)
	at org.gradle.internal.dispatch.ContextClassLoaderDispatch.dispatch(ContextClassLoaderDispatch.java:32)
	at org.gradle.internal.dispatch.ProxyDispatchAdapter$DispatchingInvocationHandler.invoke(ProxyDispatchAdapter.java:93)
	at com.sun.proxy.$Proxy2.processTestClass(Unknown Source)
	at org.gradle.api.internal.tasks.testing.worker.TestWorker.processTestClass(TestWorker.java:117)
	at java.base/jdk.internal.reflect.NativeMethodAccessorImpl.invoke0(Native Method)
	at java.base/jdk.internal.reflect.NativeMethodAccessorImpl.invoke(NativeMethodAccessorImpl.java:62)
	at java.base/jdk.internal.reflect.DelegatingMethodAccessorImpl.invoke(DelegatingMethodAccessorImpl.java:43)
	at java.base/java.lang.reflect.Method.invoke(Method.java:566)
	at org.gradle.internal.dispatch.ReflectionDispatch.dispatch(ReflectionDispatch.java:35)
	at org.gradle.internal.dispatch.ReflectionDispatch.dispatch(ReflectionDispatch.java:24)
	at org.gradle.internal.remote.internal.hub.MessageHubBackedObjectConnection$DispatchWrapper.dispatch(MessageHubBackedObjectConnection.java:155)
	at org.gradle.internal.remote.internal.hub.MessageHubBackedObjectConnection$DispatchWrapper.dispatch(MessageHubBackedObjectConnection.java:137)
	at org.gradle.internal.remote.internal.hub.MessageHub$Handler.run(MessageHub.java:404)
	at org.gradle.internal.concurrent.ExecutorPolicy$CatchAndRecordFailures.onExecute(ExecutorPolicy.java:63)
	at org.gradle.internal.concurrent.ManagedExecutorImpl$1.run(ManagedExecutorImpl.java:46)
	at java.base/java.util.concurrent.ThreadPoolExecutor.runWorker(ThreadPoolExecutor.java:1128)
	at java.base/java.util.concurrent.ThreadPoolExecutor$Worker.run(ThreadPoolExecutor.java:628)
	at org.gradle.internal.concurrent.ThreadFactoryImpl$ManagedThreadRunnable.run(ThreadFactoryImpl.java:55)
	at java.base/java.lang.Thread.run(Thread.java:829)
</pre>
</span>
</div>
<div class="test">
<a name="addAssetInBundle: Host with Content andfilterDescriptorNotDependencies"></a>
<h3 class="failures">addAssetInBundle: Host with Content andfilterDescriptorNotDependencies</h3>
<span class="code">
<pre>java.lang.AssertionError: 6151c747e4b2390d2132a459d4c1db27 -&gt; INCLUDED,host,6151c747e4b2390d2132a459d4c1db27,de3d7c40-9ecf-4f5f-a538-9775bd7cd95d,test1630423091656.dotcms.com,System Host,/,,Added directly by User
a09e6bbc233422f63ce1473d25ad47c0 -&gt; EXCLUDED,contentlet,a09e6bbc233422f63ce1473d25ad47c0,adfe5469-d785-4caf-b012-76bfd8557ffb,a09e6bbc233422f63ce1473d25ad47c0,test1630423091656.dotcms.com,/,Excluded by filter,
9adfd88bded1980cd5153a1805e9332f -&gt; EXCLUDED,contenttype,9adfd88bded1980cd5153a1805e9332f,,testName1630423092576,test1630423091656.dotcms.com,/,Excluded by filter, not contain EXCLUDED,contentlet,a09e6bbc233422f63ce1473d25ad47c0,bad4b430-8952-4570-aedf-5c9d212df42b,a09e6bbc233422f63ce1473d25ad47c0,test1630423091656.dotcms.com,/,Excluded by filter,
	at org.junit.Assert.fail(Assert.java:88)
	at org.junit.Assert.assertTrue(Assert.java:41)
	at com.dotcms.publishing.PublisherAPIImplTest.assertManifestFile(PublisherAPIImplTest.java:566)
	at com.dotcms.enterprise.publishing.remote.bundler.DependencyBundlerTest.addAssetInBundle(DependencyBundlerTest.java:1251)
	at jdk.internal.reflect.GeneratedMethodAccessor1559.invoke(Unknown Source)
	at java.base/jdk.internal.reflect.DelegatingMethodAccessorImpl.invoke(DelegatingMethodAccessorImpl.java:43)
	at java.base/java.lang.reflect.Method.invoke(Method.java:566)
	at org.junit.runners.model.FrameworkMethod$1.runReflectiveCall(FrameworkMethod.java:50)
	at org.junit.internal.runners.model.ReflectiveCallable.run(ReflectiveCallable.java:12)
	at org.junit.runners.model.FrameworkMethod.invokeExplosively(FrameworkMethod.java:47)
	at com.tngtech.java.junit.dataprovider.DataProviderFrameworkMethod.invokeExplosively(DataProviderFrameworkMethod.java:119)
	at org.junit.internal.runners.statements.InvokeMethod.evaluate(InvokeMethod.java:17)
	at org.junit.internal.runners.statements.RunBefores.evaluate(RunBefores.java:26)
	at org.junit.rules.TestWatcher$1.evaluate(TestWatcher.java:55)
	at org.junit.rules.RunRules.evaluate(RunRules.java:20)
	at org.junit.runners.ParentRunner.runLeaf(ParentRunner.java:325)
	at com.dotcms.junit.CustomDataProviderRunner.runChild(CustomDataProviderRunner.java:28)
	at com.dotcms.junit.CustomDataProviderRunner.runChild(CustomDataProviderRunner.java:13)
	at org.junit.runners.ParentRunner$3.run(ParentRunner.java:290)
	at org.junit.runners.ParentRunner$1.schedule(ParentRunner.java:71)
	at org.junit.runners.ParentRunner.runChildren(ParentRunner.java:288)
	at org.junit.runners.ParentRunner.access$000(ParentRunner.java:58)
	at org.junit.runners.ParentRunner$2.evaluate(ParentRunner.java:268)
	at org.junit.runners.ParentRunner.run(ParentRunner.java:363)
	at com.dotcms.junit.MainBaseSuite$DotRunner.run(MainBaseSuite.java:60)
	at org.junit.runners.Suite.runChild(Suite.java:128)
	at org.junit.runners.Suite.runChild(Suite.java:27)
	at org.junit.runners.ParentRunner$3.run(ParentRunner.java:290)
	at org.junit.runners.ParentRunner$1.schedule(ParentRunner.java:71)
	at org.junit.runners.ParentRunner.runChildren(ParentRunner.java:288)
	at org.junit.runners.ParentRunner.access$000(ParentRunner.java:58)
	at org.junit.runners.ParentRunner$2.evaluate(ParentRunner.java:268)
	at org.junit.runners.ParentRunner.run(ParentRunner.java:363)
	at org.gradle.api.internal.tasks.testing.junit.JUnitTestClassExecutor.runTestClass(JUnitTestClassExecutor.java:106)
	at org.gradle.api.internal.tasks.testing.junit.JUnitTestClassExecutor.execute(JUnitTestClassExecutor.java:58)
	at org.gradle.api.internal.tasks.testing.junit.JUnitTestClassExecutor.execute(JUnitTestClassExecutor.java:38)
	at org.gradle.api.internal.tasks.testing.junit.AbstractJUnitTestClassProcessor.processTestClass(AbstractJUnitTestClassProcessor.java:66)
	at org.gradle.api.internal.tasks.testing.SuiteTestClassProcessor.processTestClass(SuiteTestClassProcessor.java:51)
	at java.base/jdk.internal.reflect.NativeMethodAccessorImpl.invoke0(Native Method)
	at java.base/jdk.internal.reflect.NativeMethodAccessorImpl.invoke(NativeMethodAccessorImpl.java:62)
	at java.base/jdk.internal.reflect.DelegatingMethodAccessorImpl.invoke(DelegatingMethodAccessorImpl.java:43)
	at java.base/java.lang.reflect.Method.invoke(Method.java:566)
	at org.gradle.internal.dispatch.ReflectionDispatch.dispatch(ReflectionDispatch.java:35)
	at org.gradle.internal.dispatch.ReflectionDispatch.dispatch(ReflectionDispatch.java:24)
	at org.gradle.internal.dispatch.ContextClassLoaderDispatch.dispatch(ContextClassLoaderDispatch.java:32)
	at org.gradle.internal.dispatch.ProxyDispatchAdapter$DispatchingInvocationHandler.invoke(ProxyDispatchAdapter.java:93)
	at com.sun.proxy.$Proxy2.processTestClass(Unknown Source)
	at org.gradle.api.internal.tasks.testing.worker.TestWorker.processTestClass(TestWorker.java:117)
	at java.base/jdk.internal.reflect.NativeMethodAccessorImpl.invoke0(Native Method)
	at java.base/jdk.internal.reflect.NativeMethodAccessorImpl.invoke(NativeMethodAccessorImpl.java:62)
	at java.base/jdk.internal.reflect.DelegatingMethodAccessorImpl.invoke(DelegatingMethodAccessorImpl.java:43)
	at java.base/java.lang.reflect.Method.invoke(Method.java:566)
	at org.gradle.internal.dispatch.ReflectionDispatch.dispatch(ReflectionDispatch.java:35)
	at org.gradle.internal.dispatch.ReflectionDispatch.dispatch(ReflectionDispatch.java:24)
	at org.gradle.internal.remote.internal.hub.MessageHubBackedObjectConnection$DispatchWrapper.dispatch(MessageHubBackedObjectConnection.java:155)
	at org.gradle.internal.remote.internal.hub.MessageHubBackedObjectConnection$DispatchWrapper.dispatch(MessageHubBackedObjectConnection.java:137)
	at org.gradle.internal.remote.internal.hub.MessageHub$Handler.run(MessageHub.java:404)
	at org.gradle.internal.concurrent.ExecutorPolicy$CatchAndRecordFailures.onExecute(ExecutorPolicy.java:63)
	at org.gradle.internal.concurrent.ManagedExecutorImpl$1.run(ManagedExecutorImpl.java:46)
	at java.base/java.util.concurrent.ThreadPoolExecutor.runWorker(ThreadPoolExecutor.java:1128)
	at java.base/java.util.concurrent.ThreadPoolExecutor$Worker.run(ThreadPoolExecutor.java:628)
	at org.gradle.internal.concurrent.ThreadFactoryImpl$ManagedThreadRunnable.run(ThreadFactoryImpl.java:55)
	at java.base/java.lang.Thread.run(Thread.java:829)
</pre>
</span>
</div>
<div class="test">
<a name="addAssetInBundle: Host with Content andfilterDescriptorNotDependenciesRelationship"></a>
<h3 class="failures">addAssetInBundle: Host with Content andfilterDescriptorNotDependenciesRelationship</h3>
<span class="code">
<pre>java.lang.AssertionError: 6151c747e4b2390d2132a459d4c1db27 -&gt; INCLUDED,host,6151c747e4b2390d2132a459d4c1db27,de3d7c40-9ecf-4f5f-a538-9775bd7cd95d,test1630423091656.dotcms.com,System Host,/,,Added directly by User
a09e6bbc233422f63ce1473d25ad47c0 -&gt; EXCLUDED,contentlet,a09e6bbc233422f63ce1473d25ad47c0,adfe5469-d785-4caf-b012-76bfd8557ffb,a09e6bbc233422f63ce1473d25ad47c0,test1630423091656.dotcms.com,/,Excluded by filter,
9adfd88bded1980cd5153a1805e9332f -&gt; EXCLUDED,contenttype,9adfd88bded1980cd5153a1805e9332f,,testName1630423092576,test1630423091656.dotcms.com,/,Excluded by filter, not contain EXCLUDED,contentlet,a09e6bbc233422f63ce1473d25ad47c0,bad4b430-8952-4570-aedf-5c9d212df42b,a09e6bbc233422f63ce1473d25ad47c0,test1630423091656.dotcms.com,/,Excluded by filter,
	at org.junit.Assert.fail(Assert.java:88)
	at org.junit.Assert.assertTrue(Assert.java:41)
	at com.dotcms.publishing.PublisherAPIImplTest.assertManifestFile(PublisherAPIImplTest.java:566)
	at com.dotcms.enterprise.publishing.remote.bundler.DependencyBundlerTest.addAssetInBundle(DependencyBundlerTest.java:1251)
	at jdk.internal.reflect.GeneratedMethodAccessor1559.invoke(Unknown Source)
	at java.base/jdk.internal.reflect.DelegatingMethodAccessorImpl.invoke(DelegatingMethodAccessorImpl.java:43)
	at java.base/java.lang.reflect.Method.invoke(Method.java:566)
	at org.junit.runners.model.FrameworkMethod$1.runReflectiveCall(FrameworkMethod.java:50)
	at org.junit.internal.runners.model.ReflectiveCallable.run(ReflectiveCallable.java:12)
	at org.junit.runners.model.FrameworkMethod.invokeExplosively(FrameworkMethod.java:47)
	at com.tngtech.java.junit.dataprovider.DataProviderFrameworkMethod.invokeExplosively(DataProviderFrameworkMethod.java:119)
	at org.junit.internal.runners.statements.InvokeMethod.evaluate(InvokeMethod.java:17)
	at org.junit.internal.runners.statements.RunBefores.evaluate(RunBefores.java:26)
	at org.junit.rules.TestWatcher$1.evaluate(TestWatcher.java:55)
	at org.junit.rules.RunRules.evaluate(RunRules.java:20)
	at org.junit.runners.ParentRunner.runLeaf(ParentRunner.java:325)
	at com.dotcms.junit.CustomDataProviderRunner.runChild(CustomDataProviderRunner.java:28)
	at com.dotcms.junit.CustomDataProviderRunner.runChild(CustomDataProviderRunner.java:13)
	at org.junit.runners.ParentRunner$3.run(ParentRunner.java:290)
	at org.junit.runners.ParentRunner$1.schedule(ParentRunner.java:71)
	at org.junit.runners.ParentRunner.runChildren(ParentRunner.java:288)
	at org.junit.runners.ParentRunner.access$000(ParentRunner.java:58)
	at org.junit.runners.ParentRunner$2.evaluate(ParentRunner.java:268)
	at org.junit.runners.ParentRunner.run(ParentRunner.java:363)
	at com.dotcms.junit.MainBaseSuite$DotRunner.run(MainBaseSuite.java:60)
	at org.junit.runners.Suite.runChild(Suite.java:128)
	at org.junit.runners.Suite.runChild(Suite.java:27)
	at org.junit.runners.ParentRunner$3.run(ParentRunner.java:290)
	at org.junit.runners.ParentRunner$1.schedule(ParentRunner.java:71)
	at org.junit.runners.ParentRunner.runChildren(ParentRunner.java:288)
	at org.junit.runners.ParentRunner.access$000(ParentRunner.java:58)
	at org.junit.runners.ParentRunner$2.evaluate(ParentRunner.java:268)
	at org.junit.runners.ParentRunner.run(ParentRunner.java:363)
	at org.gradle.api.internal.tasks.testing.junit.JUnitTestClassExecutor.runTestClass(JUnitTestClassExecutor.java:106)
	at org.gradle.api.internal.tasks.testing.junit.JUnitTestClassExecutor.execute(JUnitTestClassExecutor.java:58)
	at org.gradle.api.internal.tasks.testing.junit.JUnitTestClassExecutor.execute(JUnitTestClassExecutor.java:38)
	at org.gradle.api.internal.tasks.testing.junit.AbstractJUnitTestClassProcessor.processTestClass(AbstractJUnitTestClassProcessor.java:66)
	at org.gradle.api.internal.tasks.testing.SuiteTestClassProcessor.processTestClass(SuiteTestClassProcessor.java:51)
	at java.base/jdk.internal.reflect.NativeMethodAccessorImpl.invoke0(Native Method)
	at java.base/jdk.internal.reflect.NativeMethodAccessorImpl.invoke(NativeMethodAccessorImpl.java:62)
	at java.base/jdk.internal.reflect.DelegatingMethodAccessorImpl.invoke(DelegatingMethodAccessorImpl.java:43)
	at java.base/java.lang.reflect.Method.invoke(Method.java:566)
	at org.gradle.internal.dispatch.ReflectionDispatch.dispatch(ReflectionDispatch.java:35)
	at org.gradle.internal.dispatch.ReflectionDispatch.dispatch(ReflectionDispatch.java:24)
	at org.gradle.internal.dispatch.ContextClassLoaderDispatch.dispatch(ContextClassLoaderDispatch.java:32)
	at org.gradle.internal.dispatch.ProxyDispatchAdapter$DispatchingInvocationHandler.invoke(ProxyDispatchAdapter.java:93)
	at com.sun.proxy.$Proxy2.processTestClass(Unknown Source)
	at org.gradle.api.internal.tasks.testing.worker.TestWorker.processTestClass(TestWorker.java:117)
	at java.base/jdk.internal.reflect.NativeMethodAccessorImpl.invoke0(Native Method)
	at java.base/jdk.internal.reflect.NativeMethodAccessorImpl.invoke(NativeMethodAccessorImpl.java:62)
	at java.base/jdk.internal.reflect.DelegatingMethodAccessorImpl.invoke(DelegatingMethodAccessorImpl.java:43)
	at java.base/java.lang.reflect.Method.invoke(Method.java:566)
	at org.gradle.internal.dispatch.ReflectionDispatch.dispatch(ReflectionDispatch.java:35)
	at org.gradle.internal.dispatch.ReflectionDispatch.dispatch(ReflectionDispatch.java:24)
	at org.gradle.internal.remote.internal.hub.MessageHubBackedObjectConnection$DispatchWrapper.dispatch(MessageHubBackedObjectConnection.java:155)
	at org.gradle.internal.remote.internal.hub.MessageHubBackedObjectConnection$DispatchWrapper.dispatch(MessageHubBackedObjectConnection.java:137)
	at org.gradle.internal.remote.internal.hub.MessageHub$Handler.run(MessageHub.java:404)
	at org.gradle.internal.concurrent.ExecutorPolicy$CatchAndRecordFailures.onExecute(ExecutorPolicy.java:63)
	at org.gradle.internal.concurrent.ManagedExecutorImpl$1.run(ManagedExecutorImpl.java:46)
	at java.base/java.util.concurrent.ThreadPoolExecutor.runWorker(ThreadPoolExecutor.java:1128)
	at java.base/java.util.concurrent.ThreadPoolExecutor$Worker.run(ThreadPoolExecutor.java:628)
	at org.gradle.internal.concurrent.ThreadFactoryImpl$ManagedThreadRunnable.run(ThreadFactoryImpl.java:55)
	at java.base/java.lang.Thread.run(Thread.java:829)
</pre>
</span>
</div>
<div class="test">
<a name="addAssetInBundle: Host with Content andfilterDescriptorNotRelationship"></a>
<h3 class="failures">addAssetInBundle: Host with Content andfilterDescriptorNotRelationship</h3>
<span class="code">
<pre>java.lang.AssertionError: 1 -&gt; INCLUDED,language,1,,English,,,,Dependency from: ID: a09e6bbc233422f63ce1473d25ad47c0 Title: a09e6bbc233422f63ce1473d25ad47c0|INCLUDED,language,1,,English,,,,Dependency from: ID: 64a1a72140fd5c66cbabe242a6e62086 Title: testVarname1630424051241.test1630424051241.name|INCLUDED,language,1,,English,,,,Dependency from: ID: 328049ec2f25f31b79c3b0e3056beebc Title: testVarname1630424050732.test1630424050732.name
4641723 -&gt; INCLUDED,language,4641723,,fVsXDQddsf,,,,Dependency from: ID: 70c894f2a47099f132dc479ec19dfe15 Title: key-exists-as-contentletc30ff4cb25
f4d7c1b8-2c88-4071-abf1-a5328977b07d -&gt; INCLUDED,contenttype,f4d7c1b8-2c88-4071-abf1-a5328977b07d,,Language Variable,System Host,/,,Dependency from: ID: 70c894f2a47099f132dc479ec19dfe15 Title: key-exists-as-contentletc30ff4cb25|INCLUDED,contenttype,f4d7c1b8-2c88-4071-abf1-a5328977b07d,,Language Variable,System Host,/,,Dependency from: ID: 64a1a72140fd5c66cbabe242a6e62086 Title: testVarname1630424051241.test1630424051241.name|INCLUDED,contenttype,f4d7c1b8-2c88-4071-abf1-a5328977b07d,,Language Variable,System Host,/,,Dependency from: ID: 328049ec2f25f31b79c3b0e3056beebc Title: testVarname1630424050732.test1630424050732.name
70c894f2a47099f132dc479ec19dfe15 -&gt; INCLUDED,contentlet,70c894f2a47099f132dc479ec19dfe15,822d98fc-e85f-4cd3-8f8e-c1a11f32559f,key-exists-as-contentletc30ff4cb25,default,/,,Added Automatically by dotCMS
8a7d5e23-da1e-420a-b4f0-471e7da8ea2d -&gt; INCLUDED,host,8a7d5e23-da1e-420a-b4f0-471e7da8ea2d,fab2d82e-6b32-4dda-85e4-26a3104856cc,default,System Host,/,,Dependency from: ID: 70c894f2a47099f132dc479ec19dfe15 Title: key-exists-as-contentletc30ff4cb25|INCLUDED,host,8a7d5e23-da1e-420a-b4f0-471e7da8ea2d,9414918a-2bf9-4f3e-8b04-afb68d2d3f35,default,System Host,/,,Dependency from: ID: 70c894f2a47099f132dc479ec19dfe15 Title: key-exists-as-contentletc30ff4cb25
328049ec2f25f31b79c3b0e3056beebc -&gt; INCLUDED,contentlet,328049ec2f25f31b79c3b0e3056beebc,4a919dc6-f34b-4b07-a3c9-473c1399d26f,testVarname1630424050732.test1630424050732.name,System Host,/,,Added Automatically by dotCMS
d61a59e1-a49c-46f2-a929-db2b4bfa88b2 -&gt; INCLUDED,workflow,d61a59e1-a49c-46f2-a929-db2b4bfa88b2,,System Workflow,,,,Dependency from: ID: 9adfd88bded1980cd5153a1805e9332f Title: testName1630423092576|INCLUDED,workflow,d61a59e1-a49c-46f2-a929-db2b4bfa88b2,,System Workflow,,,,Dependency from: ID: f4d7c1b8-2c88-4071-abf1-a5328977b07d Title: Language Variable
a09e6bbc233422f63ce1473d25ad47c0 -&gt; INCLUDED,contentlet,a09e6bbc233422f63ce1473d25ad47c0,adfe5469-d785-4caf-b012-76bfd8557ffb,a09e6bbc233422f63ce1473d25ad47c0,test1630423091656.dotcms.com,/,,Dependency from: ID: 6151c747e4b2390d2132a459d4c1db27 Title: test1630423091656.dotcms.com
64a1a72140fd5c66cbabe242a6e62086 -&gt; INCLUDED,contentlet,64a1a72140fd5c66cbabe242a6e62086,a1a5a41f-8974-43d2-9d0e-3a45ff36bdf5,testVarname1630424051241.test1630424051241.name,System Host,/,,Added Automatically by dotCMS|INCLUDED,contentlet,64a1a72140fd5c66cbabe242a6e62086,9a2afb00-e94f-49b1-8424-869f37fdb50e,testVarname1630424051241.test1630424051241.name,System Host,/,,Dependency from: ID: 64a1a72140fd5c66cbabe242a6e62086 Title: testVarname1630424051241.test1630424051241.name
9adfd88bded1980cd5153a1805e9332f -&gt; INCLUDED,contenttype,9adfd88bded1980cd5153a1805e9332f,,testName1630423092576,test1630423091656.dotcms.com,/,,Dependency from: ID: 6151c747e4b2390d2132a459d4c1db27 Title: test1630423091656.dotcms.com
6151c747e4b2390d2132a459d4c1db27 -&gt; INCLUDED,host,6151c747e4b2390d2132a459d4c1db27,de3d7c40-9ecf-4f5f-a538-9775bd7cd95d,test1630423091656.dotcms.com,System Host,/,,Added directly by User
bc9a1d37-dd2d-4d49-a29d-0c9be740bfaf -&gt; EXCLUDED,folder,bc9a1d37-dd2d-4d49-a29d-0c9be740bfaf,SYSTEM_FOLDER,System folder,System Host,,Excluded System Folder/Host,|EXCLUDED,folder,bc9a1d37-dd2d-4d49-a29d-0c9be740bfaf,SYSTEM_FOLDER,System folder,System Host,,Excluded System Folder/Host,
SYSTEM_HOST -&gt; EXCLUDED,host,SYSTEM_HOST,dbdec5e2-c02b-4cfb-83a9-4a4c4f3b2eb0,SYSTEM_HOST,System Host,/,Excluded System Folder/Host, not contain INCLUDED,contentlet,a09e6bbc233422f63ce1473d25ad47c0,bad4b430-8952-4570-aedf-5c9d212df42b,a09e6bbc233422f63ce1473d25ad47c0,test1630423091656.dotcms.com,/,,Dependency from: ID: 6151c747e4b2390d2132a459d4c1db27 Title: test1630423091656.dotcms.com
	at org.junit.Assert.fail(Assert.java:88)
	at org.junit.Assert.assertTrue(Assert.java:41)
	at com.dotcms.publishing.PublisherAPIImplTest.assertManifestFile(PublisherAPIImplTest.java:566)
	at com.dotcms.enterprise.publishing.remote.bundler.DependencyBundlerTest.addAssetInBundle(DependencyBundlerTest.java:1251)
	at jdk.internal.reflect.GeneratedMethodAccessor1559.invoke(Unknown Source)
	at java.base/jdk.internal.reflect.DelegatingMethodAccessorImpl.invoke(DelegatingMethodAccessorImpl.java:43)
	at java.base/java.lang.reflect.Method.invoke(Method.java:566)
	at org.junit.runners.model.FrameworkMethod$1.runReflectiveCall(FrameworkMethod.java:50)
	at org.junit.internal.runners.model.ReflectiveCallable.run(ReflectiveCallable.java:12)
	at org.junit.runners.model.FrameworkMethod.invokeExplosively(FrameworkMethod.java:47)
	at com.tngtech.java.junit.dataprovider.DataProviderFrameworkMethod.invokeExplosively(DataProviderFrameworkMethod.java:119)
	at org.junit.internal.runners.statements.InvokeMethod.evaluate(InvokeMethod.java:17)
	at org.junit.internal.runners.statements.RunBefores.evaluate(RunBefores.java:26)
	at org.junit.rules.TestWatcher$1.evaluate(TestWatcher.java:55)
	at org.junit.rules.RunRules.evaluate(RunRules.java:20)
	at org.junit.runners.ParentRunner.runLeaf(ParentRunner.java:325)
	at com.dotcms.junit.CustomDataProviderRunner.runChild(CustomDataProviderRunner.java:28)
	at com.dotcms.junit.CustomDataProviderRunner.runChild(CustomDataProviderRunner.java:13)
	at org.junit.runners.ParentRunner$3.run(ParentRunner.java:290)
	at org.junit.runners.ParentRunner$1.schedule(ParentRunner.java:71)
	at org.junit.runners.ParentRunner.runChildren(ParentRunner.java:288)
	at org.junit.runners.ParentRunner.access$000(ParentRunner.java:58)
	at org.junit.runners.ParentRunner$2.evaluate(ParentRunner.java:268)
	at org.junit.runners.ParentRunner.run(ParentRunner.java:363)
	at com.dotcms.junit.MainBaseSuite$DotRunner.run(MainBaseSuite.java:60)
	at org.junit.runners.Suite.runChild(Suite.java:128)
	at org.junit.runners.Suite.runChild(Suite.java:27)
	at org.junit.runners.ParentRunner$3.run(ParentRunner.java:290)
	at org.junit.runners.ParentRunner$1.schedule(ParentRunner.java:71)
	at org.junit.runners.ParentRunner.runChildren(ParentRunner.java:288)
	at org.junit.runners.ParentRunner.access$000(ParentRunner.java:58)
	at org.junit.runners.ParentRunner$2.evaluate(ParentRunner.java:268)
	at org.junit.runners.ParentRunner.run(ParentRunner.java:363)
	at org.gradle.api.internal.tasks.testing.junit.JUnitTestClassExecutor.runTestClass(JUnitTestClassExecutor.java:106)
	at org.gradle.api.internal.tasks.testing.junit.JUnitTestClassExecutor.execute(JUnitTestClassExecutor.java:58)
	at org.gradle.api.internal.tasks.testing.junit.JUnitTestClassExecutor.execute(JUnitTestClassExecutor.java:38)
	at org.gradle.api.internal.tasks.testing.junit.AbstractJUnitTestClassProcessor.processTestClass(AbstractJUnitTestClassProcessor.java:66)
	at org.gradle.api.internal.tasks.testing.SuiteTestClassProcessor.processTestClass(SuiteTestClassProcessor.java:51)
	at java.base/jdk.internal.reflect.NativeMethodAccessorImpl.invoke0(Native Method)
	at java.base/jdk.internal.reflect.NativeMethodAccessorImpl.invoke(NativeMethodAccessorImpl.java:62)
	at java.base/jdk.internal.reflect.DelegatingMethodAccessorImpl.invoke(DelegatingMethodAccessorImpl.java:43)
	at java.base/java.lang.reflect.Method.invoke(Method.java:566)
	at org.gradle.internal.dispatch.ReflectionDispatch.dispatch(ReflectionDispatch.java:35)
	at org.gradle.internal.dispatch.ReflectionDispatch.dispatch(ReflectionDispatch.java:24)
	at org.gradle.internal.dispatch.ContextClassLoaderDispatch.dispatch(ContextClassLoaderDispatch.java:32)
	at org.gradle.internal.dispatch.ProxyDispatchAdapter$DispatchingInvocationHandler.invoke(ProxyDispatchAdapter.java:93)
	at com.sun.proxy.$Proxy2.processTestClass(Unknown Source)
	at org.gradle.api.internal.tasks.testing.worker.TestWorker.processTestClass(TestWorker.java:117)
	at java.base/jdk.internal.reflect.NativeMethodAccessorImpl.invoke0(Native Method)
	at java.base/jdk.internal.reflect.NativeMethodAccessorImpl.invoke(NativeMethodAccessorImpl.java:62)
	at java.base/jdk.internal.reflect.DelegatingMethodAccessorImpl.invoke(DelegatingMethodAccessorImpl.java:43)
	at java.base/java.lang.reflect.Method.invoke(Method.java:566)
	at org.gradle.internal.dispatch.ReflectionDispatch.dispatch(ReflectionDispatch.java:35)
	at org.gradle.internal.dispatch.ReflectionDispatch.dispatch(ReflectionDispatch.java:24)
	at org.gradle.internal.remote.internal.hub.MessageHubBackedObjectConnection$DispatchWrapper.dispatch(MessageHubBackedObjectConnection.java:155)
	at org.gradle.internal.remote.internal.hub.MessageHubBackedObjectConnection$DispatchWrapper.dispatch(MessageHubBackedObjectConnection.java:137)
	at org.gradle.internal.remote.internal.hub.MessageHub$Handler.run(MessageHub.java:404)
	at org.gradle.internal.concurrent.ExecutorPolicy$CatchAndRecordFailures.onExecute(ExecutorPolicy.java:63)
	at org.gradle.internal.concurrent.ManagedExecutorImpl$1.run(ManagedExecutorImpl.java:46)
	at java.base/java.util.concurrent.ThreadPoolExecutor.runWorker(ThreadPoolExecutor.java:1128)
	at java.base/java.util.concurrent.ThreadPoolExecutor$Worker.run(ThreadPoolExecutor.java:628)
	at org.gradle.internal.concurrent.ThreadFactoryImpl$ManagedThreadRunnable.run(ThreadFactoryImpl.java:55)
	at java.base/java.lang.Thread.run(Thread.java:829)
</pre>
</span>
</div>
<div class="test">
<a name="addAssetInBundle: Rule with filterDescriptorAllDependencies"></a>
<h3 class="failures">addAssetInBundle: Rule with filterDescriptorAllDependencies</h3>
<span class="code">
<pre>java.lang.AssertionError: 1 -&gt; INCLUDED,language,1,,English,,,,Dependency from: ID: 64a1a72140fd5c66cbabe242a6e62086 Title: testVarname1630424051241.test1630424051241.name|INCLUDED,language,1,,English,,,,Dependency from: ID: 328049ec2f25f31b79c3b0e3056beebc Title: testVarname1630424050732.test1630424050732.name
4641723 -&gt; INCLUDED,language,4641723,,fVsXDQddsf,,,,Dependency from: ID: 70c894f2a47099f132dc479ec19dfe15 Title: key-exists-as-contentletc30ff4cb25
f4d7c1b8-2c88-4071-abf1-a5328977b07d -&gt; INCLUDED,contenttype,f4d7c1b8-2c88-4071-abf1-a5328977b07d,,Language Variable,System Host,/,,Dependency from: ID: 70c894f2a47099f132dc479ec19dfe15 Title: key-exists-as-contentletc30ff4cb25|INCLUDED,contenttype,f4d7c1b8-2c88-4071-abf1-a5328977b07d,,Language Variable,System Host,/,,Dependency from: ID: 64a1a72140fd5c66cbabe242a6e62086 Title: testVarname1630424051241.test1630424051241.name|INCLUDED,contenttype,f4d7c1b8-2c88-4071-abf1-a5328977b07d,,Language Variable,System Host,/,,Dependency from: ID: 328049ec2f25f31b79c3b0e3056beebc Title: testVarname1630424050732.test1630424050732.name
70c894f2a47099f132dc479ec19dfe15 -&gt; INCLUDED,contentlet,70c894f2a47099f132dc479ec19dfe15,822d98fc-e85f-4cd3-8f8e-c1a11f32559f,key-exists-as-contentletc30ff4cb25,default,/,,Added Automatically by dotCMS
8a7d5e23-da1e-420a-b4f0-471e7da8ea2d -&gt; INCLUDED,host,8a7d5e23-da1e-420a-b4f0-471e7da8ea2d,fab2d82e-6b32-4dda-85e4-26a3104856cc,default,System Host,/,,Dependency from: ID: 70c894f2a47099f132dc479ec19dfe15 Title: key-exists-as-contentletc30ff4cb25|INCLUDED,host,8a7d5e23-da1e-420a-b4f0-471e7da8ea2d,9414918a-2bf9-4f3e-8b04-afb68d2d3f35,default,System Host,/,,Dependency from: ID: 70c894f2a47099f132dc479ec19dfe15 Title: key-exists-as-contentletc30ff4cb25
328049ec2f25f31b79c3b0e3056beebc -&gt; INCLUDED,contentlet,328049ec2f25f31b79c3b0e3056beebc,4a919dc6-f34b-4b07-a3c9-473c1399d26f,testVarname1630424050732.test1630424050732.name,System Host,/,,Added Automatically by dotCMS
d61a59e1-a49c-46f2-a929-db2b4bfa88b2 -&gt; INCLUDED,workflow,d61a59e1-a49c-46f2-a929-db2b4bfa88b2,,System Workflow,,,,Dependency from: ID: f4d7c1b8-2c88-4071-abf1-a5328977b07d Title: Language Variable
85fe5048-5b33-436d-9342-58c12a102a06 -&gt; INCLUDED,rule,85fe5048-5b33-436d-9342-58c12a102a06,,defaultName,,/,,Added directly by User
64a1a72140fd5c66cbabe242a6e62086 -&gt; INCLUDED,contentlet,64a1a72140fd5c66cbabe242a6e62086,a1a5a41f-8974-43d2-9d0e-3a45ff36bdf5,testVarname1630424051241.test1630424051241.name,System Host,/,,Added Automatically by dotCMS|INCLUDED,contentlet,64a1a72140fd5c66cbabe242a6e62086,9a2afb00-e94f-49b1-8424-869f37fdb50e,testVarname1630424051241.test1630424051241.name,System Host,/,,Dependency from: ID: 64a1a72140fd5c66cbabe242a6e62086 Title: testVarname1630424051241.test1630424051241.name
cf9b31903af5c9318411523049f5c940 -&gt; INCLUDED,host,cf9b31903af5c9318411523049f5c940,f3c845c8-7623-4e9a-82f3-036ee9e455ba,test1630423094678.dotcms.com,System Host,/,,Dependency from: ID: 85fe5048-5b33-436d-9342-58c12a102a06 Title: defaultName
bc9a1d37-dd2d-4d49-a29d-0c9be740bfaf -&gt; EXCLUDED,folder,bc9a1d37-dd2d-4d49-a29d-0c9be740bfaf,SYSTEM_FOLDER,System folder,System Host,,Excluded System Folder/Host,
SYSTEM_HOST -&gt; EXCLUDED,host,SYSTEM_HOST,dbdec5e2-c02b-4cfb-83a9-4a4c4f3b2eb0,SYSTEM_HOST,System Host,/,Excluded System Folder/Host, not contain INCLUDED,contenttype,f4d7c1b8-2c88-4071-abf1-a5328977b07d,,Language Variable,System Host,/,,Dependency from: ID: 1 Title: English
	at org.junit.Assert.fail(Assert.java:88)
	at org.junit.Assert.assertTrue(Assert.java:41)
	at com.dotcms.publishing.PublisherAPIImplTest.assertManifestFile(PublisherAPIImplTest.java:566)
	at com.dotcms.enterprise.publishing.remote.bundler.DependencyBundlerTest.addAssetInBundle(DependencyBundlerTest.java:1251)
	at jdk.internal.reflect.GeneratedMethodAccessor1559.invoke(Unknown Source)
	at java.base/jdk.internal.reflect.DelegatingMethodAccessorImpl.invoke(DelegatingMethodAccessorImpl.java:43)
	at java.base/java.lang.reflect.Method.invoke(Method.java:566)
	at org.junit.runners.model.FrameworkMethod$1.runReflectiveCall(FrameworkMethod.java:50)
	at org.junit.internal.runners.model.ReflectiveCallable.run(ReflectiveCallable.java:12)
	at org.junit.runners.model.FrameworkMethod.invokeExplosively(FrameworkMethod.java:47)
	at com.tngtech.java.junit.dataprovider.DataProviderFrameworkMethod.invokeExplosively(DataProviderFrameworkMethod.java:119)
	at org.junit.internal.runners.statements.InvokeMethod.evaluate(InvokeMethod.java:17)
	at org.junit.internal.runners.statements.RunBefores.evaluate(RunBefores.java:26)
	at org.junit.rules.TestWatcher$1.evaluate(TestWatcher.java:55)
	at org.junit.rules.RunRules.evaluate(RunRules.java:20)
	at org.junit.runners.ParentRunner.runLeaf(ParentRunner.java:325)
	at com.dotcms.junit.CustomDataProviderRunner.runChild(CustomDataProviderRunner.java:28)
	at com.dotcms.junit.CustomDataProviderRunner.runChild(CustomDataProviderRunner.java:13)
	at org.junit.runners.ParentRunner$3.run(ParentRunner.java:290)
	at org.junit.runners.ParentRunner$1.schedule(ParentRunner.java:71)
	at org.junit.runners.ParentRunner.runChildren(ParentRunner.java:288)
	at org.junit.runners.ParentRunner.access$000(ParentRunner.java:58)
	at org.junit.runners.ParentRunner$2.evaluate(ParentRunner.java:268)
	at org.junit.runners.ParentRunner.run(ParentRunner.java:363)
	at com.dotcms.junit.MainBaseSuite$DotRunner.run(MainBaseSuite.java:60)
	at org.junit.runners.Suite.runChild(Suite.java:128)
	at org.junit.runners.Suite.runChild(Suite.java:27)
	at org.junit.runners.ParentRunner$3.run(ParentRunner.java:290)
	at org.junit.runners.ParentRunner$1.schedule(ParentRunner.java:71)
	at org.junit.runners.ParentRunner.runChildren(ParentRunner.java:288)
	at org.junit.runners.ParentRunner.access$000(ParentRunner.java:58)
	at org.junit.runners.ParentRunner$2.evaluate(ParentRunner.java:268)
	at org.junit.runners.ParentRunner.run(ParentRunner.java:363)
	at org.gradle.api.internal.tasks.testing.junit.JUnitTestClassExecutor.runTestClass(JUnitTestClassExecutor.java:106)
	at org.gradle.api.internal.tasks.testing.junit.JUnitTestClassExecutor.execute(JUnitTestClassExecutor.java:58)
	at org.gradle.api.internal.tasks.testing.junit.JUnitTestClassExecutor.execute(JUnitTestClassExecutor.java:38)
	at org.gradle.api.internal.tasks.testing.junit.AbstractJUnitTestClassProcessor.processTestClass(AbstractJUnitTestClassProcessor.java:66)
	at org.gradle.api.internal.tasks.testing.SuiteTestClassProcessor.processTestClass(SuiteTestClassProcessor.java:51)
	at java.base/jdk.internal.reflect.NativeMethodAccessorImpl.invoke0(Native Method)
	at java.base/jdk.internal.reflect.NativeMethodAccessorImpl.invoke(NativeMethodAccessorImpl.java:62)
	at java.base/jdk.internal.reflect.DelegatingMethodAccessorImpl.invoke(DelegatingMethodAccessorImpl.java:43)
	at java.base/java.lang.reflect.Method.invoke(Method.java:566)
	at org.gradle.internal.dispatch.ReflectionDispatch.dispatch(ReflectionDispatch.java:35)
	at org.gradle.internal.dispatch.ReflectionDispatch.dispatch(ReflectionDispatch.java:24)
	at org.gradle.internal.dispatch.ContextClassLoaderDispatch.dispatch(ContextClassLoaderDispatch.java:32)
	at org.gradle.internal.dispatch.ProxyDispatchAdapter$DispatchingInvocationHandler.invoke(ProxyDispatchAdapter.java:93)
	at com.sun.proxy.$Proxy2.processTestClass(Unknown Source)
	at org.gradle.api.internal.tasks.testing.worker.TestWorker.processTestClass(TestWorker.java:117)
	at java.base/jdk.internal.reflect.NativeMethodAccessorImpl.invoke0(Native Method)
	at java.base/jdk.internal.reflect.NativeMethodAccessorImpl.invoke(NativeMethodAccessorImpl.java:62)
	at java.base/jdk.internal.reflect.DelegatingMethodAccessorImpl.invoke(DelegatingMethodAccessorImpl.java:43)
	at java.base/java.lang.reflect.Method.invoke(Method.java:566)
	at org.gradle.internal.dispatch.ReflectionDispatch.dispatch(ReflectionDispatch.java:35)
	at org.gradle.internal.dispatch.ReflectionDispatch.dispatch(ReflectionDispatch.java:24)
	at org.gradle.internal.remote.internal.hub.MessageHubBackedObjectConnection$DispatchWrapper.dispatch(MessageHubBackedObjectConnection.java:155)
	at org.gradle.internal.remote.internal.hub.MessageHubBackedObjectConnection$DispatchWrapper.dispatch(MessageHubBackedObjectConnection.java:137)
	at org.gradle.internal.remote.internal.hub.MessageHub$Handler.run(MessageHub.java:404)
	at org.gradle.internal.concurrent.ExecutorPolicy$CatchAndRecordFailures.onExecute(ExecutorPolicy.java:63)
	at org.gradle.internal.concurrent.ManagedExecutorImpl$1.run(ManagedExecutorImpl.java:46)
	at java.base/java.util.concurrent.ThreadPoolExecutor.runWorker(ThreadPoolExecutor.java:1128)
	at java.base/java.util.concurrent.ThreadPoolExecutor$Worker.run(ThreadPoolExecutor.java:628)
	at org.gradle.internal.concurrent.ThreadFactoryImpl$ManagedThreadRunnable.run(ThreadFactoryImpl.java:55)
	at java.base/java.lang.Thread.run(Thread.java:829)
</pre>
</span>
</div>
<div class="test">
<a name="addAssetInBundle: Template with third party dependencies"></a>
<h3 class="failures">addAssetInBundle: Template with third party dependencies</h3>
<span class="code">
<pre>java.lang.AssertionError: manifestItems
null -&gt; INCLUDED,category,null,114e84082a9736544b068ab41f3e7ae8,,,,,Dependency from: ID: 9cbf7c2e5735b0867a677512fd11e36b Title: testName1630423102753
d21d5c84ebc7fdfbf03e92b701d60eb0 -&gt; INCLUDED,contenttype,d21d5c84ebc7fdfbf03e92b701d60eb0,,testName1630423102795,test1630423101907.dotcms.com,/,,Dependency from: ID: 00b94d94-4d51-40e7-a319-a77fb502f365 Title: testVarname1630423102753.testVarname1630423102753
00b94d94-4d51-40e7-a319-a77fb502f365 -&gt; INCLUDED,relationship,00b94d94-4d51-40e7-a319-a77fb502f365,,testVarname1630423102753.testVarname1630423102753,,,,Dependency from: ID: 9cbf7c2e5735b0867a677512fd11e36b Title: testName1630423102753
4641723 -&gt; INCLUDED,language,4641723,,fVsXDQddsf,,,,Dependency from: ID: 70c894f2a47099f132dc479ec19dfe15 Title: key-exists-as-contentletc30ff4cb25
328049ec2f25f31b79c3b0e3056beebc -&gt; INCLUDED,contentlet,328049ec2f25f31b79c3b0e3056beebc,4a919dc6-f34b-4b07-a3c9-473c1399d26f,testVarname1630424050732.test1630424050732.name,System Host,/,,Added Automatically by dotCMS
64a1a72140fd5c66cbabe242a6e62086 -&gt; INCLUDED,contentlet,64a1a72140fd5c66cbabe242a6e62086,a1a5a41f-8974-43d2-9d0e-3a45ff36bdf5,testVarname1630424051241.test1630424051241.name,System Host,/,,Added Automatically by dotCMS|INCLUDED,contentlet,64a1a72140fd5c66cbabe242a6e62086,9a2afb00-e94f-49b1-8424-869f37fdb50e,testVarname1630424051241.test1630424051241.name,System Host,/,,Dependency from: ID: 64a1a72140fd5c66cbabe242a6e62086 Title: testVarname1630424051241.test1630424051241.name
38b0b16ec8e8b469d5cd3aca701a6f3f -&gt; INCLUDED,template,38b0b16ec8e8b469d5cd3aca701a6f3f,31a0d949-222c-4f8a-8189-3c30fc600f3e,testTitle1630423102926,,,,Added directly by User
9d03984c6e32c6607e088099ae66c757 -&gt; INCLUDED,host,9d03984c6e32c6607e088099ae66c757,bb1618e3-7bd2-441d-ae3a-5f3b29df8a89,test1630423101233.dotcms.com,System Host,/,,Dependency from: ID: 38b0b16ec8e8b469d5cd3aca701a6f3f Title: testTitle1630423102926
1 -&gt; INCLUDED,language,1,,English,,,,Dependency from: ID: 64a1a72140fd5c66cbabe242a6e62086 Title: testVarname1630424051241.test1630424051241.name|INCLUDED,language,1,,English,,,,Dependency from: ID: 328049ec2f25f31b79c3b0e3056beebc Title: testVarname1630424050732.test1630424050732.name
f4d7c1b8-2c88-4071-abf1-a5328977b07d -&gt; INCLUDED,contenttype,f4d7c1b8-2c88-4071-abf1-a5328977b07d,,Language Variable,System Host,/,,Dependency from: ID: 70c894f2a47099f132dc479ec19dfe15 Title: key-exists-as-contentletc30ff4cb25|INCLUDED,contenttype,f4d7c1b8-2c88-4071-abf1-a5328977b07d,,Language Variable,System Host,/,,Dependency from: ID: 64a1a72140fd5c66cbabe242a6e62086 Title: testVarname1630424051241.test1630424051241.name|INCLUDED,contenttype,f4d7c1b8-2c88-4071-abf1-a5328977b07d,,Language Variable,System Host,/,,Dependency from: ID: 328049ec2f25f31b79c3b0e3056beebc Title: testVarname1630424050732.test1630424050732.name
70c894f2a47099f132dc479ec19dfe15 -&gt; INCLUDED,contentlet,70c894f2a47099f132dc479ec19dfe15,822d98fc-e85f-4cd3-8f8e-c1a11f32559f,key-exists-as-contentletc30ff4cb25,default,/,,Added Automatically by dotCMS
8a7d5e23-da1e-420a-b4f0-471e7da8ea2d -&gt; INCLUDED,host,8a7d5e23-da1e-420a-b4f0-471e7da8ea2d,fab2d82e-6b32-4dda-85e4-26a3104856cc,default,System Host,/,,Dependency from: ID: 70c894f2a47099f132dc479ec19dfe15 Title: key-exists-as-contentletc30ff4cb25|INCLUDED,host,8a7d5e23-da1e-420a-b4f0-471e7da8ea2d,9414918a-2bf9-4f3e-8b04-afb68d2d3f35,default,System Host,/,,Dependency from: ID: 70c894f2a47099f132dc479ec19dfe15 Title: key-exists-as-contentletc30ff4cb25
d61a59e1-a49c-46f2-a929-db2b4bfa88b2 -&gt; INCLUDED,workflow,d61a59e1-a49c-46f2-a929-db2b4bfa88b2,,System Workflow,,,,Dependency from: ID: 9cbf7c2e5735b0867a677512fd11e36b Title: testName1630423102753|INCLUDED,workflow,d61a59e1-a49c-46f2-a929-db2b4bfa88b2,,System Workflow,,,,Dependency from: ID: 9cbf7c2e5735b0867a677512fd11e36b Title: testName1630423102753|INCLUDED,workflow,d61a59e1-a49c-46f2-a929-db2b4bfa88b2,,System Workflow,,,,Dependency from: ID: d21d5c84ebc7fdfbf03e92b701d60eb0 Title: testName1630423102795|INCLUDED,workflow,d61a59e1-a49c-46f2-a929-db2b4bfa88b2,,System Workflow,,,,Dependency from: ID: f4d7c1b8-2c88-4071-abf1-a5328977b07d Title: Language Variable
b4803b383dc137198b99322421559852 -&gt; INCLUDED,host,b4803b383dc137198b99322421559852,b1e93dd3-eeb4-438b-b97a-22bda8f52987,test1630423101907.dotcms.com,System Host,/,,Dependency from: ID: 9cbf7c2e5735b0867a677512fd11e36b Title: testName1630423102753|INCLUDED,host,b4803b383dc137198b99322421559852,b1e93dd3-eeb4-438b-b97a-22bda8f52987,test1630423101907.dotcms.com,System Host,/,,Dependency from: ID: d21d5c84ebc7fdfbf03e92b701d60eb0 Title: testName1630423102795
3234ff5f10ec0377fb9d24f1df40a02b -&gt; INCLUDED,containers,3234ff5f10ec0377fb9d24f1df40a02b,5dc818c2-d8a4-4a34-ab75-696362466228,testTitle1630423102912,,,,Dependency from: ID: 38b0b16ec8e8b469d5cd3aca701a6f3f Title: testTitle1630423102926
9cbf7c2e5735b0867a677512fd11e36b -&gt; INCLUDED,contenttype,9cbf7c2e5735b0867a677512fd11e36b,,testName1630423102753,test1630423101907.dotcms.com,/,,Dependency from: ID: 3234ff5f10ec0377fb9d24f1df40a02b Title: testTitle1630423102912
bc9a1d37-dd2d-4d49-a29d-0c9be740bfaf -&gt; EXCLUDED,folder,bc9a1d37-dd2d-4d49-a29d-0c9be740bfaf,SYSTEM_FOLDER,System folder,System Host,,Excluded System Folder/Host,|EXCLUDED,folder,bc9a1d37-dd2d-4d49-a29d-0c9be740bfaf,SYSTEM_FOLDER,System folder,System Host,,Excluded System Folder/Host,
SYSTEM_HOST -&gt; EXCLUDED,host,SYSTEM_HOST,dbdec5e2-c02b-4cfb-83a9-4a4c4f3b2eb0,SYSTEM_HOST,System Host,/,Excluded System Folder/Host,
Manifest content
INCLUDED/EXCLUDED,object type, Id, inode, title, site, folder, excluded by, included by
INCLUDED,contentlet,70c894f2a47099f132dc479ec19dfe15,822d98fc-e85f-4cd3-8f8e-c1a11f32559f,key-exists-as-contentletc30ff4cb25,default,/,,Added Automatically by dotCMS
INCLUDED,contentlet,64a1a72140fd5c66cbabe242a6e62086,a1a5a41f-8974-43d2-9d0e-3a45ff36bdf5,testVarname1630424051241.test1630424051241.name,System Host,/,,Added Automatically by dotCMS
INCLUDED,contentlet,328049ec2f25f31b79c3b0e3056beebc,4a919dc6-f34b-4b07-a3c9-473c1399d26f,testVarname1630424050732.test1630424050732.name,System Host,/,,Added Automatically by dotCMS
INCLUDED,template,38b0b16ec8e8b469d5cd3aca701a6f3f,31a0d949-222c-4f8a-8189-3c30fc600f3e,testTitle1630423102926,,,,Added directly by User
INCLUDED,host,9d03984c6e32c6607e088099ae66c757,bb1618e3-7bd2-441d-ae3a-5f3b29df8a89,test1630423101233.dotcms.com,System Host,/,,Dependency from: ID: 38b0b16ec8e8b469d5cd3aca701a6f3f Title: testTitle1630423102926
INCLUDED,host,8a7d5e23-da1e-420a-b4f0-471e7da8ea2d,fab2d82e-6b32-4dda-85e4-26a3104856cc,default,System Host,/,,Dependency from: ID: 70c894f2a47099f132dc479ec19dfe15 Title: key-exists-as-contentletc30ff4cb25
EXCLUDED,host,SYSTEM_HOST,dbdec5e2-c02b-4cfb-83a9-4a4c4f3b2eb0,SYSTEM_HOST,System Host,/,Excluded System Folder/Host,
EXCLUDED,folder,bc9a1d37-dd2d-4d49-a29d-0c9be740bfaf,SYSTEM_FOLDER,System folder,System Host,,Excluded System Folder/Host,
INCLUDED,language,4641723,,fVsXDQddsf,,,,Dependency from: ID: 70c894f2a47099f132dc479ec19dfe15 Title: key-exists-as-contentletc30ff4cb25
INCLUDED,contenttype,f4d7c1b8-2c88-4071-abf1-a5328977b07d,,Language Variable,System Host,/,,Dependency from: ID: 70c894f2a47099f132dc479ec19dfe15 Title: key-exists-as-contentletc30ff4cb25
INCLUDED,language,1,,English,,,,Dependency from: ID: 328049ec2f25f31b79c3b0e3056beebc Title: testVarname1630424050732.test1630424050732.name
INCLUDED,workflow,d61a59e1-a49c-46f2-a929-db2b4bfa88b2,,System Workflow,,,,Dependency from: ID: f4d7c1b8-2c88-4071-abf1-a5328977b07d Title: Language Variable
INCLUDED,containers,3234ff5f10ec0377fb9d24f1df40a02b,5dc818c2-d8a4-4a34-ab75-696362466228,testTitle1630423102912,,,,Dependency from: ID: 38b0b16ec8e8b469d5cd3aca701a6f3f Title: testTitle1630423102926
INCLUDED,contenttype,9cbf7c2e5735b0867a677512fd11e36b,,testName1630423102753,test1630423101907.dotcms.com,/,,Dependency from: ID: 3234ff5f10ec0377fb9d24f1df40a02b Title: testTitle1630423102912
INCLUDED,host,b4803b383dc137198b99322421559852,b1e93dd3-eeb4-438b-b97a-22bda8f52987,test1630423101907.dotcms.com,System Host,/,,Dependency from: ID: 9cbf7c2e5735b0867a677512fd11e36b Title: testName1630423102753
INCLUDED,category,null,114e84082a9736544b068ab41f3e7ae8,,,,,Dependency from: ID: 9cbf7c2e5735b0867a677512fd11e36b Title: testName1630423102753
 expected:&lt;18&gt; but was:&lt;16&gt;
	at org.junit.Assert.fail(Assert.java:88)
	at org.junit.Assert.failNotEquals(Assert.java:834)
	at org.junit.Assert.assertEquals(Assert.java:645)
	at com.dotcms.publishing.PublisherAPIImplTest.assertManifestFile(PublisherAPIImplTest.java:572)
	at com.dotcms.enterprise.publishing.remote.bundler.DependencyBundlerTest.addAssetInBundle(DependencyBundlerTest.java:1251)
	at jdk.internal.reflect.GeneratedMethodAccessor1559.invoke(Unknown Source)
	at java.base/jdk.internal.reflect.DelegatingMethodAccessorImpl.invoke(DelegatingMethodAccessorImpl.java:43)
	at java.base/java.lang.reflect.Method.invoke(Method.java:566)
	at org.junit.runners.model.FrameworkMethod$1.runReflectiveCall(FrameworkMethod.java:50)
	at org.junit.internal.runners.model.ReflectiveCallable.run(ReflectiveCallable.java:12)
	at org.junit.runners.model.FrameworkMethod.invokeExplosively(FrameworkMethod.java:47)
	at com.tngtech.java.junit.dataprovider.DataProviderFrameworkMethod.invokeExplosively(DataProviderFrameworkMethod.java:119)
	at org.junit.internal.runners.statements.InvokeMethod.evaluate(InvokeMethod.java:17)
	at org.junit.internal.runners.statements.RunBefores.evaluate(RunBefores.java:26)
	at org.junit.rules.TestWatcher$1.evaluate(TestWatcher.java:55)
	at org.junit.rules.RunRules.evaluate(RunRules.java:20)
	at org.junit.runners.ParentRunner.runLeaf(ParentRunner.java:325)
	at com.dotcms.junit.CustomDataProviderRunner.runChild(CustomDataProviderRunner.java:28)
	at com.dotcms.junit.CustomDataProviderRunner.runChild(CustomDataProviderRunner.java:13)
	at org.junit.runners.ParentRunner$3.run(ParentRunner.java:290)
	at org.junit.runners.ParentRunner$1.schedule(ParentRunner.java:71)
	at org.junit.runners.ParentRunner.runChildren(ParentRunner.java:288)
	at org.junit.runners.ParentRunner.access$000(ParentRunner.java:58)
	at org.junit.runners.ParentRunner$2.evaluate(ParentRunner.java:268)
	at org.junit.runners.ParentRunner.run(ParentRunner.java:363)
	at com.dotcms.junit.MainBaseSuite$DotRunner.run(MainBaseSuite.java:60)
	at org.junit.runners.Suite.runChild(Suite.java:128)
	at org.junit.runners.Suite.runChild(Suite.java:27)
	at org.junit.runners.ParentRunner$3.run(ParentRunner.java:290)
	at org.junit.runners.ParentRunner$1.schedule(ParentRunner.java:71)
	at org.junit.runners.ParentRunner.runChildren(ParentRunner.java:288)
	at org.junit.runners.ParentRunner.access$000(ParentRunner.java:58)
	at org.junit.runners.ParentRunner$2.evaluate(ParentRunner.java:268)
	at org.junit.runners.ParentRunner.run(ParentRunner.java:363)
	at org.gradle.api.internal.tasks.testing.junit.JUnitTestClassExecutor.runTestClass(JUnitTestClassExecutor.java:106)
	at org.gradle.api.internal.tasks.testing.junit.JUnitTestClassExecutor.execute(JUnitTestClassExecutor.java:58)
	at org.gradle.api.internal.tasks.testing.junit.JUnitTestClassExecutor.execute(JUnitTestClassExecutor.java:38)
	at org.gradle.api.internal.tasks.testing.junit.AbstractJUnitTestClassProcessor.processTestClass(AbstractJUnitTestClassProcessor.java:66)
	at org.gradle.api.internal.tasks.testing.SuiteTestClassProcessor.processTestClass(SuiteTestClassProcessor.java:51)
	at java.base/jdk.internal.reflect.NativeMethodAccessorImpl.invoke0(Native Method)
	at java.base/jdk.internal.reflect.NativeMethodAccessorImpl.invoke(NativeMethodAccessorImpl.java:62)
	at java.base/jdk.internal.reflect.DelegatingMethodAccessorImpl.invoke(DelegatingMethodAccessorImpl.java:43)
	at java.base/java.lang.reflect.Method.invoke(Method.java:566)
	at org.gradle.internal.dispatch.ReflectionDispatch.dispatch(ReflectionDispatch.java:35)
	at org.gradle.internal.dispatch.ReflectionDispatch.dispatch(ReflectionDispatch.java:24)
	at org.gradle.internal.dispatch.ContextClassLoaderDispatch.dispatch(ContextClassLoaderDispatch.java:32)
	at org.gradle.internal.dispatch.ProxyDispatchAdapter$DispatchingInvocationHandler.invoke(ProxyDispatchAdapter.java:93)
	at com.sun.proxy.$Proxy2.processTestClass(Unknown Source)
	at org.gradle.api.internal.tasks.testing.worker.TestWorker.processTestClass(TestWorker.java:117)
	at java.base/jdk.internal.reflect.NativeMethodAccessorImpl.invoke0(Native Method)
	at java.base/jdk.internal.reflect.NativeMethodAccessorImpl.invoke(NativeMethodAccessorImpl.java:62)
	at java.base/jdk.internal.reflect.DelegatingMethodAccessorImpl.invoke(DelegatingMethodAccessorImpl.java:43)
	at java.base/java.lang.reflect.Method.invoke(Method.java:566)
	at org.gradle.internal.dispatch.ReflectionDispatch.dispatch(ReflectionDispatch.java:35)
	at org.gradle.internal.dispatch.ReflectionDispatch.dispatch(ReflectionDispatch.java:24)
	at org.gradle.internal.remote.internal.hub.MessageHubBackedObjectConnection$DispatchWrapper.dispatch(MessageHubBackedObjectConnection.java:155)
	at org.gradle.internal.remote.internal.hub.MessageHubBackedObjectConnection$DispatchWrapper.dispatch(MessageHubBackedObjectConnection.java:137)
	at org.gradle.internal.remote.internal.hub.MessageHub$Handler.run(MessageHub.java:404)
	at org.gradle.internal.concurrent.ExecutorPolicy$CatchAndRecordFailures.onExecute(ExecutorPolicy.java:63)
	at org.gradle.internal.concurrent.ManagedExecutorImpl$1.run(ManagedExecutorImpl.java:46)
	at java.base/java.util.concurrent.ThreadPoolExecutor.runWorker(ThreadPoolExecutor.java:1128)
	at java.base/java.util.concurrent.ThreadPoolExecutor$Worker.run(ThreadPoolExecutor.java:628)
	at org.gradle.internal.concurrent.ThreadFactoryImpl$ManagedThreadRunnable.run(ThreadFactoryImpl.java:55)
	at java.base/java.lang.Thread.run(Thread.java:829)
</pre>
</span>
</div>
</div>
<div id="tab1" class="tab">
<h2>Tests</h2>
<table>
<thead>
<tr>
<th>Test</th>
<th>Duration</th>
<th>Result</th>
</tr>
</thead>
<tr>
<td class="success">addAssetInBundle: Advanced Template with Container and filterDescriptorAllDependencies</td>
<td class="success">0.062s</td>
<td class="success">passed</td>
</tr>
<tr>
<td class="success">addAssetInBundle: Advanced Template with Container and filterDescriptorNotDependencies</td>
<td class="success">0.012s</td>
<td class="success">passed</td>
</tr>
<tr>
<td class="success">addAssetInBundle: Advanced Template with Container and filterDescriptorNotDependenciesRelationship</td>
<td class="success">0.015s</td>
<td class="success">passed</td>
</tr>
<tr>
<td class="failures">addAssetInBundle: Advanced Template with Container and filterDescriptorNotRelationship</td>
<td class="failures">0.049s</td>
<td class="failures">failed</td>
</tr>
<tr>
<td class="success">addAssetInBundle: Advanced Template without Container and filterDescriptorAllDependencies</td>
<td class="success">0.047s</td>
<td class="success">passed</td>
</tr>
<tr>
<td class="success">addAssetInBundle: Advanced Template without Container and filterDescriptorNotDependencies</td>
<td class="success">0.013s</td>
<td class="success">passed</td>
</tr>
<tr>
<td class="success">addAssetInBundle: Advanced Template without Container and filterDescriptorNotDependenciesRelationship</td>
<td class="success">0.013s</td>
<td class="success">passed</td>
</tr>
<tr>
<td class="success">addAssetInBundle: Advanced Template without Container and filterDescriptorNotRelationship</td>
<td class="success">0.035s</td>
<td class="success">passed</td>
</tr>
<tr>
<td class="success">addAssetInBundle: Container with Contenttype and filterDescriptorAllDependencies</td>
<td class="success">0.059s</td>
<td class="success">passed</td>
</tr>
<tr>
<td class="success">addAssetInBundle: Container with Contenttype and filterDescriptorNotDependencies</td>
<td class="success">0.012s</td>
<td class="success">passed</td>
</tr>
<tr>
<td class="success">addAssetInBundle: Container with Contenttype and filterDescriptorNotDependenciesRelationship</td>
<td class="success">0.020s</td>
<td class="success">passed</td>
</tr>
<tr>
<td class="success">addAssetInBundle: Container with Contenttype and filterDescriptorNotRelationship</td>
<td class="success">0.058s</td>
<td class="success">passed</td>
</tr>
<tr>
<td class="success">addAssetInBundle: Container with Third party dependencies</td>
<td class="success">0.034s</td>
<td class="success">passed</td>
</tr>
<tr>
<td class="success">addAssetInBundle: Container without Contenttype and der and filterDescriptorNotDependencies</td>
<td class="success">0.015s</td>
<td class="success">passed</td>
</tr>
<tr>
<td class="success">addAssetInBundle: Container without Contenttype and filterDescriptorAllDependencies</td>
<td class="success">0.059s</td>
<td class="success">passed</td>
</tr>
<tr>
<td class="success">addAssetInBundle: Container without Contenttype and filterDescriptorNotDependenciesRelationship</td>
<td class="success">0.031s</td>
<td class="success">passed</td>
</tr>
<tr>
<td class="success">addAssetInBundle: Container without Contenttype and filterDescriptorNotRelationship</td>
<td class="success">0.045s</td>
<td class="success">passed</td>
</tr>
<tr>
<td class="success">addAssetInBundle: Content Type with folder and third party dependencies</td>
<td class="success">0.035s</td>
<td class="success">passed</td>
</tr>
<tr>
<td class="success">addAssetInBundle: Content Type with third party dependencies</td>
<td class="success">0.027s</td>
<td class="success">passed</td>
</tr>
<tr>
<td class="success">addAssetInBundle: Content with Third Party Dependencies</td>
<td class="success">0.063s</td>
<td class="success">passed</td>
</tr>
<tr>
<td class="success">addAssetInBundle: Content with folder and Third Party Dependencies</td>
<td class="success">0.060s</td>
<td class="success">passed</td>
</tr>
<tr>
<td class="success">addAssetInBundle: Contentlet folder and with filterDescriptorNotDependenciesRelationship</td>
<td class="success">0.017s</td>
<td class="success">passed</td>
</tr>
<tr>
<td class="success">addAssetInBundle: Contentlet folder and with filterDescriptorNotRelationship</td>
<td class="success">0.031s</td>
<td class="success">passed</td>
</tr>
<tr>
<td class="success">addAssetInBundle: Contentlet with Category and filterDescriptorAllDependencies</td>
<td class="success">0.042s</td>
<td class="success">passed</td>
</tr>
<tr>
<td class="success">addAssetInBundle: Contentlet with Category and filterDescriptorNotDependencies</td>
<td class="success">0.025s</td>
<td class="success">passed</td>
</tr>
<tr>
<td class="success">addAssetInBundle: Contentlet with Category and filterDescriptorNotDependenciesRelationship</td>
<td class="success">0.016s</td>
<td class="success">passed</td>
</tr>
<tr>
<td class="success">addAssetInBundle: Contentlet with Category and filterDescriptorNotRelationship</td>
<td class="success">0.032s</td>
<td class="success">passed</td>
</tr>
<tr>
<td class="success">addAssetInBundle: Contentlet with Relationship and filterDescriptorAllDependencies</td>
<td class="success">0.055s</td>
<td class="success">passed</td>
</tr>
<tr>
<td class="success">addAssetInBundle: Contentlet with Relationship and filterDescriptorNotDependencies</td>
<td class="success">0.017s</td>
<td class="success">passed</td>
</tr>
<tr>
<td class="success">addAssetInBundle: Contentlet with Relationship and filterDescriptorNotDependenciesRelationship</td>
<td class="success">0.025s</td>
<td class="success">passed</td>
</tr>
<tr>
<td class="failures">addAssetInBundle: Contentlet with Relationship and filterDescriptorNotRelationship</td>
<td class="failures">0.036s</td>
<td class="failures">failed</td>
</tr>
<tr>
<td class="success">addAssetInBundle: Contentlet with filterDescriptorAllDependencies</td>
<td class="success">0.056s</td>
<td class="success">passed</td>
</tr>
<tr>
<td class="success">addAssetInBundle: Contentlet with filterDescriptorNotDependencies</td>
<td class="success">0.027s</td>
<td class="success">passed</td>
</tr>
<tr>
<td class="success">addAssetInBundle: Contentlet with filterDescriptorNotDependenciesRelationship</td>
<td class="success">0.023s</td>
<td class="success">passed</td>
</tr>
<tr>
<td class="success">addAssetInBundle: Contentlet with filterDescriptorNotRelationship</td>
<td class="success">0.027s</td>
<td class="success">passed</td>
</tr>
<tr>
<td class="success">addAssetInBundle: Contentlet with folder and filterDescriptorAllDependencies</td>
<td class="success">0.042s</td>
<td class="success">passed</td>
</tr>
<tr>
<td class="success">addAssetInBundle: Contentlet with folder and filterDescriptorNotDependencies</td>
<td class="success">0.020s</td>
<td class="success">passed</td>
</tr>
<tr>
<td class="success">addAssetInBundle: Contentype with Category and filterDescriptorAllDependencies</td>
<td class="success">0.044s</td>
<td class="success">passed</td>
</tr>
<tr>
<td class="success">addAssetInBundle: Contentype with Category and filterDescriptorNotDependencies</td>
<td class="success">0.028s</td>
<td class="success">passed</td>
</tr>
<tr>
<td class="success">addAssetInBundle: Contentype with Category and filterDescriptorNotDependenciesRelationship</td>
<td class="success">0.022s</td>
<td class="success">passed</td>
</tr>
<tr>
<td class="success">addAssetInBundle: Contentype with Category and filterDescriptorNotRelationship</td>
<td class="success">0.040s</td>
<td class="success">passed</td>
</tr>
<tr>
<td class="failures">addAssetInBundle: Contentype with Folder and filterDescriptorAllDependencies</td>
<td class="failures">0.048s</td>
<td class="failures">failed</td>
</tr>
<tr>
<td class="success">addAssetInBundle: Contentype with Folder and filterDescriptorNotDependencies</td>
<td class="success">0.034s</td>
<td class="success">passed</td>
</tr>
<tr>
<td class="success">addAssetInBundle: Contentype with Folder and filterDescriptorNotDependenciesRelationship</td>
<td class="success">0.022s</td>
<td class="success">passed</td>
</tr>
<tr>
<td class="success">addAssetInBundle: Contentype with Folder and filterDescriptorNotRelationship</td>
<td class="success">0.049s</td>
<td class="success">passed</td>
</tr>
<tr>
<td class="success">addAssetInBundle: Contentype with Relationship and filterDescriptorAllDependencies</td>
<td class="success">0.036s</td>
<td class="success">passed</td>
</tr>
<tr>
<td class="success">addAssetInBundle: Contentype with Relationship and filterDescriptorNotDependencies</td>
<td class="success">0.013s</td>
<td class="success">passed</td>
</tr>
<tr>
<td class="success">addAssetInBundle: Contentype with Relationship and filterDescriptorNotDependenciesRelationship</td>
<td class="success">0.015s</td>
<td class="success">passed</td>
</tr>
<tr>
<td class="success">addAssetInBundle: Contentype with Relationship and filterDescriptorNotRelationship</td>
<td class="success">0.035s</td>
<td class="success">passed</td>
</tr>
<tr>
<td class="success">addAssetInBundle: Contentype with Workflow and filterDescriptorAllDependencies</td>
<td class="success">0.057s</td>
<td class="success">passed</td>
</tr>
<tr>
<td class="success">addAssetInBundle: Contentype with Workflow and filterDescriptorNotDependencies</td>
<td class="success">0.015s</td>
<td class="success">passed</td>
</tr>
<tr>
<td class="success">addAssetInBundle: Contentype with Workflow and filterDescriptorNotDependenciesRelationship</td>
<td class="success">0.013s</td>
<td class="success">passed</td>
</tr>
<tr>
<td class="success">addAssetInBundle: Contentype with Workflow and filterDescriptorNotRelationship</td>
<td class="success">0.044s</td>
<td class="success">passed</td>
</tr>
<tr>
<td class="success">addAssetInBundle: Contentype with and filterDescriptorNotRelationship</td>
<td class="success">0.037s</td>
<td class="success">passed</td>
</tr>
<tr>
<td class="success">addAssetInBundle: Contentype with filterDescriptorAllDependencies</td>
<td class="success">0.115s</td>
<td class="success">passed</td>
</tr>
<tr>
<td class="success">addAssetInBundle: Contentype with filterDescriptorNotDependencies</td>
<td class="success">0.013s</td>
<td class="success">passed</td>
</tr>
<tr>
<td class="success">addAssetInBundle: Contentype with filterDescriptorNotDependenciesRelationship</td>
<td class="success">0.012s</td>
<td class="success">passed</td>
</tr>
<tr>
<td class="success">addAssetInBundle: Folder with Content and filterDescriptorAllDependencies</td>
<td class="success">0.083s</td>
<td class="success">passed</td>
</tr>
<tr>
<td class="success">addAssetInBundle: Folder with Content and filterDescriptorNotDependencies</td>
<td class="success">0.019s</td>
<td class="success">passed</td>
</tr>
<tr>
<td class="success">addAssetInBundle: Folder with Content and filterDescriptorNotDependenciesRelationship</td>
<td class="success">0.015s</td>
<td class="success">passed</td>
</tr>
<tr>
<td class="success">addAssetInBundle: Folder with Content and filterDescriptorNotRelationship</td>
<td class="success">0.051s</td>
<td class="success">passed</td>
</tr>
<tr>
<td class="success">addAssetInBundle: Folder with ContentType and filterDescriptorAllDependencies</td>
<td class="success">0.051s</td>
<td class="success">passed</td>
</tr>
<tr>
<td class="success">addAssetInBundle: Folder with ContentType and filterDescriptorNotDependencies</td>
<td class="success">0.014s</td>
<td class="success">passed</td>
</tr>
<tr>
<td class="success">addAssetInBundle: Folder with ContentType and filterDescriptorNotDependenciesRelationship</td>
<td class="success">0.016s</td>
<td class="success">passed</td>
</tr>
<tr>
<td class="success">addAssetInBundle: Folder with ContentType and filterDescriptorNotRelationship</td>
<td class="success">0.056s</td>
<td class="success">passed</td>
</tr>
<tr>
<td class="success">addAssetInBundle: Folder with Link and filterDescriptorAllDependencies</td>
<td class="success">0.081s</td>
<td class="success">passed</td>
</tr>
<tr>
<td class="success">addAssetInBundle: Folder with Link and filterDescriptorNotDependencies</td>
<td class="success">0.025s</td>
<td class="success">passed</td>
</tr>
<tr>
<td class="success">addAssetInBundle: Folder with Link and filterDescriptorNotDependenciesRelationship</td>
<td class="success">0.019s</td>
<td class="success">passed</td>
</tr>
<tr>
<td class="success">addAssetInBundle: Folder with Link and filterDescriptorNotRelationship</td>
<td class="success">0.047s</td>
<td class="success">passed</td>
</tr>
<tr>
<td class="success">addAssetInBundle: Folder with Subfolder and filterDescriptorAllDependencies</td>
<td class="success">0.095s</td>
<td class="success">passed</td>
</tr>
<tr>
<td class="success">addAssetInBundle: Folder with Subfolder and filterDescriptorNotDependencies</td>
<td class="success">0.022s</td>
<td class="success">passed</td>
</tr>
<tr>
<td class="success">addAssetInBundle: Folder with Subfolder and filterDescriptorNotDependenciesRelationship</td>
<td class="success">0.017s</td>
<td class="success">passed</td>
</tr>
<tr>
<td class="success">addAssetInBundle: Folder with Subfolder and filterDescriptorNotRelationship</td>
<td class="success">0.050s</td>
<td class="success">passed</td>
</tr>
<tr>
<td class="success">addAssetInBundle: Folder with filterDescriptorAllDependencies</td>
<td class="success">0.091s</td>
<td class="success">passed</td>
</tr>
<tr>
<td class="success">addAssetInBundle: Folder with filterDescriptorNotDependencies</td>
<td class="success">0.015s</td>
<td class="success">passed</td>
</tr>
<tr>
<td class="success">addAssetInBundle: Folder with filterDescriptorNotDependenciesRelationship</td>
<td class="success">0.014s</td>
<td class="success">passed</td>
</tr>
<tr>
<td class="success">addAssetInBundle: Folder with filterDescriptorNotRelationship</td>
<td class="success">0.074s</td>
<td class="success">passed</td>
</tr>
<tr>
<td class="success">addAssetInBundle: Folder with parent and filterDescriptorAllDependencies</td>
<td class="success">0.062s</td>
<td class="success">passed</td>
</tr>
<tr>
<td class="success">addAssetInBundle: Folder with parent and filterDescriptorNotDependencies</td>
<td class="success">0.017s</td>
<td class="success">passed</td>
</tr>
<tr>
<td class="success">addAssetInBundle: Folder with parent and filterDescriptorNotDependenciesRelationship</td>
<td class="success">0.037s</td>
<td class="success">passed</td>
</tr>
<tr>
<td class="success">addAssetInBundle: Folder with parent and filterDescriptorNotRelationship</td>
<td class="success">0.044s</td>
<td class="success">passed</td>
</tr>
<tr>
<td class="success">addAssetInBundle: Folder with third party</td>
<td class="success">0.136s</td>
<td class="success">passed</td>
</tr>
<tr>
<td class="success">addAssetInBundle: Host with Container and filterDescriptorAllDependencies</td>
<td class="success">0.062s</td>
<td class="success">passed</td>
</tr>
<tr>
<td class="success">addAssetInBundle: Host with Container and filterDescriptorNotDependencies</td>
<td class="success">0.031s</td>
<td class="success">passed</td>
</tr>
<tr>
<td class="success">addAssetInBundle: Host with Container and filterDescriptorNotDependenciesRelationship</td>
<td class="success">0.020s</td>
<td class="success">passed</td>
</tr>
<tr>
<td class="success">addAssetInBundle: Host with Container and filterDescriptorNotRelationship</td>
<td class="success">0.045s</td>
<td class="success">passed</td>
</tr>
<tr>
<td class="failures">addAssetInBundle: Host with Content and filterDescriptorAllDependencies</td>
<td class="failures">0.082s</td>
<td class="failures">failed</td>
</tr>
<tr>
<td class="failures">addAssetInBundle: Host with Content andfilterDescriptorNotDependencies</td>
<td class="failures">0.025s</td>
<td class="failures">failed</td>
</tr>
<tr>
<td class="failures">addAssetInBundle: Host with Content andfilterDescriptorNotDependenciesRelationship</td>
<td class="failures">0.051s</td>
<td class="failures">failed</td>
</tr>
<tr>
<td class="failures">addAssetInBundle: Host with Content andfilterDescriptorNotRelationship</td>
<td class="failures">0.099s</td>
<td class="failures">failed</td>
</tr>
<tr>
<td class="success">addAssetInBundle: Host with Folder and filterDescriptorAllDependencies</td>
<td class="success">0.128s</td>
<td class="success">passed</td>
</tr>
<tr>
<td class="success">addAssetInBundle: Host with Folder and filterDescriptorNotDependencies</td>
<td class="success">0.031s</td>
<td class="success">passed</td>
</tr>
<tr>
<td class="success">addAssetInBundle: Host with Folder and filterDescriptorNotDependenciesRelationship</td>
<td class="success">0.029s</td>
<td class="success">passed</td>
</tr>
<tr>
<td class="success">addAssetInBundle: Host with Folder and filterDescriptorNotRelationship</td>
<td class="success">0.078s</td>
<td class="success">passed</td>
</tr>
<tr>
<td class="success">addAssetInBundle: Host with Rule and filterDescriptorAllDependencies</td>
<td class="success">0.069s</td>
<td class="success">passed</td>
</tr>
<tr>
<td class="success">addAssetInBundle: Host with Rule and filterDescriptorNotDependencies</td>
<td class="success">0.020s</td>
<td class="success">passed</td>
</tr>
<tr>
<td class="success">addAssetInBundle: Host with Rule and filterDescriptorNotDependenciesRelationship</td>
<td class="success">0.021s</td>
<td class="success">passed</td>
</tr>
<tr>
<td class="success">addAssetInBundle: Host with Rule and filterDescriptorNotRelationship</td>
<td class="success">0.045s</td>
<td class="success">passed</td>
</tr>
<tr>
<td class="success">addAssetInBundle: Host with filterDescriptorAllDependencies</td>
<td class="success">0.086s</td>
<td class="success">passed</td>
</tr>
<tr>
<td class="success">addAssetInBundle: Host with filterDescriptorNotDependencies</td>
<td class="success">0.022s</td>
<td class="success">passed</td>
</tr>
<tr>
<td class="success">addAssetInBundle: Host with filterDescriptorNotDependenciesRelationship</td>
<td class="success">0.020s</td>
<td class="success">passed</td>
</tr>
<tr>
<td class="success">addAssetInBundle: Host with filterDescriptorNotRelationship</td>
<td class="success">0.039s</td>
<td class="success">passed</td>
</tr>
<tr>
<td class="success">addAssetInBundle: Host with template and  filterDescriptorNotDependencies</td>
<td class="success">0.021s</td>
<td class="success">passed</td>
</tr>
<tr>
<td class="success">addAssetInBundle: Host with template and  filterDescriptorNotDependenciesRelationship</td>
<td class="success">0.021s</td>
<td class="success">passed</td>
</tr>
<tr>
<td class="success">addAssetInBundle: Host with template and  filterDescriptorNotRelationship</td>
<td class="success">0.032s</td>
<td class="success">passed</td>
</tr>
<tr>
<td class="success">addAssetInBundle: Host with template and filterDescriptorAllDependencies</td>
<td class="success">0.056s</td>
<td class="success">passed</td>
</tr>
<tr>
<td class="success">addAssetInBundle: Language with filterDescriptorAllDependencies</td>
<td class="success">0.029s</td>
<td class="success">passed</td>
</tr>
<tr>
<td class="success">addAssetInBundle: Language with filterDescriptorNotDependencies</td>
<td class="success">0.008s</td>
<td class="success">passed</td>
</tr>
<tr>
<td class="success">addAssetInBundle: Language with filterDescriptorNotDependenciesRelationship</td>
<td class="success">0.009s</td>
<td class="success">passed</td>
</tr>
<tr>
<td class="success">addAssetInBundle: Language with filterDescriptorNotRelationship</td>
<td class="success">0.024s</td>
<td class="success">passed</td>
</tr>
<tr>
<td class="success">addAssetInBundle: Link with filterDescriptorAllDependencies</td>
<td class="success">0.043s</td>
<td class="success">passed</td>
</tr>
<tr>
<td class="success">addAssetInBundle: Link with filterDescriptorNotDependencies</td>
<td class="success">0.012s</td>
<td class="success">passed</td>
</tr>
<tr>
<td class="success">addAssetInBundle: Link with filterDescriptorNotDependenciesRelationship</td>
<td class="success">0.010s</td>
<td class="success">passed</td>
</tr>
<tr>
<td class="success">addAssetInBundle: Link with filterDescriptorNotRelationship</td>
<td class="success">0.025s</td>
<td class="success">passed</td>
</tr>
<tr>
<td class="success">addAssetInBundle: Link with third Party</td>
<td class="success">0.034s</td>
<td class="success">passed</td>
</tr>
<tr>
<td class="success">addAssetInBundle: Page with filterDescriptorAllDependencies</td>
<td class="success">0.090s</td>
<td class="success">passed</td>
</tr>
<tr>
<td class="success">addAssetInBundle: Page with filterDescriptorNotDependencies</td>
<td class="success">0.019s</td>
<td class="success">passed</td>
</tr>
<tr>
<td class="success">addAssetInBundle: Page with filterDescriptorNotDependenciesRelationship</td>
<td class="success">0.016s</td>
<td class="success">passed</td>
</tr>
<tr>
<td class="success">addAssetInBundle: Page with filterDescriptorNotDependenciesRelationship</td>
<td class="success">0.009s</td>
<td class="success">passed</td>
</tr>
<tr>
<td class="success">addAssetInBundle: Page with filterDescriptorNotRelationship</td>
<td class="success">0.049s</td>
<td class="success">passed</td>
</tr>
<tr>
<td class="failures">addAssetInBundle: Rule with filterDescriptorAllDependencies</td>
<td class="failures">0.035s</td>
<td class="failures">failed</td>
</tr>
<tr>
<td class="success">addAssetInBundle: Rule with filterDescriptorNotDependencies</td>
<td class="success">0.009s</td>
<td class="success">passed</td>
</tr>
<tr>
<td class="success">addAssetInBundle: Rule with filterDescriptorNotRelationship</td>
<td class="success">0.045s</td>
<td class="success">passed</td>
</tr>
<tr>
<td class="success">addAssetInBundle: Rule with page and filterDescriptorAllDependencies</td>
<td class="success">0.027s</td>
<td class="success">passed</td>
</tr>
<tr>
<td class="success">addAssetInBundle: Rule with page and filterDescriptorAllDependencies</td>
<td class="success">0.043s</td>
<td class="success">passed</td>
</tr>
<tr>
<td class="success">addAssetInBundle: Rule with page and filterDescriptorAllDependencies</td>
<td class="success">0.019s</td>
<td class="success">passed</td>
</tr>
<tr>
<td class="success">addAssetInBundle: Rule with page and filterDescriptorAllDependencies</td>
<td class="success">0.009s</td>
<td class="success">passed</td>
</tr>
<tr>
<td class="success">addAssetInBundle: Rule with page and third party</td>
<td class="success">0.033s</td>
<td class="success">passed</td>
</tr>
<tr>
<td class="success">addAssetInBundle: Rule with third party</td>
<td class="success">0.027s</td>
<td class="success">passed</td>
</tr>
<tr>
<td class="success">addAssetInBundle: Template with Template Layout and filterDescriptorAllDependencies</td>
<td class="success">0.065s</td>
<td class="success">passed</td>
</tr>
<tr>
<td class="success">addAssetInBundle: Template with Template Layout and filterDescriptorNotDependencies</td>
<td class="success">0.021s</td>
<td class="success">passed</td>
</tr>
<tr>
<td class="success">addAssetInBundle: Template with Template Layout and filterDescriptorNotDependenciesRelationship</td>
<td class="success">0.019s</td>
<td class="success">passed</td>
</tr>
<tr>
<td class="success">addAssetInBundle: Template with Template Layout and filterDescriptorNotRelationship</td>
<td class="success">0.036s</td>
<td class="success">passed</td>
</tr>
<tr>
<td class="failures">addAssetInBundle: Template with third party dependencies</td>
<td class="failures">0.034s</td>
<td class="failures">failed</td>
</tr>
<tr>
<td class="success">addAssetInBundle: WorkflowScheme with filterDescriptorAllDependencies</td>
<td class="success">0.027s</td>
<td class="success">passed</td>
</tr>
<tr>
<td class="success">addAssetInBundle: WorkflowScheme with filterDescriptorNotDependencies</td>
<td class="success">0.008s</td>
<td class="success">passed</td>
</tr>
<tr>
<td class="success">addAssetInBundle: WorkflowScheme with filterDescriptorNotDependenciesRelationship</td>
<td class="success">0.012s</td>
<td class="success">passed</td>
</tr>
<tr>
<td class="success">addAssetInBundle: WorkflowScheme with filterDescriptorNotRelationship</td>
<td class="success">0.022s</td>
<td class="success">passed</td>
</tr>
</table>
</div>
<div id="tab2" class="tab">
<h2>Standard output</h2>
<span class="code">
<pre>

























































































































































































































































































































































































































































































































































































































































































































































































































































































































































































































































































































































































































































































































































































</pre>
</span>
</div>
</div>
<div id="footer">
<p>
<div>
<label class="hidden" id="label-for-line-wrapping-toggle" for="line-wrapping-toggle">Wrap lines
<input id="line-wrapping-toggle" type="checkbox" autocomplete="off"/>
</label>
</div>Generated by 
<a href="http://www.gradle.org">Gradle 4.10.2</a> at Aug 31, 2021, 4:42:07 PM</p>
</div>
</div>
</body>
</html>
