<!DOCTYPE html>
<html>
<head>
<meta http-equiv="Content-Type" content="text/html; charset=utf-8"/>
<meta http-equiv="x-ua-compatible" content="IE=edge"/>
<title>Test results - Class com.dotcms.rendering.velocity.viewtools.content.util.ContentUtilsTest</title>
<link href="../css/base-style.css" rel="stylesheet" type="text/css"/>
<link href="../css/style.css" rel="stylesheet" type="text/css"/>
<script src="../js/report.js" type="text/javascript"></script>
</head>
<body>
<div id="content">
<h1>Class com.dotcms.rendering.velocity.viewtools.content.util.ContentUtilsTest</h1>
<div class="breadcrumbs">
<a href="../index.html">all</a> &gt; 
<a href="../packages/com.dotcms.rendering.velocity.viewtools.content.util.html">com.dotcms.rendering.velocity.viewtools.content.util</a> &gt; ContentUtilsTest</div>
<div id="summary">
<table>
<tr>
<td>
<div class="summaryGroup">
<table>
<tr>
<td>
<div class="infoBox" id="tests">
<div class="counter">87</div>
<p>tests</p>
</div>
</td>
<td>
<div class="infoBox" id="failures">
<div class="counter">2</div>
<p>failures</p>
</div>
</td>
<td>
<div class="infoBox" id="ignored">
<div class="counter">0</div>
<p>ignored</p>
</div>
</td>
<td>
<div class="infoBox" id="duration">
<div class="counter">5m31.79s</div>
<p>duration</p>
</div>
</td>
</tr>
</table>
</div>
</td>
<td>
<div class="infoBox failures" id="successRate">
<div class="percent">97%</div>
<p>successful</p>
</div>
</td>
</tr>
</table>
</div>
<div id="tabs">
<ul class="tabLinks">
<li>
<a href="#tab0">Failed tests</a>
</li>
<li>
<a href="#tab1">Tests</a>
</li>
</ul>
<div id="tab0" class="tab">
<h2>Failed tests</h2>
<div class="test">
<a name="testPullRelatedForLegacyRelationship[0: com.dotcms.rendering.velocity.viewtools.content.util.ContentUtilsTest$LegacyTestCase@5df53a28]"></a>
<h3 class="failures">testPullRelatedForLegacyRelationship[0: com.dotcms.rendering.velocity.viewtools.content.util.ContentUtilsTest$LegacyTestCase@5df53a28]</h3>
<span class="code">
<pre>com.dotmarketing.exception.DotRuntimeException: Could not initialize class com.dotcms.enterprise.priv.util.SearchSourceBuilderUtil
	at com.dotcms.exception.ExceptionUtil.bubbleUpException(ExceptionUtil.java:165)
	at com.dotcms.content.elasticsearch.business.ESContentletAPIImpl.checkin_aroundBody148(ESContentletAPIImpl.java:4375)
	at com.dotcms.content.elasticsearch.business.ESContentletAPIImpl$AjcClosure149.run(ESContentletAPIImpl.java:1)
	at org.aspectj.runtime.reflect.JoinPointImpl.proceed(JoinPointImpl.java:149)
	at com.dotcms.aspects.aspectj.AspectJDelegateMethodInvocation.proceed(AspectJDelegateMethodInvocation.java:42)
	at com.dotmarketing.db.LocalTransaction.wrapReturnWithListeners(LocalTransaction.java:119)
	at com.dotcms.aspects.interceptors.WrapInTransactionMethodInterceptor.invoke(WrapInTransactionMethodInterceptor.java:30)
	at com.dotcms.aspects.aspectj.WrapInTransactionAspect.invoke(WrapInTransactionAspect.java:41)
	at com.dotcms.content.elasticsearch.business.ESContentletAPIImpl.checkin(ESContentletAPIImpl.java:4326)
	at com.dotcms.content.elasticsearch.business.ESContentletAPIImpl.checkin_aroundBody142(ESContentletAPIImpl.java:4278)
	at com.dotcms.content.elasticsearch.business.ESContentletAPIImpl$AjcClosure143.run(ESContentletAPIImpl.java:1)
	at org.aspectj.runtime.reflect.JoinPointImpl.proceed(JoinPointImpl.java:149)
	at com.dotcms.aspects.aspectj.AspectJDelegateMethodInvocation.proceed(AspectJDelegateMethodInvocation.java:42)
	at com.dotcms.aspects.interceptors.CloseDBIfOpenedMethodInterceptor.invoke(CloseDBIfOpenedMethodInterceptor.java:29)
	at com.dotcms.aspects.aspectj.CloseDBIfOpenedAspect.invoke(CloseDBIfOpenedAspect.java:41)
	at com.dotcms.content.elasticsearch.business.ESContentletAPIImpl.checkin(ESContentletAPIImpl.java:4271)
	at com.dotcms.content.elasticsearch.business.ESContentletAPIImpl.checkin_aroundBody134(ESContentletAPIImpl.java:4219)
	at com.dotcms.content.elasticsearch.business.ESContentletAPIImpl$AjcClosure135.run(ESContentletAPIImpl.java:1)
	at org.aspectj.runtime.reflect.JoinPointImpl.proceed(JoinPointImpl.java:149)
	at com.dotcms.aspects.aspectj.AspectJDelegateMethodInvocation.proceed(AspectJDelegateMethodInvocation.java:42)
	at com.dotcms.aspects.interceptors.CloseDBIfOpenedMethodInterceptor.invoke(CloseDBIfOpenedMethodInterceptor.java:29)
	at com.dotcms.aspects.aspectj.CloseDBIfOpenedAspect.invoke(CloseDBIfOpenedAspect.java:41)
	at com.dotcms.content.elasticsearch.business.ESContentletAPIImpl.checkin(ESContentletAPIImpl.java:4216)
	at com.dotmarketing.portlets.contentlet.business.ContentletAPIInterceptor.checkin(ContentletAPIInterceptor.java:242)
	at com.dotcms.rendering.velocity.viewtools.content.util.ContentUtilsTest.testPullRelatedForLegacyRelationship(ContentUtilsTest.java:483)
	at java.base/jdk.internal.reflect.NativeMethodAccessorImpl.invoke0(Native Method)
	at java.base/jdk.internal.reflect.NativeMethodAccessorImpl.invoke(NativeMethodAccessorImpl.java:62)
	at java.base/jdk.internal.reflect.DelegatingMethodAccessorImpl.invoke(DelegatingMethodAccessorImpl.java:43)
	at java.base/java.lang.reflect.Method.invoke(Method.java:566)
	at org.junit.runners.model.FrameworkMethod$1.runReflectiveCall(FrameworkMethod.java:50)
	at org.junit.internal.runners.model.ReflectiveCallable.run(ReflectiveCallable.java:12)
	at org.junit.runners.model.FrameworkMethod.invokeExplosively(FrameworkMethod.java:47)
	at com.tngtech.java.junit.dataprovider.DataProviderFrameworkMethod.invokeExplosively(DataProviderFrameworkMethod.java:119)
	at org.junit.internal.runners.statements.InvokeMethod.evaluate(InvokeMethod.java:17)
	at org.junit.rules.TestWatcher$1.evaluate(TestWatcher.java:55)
	at org.junit.rules.RunRules.evaluate(RunRules.java:20)
	at org.junit.runners.ParentRunner.runLeaf(ParentRunner.java:325)
	at com.dotcms.junit.CustomDataProviderRunner.runChild(CustomDataProviderRunner.java:28)
	at com.dotcms.junit.CustomDataProviderRunner.runChild(CustomDataProviderRunner.java:13)
	at org.junit.runners.ParentRunner$3.run(ParentRunner.java:290)
	at org.junit.runners.ParentRunner$1.schedule(ParentRunner.java:71)
	at org.junit.runners.ParentRunner.runChildren(ParentRunner.java:288)
	at org.junit.runners.ParentRunner.access$000(ParentRunner.java:58)
	at org.junit.runners.ParentRunner$2.evaluate(ParentRunner.java:268)
	at org.junit.internal.runners.statements.RunBefores.evaluate(RunBefores.java:26)
	at org.junit.runners.ParentRunner.run(ParentRunner.java:363)
	at com.dotcms.junit.MainBaseSuite$DotRunner.run(MainBaseSuite.java:60)
	at org.junit.runners.Suite.runChild(Suite.java:128)
	at org.junit.runners.Suite.runChild(Suite.java:27)
	at org.junit.runners.ParentRunner$3.run(ParentRunner.java:290)
	at org.junit.runners.ParentRunner$1.schedule(ParentRunner.java:71)
	at org.junit.runners.ParentRunner.runChildren(ParentRunner.java:288)
	at org.junit.runners.ParentRunner.access$000(ParentRunner.java:58)
	at org.junit.runners.ParentRunner$2.evaluate(ParentRunner.java:268)
	at org.junit.runners.ParentRunner.run(ParentRunner.java:363)
	at org.gradle.api.internal.tasks.testing.junit.JUnitTestClassExecutor.runTestClass(JUnitTestClassExecutor.java:106)
	at org.gradle.api.internal.tasks.testing.junit.JUnitTestClassExecutor.execute(JUnitTestClassExecutor.java:58)
	at org.gradle.api.internal.tasks.testing.junit.JUnitTestClassExecutor.execute(JUnitTestClassExecutor.java:38)
	at org.gradle.api.internal.tasks.testing.junit.AbstractJUnitTestClassProcessor.processTestClass(AbstractJUnitTestClassProcessor.java:66)
	at org.gradle.api.internal.tasks.testing.SuiteTestClassProcessor.processTestClass(SuiteTestClassProcessor.java:51)
	at java.base/jdk.internal.reflect.NativeMethodAccessorImpl.invoke0(Native Method)
	at java.base/jdk.internal.reflect.NativeMethodAccessorImpl.invoke(NativeMethodAccessorImpl.java:62)
	at java.base/jdk.internal.reflect.DelegatingMethodAccessorImpl.invoke(DelegatingMethodAccessorImpl.java:43)
	at java.base/java.lang.reflect.Method.invoke(Method.java:566)
	at org.gradle.internal.dispatch.ReflectionDispatch.dispatch(ReflectionDispatch.java:35)
	at org.gradle.internal.dispatch.ReflectionDispatch.dispatch(ReflectionDispatch.java:24)
	at org.gradle.internal.dispatch.ContextClassLoaderDispatch.dispatch(ContextClassLoaderDispatch.java:32)
	at org.gradle.internal.dispatch.ProxyDispatchAdapter$DispatchingInvocationHandler.invoke(ProxyDispatchAdapter.java:93)
	at com.sun.proxy.$Proxy2.processTestClass(Unknown Source)
	at org.gradle.api.internal.tasks.testing.worker.TestWorker.processTestClass(TestWorker.java:117)
	at java.base/jdk.internal.reflect.NativeMethodAccessorImpl.invoke0(Native Method)
	at java.base/jdk.internal.reflect.NativeMethodAccessorImpl.invoke(NativeMethodAccessorImpl.java:62)
	at java.base/jdk.internal.reflect.DelegatingMethodAccessorImpl.invoke(DelegatingMethodAccessorImpl.java:43)
	at java.base/java.lang.reflect.Method.invoke(Method.java:566)
	at org.gradle.internal.dispatch.ReflectionDispatch.dispatch(ReflectionDispatch.java:35)
	at org.gradle.internal.dispatch.ReflectionDispatch.dispatch(ReflectionDispatch.java:24)
	at org.gradle.internal.remote.internal.hub.MessageHubBackedObjectConnection$DispatchWrapper.dispatch(MessageHubBackedObjectConnection.java:155)
	at org.gradle.internal.remote.internal.hub.MessageHubBackedObjectConnection$DispatchWrapper.dispatch(MessageHubBackedObjectConnection.java:137)
	at org.gradle.internal.remote.internal.hub.MessageHub$Handler.run(MessageHub.java:404)
	at org.gradle.internal.concurrent.ExecutorPolicy$CatchAndRecordFailures.onExecute(ExecutorPolicy.java:63)
	at org.gradle.internal.concurrent.ManagedExecutorImpl$1.run(ManagedExecutorImpl.java:46)
	at java.base/java.util.concurrent.ThreadPoolExecutor.runWorker(ThreadPoolExecutor.java:1128)
	at java.base/java.util.concurrent.ThreadPoolExecutor$Worker.run(ThreadPoolExecutor.java:628)
	at org.gradle.internal.concurrent.ThreadFactoryImpl$ManagedThreadRunnable.run(ThreadFactoryImpl.java:55)
	at java.base/java.lang.Thread.run(Thread.java:829)
Caused by: java.lang.NoClassDefFoundError: Could not initialize class com.dotcms.enterprise.priv.util.SearchSourceBuilderUtil
	at com.dotcms.enterprise.priv.c.a(SourceFile:325)
	at com.dotcms.enterprise.priv.c.esSearchRelated(SourceFile:167)
	at com.dotcms.enterprise.priv.ESSearchProxy.esSearchRelated(SourceFile:87)
	at com.dotcms.content.elasticsearch.business.ESContentletAPIImpl.getRelatedParents(ESContentletAPIImpl.java:1823)
	at com.dotcms.content.elasticsearch.business.ESContentletAPIImpl.filterRelatedContent_aroundBody74(ESContentletAPIImpl.java:1672)
	at com.dotcms.content.elasticsearch.business.ESContentletAPIImpl$AjcClosure75.run(ESContentletAPIImpl.java:1)
	at org.aspectj.runtime.reflect.JoinPointImpl.proceed(JoinPointImpl.java:149)
	at com.dotcms.aspects.aspectj.AspectJDelegateMethodInvocation.proceed(AspectJDelegateMethodInvocation.java:42)
	at com.dotcms.aspects.interceptors.CloseDBIfOpenedMethodInterceptor.invoke(CloseDBIfOpenedMethodInterceptor.java:29)
	at com.dotcms.aspects.aspectj.CloseDBIfOpenedAspect.invoke(CloseDBIfOpenedAspect.java:41)
	at com.dotcms.content.elasticsearch.business.ESContentletAPIImpl.filterRelatedContent(ESContentletAPIImpl.java:1645)
	at com.dotcms.content.elasticsearch.business.ESContentletAPIImpl.getNonCachedRelatedContentlets(ESContentletAPIImpl.java:3938)
	at com.dotcms.content.elasticsearch.business.ESContentletAPIImpl.getRelatedContent_aroundBody116(ESContentletAPIImpl.java:3873)
	at com.dotcms.content.elasticsearch.business.ESContentletAPIImpl$AjcClosure117.run(ESContentletAPIImpl.java:1)
	at org.aspectj.runtime.reflect.JoinPointImpl.proceed(JoinPointImpl.java:149)
	at com.dotcms.aspects.aspectj.AspectJDelegateMethodInvocation.proceed(AspectJDelegateMethodInvocation.java:42)
	at com.dotcms.aspects.interceptors.CloseDBIfOpenedMethodInterceptor.invoke(CloseDBIfOpenedMethodInterceptor.java:29)
	at com.dotcms.aspects.aspectj.CloseDBIfOpenedAspect.invoke(CloseDBIfOpenedAspect.java:41)
	at com.dotcms.content.elasticsearch.business.ESContentletAPIImpl.getRelatedContent(ESContentletAPIImpl.java:3827)
	at com.dotcms.content.elasticsearch.business.ESContentletAPIImpl.getRelatedContent_aroundBody76(ESContentletAPIImpl.java:1880)
	at com.dotcms.content.elasticsearch.business.ESContentletAPIImpl$AjcClosure77.run(ESContentletAPIImpl.java:1)
	at org.aspectj.runtime.reflect.JoinPointImpl.proceed(JoinPointImpl.java:149)
	at com.dotcms.aspects.aspectj.AspectJDelegateMethodInvocation.proceed(AspectJDelegateMethodInvocation.java:42)
	at com.dotcms.aspects.interceptors.CloseDBIfOpenedMethodInterceptor.invoke(CloseDBIfOpenedMethodInterceptor.java:29)
	at com.dotcms.aspects.aspectj.CloseDBIfOpenedAspect.invoke(CloseDBIfOpenedAspect.java:41)
	at com.dotcms.content.elasticsearch.business.ESContentletAPIImpl.getRelatedContent(ESContentletAPIImpl.java:1861)
	at com.dotcms.content.elasticsearch.business.ESContentletAPIImpl.getRelatedContent(ESContentletAPIImpl.java:1856)
	at com.dotcms.content.elasticsearch.business.ESContentletAPIImpl.getRelatedContentFromIndex(ESContentletAPIImpl.java:1932)
	at com.dotcms.content.elasticsearch.business.ESContentletAPIImpl.validateRelationships(ESContentletAPIImpl.java:7020)
	at com.dotcms.content.elasticsearch.business.ESContentletAPIImpl.validateContentlet_aroundBody168(ESContentletAPIImpl.java:6952)
	at com.dotcms.content.elasticsearch.business.ESContentletAPIImpl$AjcClosure169.run(ESContentletAPIImpl.java:1)
	at org.aspectj.runtime.reflect.JoinPointImpl.proceed(JoinPointImpl.java:149)
	at com.dotcms.aspects.aspectj.AspectJDelegateMethodInvocation.proceed(AspectJDelegateMethodInvocation.java:42)
	at com.dotcms.aspects.interceptors.CloseDBIfOpenedMethodInterceptor.invoke(CloseDBIfOpenedMethodInterceptor.java:29)
	at com.dotcms.aspects.aspectj.CloseDBIfOpenedAspect.invoke(CloseDBIfOpenedAspect.java:41)
	at com.dotcms.content.elasticsearch.business.ESContentletAPIImpl.validateContentlet(ESContentletAPIImpl.java:6930)
	at com.dotmarketing.portlets.contentlet.business.ContentletAPIInterceptor.validateContentlet(ContentletAPIInterceptor.java:1911)
	at com.dotcms.content.elasticsearch.business.ESContentletAPIImpl.internalCheckin(ESContentletAPIImpl.java:4706)
	at com.dotcms.content.elasticsearch.business.ESContentletAPIImpl.lambda$68(ESContentletAPIImpl.java:4368)
	at com.dotcms.concurrent.lock.StripedLockImpl.tryLock(StripedLockImpl.java:100)
	at com.dotcms.concurrent.lock.StripedLockImpl.tryLock(StripedLockImpl.java:55)
	at com.dotcms.concurrent.lock.IdentifierStripedLock.tryLock(IdentifierStripedLock.java:16)
	at com.dotcms.content.elasticsearch.business.ESContentletAPIImpl.checkin_aroundBody148(ESContentletAPIImpl.java:4367)
	... 83 more
</pre>
</span>
</div>
<div class="test">
<a name="testPullRelatedForLegacyRelationship[1: com.dotcms.rendering.velocity.viewtools.content.util.ContentUtilsTest$LegacyTestCase@494bad35]"></a>
<h3 class="failures">testPullRelatedForLegacyRelationship[1: com.dotcms.rendering.velocity.viewtools.content.util.ContentUtilsTest$LegacyTestCase@494bad35]</h3>
<span class="code">
<pre>com.dotmarketing.exception.DotRuntimeException: Could not initialize class com.dotcms.enterprise.priv.util.SearchSourceBuilderUtil
	at com.dotcms.exception.ExceptionUtil.bubbleUpException(ExceptionUtil.java:165)
	at com.dotcms.content.elasticsearch.business.ESContentletAPIImpl.checkin_aroundBody148(ESContentletAPIImpl.java:4375)
	at com.dotcms.content.elasticsearch.business.ESContentletAPIImpl$AjcClosure149.run(ESContentletAPIImpl.java:1)
	at org.aspectj.runtime.reflect.JoinPointImpl.proceed(JoinPointImpl.java:149)
	at com.dotcms.aspects.aspectj.AspectJDelegateMethodInvocation.proceed(AspectJDelegateMethodInvocation.java:42)
	at com.dotmarketing.db.LocalTransaction.wrapReturnWithListeners(LocalTransaction.java:119)
	at com.dotcms.aspects.interceptors.WrapInTransactionMethodInterceptor.invoke(WrapInTransactionMethodInterceptor.java:30)
	at com.dotcms.aspects.aspectj.WrapInTransactionAspect.invoke(WrapInTransactionAspect.java:41)
	at com.dotcms.content.elasticsearch.business.ESContentletAPIImpl.checkin(ESContentletAPIImpl.java:4326)
	at com.dotcms.content.elasticsearch.business.ESContentletAPIImpl.checkin_aroundBody142(ESContentletAPIImpl.java:4278)
	at com.dotcms.content.elasticsearch.business.ESContentletAPIImpl$AjcClosure143.run(ESContentletAPIImpl.java:1)
	at org.aspectj.runtime.reflect.JoinPointImpl.proceed(JoinPointImpl.java:149)
	at com.dotcms.aspects.aspectj.AspectJDelegateMethodInvocation.proceed(AspectJDelegateMethodInvocation.java:42)
	at com.dotcms.aspects.interceptors.CloseDBIfOpenedMethodInterceptor.invoke(CloseDBIfOpenedMethodInterceptor.java:29)
	at com.dotcms.aspects.aspectj.CloseDBIfOpenedAspect.invoke(CloseDBIfOpenedAspect.java:41)
	at com.dotcms.content.elasticsearch.business.ESContentletAPIImpl.checkin(ESContentletAPIImpl.java:4271)
	at com.dotcms.content.elasticsearch.business.ESContentletAPIImpl.checkin_aroundBody134(ESContentletAPIImpl.java:4219)
	at com.dotcms.content.elasticsearch.business.ESContentletAPIImpl$AjcClosure135.run(ESContentletAPIImpl.java:1)
	at org.aspectj.runtime.reflect.JoinPointImpl.proceed(JoinPointImpl.java:149)
	at com.dotcms.aspects.aspectj.AspectJDelegateMethodInvocation.proceed(AspectJDelegateMethodInvocation.java:42)
	at com.dotcms.aspects.interceptors.CloseDBIfOpenedMethodInterceptor.invoke(CloseDBIfOpenedMethodInterceptor.java:29)
	at com.dotcms.aspects.aspectj.CloseDBIfOpenedAspect.invoke(CloseDBIfOpenedAspect.java:41)
	at com.dotcms.content.elasticsearch.business.ESContentletAPIImpl.checkin(ESContentletAPIImpl.java:4216)
	at com.dotmarketing.portlets.contentlet.business.ContentletAPIInterceptor.checkin(ContentletAPIInterceptor.java:242)
	at com.dotcms.rendering.velocity.viewtools.content.util.ContentUtilsTest.testPullRelatedForLegacyRelationship(ContentUtilsTest.java:483)
	at java.base/jdk.internal.reflect.NativeMethodAccessorImpl.invoke0(Native Method)
	at java.base/jdk.internal.reflect.NativeMethodAccessorImpl.invoke(NativeMethodAccessorImpl.java:62)
	at java.base/jdk.internal.reflect.DelegatingMethodAccessorImpl.invoke(DelegatingMethodAccessorImpl.java:43)
	at java.base/java.lang.reflect.Method.invoke(Method.java:566)
	at org.junit.runners.model.FrameworkMethod$1.runReflectiveCall(FrameworkMethod.java:50)
	at org.junit.internal.runners.model.ReflectiveCallable.run(ReflectiveCallable.java:12)
	at org.junit.runners.model.FrameworkMethod.invokeExplosively(FrameworkMethod.java:47)
	at com.tngtech.java.junit.dataprovider.DataProviderFrameworkMethod.invokeExplosively(DataProviderFrameworkMethod.java:119)
	at org.junit.internal.runners.statements.InvokeMethod.evaluate(InvokeMethod.java:17)
	at org.junit.rules.TestWatcher$1.evaluate(TestWatcher.java:55)
	at org.junit.rules.RunRules.evaluate(RunRules.java:20)
	at org.junit.runners.ParentRunner.runLeaf(ParentRunner.java:325)
	at com.dotcms.junit.CustomDataProviderRunner.runChild(CustomDataProviderRunner.java:28)
	at com.dotcms.junit.CustomDataProviderRunner.runChild(CustomDataProviderRunner.java:13)
	at org.junit.runners.ParentRunner$3.run(ParentRunner.java:290)
	at org.junit.runners.ParentRunner$1.schedule(ParentRunner.java:71)
	at org.junit.runners.ParentRunner.runChildren(ParentRunner.java:288)
	at org.junit.runners.ParentRunner.access$000(ParentRunner.java:58)
	at org.junit.runners.ParentRunner$2.evaluate(ParentRunner.java:268)
	at org.junit.internal.runners.statements.RunBefores.evaluate(RunBefores.java:26)
	at org.junit.runners.ParentRunner.run(ParentRunner.java:363)
	at com.dotcms.junit.MainBaseSuite$DotRunner.run(MainBaseSuite.java:60)
	at org.junit.runners.Suite.runChild(Suite.java:128)
	at org.junit.runners.Suite.runChild(Suite.java:27)
	at org.junit.runners.ParentRunner$3.run(ParentRunner.java:290)
	at org.junit.runners.ParentRunner$1.schedule(ParentRunner.java:71)
	at org.junit.runners.ParentRunner.runChildren(ParentRunner.java:288)
	at org.junit.runners.ParentRunner.access$000(ParentRunner.java:58)
	at org.junit.runners.ParentRunner$2.evaluate(ParentRunner.java:268)
	at org.junit.runners.ParentRunner.run(ParentRunner.java:363)
	at org.gradle.api.internal.tasks.testing.junit.JUnitTestClassExecutor.runTestClass(JUnitTestClassExecutor.java:106)
	at org.gradle.api.internal.tasks.testing.junit.JUnitTestClassExecutor.execute(JUnitTestClassExecutor.java:58)
	at org.gradle.api.internal.tasks.testing.junit.JUnitTestClassExecutor.execute(JUnitTestClassExecutor.java:38)
	at org.gradle.api.internal.tasks.testing.junit.AbstractJUnitTestClassProcessor.processTestClass(AbstractJUnitTestClassProcessor.java:66)
	at org.gradle.api.internal.tasks.testing.SuiteTestClassProcessor.processTestClass(SuiteTestClassProcessor.java:51)
	at java.base/jdk.internal.reflect.NativeMethodAccessorImpl.invoke0(Native Method)
	at java.base/jdk.internal.reflect.NativeMethodAccessorImpl.invoke(NativeMethodAccessorImpl.java:62)
	at java.base/jdk.internal.reflect.DelegatingMethodAccessorImpl.invoke(DelegatingMethodAccessorImpl.java:43)
	at java.base/java.lang.reflect.Method.invoke(Method.java:566)
	at org.gradle.internal.dispatch.ReflectionDispatch.dispatch(ReflectionDispatch.java:35)
	at org.gradle.internal.dispatch.ReflectionDispatch.dispatch(ReflectionDispatch.java:24)
	at org.gradle.internal.dispatch.ContextClassLoaderDispatch.dispatch(ContextClassLoaderDispatch.java:32)
	at org.gradle.internal.dispatch.ProxyDispatchAdapter$DispatchingInvocationHandler.invoke(ProxyDispatchAdapter.java:93)
	at com.sun.proxy.$Proxy2.processTestClass(Unknown Source)
	at org.gradle.api.internal.tasks.testing.worker.TestWorker.processTestClass(TestWorker.java:117)
	at java.base/jdk.internal.reflect.NativeMethodAccessorImpl.invoke0(Native Method)
	at java.base/jdk.internal.reflect.NativeMethodAccessorImpl.invoke(NativeMethodAccessorImpl.java:62)
	at java.base/jdk.internal.reflect.DelegatingMethodAccessorImpl.invoke(DelegatingMethodAccessorImpl.java:43)
	at java.base/java.lang.reflect.Method.invoke(Method.java:566)
	at org.gradle.internal.dispatch.ReflectionDispatch.dispatch(ReflectionDispatch.java:35)
	at org.gradle.internal.dispatch.ReflectionDispatch.dispatch(ReflectionDispatch.java:24)
	at org.gradle.internal.remote.internal.hub.MessageHubBackedObjectConnection$DispatchWrapper.dispatch(MessageHubBackedObjectConnection.java:155)
	at org.gradle.internal.remote.internal.hub.MessageHubBackedObjectConnection$DispatchWrapper.dispatch(MessageHubBackedObjectConnection.java:137)
	at org.gradle.internal.remote.internal.hub.MessageHub$Handler.run(MessageHub.java:404)
	at org.gradle.internal.concurrent.ExecutorPolicy$CatchAndRecordFailures.onExecute(ExecutorPolicy.java:63)
	at org.gradle.internal.concurrent.ManagedExecutorImpl$1.run(ManagedExecutorImpl.java:46)
	at java.base/java.util.concurrent.ThreadPoolExecutor.runWorker(ThreadPoolExecutor.java:1128)
	at java.base/java.util.concurrent.ThreadPoolExecutor$Worker.run(ThreadPoolExecutor.java:628)
	at org.gradle.internal.concurrent.ThreadFactoryImpl$ManagedThreadRunnable.run(ThreadFactoryImpl.java:55)
	at java.base/java.lang.Thread.run(Thread.java:829)
Caused by: java.lang.NoClassDefFoundError: Could not initialize class com.dotcms.enterprise.priv.util.SearchSourceBuilderUtil
	at com.dotcms.enterprise.priv.c.a(SourceFile:325)
	at com.dotcms.enterprise.priv.c.esSearchRelated(SourceFile:167)
	at com.dotcms.enterprise.priv.ESSearchProxy.esSearchRelated(SourceFile:87)
	at com.dotcms.content.elasticsearch.business.ESContentletAPIImpl.getRelatedParents(ESContentletAPIImpl.java:1823)
	at com.dotcms.content.elasticsearch.business.ESContentletAPIImpl.filterRelatedContent_aroundBody74(ESContentletAPIImpl.java:1678)
	at com.dotcms.content.elasticsearch.business.ESContentletAPIImpl$AjcClosure75.run(ESContentletAPIImpl.java:1)
	at org.aspectj.runtime.reflect.JoinPointImpl.proceed(JoinPointImpl.java:149)
	at com.dotcms.aspects.aspectj.AspectJDelegateMethodInvocation.proceed(AspectJDelegateMethodInvocation.java:42)
	at com.dotcms.aspects.interceptors.CloseDBIfOpenedMethodInterceptor.invoke(CloseDBIfOpenedMethodInterceptor.java:29)
	at com.dotcms.aspects.aspectj.CloseDBIfOpenedAspect.invoke(CloseDBIfOpenedAspect.java:41)
	at com.dotcms.content.elasticsearch.business.ESContentletAPIImpl.filterRelatedContent(ESContentletAPIImpl.java:1645)
	at com.dotcms.content.elasticsearch.business.ESContentletAPIImpl.getNonCachedRelatedContentlets(ESContentletAPIImpl.java:3938)
	at com.dotcms.content.elasticsearch.business.ESContentletAPIImpl.getRelatedContent_aroundBody116(ESContentletAPIImpl.java:3873)
	at com.dotcms.content.elasticsearch.business.ESContentletAPIImpl$AjcClosure117.run(ESContentletAPIImpl.java:1)
	at org.aspectj.runtime.reflect.JoinPointImpl.proceed(JoinPointImpl.java:149)
	at com.dotcms.aspects.aspectj.AspectJDelegateMethodInvocation.proceed(AspectJDelegateMethodInvocation.java:42)
	at com.dotcms.aspects.interceptors.CloseDBIfOpenedMethodInterceptor.invoke(CloseDBIfOpenedMethodInterceptor.java:29)
	at com.dotcms.aspects.aspectj.CloseDBIfOpenedAspect.invoke(CloseDBIfOpenedAspect.java:41)
	at com.dotcms.content.elasticsearch.business.ESContentletAPIImpl.getRelatedContent(ESContentletAPIImpl.java:3827)
	at com.dotcms.content.elasticsearch.business.ESContentletAPIImpl.getRelatedContent_aroundBody76(ESContentletAPIImpl.java:1880)
	at com.dotcms.content.elasticsearch.business.ESContentletAPIImpl$AjcClosure77.run(ESContentletAPIImpl.java:1)
	at org.aspectj.runtime.reflect.JoinPointImpl.proceed(JoinPointImpl.java:149)
	at com.dotcms.aspects.aspectj.AspectJDelegateMethodInvocation.proceed(AspectJDelegateMethodInvocation.java:42)
	at com.dotcms.aspects.interceptors.CloseDBIfOpenedMethodInterceptor.invoke(CloseDBIfOpenedMethodInterceptor.java:29)
	at com.dotcms.aspects.aspectj.CloseDBIfOpenedAspect.invoke(CloseDBIfOpenedAspect.java:41)
	at com.dotcms.content.elasticsearch.business.ESContentletAPIImpl.getRelatedContent(ESContentletAPIImpl.java:1861)
	at com.dotcms.content.elasticsearch.business.ESContentletAPIImpl.getRelatedContent(ESContentletAPIImpl.java:1856)
	at com.dotcms.content.elasticsearch.business.ESContentletAPIImpl.getRelatedContentFromIndex(ESContentletAPIImpl.java:1932)
	at com.dotcms.content.elasticsearch.business.ESContentletAPIImpl.validateRelationships(ESContentletAPIImpl.java:7020)
	at com.dotcms.content.elasticsearch.business.ESContentletAPIImpl.validateContentlet_aroundBody168(ESContentletAPIImpl.java:6952)
	at com.dotcms.content.elasticsearch.business.ESContentletAPIImpl$AjcClosure169.run(ESContentletAPIImpl.java:1)
	at org.aspectj.runtime.reflect.JoinPointImpl.proceed(JoinPointImpl.java:149)
	at com.dotcms.aspects.aspectj.AspectJDelegateMethodInvocation.proceed(AspectJDelegateMethodInvocation.java:42)
	at com.dotcms.aspects.interceptors.CloseDBIfOpenedMethodInterceptor.invoke(CloseDBIfOpenedMethodInterceptor.java:29)
	at com.dotcms.aspects.aspectj.CloseDBIfOpenedAspect.invoke(CloseDBIfOpenedAspect.java:41)
	at com.dotcms.content.elasticsearch.business.ESContentletAPIImpl.validateContentlet(ESContentletAPIImpl.java:6930)
	at com.dotmarketing.portlets.contentlet.business.ContentletAPIInterceptor.validateContentlet(ContentletAPIInterceptor.java:1911)
	at com.dotcms.content.elasticsearch.business.ESContentletAPIImpl.internalCheckin(ESContentletAPIImpl.java:4706)
	at com.dotcms.content.elasticsearch.business.ESContentletAPIImpl.lambda$68(ESContentletAPIImpl.java:4368)
	at com.dotcms.concurrent.lock.StripedLockImpl.tryLock(StripedLockImpl.java:100)
	at com.dotcms.concurrent.lock.StripedLockImpl.tryLock(StripedLockImpl.java:55)
	at com.dotcms.concurrent.lock.IdentifierStripedLock.tryLock(IdentifierStripedLock.java:16)
	at com.dotcms.content.elasticsearch.business.ESContentletAPIImpl.checkin_aroundBody148(ESContentletAPIImpl.java:4367)
	... 83 more
</pre>
</span>
</div>
</div>
<div id="tab1" class="tab">
<h2>Tests</h2>
<table>
<thead>
<tr>
<th>Test</th>
<th>Duration</th>
<th>Result</th>
</tr>
</thead>
<tr>
<td class="success">testPullLiveRelatedWhenLatestVersionIsWorking</td>
<td class="success">3.161s</td>
<td class="success">passed</td>
</tr>
<tr>
<td class="failures">testPullRelatedForLegacyRelationship[0: com.dotcms.rendering.velocity.viewtools.content.util.ContentUtilsTest$LegacyTestCase@5df53a28]</td>
<td class="failures">1.799s</td>
<td class="failures">failed</td>
</tr>
<tr>
<td class="failures">testPullRelatedForLegacyRelationship[1: com.dotcms.rendering.velocity.viewtools.content.util.ContentUtilsTest$LegacyTestCase@494bad35]</td>
<td class="failures">2.115s</td>
<td class="failures">failed</td>
</tr>
<tr>
<td class="success">testPullRelated[0: com.dotcms.rendering.velocity.viewtools.content.util.ContentUtilsTest$TestCase@31daae4e]</td>
<td class="success">2.867s</td>
<td class="success">passed</td>
</tr>
<tr>
<td class="success">testPullRelated[10: com.dotcms.rendering.velocity.viewtools.content.util.ContentUtilsTest$TestCase@7863d698]</td>
<td class="success">3.189s</td>
<td class="success">passed</td>
</tr>
<tr>
<td class="success">testPullRelated[11: com.dotcms.rendering.velocity.viewtools.content.util.ContentUtilsTest$TestCase@7a3ba47d]</td>
<td class="success">3.117s</td>
<td class="success">passed</td>
</tr>
<tr>
<td class="success">testPullRelated[12: com.dotcms.rendering.velocity.viewtools.content.util.ContentUtilsTest$TestCase@98853d3]</td>
<td class="success">2.895s</td>
<td class="success">passed</td>
</tr>
<tr>
<td class="success">testPullRelated[13: com.dotcms.rendering.velocity.viewtools.content.util.ContentUtilsTest$TestCase@233f2c1e]</td>
<td class="success">2.939s</td>
<td class="success">passed</td>
</tr>
<tr>
<td class="success">testPullRelated[14: com.dotcms.rendering.velocity.viewtools.content.util.ContentUtilsTest$TestCase@458ef9f7]</td>
<td class="success">3.227s</td>
<td class="success">passed</td>
</tr>
<tr>
<td class="success">testPullRelated[15: com.dotcms.rendering.velocity.viewtools.content.util.ContentUtilsTest$TestCase@6231b577]</td>
<td class="success">2.868s</td>
<td class="success">passed</td>
</tr>
<tr>
<td class="success">testPullRelated[16: com.dotcms.rendering.velocity.viewtools.content.util.ContentUtilsTest$TestCase@296c6429]</td>
<td class="success">3.059s</td>
<td class="success">passed</td>
</tr>
<tr>
<td class="success">testPullRelated[17: com.dotcms.rendering.velocity.viewtools.content.util.ContentUtilsTest$TestCase@7369e2c6]</td>
<td class="success">3.009s</td>
<td class="success">passed</td>
</tr>
<tr>
<td class="success">testPullRelated[18: com.dotcms.rendering.velocity.viewtools.content.util.ContentUtilsTest$TestCase@419aec1d]</td>
<td class="success">3.163s</td>
<td class="success">passed</td>
</tr>
<tr>
<td class="success">testPullRelated[19: com.dotcms.rendering.velocity.viewtools.content.util.ContentUtilsTest$TestCase@2eef6354]</td>
<td class="success">3.190s</td>
<td class="success">passed</td>
</tr>
<tr>
<td class="success">testPullRelated[1: com.dotcms.rendering.velocity.viewtools.content.util.ContentUtilsTest$TestCase@2c490223]</td>
<td class="success">3.083s</td>
<td class="success">passed</td>
</tr>
<tr>
<td class="success">testPullRelated[20: com.dotcms.rendering.velocity.viewtools.content.util.ContentUtilsTest$TestCase@64e8078c]</td>
<td class="success">3.016s</td>
<td class="success">passed</td>
</tr>
<tr>
<td class="success">testPullRelated[21: com.dotcms.rendering.velocity.viewtools.content.util.ContentUtilsTest$TestCase@58aba605]</td>
<td class="success">2.887s</td>
<td class="success">passed</td>
</tr>
<tr>
<td class="success">testPullRelated[22: com.dotcms.rendering.velocity.viewtools.content.util.ContentUtilsTest$TestCase@4e475309]</td>
<td class="success">3.126s</td>
<td class="success">passed</td>
</tr>
<tr>
<td class="success">testPullRelated[23: com.dotcms.rendering.velocity.viewtools.content.util.ContentUtilsTest$TestCase@1be76c56]</td>
<td class="success">3.071s</td>
<td class="success">passed</td>
</tr>
<tr>
<td class="success">testPullRelated[24: com.dotcms.rendering.velocity.viewtools.content.util.ContentUtilsTest$TestCase@3f17dcc1]</td>
<td class="success">3.234s</td>
<td class="success">passed</td>
</tr>
<tr>
<td class="success">testPullRelated[25: com.dotcms.rendering.velocity.viewtools.content.util.ContentUtilsTest$TestCase@3a89cea8]</td>
<td class="success">2.859s</td>
<td class="success">passed</td>
</tr>
<tr>
<td class="success">testPullRelated[26: com.dotcms.rendering.velocity.viewtools.content.util.ContentUtilsTest$TestCase@4e220deb]</td>
<td class="success">3.149s</td>
<td class="success">passed</td>
</tr>
<tr>
<td class="success">testPullRelated[27: com.dotcms.rendering.velocity.viewtools.content.util.ContentUtilsTest$TestCase@6e875da5]</td>
<td class="success">3.023s</td>
<td class="success">passed</td>
</tr>
<tr>
<td class="success">testPullRelated[28: com.dotcms.rendering.velocity.viewtools.content.util.ContentUtilsTest$TestCase@6ff77560]</td>
<td class="success">3.095s</td>
<td class="success">passed</td>
</tr>
<tr>
<td class="success">testPullRelated[29: com.dotcms.rendering.velocity.viewtools.content.util.ContentUtilsTest$TestCase@1b7f1ab8]</td>
<td class="success">3.009s</td>
<td class="success">passed</td>
</tr>
<tr>
<td class="success">testPullRelated[2: com.dotcms.rendering.velocity.viewtools.content.util.ContentUtilsTest$TestCase@3ad22d65]</td>
<td class="success">3.188s</td>
<td class="success">passed</td>
</tr>
<tr>
<td class="success">testPullRelated[30: com.dotcms.rendering.velocity.viewtools.content.util.ContentUtilsTest$TestCase@456c1169]</td>
<td class="success">3.200s</td>
<td class="success">passed</td>
</tr>
<tr>
<td class="success">testPullRelated[31: com.dotcms.rendering.velocity.viewtools.content.util.ContentUtilsTest$TestCase@11521614]</td>
<td class="success">3.352s</td>
<td class="success">passed</td>
</tr>
<tr>
<td class="success">testPullRelated[32: com.dotcms.rendering.velocity.viewtools.content.util.ContentUtilsTest$TestCase@455a2d2b]</td>
<td class="success">2.824s</td>
<td class="success">passed</td>
</tr>
<tr>
<td class="success">testPullRelated[33: com.dotcms.rendering.velocity.viewtools.content.util.ContentUtilsTest$TestCase@269345e2]</td>
<td class="success">2.920s</td>
<td class="success">passed</td>
</tr>
<tr>
<td class="success">testPullRelated[34: com.dotcms.rendering.velocity.viewtools.content.util.ContentUtilsTest$TestCase@3d1ef00]</td>
<td class="success">3.142s</td>
<td class="success">passed</td>
</tr>
<tr>
<td class="success">testPullRelated[35: com.dotcms.rendering.velocity.viewtools.content.util.ContentUtilsTest$TestCase@232bbd8]</td>
<td class="success">3.062s</td>
<td class="success">passed</td>
</tr>
<tr>
<td class="success">testPullRelated[36: com.dotcms.rendering.velocity.viewtools.content.util.ContentUtilsTest$TestCase@1615fdc0]</td>
<td class="success">5.521s</td>
<td class="success">passed</td>
</tr>
<tr>
<td class="success">testPullRelated[37: com.dotcms.rendering.velocity.viewtools.content.util.ContentUtilsTest$TestCase@2a9516b5]</td>
<td class="success">5.842s</td>
<td class="success">passed</td>
</tr>
<tr>
<td class="success">testPullRelated[38: com.dotcms.rendering.velocity.viewtools.content.util.ContentUtilsTest$TestCase@26b05508]</td>
<td class="success">5.205s</td>
<td class="success">passed</td>
</tr>
<tr>
<td class="success">testPullRelated[39: com.dotcms.rendering.velocity.viewtools.content.util.ContentUtilsTest$TestCase@31cbd67d]</td>
<td class="success">5.079s</td>
<td class="success">passed</td>
</tr>
<tr>
<td class="success">testPullRelated[3: com.dotcms.rendering.velocity.viewtools.content.util.ContentUtilsTest$TestCase@6a316cf2]</td>
<td class="success">3.032s</td>
<td class="success">passed</td>
</tr>
<tr>
<td class="success">testPullRelated[40: com.dotcms.rendering.velocity.viewtools.content.util.ContentUtilsTest$TestCase@889d679]</td>
<td class="success">5.225s</td>
<td class="success">passed</td>
</tr>
<tr>
<td class="success">testPullRelated[41: com.dotcms.rendering.velocity.viewtools.content.util.ContentUtilsTest$TestCase@a2b5963]</td>
<td class="success">4.837s</td>
<td class="success">passed</td>
</tr>
<tr>
<td class="success">testPullRelated[42: com.dotcms.rendering.velocity.viewtools.content.util.ContentUtilsTest$TestCase@2e17553b]</td>
<td class="success">5.441s</td>
<td class="success">passed</td>
</tr>
<tr>
<td class="success">testPullRelated[43: com.dotcms.rendering.velocity.viewtools.content.util.ContentUtilsTest$TestCase@410016ba]</td>
<td class="success">5.123s</td>
<td class="success">passed</td>
</tr>
<tr>
<td class="success">testPullRelated[44: com.dotcms.rendering.velocity.viewtools.content.util.ContentUtilsTest$TestCase@7fc3afd]</td>
<td class="success">5.083s</td>
<td class="success">passed</td>
</tr>
<tr>
<td class="success">testPullRelated[45: com.dotcms.rendering.velocity.viewtools.content.util.ContentUtilsTest$TestCase@574c8b20]</td>
<td class="success">5.049s</td>
<td class="success">passed</td>
</tr>
<tr>
<td class="success">testPullRelated[46: com.dotcms.rendering.velocity.viewtools.content.util.ContentUtilsTest$TestCase@4366a27f]</td>
<td class="success">5.178s</td>
<td class="success">passed</td>
</tr>
<tr>
<td class="success">testPullRelated[47: com.dotcms.rendering.velocity.viewtools.content.util.ContentUtilsTest$TestCase@292d96f]</td>
<td class="success">5.104s</td>
<td class="success">passed</td>
</tr>
<tr>
<td class="success">testPullRelated[48: com.dotcms.rendering.velocity.viewtools.content.util.ContentUtilsTest$TestCase@64df2012]</td>
<td class="success">4.826s</td>
<td class="success">passed</td>
</tr>
<tr>
<td class="success">testPullRelated[49: com.dotcms.rendering.velocity.viewtools.content.util.ContentUtilsTest$TestCase@5779b222]</td>
<td class="success">5.200s</td>
<td class="success">passed</td>
</tr>
<tr>
<td class="success">testPullRelated[4: com.dotcms.rendering.velocity.viewtools.content.util.ContentUtilsTest$TestCase@efd0724]</td>
<td class="success">3.180s</td>
<td class="success">passed</td>
</tr>
<tr>
<td class="success">testPullRelated[50: com.dotcms.rendering.velocity.viewtools.content.util.ContentUtilsTest$TestCase@217a87e8]</td>
<td class="success">5.111s</td>
<td class="success">passed</td>
</tr>
<tr>
<td class="success">testPullRelated[51: com.dotcms.rendering.velocity.viewtools.content.util.ContentUtilsTest$TestCase@35b76b09]</td>
<td class="success">5.067s</td>
<td class="success">passed</td>
</tr>
<tr>
<td class="success">testPullRelated[52: com.dotcms.rendering.velocity.viewtools.content.util.ContentUtilsTest$TestCase@28f5021d]</td>
<td class="success">5.129s</td>
<td class="success">passed</td>
</tr>
<tr>
<td class="success">testPullRelated[53: com.dotcms.rendering.velocity.viewtools.content.util.ContentUtilsTest$TestCase@32075d83]</td>
<td class="success">5.035s</td>
<td class="success">passed</td>
</tr>
<tr>
<td class="success">testPullRelated[54: com.dotcms.rendering.velocity.viewtools.content.util.ContentUtilsTest$TestCase@4737c9ec]</td>
<td class="success">5.097s</td>
<td class="success">passed</td>
</tr>
<tr>
<td class="success">testPullRelated[55: com.dotcms.rendering.velocity.viewtools.content.util.ContentUtilsTest$TestCase@49561d20]</td>
<td class="success">5.221s</td>
<td class="success">passed</td>
</tr>
<tr>
<td class="success">testPullRelated[56: com.dotcms.rendering.velocity.viewtools.content.util.ContentUtilsTest$TestCase@49b31bfd]</td>
<td class="success">5.140s</td>
<td class="success">passed</td>
</tr>
<tr>
<td class="success">testPullRelated[57: com.dotcms.rendering.velocity.viewtools.content.util.ContentUtilsTest$TestCase@41d0bc0d]</td>
<td class="success">5.010s</td>
<td class="success">passed</td>
</tr>
<tr>
<td class="success">testPullRelated[58: com.dotcms.rendering.velocity.viewtools.content.util.ContentUtilsTest$TestCase@38d17572]</td>
<td class="success">5.994s</td>
<td class="success">passed</td>
</tr>
<tr>
<td class="success">testPullRelated[59: com.dotcms.rendering.velocity.viewtools.content.util.ContentUtilsTest$TestCase@4197c055]</td>
<td class="success">5.313s</td>
<td class="success">passed</td>
</tr>
<tr>
<td class="success">testPullRelated[5: com.dotcms.rendering.velocity.viewtools.content.util.ContentUtilsTest$TestCase@6ac154c2]</td>
<td class="success">2.786s</td>
<td class="success">passed</td>
</tr>
<tr>
<td class="success">testPullRelated[60: com.dotcms.rendering.velocity.viewtools.content.util.ContentUtilsTest$TestCase@102a5769]</td>
<td class="success">5.083s</td>
<td class="success">passed</td>
</tr>
<tr>
<td class="success">testPullRelated[61: com.dotcms.rendering.velocity.viewtools.content.util.ContentUtilsTest$TestCase@545ea1b5]</td>
<td class="success">5.056s</td>
<td class="success">passed</td>
</tr>
<tr>
<td class="success">testPullRelated[62: com.dotcms.rendering.velocity.viewtools.content.util.ContentUtilsTest$TestCase@671724a9]</td>
<td class="success">5.171s</td>
<td class="success">passed</td>
</tr>
<tr>
<td class="success">testPullRelated[63: com.dotcms.rendering.velocity.viewtools.content.util.ContentUtilsTest$TestCase@187dc576]</td>
<td class="success">5.048s</td>
<td class="success">passed</td>
</tr>
<tr>
<td class="success">testPullRelated[64: com.dotcms.rendering.velocity.viewtools.content.util.ContentUtilsTest$TestCase@5a2e480f]</td>
<td class="success">5.176s</td>
<td class="success">passed</td>
</tr>
<tr>
<td class="success">testPullRelated[65: com.dotcms.rendering.velocity.viewtools.content.util.ContentUtilsTest$TestCase@7b5c09f6]</td>
<td class="success">4.967s</td>
<td class="success">passed</td>
</tr>
<tr>
<td class="success">testPullRelated[66: com.dotcms.rendering.velocity.viewtools.content.util.ContentUtilsTest$TestCase@25304858]</td>
<td class="success">5.139s</td>
<td class="success">passed</td>
</tr>
<tr>
<td class="success">testPullRelated[67: com.dotcms.rendering.velocity.viewtools.content.util.ContentUtilsTest$TestCase@53907ffd]</td>
<td class="success">5.086s</td>
<td class="success">passed</td>
</tr>
<tr>
<td class="success">testPullRelated[68: com.dotcms.rendering.velocity.viewtools.content.util.ContentUtilsTest$TestCase@7b562bb0]</td>
<td class="success">5.140s</td>
<td class="success">passed</td>
</tr>
<tr>
<td class="success">testPullRelated[69: com.dotcms.rendering.velocity.viewtools.content.util.ContentUtilsTest$TestCase@605e9e95]</td>
<td class="success">5.015s</td>
<td class="success">passed</td>
</tr>
<tr>
<td class="success">testPullRelated[6: com.dotcms.rendering.velocity.viewtools.content.util.ContentUtilsTest$TestCase@41d3f5fa]</td>
<td class="success">3.218s</td>
<td class="success">passed</td>
</tr>
<tr>
<td class="success">testPullRelated[70: com.dotcms.rendering.velocity.viewtools.content.util.ContentUtilsTest$TestCase@470b784e]</td>
<td class="success">5.035s</td>
<td class="success">passed</td>
</tr>
<tr>
<td class="success">testPullRelated[71: com.dotcms.rendering.velocity.viewtools.content.util.ContentUtilsTest$TestCase@17b498c5]</td>
<td class="success">5.196s</td>
<td class="success">passed</td>
</tr>
<tr>
<td class="success">testPullRelated[7: com.dotcms.rendering.velocity.viewtools.content.util.ContentUtilsTest$TestCase@20e457ce]</td>
<td class="success">3.193s</td>
<td class="success">passed</td>
</tr>
<tr>
<td class="success">testPullRelated[8: com.dotcms.rendering.velocity.viewtools.content.util.ContentUtilsTest$TestCase@4646b0d1]</td>
<td class="success">2.746s</td>
<td class="success">passed</td>
</tr>
<tr>
<td class="success">testPullRelated[9: com.dotcms.rendering.velocity.viewtools.content.util.ContentUtilsTest$TestCase@26c19b9f]</td>
<td class="success">3.060s</td>
<td class="success">passed</td>
</tr>
<tr>
<td class="success">testSortPullRelated[0: com.dotcms.rendering.velocity.viewtools.content.util.ContentUtilsTest$SortTestCase@551e655a]</td>
<td class="success">2.112s</td>
<td class="success">passed</td>
</tr>
<tr>
<td class="success">testSortPullRelated[1: com.dotcms.rendering.velocity.viewtools.content.util.ContentUtilsTest$SortTestCase@66dfbd8c]</td>
<td class="success">2.462s</td>
<td class="success">passed</td>
</tr>
<tr>
<td class="success">testSortPullRelated[2: com.dotcms.rendering.velocity.viewtools.content.util.ContentUtilsTest$SortTestCase@120fef05]</td>
<td class="success">2.295s</td>
<td class="success">passed</td>
</tr>
<tr>
<td class="success">testSortPullRelated[3: com.dotcms.rendering.velocity.viewtools.content.util.ContentUtilsTest$SortTestCase@639da74]</td>
<td class="success">2.345s</td>
<td class="success">passed</td>
</tr>
<tr>
<td class="success">testSortPullRelated[4: com.dotcms.rendering.velocity.viewtools.content.util.ContentUtilsTest$SortTestCase@202b4b5c]</td>
<td class="success">2.313s</td>
<td class="success">passed</td>
</tr>
<tr>
<td class="success">testSortPullRelated[5: com.dotcms.rendering.velocity.viewtools.content.util.ContentUtilsTest$SortTestCase@3b83b108]</td>
<td class="success">2.544s</td>
<td class="success">passed</td>
</tr>
<tr>
<td class="success">test_find_multilingual_contentlet_getContentletSuccessfully</td>
<td class="success">1.667s</td>
<td class="success">passed</td>
</tr>
<tr>
<td class="success">whenPublishAndExpireDatesAreInTheFutureAndTimeMachineIsAfterBoth</td>
<td class="success">2.590s</td>
<td class="success">passed</td>
</tr>
<tr>
<td class="success">whenTheTimeMachineDateAndPublishDateAreTomorrowShouldReturnOneContent</td>
<td class="success">2.588s</td>
<td class="success">passed</td>
</tr>
<tr>
<td class="success">whenTheTimeMachineDateIsAfterTomorrowAndExpireDateIsInFutureShouldReturnContent</td>
<td class="success">2.732s</td>
<td class="success">passed</td>
</tr>
<tr>
<td class="success">whenTheTimeMachineDateIsAfterTomorrowAndExpireDateIsTomorrowShouldNotReturnContent</td>
<td class="success">2.594s</td>
<td class="success">passed</td>
</tr>
<tr>
<td class="success">whenTheTimeMachineDateIsNullAndPublishDateInFutureShouldNotReturnAnything</td>
<td class="success">2.553s</td>
<td class="success">passed</td>
</tr>
</table>
</div>
</div>
<div id="footer">
<p>
<div>
<label class="hidden" id="label-for-line-wrapping-toggle" for="line-wrapping-toggle">Wrap lines
<input id="line-wrapping-toggle" type="checkbox" autocomplete="off"/>
</label>
</div>Generated by 
<a href="http://www.gradle.org">Gradle 4.10.2</a> at Feb 1, 2022, 10:17:16 PM</p>
</div>
</div>
</body>
</html>
