<!DOCTYPE html>
<html>
<head>
<meta http-equiv="Content-Type" content="text/html; charset=utf-8"/>
<meta http-equiv="x-ua-compatible" content="IE=edge"/>
<title>Test results - Class com.dotcms.content.elasticsearch.business.ESContentFactoryImplTest</title>
<link href="../css/base-style.css" rel="stylesheet" type="text/css"/>
<link href="../css/style.css" rel="stylesheet" type="text/css"/>
<script src="../js/report.js" type="text/javascript"></script>
</head>
<body>
<div id="content">
<h1>Class com.dotcms.content.elasticsearch.business.ESContentFactoryImplTest</h1>
<div class="breadcrumbs">
<a href="../index.html">all</a> &gt; 
<a href="../packages/com.dotcms.content.elasticsearch.business.html">com.dotcms.content.elasticsearch.business</a> &gt; ESContentFactoryImplTest</div>
<div id="summary">
<table>
<tr>
<td>
<div class="summaryGroup">
<table>
<tr>
<td>
<div class="infoBox" id="tests">
<div class="counter">34</div>
<p>tests</p>
</div>
</td>
<td>
<div class="infoBox" id="failures">
<div class="counter">1</div>
<p>failures</p>
</div>
</td>
<td>
<div class="infoBox" id="ignored">
<div class="counter">0</div>
<p>ignored</p>
</div>
</td>
<td>
<div class="infoBox" id="duration">
<div class="counter">47.567s</div>
<p>duration</p>
</div>
</td>
</tr>
</table>
</div>
</td>
<td>
<div class="infoBox failures" id="successRate">
<div class="percent">97%</div>
<p>successful</p>
</div>
</td>
</tr>
</table>
</div>
<div id="tabs">
<ul class="tabLinks">
<li>
<a href="#tab0">Failed tests</a>
</li>
<li>
<a href="#tab1">Tests</a>
</li>
</ul>
<div id="tab0" class="tab">
<h2>Failed tests</h2>
<div class="test">
<a name="test_findContentletByIdentifierAnyLanguageNoArchived"></a>
<h3 class="failures">test_findContentletByIdentifierAnyLanguageNoArchived</h3>
<span class="code">
<pre>com.dotmarketing.exception.DotHibernateException: Unable to close Hibernate Session 
	at com.dotmarketing.db.HibernateUtil.commitTransaction(HibernateUtil.java:1158)
	at com.dotmarketing.db.LocalTransaction.wrapReturnWithListeners(LocalTransaction.java:62)
	at com.dotcms.aspects.interceptors.WrapInTransactionMethodInterceptor.invoke(WrapInTransactionMethodInterceptor.java:23)
	at com.dotcms.aspects.aspectj.WrapInTransactionAspect.invoke(WrapInTransactionAspect.java:41)
	at com.dotcms.content.elasticsearch.business.ESContentletAPIImpl.checkin(ESContentletAPIImpl.java:4155)
	at com.dotcms.content.elasticsearch.business.ESContentletAPIImpl.checkin(ESContentletAPIImpl.java:8287)
	at com.dotcms.content.elasticsearch.business.ESContentletAPIImpl.checkin_aroundBody134(ESContentletAPIImpl.java:4066)
	at com.dotcms.content.elasticsearch.business.ESContentletAPIImpl$AjcClosure135.run(ESContentletAPIImpl.java:1)
	at org.aspectj.runtime.reflect.JoinPointImpl.proceed(JoinPointImpl.java:149)
	at com.dotcms.aspects.aspectj.AspectJDelegateMethodInvocation.proceed(AspectJDelegateMethodInvocation.java:42)
	at com.dotcms.aspects.interceptors.CloseDBIfOpenedMethodInterceptor.invoke(CloseDBIfOpenedMethodInterceptor.java:29)
	at com.dotcms.aspects.aspectj.CloseDBIfOpenedAspect.invoke(CloseDBIfOpenedAspect.java:41)
	at com.dotcms.content.elasticsearch.business.ESContentletAPIImpl.checkin(ESContentletAPIImpl.java:4061)
	at com.dotmarketing.portlets.contentlet.business.ContentletAPIInterceptor.checkin(ContentletAPIInterceptor.java:258)
	at com.dotcms.content.elasticsearch.business.ESContentFactoryImplTest.test_findContentletByIdentifierAnyLanguageNoArchived(ESContentFactoryImplTest.java:803)
	at java.base/jdk.internal.reflect.NativeMethodAccessorImpl.invoke0(Native Method)
	at java.base/jdk.internal.reflect.NativeMethodAccessorImpl.invoke(NativeMethodAccessorImpl.java:62)
	at java.base/jdk.internal.reflect.DelegatingMethodAccessorImpl.invoke(DelegatingMethodAccessorImpl.java:43)
	at java.base/java.lang.reflect.Method.invoke(Method.java:566)
	at org.junit.runners.model.FrameworkMethod$1.runReflectiveCall(FrameworkMethod.java:50)
	at org.junit.internal.runners.model.ReflectiveCallable.run(ReflectiveCallable.java:12)
	at org.junit.runners.model.FrameworkMethod.invokeExplosively(FrameworkMethod.java:47)
	at org.junit.internal.runners.statements.InvokeMethod.evaluate(InvokeMethod.java:17)
	at org.junit.internal.runners.statements.RunBefores.evaluate(RunBefores.java:26)
	at org.junit.internal.runners.statements.RunAfters.evaluate(RunAfters.java:27)
	at org.junit.rules.TestWatcher$1.evaluate(TestWatcher.java:55)
	at org.junit.rules.RunRules.evaluate(RunRules.java:20)
	at org.junit.runners.ParentRunner.runLeaf(ParentRunner.java:325)
	at com.dotcms.junit.CustomDataProviderRunner.runChild(CustomDataProviderRunner.java:28)
	at com.dotcms.junit.CustomDataProviderRunner.runChild(CustomDataProviderRunner.java:13)
	at org.junit.runners.ParentRunner$3.run(ParentRunner.java:290)
	at org.junit.runners.ParentRunner$1.schedule(ParentRunner.java:71)
	at org.junit.runners.ParentRunner.runChildren(ParentRunner.java:288)
	at org.junit.runners.ParentRunner.access$000(ParentRunner.java:58)
	at org.junit.runners.ParentRunner$2.evaluate(ParentRunner.java:268)
	at org.junit.internal.runners.statements.RunBefores.evaluate(RunBefores.java:26)
	at org.junit.runners.ParentRunner.run(ParentRunner.java:363)
	at com.dotcms.junit.MainBaseSuite$DotRunner.run(MainBaseSuite.java:60)
	at org.junit.runners.Suite.runChild(Suite.java:128)
	at org.junit.runners.Suite.runChild(Suite.java:27)
	at org.junit.runners.ParentRunner$3.run(ParentRunner.java:290)
	at org.junit.runners.ParentRunner$1.schedule(ParentRunner.java:71)
	at org.junit.runners.ParentRunner.runChildren(ParentRunner.java:288)
	at org.junit.runners.ParentRunner.access$000(ParentRunner.java:58)
	at org.junit.runners.ParentRunner$2.evaluate(ParentRunner.java:268)
	at org.junit.runners.ParentRunner.run(ParentRunner.java:363)
	at org.gradle.api.internal.tasks.testing.junit.JUnitTestClassExecutor.runTestClass(JUnitTestClassExecutor.java:106)
	at org.gradle.api.internal.tasks.testing.junit.JUnitTestClassExecutor.execute(JUnitTestClassExecutor.java:58)
	at org.gradle.api.internal.tasks.testing.junit.JUnitTestClassExecutor.execute(JUnitTestClassExecutor.java:38)
	at org.gradle.api.internal.tasks.testing.junit.AbstractJUnitTestClassProcessor.processTestClass(AbstractJUnitTestClassProcessor.java:66)
	at org.gradle.api.internal.tasks.testing.SuiteTestClassProcessor.processTestClass(SuiteTestClassProcessor.java:51)
	at java.base/jdk.internal.reflect.NativeMethodAccessorImpl.invoke0(Native Method)
	at java.base/jdk.internal.reflect.NativeMethodAccessorImpl.invoke(NativeMethodAccessorImpl.java:62)
	at java.base/jdk.internal.reflect.DelegatingMethodAccessorImpl.invoke(DelegatingMethodAccessorImpl.java:43)
	at java.base/java.lang.reflect.Method.invoke(Method.java:566)
	at org.gradle.internal.dispatch.ReflectionDispatch.dispatch(ReflectionDispatch.java:35)
	at org.gradle.internal.dispatch.ReflectionDispatch.dispatch(ReflectionDispatch.java:24)
	at org.gradle.internal.dispatch.ContextClassLoaderDispatch.dispatch(ContextClassLoaderDispatch.java:32)
	at org.gradle.internal.dispatch.ProxyDispatchAdapter$DispatchingInvocationHandler.invoke(ProxyDispatchAdapter.java:93)
	at com.sun.proxy.$Proxy2.processTestClass(Unknown Source)
	at org.gradle.api.internal.tasks.testing.worker.TestWorker.processTestClass(TestWorker.java:117)
	at java.base/jdk.internal.reflect.NativeMethodAccessorImpl.invoke0(Native Method)
	at java.base/jdk.internal.reflect.NativeMethodAccessorImpl.invoke(NativeMethodAccessorImpl.java:62)
	at java.base/jdk.internal.reflect.DelegatingMethodAccessorImpl.invoke(DelegatingMethodAccessorImpl.java:43)
	at java.base/java.lang.reflect.Method.invoke(Method.java:566)
	at org.gradle.internal.dispatch.ReflectionDispatch.dispatch(ReflectionDispatch.java:35)
	at org.gradle.internal.dispatch.ReflectionDispatch.dispatch(ReflectionDispatch.java:24)
	at org.gradle.internal.remote.internal.hub.MessageHubBackedObjectConnection$DispatchWrapper.dispatch(MessageHubBackedObjectConnection.java:155)
	at org.gradle.internal.remote.internal.hub.MessageHubBackedObjectConnection$DispatchWrapper.dispatch(MessageHubBackedObjectConnection.java:137)
	at org.gradle.internal.remote.internal.hub.MessageHub$Handler.run(MessageHub.java:404)
	at org.gradle.internal.concurrent.ExecutorPolicy$CatchAndRecordFailures.onExecute(ExecutorPolicy.java:63)
	at org.gradle.internal.concurrent.ManagedExecutorImpl$1.run(ManagedExecutorImpl.java:46)
	at java.base/java.util.concurrent.ThreadPoolExecutor.runWorker(ThreadPoolExecutor.java:1128)
	at java.base/java.util.concurrent.ThreadPoolExecutor$Worker.run(ThreadPoolExecutor.java:628)
	at org.gradle.internal.concurrent.ThreadFactoryImpl$ManagedThreadRunnable.run(ThreadFactoryImpl.java:55)
	at java.base/java.lang.Thread.run(Thread.java:829)
Caused by: com.dotmarketing.business.DotStateException: An error occurred when mapping properties of Contentlet with ID '59425fab-a683-4328-a6c9-321577c9a1b1': null
	at com.dotmarketing.db.DotRunnableThread.run(DotRunnableThread.java:56)
	at com.dotmarketing.db.HibernateUtil.finalizeCommitListeners(HibernateUtil.java:1068)
	at com.dotmarketing.db.HibernateUtil.commitTransaction(HibernateUtil.java:1152)
	... 75 more
Caused by: com.dotcms.content.business.DotMappingException: An error occurred when mapping properties of Contentlet with ID '59425fab-a683-4328-a6c9-321577c9a1b1': null
	at com.dotcms.content.elasticsearch.business.ESMappingAPIImpl.toMap_aroundBody0(ESMappingAPIImpl.java:414)
	at com.dotcms.content.elasticsearch.business.ESMappingAPIImpl$AjcClosure1.run(ESMappingAPIImpl.java:1)
	at org.aspectj.runtime.reflect.JoinPointImpl.proceed(JoinPointImpl.java:149)
	at com.dotcms.aspects.aspectj.AspectJDelegateMethodInvocation.proceed(AspectJDelegateMethodInvocation.java:42)
	at com.dotcms.aspects.interceptors.CloseDBIfOpenedMethodInterceptor.invoke(CloseDBIfOpenedMethodInterceptor.java:29)
	at com.dotcms.aspects.aspectj.CloseDBIfOpenedAspect.invoke(CloseDBIfOpenedAspect.java:41)
	at com.dotcms.content.elasticsearch.business.ESMappingAPIImpl.toMap(ESMappingAPIImpl.java:248)
	at com.dotcms.content.elasticsearch.business.ContentletIndexAPIImpl.addBulkRequest(ContentletIndexAPIImpl.java:762)
	at com.dotcms.content.elasticsearch.business.ContentletIndexAPIImpl.appendBulkRequest(ContentletIndexAPIImpl.java:725)
	at com.dotcms.content.elasticsearch.business.ContentletIndexAPIImpl.createBulkRequest(ContentletIndexAPIImpl.java:613)
	at com.dotcms.content.elasticsearch.business.ContentletIndexAPIImpl.indexContentListNow(ContentletIndexAPIImpl.java:556)
	at com.dotcms.content.elasticsearch.business.ContentletIndexAPIImpl.addContentToIndex(ContentletIndexAPIImpl.java:550)
	at com.dotcms.content.elasticsearch.business.ContentletIndexAPIImpl.lambda$3(ContentletIndexAPIImpl.java:509)
	at com.dotmarketing.db.HibernateUtil$DotSyncRunnable.run(HibernateUtil.java:929)
	at com.dotmarketing.db.DotRunnableThread.internalRunner(DotRunnableThread.java:99)
	at com.dotmarketing.db.LocalTransaction.wrap(LocalTransaction.java:158)
	at com.dotmarketing.db.DotRunnableThread.run(DotRunnableThread.java:53)
	... 77 more
Caused by: com.dotmarketing.exception.DotDataException
	at com.dotcms.storage.DataBaseStoragePersistenceAPIImpl.pushObject(DataBaseStoragePersistenceAPIImpl.java:625)
	at com.dotcms.storage.FileStorageAPIImpl.storeMetadata(FileStorageAPIImpl.java:350)
	at com.dotcms.storage.FileStorageAPIImpl.generateMetaData(FileStorageAPIImpl.java:279)
	at com.dotcms.storage.FileMetadataAPIImpl.generateFullMetadata(FileMetadataAPIImpl.java:217)
	at com.dotcms.storage.FileMetadataAPIImpl.generateContentletMetadata(FileMetadataAPIImpl.java:110)
	at com.dotcms.storage.FileMetadataAPIImpl.generateContentletMetadata(FileMetadataAPIImpl.java:273)
	at com.dotcms.content.elasticsearch.business.ESMappingAPIImpl.writeMetadata(ESMappingAPIImpl.java:431)
	at com.dotcms.content.elasticsearch.business.ESMappingAPIImpl.toMap_aroundBody0(ESMappingAPIImpl.java:399)
	... 93 more
Caused by: com.dotmarketing.exception.DotDataException
	at com.dotcms.storage.DataBaseStoragePersistenceAPIImpl.wrapInTransaction(DataBaseStoragePersistenceAPIImpl.java:96)
	at com.dotcms.storage.DataBaseStoragePersistenceAPIImpl.pushFile(DataBaseStoragePersistenceAPIImpl.java:453)
	at com.dotcms.storage.DataBaseStoragePersistenceAPIImpl.pushObject(DataBaseStoragePersistenceAPIImpl.java:622)
	... 100 more
Caused by: com.dotmarketing.exception.DotRuntimeException: Exception pushing new file. group=[dotmetadata], path=[/1/9/199615f2-fc70-4ff7-8391-e145ad162931/image-metadata.json], fileHash=[ccc74dc2220df91ebd2712a9bf3a90b78f0fa4d8fcb567a660dc83f9b622cbd6]
	at com.dotcms.storage.DataBaseStoragePersistenceAPIImpl.pushNewFile(DataBaseStoragePersistenceAPIImpl.java:556)
	at com.dotcms.storage.DataBaseStoragePersistenceAPIImpl.lambda$14(DataBaseStoragePersistenceAPIImpl.java:467)
	at com.dotmarketing.db.LocalTransaction.wrapReturnWithListeners(LocalTransaction.java:59)
	at com.dotcms.storage.DataBaseStoragePersistenceAPIImpl.wrapInTransaction(DataBaseStoragePersistenceAPIImpl.java:93)
	... 102 more
Caused by: com.dotmarketing.exception.DotDataException: Violation of PRIMARY KEY constraint 'PK__storage___B100AEC9E59FA7C5'. Cannot insert duplicate key in object 'dbo.storage_data'. The duplicate key value is (ccc74dc2220df91ebd2712a9bf3a90b78f0fa4d8fcb567a660dc83f9b622cbd6).
	at com.dotmarketing.common.db.DotConnect.executeUpdate_aroundBody2(DotConnect.java:1227)
	at com.dotmarketing.common.db.DotConnect$AjcClosure3.run(DotConnect.java:1)
	at org.aspectj.runtime.reflect.JoinPointImpl.proceed(JoinPointImpl.java:149)
	at com.dotcms.aspects.aspectj.AspectJDelegateMethodInvocation.proceed(AspectJDelegateMethodInvocation.java:42)
	at com.dotcms.aspects.interceptors.CloseDBIfOpenedMethodInterceptor.invoke(CloseDBIfOpenedMethodInterceptor.java:29)
	at com.dotcms.aspects.aspectj.CloseDBIfOpenedAspect.invoke(CloseDBIfOpenedAspect.java:41)
	at com.dotmarketing.common.db.DotConnect.executeUpdate(DotConnect.java:1214)
	at com.dotmarketing.common.db.DotConnect.executeUpdate(DotConnect.java:1198)
	at com.dotcms.storage.DataBaseStoragePersistenceAPIImpl.pushNewFile(DataBaseStoragePersistenceAPIImpl.java:528)
	... 105 more
Caused by: com.microsoft.sqlserver.jdbc.SQLServerException: Violation of PRIMARY KEY constraint 'PK__storage___B100AEC9E59FA7C5'. Cannot insert duplicate key in object 'dbo.storage_data'. The duplicate key value is (ccc74dc2220df91ebd2712a9bf3a90b78f0fa4d8fcb567a660dc83f9b622cbd6).
	at com.microsoft.sqlserver.jdbc.SQLServerException.makeFromDatabaseError(SQLServerException.java:262)
	at com.microsoft.sqlserver.jdbc.SQLServerStatement.getNextResult(SQLServerStatement.java:1624)
	at com.microsoft.sqlserver.jdbc.SQLServerPreparedStatement.doExecutePreparedStatement(SQLServerPreparedStatement.java:594)
	at com.microsoft.sqlserver.jdbc.SQLServerPreparedStatement$PrepStmtExecCmd.doExecute(SQLServerPreparedStatement.java:524)
	at com.microsoft.sqlserver.jdbc.TDSCommand.execute(IOBuffer.java:7194)
	at com.microsoft.sqlserver.jdbc.SQLServerConnection.executeCommand(SQLServerConnection.java:2979)
	at com.microsoft.sqlserver.jdbc.SQLServerStatement.executeCommand(SQLServerStatement.java:248)
	at com.microsoft.sqlserver.jdbc.SQLServerStatement.executeStatement(SQLServerStatement.java:223)
	at com.microsoft.sqlserver.jdbc.SQLServerPreparedStatement.executeUpdate(SQLServerPreparedStatement.java:473)
	at com.zaxxer.hikari.pool.ProxyPreparedStatement.executeUpdate(ProxyPreparedStatement.java:61)
	at com.zaxxer.hikari.pool.HikariProxyPreparedStatement.executeUpdate(HikariProxyPreparedStatement.java)
	at com.dotmarketing.common.db.DotConnect.executeUpdate_aroundBody2(DotConnect.java:1222)
	... 113 more
</pre>
</span>
</div>
</div>
<div id="tab1" class="tab">
<h2>Tests</h2>
<table>
<thead>
<tr>
<th>Test</th>
<th>Duration</th>
<th>Result</th>
</tr>
</thead>
<tr>
<td class="success">Test_Setting_Track_Hits</td>
<td class="success">0.004s</td>
<td class="success">passed</td>
</tr>
<tr>
<td class="success">Test_TrackHits_SearchCount</td>
<td class="success">7.322s</td>
<td class="success">passed</td>
</tr>
<tr>
<td class="success">findContentlets</td>
<td class="success">0.238s</td>
<td class="success">passed</td>
</tr>
<tr>
<td class="success">findContentletsReturnsInExpectedOrder</td>
<td class="success">1.630s</td>
<td class="success">passed</td>
</tr>
<tr>
<td class="success">saveContentlets</td>
<td class="success">0.026s</td>
<td class="success">passed</td>
</tr>
<tr>
<td class="success">testDeleteVersion_KeepPermissions</td>
<td class="success">1.811s</td>
<td class="success">passed</td>
</tr>
<tr>
<td class="success">testIndexSearchFilteringByDateTime[0: com.dotcms.content.elasticsearch.business.ESContentFactoryImplTest$TestCase@7cd325d8]</td>
<td class="success">1.180s</td>
<td class="success">passed</td>
</tr>
<tr>
<td class="success">testIndexSearchFilteringByDateTime[1: com.dotcms.content.elasticsearch.business.ESContentFactoryImplTest$TestCase@7488eda3]</td>
<td class="success">2.007s</td>
<td class="success">passed</td>
</tr>
<tr>
<td class="success">testIndexSearchFilteringByDateTime[2: com.dotcms.content.elasticsearch.business.ESContentFactoryImplTest$TestCase@7f273b0c]</td>
<td class="success">2.030s</td>
<td class="success">passed</td>
</tr>
<tr>
<td class="success">testIndexSearchFilteringByDateTime[3: com.dotcms.content.elasticsearch.business.ESContentFactoryImplTest$TestCase@346b4815]</td>
<td class="success">2.032s</td>
<td class="success">passed</td>
</tr>
<tr>
<td class="success">testIndexSearchFilteringByDateTime[4: com.dotcms.content.elasticsearch.business.ESContentFactoryImplTest$TestCase@51f356a5]</td>
<td class="success">2.011s</td>
<td class="success">passed</td>
</tr>
<tr>
<td class="success">testIndexSearchFilteringByDateTime[5: com.dotcms.content.elasticsearch.business.ESContentFactoryImplTest$TestCase@62254ccd]</td>
<td class="success">2.048s</td>
<td class="success">passed</td>
</tr>
<tr>
<td class="success">testIndexSearchFilteringByDateTime[6: com.dotcms.content.elasticsearch.business.ESContentFactoryImplTest$TestCase@241ce4de]</td>
<td class="success">2.020s</td>
<td class="success">passed</td>
</tr>
<tr>
<td class="success">testIndexSearchFilteringByDateTime[7: com.dotcms.content.elasticsearch.business.ESContentFactoryImplTest$TestCase@4a593ba8]</td>
<td class="success">2.028s</td>
<td class="success">passed</td>
</tr>
<tr>
<td class="success">testIndexSearchFilteringByDateTime[8: com.dotcms.content.elasticsearch.business.ESContentFactoryImplTest$TestCase@1d41a38]</td>
<td class="success">2.010s</td>
<td class="success">passed</td>
</tr>
<tr>
<td class="success">testIndexSearchFilteringByTime[0: com.dotcms.content.elasticsearch.business.ESContentFactoryImplTest$TestCase@cb73e97]</td>
<td class="success">1.174s</td>
<td class="success">passed</td>
</tr>
<tr>
<td class="success">testIndexSearchFilteringByTime[1: com.dotcms.content.elasticsearch.business.ESContentFactoryImplTest$TestCase@3f125448]</td>
<td class="success">2.004s</td>
<td class="success">passed</td>
</tr>
<tr>
<td class="success">testIndexSearchFilteringByTime[2: com.dotcms.content.elasticsearch.business.ESContentFactoryImplTest$TestCase@338fd9dc]</td>
<td class="success">2.034s</td>
<td class="success">passed</td>
</tr>
<tr>
<td class="success">testIndexSearchFilteringByTime[3: com.dotcms.content.elasticsearch.business.ESContentFactoryImplTest$TestCase@29b42ce5]</td>
<td class="success">1.010s</td>
<td class="success">passed</td>
</tr>
<tr>
<td class="success">testIndexSearchFilteringByTime[4: com.dotcms.content.elasticsearch.business.ESContentFactoryImplTest$TestCase@1c42ecc2]</td>
<td class="success">1.032s</td>
<td class="success">passed</td>
</tr>
<tr>
<td class="success">testIndexSearchFilteringByTime[5: com.dotcms.content.elasticsearch.business.ESContentFactoryImplTest$TestCase@315f5b16]</td>
<td class="success">2.047s</td>
<td class="success">passed</td>
</tr>
<tr>
<td class="success">testModDateDotRawFormatIsValid</td>
<td class="success">0.011s</td>
<td class="success">passed</td>
</tr>
<tr>
<td class="success">testScore</td>
<td class="success">0.808s</td>
<td class="success">passed</td>
</tr>
<tr>
<td class="success">test_cached_es_query_different_responses_for_all_params</td>
<td class="success">2.709s</td>
<td class="success">passed</td>
</tr>
<tr>
<td class="success">test_cached_es_query_response</td>
<td class="success">0.717s</td>
<td class="success">passed</td>
</tr>
<tr>
<td class="success">test_convertContentletToFatContentlet</td>
<td class="success">0.107s</td>
<td class="success">passed</td>
</tr>
<tr>
<td class="success">test_convertContentletToFatContentlet_title_null_props</td>
<td class="success">0.111s</td>
<td class="success">passed</td>
</tr>
<tr>
<td class="success">test_findContentletByIdentifier</td>
<td class="success">1.380s</td>
<td class="success">passed</td>
</tr>
<tr>
<td class="success">test_findContentletByIdentifierAnyLanguage</td>
<td class="success">1.489s</td>
<td class="success">passed</td>
</tr>
<tr>
<td class="success">test_findContentletByIdentifierAnyLanguageIncludeDeleted</td>
<td class="success">1.408s</td>
<td class="success">passed</td>
</tr>
<tr>
<td class="failures">test_findContentletByIdentifierAnyLanguageNoArchived</td>
<td class="failures">1.092s</td>
<td class="failures">failed</td>
</tr>
<tr>
<td class="success">test_translateQueryWithLicense</td>
<td class="success">0.001s</td>
<td class="success">passed</td>
</tr>
<tr>
<td class="success">test_translateQueryWithoutLicense</td>
<td class="success">0.019s</td>
<td class="success">passed</td>
</tr>
<tr>
<td class="success">test_trying_with_bad_sorts</td>
<td class="success">0.017s</td>
<td class="success">passed</td>
</tr>
</table>
</div>
</div>
<div id="footer">
<p>
<div>
<label class="hidden" id="label-for-line-wrapping-toggle" for="line-wrapping-toggle">Wrap lines
<input id="line-wrapping-toggle" type="checkbox" autocomplete="off"/>
</label>
</div>Generated by 
<a href="http://www.gradle.org">Gradle 4.10.2</a> at May 19, 2021, 9:37:42 PM</p>
</div>
</div>
</body>
</html>
