<!DOCTYPE html>
<html>
<head>
<meta http-equiv="Content-Type" content="text/html; charset=utf-8"/>
<meta http-equiv="x-ua-compatible" content="IE=edge"/>
<title>Test results - Class com.dotcms.publishing.PublisherAPIImplTest</title>
<link href="../css/base-style.css" rel="stylesheet" type="text/css"/>
<link href="../css/style.css" rel="stylesheet" type="text/css"/>
<script src="../js/report.js" type="text/javascript"></script>
</head>
<body>
<div id="content">
<h1>Class com.dotcms.publishing.PublisherAPIImplTest</h1>
<div class="breadcrumbs">
<a href="../index.html">all</a> &gt; 
<a href="../packages/com.dotcms.publishing.html">com.dotcms.publishing</a> &gt; PublisherAPIImplTest</div>
<div id="summary">
<table>
<tr>
<td>
<div class="summaryGroup">
<table>
<tr>
<td>
<div class="infoBox" id="tests">
<div class="counter">40</div>
<p>tests</p>
</div>
</td>
<td>
<div class="infoBox" id="failures">
<div class="counter">2</div>
<p>failures</p>
</div>
</td>
<td>
<div class="infoBox" id="ignored">
<div class="counter">0</div>
<p>ignored</p>
</div>
</td>
<td>
<div class="infoBox" id="duration">
<div class="counter">8.228s</div>
<p>duration</p>
</div>
</td>
</tr>
</table>
</div>
</td>
<td>
<div class="infoBox failures" id="successRate">
<div class="percent">95%</div>
<p>successful</p>
</div>
</td>
</tr>
</table>
</div>
<div id="tabs">
<ul class="tabLinks">
<li>
<a href="#tab0">Failed tests</a>
</li>
<li>
<a href="#tab1">Tests</a>
</li>
<li>
<a href="#tab2">Standard output</a>
</li>
</ul>
<div id="tab0" class="tab">
<h2>Failed tests</h2>
<div class="test">
<a name="generateBundle[0: com.dotcms.publishing.PublisherAPIImplTest$TestAsset@5185ca43]"></a>
<h3 class="failures">generateBundle[0: com.dotcms.publishing.PublisherAPIImplTest$TestAsset@5185ca43]</h3>
<span class="code">
<pre>java.lang.AssertionError: File /custom/assets/bundles/01FY5P0AQVYAQPW27M9P1GXNX7/working/System Host/21080230f100f137d458c1348c3500be.category.dpc.xml, not exists, files: /custom/assets/bundles/01FY5P0AQVYAQPW27M9P1GXNX7/a104417c-d1b6-44c4-ade0-ccb17e520b80.workflow.xml, /custom/assets/bundles/01FY5P0AQVYAQPW27M9P1GXNX7/d61a59e1-a49c-46f2-a929-db2b4bfa88b2.workflow.xml, /custom/assets/bundles/01FY5P0AQVYAQPW27M9P1GXNX7/live, /custom/assets/bundles/01FY5P0AQVYAQPW27M9P1GXNX7/live/System Host, /custom/assets/bundles/01FY5P0AQVYAQPW27M9P1GXNX7/live/System Host/1, /custom/assets/bundles/01FY5P0AQVYAQPW27M9P1GXNX7/live/System Host/1/0-content.c77c118c-fafe-4519-b19f-1475d97840b5.content.xml, /custom/assets/bundles/01FY5P0AQVYAQPW27M9P1GXNX7/live/System Host/1/2-content.be49140b-5776-48ae-ad09-8594d38d8bf0.content.xml, /custom/assets/bundles/01FY5P0AQVYAQPW27M9P1GXNX7/live/System Host/1/332ef0c13dbaa8e7ff743afb8d8cb7f6.contentworkflow.xml, /custom/assets/bundles/01FY5P0AQVYAQPW27M9P1GXNX7/live/System Host/1/45dec6855436e381ef67ede78c3dbba0.contentworkflow.xml, /custom/assets/bundles/01FY5P0AQVYAQPW27M9P1GXNX7/live/System Host/1/content.ccd3e988-f263-4e42-9cbe-ca1e807578c9.host.xml, /custom/assets/bundles/01FY5P0AQVYAQPW27M9P1GXNX7/live/System Host/1/content.ff462f88-d9e1-4d31-b084-b73cb61976d3.host.xml, /custom/assets/bundles/01FY5P0AQVYAQPW27M9P1GXNX7/live/System Host/1properties, /custom/assets/bundles/01FY5P0AQVYAQPW27M9P1GXNX7/live/System Host/4502470properties, /custom/assets/bundles/01FY5P0AQVYAQPW27M9P1GXNX7/live/System Host/en_US.language.xml, /custom/assets/bundles/01FY5P0AQVYAQPW27M9P1GXNX7/live/System Host/kv_DW.language.xml, /custom/assets/bundles/01FY5P0AQVYAQPW27M9P1GXNX7/live/default, /custom/assets/bundles/01FY5P0AQVYAQPW27M9P1GXNX7/live/default/4502470, /custom/assets/bundles/01FY5P0AQVYAQPW27M9P1GXNX7/live/default/4502470/1-content.ce20ad28-be69-40ac-a6e5-fb91be5095f1.content.xml, /custom/assets/bundles/01FY5P0AQVYAQPW27M9P1GXNX7/live/default/4502470/d6c27d2722cd7d68784eb39ab0dd5dca.contentworkflow.xml, /custom/assets/bundles/01FY5P0AQVYAQPW27M9P1GXNX7/manifest.csv, /custom/assets/bundles/01FY5P0AQVYAQPW27M9P1GXNX7/working, /custom/assets/bundles/01FY5P0AQVYAQPW27M9P1GXNX7/working/System Host, /custom/assets/bundles/01FY5P0AQVYAQPW27M9P1GXNX7/working/System Host/1, /custom/assets/bundles/01FY5P0AQVYAQPW27M9P1GXNX7/working/System Host/1/content.ff462f88-d9e1-4d31-b084-b73cb61976d3.host.xml, /custom/assets/bundles/01FY5P0AQVYAQPW27M9P1GXNX7/working/System Host/f4d7c1b8-2c88-4071-abf1-a5328977b07d.contentType.json, /custom/assets/bundles/01FY5P0AQVYAQPW27M9P1GXNX7/working/test1647305132735.dotcms.com, /custom/assets/bundles/01FY5P0AQVYAQPW27M9P1GXNX7/working/test1647305132735.dotcms.com/ab1aac02-e5f8-48d4-9833-bf00806788fe.relationship.xml, /custom/assets/bundles/01FY5P0AQVYAQPW27M9P1GXNX7/working/test1647305132735.dotcms.com/ae5b017c9ea1714be5639bca39f2a8e2.contentType.json, /custom/assets/bundles/01FY5P0AQVYAQPW27M9P1GXNX7/working/test1647305132735.dotcms.com/d30f40c49e6503ed555d3d8372a26cdb.contentType.json
	at org.junit.Assert.fail(Assert.java:88)
	at org.junit.Assert.assertTrue(Assert.java:41)
	at com.dotcms.test.util.FileTestUtil.assertBundleFile(FileTestUtil.java:242)
	at com.dotcms.test.util.FileTestUtil.assertBundleFile(FileTestUtil.java:154)
	at com.dotcms.publishing.PublisherAPIImplTest.assertBundle(PublisherAPIImplTest.java:723)
	at com.dotcms.publishing.PublisherAPIImplTest.generateBundle(PublisherAPIImplTest.java:480)
	at java.base/jdk.internal.reflect.NativeMethodAccessorImpl.invoke0(Native Method)
	at java.base/jdk.internal.reflect.NativeMethodAccessorImpl.invoke(NativeMethodAccessorImpl.java:62)
	at java.base/jdk.internal.reflect.DelegatingMethodAccessorImpl.invoke(DelegatingMethodAccessorImpl.java:43)
	at java.base/java.lang.reflect.Method.invoke(Method.java:566)
	at org.junit.runners.model.FrameworkMethod$1.runReflectiveCall(FrameworkMethod.java:50)
	at org.junit.internal.runners.model.ReflectiveCallable.run(ReflectiveCallable.java:12)
	at org.junit.runners.model.FrameworkMethod.invokeExplosively(FrameworkMethod.java:47)
	at com.tngtech.java.junit.dataprovider.DataProviderFrameworkMethod.invokeExplosively(DataProviderFrameworkMethod.java:119)
	at org.junit.internal.runners.statements.InvokeMethod.evaluate(InvokeMethod.java:17)
	at org.junit.rules.TestWatcher$1.evaluate(TestWatcher.java:55)
	at org.junit.rules.RunRules.evaluate(RunRules.java:20)
	at org.junit.runners.ParentRunner.runLeaf(ParentRunner.java:325)
	at com.dotcms.junit.CustomDataProviderRunner.runChild(CustomDataProviderRunner.java:28)
	at com.dotcms.junit.CustomDataProviderRunner.runChild(CustomDataProviderRunner.java:13)
	at org.junit.runners.ParentRunner$3.run(ParentRunner.java:290)
	at org.junit.runners.ParentRunner$1.schedule(ParentRunner.java:71)
	at org.junit.runners.ParentRunner.runChildren(ParentRunner.java:288)
	at org.junit.runners.ParentRunner.access$000(ParentRunner.java:58)
	at org.junit.runners.ParentRunner$2.evaluate(ParentRunner.java:268)
	at org.junit.internal.runners.statements.RunBefores.evaluate(RunBefores.java:26)
	at org.junit.internal.runners.statements.RunAfters.evaluate(RunAfters.java:27)
	at org.junit.runners.ParentRunner.run(ParentRunner.java:363)
	at com.dotcms.junit.MainBaseSuite$DotRunner.run(MainBaseSuite.java:60)
	at org.junit.runners.Suite.runChild(Suite.java:128)
	at org.junit.runners.Suite.runChild(Suite.java:27)
	at org.junit.runners.ParentRunner$3.run(ParentRunner.java:290)
	at org.junit.runners.ParentRunner$1.schedule(ParentRunner.java:71)
	at org.junit.runners.ParentRunner.runChildren(ParentRunner.java:288)
	at org.junit.runners.ParentRunner.access$000(ParentRunner.java:58)
	at org.junit.runners.ParentRunner$2.evaluate(ParentRunner.java:268)
	at org.junit.runners.ParentRunner.run(ParentRunner.java:363)
	at org.gradle.api.internal.tasks.testing.junit.JUnitTestClassExecutor.runTestClass(JUnitTestClassExecutor.java:106)
	at org.gradle.api.internal.tasks.testing.junit.JUnitTestClassExecutor.execute(JUnitTestClassExecutor.java:58)
	at org.gradle.api.internal.tasks.testing.junit.JUnitTestClassExecutor.execute(JUnitTestClassExecutor.java:38)
	at org.gradle.api.internal.tasks.testing.junit.AbstractJUnitTestClassProcessor.processTestClass(AbstractJUnitTestClassProcessor.java:66)
	at org.gradle.api.internal.tasks.testing.SuiteTestClassProcessor.processTestClass(SuiteTestClassProcessor.java:51)
	at java.base/jdk.internal.reflect.NativeMethodAccessorImpl.invoke0(Native Method)
	at java.base/jdk.internal.reflect.NativeMethodAccessorImpl.invoke(NativeMethodAccessorImpl.java:62)
	at java.base/jdk.internal.reflect.DelegatingMethodAccessorImpl.invoke(DelegatingMethodAccessorImpl.java:43)
	at java.base/java.lang.reflect.Method.invoke(Method.java:566)
	at org.gradle.internal.dispatch.ReflectionDispatch.dispatch(ReflectionDispatch.java:35)
	at org.gradle.internal.dispatch.ReflectionDispatch.dispatch(ReflectionDispatch.java:24)
	at org.gradle.internal.dispatch.ContextClassLoaderDispatch.dispatch(ContextClassLoaderDispatch.java:32)
	at org.gradle.internal.dispatch.ProxyDispatchAdapter$DispatchingInvocationHandler.invoke(ProxyDispatchAdapter.java:93)
	at com.sun.proxy.$Proxy2.processTestClass(Unknown Source)
	at org.gradle.api.internal.tasks.testing.worker.TestWorker.processTestClass(TestWorker.java:117)
	at java.base/jdk.internal.reflect.NativeMethodAccessorImpl.invoke0(Native Method)
	at java.base/jdk.internal.reflect.NativeMethodAccessorImpl.invoke(NativeMethodAccessorImpl.java:62)
	at java.base/jdk.internal.reflect.DelegatingMethodAccessorImpl.invoke(DelegatingMethodAccessorImpl.java:43)
	at java.base/java.lang.reflect.Method.invoke(Method.java:566)
	at org.gradle.internal.dispatch.ReflectionDispatch.dispatch(ReflectionDispatch.java:35)
	at org.gradle.internal.dispatch.ReflectionDispatch.dispatch(ReflectionDispatch.java:24)
	at org.gradle.internal.remote.internal.hub.MessageHubBackedObjectConnection$DispatchWrapper.dispatch(MessageHubBackedObjectConnection.java:155)
	at org.gradle.internal.remote.internal.hub.MessageHubBackedObjectConnection$DispatchWrapper.dispatch(MessageHubBackedObjectConnection.java:137)
	at org.gradle.internal.remote.internal.hub.MessageHub$Handler.run(MessageHub.java:404)
	at org.gradle.internal.concurrent.ExecutorPolicy$CatchAndRecordFailures.onExecute(ExecutorPolicy.java:63)
	at org.gradle.internal.concurrent.ManagedExecutorImpl$1.run(ManagedExecutorImpl.java:46)
	at java.base/java.util.concurrent.ThreadPoolExecutor.runWorker(ThreadPoolExecutor.java:1128)
	at java.base/java.util.concurrent.ThreadPoolExecutor$Worker.run(ThreadPoolExecutor.java:628)
	at org.gradle.internal.concurrent.ThreadFactoryImpl$ManagedThreadRunnable.run(ThreadFactoryImpl.java:55)
	at java.base/java.lang.Thread.run(Thread.java:829)
</pre>
</span>
</div>
<div class="test">
<a name="sendPushPublishBundle[0: com.dotcms.publishing.PublisherAPIImplTest$TestAsset@5185ca43]"></a>
<h3 class="failures">sendPushPublishBundle[0: com.dotcms.publishing.PublisherAPIImplTest$TestAsset@5185ca43]</h3>
<span class="code">
<pre>java.lang.AssertionError: File /custom/assets/bundles/01FY5P07T06WYSDZG6AEK8QCT5/working/System Host/21080230f100f137d458c1348c3500be.category.dpc.xml, not exists, files: /custom/assets/bundles/01FY5P07T06WYSDZG6AEK8QCT5/a104417c-d1b6-44c4-ade0-ccb17e520b80.workflow.xml, /custom/assets/bundles/01FY5P07T06WYSDZG6AEK8QCT5/d61a59e1-a49c-46f2-a929-db2b4bfa88b2.workflow.xml, /custom/assets/bundles/01FY5P07T06WYSDZG6AEK8QCT5/live, /custom/assets/bundles/01FY5P07T06WYSDZG6AEK8QCT5/live/System Host, /custom/assets/bundles/01FY5P07T06WYSDZG6AEK8QCT5/live/System Host/1, /custom/assets/bundles/01FY5P07T06WYSDZG6AEK8QCT5/live/System Host/1/0-content.c77c118c-fafe-4519-b19f-1475d97840b5.content.xml, /custom/assets/bundles/01FY5P07T06WYSDZG6AEK8QCT5/live/System Host/1/2-content.be49140b-5776-48ae-ad09-8594d38d8bf0.content.xml, /custom/assets/bundles/01FY5P07T06WYSDZG6AEK8QCT5/live/System Host/1/332ef0c13dbaa8e7ff743afb8d8cb7f6.contentworkflow.xml, /custom/assets/bundles/01FY5P07T06WYSDZG6AEK8QCT5/live/System Host/1/45dec6855436e381ef67ede78c3dbba0.contentworkflow.xml, /custom/assets/bundles/01FY5P07T06WYSDZG6AEK8QCT5/live/System Host/1/content.ccd3e988-f263-4e42-9cbe-ca1e807578c9.host.xml, /custom/assets/bundles/01FY5P07T06WYSDZG6AEK8QCT5/live/System Host/1/content.ff462f88-d9e1-4d31-b084-b73cb61976d3.host.xml, /custom/assets/bundles/01FY5P07T06WYSDZG6AEK8QCT5/live/System Host/1properties, /custom/assets/bundles/01FY5P07T06WYSDZG6AEK8QCT5/live/System Host/4502470properties, /custom/assets/bundles/01FY5P07T06WYSDZG6AEK8QCT5/live/System Host/en_US.language.xml, /custom/assets/bundles/01FY5P07T06WYSDZG6AEK8QCT5/live/System Host/kv_DW.language.xml, /custom/assets/bundles/01FY5P07T06WYSDZG6AEK8QCT5/live/default, /custom/assets/bundles/01FY5P07T06WYSDZG6AEK8QCT5/live/default/4502470, /custom/assets/bundles/01FY5P07T06WYSDZG6AEK8QCT5/live/default/4502470/1-content.ce20ad28-be69-40ac-a6e5-fb91be5095f1.content.xml, /custom/assets/bundles/01FY5P07T06WYSDZG6AEK8QCT5/live/default/4502470/d6c27d2722cd7d68784eb39ab0dd5dca.contentworkflow.xml, /custom/assets/bundles/01FY5P07T06WYSDZG6AEK8QCT5/manifest.csv, /custom/assets/bundles/01FY5P07T06WYSDZG6AEK8QCT5/working, /custom/assets/bundles/01FY5P07T06WYSDZG6AEK8QCT5/working/System Host, /custom/assets/bundles/01FY5P07T06WYSDZG6AEK8QCT5/working/System Host/1, /custom/assets/bundles/01FY5P07T06WYSDZG6AEK8QCT5/working/System Host/1/content.ff462f88-d9e1-4d31-b084-b73cb61976d3.host.xml, /custom/assets/bundles/01FY5P07T06WYSDZG6AEK8QCT5/working/System Host/f4d7c1b8-2c88-4071-abf1-a5328977b07d.contentType.json, /custom/assets/bundles/01FY5P07T06WYSDZG6AEK8QCT5/working/test1647305132735.dotcms.com, /custom/assets/bundles/01FY5P07T06WYSDZG6AEK8QCT5/working/test1647305132735.dotcms.com/ab1aac02-e5f8-48d4-9833-bf00806788fe.relationship.xml, /custom/assets/bundles/01FY5P07T06WYSDZG6AEK8QCT5/working/test1647305132735.dotcms.com/ae5b017c9ea1714be5639bca39f2a8e2.contentType.json, /custom/assets/bundles/01FY5P07T06WYSDZG6AEK8QCT5/working/test1647305132735.dotcms.com/d30f40c49e6503ed555d3d8372a26cdb.contentType.json
	at org.junit.Assert.fail(Assert.java:88)
	at org.junit.Assert.assertTrue(Assert.java:41)
	at com.dotcms.test.util.FileTestUtil.assertBundleFile(FileTestUtil.java:242)
	at com.dotcms.test.util.FileTestUtil.assertBundleFile(FileTestUtil.java:154)
	at com.dotcms.publishing.PublisherAPIImplTest.assertBundle(PublisherAPIImplTest.java:723)
	at com.dotcms.publishing.PublisherAPIImplTest.sendPushPublishBundle(PublisherAPIImplTest.java:664)
	at java.base/jdk.internal.reflect.NativeMethodAccessorImpl.invoke0(Native Method)
	at java.base/jdk.internal.reflect.NativeMethodAccessorImpl.invoke(NativeMethodAccessorImpl.java:62)
	at java.base/jdk.internal.reflect.DelegatingMethodAccessorImpl.invoke(DelegatingMethodAccessorImpl.java:43)
	at java.base/java.lang.reflect.Method.invoke(Method.java:566)
	at org.junit.runners.model.FrameworkMethod$1.runReflectiveCall(FrameworkMethod.java:50)
	at org.junit.internal.runners.model.ReflectiveCallable.run(ReflectiveCallable.java:12)
	at org.junit.runners.model.FrameworkMethod.invokeExplosively(FrameworkMethod.java:47)
	at com.tngtech.java.junit.dataprovider.DataProviderFrameworkMethod.invokeExplosively(DataProviderFrameworkMethod.java:119)
	at org.junit.internal.runners.statements.InvokeMethod.evaluate(InvokeMethod.java:17)
	at org.junit.rules.TestWatcher$1.evaluate(TestWatcher.java:55)
	at org.junit.rules.RunRules.evaluate(RunRules.java:20)
	at org.junit.runners.ParentRunner.runLeaf(ParentRunner.java:325)
	at com.dotcms.junit.CustomDataProviderRunner.runChild(CustomDataProviderRunner.java:28)
	at com.dotcms.junit.CustomDataProviderRunner.runChild(CustomDataProviderRunner.java:13)
	at org.junit.runners.ParentRunner$3.run(ParentRunner.java:290)
	at org.junit.runners.ParentRunner$1.schedule(ParentRunner.java:71)
	at org.junit.runners.ParentRunner.runChildren(ParentRunner.java:288)
	at org.junit.runners.ParentRunner.access$000(ParentRunner.java:58)
	at org.junit.runners.ParentRunner$2.evaluate(ParentRunner.java:268)
	at org.junit.internal.runners.statements.RunBefores.evaluate(RunBefores.java:26)
	at org.junit.internal.runners.statements.RunAfters.evaluate(RunAfters.java:27)
	at org.junit.runners.ParentRunner.run(ParentRunner.java:363)
	at com.dotcms.junit.MainBaseSuite$DotRunner.run(MainBaseSuite.java:60)
	at org.junit.runners.Suite.runChild(Suite.java:128)
	at org.junit.runners.Suite.runChild(Suite.java:27)
	at org.junit.runners.ParentRunner$3.run(ParentRunner.java:290)
	at org.junit.runners.ParentRunner$1.schedule(ParentRunner.java:71)
	at org.junit.runners.ParentRunner.runChildren(ParentRunner.java:288)
	at org.junit.runners.ParentRunner.access$000(ParentRunner.java:58)
	at org.junit.runners.ParentRunner$2.evaluate(ParentRunner.java:268)
	at org.junit.runners.ParentRunner.run(ParentRunner.java:363)
	at org.gradle.api.internal.tasks.testing.junit.JUnitTestClassExecutor.runTestClass(JUnitTestClassExecutor.java:106)
	at org.gradle.api.internal.tasks.testing.junit.JUnitTestClassExecutor.execute(JUnitTestClassExecutor.java:58)
	at org.gradle.api.internal.tasks.testing.junit.JUnitTestClassExecutor.execute(JUnitTestClassExecutor.java:38)
	at org.gradle.api.internal.tasks.testing.junit.AbstractJUnitTestClassProcessor.processTestClass(AbstractJUnitTestClassProcessor.java:66)
	at org.gradle.api.internal.tasks.testing.SuiteTestClassProcessor.processTestClass(SuiteTestClassProcessor.java:51)
	at java.base/jdk.internal.reflect.NativeMethodAccessorImpl.invoke0(Native Method)
	at java.base/jdk.internal.reflect.NativeMethodAccessorImpl.invoke(NativeMethodAccessorImpl.java:62)
	at java.base/jdk.internal.reflect.DelegatingMethodAccessorImpl.invoke(DelegatingMethodAccessorImpl.java:43)
	at java.base/java.lang.reflect.Method.invoke(Method.java:566)
	at org.gradle.internal.dispatch.ReflectionDispatch.dispatch(ReflectionDispatch.java:35)
	at org.gradle.internal.dispatch.ReflectionDispatch.dispatch(ReflectionDispatch.java:24)
	at org.gradle.internal.dispatch.ContextClassLoaderDispatch.dispatch(ContextClassLoaderDispatch.java:32)
	at org.gradle.internal.dispatch.ProxyDispatchAdapter$DispatchingInvocationHandler.invoke(ProxyDispatchAdapter.java:93)
	at com.sun.proxy.$Proxy2.processTestClass(Unknown Source)
	at org.gradle.api.internal.tasks.testing.worker.TestWorker.processTestClass(TestWorker.java:117)
	at java.base/jdk.internal.reflect.NativeMethodAccessorImpl.invoke0(Native Method)
	at java.base/jdk.internal.reflect.NativeMethodAccessorImpl.invoke(NativeMethodAccessorImpl.java:62)
	at java.base/jdk.internal.reflect.DelegatingMethodAccessorImpl.invoke(DelegatingMethodAccessorImpl.java:43)
	at java.base/java.lang.reflect.Method.invoke(Method.java:566)
	at org.gradle.internal.dispatch.ReflectionDispatch.dispatch(ReflectionDispatch.java:35)
	at org.gradle.internal.dispatch.ReflectionDispatch.dispatch(ReflectionDispatch.java:24)
	at org.gradle.internal.remote.internal.hub.MessageHubBackedObjectConnection$DispatchWrapper.dispatch(MessageHubBackedObjectConnection.java:155)
	at org.gradle.internal.remote.internal.hub.MessageHubBackedObjectConnection$DispatchWrapper.dispatch(MessageHubBackedObjectConnection.java:137)
	at org.gradle.internal.remote.internal.hub.MessageHub$Handler.run(MessageHub.java:404)
	at org.gradle.internal.concurrent.ExecutorPolicy$CatchAndRecordFailures.onExecute(ExecutorPolicy.java:63)
	at org.gradle.internal.concurrent.ManagedExecutorImpl$1.run(ManagedExecutorImpl.java:46)
	at java.base/java.util.concurrent.ThreadPoolExecutor.runWorker(ThreadPoolExecutor.java:1128)
	at java.base/java.util.concurrent.ThreadPoolExecutor$Worker.run(ThreadPoolExecutor.java:628)
	at org.gradle.internal.concurrent.ThreadFactoryImpl$ManagedThreadRunnable.run(ThreadFactoryImpl.java:55)
	at java.base/java.lang.Thread.run(Thread.java:829)
</pre>
</span>
</div>
</div>
<div id="tab1" class="tab">
<h2>Tests</h2>
<table>
<thead>
<tr>
<th>Test</th>
<th>Duration</th>
<th>Result</th>
</tr>
</thead>
<tr>
<td class="success">generateBundle[0: com.dotcms.publishing.PublisherAPIImplTest$TestAsset@5185ca43]</td>
<td class="success">0.138s</td>
<td class="success">passed</td>
</tr>
<tr>
<td class="failures">generateBundle[0: com.dotcms.publishing.PublisherAPIImplTest$TestAsset@5185ca43]</td>
<td class="failures">0.108s</td>
<td class="failures">failed</td>
</tr>
<tr>
<td class="success">generateBundle[1: com.dotcms.publishing.PublisherAPIImplTest$TestAsset@42b00fc6]</td>
<td class="success">0.148s</td>
<td class="success">passed</td>
</tr>
<tr>
<td class="success">generateBundle[1: com.dotcms.publishing.PublisherAPIImplTest$TestAsset@42b00fc6]</td>
<td class="success">0.145s</td>
<td class="success">passed</td>
</tr>
<tr>
<td class="success">generateBundle[2: com.dotcms.publishing.PublisherAPIImplTest$TestAsset@68c8689b]</td>
<td class="success">0.118s</td>
<td class="success">passed</td>
</tr>
<tr>
<td class="success">generateBundle[2: com.dotcms.publishing.PublisherAPIImplTest$TestAsset@68c8689b]</td>
<td class="success">0.132s</td>
<td class="success">passed</td>
</tr>
<tr>
<td class="success">generateBundle[3: com.dotcms.publishing.PublisherAPIImplTest$TestAsset@5db58a14]</td>
<td class="success">0.174s</td>
<td class="success">passed</td>
</tr>
<tr>
<td class="success">generateBundle[3: com.dotcms.publishing.PublisherAPIImplTest$TestAsset@5db58a14]</td>
<td class="success">0.232s</td>
<td class="success">passed</td>
</tr>
<tr>
<td class="success">generateBundle[4: com.dotcms.publishing.PublisherAPIImplTest$TestAsset@229d8433]</td>
<td class="success">0.156s</td>
<td class="success">passed</td>
</tr>
<tr>
<td class="success">generateBundle[4: com.dotcms.publishing.PublisherAPIImplTest$TestAsset@229d8433]</td>
<td class="success">0.196s</td>
<td class="success">passed</td>
</tr>
<tr>
<td class="success">generateBundle[5: com.dotcms.publishing.PublisherAPIImplTest$TestAsset@60116199]</td>
<td class="success">0.098s</td>
<td class="success">passed</td>
</tr>
<tr>
<td class="success">generateBundle[5: com.dotcms.publishing.PublisherAPIImplTest$TestAsset@60116199]</td>
<td class="success">0.113s</td>
<td class="success">passed</td>
</tr>
<tr>
<td class="success">generateBundle[6: com.dotcms.publishing.PublisherAPIImplTest$TestAsset@4b3641b0]</td>
<td class="success">0.115s</td>
<td class="success">passed</td>
</tr>
<tr>
<td class="success">generateBundle[6: com.dotcms.publishing.PublisherAPIImplTest$TestAsset@4b3641b0]</td>
<td class="success">0.085s</td>
<td class="success">passed</td>
</tr>
<tr>
<td class="success">generateBundle[7: com.dotcms.publishing.PublisherAPIImplTest$TestAsset@3a2287e8]</td>
<td class="success">0.141s</td>
<td class="success">passed</td>
</tr>
<tr>
<td class="success">generateBundle[7: com.dotcms.publishing.PublisherAPIImplTest$TestAsset@3a2287e8]</td>
<td class="success">0.092s</td>
<td class="success">passed</td>
</tr>
<tr>
<td class="success">generateBundle[8: com.dotcms.publishing.PublisherAPIImplTest$TestAsset@74d03083]</td>
<td class="success">0.050s</td>
<td class="success">passed</td>
</tr>
<tr>
<td class="success">generateBundle[8: com.dotcms.publishing.PublisherAPIImplTest$TestAsset@74d03083]</td>
<td class="success">0.044s</td>
<td class="success">passed</td>
</tr>
<tr>
<td class="success">generateBundle[9: com.dotcms.publishing.PublisherAPIImplTest$TestAsset@1fa69a29]</td>
<td class="success">0.208s</td>
<td class="success">passed</td>
</tr>
<tr>
<td class="success">generateBundle[9: com.dotcms.publishing.PublisherAPIImplTest$TestAsset@1fa69a29]</td>
<td class="success">0.157s</td>
<td class="success">passed</td>
</tr>
<tr>
<td class="failures">sendPushPublishBundle[0: com.dotcms.publishing.PublisherAPIImplTest$TestAsset@5185ca43]</td>
<td class="failures">0.321s</td>
<td class="failures">failed</td>
</tr>
<tr>
<td class="success">sendPushPublishBundle[0: com.dotcms.publishing.PublisherAPIImplTest$TestAsset@5185ca43]</td>
<td class="success">0.424s</td>
<td class="success">passed</td>
</tr>
<tr>
<td class="success">sendPushPublishBundle[1: com.dotcms.publishing.PublisherAPIImplTest$TestAsset@42b00fc6]</td>
<td class="success">0.505s</td>
<td class="success">passed</td>
</tr>
<tr>
<td class="success">sendPushPublishBundle[1: com.dotcms.publishing.PublisherAPIImplTest$TestAsset@42b00fc6]</td>
<td class="success">0.222s</td>
<td class="success">passed</td>
</tr>
<tr>
<td class="success">sendPushPublishBundle[2: com.dotcms.publishing.PublisherAPIImplTest$TestAsset@68c8689b]</td>
<td class="success">0.365s</td>
<td class="success">passed</td>
</tr>
<tr>
<td class="success">sendPushPublishBundle[2: com.dotcms.publishing.PublisherAPIImplTest$TestAsset@68c8689b]</td>
<td class="success">0.217s</td>
<td class="success">passed</td>
</tr>
<tr>
<td class="success">sendPushPublishBundle[3: com.dotcms.publishing.PublisherAPIImplTest$TestAsset@5db58a14]</td>
<td class="success">0.353s</td>
<td class="success">passed</td>
</tr>
<tr>
<td class="success">sendPushPublishBundle[3: com.dotcms.publishing.PublisherAPIImplTest$TestAsset@5db58a14]</td>
<td class="success">0.451s</td>
<td class="success">passed</td>
</tr>
<tr>
<td class="success">sendPushPublishBundle[4: com.dotcms.publishing.PublisherAPIImplTest$TestAsset@229d8433]</td>
<td class="success">0.382s</td>
<td class="success">passed</td>
</tr>
<tr>
<td class="success">sendPushPublishBundle[4: com.dotcms.publishing.PublisherAPIImplTest$TestAsset@229d8433]</td>
<td class="success">0.390s</td>
<td class="success">passed</td>
</tr>
<tr>
<td class="success">sendPushPublishBundle[5: com.dotcms.publishing.PublisherAPIImplTest$TestAsset@60116199]</td>
<td class="success">0.240s</td>
<td class="success">passed</td>
</tr>
<tr>
<td class="success">sendPushPublishBundle[5: com.dotcms.publishing.PublisherAPIImplTest$TestAsset@60116199]</td>
<td class="success">0.281s</td>
<td class="success">passed</td>
</tr>
<tr>
<td class="success">sendPushPublishBundle[6: com.dotcms.publishing.PublisherAPIImplTest$TestAsset@4b3641b0]</td>
<td class="success">0.209s</td>
<td class="success">passed</td>
</tr>
<tr>
<td class="success">sendPushPublishBundle[6: com.dotcms.publishing.PublisherAPIImplTest$TestAsset@4b3641b0]</td>
<td class="success">0.199s</td>
<td class="success">passed</td>
</tr>
<tr>
<td class="success">sendPushPublishBundle[7: com.dotcms.publishing.PublisherAPIImplTest$TestAsset@3a2287e8]</td>
<td class="success">0.169s</td>
<td class="success">passed</td>
</tr>
<tr>
<td class="success">sendPushPublishBundle[7: com.dotcms.publishing.PublisherAPIImplTest$TestAsset@3a2287e8]</td>
<td class="success">0.153s</td>
<td class="success">passed</td>
</tr>
<tr>
<td class="success">sendPushPublishBundle[8: com.dotcms.publishing.PublisherAPIImplTest$TestAsset@74d03083]</td>
<td class="success">0.102s</td>
<td class="success">passed</td>
</tr>
<tr>
<td class="success">sendPushPublishBundle[8: com.dotcms.publishing.PublisherAPIImplTest$TestAsset@74d03083]</td>
<td class="success">0.138s</td>
<td class="success">passed</td>
</tr>
<tr>
<td class="success">sendPushPublishBundle[9: com.dotcms.publishing.PublisherAPIImplTest$TestAsset@1fa69a29]</td>
<td class="success">0.235s</td>
<td class="success">passed</td>
</tr>
<tr>
<td class="success">sendPushPublishBundle[9: com.dotcms.publishing.PublisherAPIImplTest$TestAsset@1fa69a29]</td>
<td class="success">0.222s</td>
<td class="success">passed</td>
</tr>
</table>
</div>
<div id="tab2" class="tab">
<h2>Standard output</h2>
<span class="code">
<pre>































































































































































































































































































































































</pre>
</span>
</div>
</div>
<div id="footer">
<p>
<div>
<label class="hidden" id="label-for-line-wrapping-toggle" for="line-wrapping-toggle">Wrap lines
<input id="line-wrapping-toggle" type="checkbox" autocomplete="off"/>
</label>
</div>Generated by 
<a href="http://www.gradle.org">Gradle 4.10.2</a> at Mar 15, 2022, 2:20:25 AM</p>
</div>
</div>
</body>
</html>
