<!DOCTYPE html>
<html>
<head>
<meta http-equiv="Content-Type" content="text/html; charset=utf-8"/>
<meta http-equiv="x-ua-compatible" content="IE=edge"/>
<title>Test results - Class com.dotcms.publishing.PublisherAPIImplTest</title>
<link href="../css/base-style.css" rel="stylesheet" type="text/css"/>
<link href="../css/style.css" rel="stylesheet" type="text/css"/>
<script src="../js/report.js" type="text/javascript"></script>
</head>
<body>
<div id="content">
<h1>Class com.dotcms.publishing.PublisherAPIImplTest</h1>
<div class="breadcrumbs">
<a href="../index.html">all</a> &gt; 
<a href="../packages/com.dotcms.publishing.html">com.dotcms.publishing</a> &gt; PublisherAPIImplTest</div>
<div id="summary">
<table>
<tr>
<td>
<div class="summaryGroup">
<table>
<tr>
<td>
<div class="infoBox" id="tests">
<div class="counter">40</div>
<p>tests</p>
</div>
</td>
<td>
<div class="infoBox" id="failures">
<div class="counter">2</div>
<p>failures</p>
</div>
</td>
<td>
<div class="infoBox" id="ignored">
<div class="counter">0</div>
<p>ignored</p>
</div>
</td>
<td>
<div class="infoBox" id="duration">
<div class="counter">9.791s</div>
<p>duration</p>
</div>
</td>
</tr>
</table>
</div>
</td>
<td>
<div class="infoBox failures" id="successRate">
<div class="percent">95%</div>
<p>successful</p>
</div>
</td>
</tr>
</table>
</div>
<div id="tabs">
<ul class="tabLinks">
<li>
<a href="#tab0">Failed tests</a>
</li>
<li>
<a href="#tab1">Tests</a>
</li>
<li>
<a href="#tab2">Standard output</a>
</li>
</ul>
<div id="tab0" class="tab">
<h2>Failed tests</h2>
<div class="test">
<a name="generateBundle[0: com.dotcms.publishing.PublisherAPIImplTest$TestAsset@61841d41]"></a>
<h3 class="failures">generateBundle[0: com.dotcms.publishing.PublisherAPIImplTest$TestAsset@61841d41]</h3>
<span class="code">
<pre>java.lang.AssertionError: File /custom/assets/bundles/01FYFFBA5PWNCG2HXW0N4217VP/working/System Host/1db465f370a42c08074add2379452c76.category.dpc.xml, not exists, files: /custom/assets/bundles/01FYFFBA5PWNCG2HXW0N4217VP/79c587ca-7c60-42f2-ba8c-e25064d71023.workflow.xml, /custom/assets/bundles/01FYFFBA5PWNCG2HXW0N4217VP/d61a59e1-a49c-46f2-a929-db2b4bfa88b2.workflow.xml, /custom/assets/bundles/01FYFFBA5PWNCG2HXW0N4217VP/live, /custom/assets/bundles/01FYFFBA5PWNCG2HXW0N4217VP/live/System Host, /custom/assets/bundles/01FYFFBA5PWNCG2HXW0N4217VP/live/System Host/1, /custom/assets/bundles/01FYFFBA5PWNCG2HXW0N4217VP/live/System Host/1/0-content.735da296-12f9-47fe-80ea-77ee891b8f3d.content.xml, /custom/assets/bundles/01FYFFBA5PWNCG2HXW0N4217VP/live/System Host/1/1-content.762ce0f4-275d-4a37-97c5-79b3267181be.content.xml, /custom/assets/bundles/01FYFFBA5PWNCG2HXW0N4217VP/live/System Host/1/975a02910fcf452adaf324314ebe4626.contentworkflow.xml, /custom/assets/bundles/01FYFFBA5PWNCG2HXW0N4217VP/live/System Host/1/cff85b6460b239015598d8c40ffa2641.contentworkflow.xml, /custom/assets/bundles/01FYFFBA5PWNCG2HXW0N4217VP/live/System Host/1/content.5d929332-e5d7-4b01-a5df-1ea8f32e9203.host.xml, /custom/assets/bundles/01FYFFBA5PWNCG2HXW0N4217VP/live/System Host/1/content.ff462f88-d9e1-4d31-b084-b73cb61976d3.host.xml, /custom/assets/bundles/01FYFFBA5PWNCG2HXW0N4217VP/live/System Host/1properties, /custom/assets/bundles/01FYFFBA5PWNCG2HXW0N4217VP/live/System Host/4696219properties, /custom/assets/bundles/01FYFFBA5PWNCG2HXW0N4217VP/live/System Host/en_US.language.xml, /custom/assets/bundles/01FYFFBA5PWNCG2HXW0N4217VP/live/System Host/kr_LB.language.xml, /custom/assets/bundles/01FYFFBA5PWNCG2HXW0N4217VP/live/default, /custom/assets/bundles/01FYFFBA5PWNCG2HXW0N4217VP/live/default/4696219, /custom/assets/bundles/01FYFFBA5PWNCG2HXW0N4217VP/live/default/4696219/2-content.ccc2cdcf-0d27-4987-969d-6c2aa259e95c.content.xml, /custom/assets/bundles/01FYFFBA5PWNCG2HXW0N4217VP/live/default/4696219/801ce87f05ba89a1435dd692d7a0ff6e.contentworkflow.xml, /custom/assets/bundles/01FYFFBA5PWNCG2HXW0N4217VP/manifest.csv, /custom/assets/bundles/01FYFFBA5PWNCG2HXW0N4217VP/working, /custom/assets/bundles/01FYFFBA5PWNCG2HXW0N4217VP/working/System Host, /custom/assets/bundles/01FYFFBA5PWNCG2HXW0N4217VP/working/System Host/1, /custom/assets/bundles/01FYFFBA5PWNCG2HXW0N4217VP/working/System Host/1/content.ff462f88-d9e1-4d31-b084-b73cb61976d3.host.xml, /custom/assets/bundles/01FYFFBA5PWNCG2HXW0N4217VP/working/System Host/f4d7c1b8-2c88-4071-abf1-a5328977b07d.contentType.json, /custom/assets/bundles/01FYFFBA5PWNCG2HXW0N4217VP/working/test1647633836997.dotcms.com, /custom/assets/bundles/01FYFFBA5PWNCG2HXW0N4217VP/working/test1647633836997.dotcms.com/004e01ba9aef9089cdb1512bdbe8a6cb.contentType.json, /custom/assets/bundles/01FYFFBA5PWNCG2HXW0N4217VP/working/test1647633836997.dotcms.com/291065c383f17950a6790c5324bfe080.contentType.json, /custom/assets/bundles/01FYFFBA5PWNCG2HXW0N4217VP/working/test1647633836997.dotcms.com/be0c4884-e40b-4486-9b37-15a0271b2b68.relationship.xml
	at org.junit.Assert.fail(Assert.java:88)
	at org.junit.Assert.assertTrue(Assert.java:41)
	at com.dotcms.test.util.FileTestUtil.assertBundleFile(FileTestUtil.java:242)
	at com.dotcms.test.util.FileTestUtil.assertBundleFile(FileTestUtil.java:154)
	at com.dotcms.publishing.PublisherAPIImplTest.assertBundle(PublisherAPIImplTest.java:723)
	at com.dotcms.publishing.PublisherAPIImplTest.generateBundle(PublisherAPIImplTest.java:480)
	at java.base/jdk.internal.reflect.NativeMethodAccessorImpl.invoke0(Native Method)
	at java.base/jdk.internal.reflect.NativeMethodAccessorImpl.invoke(NativeMethodAccessorImpl.java:62)
	at java.base/jdk.internal.reflect.DelegatingMethodAccessorImpl.invoke(DelegatingMethodAccessorImpl.java:43)
	at java.base/java.lang.reflect.Method.invoke(Method.java:566)
	at org.junit.runners.model.FrameworkMethod$1.runReflectiveCall(FrameworkMethod.java:50)
	at org.junit.internal.runners.model.ReflectiveCallable.run(ReflectiveCallable.java:12)
	at org.junit.runners.model.FrameworkMethod.invokeExplosively(FrameworkMethod.java:47)
	at com.tngtech.java.junit.dataprovider.DataProviderFrameworkMethod.invokeExplosively(DataProviderFrameworkMethod.java:119)
	at org.junit.internal.runners.statements.InvokeMethod.evaluate(InvokeMethod.java:17)
	at org.junit.rules.TestWatcher$1.evaluate(TestWatcher.java:55)
	at org.junit.rules.RunRules.evaluate(RunRules.java:20)
	at org.junit.runners.ParentRunner.runLeaf(ParentRunner.java:325)
	at com.dotcms.junit.CustomDataProviderRunner.runChild(CustomDataProviderRunner.java:28)
	at com.dotcms.junit.CustomDataProviderRunner.runChild(CustomDataProviderRunner.java:13)
	at org.junit.runners.ParentRunner$3.run(ParentRunner.java:290)
	at org.junit.runners.ParentRunner$1.schedule(ParentRunner.java:71)
	at org.junit.runners.ParentRunner.runChildren(ParentRunner.java:288)
	at org.junit.runners.ParentRunner.access$000(ParentRunner.java:58)
	at org.junit.runners.ParentRunner$2.evaluate(ParentRunner.java:268)
	at org.junit.internal.runners.statements.RunBefores.evaluate(RunBefores.java:26)
	at org.junit.internal.runners.statements.RunAfters.evaluate(RunAfters.java:27)
	at org.junit.runners.ParentRunner.run(ParentRunner.java:363)
	at com.dotcms.junit.MainBaseSuite$DotRunner.run(MainBaseSuite.java:60)
	at org.junit.runners.Suite.runChild(Suite.java:128)
	at org.junit.runners.Suite.runChild(Suite.java:27)
	at org.junit.runners.ParentRunner$3.run(ParentRunner.java:290)
	at org.junit.runners.ParentRunner$1.schedule(ParentRunner.java:71)
	at org.junit.runners.ParentRunner.runChildren(ParentRunner.java:288)
	at org.junit.runners.ParentRunner.access$000(ParentRunner.java:58)
	at org.junit.runners.ParentRunner$2.evaluate(ParentRunner.java:268)
	at org.junit.runners.ParentRunner.run(ParentRunner.java:363)
	at org.gradle.api.internal.tasks.testing.junit.JUnitTestClassExecutor.runTestClass(JUnitTestClassExecutor.java:106)
	at org.gradle.api.internal.tasks.testing.junit.JUnitTestClassExecutor.execute(JUnitTestClassExecutor.java:58)
	at org.gradle.api.internal.tasks.testing.junit.JUnitTestClassExecutor.execute(JUnitTestClassExecutor.java:38)
	at org.gradle.api.internal.tasks.testing.junit.AbstractJUnitTestClassProcessor.processTestClass(AbstractJUnitTestClassProcessor.java:66)
	at org.gradle.api.internal.tasks.testing.SuiteTestClassProcessor.processTestClass(SuiteTestClassProcessor.java:51)
	at java.base/jdk.internal.reflect.NativeMethodAccessorImpl.invoke0(Native Method)
	at java.base/jdk.internal.reflect.NativeMethodAccessorImpl.invoke(NativeMethodAccessorImpl.java:62)
	at java.base/jdk.internal.reflect.DelegatingMethodAccessorImpl.invoke(DelegatingMethodAccessorImpl.java:43)
	at java.base/java.lang.reflect.Method.invoke(Method.java:566)
	at org.gradle.internal.dispatch.ReflectionDispatch.dispatch(ReflectionDispatch.java:35)
	at org.gradle.internal.dispatch.ReflectionDispatch.dispatch(ReflectionDispatch.java:24)
	at org.gradle.internal.dispatch.ContextClassLoaderDispatch.dispatch(ContextClassLoaderDispatch.java:32)
	at org.gradle.internal.dispatch.ProxyDispatchAdapter$DispatchingInvocationHandler.invoke(ProxyDispatchAdapter.java:93)
	at com.sun.proxy.$Proxy2.processTestClass(Unknown Source)
	at org.gradle.api.internal.tasks.testing.worker.TestWorker.processTestClass(TestWorker.java:117)
	at java.base/jdk.internal.reflect.NativeMethodAccessorImpl.invoke0(Native Method)
	at java.base/jdk.internal.reflect.NativeMethodAccessorImpl.invoke(NativeMethodAccessorImpl.java:62)
	at java.base/jdk.internal.reflect.DelegatingMethodAccessorImpl.invoke(DelegatingMethodAccessorImpl.java:43)
	at java.base/java.lang.reflect.Method.invoke(Method.java:566)
	at org.gradle.internal.dispatch.ReflectionDispatch.dispatch(ReflectionDispatch.java:35)
	at org.gradle.internal.dispatch.ReflectionDispatch.dispatch(ReflectionDispatch.java:24)
	at org.gradle.internal.remote.internal.hub.MessageHubBackedObjectConnection$DispatchWrapper.dispatch(MessageHubBackedObjectConnection.java:155)
	at org.gradle.internal.remote.internal.hub.MessageHubBackedObjectConnection$DispatchWrapper.dispatch(MessageHubBackedObjectConnection.java:137)
	at org.gradle.internal.remote.internal.hub.MessageHub$Handler.run(MessageHub.java:404)
	at org.gradle.internal.concurrent.ExecutorPolicy$CatchAndRecordFailures.onExecute(ExecutorPolicy.java:63)
	at org.gradle.internal.concurrent.ManagedExecutorImpl$1.run(ManagedExecutorImpl.java:46)
	at java.base/java.util.concurrent.ThreadPoolExecutor.runWorker(ThreadPoolExecutor.java:1128)
	at java.base/java.util.concurrent.ThreadPoolExecutor$Worker.run(ThreadPoolExecutor.java:628)
	at org.gradle.internal.concurrent.ThreadFactoryImpl$ManagedThreadRunnable.run(ThreadFactoryImpl.java:55)
	at java.base/java.lang.Thread.run(Thread.java:829)
</pre>
</span>
</div>
<div class="test">
<a name="sendPushPublishBundle[0: com.dotcms.publishing.PublisherAPIImplTest$TestAsset@61841d41]"></a>
<h3 class="failures">sendPushPublishBundle[0: com.dotcms.publishing.PublisherAPIImplTest$TestAsset@61841d41]</h3>
<span class="code">
<pre>java.lang.AssertionError: File /custom/assets/bundles/01FYFFB6T8GMG263S81E6J8830/working/System Host/1db465f370a42c08074add2379452c76.category.dpc.xml, not exists, files: /custom/assets/bundles/01FYFFB6T8GMG263S81E6J8830/79c587ca-7c60-42f2-ba8c-e25064d71023.workflow.xml, /custom/assets/bundles/01FYFFB6T8GMG263S81E6J8830/d61a59e1-a49c-46f2-a929-db2b4bfa88b2.workflow.xml, /custom/assets/bundles/01FYFFB6T8GMG263S81E6J8830/live, /custom/assets/bundles/01FYFFB6T8GMG263S81E6J8830/live/System Host, /custom/assets/bundles/01FYFFB6T8GMG263S81E6J8830/live/System Host/1, /custom/assets/bundles/01FYFFB6T8GMG263S81E6J8830/live/System Host/1/0-content.735da296-12f9-47fe-80ea-77ee891b8f3d.content.xml, /custom/assets/bundles/01FYFFB6T8GMG263S81E6J8830/live/System Host/1/1-content.762ce0f4-275d-4a37-97c5-79b3267181be.content.xml, /custom/assets/bundles/01FYFFB6T8GMG263S81E6J8830/live/System Host/1/975a02910fcf452adaf324314ebe4626.contentworkflow.xml, /custom/assets/bundles/01FYFFB6T8GMG263S81E6J8830/live/System Host/1/cff85b6460b239015598d8c40ffa2641.contentworkflow.xml, /custom/assets/bundles/01FYFFB6T8GMG263S81E6J8830/live/System Host/1/content.5d929332-e5d7-4b01-a5df-1ea8f32e9203.host.xml, /custom/assets/bundles/01FYFFB6T8GMG263S81E6J8830/live/System Host/1/content.ff462f88-d9e1-4d31-b084-b73cb61976d3.host.xml, /custom/assets/bundles/01FYFFB6T8GMG263S81E6J8830/live/System Host/1properties, /custom/assets/bundles/01FYFFB6T8GMG263S81E6J8830/live/System Host/4696219properties, /custom/assets/bundles/01FYFFB6T8GMG263S81E6J8830/live/System Host/en_US.language.xml, /custom/assets/bundles/01FYFFB6T8GMG263S81E6J8830/live/System Host/kr_LB.language.xml, /custom/assets/bundles/01FYFFB6T8GMG263S81E6J8830/live/default, /custom/assets/bundles/01FYFFB6T8GMG263S81E6J8830/live/default/4696219, /custom/assets/bundles/01FYFFB6T8GMG263S81E6J8830/live/default/4696219/2-content.ccc2cdcf-0d27-4987-969d-6c2aa259e95c.content.xml, /custom/assets/bundles/01FYFFB6T8GMG263S81E6J8830/live/default/4696219/801ce87f05ba89a1435dd692d7a0ff6e.contentworkflow.xml, /custom/assets/bundles/01FYFFB6T8GMG263S81E6J8830/manifest.csv, /custom/assets/bundles/01FYFFB6T8GMG263S81E6J8830/working, /custom/assets/bundles/01FYFFB6T8GMG263S81E6J8830/working/System Host, /custom/assets/bundles/01FYFFB6T8GMG263S81E6J8830/working/System Host/1, /custom/assets/bundles/01FYFFB6T8GMG263S81E6J8830/working/System Host/1/content.ff462f88-d9e1-4d31-b084-b73cb61976d3.host.xml, /custom/assets/bundles/01FYFFB6T8GMG263S81E6J8830/working/System Host/f4d7c1b8-2c88-4071-abf1-a5328977b07d.contentType.json, /custom/assets/bundles/01FYFFB6T8GMG263S81E6J8830/working/test1647633836997.dotcms.com, /custom/assets/bundles/01FYFFB6T8GMG263S81E6J8830/working/test1647633836997.dotcms.com/004e01ba9aef9089cdb1512bdbe8a6cb.contentType.json, /custom/assets/bundles/01FYFFB6T8GMG263S81E6J8830/working/test1647633836997.dotcms.com/291065c383f17950a6790c5324bfe080.contentType.json, /custom/assets/bundles/01FYFFB6T8GMG263S81E6J8830/working/test1647633836997.dotcms.com/be0c4884-e40b-4486-9b37-15a0271b2b68.relationship.xml
	at org.junit.Assert.fail(Assert.java:88)
	at org.junit.Assert.assertTrue(Assert.java:41)
	at com.dotcms.test.util.FileTestUtil.assertBundleFile(FileTestUtil.java:242)
	at com.dotcms.test.util.FileTestUtil.assertBundleFile(FileTestUtil.java:154)
	at com.dotcms.publishing.PublisherAPIImplTest.assertBundle(PublisherAPIImplTest.java:723)
	at com.dotcms.publishing.PublisherAPIImplTest.sendPushPublishBundle(PublisherAPIImplTest.java:664)
	at java.base/jdk.internal.reflect.NativeMethodAccessorImpl.invoke0(Native Method)
	at java.base/jdk.internal.reflect.NativeMethodAccessorImpl.invoke(NativeMethodAccessorImpl.java:62)
	at java.base/jdk.internal.reflect.DelegatingMethodAccessorImpl.invoke(DelegatingMethodAccessorImpl.java:43)
	at java.base/java.lang.reflect.Method.invoke(Method.java:566)
	at org.junit.runners.model.FrameworkMethod$1.runReflectiveCall(FrameworkMethod.java:50)
	at org.junit.internal.runners.model.ReflectiveCallable.run(ReflectiveCallable.java:12)
	at org.junit.runners.model.FrameworkMethod.invokeExplosively(FrameworkMethod.java:47)
	at com.tngtech.java.junit.dataprovider.DataProviderFrameworkMethod.invokeExplosively(DataProviderFrameworkMethod.java:119)
	at org.junit.internal.runners.statements.InvokeMethod.evaluate(InvokeMethod.java:17)
	at org.junit.rules.TestWatcher$1.evaluate(TestWatcher.java:55)
	at org.junit.rules.RunRules.evaluate(RunRules.java:20)
	at org.junit.runners.ParentRunner.runLeaf(ParentRunner.java:325)
	at com.dotcms.junit.CustomDataProviderRunner.runChild(CustomDataProviderRunner.java:28)
	at com.dotcms.junit.CustomDataProviderRunner.runChild(CustomDataProviderRunner.java:13)
	at org.junit.runners.ParentRunner$3.run(ParentRunner.java:290)
	at org.junit.runners.ParentRunner$1.schedule(ParentRunner.java:71)
	at org.junit.runners.ParentRunner.runChildren(ParentRunner.java:288)
	at org.junit.runners.ParentRunner.access$000(ParentRunner.java:58)
	at org.junit.runners.ParentRunner$2.evaluate(ParentRunner.java:268)
	at org.junit.internal.runners.statements.RunBefores.evaluate(RunBefores.java:26)
	at org.junit.internal.runners.statements.RunAfters.evaluate(RunAfters.java:27)
	at org.junit.runners.ParentRunner.run(ParentRunner.java:363)
	at com.dotcms.junit.MainBaseSuite$DotRunner.run(MainBaseSuite.java:60)
	at org.junit.runners.Suite.runChild(Suite.java:128)
	at org.junit.runners.Suite.runChild(Suite.java:27)
	at org.junit.runners.ParentRunner$3.run(ParentRunner.java:290)
	at org.junit.runners.ParentRunner$1.schedule(ParentRunner.java:71)
	at org.junit.runners.ParentRunner.runChildren(ParentRunner.java:288)
	at org.junit.runners.ParentRunner.access$000(ParentRunner.java:58)
	at org.junit.runners.ParentRunner$2.evaluate(ParentRunner.java:268)
	at org.junit.runners.ParentRunner.run(ParentRunner.java:363)
	at org.gradle.api.internal.tasks.testing.junit.JUnitTestClassExecutor.runTestClass(JUnitTestClassExecutor.java:106)
	at org.gradle.api.internal.tasks.testing.junit.JUnitTestClassExecutor.execute(JUnitTestClassExecutor.java:58)
	at org.gradle.api.internal.tasks.testing.junit.JUnitTestClassExecutor.execute(JUnitTestClassExecutor.java:38)
	at org.gradle.api.internal.tasks.testing.junit.AbstractJUnitTestClassProcessor.processTestClass(AbstractJUnitTestClassProcessor.java:66)
	at org.gradle.api.internal.tasks.testing.SuiteTestClassProcessor.processTestClass(SuiteTestClassProcessor.java:51)
	at java.base/jdk.internal.reflect.NativeMethodAccessorImpl.invoke0(Native Method)
	at java.base/jdk.internal.reflect.NativeMethodAccessorImpl.invoke(NativeMethodAccessorImpl.java:62)
	at java.base/jdk.internal.reflect.DelegatingMethodAccessorImpl.invoke(DelegatingMethodAccessorImpl.java:43)
	at java.base/java.lang.reflect.Method.invoke(Method.java:566)
	at org.gradle.internal.dispatch.ReflectionDispatch.dispatch(ReflectionDispatch.java:35)
	at org.gradle.internal.dispatch.ReflectionDispatch.dispatch(ReflectionDispatch.java:24)
	at org.gradle.internal.dispatch.ContextClassLoaderDispatch.dispatch(ContextClassLoaderDispatch.java:32)
	at org.gradle.internal.dispatch.ProxyDispatchAdapter$DispatchingInvocationHandler.invoke(ProxyDispatchAdapter.java:93)
	at com.sun.proxy.$Proxy2.processTestClass(Unknown Source)
	at org.gradle.api.internal.tasks.testing.worker.TestWorker.processTestClass(TestWorker.java:117)
	at java.base/jdk.internal.reflect.NativeMethodAccessorImpl.invoke0(Native Method)
	at java.base/jdk.internal.reflect.NativeMethodAccessorImpl.invoke(NativeMethodAccessorImpl.java:62)
	at java.base/jdk.internal.reflect.DelegatingMethodAccessorImpl.invoke(DelegatingMethodAccessorImpl.java:43)
	at java.base/java.lang.reflect.Method.invoke(Method.java:566)
	at org.gradle.internal.dispatch.ReflectionDispatch.dispatch(ReflectionDispatch.java:35)
	at org.gradle.internal.dispatch.ReflectionDispatch.dispatch(ReflectionDispatch.java:24)
	at org.gradle.internal.remote.internal.hub.MessageHubBackedObjectConnection$DispatchWrapper.dispatch(MessageHubBackedObjectConnection.java:155)
	at org.gradle.internal.remote.internal.hub.MessageHubBackedObjectConnection$DispatchWrapper.dispatch(MessageHubBackedObjectConnection.java:137)
	at org.gradle.internal.remote.internal.hub.MessageHub$Handler.run(MessageHub.java:404)
	at org.gradle.internal.concurrent.ExecutorPolicy$CatchAndRecordFailures.onExecute(ExecutorPolicy.java:63)
	at org.gradle.internal.concurrent.ManagedExecutorImpl$1.run(ManagedExecutorImpl.java:46)
	at java.base/java.util.concurrent.ThreadPoolExecutor.runWorker(ThreadPoolExecutor.java:1128)
	at java.base/java.util.concurrent.ThreadPoolExecutor$Worker.run(ThreadPoolExecutor.java:628)
	at org.gradle.internal.concurrent.ThreadFactoryImpl$ManagedThreadRunnable.run(ThreadFactoryImpl.java:55)
	at java.base/java.lang.Thread.run(Thread.java:829)
</pre>
</span>
</div>
</div>
<div id="tab1" class="tab">
<h2>Tests</h2>
<table>
<thead>
<tr>
<th>Test</th>
<th>Duration</th>
<th>Result</th>
</tr>
</thead>
<tr>
<td class="failures">generateBundle[0: com.dotcms.publishing.PublisherAPIImplTest$TestAsset@61841d41]</td>
<td class="failures">0.206s</td>
<td class="failures">failed</td>
</tr>
<tr>
<td class="success">generateBundle[0: com.dotcms.publishing.PublisherAPIImplTest$TestAsset@61841d41]</td>
<td class="success">0.157s</td>
<td class="success">passed</td>
</tr>
<tr>
<td class="success">generateBundle[1: com.dotcms.publishing.PublisherAPIImplTest$TestAsset@28234cc5]</td>
<td class="success">0.163s</td>
<td class="success">passed</td>
</tr>
<tr>
<td class="success">generateBundle[1: com.dotcms.publishing.PublisherAPIImplTest$TestAsset@28234cc5]</td>
<td class="success">0.202s</td>
<td class="success">passed</td>
</tr>
<tr>
<td class="success">generateBundle[2: com.dotcms.publishing.PublisherAPIImplTest$TestAsset@48ba49ee]</td>
<td class="success">0.127s</td>
<td class="success">passed</td>
</tr>
<tr>
<td class="success">generateBundle[2: com.dotcms.publishing.PublisherAPIImplTest$TestAsset@48ba49ee]</td>
<td class="success">0.154s</td>
<td class="success">passed</td>
</tr>
<tr>
<td class="success">generateBundle[3: com.dotcms.publishing.PublisherAPIImplTest$TestAsset@710e0382]</td>
<td class="success">0.221s</td>
<td class="success">passed</td>
</tr>
<tr>
<td class="success">generateBundle[3: com.dotcms.publishing.PublisherAPIImplTest$TestAsset@710e0382]</td>
<td class="success">0.190s</td>
<td class="success">passed</td>
</tr>
<tr>
<td class="success">generateBundle[4: com.dotcms.publishing.PublisherAPIImplTest$TestAsset@30a176f7]</td>
<td class="success">0.222s</td>
<td class="success">passed</td>
</tr>
<tr>
<td class="success">generateBundle[4: com.dotcms.publishing.PublisherAPIImplTest$TestAsset@30a176f7]</td>
<td class="success">0.232s</td>
<td class="success">passed</td>
</tr>
<tr>
<td class="success">generateBundle[5: com.dotcms.publishing.PublisherAPIImplTest$TestAsset@2564142]</td>
<td class="success">0.176s</td>
<td class="success">passed</td>
</tr>
<tr>
<td class="success">generateBundle[5: com.dotcms.publishing.PublisherAPIImplTest$TestAsset@2564142]</td>
<td class="success">0.143s</td>
<td class="success">passed</td>
</tr>
<tr>
<td class="success">generateBundle[6: com.dotcms.publishing.PublisherAPIImplTest$TestAsset@18398ddf]</td>
<td class="success">0.124s</td>
<td class="success">passed</td>
</tr>
<tr>
<td class="success">generateBundle[6: com.dotcms.publishing.PublisherAPIImplTest$TestAsset@18398ddf]</td>
<td class="success">0.148s</td>
<td class="success">passed</td>
</tr>
<tr>
<td class="success">generateBundle[7: com.dotcms.publishing.PublisherAPIImplTest$TestAsset@192a9f49]</td>
<td class="success">0.110s</td>
<td class="success">passed</td>
</tr>
<tr>
<td class="success">generateBundle[7: com.dotcms.publishing.PublisherAPIImplTest$TestAsset@192a9f49]</td>
<td class="success">0.108s</td>
<td class="success">passed</td>
</tr>
<tr>
<td class="success">generateBundle[8: com.dotcms.publishing.PublisherAPIImplTest$TestAsset@22875455]</td>
<td class="success">0.109s</td>
<td class="success">passed</td>
</tr>
<tr>
<td class="success">generateBundle[8: com.dotcms.publishing.PublisherAPIImplTest$TestAsset@22875455]</td>
<td class="success">0.050s</td>
<td class="success">passed</td>
</tr>
<tr>
<td class="success">generateBundle[9: com.dotcms.publishing.PublisherAPIImplTest$TestAsset@126b5d16]</td>
<td class="success">0.200s</td>
<td class="success">passed</td>
</tr>
<tr>
<td class="success">generateBundle[9: com.dotcms.publishing.PublisherAPIImplTest$TestAsset@126b5d16]</td>
<td class="success">0.154s</td>
<td class="success">passed</td>
</tr>
<tr>
<td class="success">sendPushPublishBundle[0: com.dotcms.publishing.PublisherAPIImplTest$TestAsset@61841d41]</td>
<td class="success">0.481s</td>
<td class="success">passed</td>
</tr>
<tr>
<td class="failures">sendPushPublishBundle[0: com.dotcms.publishing.PublisherAPIImplTest$TestAsset@61841d41]</td>
<td class="failures">0.278s</td>
<td class="failures">failed</td>
</tr>
<tr>
<td class="success">sendPushPublishBundle[1: com.dotcms.publishing.PublisherAPIImplTest$TestAsset@28234cc5]</td>
<td class="success">0.307s</td>
<td class="success">passed</td>
</tr>
<tr>
<td class="success">sendPushPublishBundle[1: com.dotcms.publishing.PublisherAPIImplTest$TestAsset@28234cc5]</td>
<td class="success">0.293s</td>
<td class="success">passed</td>
</tr>
<tr>
<td class="success">sendPushPublishBundle[2: com.dotcms.publishing.PublisherAPIImplTest$TestAsset@48ba49ee]</td>
<td class="success">0.290s</td>
<td class="success">passed</td>
</tr>
<tr>
<td class="success">sendPushPublishBundle[2: com.dotcms.publishing.PublisherAPIImplTest$TestAsset@48ba49ee]</td>
<td class="success">0.253s</td>
<td class="success">passed</td>
</tr>
<tr>
<td class="success">sendPushPublishBundle[3: com.dotcms.publishing.PublisherAPIImplTest$TestAsset@710e0382]</td>
<td class="success">0.448s</td>
<td class="success">passed</td>
</tr>
<tr>
<td class="success">sendPushPublishBundle[3: com.dotcms.publishing.PublisherAPIImplTest$TestAsset@710e0382]</td>
<td class="success">0.477s</td>
<td class="success">passed</td>
</tr>
<tr>
<td class="success">sendPushPublishBundle[4: com.dotcms.publishing.PublisherAPIImplTest$TestAsset@30a176f7]</td>
<td class="success">0.461s</td>
<td class="success">passed</td>
</tr>
<tr>
<td class="success">sendPushPublishBundle[4: com.dotcms.publishing.PublisherAPIImplTest$TestAsset@30a176f7]</td>
<td class="success">0.455s</td>
<td class="success">passed</td>
</tr>
<tr>
<td class="success">sendPushPublishBundle[5: com.dotcms.publishing.PublisherAPIImplTest$TestAsset@2564142]</td>
<td class="success">0.289s</td>
<td class="success">passed</td>
</tr>
<tr>
<td class="success">sendPushPublishBundle[5: com.dotcms.publishing.PublisherAPIImplTest$TestAsset@2564142]</td>
<td class="success">0.376s</td>
<td class="success">passed</td>
</tr>
<tr>
<td class="success">sendPushPublishBundle[6: com.dotcms.publishing.PublisherAPIImplTest$TestAsset@18398ddf]</td>
<td class="success">0.257s</td>
<td class="success">passed</td>
</tr>
<tr>
<td class="success">sendPushPublishBundle[6: com.dotcms.publishing.PublisherAPIImplTest$TestAsset@18398ddf]</td>
<td class="success">0.280s</td>
<td class="success">passed</td>
</tr>
<tr>
<td class="success">sendPushPublishBundle[7: com.dotcms.publishing.PublisherAPIImplTest$TestAsset@192a9f49]</td>
<td class="success">0.307s</td>
<td class="success">passed</td>
</tr>
<tr>
<td class="success">sendPushPublishBundle[7: com.dotcms.publishing.PublisherAPIImplTest$TestAsset@192a9f49]</td>
<td class="success">0.212s</td>
<td class="success">passed</td>
</tr>
<tr>
<td class="success">sendPushPublishBundle[8: com.dotcms.publishing.PublisherAPIImplTest$TestAsset@22875455]</td>
<td class="success">0.233s</td>
<td class="success">passed</td>
</tr>
<tr>
<td class="success">sendPushPublishBundle[8: com.dotcms.publishing.PublisherAPIImplTest$TestAsset@22875455]</td>
<td class="success">0.178s</td>
<td class="success">passed</td>
</tr>
<tr>
<td class="success">sendPushPublishBundle[9: com.dotcms.publishing.PublisherAPIImplTest$TestAsset@126b5d16]</td>
<td class="success">0.269s</td>
<td class="success">passed</td>
</tr>
<tr>
<td class="success">sendPushPublishBundle[9: com.dotcms.publishing.PublisherAPIImplTest$TestAsset@126b5d16]</td>
<td class="success">0.451s</td>
<td class="success">passed</td>
</tr>
</table>
</div>
<div id="tab2" class="tab">
<h2>Standard output</h2>
<span class="code">
<pre>































































































































































































































































































































































</pre>
</span>
</div>
</div>
<div id="footer">
<p>
<div>
<label class="hidden" id="label-for-line-wrapping-toggle" for="line-wrapping-toggle">Wrap lines
<input id="line-wrapping-toggle" type="checkbox" autocomplete="off"/>
</label>
</div>Generated by 
<a href="http://www.gradle.org">Gradle 4.10.2</a> at Mar 18, 2022, 9:36:29 PM</p>
</div>
</div>
</body>
</html>
