<!DOCTYPE html>
<html>
<head>
<meta http-equiv="Content-Type" content="text/html; charset=utf-8"/>
<meta http-equiv="x-ua-compatible" content="IE=edge"/>
<title>Test results - Class com.dotcms.publishing.PublisherAPIImplTest</title>
<link href="../css/base-style.css" rel="stylesheet" type="text/css"/>
<link href="../css/style.css" rel="stylesheet" type="text/css"/>
<script src="../js/report.js" type="text/javascript"></script>
</head>
<body>
<div id="content">
<h1>Class com.dotcms.publishing.PublisherAPIImplTest</h1>
<div class="breadcrumbs">
<a href="../index.html">all</a> &gt; 
<a href="../packages/com.dotcms.publishing.html">com.dotcms.publishing</a> &gt; PublisherAPIImplTest</div>
<div id="summary">
<table>
<tr>
<td>
<div class="summaryGroup">
<table>
<tr>
<td>
<div class="infoBox" id="tests">
<div class="counter">40</div>
<p>tests</p>
</div>
</td>
<td>
<div class="infoBox" id="failures">
<div class="counter">2</div>
<p>failures</p>
</div>
</td>
<td>
<div class="infoBox" id="ignored">
<div class="counter">0</div>
<p>ignored</p>
</div>
</td>
<td>
<div class="infoBox" id="duration">
<div class="counter">7.803s</div>
<p>duration</p>
</div>
</td>
</tr>
</table>
</div>
</td>
<td>
<div class="infoBox failures" id="successRate">
<div class="percent">95%</div>
<p>successful</p>
</div>
</td>
</tr>
</table>
</div>
<div id="tabs">
<ul class="tabLinks">
<li>
<a href="#tab0">Failed tests</a>
</li>
<li>
<a href="#tab1">Tests</a>
</li>
<li>
<a href="#tab2">Standard output</a>
</li>
</ul>
<div id="tab0" class="tab">
<h2>Failed tests</h2>
<div class="test">
<a name="generateBundle[0: com.dotcms.publishing.PublisherAPIImplTest$TestAsset@1709ec2e]"></a>
<h3 class="failures">generateBundle[0: com.dotcms.publishing.PublisherAPIImplTest$TestAsset@1709ec2e]</h3>
<span class="code">
<pre>java.lang.AssertionError: File /custom/assets/bundles/01FXXBMX11WAXYWE7B4ZW74KF3/working/System Host/9d5b7537db34fce393ee94cd7d99cf5a.category.dpc.xml, not exists, files: /custom/assets/bundles/01FXXBMX11WAXYWE7B4ZW74KF3/03e6270d-89b4-4931-929a-d17e80df04f5.workflow.xml, /custom/assets/bundles/01FXXBMX11WAXYWE7B4ZW74KF3/d61a59e1-a49c-46f2-a929-db2b4bfa88b2.workflow.xml, /custom/assets/bundles/01FXXBMX11WAXYWE7B4ZW74KF3/live, /custom/assets/bundles/01FXXBMX11WAXYWE7B4ZW74KF3/live/System Host, /custom/assets/bundles/01FXXBMX11WAXYWE7B4ZW74KF3/live/System Host/1, /custom/assets/bundles/01FXXBMX11WAXYWE7B4ZW74KF3/live/System Host/1/1-content.50551586-2ffd-43a4-925b-9e19de406b52.content.xml, /custom/assets/bundles/01FXXBMX11WAXYWE7B4ZW74KF3/live/System Host/1/2-content.38a08d11-c2ee-478f-b1bb-1779bfe87b70.content.xml, /custom/assets/bundles/01FXXBMX11WAXYWE7B4ZW74KF3/live/System Host/1/bfaa4c95d62d02658ace5cd0aaee7182.contentworkflow.xml, /custom/assets/bundles/01FXXBMX11WAXYWE7B4ZW74KF3/live/System Host/1/content.b84825c4-179e-4fcf-b5c9-734a223c5632.host.xml, /custom/assets/bundles/01FXXBMX11WAXYWE7B4ZW74KF3/live/System Host/1/content.ff462f88-d9e1-4d31-b084-b73cb61976d3.host.xml, /custom/assets/bundles/01FXXBMX11WAXYWE7B4ZW74KF3/live/System Host/1/e39613302eef1fa9453c5b1802473629.contentworkflow.xml, /custom/assets/bundles/01FXXBMX11WAXYWE7B4ZW74KF3/live/System Host/1properties, /custom/assets/bundles/01FXXBMX11WAXYWE7B4ZW74KF3/live/System Host/4565350properties, /custom/assets/bundles/01FXXBMX11WAXYWE7B4ZW74KF3/live/System Host/ek_FZ.language.xml, /custom/assets/bundles/01FXXBMX11WAXYWE7B4ZW74KF3/live/System Host/en_US.language.xml, /custom/assets/bundles/01FXXBMX11WAXYWE7B4ZW74KF3/live/default, /custom/assets/bundles/01FXXBMX11WAXYWE7B4ZW74KF3/live/default/4565350, /custom/assets/bundles/01FXXBMX11WAXYWE7B4ZW74KF3/live/default/4565350/0-content.b80916b6-268e-427b-ab68-73ee6496ec62.content.xml, /custom/assets/bundles/01FXXBMX11WAXYWE7B4ZW74KF3/live/default/4565350/17da5c81c0d29d2fe7c5c8dd8ca2cc7a.contentworkflow.xml, /custom/assets/bundles/01FXXBMX11WAXYWE7B4ZW74KF3/manifest.csv, /custom/assets/bundles/01FXXBMX11WAXYWE7B4ZW74KF3/working, /custom/assets/bundles/01FXXBMX11WAXYWE7B4ZW74KF3/working/System Host, /custom/assets/bundles/01FXXBMX11WAXYWE7B4ZW74KF3/working/System Host/1, /custom/assets/bundles/01FXXBMX11WAXYWE7B4ZW74KF3/working/System Host/1/content.ff462f88-d9e1-4d31-b084-b73cb61976d3.host.xml, /custom/assets/bundles/01FXXBMX11WAXYWE7B4ZW74KF3/working/System Host/f4d7c1b8-2c88-4071-abf1-a5328977b07d.contentType.json, /custom/assets/bundles/01FXXBMX11WAXYWE7B4ZW74KF3/working/test1647026141194.dotcms.com, /custom/assets/bundles/01FXXBMX11WAXYWE7B4ZW74KF3/working/test1647026141194.dotcms.com/4525454f2ebc8e06d82a923027e799be.contentType.json, /custom/assets/bundles/01FXXBMX11WAXYWE7B4ZW74KF3/working/test1647026141194.dotcms.com/bb6c1dac-6715-4cad-8763-7c0799032bf4.relationship.xml, /custom/assets/bundles/01FXXBMX11WAXYWE7B4ZW74KF3/working/test1647026141194.dotcms.com/efcb924930709c32139457abe2203292.contentType.json
	at org.junit.Assert.fail(Assert.java:88)
	at org.junit.Assert.assertTrue(Assert.java:41)
	at com.dotcms.test.util.FileTestUtil.assertBundleFile(FileTestUtil.java:242)
	at com.dotcms.test.util.FileTestUtil.assertBundleFile(FileTestUtil.java:154)
	at com.dotcms.publishing.PublisherAPIImplTest.assertBundle(PublisherAPIImplTest.java:723)
	at com.dotcms.publishing.PublisherAPIImplTest.generateBundle(PublisherAPIImplTest.java:480)
	at java.base/jdk.internal.reflect.NativeMethodAccessorImpl.invoke0(Native Method)
	at java.base/jdk.internal.reflect.NativeMethodAccessorImpl.invoke(NativeMethodAccessorImpl.java:62)
	at java.base/jdk.internal.reflect.DelegatingMethodAccessorImpl.invoke(DelegatingMethodAccessorImpl.java:43)
	at java.base/java.lang.reflect.Method.invoke(Method.java:566)
	at org.junit.runners.model.FrameworkMethod$1.runReflectiveCall(FrameworkMethod.java:50)
	at org.junit.internal.runners.model.ReflectiveCallable.run(ReflectiveCallable.java:12)
	at org.junit.runners.model.FrameworkMethod.invokeExplosively(FrameworkMethod.java:47)
	at com.tngtech.java.junit.dataprovider.DataProviderFrameworkMethod.invokeExplosively(DataProviderFrameworkMethod.java:119)
	at org.junit.internal.runners.statements.InvokeMethod.evaluate(InvokeMethod.java:17)
	at org.junit.rules.TestWatcher$1.evaluate(TestWatcher.java:55)
	at org.junit.rules.RunRules.evaluate(RunRules.java:20)
	at org.junit.runners.ParentRunner.runLeaf(ParentRunner.java:325)
	at com.dotcms.junit.CustomDataProviderRunner.runChild(CustomDataProviderRunner.java:28)
	at com.dotcms.junit.CustomDataProviderRunner.runChild(CustomDataProviderRunner.java:13)
	at org.junit.runners.ParentRunner$3.run(ParentRunner.java:290)
	at org.junit.runners.ParentRunner$1.schedule(ParentRunner.java:71)
	at org.junit.runners.ParentRunner.runChildren(ParentRunner.java:288)
	at org.junit.runners.ParentRunner.access$000(ParentRunner.java:58)
	at org.junit.runners.ParentRunner$2.evaluate(ParentRunner.java:268)
	at org.junit.internal.runners.statements.RunBefores.evaluate(RunBefores.java:26)
	at org.junit.internal.runners.statements.RunAfters.evaluate(RunAfters.java:27)
	at org.junit.runners.ParentRunner.run(ParentRunner.java:363)
	at com.dotcms.junit.MainBaseSuite$DotRunner.run(MainBaseSuite.java:60)
	at org.junit.runners.Suite.runChild(Suite.java:128)
	at org.junit.runners.Suite.runChild(Suite.java:27)
	at org.junit.runners.ParentRunner$3.run(ParentRunner.java:290)
	at org.junit.runners.ParentRunner$1.schedule(ParentRunner.java:71)
	at org.junit.runners.ParentRunner.runChildren(ParentRunner.java:288)
	at org.junit.runners.ParentRunner.access$000(ParentRunner.java:58)
	at org.junit.runners.ParentRunner$2.evaluate(ParentRunner.java:268)
	at org.junit.runners.ParentRunner.run(ParentRunner.java:363)
	at org.gradle.api.internal.tasks.testing.junit.JUnitTestClassExecutor.runTestClass(JUnitTestClassExecutor.java:106)
	at org.gradle.api.internal.tasks.testing.junit.JUnitTestClassExecutor.execute(JUnitTestClassExecutor.java:58)
	at org.gradle.api.internal.tasks.testing.junit.JUnitTestClassExecutor.execute(JUnitTestClassExecutor.java:38)
	at org.gradle.api.internal.tasks.testing.junit.AbstractJUnitTestClassProcessor.processTestClass(AbstractJUnitTestClassProcessor.java:66)
	at org.gradle.api.internal.tasks.testing.SuiteTestClassProcessor.processTestClass(SuiteTestClassProcessor.java:51)
	at java.base/jdk.internal.reflect.NativeMethodAccessorImpl.invoke0(Native Method)
	at java.base/jdk.internal.reflect.NativeMethodAccessorImpl.invoke(NativeMethodAccessorImpl.java:62)
	at java.base/jdk.internal.reflect.DelegatingMethodAccessorImpl.invoke(DelegatingMethodAccessorImpl.java:43)
	at java.base/java.lang.reflect.Method.invoke(Method.java:566)
	at org.gradle.internal.dispatch.ReflectionDispatch.dispatch(ReflectionDispatch.java:35)
	at org.gradle.internal.dispatch.ReflectionDispatch.dispatch(ReflectionDispatch.java:24)
	at org.gradle.internal.dispatch.ContextClassLoaderDispatch.dispatch(ContextClassLoaderDispatch.java:32)
	at org.gradle.internal.dispatch.ProxyDispatchAdapter$DispatchingInvocationHandler.invoke(ProxyDispatchAdapter.java:93)
	at com.sun.proxy.$Proxy2.processTestClass(Unknown Source)
	at org.gradle.api.internal.tasks.testing.worker.TestWorker.processTestClass(TestWorker.java:117)
	at java.base/jdk.internal.reflect.NativeMethodAccessorImpl.invoke0(Native Method)
	at java.base/jdk.internal.reflect.NativeMethodAccessorImpl.invoke(NativeMethodAccessorImpl.java:62)
	at java.base/jdk.internal.reflect.DelegatingMethodAccessorImpl.invoke(DelegatingMethodAccessorImpl.java:43)
	at java.base/java.lang.reflect.Method.invoke(Method.java:566)
	at org.gradle.internal.dispatch.ReflectionDispatch.dispatch(ReflectionDispatch.java:35)
	at org.gradle.internal.dispatch.ReflectionDispatch.dispatch(ReflectionDispatch.java:24)
	at org.gradle.internal.remote.internal.hub.MessageHubBackedObjectConnection$DispatchWrapper.dispatch(MessageHubBackedObjectConnection.java:155)
	at org.gradle.internal.remote.internal.hub.MessageHubBackedObjectConnection$DispatchWrapper.dispatch(MessageHubBackedObjectConnection.java:137)
	at org.gradle.internal.remote.internal.hub.MessageHub$Handler.run(MessageHub.java:404)
	at org.gradle.internal.concurrent.ExecutorPolicy$CatchAndRecordFailures.onExecute(ExecutorPolicy.java:63)
	at org.gradle.internal.concurrent.ManagedExecutorImpl$1.run(ManagedExecutorImpl.java:46)
	at java.base/java.util.concurrent.ThreadPoolExecutor.runWorker(ThreadPoolExecutor.java:1128)
	at java.base/java.util.concurrent.ThreadPoolExecutor$Worker.run(ThreadPoolExecutor.java:628)
	at org.gradle.internal.concurrent.ThreadFactoryImpl$ManagedThreadRunnable.run(ThreadFactoryImpl.java:55)
	at java.base/java.lang.Thread.run(Thread.java:829)
</pre>
</span>
</div>
<div class="test">
<a name="sendPushPublishBundle[0: com.dotcms.publishing.PublisherAPIImplTest$TestAsset@1709ec2e]"></a>
<h3 class="failures">sendPushPublishBundle[0: com.dotcms.publishing.PublisherAPIImplTest$TestAsset@1709ec2e]</h3>
<span class="code">
<pre>java.lang.AssertionError: File /custom/assets/bundles/01FXXBMTRKZJGAKWXJGRM6Q6T1/working/System Host/9d5b7537db34fce393ee94cd7d99cf5a.category.dpc.xml, not exists, files: /custom/assets/bundles/01FXXBMTRKZJGAKWXJGRM6Q6T1/03e6270d-89b4-4931-929a-d17e80df04f5.workflow.xml, /custom/assets/bundles/01FXXBMTRKZJGAKWXJGRM6Q6T1/d61a59e1-a49c-46f2-a929-db2b4bfa88b2.workflow.xml, /custom/assets/bundles/01FXXBMTRKZJGAKWXJGRM6Q6T1/live, /custom/assets/bundles/01FXXBMTRKZJGAKWXJGRM6Q6T1/live/System Host, /custom/assets/bundles/01FXXBMTRKZJGAKWXJGRM6Q6T1/live/System Host/1, /custom/assets/bundles/01FXXBMTRKZJGAKWXJGRM6Q6T1/live/System Host/1/1-content.50551586-2ffd-43a4-925b-9e19de406b52.content.xml, /custom/assets/bundles/01FXXBMTRKZJGAKWXJGRM6Q6T1/live/System Host/1/2-content.38a08d11-c2ee-478f-b1bb-1779bfe87b70.content.xml, /custom/assets/bundles/01FXXBMTRKZJGAKWXJGRM6Q6T1/live/System Host/1/bfaa4c95d62d02658ace5cd0aaee7182.contentworkflow.xml, /custom/assets/bundles/01FXXBMTRKZJGAKWXJGRM6Q6T1/live/System Host/1/content.b84825c4-179e-4fcf-b5c9-734a223c5632.host.xml, /custom/assets/bundles/01FXXBMTRKZJGAKWXJGRM6Q6T1/live/System Host/1/content.ff462f88-d9e1-4d31-b084-b73cb61976d3.host.xml, /custom/assets/bundles/01FXXBMTRKZJGAKWXJGRM6Q6T1/live/System Host/1/e39613302eef1fa9453c5b1802473629.contentworkflow.xml, /custom/assets/bundles/01FXXBMTRKZJGAKWXJGRM6Q6T1/live/System Host/1properties, /custom/assets/bundles/01FXXBMTRKZJGAKWXJGRM6Q6T1/live/System Host/4565350properties, /custom/assets/bundles/01FXXBMTRKZJGAKWXJGRM6Q6T1/live/System Host/ek_FZ.language.xml, /custom/assets/bundles/01FXXBMTRKZJGAKWXJGRM6Q6T1/live/System Host/en_US.language.xml, /custom/assets/bundles/01FXXBMTRKZJGAKWXJGRM6Q6T1/live/default, /custom/assets/bundles/01FXXBMTRKZJGAKWXJGRM6Q6T1/live/default/4565350, /custom/assets/bundles/01FXXBMTRKZJGAKWXJGRM6Q6T1/live/default/4565350/0-content.b80916b6-268e-427b-ab68-73ee6496ec62.content.xml, /custom/assets/bundles/01FXXBMTRKZJGAKWXJGRM6Q6T1/live/default/4565350/17da5c81c0d29d2fe7c5c8dd8ca2cc7a.contentworkflow.xml, /custom/assets/bundles/01FXXBMTRKZJGAKWXJGRM6Q6T1/manifest.csv, /custom/assets/bundles/01FXXBMTRKZJGAKWXJGRM6Q6T1/working, /custom/assets/bundles/01FXXBMTRKZJGAKWXJGRM6Q6T1/working/System Host, /custom/assets/bundles/01FXXBMTRKZJGAKWXJGRM6Q6T1/working/System Host/1, /custom/assets/bundles/01FXXBMTRKZJGAKWXJGRM6Q6T1/working/System Host/1/content.ff462f88-d9e1-4d31-b084-b73cb61976d3.host.xml, /custom/assets/bundles/01FXXBMTRKZJGAKWXJGRM6Q6T1/working/System Host/f4d7c1b8-2c88-4071-abf1-a5328977b07d.contentType.json, /custom/assets/bundles/01FXXBMTRKZJGAKWXJGRM6Q6T1/working/test1647026141194.dotcms.com, /custom/assets/bundles/01FXXBMTRKZJGAKWXJGRM6Q6T1/working/test1647026141194.dotcms.com/4525454f2ebc8e06d82a923027e799be.contentType.json, /custom/assets/bundles/01FXXBMTRKZJGAKWXJGRM6Q6T1/working/test1647026141194.dotcms.com/bb6c1dac-6715-4cad-8763-7c0799032bf4.relationship.xml, /custom/assets/bundles/01FXXBMTRKZJGAKWXJGRM6Q6T1/working/test1647026141194.dotcms.com/efcb924930709c32139457abe2203292.contentType.json
	at org.junit.Assert.fail(Assert.java:88)
	at org.junit.Assert.assertTrue(Assert.java:41)
	at com.dotcms.test.util.FileTestUtil.assertBundleFile(FileTestUtil.java:242)
	at com.dotcms.test.util.FileTestUtil.assertBundleFile(FileTestUtil.java:154)
	at com.dotcms.publishing.PublisherAPIImplTest.assertBundle(PublisherAPIImplTest.java:723)
	at com.dotcms.publishing.PublisherAPIImplTest.sendPushPublishBundle(PublisherAPIImplTest.java:664)
	at java.base/jdk.internal.reflect.NativeMethodAccessorImpl.invoke0(Native Method)
	at java.base/jdk.internal.reflect.NativeMethodAccessorImpl.invoke(NativeMethodAccessorImpl.java:62)
	at java.base/jdk.internal.reflect.DelegatingMethodAccessorImpl.invoke(DelegatingMethodAccessorImpl.java:43)
	at java.base/java.lang.reflect.Method.invoke(Method.java:566)
	at org.junit.runners.model.FrameworkMethod$1.runReflectiveCall(FrameworkMethod.java:50)
	at org.junit.internal.runners.model.ReflectiveCallable.run(ReflectiveCallable.java:12)
	at org.junit.runners.model.FrameworkMethod.invokeExplosively(FrameworkMethod.java:47)
	at com.tngtech.java.junit.dataprovider.DataProviderFrameworkMethod.invokeExplosively(DataProviderFrameworkMethod.java:119)
	at org.junit.internal.runners.statements.InvokeMethod.evaluate(InvokeMethod.java:17)
	at org.junit.rules.TestWatcher$1.evaluate(TestWatcher.java:55)
	at org.junit.rules.RunRules.evaluate(RunRules.java:20)
	at org.junit.runners.ParentRunner.runLeaf(ParentRunner.java:325)
	at com.dotcms.junit.CustomDataProviderRunner.runChild(CustomDataProviderRunner.java:28)
	at com.dotcms.junit.CustomDataProviderRunner.runChild(CustomDataProviderRunner.java:13)
	at org.junit.runners.ParentRunner$3.run(ParentRunner.java:290)
	at org.junit.runners.ParentRunner$1.schedule(ParentRunner.java:71)
	at org.junit.runners.ParentRunner.runChildren(ParentRunner.java:288)
	at org.junit.runners.ParentRunner.access$000(ParentRunner.java:58)
	at org.junit.runners.ParentRunner$2.evaluate(ParentRunner.java:268)
	at org.junit.internal.runners.statements.RunBefores.evaluate(RunBefores.java:26)
	at org.junit.internal.runners.statements.RunAfters.evaluate(RunAfters.java:27)
	at org.junit.runners.ParentRunner.run(ParentRunner.java:363)
	at com.dotcms.junit.MainBaseSuite$DotRunner.run(MainBaseSuite.java:60)
	at org.junit.runners.Suite.runChild(Suite.java:128)
	at org.junit.runners.Suite.runChild(Suite.java:27)
	at org.junit.runners.ParentRunner$3.run(ParentRunner.java:290)
	at org.junit.runners.ParentRunner$1.schedule(ParentRunner.java:71)
	at org.junit.runners.ParentRunner.runChildren(ParentRunner.java:288)
	at org.junit.runners.ParentRunner.access$000(ParentRunner.java:58)
	at org.junit.runners.ParentRunner$2.evaluate(ParentRunner.java:268)
	at org.junit.runners.ParentRunner.run(ParentRunner.java:363)
	at org.gradle.api.internal.tasks.testing.junit.JUnitTestClassExecutor.runTestClass(JUnitTestClassExecutor.java:106)
	at org.gradle.api.internal.tasks.testing.junit.JUnitTestClassExecutor.execute(JUnitTestClassExecutor.java:58)
	at org.gradle.api.internal.tasks.testing.junit.JUnitTestClassExecutor.execute(JUnitTestClassExecutor.java:38)
	at org.gradle.api.internal.tasks.testing.junit.AbstractJUnitTestClassProcessor.processTestClass(AbstractJUnitTestClassProcessor.java:66)
	at org.gradle.api.internal.tasks.testing.SuiteTestClassProcessor.processTestClass(SuiteTestClassProcessor.java:51)
	at java.base/jdk.internal.reflect.NativeMethodAccessorImpl.invoke0(Native Method)
	at java.base/jdk.internal.reflect.NativeMethodAccessorImpl.invoke(NativeMethodAccessorImpl.java:62)
	at java.base/jdk.internal.reflect.DelegatingMethodAccessorImpl.invoke(DelegatingMethodAccessorImpl.java:43)
	at java.base/java.lang.reflect.Method.invoke(Method.java:566)
	at org.gradle.internal.dispatch.ReflectionDispatch.dispatch(ReflectionDispatch.java:35)
	at org.gradle.internal.dispatch.ReflectionDispatch.dispatch(ReflectionDispatch.java:24)
	at org.gradle.internal.dispatch.ContextClassLoaderDispatch.dispatch(ContextClassLoaderDispatch.java:32)
	at org.gradle.internal.dispatch.ProxyDispatchAdapter$DispatchingInvocationHandler.invoke(ProxyDispatchAdapter.java:93)
	at com.sun.proxy.$Proxy2.processTestClass(Unknown Source)
	at org.gradle.api.internal.tasks.testing.worker.TestWorker.processTestClass(TestWorker.java:117)
	at java.base/jdk.internal.reflect.NativeMethodAccessorImpl.invoke0(Native Method)
	at java.base/jdk.internal.reflect.NativeMethodAccessorImpl.invoke(NativeMethodAccessorImpl.java:62)
	at java.base/jdk.internal.reflect.DelegatingMethodAccessorImpl.invoke(DelegatingMethodAccessorImpl.java:43)
	at java.base/java.lang.reflect.Method.invoke(Method.java:566)
	at org.gradle.internal.dispatch.ReflectionDispatch.dispatch(ReflectionDispatch.java:35)
	at org.gradle.internal.dispatch.ReflectionDispatch.dispatch(ReflectionDispatch.java:24)
	at org.gradle.internal.remote.internal.hub.MessageHubBackedObjectConnection$DispatchWrapper.dispatch(MessageHubBackedObjectConnection.java:155)
	at org.gradle.internal.remote.internal.hub.MessageHubBackedObjectConnection$DispatchWrapper.dispatch(MessageHubBackedObjectConnection.java:137)
	at org.gradle.internal.remote.internal.hub.MessageHub$Handler.run(MessageHub.java:404)
	at org.gradle.internal.concurrent.ExecutorPolicy$CatchAndRecordFailures.onExecute(ExecutorPolicy.java:63)
	at org.gradle.internal.concurrent.ManagedExecutorImpl$1.run(ManagedExecutorImpl.java:46)
	at java.base/java.util.concurrent.ThreadPoolExecutor.runWorker(ThreadPoolExecutor.java:1128)
	at java.base/java.util.concurrent.ThreadPoolExecutor$Worker.run(ThreadPoolExecutor.java:628)
	at org.gradle.internal.concurrent.ThreadFactoryImpl$ManagedThreadRunnable.run(ThreadFactoryImpl.java:55)
	at java.base/java.lang.Thread.run(Thread.java:829)
</pre>
</span>
</div>
</div>
<div id="tab1" class="tab">
<h2>Tests</h2>
<table>
<thead>
<tr>
<th>Test</th>
<th>Duration</th>
<th>Result</th>
</tr>
</thead>
<tr>
<td class="success">generateBundle[0: com.dotcms.publishing.PublisherAPIImplTest$TestAsset@1709ec2e]</td>
<td class="success">0.097s</td>
<td class="success">passed</td>
</tr>
<tr>
<td class="failures">generateBundle[0: com.dotcms.publishing.PublisherAPIImplTest$TestAsset@1709ec2e]</td>
<td class="failures">0.216s</td>
<td class="failures">failed</td>
</tr>
<tr>
<td class="success">generateBundle[1: com.dotcms.publishing.PublisherAPIImplTest$TestAsset@2f601b5c]</td>
<td class="success">0.178s</td>
<td class="success">passed</td>
</tr>
<tr>
<td class="success">generateBundle[1: com.dotcms.publishing.PublisherAPIImplTest$TestAsset@2f601b5c]</td>
<td class="success">0.111s</td>
<td class="success">passed</td>
</tr>
<tr>
<td class="success">generateBundle[2: com.dotcms.publishing.PublisherAPIImplTest$TestAsset@61084f9]</td>
<td class="success">0.181s</td>
<td class="success">passed</td>
</tr>
<tr>
<td class="success">generateBundle[2: com.dotcms.publishing.PublisherAPIImplTest$TestAsset@61084f9]</td>
<td class="success">0.116s</td>
<td class="success">passed</td>
</tr>
<tr>
<td class="success">generateBundle[3: com.dotcms.publishing.PublisherAPIImplTest$TestAsset@2b8af308]</td>
<td class="success">0.363s</td>
<td class="success">passed</td>
</tr>
<tr>
<td class="success">generateBundle[3: com.dotcms.publishing.PublisherAPIImplTest$TestAsset@2b8af308]</td>
<td class="success">0.158s</td>
<td class="success">passed</td>
</tr>
<tr>
<td class="success">generateBundle[4: com.dotcms.publishing.PublisherAPIImplTest$TestAsset@73ba12cb]</td>
<td class="success">0.181s</td>
<td class="success">passed</td>
</tr>
<tr>
<td class="success">generateBundle[4: com.dotcms.publishing.PublisherAPIImplTest$TestAsset@73ba12cb]</td>
<td class="success">0.309s</td>
<td class="success">passed</td>
</tr>
<tr>
<td class="success">generateBundle[5: com.dotcms.publishing.PublisherAPIImplTest$TestAsset@5c2f4d1b]</td>
<td class="success">0.165s</td>
<td class="success">passed</td>
</tr>
<tr>
<td class="success">generateBundle[5: com.dotcms.publishing.PublisherAPIImplTest$TestAsset@5c2f4d1b]</td>
<td class="success">0.112s</td>
<td class="success">passed</td>
</tr>
<tr>
<td class="success">generateBundle[6: com.dotcms.publishing.PublisherAPIImplTest$TestAsset@5e1a2d2b]</td>
<td class="success">0.141s</td>
<td class="success">passed</td>
</tr>
<tr>
<td class="success">generateBundle[6: com.dotcms.publishing.PublisherAPIImplTest$TestAsset@5e1a2d2b]</td>
<td class="success">0.106s</td>
<td class="success">passed</td>
</tr>
<tr>
<td class="success">generateBundle[7: com.dotcms.publishing.PublisherAPIImplTest$TestAsset@22f49753]</td>
<td class="success">0.123s</td>
<td class="success">passed</td>
</tr>
<tr>
<td class="success">generateBundle[7: com.dotcms.publishing.PublisherAPIImplTest$TestAsset@22f49753]</td>
<td class="success">0.095s</td>
<td class="success">passed</td>
</tr>
<tr>
<td class="success">generateBundle[8: com.dotcms.publishing.PublisherAPIImplTest$TestAsset@1fbf58c]</td>
<td class="success">0.039s</td>
<td class="success">passed</td>
</tr>
<tr>
<td class="success">generateBundle[8: com.dotcms.publishing.PublisherAPIImplTest$TestAsset@1fbf58c]</td>
<td class="success">0.076s</td>
<td class="success">passed</td>
</tr>
<tr>
<td class="success">generateBundle[9: com.dotcms.publishing.PublisherAPIImplTest$TestAsset@271a273d]</td>
<td class="success">0.157s</td>
<td class="success">passed</td>
</tr>
<tr>
<td class="success">generateBundle[9: com.dotcms.publishing.PublisherAPIImplTest$TestAsset@271a273d]</td>
<td class="success">0.138s</td>
<td class="success">passed</td>
</tr>
<tr>
<td class="failures">sendPushPublishBundle[0: com.dotcms.publishing.PublisherAPIImplTest$TestAsset@1709ec2e]</td>
<td class="failures">0.191s</td>
<td class="failures">failed</td>
</tr>
<tr>
<td class="success">sendPushPublishBundle[0: com.dotcms.publishing.PublisherAPIImplTest$TestAsset@1709ec2e]</td>
<td class="success">0.373s</td>
<td class="success">passed</td>
</tr>
<tr>
<td class="success">sendPushPublishBundle[1: com.dotcms.publishing.PublisherAPIImplTest$TestAsset@2f601b5c]</td>
<td class="success">0.233s</td>
<td class="success">passed</td>
</tr>
<tr>
<td class="success">sendPushPublishBundle[1: com.dotcms.publishing.PublisherAPIImplTest$TestAsset@2f601b5c]</td>
<td class="success">0.233s</td>
<td class="success">passed</td>
</tr>
<tr>
<td class="success">sendPushPublishBundle[2: com.dotcms.publishing.PublisherAPIImplTest$TestAsset@61084f9]</td>
<td class="success">0.233s</td>
<td class="success">passed</td>
</tr>
<tr>
<td class="success">sendPushPublishBundle[2: com.dotcms.publishing.PublisherAPIImplTest$TestAsset@61084f9]</td>
<td class="success">0.269s</td>
<td class="success">passed</td>
</tr>
<tr>
<td class="success">sendPushPublishBundle[3: com.dotcms.publishing.PublisherAPIImplTest$TestAsset@2b8af308]</td>
<td class="success">0.342s</td>
<td class="success">passed</td>
</tr>
<tr>
<td class="success">sendPushPublishBundle[3: com.dotcms.publishing.PublisherAPIImplTest$TestAsset@2b8af308]</td>
<td class="success">0.304s</td>
<td class="success">passed</td>
</tr>
<tr>
<td class="success">sendPushPublishBundle[4: com.dotcms.publishing.PublisherAPIImplTest$TestAsset@73ba12cb]</td>
<td class="success">0.347s</td>
<td class="success">passed</td>
</tr>
<tr>
<td class="success">sendPushPublishBundle[4: com.dotcms.publishing.PublisherAPIImplTest$TestAsset@73ba12cb]</td>
<td class="success">0.300s</td>
<td class="success">passed</td>
</tr>
<tr>
<td class="success">sendPushPublishBundle[5: com.dotcms.publishing.PublisherAPIImplTest$TestAsset@5c2f4d1b]</td>
<td class="success">0.172s</td>
<td class="success">passed</td>
</tr>
<tr>
<td class="success">sendPushPublishBundle[5: com.dotcms.publishing.PublisherAPIImplTest$TestAsset@5c2f4d1b]</td>
<td class="success">0.237s</td>
<td class="success">passed</td>
</tr>
<tr>
<td class="success">sendPushPublishBundle[6: com.dotcms.publishing.PublisherAPIImplTest$TestAsset@5e1a2d2b]</td>
<td class="success">0.199s</td>
<td class="success">passed</td>
</tr>
<tr>
<td class="success">sendPushPublishBundle[6: com.dotcms.publishing.PublisherAPIImplTest$TestAsset@5e1a2d2b]</td>
<td class="success">0.147s</td>
<td class="success">passed</td>
</tr>
<tr>
<td class="success">sendPushPublishBundle[7: com.dotcms.publishing.PublisherAPIImplTest$TestAsset@22f49753]</td>
<td class="success">0.155s</td>
<td class="success">passed</td>
</tr>
<tr>
<td class="success">sendPushPublishBundle[7: com.dotcms.publishing.PublisherAPIImplTest$TestAsset@22f49753]</td>
<td class="success">0.162s</td>
<td class="success">passed</td>
</tr>
<tr>
<td class="success">sendPushPublishBundle[8: com.dotcms.publishing.PublisherAPIImplTest$TestAsset@1fbf58c]</td>
<td class="success">0.216s</td>
<td class="success">passed</td>
</tr>
<tr>
<td class="success">sendPushPublishBundle[8: com.dotcms.publishing.PublisherAPIImplTest$TestAsset@1fbf58c]</td>
<td class="success">0.103s</td>
<td class="success">passed</td>
</tr>
<tr>
<td class="success">sendPushPublishBundle[9: com.dotcms.publishing.PublisherAPIImplTest$TestAsset@271a273d]</td>
<td class="success">0.201s</td>
<td class="success">passed</td>
</tr>
<tr>
<td class="success">sendPushPublishBundle[9: com.dotcms.publishing.PublisherAPIImplTest$TestAsset@271a273d]</td>
<td class="success">0.324s</td>
<td class="success">passed</td>
</tr>
</table>
</div>
<div id="tab2" class="tab">
<h2>Standard output</h2>
<span class="code">
<pre>































































































































































































































































































































































</pre>
</span>
</div>
</div>
<div id="footer">
<p>
<div>
<label class="hidden" id="label-for-line-wrapping-toggle" for="line-wrapping-toggle">Wrap lines
<input id="line-wrapping-toggle" type="checkbox" autocomplete="off"/>
</label>
</div>Generated by 
<a href="http://www.gradle.org">Gradle 4.10.2</a> at Mar 11, 2022, 8:45:29 PM</p>
</div>
</div>
</body>
</html>
