<!DOCTYPE html>
<html>
<head>
<meta http-equiv="Content-Type" content="text/html; charset=utf-8"/>
<meta http-equiv="x-ua-compatible" content="IE=edge"/>
<title>Test results - Class com.dotcms.publishing.PublisherAPIImplTest</title>
<link href="../css/base-style.css" rel="stylesheet" type="text/css"/>
<link href="../css/style.css" rel="stylesheet" type="text/css"/>
<script src="../js/report.js" type="text/javascript"></script>
</head>
<body>
<div id="content">
<h1>Class com.dotcms.publishing.PublisherAPIImplTest</h1>
<div class="breadcrumbs">
<a href="../index.html">all</a> &gt; 
<a href="../packages/com.dotcms.publishing.html">com.dotcms.publishing</a> &gt; PublisherAPIImplTest</div>
<div id="summary">
<table>
<tr>
<td>
<div class="summaryGroup">
<table>
<tr>
<td>
<div class="infoBox" id="tests">
<div class="counter">40</div>
<p>tests</p>
</div>
</td>
<td>
<div class="infoBox" id="failures">
<div class="counter">2</div>
<p>failures</p>
</div>
</td>
<td>
<div class="infoBox" id="ignored">
<div class="counter">0</div>
<p>ignored</p>
</div>
</td>
<td>
<div class="infoBox" id="duration">
<div class="counter">11.218s</div>
<p>duration</p>
</div>
</td>
</tr>
</table>
</div>
</td>
<td>
<div class="infoBox failures" id="successRate">
<div class="percent">95%</div>
<p>successful</p>
</div>
</td>
</tr>
</table>
</div>
<div id="tabs">
<ul class="tabLinks">
<li>
<a href="#tab0">Failed tests</a>
</li>
<li>
<a href="#tab1">Tests</a>
</li>
<li>
<a href="#tab2">Standard output</a>
</li>
</ul>
<div id="tab0" class="tab">
<h2>Failed tests</h2>
<div class="test">
<a name="generateBundle[0: com.dotcms.publishing.PublisherAPIImplTest$TestAsset@b280e78]"></a>
<h3 class="failures">generateBundle[0: com.dotcms.publishing.PublisherAPIImplTest$TestAsset@b280e78]</h3>
<span class="code">
<pre>java.lang.AssertionError: File /custom/assets/bundles/01FX9WSK1S4K3DY397J3C00W0P/working/System Host/b16f016a76a99f4b445350e923c03ad2.category.dpc.xml, not exists, files: /custom/assets/bundles/01FX9WSK1S4K3DY397J3C00W0P/3c27428b-520b-41cf-9160-0781d53d4d39.workflow.xml, /custom/assets/bundles/01FX9WSK1S4K3DY397J3C00W0P/d61a59e1-a49c-46f2-a929-db2b4bfa88b2.workflow.xml, /custom/assets/bundles/01FX9WSK1S4K3DY397J3C00W0P/live, /custom/assets/bundles/01FX9WSK1S4K3DY397J3C00W0P/live/System Host, /custom/assets/bundles/01FX9WSK1S4K3DY397J3C00W0P/live/System Host/1, /custom/assets/bundles/01FX9WSK1S4K3DY397J3C00W0P/live/System Host/1/0ab1750a671c4142454c3d8f62624fe1.contentworkflow.xml, /custom/assets/bundles/01FX9WSK1S4K3DY397J3C00W0P/live/System Host/1/1-content.67886a6e-1a3e-4113-893f-2ca117808f80.content.xml, /custom/assets/bundles/01FX9WSK1S4K3DY397J3C00W0P/live/System Host/1/2-content.32399f8b-a7b9-47ce-b139-6986eec18a42.content.xml, /custom/assets/bundles/01FX9WSK1S4K3DY397J3C00W0P/live/System Host/1/content.625fef92-72ff-4d48-9d2c-153d8f1d2cb2.host.xml, /custom/assets/bundles/01FX9WSK1S4K3DY397J3C00W0P/live/System Host/1/content.ff462f88-d9e1-4d31-b084-b73cb61976d3.host.xml, /custom/assets/bundles/01FX9WSK1S4K3DY397J3C00W0P/live/System Host/1/f5ba512fd09b01458ad6cc168d09807e.contentworkflow.xml, /custom/assets/bundles/01FX9WSK1S4K3DY397J3C00W0P/live/System Host/1properties, /custom/assets/bundles/01FX9WSK1S4K3DY397J3C00W0P/live/System Host/4763684properties, /custom/assets/bundles/01FX9WSK1S4K3DY397J3C00W0P/live/System Host/en_US.language.xml, /custom/assets/bundles/01FX9WSK1S4K3DY397J3C00W0P/live/System Host/nv_CC.language.xml, /custom/assets/bundles/01FX9WSK1S4K3DY397J3C00W0P/live/default, /custom/assets/bundles/01FX9WSK1S4K3DY397J3C00W0P/live/default/4763684, /custom/assets/bundles/01FX9WSK1S4K3DY397J3C00W0P/live/default/4763684/0-content.f901feb5-ec6f-45c5-978e-7bc8cf8310f6.content.xml, /custom/assets/bundles/01FX9WSK1S4K3DY397J3C00W0P/live/default/4763684/07808d9515d53b9aab160107d1d11e75.contentworkflow.xml, /custom/assets/bundles/01FX9WSK1S4K3DY397J3C00W0P/manifest.csv, /custom/assets/bundles/01FX9WSK1S4K3DY397J3C00W0P/working, /custom/assets/bundles/01FX9WSK1S4K3DY397J3C00W0P/working/System Host, /custom/assets/bundles/01FX9WSK1S4K3DY397J3C00W0P/working/System Host/1, /custom/assets/bundles/01FX9WSK1S4K3DY397J3C00W0P/working/System Host/1/content.ff462f88-d9e1-4d31-b084-b73cb61976d3.host.xml, /custom/assets/bundles/01FX9WSK1S4K3DY397J3C00W0P/working/System Host/f4d7c1b8-2c88-4071-abf1-a5328977b07d.contentType.json, /custom/assets/bundles/01FX9WSK1S4K3DY397J3C00W0P/working/test1646372087639.dotcms.com, /custom/assets/bundles/01FX9WSK1S4K3DY397J3C00W0P/working/test1646372087639.dotcms.com/1e44bd56cf19de657be6847e172d7f17.contentType.json, /custom/assets/bundles/01FX9WSK1S4K3DY397J3C00W0P/working/test1646372087639.dotcms.com/24d49ac1a241b065f396e0917a096bed.contentType.json, /custom/assets/bundles/01FX9WSK1S4K3DY397J3C00W0P/working/test1646372087639.dotcms.com/a5bd2810-b0f9-4936-b691-1967fe5e745f.relationship.xml
	at org.junit.Assert.fail(Assert.java:88)
	at org.junit.Assert.assertTrue(Assert.java:41)
	at com.dotcms.test.util.FileTestUtil.assertBundleFile(FileTestUtil.java:242)
	at com.dotcms.test.util.FileTestUtil.assertBundleFile(FileTestUtil.java:154)
	at com.dotcms.publishing.PublisherAPIImplTest.assertBundle(PublisherAPIImplTest.java:723)
	at com.dotcms.publishing.PublisherAPIImplTest.generateBundle(PublisherAPIImplTest.java:480)
	at java.base/jdk.internal.reflect.NativeMethodAccessorImpl.invoke0(Native Method)
	at java.base/jdk.internal.reflect.NativeMethodAccessorImpl.invoke(NativeMethodAccessorImpl.java:62)
	at java.base/jdk.internal.reflect.DelegatingMethodAccessorImpl.invoke(DelegatingMethodAccessorImpl.java:43)
	at java.base/java.lang.reflect.Method.invoke(Method.java:566)
	at org.junit.runners.model.FrameworkMethod$1.runReflectiveCall(FrameworkMethod.java:50)
	at org.junit.internal.runners.model.ReflectiveCallable.run(ReflectiveCallable.java:12)
	at org.junit.runners.model.FrameworkMethod.invokeExplosively(FrameworkMethod.java:47)
	at com.tngtech.java.junit.dataprovider.DataProviderFrameworkMethod.invokeExplosively(DataProviderFrameworkMethod.java:119)
	at org.junit.internal.runners.statements.InvokeMethod.evaluate(InvokeMethod.java:17)
	at org.junit.rules.TestWatcher$1.evaluate(TestWatcher.java:55)
	at org.junit.rules.RunRules.evaluate(RunRules.java:20)
	at org.junit.runners.ParentRunner.runLeaf(ParentRunner.java:325)
	at com.dotcms.junit.CustomDataProviderRunner.runChild(CustomDataProviderRunner.java:28)
	at com.dotcms.junit.CustomDataProviderRunner.runChild(CustomDataProviderRunner.java:13)
	at org.junit.runners.ParentRunner$3.run(ParentRunner.java:290)
	at org.junit.runners.ParentRunner$1.schedule(ParentRunner.java:71)
	at org.junit.runners.ParentRunner.runChildren(ParentRunner.java:288)
	at org.junit.runners.ParentRunner.access$000(ParentRunner.java:58)
	at org.junit.runners.ParentRunner$2.evaluate(ParentRunner.java:268)
	at org.junit.internal.runners.statements.RunBefores.evaluate(RunBefores.java:26)
	at org.junit.internal.runners.statements.RunAfters.evaluate(RunAfters.java:27)
	at org.junit.runners.ParentRunner.run(ParentRunner.java:363)
	at com.dotcms.junit.MainBaseSuite$DotRunner.run(MainBaseSuite.java:60)
	at org.junit.runners.Suite.runChild(Suite.java:128)
	at org.junit.runners.Suite.runChild(Suite.java:27)
	at org.junit.runners.ParentRunner$3.run(ParentRunner.java:290)
	at org.junit.runners.ParentRunner$1.schedule(ParentRunner.java:71)
	at org.junit.runners.ParentRunner.runChildren(ParentRunner.java:288)
	at org.junit.runners.ParentRunner.access$000(ParentRunner.java:58)
	at org.junit.runners.ParentRunner$2.evaluate(ParentRunner.java:268)
	at org.junit.runners.ParentRunner.run(ParentRunner.java:363)
	at org.gradle.api.internal.tasks.testing.junit.JUnitTestClassExecutor.runTestClass(JUnitTestClassExecutor.java:106)
	at org.gradle.api.internal.tasks.testing.junit.JUnitTestClassExecutor.execute(JUnitTestClassExecutor.java:58)
	at org.gradle.api.internal.tasks.testing.junit.JUnitTestClassExecutor.execute(JUnitTestClassExecutor.java:38)
	at org.gradle.api.internal.tasks.testing.junit.AbstractJUnitTestClassProcessor.processTestClass(AbstractJUnitTestClassProcessor.java:66)
	at org.gradle.api.internal.tasks.testing.SuiteTestClassProcessor.processTestClass(SuiteTestClassProcessor.java:51)
	at java.base/jdk.internal.reflect.NativeMethodAccessorImpl.invoke0(Native Method)
	at java.base/jdk.internal.reflect.NativeMethodAccessorImpl.invoke(NativeMethodAccessorImpl.java:62)
	at java.base/jdk.internal.reflect.DelegatingMethodAccessorImpl.invoke(DelegatingMethodAccessorImpl.java:43)
	at java.base/java.lang.reflect.Method.invoke(Method.java:566)
	at org.gradle.internal.dispatch.ReflectionDispatch.dispatch(ReflectionDispatch.java:35)
	at org.gradle.internal.dispatch.ReflectionDispatch.dispatch(ReflectionDispatch.java:24)
	at org.gradle.internal.dispatch.ContextClassLoaderDispatch.dispatch(ContextClassLoaderDispatch.java:32)
	at org.gradle.internal.dispatch.ProxyDispatchAdapter$DispatchingInvocationHandler.invoke(ProxyDispatchAdapter.java:93)
	at com.sun.proxy.$Proxy2.processTestClass(Unknown Source)
	at org.gradle.api.internal.tasks.testing.worker.TestWorker.processTestClass(TestWorker.java:117)
	at java.base/jdk.internal.reflect.NativeMethodAccessorImpl.invoke0(Native Method)
	at java.base/jdk.internal.reflect.NativeMethodAccessorImpl.invoke(NativeMethodAccessorImpl.java:62)
	at java.base/jdk.internal.reflect.DelegatingMethodAccessorImpl.invoke(DelegatingMethodAccessorImpl.java:43)
	at java.base/java.lang.reflect.Method.invoke(Method.java:566)
	at org.gradle.internal.dispatch.ReflectionDispatch.dispatch(ReflectionDispatch.java:35)
	at org.gradle.internal.dispatch.ReflectionDispatch.dispatch(ReflectionDispatch.java:24)
	at org.gradle.internal.remote.internal.hub.MessageHubBackedObjectConnection$DispatchWrapper.dispatch(MessageHubBackedObjectConnection.java:155)
	at org.gradle.internal.remote.internal.hub.MessageHubBackedObjectConnection$DispatchWrapper.dispatch(MessageHubBackedObjectConnection.java:137)
	at org.gradle.internal.remote.internal.hub.MessageHub$Handler.run(MessageHub.java:404)
	at org.gradle.internal.concurrent.ExecutorPolicy$CatchAndRecordFailures.onExecute(ExecutorPolicy.java:63)
	at org.gradle.internal.concurrent.ManagedExecutorImpl$1.run(ManagedExecutorImpl.java:46)
	at java.base/java.util.concurrent.ThreadPoolExecutor.runWorker(ThreadPoolExecutor.java:1128)
	at java.base/java.util.concurrent.ThreadPoolExecutor$Worker.run(ThreadPoolExecutor.java:628)
	at org.gradle.internal.concurrent.ThreadFactoryImpl$ManagedThreadRunnable.run(ThreadFactoryImpl.java:55)
	at java.base/java.lang.Thread.run(Thread.java:829)
</pre>
</span>
</div>
<div class="test">
<a name="sendPushPublishBundle[0: com.dotcms.publishing.PublisherAPIImplTest$TestAsset@b280e78]"></a>
<h3 class="failures">sendPushPublishBundle[0: com.dotcms.publishing.PublisherAPIImplTest$TestAsset@b280e78]</h3>
<span class="code">
<pre>java.lang.AssertionError: File /custom/assets/bundles/01FX9WSFNPYSKA8XAWATE7BTE1/working/System Host/b16f016a76a99f4b445350e923c03ad2.category.dpc.xml, not exists, files: /custom/assets/bundles/01FX9WSFNPYSKA8XAWATE7BTE1/3c27428b-520b-41cf-9160-0781d53d4d39.workflow.xml, /custom/assets/bundles/01FX9WSFNPYSKA8XAWATE7BTE1/d61a59e1-a49c-46f2-a929-db2b4bfa88b2.workflow.xml, /custom/assets/bundles/01FX9WSFNPYSKA8XAWATE7BTE1/live, /custom/assets/bundles/01FX9WSFNPYSKA8XAWATE7BTE1/live/System Host, /custom/assets/bundles/01FX9WSFNPYSKA8XAWATE7BTE1/live/System Host/1, /custom/assets/bundles/01FX9WSFNPYSKA8XAWATE7BTE1/live/System Host/1/0ab1750a671c4142454c3d8f62624fe1.contentworkflow.xml, /custom/assets/bundles/01FX9WSFNPYSKA8XAWATE7BTE1/live/System Host/1/1-content.67886a6e-1a3e-4113-893f-2ca117808f80.content.xml, /custom/assets/bundles/01FX9WSFNPYSKA8XAWATE7BTE1/live/System Host/1/2-content.32399f8b-a7b9-47ce-b139-6986eec18a42.content.xml, /custom/assets/bundles/01FX9WSFNPYSKA8XAWATE7BTE1/live/System Host/1/content.625fef92-72ff-4d48-9d2c-153d8f1d2cb2.host.xml, /custom/assets/bundles/01FX9WSFNPYSKA8XAWATE7BTE1/live/System Host/1/content.ff462f88-d9e1-4d31-b084-b73cb61976d3.host.xml, /custom/assets/bundles/01FX9WSFNPYSKA8XAWATE7BTE1/live/System Host/1/f5ba512fd09b01458ad6cc168d09807e.contentworkflow.xml, /custom/assets/bundles/01FX9WSFNPYSKA8XAWATE7BTE1/live/System Host/1properties, /custom/assets/bundles/01FX9WSFNPYSKA8XAWATE7BTE1/live/System Host/4763684properties, /custom/assets/bundles/01FX9WSFNPYSKA8XAWATE7BTE1/live/System Host/en_US.language.xml, /custom/assets/bundles/01FX9WSFNPYSKA8XAWATE7BTE1/live/System Host/nv_CC.language.xml, /custom/assets/bundles/01FX9WSFNPYSKA8XAWATE7BTE1/live/default, /custom/assets/bundles/01FX9WSFNPYSKA8XAWATE7BTE1/live/default/4763684, /custom/assets/bundles/01FX9WSFNPYSKA8XAWATE7BTE1/live/default/4763684/0-content.f901feb5-ec6f-45c5-978e-7bc8cf8310f6.content.xml, /custom/assets/bundles/01FX9WSFNPYSKA8XAWATE7BTE1/live/default/4763684/07808d9515d53b9aab160107d1d11e75.contentworkflow.xml, /custom/assets/bundles/01FX9WSFNPYSKA8XAWATE7BTE1/manifest.csv, /custom/assets/bundles/01FX9WSFNPYSKA8XAWATE7BTE1/working, /custom/assets/bundles/01FX9WSFNPYSKA8XAWATE7BTE1/working/System Host, /custom/assets/bundles/01FX9WSFNPYSKA8XAWATE7BTE1/working/System Host/1, /custom/assets/bundles/01FX9WSFNPYSKA8XAWATE7BTE1/working/System Host/1/content.ff462f88-d9e1-4d31-b084-b73cb61976d3.host.xml, /custom/assets/bundles/01FX9WSFNPYSKA8XAWATE7BTE1/working/System Host/f4d7c1b8-2c88-4071-abf1-a5328977b07d.contentType.json, /custom/assets/bundles/01FX9WSFNPYSKA8XAWATE7BTE1/working/test1646372087639.dotcms.com, /custom/assets/bundles/01FX9WSFNPYSKA8XAWATE7BTE1/working/test1646372087639.dotcms.com/1e44bd56cf19de657be6847e172d7f17.contentType.json, /custom/assets/bundles/01FX9WSFNPYSKA8XAWATE7BTE1/working/test1646372087639.dotcms.com/24d49ac1a241b065f396e0917a096bed.contentType.json, /custom/assets/bundles/01FX9WSFNPYSKA8XAWATE7BTE1/working/test1646372087639.dotcms.com/a5bd2810-b0f9-4936-b691-1967fe5e745f.relationship.xml
	at org.junit.Assert.fail(Assert.java:88)
	at org.junit.Assert.assertTrue(Assert.java:41)
	at com.dotcms.test.util.FileTestUtil.assertBundleFile(FileTestUtil.java:242)
	at com.dotcms.test.util.FileTestUtil.assertBundleFile(FileTestUtil.java:154)
	at com.dotcms.publishing.PublisherAPIImplTest.assertBundle(PublisherAPIImplTest.java:723)
	at com.dotcms.publishing.PublisherAPIImplTest.sendPushPublishBundle(PublisherAPIImplTest.java:664)
	at java.base/jdk.internal.reflect.NativeMethodAccessorImpl.invoke0(Native Method)
	at java.base/jdk.internal.reflect.NativeMethodAccessorImpl.invoke(NativeMethodAccessorImpl.java:62)
	at java.base/jdk.internal.reflect.DelegatingMethodAccessorImpl.invoke(DelegatingMethodAccessorImpl.java:43)
	at java.base/java.lang.reflect.Method.invoke(Method.java:566)
	at org.junit.runners.model.FrameworkMethod$1.runReflectiveCall(FrameworkMethod.java:50)
	at org.junit.internal.runners.model.ReflectiveCallable.run(ReflectiveCallable.java:12)
	at org.junit.runners.model.FrameworkMethod.invokeExplosively(FrameworkMethod.java:47)
	at com.tngtech.java.junit.dataprovider.DataProviderFrameworkMethod.invokeExplosively(DataProviderFrameworkMethod.java:119)
	at org.junit.internal.runners.statements.InvokeMethod.evaluate(InvokeMethod.java:17)
	at org.junit.rules.TestWatcher$1.evaluate(TestWatcher.java:55)
	at org.junit.rules.RunRules.evaluate(RunRules.java:20)
	at org.junit.runners.ParentRunner.runLeaf(ParentRunner.java:325)
	at com.dotcms.junit.CustomDataProviderRunner.runChild(CustomDataProviderRunner.java:28)
	at com.dotcms.junit.CustomDataProviderRunner.runChild(CustomDataProviderRunner.java:13)
	at org.junit.runners.ParentRunner$3.run(ParentRunner.java:290)
	at org.junit.runners.ParentRunner$1.schedule(ParentRunner.java:71)
	at org.junit.runners.ParentRunner.runChildren(ParentRunner.java:288)
	at org.junit.runners.ParentRunner.access$000(ParentRunner.java:58)
	at org.junit.runners.ParentRunner$2.evaluate(ParentRunner.java:268)
	at org.junit.internal.runners.statements.RunBefores.evaluate(RunBefores.java:26)
	at org.junit.internal.runners.statements.RunAfters.evaluate(RunAfters.java:27)
	at org.junit.runners.ParentRunner.run(ParentRunner.java:363)
	at com.dotcms.junit.MainBaseSuite$DotRunner.run(MainBaseSuite.java:60)
	at org.junit.runners.Suite.runChild(Suite.java:128)
	at org.junit.runners.Suite.runChild(Suite.java:27)
	at org.junit.runners.ParentRunner$3.run(ParentRunner.java:290)
	at org.junit.runners.ParentRunner$1.schedule(ParentRunner.java:71)
	at org.junit.runners.ParentRunner.runChildren(ParentRunner.java:288)
	at org.junit.runners.ParentRunner.access$000(ParentRunner.java:58)
	at org.junit.runners.ParentRunner$2.evaluate(ParentRunner.java:268)
	at org.junit.runners.ParentRunner.run(ParentRunner.java:363)
	at org.gradle.api.internal.tasks.testing.junit.JUnitTestClassExecutor.runTestClass(JUnitTestClassExecutor.java:106)
	at org.gradle.api.internal.tasks.testing.junit.JUnitTestClassExecutor.execute(JUnitTestClassExecutor.java:58)
	at org.gradle.api.internal.tasks.testing.junit.JUnitTestClassExecutor.execute(JUnitTestClassExecutor.java:38)
	at org.gradle.api.internal.tasks.testing.junit.AbstractJUnitTestClassProcessor.processTestClass(AbstractJUnitTestClassProcessor.java:66)
	at org.gradle.api.internal.tasks.testing.SuiteTestClassProcessor.processTestClass(SuiteTestClassProcessor.java:51)
	at java.base/jdk.internal.reflect.NativeMethodAccessorImpl.invoke0(Native Method)
	at java.base/jdk.internal.reflect.NativeMethodAccessorImpl.invoke(NativeMethodAccessorImpl.java:62)
	at java.base/jdk.internal.reflect.DelegatingMethodAccessorImpl.invoke(DelegatingMethodAccessorImpl.java:43)
	at java.base/java.lang.reflect.Method.invoke(Method.java:566)
	at org.gradle.internal.dispatch.ReflectionDispatch.dispatch(ReflectionDispatch.java:35)
	at org.gradle.internal.dispatch.ReflectionDispatch.dispatch(ReflectionDispatch.java:24)
	at org.gradle.internal.dispatch.ContextClassLoaderDispatch.dispatch(ContextClassLoaderDispatch.java:32)
	at org.gradle.internal.dispatch.ProxyDispatchAdapter$DispatchingInvocationHandler.invoke(ProxyDispatchAdapter.java:93)
	at com.sun.proxy.$Proxy2.processTestClass(Unknown Source)
	at org.gradle.api.internal.tasks.testing.worker.TestWorker.processTestClass(TestWorker.java:117)
	at java.base/jdk.internal.reflect.NativeMethodAccessorImpl.invoke0(Native Method)
	at java.base/jdk.internal.reflect.NativeMethodAccessorImpl.invoke(NativeMethodAccessorImpl.java:62)
	at java.base/jdk.internal.reflect.DelegatingMethodAccessorImpl.invoke(DelegatingMethodAccessorImpl.java:43)
	at java.base/java.lang.reflect.Method.invoke(Method.java:566)
	at org.gradle.internal.dispatch.ReflectionDispatch.dispatch(ReflectionDispatch.java:35)
	at org.gradle.internal.dispatch.ReflectionDispatch.dispatch(ReflectionDispatch.java:24)
	at org.gradle.internal.remote.internal.hub.MessageHubBackedObjectConnection$DispatchWrapper.dispatch(MessageHubBackedObjectConnection.java:155)
	at org.gradle.internal.remote.internal.hub.MessageHubBackedObjectConnection$DispatchWrapper.dispatch(MessageHubBackedObjectConnection.java:137)
	at org.gradle.internal.remote.internal.hub.MessageHub$Handler.run(MessageHub.java:404)
	at org.gradle.internal.concurrent.ExecutorPolicy$CatchAndRecordFailures.onExecute(ExecutorPolicy.java:63)
	at org.gradle.internal.concurrent.ManagedExecutorImpl$1.run(ManagedExecutorImpl.java:46)
	at java.base/java.util.concurrent.ThreadPoolExecutor.runWorker(ThreadPoolExecutor.java:1128)
	at java.base/java.util.concurrent.ThreadPoolExecutor$Worker.run(ThreadPoolExecutor.java:628)
	at org.gradle.internal.concurrent.ThreadFactoryImpl$ManagedThreadRunnable.run(ThreadFactoryImpl.java:55)
	at java.base/java.lang.Thread.run(Thread.java:829)
</pre>
</span>
</div>
</div>
<div id="tab1" class="tab">
<h2>Tests</h2>
<table>
<thead>
<tr>
<th>Test</th>
<th>Duration</th>
<th>Result</th>
</tr>
</thead>
<tr>
<td class="failures">generateBundle[0: com.dotcms.publishing.PublisherAPIImplTest$TestAsset@b280e78]</td>
<td class="failures">0.171s</td>
<td class="failures">failed</td>
</tr>
<tr>
<td class="success">generateBundle[0: com.dotcms.publishing.PublisherAPIImplTest$TestAsset@b280e78]</td>
<td class="success">0.197s</td>
<td class="success">passed</td>
</tr>
<tr>
<td class="success">generateBundle[1: com.dotcms.publishing.PublisherAPIImplTest$TestAsset@533d10d5]</td>
<td class="success">0.232s</td>
<td class="success">passed</td>
</tr>
<tr>
<td class="success">generateBundle[1: com.dotcms.publishing.PublisherAPIImplTest$TestAsset@533d10d5]</td>
<td class="success">0.213s</td>
<td class="success">passed</td>
</tr>
<tr>
<td class="success">generateBundle[2: com.dotcms.publishing.PublisherAPIImplTest$TestAsset@2e16eff1]</td>
<td class="success">0.177s</td>
<td class="success">passed</td>
</tr>
<tr>
<td class="success">generateBundle[2: com.dotcms.publishing.PublisherAPIImplTest$TestAsset@2e16eff1]</td>
<td class="success">0.191s</td>
<td class="success">passed</td>
</tr>
<tr>
<td class="success">generateBundle[3: com.dotcms.publishing.PublisherAPIImplTest$TestAsset@560284d4]</td>
<td class="success">0.267s</td>
<td class="success">passed</td>
</tr>
<tr>
<td class="success">generateBundle[3: com.dotcms.publishing.PublisherAPIImplTest$TestAsset@560284d4]</td>
<td class="success">0.277s</td>
<td class="success">passed</td>
</tr>
<tr>
<td class="success">generateBundle[4: com.dotcms.publishing.PublisherAPIImplTest$TestAsset@1d920ba2]</td>
<td class="success">0.241s</td>
<td class="success">passed</td>
</tr>
<tr>
<td class="success">generateBundle[4: com.dotcms.publishing.PublisherAPIImplTest$TestAsset@1d920ba2]</td>
<td class="success">0.288s</td>
<td class="success">passed</td>
</tr>
<tr>
<td class="success">generateBundle[5: com.dotcms.publishing.PublisherAPIImplTest$TestAsset@26920b7d]</td>
<td class="success">0.214s</td>
<td class="success">passed</td>
</tr>
<tr>
<td class="success">generateBundle[5: com.dotcms.publishing.PublisherAPIImplTest$TestAsset@26920b7d]</td>
<td class="success">0.156s</td>
<td class="success">passed</td>
</tr>
<tr>
<td class="success">generateBundle[6: com.dotcms.publishing.PublisherAPIImplTest$TestAsset@3f621139]</td>
<td class="success">0.164s</td>
<td class="success">passed</td>
</tr>
<tr>
<td class="success">generateBundle[6: com.dotcms.publishing.PublisherAPIImplTest$TestAsset@3f621139]</td>
<td class="success">0.136s</td>
<td class="success">passed</td>
</tr>
<tr>
<td class="success">generateBundle[7: com.dotcms.publishing.PublisherAPIImplTest$TestAsset@7d841625]</td>
<td class="success">0.147s</td>
<td class="success">passed</td>
</tr>
<tr>
<td class="success">generateBundle[7: com.dotcms.publishing.PublisherAPIImplTest$TestAsset@7d841625]</td>
<td class="success">0.140s</td>
<td class="success">passed</td>
</tr>
<tr>
<td class="success">generateBundle[8: com.dotcms.publishing.PublisherAPIImplTest$TestAsset@70c6dd2c]</td>
<td class="success">0.088s</td>
<td class="success">passed</td>
</tr>
<tr>
<td class="success">generateBundle[8: com.dotcms.publishing.PublisherAPIImplTest$TestAsset@70c6dd2c]</td>
<td class="success">0.104s</td>
<td class="success">passed</td>
</tr>
<tr>
<td class="success">generateBundle[9: com.dotcms.publishing.PublisherAPIImplTest$TestAsset@4639f9aa]</td>
<td class="success">0.200s</td>
<td class="success">passed</td>
</tr>
<tr>
<td class="success">generateBundle[9: com.dotcms.publishing.PublisherAPIImplTest$TestAsset@4639f9aa]</td>
<td class="success">0.278s</td>
<td class="success">passed</td>
</tr>
<tr>
<td class="success">sendPushPublishBundle[0: com.dotcms.publishing.PublisherAPIImplTest$TestAsset@b280e78]</td>
<td class="success">0.588s</td>
<td class="success">passed</td>
</tr>
<tr>
<td class="failures">sendPushPublishBundle[0: com.dotcms.publishing.PublisherAPIImplTest$TestAsset@b280e78]</td>
<td class="failures">0.345s</td>
<td class="failures">failed</td>
</tr>
<tr>
<td class="success">sendPushPublishBundle[1: com.dotcms.publishing.PublisherAPIImplTest$TestAsset@533d10d5]</td>
<td class="success">0.306s</td>
<td class="success">passed</td>
</tr>
<tr>
<td class="success">sendPushPublishBundle[1: com.dotcms.publishing.PublisherAPIImplTest$TestAsset@533d10d5]</td>
<td class="success">0.338s</td>
<td class="success">passed</td>
</tr>
<tr>
<td class="success">sendPushPublishBundle[2: com.dotcms.publishing.PublisherAPIImplTest$TestAsset@2e16eff1]</td>
<td class="success">0.316s</td>
<td class="success">passed</td>
</tr>
<tr>
<td class="success">sendPushPublishBundle[2: com.dotcms.publishing.PublisherAPIImplTest$TestAsset@2e16eff1]</td>
<td class="success">0.330s</td>
<td class="success">passed</td>
</tr>
<tr>
<td class="success">sendPushPublishBundle[3: com.dotcms.publishing.PublisherAPIImplTest$TestAsset@560284d4]</td>
<td class="success">0.501s</td>
<td class="success">passed</td>
</tr>
<tr>
<td class="success">sendPushPublishBundle[3: com.dotcms.publishing.PublisherAPIImplTest$TestAsset@560284d4]</td>
<td class="success">0.484s</td>
<td class="success">passed</td>
</tr>
<tr>
<td class="success">sendPushPublishBundle[4: com.dotcms.publishing.PublisherAPIImplTest$TestAsset@1d920ba2]</td>
<td class="success">0.509s</td>
<td class="success">passed</td>
</tr>
<tr>
<td class="success">sendPushPublishBundle[4: com.dotcms.publishing.PublisherAPIImplTest$TestAsset@1d920ba2]</td>
<td class="success">0.546s</td>
<td class="success">passed</td>
</tr>
<tr>
<td class="success">sendPushPublishBundle[5: com.dotcms.publishing.PublisherAPIImplTest$TestAsset@26920b7d]</td>
<td class="success">0.354s</td>
<td class="success">passed</td>
</tr>
<tr>
<td class="success">sendPushPublishBundle[5: com.dotcms.publishing.PublisherAPIImplTest$TestAsset@26920b7d]</td>
<td class="success">0.344s</td>
<td class="success">passed</td>
</tr>
<tr>
<td class="success">sendPushPublishBundle[6: com.dotcms.publishing.PublisherAPIImplTest$TestAsset@3f621139]</td>
<td class="success">0.344s</td>
<td class="success">passed</td>
</tr>
<tr>
<td class="success">sendPushPublishBundle[6: com.dotcms.publishing.PublisherAPIImplTest$TestAsset@3f621139]</td>
<td class="success">0.323s</td>
<td class="success">passed</td>
</tr>
<tr>
<td class="success">sendPushPublishBundle[7: com.dotcms.publishing.PublisherAPIImplTest$TestAsset@7d841625]</td>
<td class="success">0.252s</td>
<td class="success">passed</td>
</tr>
<tr>
<td class="success">sendPushPublishBundle[7: com.dotcms.publishing.PublisherAPIImplTest$TestAsset@7d841625]</td>
<td class="success">0.283s</td>
<td class="success">passed</td>
</tr>
<tr>
<td class="success">sendPushPublishBundle[8: com.dotcms.publishing.PublisherAPIImplTest$TestAsset@70c6dd2c]</td>
<td class="success">0.226s</td>
<td class="success">passed</td>
</tr>
<tr>
<td class="success">sendPushPublishBundle[8: com.dotcms.publishing.PublisherAPIImplTest$TestAsset@70c6dd2c]</td>
<td class="success">0.235s</td>
<td class="success">passed</td>
</tr>
<tr>
<td class="success">sendPushPublishBundle[9: com.dotcms.publishing.PublisherAPIImplTest$TestAsset@4639f9aa]</td>
<td class="success">0.375s</td>
<td class="success">passed</td>
</tr>
<tr>
<td class="success">sendPushPublishBundle[9: com.dotcms.publishing.PublisherAPIImplTest$TestAsset@4639f9aa]</td>
<td class="success">0.338s</td>
<td class="success">passed</td>
</tr>
</table>
</div>
<div id="tab2" class="tab">
<h2>Standard output</h2>
<span class="code">
<pre>































































































































































































































































































































































</pre>
</span>
</div>
</div>
<div id="footer">
<p>
<div>
<label class="hidden" id="label-for-line-wrapping-toggle" for="line-wrapping-toggle">Wrap lines
<input id="line-wrapping-toggle" type="checkbox" autocomplete="off"/>
</label>
</div>Generated by 
<a href="http://www.gradle.org">Gradle 4.10.2</a> at Mar 4, 2022, 7:20:20 AM</p>
</div>
</div>
</body>
</html>
