<!DOCTYPE html>
<html>
<head>
<meta http-equiv="Content-Type" content="text/html; charset=utf-8"/>
<meta http-equiv="x-ua-compatible" content="IE=edge"/>
<title>Test results - Class com.dotcms.content.elasticsearch.util.ESMappingUtilHelperTest</title>
<link href="../css/base-style.css" rel="stylesheet" type="text/css"/>
<link href="../css/style.css" rel="stylesheet" type="text/css"/>
<script src="../js/report.js" type="text/javascript"></script>
</head>
<body>
<div id="content">
<h1>Class com.dotcms.content.elasticsearch.util.ESMappingUtilHelperTest</h1>
<div class="breadcrumbs">
<a href="../index.html">all</a> &gt; 
<a href="../packages/com.dotcms.content.elasticsearch.util.html">com.dotcms.content.elasticsearch.util</a> &gt; ESMappingUtilHelperTest</div>
<div id="summary">
<table>
<tr>
<td>
<div class="summaryGroup">
<table>
<tr>
<td>
<div class="infoBox" id="tests">
<div class="counter">27</div>
<p>tests</p>
</div>
</td>
<td>
<div class="infoBox" id="failures">
<div class="counter">1</div>
<p>failures</p>
</div>
</td>
<td>
<div class="infoBox" id="ignored">
<div class="counter">0</div>
<p>ignored</p>
</div>
</td>
<td>
<div class="infoBox" id="duration">
<div class="counter">17m38.09s</div>
<p>duration</p>
</div>
</td>
</tr>
</table>
</div>
</td>
<td>
<div class="infoBox failures" id="successRate">
<div class="percent">96%</div>
<p>successful</p>
</div>
</td>
</tr>
</table>
</div>
<div id="tabs">
<ul class="tabLinks">
<li>
<a href="#tab0">Failed tests</a>
</li>
<li>
<a href="#tab1">Tests</a>
</li>
</ul>
<div id="tab0" class="tab">
<h2>Failed tests</h2>
<div class="test">
<a name="Test Name: testValidateEventMapping. Mapping Name: template_1"></a>
<h3 class="failures">Test Name: testValidateEventMapping. Mapping Name: template_1</h3>
<span class="code">
<pre>java.lang.RuntimeException: com.dotmarketing.exception.DotHibernateException: Unable to close Hibernate Session 
	at com.dotcms.datagen.ContentletDataGen.checkin(ContentletDataGen.java:296)
	at com.dotcms.datagen.ContentletDataGen.persist(ContentletDataGen.java:203)
	at com.dotcms.datagen.ContentletDataGen.nextPersisted(ContentletDataGen.java:189)
	at com.dotcms.content.elasticsearch.util.ESMappingUtilHelperTest.testValidateEventMapping(ESMappingUtilHelperTest.java:629)
	at java.base/jdk.internal.reflect.NativeMethodAccessorImpl.invoke0(Native Method)
	at java.base/jdk.internal.reflect.NativeMethodAccessorImpl.invoke(NativeMethodAccessorImpl.java:62)
	at java.base/jdk.internal.reflect.DelegatingMethodAccessorImpl.invoke(DelegatingMethodAccessorImpl.java:43)
	at java.base/java.lang.reflect.Method.invoke(Method.java:566)
	at org.junit.runners.model.FrameworkMethod$1.runReflectiveCall(FrameworkMethod.java:50)
	at org.junit.internal.runners.model.ReflectiveCallable.run(ReflectiveCallable.java:12)
	at org.junit.runners.model.FrameworkMethod.invokeExplosively(FrameworkMethod.java:47)
	at com.tngtech.java.junit.dataprovider.DataProviderFrameworkMethod.invokeExplosively(DataProviderFrameworkMethod.java:119)
	at org.junit.internal.runners.statements.InvokeMethod.evaluate(InvokeMethod.java:17)
	at org.junit.rules.TestWatcher$1.evaluate(TestWatcher.java:55)
	at org.junit.rules.RunRules.evaluate(RunRules.java:20)
	at org.junit.runners.ParentRunner.runLeaf(ParentRunner.java:325)
	at com.dotcms.junit.CustomDataProviderRunner.runChild(CustomDataProviderRunner.java:28)
	at com.dotcms.junit.CustomDataProviderRunner.runChild(CustomDataProviderRunner.java:13)
	at org.junit.runners.ParentRunner$3.run(ParentRunner.java:290)
	at org.junit.runners.ParentRunner$1.schedule(ParentRunner.java:71)
	at org.junit.runners.ParentRunner.runChildren(ParentRunner.java:288)
	at org.junit.runners.ParentRunner.access$000(ParentRunner.java:58)
	at org.junit.runners.ParentRunner$2.evaluate(ParentRunner.java:268)
	at org.junit.internal.runners.statements.RunBefores.evaluate(RunBefores.java:26)
	at org.junit.runners.ParentRunner.run(ParentRunner.java:363)
	at com.dotcms.junit.MainBaseSuite$DotRunner.run(MainBaseSuite.java:60)
	at org.junit.runners.Suite.runChild(Suite.java:128)
	at org.junit.runners.Suite.runChild(Suite.java:27)
	at org.junit.runners.ParentRunner$3.run(ParentRunner.java:290)
	at org.junit.runners.ParentRunner$1.schedule(ParentRunner.java:71)
	at org.junit.runners.ParentRunner.runChildren(ParentRunner.java:288)
	at org.junit.runners.ParentRunner.access$000(ParentRunner.java:58)
	at org.junit.runners.ParentRunner$2.evaluate(ParentRunner.java:268)
	at org.junit.runners.ParentRunner.run(ParentRunner.java:363)
	at org.gradle.api.internal.tasks.testing.junit.JUnitTestClassExecutor.runTestClass(JUnitTestClassExecutor.java:106)
	at org.gradle.api.internal.tasks.testing.junit.JUnitTestClassExecutor.execute(JUnitTestClassExecutor.java:58)
	at org.gradle.api.internal.tasks.testing.junit.JUnitTestClassExecutor.execute(JUnitTestClassExecutor.java:38)
	at org.gradle.api.internal.tasks.testing.junit.AbstractJUnitTestClassProcessor.processTestClass(AbstractJUnitTestClassProcessor.java:66)
	at org.gradle.api.internal.tasks.testing.SuiteTestClassProcessor.processTestClass(SuiteTestClassProcessor.java:51)
	at java.base/jdk.internal.reflect.NativeMethodAccessorImpl.invoke0(Native Method)
	at java.base/jdk.internal.reflect.NativeMethodAccessorImpl.invoke(NativeMethodAccessorImpl.java:62)
	at java.base/jdk.internal.reflect.DelegatingMethodAccessorImpl.invoke(DelegatingMethodAccessorImpl.java:43)
	at java.base/java.lang.reflect.Method.invoke(Method.java:566)
	at org.gradle.internal.dispatch.ReflectionDispatch.dispatch(ReflectionDispatch.java:35)
	at org.gradle.internal.dispatch.ReflectionDispatch.dispatch(ReflectionDispatch.java:24)
	at org.gradle.internal.dispatch.ContextClassLoaderDispatch.dispatch(ContextClassLoaderDispatch.java:32)
	at org.gradle.internal.dispatch.ProxyDispatchAdapter$DispatchingInvocationHandler.invoke(ProxyDispatchAdapter.java:93)
	at com.sun.proxy.$Proxy2.processTestClass(Unknown Source)
	at org.gradle.api.internal.tasks.testing.worker.TestWorker.processTestClass(TestWorker.java:117)
	at java.base/jdk.internal.reflect.NativeMethodAccessorImpl.invoke0(Native Method)
	at java.base/jdk.internal.reflect.NativeMethodAccessorImpl.invoke(NativeMethodAccessorImpl.java:62)
	at java.base/jdk.internal.reflect.DelegatingMethodAccessorImpl.invoke(DelegatingMethodAccessorImpl.java:43)
	at java.base/java.lang.reflect.Method.invoke(Method.java:566)
	at org.gradle.internal.dispatch.ReflectionDispatch.dispatch(ReflectionDispatch.java:35)
	at org.gradle.internal.dispatch.ReflectionDispatch.dispatch(ReflectionDispatch.java:24)
	at org.gradle.internal.remote.internal.hub.MessageHubBackedObjectConnection$DispatchWrapper.dispatch(MessageHubBackedObjectConnection.java:155)
	at org.gradle.internal.remote.internal.hub.MessageHubBackedObjectConnection$DispatchWrapper.dispatch(MessageHubBackedObjectConnection.java:137)
	at org.gradle.internal.remote.internal.hub.MessageHub$Handler.run(MessageHub.java:404)
	at org.gradle.internal.concurrent.ExecutorPolicy$CatchAndRecordFailures.onExecute(ExecutorPolicy.java:63)
	at org.gradle.internal.concurrent.ManagedExecutorImpl$1.run(ManagedExecutorImpl.java:46)
	at java.base/java.util.concurrent.ThreadPoolExecutor.runWorker(ThreadPoolExecutor.java:1128)
	at java.base/java.util.concurrent.ThreadPoolExecutor$Worker.run(ThreadPoolExecutor.java:628)
	at org.gradle.internal.concurrent.ThreadFactoryImpl$ManagedThreadRunnable.run(ThreadFactoryImpl.java:55)
	at java.base/java.lang.Thread.run(Thread.java:829)
Caused by: com.dotmarketing.exception.DotHibernateException: Unable to close Hibernate Session 
	at com.dotmarketing.db.HibernateUtil.commitTransaction(HibernateUtil.java:1163)
	at com.dotmarketing.db.LocalTransaction.wrapReturnWithListeners(LocalTransaction.java:62)
	at com.dotcms.aspects.interceptors.WrapInTransactionMethodInterceptor.invoke(WrapInTransactionMethodInterceptor.java:23)
	at com.dotcms.aspects.aspectj.WrapInTransactionAspect.invoke(WrapInTransactionAspect.java:41)
	at com.dotcms.content.elasticsearch.business.ESContentletAPIImpl.checkin(ESContentletAPIImpl.java:4353)
	at com.dotcms.content.elasticsearch.business.ESContentletAPIImpl.checkin(ESContentletAPIImpl.java:8491)
	at com.dotcms.content.elasticsearch.business.ESContentletAPIImpl.checkin_aroundBody138(ESContentletAPIImpl.java:4264)
	at com.dotcms.content.elasticsearch.business.ESContentletAPIImpl$AjcClosure139.run(ESContentletAPIImpl.java:1)
	at org.aspectj.runtime.reflect.JoinPointImpl.proceed(JoinPointImpl.java:149)
	at com.dotcms.aspects.aspectj.AspectJDelegateMethodInvocation.proceed(AspectJDelegateMethodInvocation.java:42)
	at com.dotcms.aspects.interceptors.CloseDBIfOpenedMethodInterceptor.invoke(CloseDBIfOpenedMethodInterceptor.java:29)
	at com.dotcms.aspects.aspectj.CloseDBIfOpenedAspect.invoke(CloseDBIfOpenedAspect.java:41)
	at com.dotcms.content.elasticsearch.business.ESContentletAPIImpl.checkin(ESContentletAPIImpl.java:4259)
	at com.dotmarketing.portlets.contentlet.business.ContentletAPIInterceptor.checkin(ContentletAPIInterceptor.java:258)
	at com.dotcms.datagen.ContentletDataGen.checkin(ContentletDataGen.java:293)
	... 63 more
Caused by: com.dotmarketing.business.DotStateException: An error occurred when mapping properties of Contentlet with ID '2cc8e817-7c2b-42da-9723-ca8172637798': Content Type with ID '90d45ec9-8c89-45b4-b256-f74d5e4681d6' was not found via API.
	at com.dotmarketing.db.DotRunnableThread.run(DotRunnableThread.java:56)
	at com.dotmarketing.db.HibernateUtil.finalizeCommitListeners(HibernateUtil.java:1073)
	at com.dotmarketing.db.HibernateUtil.commitTransaction(HibernateUtil.java:1157)
	... 77 more
Caused by: com.dotcms.content.business.DotMappingException: An error occurred when mapping properties of Contentlet with ID '2cc8e817-7c2b-42da-9723-ca8172637798': Content Type with ID '90d45ec9-8c89-45b4-b256-f74d5e4681d6' was not found via API.
	at com.dotcms.content.elasticsearch.business.ESMappingAPIImpl.toMap_aroundBody0(ESMappingAPIImpl.java:413)
	at com.dotcms.content.elasticsearch.business.ESMappingAPIImpl$AjcClosure1.run(ESMappingAPIImpl.java:1)
	at org.aspectj.runtime.reflect.JoinPointImpl.proceed(JoinPointImpl.java:149)
	at com.dotcms.aspects.aspectj.AspectJDelegateMethodInvocation.proceed(AspectJDelegateMethodInvocation.java:42)
	at com.dotcms.aspects.interceptors.CloseDBIfOpenedMethodInterceptor.invoke(CloseDBIfOpenedMethodInterceptor.java:29)
	at com.dotcms.aspects.aspectj.CloseDBIfOpenedAspect.invoke(CloseDBIfOpenedAspect.java:41)
	at com.dotcms.content.elasticsearch.business.ESMappingAPIImpl.toMap(ESMappingAPIImpl.java:247)
	at com.dotcms.content.elasticsearch.business.ContentletIndexAPIImpl.addBulkRequest(ContentletIndexAPIImpl.java:770)
	at com.dotcms.content.elasticsearch.business.ContentletIndexAPIImpl.appendBulkRequest(ContentletIndexAPIImpl.java:733)
	at com.dotcms.content.elasticsearch.business.ContentletIndexAPIImpl.createBulkRequest(ContentletIndexAPIImpl.java:614)
	at com.dotcms.content.elasticsearch.business.ContentletIndexAPIImpl.indexContentListNow(ContentletIndexAPIImpl.java:557)
	at com.dotcms.content.elasticsearch.business.ContentletIndexAPIImpl.addContentToIndex(ContentletIndexAPIImpl.java:551)
	at com.dotcms.content.elasticsearch.business.ContentletIndexAPIImpl.lambda$3(ContentletIndexAPIImpl.java:510)
	at com.dotmarketing.db.HibernateUtil$DotSyncRunnable.run(HibernateUtil.java:934)
	at com.dotmarketing.db.DotRunnableThread.internalRunner(DotRunnableThread.java:99)
	at com.dotmarketing.db.LocalTransaction.wrap(LocalTransaction.java:158)
	at com.dotmarketing.db.DotRunnableThread.run(DotRunnableThread.java:53)
	... 79 more
Caused by: com.dotmarketing.exception.DotDataException: Content Type with ID '90d45ec9-8c89-45b4-b256-f74d5e4681d6' was not found via API.
	at com.dotcms.content.elasticsearch.business.ESMappingAPIImpl.toMap_aroundBody0(ESMappingAPIImpl.java:274)
	... 95 more
</pre>
</span>
</div>
</div>
<div id="tab1" class="tab">
<h2>Tests</h2>
<table>
<thead>
<tr>
<th>Test</th>
<th>Duration</th>
<th>Result</th>
</tr>
</thead>
<tr>
<td class="success">Test Name: testAddMappingForFields. Mapping Name: dates_as_text</td>
<td class="success">56.988s</td>
<td class="success">passed</td>
</tr>
<tr>
<td class="success">Test Name: testAddMappingForFields. Mapping Name: geomapping</td>
<td class="success">56.822s</td>
<td class="success">passed</td>
</tr>
<tr>
<td class="success">Test Name: testAddMappingForFields. Mapping Name: keywordmapping</td>
<td class="success">1m3.71s</td>
<td class="success">passed</td>
</tr>
<tr>
<td class="success">Test Name: testAddMappingForFields. Mapping Name: permissions</td>
<td class="success">58.416s</td>
<td class="success">passed</td>
</tr>
<tr>
<td class="success">Test Name: testAddMappingForFields. Mapping Name: radio_as_boolean</td>
<td class="success">59.348s</td>
<td class="success">passed</td>
</tr>
<tr>
<td class="success">Test Name: testAddMappingForFields. Mapping Name: radio_as_float</td>
<td class="success">58.901s</td>
<td class="success">passed</td>
</tr>
<tr>
<td class="success">Test Name: testAddMappingForFields. Mapping Name: radio_as_integer</td>
<td class="success">1m1.21s</td>
<td class="success">passed</td>
</tr>
<tr>
<td class="success">Test Name: testAddMappingForFields. Mapping Name: select_as_boolean</td>
<td class="success">1m1.28s</td>
<td class="success">passed</td>
</tr>
<tr>
<td class="success">Test Name: testAddMappingForFields. Mapping Name: select_as_float</td>
<td class="success">1m2.29s</td>
<td class="success">passed</td>
</tr>
<tr>
<td class="success">Test Name: testAddMappingForFields. Mapping Name: select_as_integer</td>
<td class="success">1m2.50s</td>
<td class="success">passed</td>
</tr>
<tr>
<td class="success">Test Name: testAddMappingForFields. Mapping Name: strings_as_date_times</td>
<td class="success">56.414s</td>
<td class="success">passed</td>
</tr>
<tr>
<td class="success">Test Name: testAddMappingForFields. Mapping Name: strings_as_dates</td>
<td class="success">57.899s</td>
<td class="success">passed</td>
</tr>
<tr>
<td class="success">Test Name: testAddMappingForFields. Mapping Name: tags</td>
<td class="success">57.131s</td>
<td class="success">passed</td>
</tr>
<tr>
<td class="success">Test Name: testAddMappingForFields. Mapping Name: text_as_float</td>
<td class="success">55.280s</td>
<td class="success">passed</td>
</tr>
<tr>
<td class="success">Test Name: testAddMappingForFields. Mapping Name: text_as_integer</td>
<td class="success">56.221s</td>
<td class="success">passed</td>
</tr>
<tr>
<td class="success">Test Name: testAddMappingForFields. Mapping Name: uniqueField</td>
<td class="success">57.965s</td>
<td class="success">passed</td>
</tr>
<tr>
<td class="success">Test Name: testValidateEventMapping. Mapping Name: permissions</td>
<td class="success">0.253s</td>
<td class="success">passed</td>
</tr>
<tr>
<td class="success">Test Name: testValidateEventMapping. Mapping Name: strings_as_dates</td>
<td class="success">0.247s</td>
<td class="success">passed</td>
</tr>
<tr>
<td class="failures">Test Name: testValidateEventMapping. Mapping Name: template_1</td>
<td class="failures">1.015s</td>
<td class="failures">failed</td>
</tr>
<tr>
<td class="success">Test Name: testValidateEventMapping. Mapping Name: textmapping</td>
<td class="success">0.635s</td>
<td class="success">passed</td>
</tr>
<tr>
<td class="success">Test Name: testValidateFileAssetMapping. Mapping Name: keywordmapping</td>
<td class="success">3.043s</td>
<td class="success">passed</td>
</tr>
<tr>
<td class="success">Test Name: testValidateFileAssetMapping. Mapping Name: longmapping</td>
<td class="success">3.203s</td>
<td class="success">passed</td>
</tr>
<tr>
<td class="success">Test Name: testValidateNewsLikeMapping. Mapping Name: geomapping</td>
<td class="success">4.391s</td>
<td class="success">passed</td>
</tr>
<tr>
<td class="success">Test Name: testValidateNewsLikeMapping. Mapping Name: geomapping_2</td>
<td class="success">4.174s</td>
<td class="success">passed</td>
</tr>
<tr>
<td class="success">Test Name: testValidateNewsLikeMapping. Mapping Name: keywordmapping</td>
<td class="success">4.379s</td>
<td class="success">passed</td>
</tr>
<tr>
<td class="success">testCreateContentIndexWithCustomMappings</td>
<td class="success">48.002s</td>
<td class="success">passed</td>
</tr>
<tr>
<td class="success">testMappingForDateFields</td>
<td class="success">46.379s</td>
<td class="success">passed</td>
</tr>
</table>
</div>
</div>
<div id="footer">
<p>
<div>
<label class="hidden" id="label-for-line-wrapping-toggle" for="line-wrapping-toggle">Wrap lines
<input id="line-wrapping-toggle" type="checkbox" autocomplete="off"/>
</label>
</div>Generated by 
<a href="http://www.gradle.org">Gradle 4.10.2</a> at Feb 25, 2022, 5:59:24 AM</p>
</div>
</div>
</body>
</html>
