<!DOCTYPE html>
<html>
<head>
<meta http-equiv="Content-Type" content="text/html; charset=utf-8"/>
<meta http-equiv="x-ua-compatible" content="IE=edge"/>
<title>Test results - Class com.dotmarketing.portlets.contentlet.business.ContentletAPITest</title>
<link href="../css/base-style.css" rel="stylesheet" type="text/css"/>
<link href="../css/style.css" rel="stylesheet" type="text/css"/>
<script src="../js/report.js" type="text/javascript"></script>
</head>
<body>
<div id="content">
<h1>Class com.dotmarketing.portlets.contentlet.business.ContentletAPITest</h1>
<div class="breadcrumbs">
<a href="../index.html">all</a> &gt; 
<a href="../packages/com.dotmarketing.portlets.contentlet.business.html">com.dotmarketing.portlets.contentlet.business</a> &gt; ContentletAPITest</div>
<div id="summary">
<table>
<tr>
<td>
<div class="summaryGroup">
<table>
<tr>
<td>
<div class="infoBox" id="tests">
<div class="counter">153</div>
<p>tests</p>
</div>
</td>
<td>
<div class="infoBox" id="failures">
<div class="counter">1</div>
<p>failures</p>
</div>
</td>
<td>
<div class="infoBox" id="ignored">
<div class="counter">3</div>
<p>ignored</p>
</div>
</td>
<td>
<div class="infoBox" id="duration">
<div class="counter">1m44.67s</div>
<p>duration</p>
</div>
</td>
</tr>
</table>
</div>
</td>
<td>
<div class="infoBox failures" id="successRate">
<div class="percent">99%</div>
<p>successful</p>
</div>
</td>
</tr>
</table>
</div>
<div id="tabs">
<ul class="tabLinks">
<li>
<a href="#tab0">Failed tests</a>
</li>
<li>
<a href="#tab1">Tests</a>
</li>
<li>
<a href="#tab2">Standard error</a>
</li>
</ul>
<div id="tab0" class="tab">
<h2>Failed tests</h2>
<div class="test">
<a name="testCheckin_Non_Existing_Identifier_With_Validate_Should_FAIL"></a>
<h3 class="failures">testCheckin_Non_Existing_Identifier_With_Validate_Should_FAIL</h3>
<span class="code">
<pre>java.lang.Exception: Unexpected exception, expected&lt;com.dotmarketing.exception.DotDataException&gt; but was&lt;java.lang.AssertionError&gt;
	at org.junit.internal.runners.statements.ExpectException.evaluate(ExpectException.java:28)
	at org.junit.internal.runners.statements.RunBefores.evaluate(RunBefores.java:26)
	at org.junit.internal.runners.statements.RunAfters.evaluate(RunAfters.java:27)
	at org.junit.rules.ExternalResource$1.evaluate(ExternalResource.java:48)
	at org.junit.rules.RunRules.evaluate(RunRules.java:20)
	at org.junit.rules.TestWatcher$1.evaluate(TestWatcher.java:55)
	at org.junit.rules.RunRules.evaluate(RunRules.java:20)
	at org.junit.runners.ParentRunner.runLeaf(ParentRunner.java:325)
	at com.dotcms.junit.CustomDataProviderRunner.runChild(CustomDataProviderRunner.java:28)
	at com.dotcms.junit.CustomDataProviderRunner.runChild(CustomDataProviderRunner.java:13)
	at org.junit.runners.ParentRunner$3.run(ParentRunner.java:290)
	at org.junit.runners.ParentRunner$1.schedule(ParentRunner.java:71)
	at org.junit.runners.ParentRunner.runChildren(ParentRunner.java:288)
	at org.junit.runners.ParentRunner.access$000(ParentRunner.java:58)
	at org.junit.runners.ParentRunner$2.evaluate(ParentRunner.java:268)
	at org.junit.internal.runners.statements.RunBefores.evaluate(RunBefores.java:26)
	at org.junit.internal.runners.statements.RunAfters.evaluate(RunAfters.java:27)
	at org.junit.runners.ParentRunner.run(ParentRunner.java:363)
	at com.dotcms.junit.MainBaseSuite$DotRunner.run(MainBaseSuite.java:60)
	at org.junit.runners.Suite.runChild(Suite.java:128)
	at org.junit.runners.Suite.runChild(Suite.java:27)
	at org.junit.runners.ParentRunner$3.run(ParentRunner.java:290)
	at org.junit.runners.ParentRunner$1.schedule(ParentRunner.java:71)
	at org.junit.runners.ParentRunner.runChildren(ParentRunner.java:288)
	at org.junit.runners.ParentRunner.access$000(ParentRunner.java:58)
	at org.junit.runners.ParentRunner$2.evaluate(ParentRunner.java:268)
	at org.junit.runners.ParentRunner.run(ParentRunner.java:363)
	at org.gradle.api.internal.tasks.testing.junit.JUnitTestClassExecutor.runTestClass(JUnitTestClassExecutor.java:106)
	at org.gradle.api.internal.tasks.testing.junit.JUnitTestClassExecutor.execute(JUnitTestClassExecutor.java:58)
	at org.gradle.api.internal.tasks.testing.junit.JUnitTestClassExecutor.execute(JUnitTestClassExecutor.java:38)
	at org.gradle.api.internal.tasks.testing.junit.AbstractJUnitTestClassProcessor.processTestClass(AbstractJUnitTestClassProcessor.java:66)
	at org.gradle.api.internal.tasks.testing.SuiteTestClassProcessor.processTestClass(SuiteTestClassProcessor.java:51)
	at java.base/jdk.internal.reflect.NativeMethodAccessorImpl.invoke0(Native Method)
	at java.base/jdk.internal.reflect.NativeMethodAccessorImpl.invoke(NativeMethodAccessorImpl.java:62)
	at java.base/jdk.internal.reflect.DelegatingMethodAccessorImpl.invoke(DelegatingMethodAccessorImpl.java:43)
	at java.base/java.lang.reflect.Method.invoke(Method.java:566)
	at org.gradle.internal.dispatch.ReflectionDispatch.dispatch(ReflectionDispatch.java:35)
	at org.gradle.internal.dispatch.ReflectionDispatch.dispatch(ReflectionDispatch.java:24)
	at org.gradle.internal.dispatch.ContextClassLoaderDispatch.dispatch(ContextClassLoaderDispatch.java:32)
	at org.gradle.internal.dispatch.ProxyDispatchAdapter$DispatchingInvocationHandler.invoke(ProxyDispatchAdapter.java:93)
	at com.sun.proxy.$Proxy2.processTestClass(Unknown Source)
	at org.gradle.api.internal.tasks.testing.worker.TestWorker.processTestClass(TestWorker.java:117)
	at java.base/jdk.internal.reflect.NativeMethodAccessorImpl.invoke0(Native Method)
	at java.base/jdk.internal.reflect.NativeMethodAccessorImpl.invoke(NativeMethodAccessorImpl.java:62)
	at java.base/jdk.internal.reflect.DelegatingMethodAccessorImpl.invoke(DelegatingMethodAccessorImpl.java:43)
	at java.base/java.lang.reflect.Method.invoke(Method.java:566)
	at org.gradle.internal.dispatch.ReflectionDispatch.dispatch(ReflectionDispatch.java:35)
	at org.gradle.internal.dispatch.ReflectionDispatch.dispatch(ReflectionDispatch.java:24)
	at org.gradle.internal.remote.internal.hub.MessageHubBackedObjectConnection$DispatchWrapper.dispatch(MessageHubBackedObjectConnection.java:155)
	at org.gradle.internal.remote.internal.hub.MessageHubBackedObjectConnection$DispatchWrapper.dispatch(MessageHubBackedObjectConnection.java:137)
	at org.gradle.internal.remote.internal.hub.MessageHub$Handler.run(MessageHub.java:404)
	at org.gradle.internal.concurrent.ExecutorPolicy$CatchAndRecordFailures.onExecute(ExecutorPolicy.java:63)
	at org.gradle.internal.concurrent.ManagedExecutorImpl$1.run(ManagedExecutorImpl.java:46)
	at java.base/java.util.concurrent.ThreadPoolExecutor.runWorker(ThreadPoolExecutor.java:1128)
	at java.base/java.util.concurrent.ThreadPoolExecutor$Worker.run(ThreadPoolExecutor.java:628)
	at org.gradle.internal.concurrent.ThreadFactoryImpl$ManagedThreadRunnable.run(ThreadFactoryImpl.java:55)
	at java.base/java.lang.Thread.run(Thread.java:829)
Caused by: java.lang.AssertionError: The exception catch should: DotHibernateException and is: class com.dotmarketing.exception.DotRuntimeException
	at org.junit.Assert.fail(Assert.java:88)
	at com.dotmarketing.portlets.contentlet.business.ContentletAPITest.testCheckin_Non_Existing_Identifier_With_Validate_Should_FAIL(ContentletAPITest.java:5463)
	at java.base/jdk.internal.reflect.NativeMethodAccessorImpl.invoke0(Native Method)
	at java.base/jdk.internal.reflect.NativeMethodAccessorImpl.invoke(NativeMethodAccessorImpl.java:62)
	at java.base/jdk.internal.reflect.DelegatingMethodAccessorImpl.invoke(DelegatingMethodAccessorImpl.java:43)
	at java.base/java.lang.reflect.Method.invoke(Method.java:566)
	at org.junit.runners.model.FrameworkMethod$1.runReflectiveCall(FrameworkMethod.java:50)
	at org.junit.internal.runners.model.ReflectiveCallable.run(ReflectiveCallable.java:12)
	at org.junit.runners.model.FrameworkMethod.invokeExplosively(FrameworkMethod.java:47)
	at org.junit.internal.runners.statements.InvokeMethod.evaluate(InvokeMethod.java:17)
	at org.junit.internal.runners.statements.ExpectException.evaluate(ExpectException.java:19)
	... 56 more
</pre>
</span>
</div>
</div>
<div id="tab1" class="tab">
<h2>Tests</h2>
<table>
<thead>
<tr>
<th>Test</th>
<th>Duration</th>
<th>Result</th>
</tr>
</thead>
<tr>
<td class="success">TestCopyHTMLPageIncludesPersonalizedMultiTrees</td>
<td class="success">0.687s</td>
<td class="success">passed</td>
</tr>
<tr>
<td class="success">Test_Copy_Metadata_On_CheckIn</td>
<td class="success">0.701s</td>
<td class="success">passed</td>
</tr>
<tr>
<td class="success">Test_Key_Value_As_Map_Test</td>
<td class="success">1.420s</td>
<td class="success">passed</td>
</tr>
<tr>
<td class="success">Test_Move_Content_Different_Host_And_Folder_On_CheckIn</td>
<td class="success">1.838s</td>
<td class="success">passed</td>
</tr>
<tr>
<td class="success">addLinkToContentlet</td>
<td class="success">0.078s</td>
<td class="success">passed</td>
</tr>
<tr>
<td class="success">addRemoveContentFromIndex</td>
<td class="success">0.889s</td>
<td class="success">passed</td>
</tr>
<tr>
<td class="success">archive</td>
<td class="success">0.300s</td>
<td class="success">passed</td>
</tr>
<tr>
<td class="success">archiveCollection</td>
<td class="success">1.571s</td>
<td class="success">passed</td>
</tr>
<tr>
<td class="success">cleanBinaryField</td>
<td class="success">0.013s</td>
<td class="success">passed</td>
</tr>
<tr>
<td class="success">cleanTagField</td>
<td class="success">0.015s</td>
<td class="success">passed</td>
</tr>
<tr>
<td class="success">contentOnlyWithExpireFieldTest</td>
<td class="success">0.458s</td>
<td class="success">passed</td>
</tr>
<tr>
<td class="success">copyContentlet</td>
<td class="success">0.366s</td>
<td class="success">passed</td>
</tr>
<tr>
<td class="success">copyContentletWithFolder</td>
<td class="success">0.188s</td>
<td class="success">passed</td>
</tr>
<tr>
<td class="success">copyContentletWithFolderAppendCopy</td>
<td class="success">0.174s</td>
<td class="success">passed</td>
</tr>
<tr>
<td class="success">copyContentletWithHost</td>
<td class="success">0.250s</td>
<td class="success">passed</td>
</tr>
<tr>
<td class="success">copyContentletWithSeveralVersionsOrderIssue</td>
<td class="success">4.806s</td>
<td class="success">passed</td>
</tr>
<tr>
<td class="success">delete</td>
<td class="success">0.227s</td>
<td class="success">passed</td>
</tr>
<tr>
<td class="success">deleteAllVersionsAndBackup</td>
<td class="success">0.269s</td>
<td class="success">passed</td>
</tr>
<tr>
<td class="success">deleteCollection</td>
<td class="success">0.400s</td>
<td class="success">passed</td>
</tr>
<tr>
<td class="success">deleteCollectionAllVersions</td>
<td class="success">0.446s</td>
<td class="success">passed</td>
</tr>
<tr>
<td class="success">deleteForAllVersions</td>
<td class="success">0.219s</td>
<td class="success">passed</td>
</tr>
<tr>
<td class="success">deleteMultipleContents</td>
<td class="success">5.823s</td>
<td class="success">passed</td>
</tr>
<tr>
<td class="success">deleteRelatedContent</td>
<td class="success">0.831s</td>
<td class="success">passed</td>
</tr>
<tr>
<td class="success">deleteRelatedContentWithParent</td>
<td class="success">0.531s</td>
<td class="success">passed</td>
</tr>
<tr>
<td class="success">delete_GivenUnarchivedContentAndDontValidateMeInTrue_ShouldDeleteSuccessfully</td>
<td class="success">0.260s</td>
<td class="success">passed</td>
</tr>
<tr>
<td class="success">destroy_content_locked_by_admin_by_other_admin_user</td>
<td class="success">1.107s</td>
<td class="success">passed</td>
</tr>
<tr>
<td class="success">find</td>
<td class="success">0s</td>
<td class="success">passed</td>
</tr>
<tr>
<td class="skipped">findAllContent</td>
<td class="skipped">-</td>
<td class="skipped">ignored</td>
</tr>
<tr>
<td class="success">findByStructure</td>
<td class="success">0.004s</td>
<td class="success">passed</td>
</tr>
<tr>
<td class="success">findByStructureInode</td>
<td class="success">0.005s</td>
<td class="success">passed</td>
</tr>
<tr>
<td class="success">findContentletByIdentifier</td>
<td class="success">0.003s</td>
<td class="success">passed</td>
</tr>
<tr>
<td class="success">findContentletByIdentifiers</td>
<td class="success">0.001s</td>
<td class="success">passed</td>
</tr>
<tr>
<td class="success">findContentletForLanguage</td>
<td class="success">0.001s</td>
<td class="success">passed</td>
</tr>
<tr>
<td class="success">findContentlets</td>
<td class="success">0.003s</td>
<td class="success">passed</td>
</tr>
<tr>
<td class="success">findContentletsByFolder</td>
<td class="success">0.589s</td>
<td class="success">passed</td>
</tr>
<tr>
<td class="success">findContentletsByHost</td>
<td class="success">0.088s</td>
<td class="success">passed</td>
</tr>
<tr>
<td class="success">findPageContentlets</td>
<td class="success">0.001s</td>
<td class="success">passed</td>
</tr>
<tr>
<td class="success">getAllLanguages</td>
<td class="success">7.524s</td>
<td class="success">passed</td>
</tr>
<tr>
<td class="success">getAllRelationships</td>
<td class="success">0.012s</td>
<td class="success">passed</td>
</tr>
<tr>
<td class="success">getAllRelationshipsByContentlet</td>
<td class="success">0.398s</td>
<td class="success">passed</td>
</tr>
<tr>
<td class="success">getContentletReferences</td>
<td class="success">2.074s</td>
<td class="success">passed</td>
</tr>
<tr>
<td class="success">getContentletReferencesForMonolingualPages</td>
<td class="success">0.898s</td>
<td class="success">passed</td>
</tr>
<tr>
<td class="success">getContentletReferences_FilterOutReferencesByContentLang</td>
<td class="success">0.361s</td>
<td class="success">passed</td>
</tr>
<tr>
<td class="success">getContentletReferences_PersonaIncluded</td>
<td class="success">0.436s</td>
<td class="success">passed</td>
</tr>
<tr>
<td class="success">getContentletReferences_ReferencesByContentLang</td>
<td class="success">0.352s</td>
<td class="success">passed</td>
</tr>
<tr>
<td class="success">getFieldValue</td>
<td class="success">0.009s</td>
<td class="success">passed</td>
</tr>
<tr>
<td class="success">getRelatedContent</td>
<td class="success">0.399s</td>
<td class="success">passed</td>
</tr>
<tr>
<td class="success">getRelatedContentPullByParent</td>
<td class="success">0.473s</td>
<td class="success">passed</td>
</tr>
<tr>
<td class="success">isContentEqual</td>
<td class="success">0s</td>
<td class="success">passed</td>
</tr>
<tr>
<td class="success">newFileAssetLanguageDifferentThanDefault</td>
<td class="success">0.479s</td>
<td class="success">passed</td>
</tr>
<tr>
<td class="success">newVersionFileAssetLanguageDifferentThanDefault</td>
<td class="success">0.476s</td>
<td class="success">passed</td>
</tr>
<tr>
<td class="success">no_destroy_limited_content_locked_by_admin_by_limited_user</td>
<td class="success">0.383s</td>
<td class="success">passed</td>
</tr>
<tr>
<td class="success">publish</td>
<td class="success">0.237s</td>
<td class="success">passed</td>
</tr>
<tr>
<td class="success">publishCollection</td>
<td class="success">0.353s</td>
<td class="success">passed</td>
</tr>
<tr>
<td class="success">publishRelatedHtmlPages</td>
<td class="success">0.002s</td>
<td class="success">passed</td>
</tr>
<tr>
<td class="success">rangeQuery</td>
<td class="success">2.953s</td>
<td class="success">passed</td>
</tr>
<tr>
<td class="success">relateContent</td>
<td class="success">0.324s</td>
<td class="success">passed</td>
</tr>
<tr>
<td class="success">relateContentDirect</td>
<td class="success">0.383s</td>
<td class="success">passed</td>
</tr>
<tr>
<td class="skipped">run_listener_after_save_result_called_all_listeners</td>
<td class="skipped">-</td>
<td class="skipped">ignored</td>
</tr>
<tr>
<td class="success">saveContentWithExistingIdentifier</td>
<td class="success">0.630s</td>
<td class="success">passed</td>
</tr>
<tr>
<td class="success">search</td>
<td class="success">0.006s</td>
<td class="success">passed</td>
</tr>
<tr>
<td class="success">searchIndex</td>
<td class="success">0.007s</td>
<td class="success">passed</td>
</tr>
<tr>
<td class="success">searchWithPermissions</td>
<td class="success">0.008s</td>
<td class="success">passed</td>
</tr>
<tr>
<td class="success">testCheckInContentletWithoutHost_shouldUseContentTypeHost</td>
<td class="success">0.211s</td>
<td class="success">passed</td>
</tr>
<tr>
<td class="success">testCheckInWithSelfRelationInBothParentsAndChildren</td>
<td class="success">0.775s</td>
<td class="success">passed</td>
</tr>
<tr>
<td class="success">testCheckin1_ExistingContentWithCats_EmptyCatsList_ShouldWipeExistingCats</td>
<td class="success">0.467s</td>
<td class="success">passed</td>
</tr>
<tr>
<td class="success">testCheckin1_ExistingContentWithCats_NullCats_ShouldKeepExistingCats</td>
<td class="success">0.500s</td>
<td class="success">passed</td>
</tr>
<tr>
<td class="success">testCheckin1_ExistingContentWithChildAndParentRels_NullRels_ShouldKeepExistingRels</td>
<td class="success">1.386s</td>
<td class="success">passed</td>
</tr>
<tr>
<td class="success">testCheckin1_ExistingContentWithRels_NullRels_ShouldKeepExistingRels</td>
<td class="success">0.783s</td>
<td class="success">passed</td>
</tr>
<tr>
<td class="success">testCheckin2_ExistingContentWithCats_EmptyCatsList_ShouldWipeExistingCats</td>
<td class="success">0.474s</td>
<td class="success">passed</td>
</tr>
<tr>
<td class="success">testCheckin2_ExistingContentWithCats_NullCats_ShouldKeepExistingCats</td>
<td class="success">0.407s</td>
<td class="success">passed</td>
</tr>
<tr>
<td class="success">testCheckin2_ExistingContentWithRels_NullRels_ShouldKeepExistingRels</td>
<td class="success">0.573s</td>
<td class="success">passed</td>
</tr>
<tr>
<td class="success">testCheckin3_ExistingContentWithCats_EmptyCatsList_ShouldWipeExistingCats</td>
<td class="success">0.628s</td>
<td class="success">passed</td>
</tr>
<tr>
<td class="success">testCheckin3_ExistingContentWithCats_NullCats_ShouldKeepExistingCats</td>
<td class="success">0.536s</td>
<td class="success">passed</td>
</tr>
<tr>
<td class="success">testCheckin3_ExistingContentWithRels_EmptyRels_ShouldWipeExistingRels</td>
<td class="success">0.766s</td>
<td class="success">passed</td>
</tr>
<tr>
<td class="success">testCheckin3_ExistingContentWithRels_NullRels_ShouldKeepExistingRels</td>
<td class="success">0.567s</td>
<td class="success">passed</td>
</tr>
<tr>
<td class="success">testCheckin4_ExistingContentWithCats_EmptyCatsList_ShouldWipeExistingCats</td>
<td class="success">0.474s</td>
<td class="success">passed</td>
</tr>
<tr>
<td class="success">testCheckin4_ExistingContentWithCats_NullCats_ShouldKeepExistingCats</td>
<td class="success">0.443s</td>
<td class="success">passed</td>
</tr>
<tr>
<td class="success">testCheckin4_ExistingContentWithRels_EmptyRels_ShouldWipeExistingRels</td>
<td class="success">0.609s</td>
<td class="success">passed</td>
</tr>
<tr>
<td class="success">testCheckin4_ExistingContentWithRels_NullRels_ShouldKeepExistingRels</td>
<td class="success">0.607s</td>
<td class="success">passed</td>
</tr>
<tr>
<td class="success">testCheckinDefaultActions</td>
<td class="success">0.479s</td>
<td class="success">passed</td>
</tr>
<tr>
<td class="success">testCheckinDefaultActionsSkip</td>
<td class="success">0.595s</td>
<td class="success">passed</td>
</tr>
<tr>
<td class="success">testCheckinDefaultActionsSkipBySettingActionId</td>
<td class="success">0.839s</td>
<td class="success">passed</td>
</tr>
<tr>
<td class="success">testCheckinNoDefaultActions</td>
<td class="success">0.610s</td>
<td class="success">passed</td>
</tr>
<tr>
<td class="success">testCheckinWithoutVersioning_ExistingContentWithCats_EmptyCats_ShouldWipeExistingCats</td>
<td class="success">0.419s</td>
<td class="success">passed</td>
</tr>
<tr>
<td class="success">testCheckinWithoutVersioning_ExistingContentWithCats_NullCats_ShouldKeepExistingCats</td>
<td class="success">0.375s</td>
<td class="success">passed</td>
</tr>
<tr>
<td class="success">testCheckinWithoutVersioning_ExistingContentWithRels_EmptyRels_ShouldWipeExistingRels</td>
<td class="success">0.477s</td>
<td class="success">passed</td>
</tr>
<tr>
<td class="success">testCheckinWithoutVersioning_ExistingContentWithRels_NullRels_ShouldKeepExistingRels</td>
<td class="success">0.568s</td>
<td class="success">passed</td>
</tr>
<tr>
<td class="success">testCheckinWithoutVersioning_ShouldDeletePreviousBinary_WhenBinaryIsUpdated</td>
<td class="success">0.275s</td>
<td class="success">passed</td>
</tr>
<tr>
<td class="success">testCheckinWithoutVersioning_ShouldPreserveBinary_WhenOtherFieldsAreUpdated</td>
<td class="success">0.276s</td>
<td class="success">passed</td>
</tr>
<tr>
<td class="success">testCheckin_Non_Existing_Identifier_With_Not_Validate_Success</td>
<td class="success">0.235s</td>
<td class="success">passed</td>
</tr>
<tr>
<td class="failures">testCheckin_Non_Existing_Identifier_With_Validate_Should_FAIL</td>
<td class="failures">0.039s</td>
<td class="failures">failed</td>
</tr>
<tr>
<td class="success">testCheckin_nullRequiredFieldValue[0: com.dotmarketing.portlets.contentlet.business.ContentletAPITest$TestCaseNullFieldvalues@78bc8fde]</td>
<td class="success">0.248s</td>
<td class="success">passed</td>
</tr>
<tr>
<td class="success">testCheckin_nullRequiredFieldValue[1: com.dotmarketing.portlets.contentlet.business.ContentletAPITest$TestCaseNullFieldvalues@683a046e]</td>
<td class="success">0.185s</td>
<td class="success">passed</td>
</tr>
<tr>
<td class="success">testCheckin_nullRequiredFieldValue[2: com.dotmarketing.portlets.contentlet.business.ContentletAPITest$TestCaseNullFieldvalues@54db8529]</td>
<td class="success">0.168s</td>
<td class="success">passed</td>
</tr>
<tr>
<td class="success">testCheckin_nullRequiredFieldValue[3: com.dotmarketing.portlets.contentlet.business.ContentletAPITest$TestCaseNullFieldvalues@223b0b33]</td>
<td class="success">0.171s</td>
<td class="success">passed</td>
</tr>
<tr>
<td class="success">testContentCheckin_mapIncludeExpectedProperties</td>
<td class="success">0.947s</td>
<td class="success">passed</td>
</tr>
<tr>
<td class="success">testContentWithTwoBinaryFieldsAndSameFile_afterCheckinShouldContainBothFields</td>
<td class="success">0.360s</td>
<td class="success">passed</td>
</tr>
<tr>
<td class="success">testCopyContentletDoesNotCopyWorkflowHistory</td>
<td class="success">4.501s</td>
<td class="success">passed</td>
</tr>
<tr>
<td class="success">testCopyProperties_TypeWithTagField_shouldCopyTagFieldValue</td>
<td class="success">0.381s</td>
<td class="success">passed</td>
</tr>
<tr>
<td class="success">testCreateSelfJoinedRelationship_contentletAddedAsChild</td>
<td class="success">0.536s</td>
<td class="success">passed</td>
</tr>
<tr>
<td class="success">testDeletePageDefinedAsDetailPage</td>
<td class="success">0.894s</td>
<td class="success">passed</td>
</tr>
<tr>
<td class="success">testDelete_GivenMultiLangMultiVersionContent_WhenDeletingOneSpanishVersion_ShouldDeleteAllSpanishVersions</td>
<td class="success">1.147s</td>
<td class="success">passed</td>
</tr>
<tr>
<td class="success">testDotAsset_Checkin</td>
<td class="success">0.389s</td>
<td class="success">passed</td>
</tr>
<tr>
<td class="success">testFileCopyOnSecondLanguageVersion</td>
<td class="success">1.252s</td>
<td class="success">passed</td>
</tr>
<tr>
<td class="success">testGetRelatedForSelfJoinsDoesNotCacheWhenPullByParentIsNull</td>
<td class="success">0.961s</td>
<td class="success">passed</td>
</tr>
<tr>
<td class="success">testMoveContentDependenciesFromChild</td>
<td class="success">0.855s</td>
<td class="success">passed</td>
</tr>
<tr>
<td class="success">testMoveContentDependenciesFromChildSelfRelated</td>
<td class="success">0.767s</td>
<td class="success">passed</td>
</tr>
<tr>
<td class="success">testMoveContentDependenciesFromParent</td>
<td class="success">1.120s</td>
<td class="success">passed</td>
</tr>
<tr>
<td class="success">testMoveContentDependenciesFromParentSelfRelated</td>
<td class="success">1.377s</td>
<td class="success">passed</td>
</tr>
<tr>
<td class="success">testRemoveContentFromIndexMultilingualContent</td>
<td class="success">1.200s</td>
<td class="success">passed</td>
</tr>
<tr>
<td class="success">testSearchFileAssetByMetadata</td>
<td class="success">0.626s</td>
<td class="success">passed</td>
</tr>
<tr>
<td class="success">testSetTemplateForAPageMustKeepTheSameTemplateForWorkingVersionsNoLive</td>
<td class="success">1.951s</td>
<td class="success">passed</td>
</tr>
<tr>
<td class="success">testSetTemplateForAPageMustKeepTheSameTemplateForWorkingVersionsOnly</td>
<td class="success">1.152s</td>
<td class="success">passed</td>
</tr>
<tr>
<td class="success">testUniqueTextFieldContentlets[0: com.dotmarketing.portlets.contentlet.business.ContentletAPITest$testCaseUniqueTextField@3e65a2d5]</td>
<td class="success">0.611s</td>
<td class="success">passed</td>
</tr>
<tr>
<td class="success">testUniqueTextFieldContentlets[1: com.dotmarketing.portlets.contentlet.business.ContentletAPITest$testCaseUniqueTextField@644c803]</td>
<td class="success">0.707s</td>
<td class="success">passed</td>
</tr>
<tr>
<td class="success">testUniqueTextFieldContentlets[2: com.dotmarketing.portlets.contentlet.business.ContentletAPITest$testCaseUniqueTextField@ebef72f]</td>
<td class="success">0.632s</td>
<td class="success">passed</td>
</tr>
<tr>
<td class="success">testUniqueTextFieldContentlets[3: com.dotmarketing.portlets.contentlet.business.ContentletAPITest$testCaseUniqueTextField@74a60758]</td>
<td class="success">0.639s</td>
<td class="success">passed</td>
</tr>
<tr>
<td class="success">testUniqueTextFieldContentlets[4: com.dotmarketing.portlets.contentlet.business.ContentletAPITest$testCaseUniqueTextField@67c67013]</td>
<td class="success">0.766s</td>
<td class="success">passed</td>
</tr>
<tr>
<td class="success">testUniqueTextFieldContentlets[5: com.dotmarketing.portlets.contentlet.business.ContentletAPITest$testCaseUniqueTextField@47e2a838]</td>
<td class="success">0.626s</td>
<td class="success">passed</td>
</tr>
<tr>
<td class="success">testUniqueTextFieldContentlets[6: com.dotmarketing.portlets.contentlet.business.ContentletAPITest$testCaseUniqueTextField@3e1c2864]</td>
<td class="success">0.597s</td>
<td class="success">passed</td>
</tr>
<tr>
<td class="success">testUniqueTextFieldContentlets[7: com.dotmarketing.portlets.contentlet.business.ContentletAPITest$testCaseUniqueTextField@7ac46438]</td>
<td class="success">0.600s</td>
<td class="success">passed</td>
</tr>
<tr>
<td class="success">testUniqueTextFieldContentlets[8: com.dotmarketing.portlets.contentlet.business.ContentletAPITest$testCaseUniqueTextField@2ed6d59b]</td>
<td class="success">0.603s</td>
<td class="success">passed</td>
</tr>
<tr>
<td class="success">testUniqueTextFieldLiveAndWorkingWithDiffValues</td>
<td class="success">2.724s</td>
<td class="success">passed</td>
</tr>
<tr>
<td class="success">testUniqueTextFieldWithDataTypeWholeNumber</td>
<td class="success">0.732s</td>
<td class="success">passed</td>
</tr>
<tr>
<td class="success">testUpdatePublishExpireDatesFromIdentifier</td>
<td class="success">2.897s</td>
<td class="success">passed</td>
</tr>
<tr>
<td class="success">test_copyContentlet_contentletArchivedShouldCopyAsArchived</td>
<td class="success">0.645s</td>
<td class="success">passed</td>
</tr>
<tr>
<td class="success">test_findContentletByIdentifierOrFallback_existing_DotContentletStateException_expected_true</td>
<td class="success">0.074s</td>
<td class="success">passed</td>
</tr>
<tr>
<td class="success">test_findContentletByIdentifierOrFallback_existing_EnglishLive_WithSpanishWorking_fallback_true_expecting_English_true</td>
<td class="success">1.237s</td>
<td class="success">passed</td>
</tr>
<tr>
<td class="success">test_findContentletByIdentifierOrFallback_existing_EnglishLive_WithSpanishWorking_fallback_true_expecting_SpanishWorking_true</td>
<td class="success">1.311s</td>
<td class="success">passed</td>
</tr>
<tr>
<td class="success">test_findContentletByIdentifierOrFallback_existing_EnglishSpanish_fallback_false_expecting_Spanish_true</td>
<td class="success">0.279s</td>
<td class="success">passed</td>
</tr>
<tr>
<td class="success">test_findContentletByIdentifierOrFallback_existing_EnglishSpanish_fallback_true_expecting_Spanish_true</td>
<td class="success">0.236s</td>
<td class="success">passed</td>
</tr>
<tr>
<td class="success">test_findContentletByIdentifierOrFallback_existing_English_No_Spanish_fallback_false_expecting_False</td>
<td class="success">0.221s</td>
<td class="success">passed</td>
</tr>
<tr>
<td class="success">test_findContentletByIdentifierOrFallback_existing_English_version_no_Spanish_fallback_false_expecting_false</td>
<td class="success">0.103s</td>
<td class="success">passed</td>
</tr>
<tr>
<td class="success">test_findContentletByIdentifierOrFallback_existing_NonEnglish_WithSpanish_fallback_false_expecting_Spanish_true</td>
<td class="success">0.053s</td>
<td class="success">passed</td>
</tr>
<tr>
<td class="success">test_findContentletByIdentifierOrFallback_existing_NonEnglish_WithSpanish_fallback_true_expecting_Spanish_true</td>
<td class="success">0.326s</td>
<td class="success">passed</td>
</tr>
<tr>
<td class="success">test_findContentletByIdentifierOrFallback_existing_OnlySpanishWorking_fallback_true_expecting_English_true</td>
<td class="success">0.218s</td>
<td class="success">passed</td>
</tr>
<tr>
<td class="success">test_findContentletByIdentifierOrFallback_non_existing_DotContentletStateException_expected</td>
<td class="success">0.001s</td>
<td class="success">passed</td>
</tr>
<tr>
<td class="success">test_findInDb_returns_properly</td>
<td class="success">0.229s</td>
<td class="success">passed</td>
</tr>
<tr>
<td class="success">test_getAllRelationships_checkOrdering</td>
<td class="success">2.348s</td>
<td class="success">passed</td>
</tr>
<tr>
<td class="success">test_getAllRelationships_checkOrdering_selfRelatedContentType</td>
<td class="success">1.307s</td>
<td class="success">passed</td>
</tr>
<tr>
<td class="success">test_invalidate_shorty_cache</td>
<td class="success">0.733s</td>
<td class="success">passed</td>
</tr>
<tr>
<td class="skipped">test_saveMultilingualFileAssetBasedOnLegacyFile_shouldKeepBinaryFile</td>
<td class="skipped">-</td>
<td class="skipped">ignored</td>
</tr>
<tr>
<td class="success">test_update_mod_date_contentlet_expect_success</td>
<td class="success">0.065s</td>
<td class="success">passed</td>
</tr>
<tr>
<td class="success">test_validateContentlet_contentWithTabDividerField</td>
<td class="success">0.275s</td>
<td class="success">passed</td>
</tr>
<tr>
<td class="success">test_validateContentlet_noErrors_whenRelationChainSameContentType</td>
<td class="success">0.690s</td>
<td class="success">passed</td>
</tr>
<tr>
<td class="success">test_validateContentlet_wrong_mime_type_expect_DotContentletValidationException</td>
<td class="success">0.060s</td>
<td class="success">passed</td>
</tr>
<tr>
<td class="success">test_validateContentlet_wrong_size_expect_DotContentletValidationException</td>
<td class="success">0.055s</td>
<td class="success">passed</td>
</tr>
<tr>
<td class="success">unarchive</td>
<td class="success">0.137s</td>
<td class="success">passed</td>
</tr>
<tr>
<td class="success">unarchiveCollection</td>
<td class="success">0.480s</td>
<td class="success">passed</td>
</tr>
<tr>
<td class="success">unpublish</td>
<td class="success">0.147s</td>
<td class="success">passed</td>
</tr>
<tr>
<td class="success">unpublishCollection</td>
<td class="success">0.287s</td>
<td class="success">passed</td>
</tr>
<tr>
<td class="success">widgetInvalidateAllLang</td>
<td class="success">0.697s</td>
<td class="success">passed</td>
</tr>
</table>
</div>
<div id="tab2" class="tab">
<h2>Standard error</h2>
<span class="code">
<pre>Mar 18, 2022 3:10:13 PM com.hazelcast.nio.tcp.TcpIpAcceptor
INFO: [172.19.0.3]:5701 [dev] [3.9.2] Accepting socket connection from /127.0.0.1:60938
Mar 18, 2022 3:10:13 PM com.hazelcast.nio.tcp.TcpIpConnectionManager
INFO: [172.19.0.3]:5701 [dev] [3.9.2] Established socket connection between /127.0.0.1:5701 and /127.0.0.1:60938
Mar 18, 2022 3:10:13 PM com.hazelcast.nio.tcp.TcpIpConnection
INFO: [172.19.0.3]:5701 [dev] [3.9.2] Connection[id=1, /127.0.0.1:5701-&gt;/127.0.0.1:60938, endpoint=null, alive=false, type=NONE] closed. Reason: Connection closed by the other side
Mar 18, 2022 3:10:14 PM com.hazelcast.core.LifecycleService
INFO: [172.19.0.3]:5701 [dev] [3.9.2] [172.19.0.3]:5701 is SHUTTING_DOWN
Mar 18, 2022 3:10:14 PM com.hazelcast.instance.Node
INFO: [172.19.0.3]:5701 [dev] [3.9.2] Shutting down connection manager...
Mar 18, 2022 3:10:14 PM com.hazelcast.instance.Node
INFO: [172.19.0.3]:5701 [dev] [3.9.2] Shutting down node engine...
Mar 18, 2022 3:10:14 PM com.hazelcast.instance.NodeExtension
INFO: [172.19.0.3]:5701 [dev] [3.9.2] Destroying node NodeExtension.
Mar 18, 2022 3:10:14 PM com.hazelcast.instance.Node
INFO: [172.19.0.3]:5701 [dev] [3.9.2] Hazelcast Shutdown is completed in 17 ms.
Mar 18, 2022 3:10:14 PM com.hazelcast.core.LifecycleService
INFO: [172.19.0.3]:5701 [dev] [3.9.2] [172.19.0.3]:5701 is SHUTDOWN
Mar 18, 2022 3:10:14 PM com.hazelcast.instance.AddressPicker
INFO: [LOCAL] [dev] [3.9.2] Prefer IPv4 stack is true.
Mar 18, 2022 3:10:14 PM com.hazelcast.instance.AddressPicker
INFO: [LOCAL] [dev] [3.9.2] Picked [172.19.0.3]:5701, using socket ServerSocket[addr=/0.0.0.0,localport=5701], bind any local is true
Mar 18, 2022 3:10:14 PM com.hazelcast.system
INFO: [172.19.0.3]:5701 [dev] [3.9.2] Hazelcast 3.9.2 (20180103 - 17e4ec3) starting at [172.19.0.3]:5701
Mar 18, 2022 3:10:14 PM com.hazelcast.system
INFO: [172.19.0.3]:5701 [dev] [3.9.2] Copyright (c) 2008-2017, Hazelcast, Inc. All Rights Reserved.
Mar 18, 2022 3:10:14 PM com.hazelcast.system
INFO: [172.19.0.3]:5701 [dev] [3.9.2] Configured Hazelcast Serialization version: 1
Mar 18, 2022 3:10:14 PM com.hazelcast.spi.impl.operationservice.impl.BackpressureRegulator
INFO: [172.19.0.3]:5701 [dev] [3.9.2] Backpressure is disabled
Mar 18, 2022 3:10:14 PM com.hazelcast.spi.impl.operationexecutor.impl.OperationExecutorImpl
INFO: [172.19.0.3]:5701 [dev] [3.9.2] Starting 2 partition threads and 3 generic threads (1 dedicated for priority tasks)
Mar 18, 2022 3:10:14 PM com.hazelcast.internal.diagnostics.Diagnostics
INFO: [172.19.0.3]:5701 [dev] [3.9.2] Diagnostics disabled. To enable add -Dhazelcast.diagnostics.enabled=true to the JVM arguments.
Mar 18, 2022 3:10:14 PM com.hazelcast.core.LifecycleService
INFO: [172.19.0.3]:5701 [dev] [3.9.2] [172.19.0.3]:5701 is STARTING
Mar 18, 2022 3:10:14 PM com.hazelcast.instance.Node
WARNING: [172.19.0.3]:5701 [dev] [3.9.2] No join method is enabled! Starting standalone.
Mar 18, 2022 3:10:14 PM com.hazelcast.system
INFO: [172.19.0.3]:5701 [dev] [3.9.2] Cluster version set to 3.9
Mar 18, 2022 3:10:14 PM com.hazelcast.core.LifecycleService
INFO: [172.19.0.3]:5701 [dev] [3.9.2] [172.19.0.3]:5701 is STARTED
Mar 18, 2022 3:10:14 PM com.hazelcast.internal.partition.impl.PartitionStateManager
INFO: [172.19.0.3]:5701 [dev] [3.9.2] Initializing cluster partition table arrangement...
</pre>
</span>
</div>
</div>
<div id="footer">
<p>
<div>
<label class="hidden" id="label-for-line-wrapping-toggle" for="line-wrapping-toggle">Wrap lines
<input id="line-wrapping-toggle" type="checkbox" autocomplete="off"/>
</label>
</div>Generated by 
<a href="http://www.gradle.org">Gradle 4.10.2</a> at Mar 18, 2022, 3:55:53 PM</p>
</div>
</div>
</body>
</html>
