<!DOCTYPE html>
<html>
<head>
<meta http-equiv="Content-Type" content="text/html; charset=utf-8"/>
<meta http-equiv="x-ua-compatible" content="IE=edge"/>
<title>Test results - Class com.dotcms.vanityurl.business.VanityUrlAPITest</title>
<link href="../css/base-style.css" rel="stylesheet" type="text/css"/>
<link href="../css/style.css" rel="stylesheet" type="text/css"/>
<script src="../js/report.js" type="text/javascript"></script>
</head>
<body>
<div id="content">
<h1>Class com.dotcms.vanityurl.business.VanityUrlAPITest</h1>
<div class="breadcrumbs">
<a href="../index.html">all</a> &gt; 
<a href="../packages/com.dotcms.vanityurl.business.html">com.dotcms.vanityurl.business</a> &gt; VanityUrlAPITest</div>
<div id="summary">
<table>
<tr>
<td>
<div class="summaryGroup">
<table>
<tr>
<td>
<div class="infoBox" id="tests">
<div class="counter">15</div>
<p>tests</p>
</div>
</td>
<td>
<div class="infoBox" id="failures">
<div class="counter">1</div>
<p>failures</p>
</div>
</td>
<td>
<div class="infoBox" id="ignored">
<div class="counter">0</div>
<p>ignored</p>
</div>
</td>
<td>
<div class="infoBox" id="duration">
<div class="counter">37.996s</div>
<p>duration</p>
</div>
</td>
</tr>
</table>
</div>
</td>
<td>
<div class="infoBox failures" id="successRate">
<div class="percent">93%</div>
<p>successful</p>
</div>
</td>
</tr>
</table>
</div>
<div id="tabs">
<ul class="tabLinks">
<li>
<a href="#tab0">Failed tests</a>
</li>
<li>
<a href="#tab1">Tests</a>
</li>
</ul>
<div id="tab0" class="tab">
<h2>Failed tests</h2>
<div class="test">
<a name="resolving_multilingual_vanities_with_default_language_unpublished"></a>
<h3 class="failures">resolving_multilingual_vanities_with_default_language_unpublished</h3>
<span class="code">
<pre>com.dotmarketing.exception.DotRuntimeException: No version info. Call setWorking first 28c2d5c075f9dcb5b959fb9b5725cf12
	at com.dotcms.exception.ExceptionUtil.bubbleUpException(ExceptionUtil.java:165)
	at com.dotcms.content.elasticsearch.business.ESContentletAPIImpl.checkin_aroundBody148(ESContentletAPIImpl.java:4377)
	at com.dotcms.content.elasticsearch.business.ESContentletAPIImpl$AjcClosure149.run(ESContentletAPIImpl.java:1)
	at org.aspectj.runtime.reflect.JoinPointImpl.proceed(JoinPointImpl.java:149)
	at com.dotcms.aspects.aspectj.AspectJDelegateMethodInvocation.proceed(AspectJDelegateMethodInvocation.java:42)
	at com.dotmarketing.db.LocalTransaction.wrapReturnWithListeners(LocalTransaction.java:119)
	at com.dotcms.aspects.interceptors.WrapInTransactionMethodInterceptor.invoke(WrapInTransactionMethodInterceptor.java:30)
	at com.dotcms.aspects.aspectj.WrapInTransactionAspect.invoke(WrapInTransactionAspect.java:41)
	at com.dotcms.content.elasticsearch.business.ESContentletAPIImpl.checkin(ESContentletAPIImpl.java:4328)
	at com.dotcms.content.elasticsearch.business.ESContentletAPIImpl.checkin(ESContentletAPIImpl.java:8653)
	at com.dotcms.content.elasticsearch.business.ESContentletAPIImpl.checkin_aroundBody138(ESContentletAPIImpl.java:4239)
	at com.dotcms.content.elasticsearch.business.ESContentletAPIImpl$AjcClosure139.run(ESContentletAPIImpl.java:1)
	at org.aspectj.runtime.reflect.JoinPointImpl.proceed(JoinPointImpl.java:149)
	at com.dotcms.aspects.aspectj.AspectJDelegateMethodInvocation.proceed(AspectJDelegateMethodInvocation.java:42)
	at com.dotcms.aspects.interceptors.CloseDBIfOpenedMethodInterceptor.invoke(CloseDBIfOpenedMethodInterceptor.java:29)
	at com.dotcms.aspects.aspectj.CloseDBIfOpenedAspect.invoke(CloseDBIfOpenedAspect.java:41)
	at com.dotcms.content.elasticsearch.business.ESContentletAPIImpl.checkin(ESContentletAPIImpl.java:4234)
	at com.dotmarketing.portlets.contentlet.business.ContentletAPIInterceptor.checkin(ContentletAPIInterceptor.java:258)
	at com.dotcms.vanityurl.business.VanityUrlAPITest.resolving_multilingual_vanities_with_default_language_unpublished(VanityUrlAPITest.java:500)
	at java.base/jdk.internal.reflect.NativeMethodAccessorImpl.invoke0(Native Method)
	at java.base/jdk.internal.reflect.NativeMethodAccessorImpl.invoke(NativeMethodAccessorImpl.java:62)
	at java.base/jdk.internal.reflect.DelegatingMethodAccessorImpl.invoke(DelegatingMethodAccessorImpl.java:43)
	at java.base/java.lang.reflect.Method.invoke(Method.java:566)
	at org.junit.runners.model.FrameworkMethod$1.runReflectiveCall(FrameworkMethod.java:50)
	at org.junit.internal.runners.model.ReflectiveCallable.run(ReflectiveCallable.java:12)
	at org.junit.runners.model.FrameworkMethod.invokeExplosively(FrameworkMethod.java:47)
	at org.junit.internal.runners.statements.InvokeMethod.evaluate(InvokeMethod.java:17)
	at org.junit.rules.TestWatcher$1.evaluate(TestWatcher.java:55)
	at org.junit.rules.RunRules.evaluate(RunRules.java:20)
	at org.junit.runners.ParentRunner.runLeaf(ParentRunner.java:325)
	at com.dotcms.junit.CustomDataProviderRunner.runChild(CustomDataProviderRunner.java:28)
	at com.dotcms.junit.CustomDataProviderRunner.runChild(CustomDataProviderRunner.java:13)
	at org.junit.runners.ParentRunner$3.run(ParentRunner.java:290)
	at org.junit.runners.ParentRunner$1.schedule(ParentRunner.java:71)
	at org.junit.runners.ParentRunner.runChildren(ParentRunner.java:288)
	at org.junit.runners.ParentRunner.access$000(ParentRunner.java:58)
	at org.junit.runners.ParentRunner$2.evaluate(ParentRunner.java:268)
	at org.junit.internal.runners.statements.RunBefores.evaluate(RunBefores.java:26)
	at org.junit.runners.ParentRunner.run(ParentRunner.java:363)
	at com.dotcms.junit.MainBaseSuite$DotRunner.run(MainBaseSuite.java:60)
	at org.junit.runners.Suite.runChild(Suite.java:128)
	at org.junit.runners.Suite.runChild(Suite.java:27)
	at org.junit.runners.ParentRunner$3.run(ParentRunner.java:290)
	at org.junit.runners.ParentRunner$1.schedule(ParentRunner.java:71)
	at org.junit.runners.ParentRunner.runChildren(ParentRunner.java:288)
	at org.junit.runners.ParentRunner.access$000(ParentRunner.java:58)
	at org.junit.runners.ParentRunner$2.evaluate(ParentRunner.java:268)
	at org.junit.runners.ParentRunner.run(ParentRunner.java:363)
	at org.gradle.api.internal.tasks.testing.junit.JUnitTestClassExecutor.runTestClass(JUnitTestClassExecutor.java:106)
	at org.gradle.api.internal.tasks.testing.junit.JUnitTestClassExecutor.execute(JUnitTestClassExecutor.java:58)
	at org.gradle.api.internal.tasks.testing.junit.JUnitTestClassExecutor.execute(JUnitTestClassExecutor.java:38)
	at org.gradle.api.internal.tasks.testing.junit.AbstractJUnitTestClassProcessor.processTestClass(AbstractJUnitTestClassProcessor.java:66)
	at org.gradle.api.internal.tasks.testing.SuiteTestClassProcessor.processTestClass(SuiteTestClassProcessor.java:51)
	at java.base/jdk.internal.reflect.NativeMethodAccessorImpl.invoke0(Native Method)
	at java.base/jdk.internal.reflect.NativeMethodAccessorImpl.invoke(NativeMethodAccessorImpl.java:62)
	at java.base/jdk.internal.reflect.DelegatingMethodAccessorImpl.invoke(DelegatingMethodAccessorImpl.java:43)
	at java.base/java.lang.reflect.Method.invoke(Method.java:566)
	at org.gradle.internal.dispatch.ReflectionDispatch.dispatch(ReflectionDispatch.java:35)
	at org.gradle.internal.dispatch.ReflectionDispatch.dispatch(ReflectionDispatch.java:24)
	at org.gradle.internal.dispatch.ContextClassLoaderDispatch.dispatch(ContextClassLoaderDispatch.java:32)
	at org.gradle.internal.dispatch.ProxyDispatchAdapter$DispatchingInvocationHandler.invoke(ProxyDispatchAdapter.java:93)
	at com.sun.proxy.$Proxy2.processTestClass(Unknown Source)
	at org.gradle.api.internal.tasks.testing.worker.TestWorker.processTestClass(TestWorker.java:117)
	at java.base/jdk.internal.reflect.NativeMethodAccessorImpl.invoke0(Native Method)
	at java.base/jdk.internal.reflect.NativeMethodAccessorImpl.invoke(NativeMethodAccessorImpl.java:62)
	at java.base/jdk.internal.reflect.DelegatingMethodAccessorImpl.invoke(DelegatingMethodAccessorImpl.java:43)
	at java.base/java.lang.reflect.Method.invoke(Method.java:566)
	at org.gradle.internal.dispatch.ReflectionDispatch.dispatch(ReflectionDispatch.java:35)
	at org.gradle.internal.dispatch.ReflectionDispatch.dispatch(ReflectionDispatch.java:24)
	at org.gradle.internal.remote.internal.hub.MessageHubBackedObjectConnection$DispatchWrapper.dispatch(MessageHubBackedObjectConnection.java:155)
	at org.gradle.internal.remote.internal.hub.MessageHubBackedObjectConnection$DispatchWrapper.dispatch(MessageHubBackedObjectConnection.java:137)
	at org.gradle.internal.remote.internal.hub.MessageHub$Handler.run(MessageHub.java:404)
	at org.gradle.internal.concurrent.ExecutorPolicy$CatchAndRecordFailures.onExecute(ExecutorPolicy.java:63)
	at org.gradle.internal.concurrent.ManagedExecutorImpl$1.run(ManagedExecutorImpl.java:46)
	at java.base/java.util.concurrent.ThreadPoolExecutor.runWorker(ThreadPoolExecutor.java:1128)
	at java.base/java.util.concurrent.ThreadPoolExecutor$Worker.run(ThreadPoolExecutor.java:628)
	at org.gradle.internal.concurrent.ThreadFactoryImpl$ManagedThreadRunnable.run(ThreadFactoryImpl.java:55)
	at java.base/java.lang.Thread.run(Thread.java:829)
Caused by: com.dotmarketing.exception.DotRuntimeException: No version info. Call setWorking first 28c2d5c075f9dcb5b959fb9b5725cf12
	at com.dotcms.util.ThreadContextUtil.wrapVoidNoReindex(ThreadContextUtil.java:88)
	at com.dotmarketing.portlets.workflows.business.WorkflowAPIImpl.fireContentWorkflow_aroundBody186(WorkflowAPIImpl.java:3361)
	at com.dotmarketing.portlets.workflows.business.WorkflowAPIImpl$AjcClosure187.run(WorkflowAPIImpl.java:1)
	at org.aspectj.runtime.reflect.JoinPointImpl.proceed(JoinPointImpl.java:149)
	at com.dotcms.aspects.aspectj.AspectJDelegateMethodInvocation.proceed(AspectJDelegateMethodInvocation.java:42)
	at com.dotmarketing.db.LocalTransaction.wrapReturnWithListeners(LocalTransaction.java:119)
	at com.dotcms.aspects.interceptors.WrapInTransactionMethodInterceptor.invoke(WrapInTransactionMethodInterceptor.java:30)
	at com.dotcms.aspects.aspectj.WrapInTransactionAspect.invoke(WrapInTransactionAspect.java:41)
	at com.dotmarketing.portlets.workflows.business.WorkflowAPIImpl.fireContentWorkflow(WorkflowAPIImpl.java:3338)
	at com.dotcms.content.elasticsearch.business.ESContentletAPIImpl.validateWorkflowStateOrRunAsWorkflow(ESContentletAPIImpl.java:4579)
	at com.dotcms.content.elasticsearch.business.ESContentletAPIImpl.checkin_aroundBody148(ESContentletAPIImpl.java:4358)
	... 76 more
Caused by: com.dotmarketing.portlets.workflows.business.DotWorkflowException: No version info. Call setWorking first 28c2d5c075f9dcb5b959fb9b5725cf12
	at com.dotmarketing.portlets.workflows.business.WorkflowAPIImpl.fireWorkflowPostCheckin_aroundBody168(WorkflowAPIImpl.java:2432)
	at com.dotmarketing.portlets.workflows.business.WorkflowAPIImpl$AjcClosure169.run(WorkflowAPIImpl.java:1)
	at org.aspectj.runtime.reflect.JoinPointImpl.proceed(JoinPointImpl.java:149)
	at com.dotcms.aspects.aspectj.AspectJDelegateMethodInvocation.proceed(AspectJDelegateMethodInvocation.java:42)
	at com.dotmarketing.db.LocalTransaction.wrapReturnWithListeners(LocalTransaction.java:119)
	at com.dotcms.aspects.interceptors.WrapInTransactionMethodInterceptor.invoke(WrapInTransactionMethodInterceptor.java:30)
	at com.dotcms.aspects.aspectj.WrapInTransactionAspect.invoke(WrapInTransactionAspect.java:41)
	at com.dotmarketing.portlets.workflows.business.WorkflowAPIImpl.fireWorkflowPostCheckin(WorkflowAPIImpl.java:2383)
	at com.dotmarketing.portlets.workflows.business.WorkflowAPIImpl.lambda$87(WorkflowAPIImpl.java:3361)
	at com.dotcms.util.ThreadContextUtil.wrapVoidNoReindex(ThreadContextUtil.java:85)
	... 86 more
Caused by: com.dotmarketing.portlets.workflows.model.WorkflowActionFailureException: No version info. Call setWorking first 28c2d5c075f9dcb5b959fb9b5725cf12
	at com.dotmarketing.portlets.workflows.actionlet.SaveContentAsDraftActionlet.executeAction(SaveContentAsDraftActionlet.java:133)
	at com.dotmarketing.portlets.workflows.business.WorkflowAPIImpl.fireWorkflowPostCheckin_aroundBody168(WorkflowAPIImpl.java:2403)
	... 95 more
Caused by: com.dotmarketing.exception.DotRuntimeException: No version info. Call setWorking first 28c2d5c075f9dcb5b959fb9b5725cf12
	at com.dotcms.exception.ExceptionUtil.bubbleUpException(ExceptionUtil.java:165)
	at com.dotcms.content.elasticsearch.business.ESContentletAPIImpl.checkin_aroundBody148(ESContentletAPIImpl.java:4377)
	at com.dotcms.content.elasticsearch.business.ESContentletAPIImpl$AjcClosure149.run(ESContentletAPIImpl.java:1)
	at org.aspectj.runtime.reflect.JoinPointImpl.proceed(JoinPointImpl.java:149)
	at com.dotcms.aspects.aspectj.AspectJDelegateMethodInvocation.proceed(AspectJDelegateMethodInvocation.java:42)
	at com.dotmarketing.db.LocalTransaction.wrapReturnWithListeners(LocalTransaction.java:119)
	at com.dotcms.aspects.interceptors.WrapInTransactionMethodInterceptor.invoke(WrapInTransactionMethodInterceptor.java:30)
	at com.dotcms.aspects.aspectj.WrapInTransactionAspect.invoke(WrapInTransactionAspect.java:41)
	at com.dotcms.content.elasticsearch.business.ESContentletAPIImpl.checkin(ESContentletAPIImpl.java:4328)
	at com.dotcms.content.elasticsearch.business.ESContentletAPIImpl.checkin(ESContentletAPIImpl.java:4287)
	at com.dotcms.content.elasticsearch.business.ESContentletAPIImpl.saveDraft_aroundBody200(ESContentletAPIImpl.java:8313)
	at com.dotcms.content.elasticsearch.business.ESContentletAPIImpl$AjcClosure201.run(ESContentletAPIImpl.java:1)
	at org.aspectj.runtime.reflect.JoinPointImpl.proceed(JoinPointImpl.java:149)
	at com.dotcms.aspects.aspectj.AspectJDelegateMethodInvocation.proceed(AspectJDelegateMethodInvocation.java:42)
	at com.dotmarketing.db.LocalTransaction.wrapReturnWithListeners(LocalTransaction.java:119)
	at com.dotcms.aspects.interceptors.WrapInTransactionMethodInterceptor.invoke(WrapInTransactionMethodInterceptor.java:30)
	at com.dotcms.aspects.aspectj.WrapInTransactionAspect.invoke(WrapInTransactionAspect.java:41)
	at com.dotcms.content.elasticsearch.business.ESContentletAPIImpl.saveDraft(ESContentletAPIImpl.java:8305)
	at com.dotmarketing.portlets.contentlet.business.ContentletAPIInterceptor.saveDraft(ContentletAPIInterceptor.java:2394)
	at com.dotmarketing.portlets.workflows.actionlet.SaveContentAsDraftActionlet.executeAction(SaveContentAsDraftActionlet.java:121)
	... 96 more
Caused by: com.dotmarketing.exception.DotRuntimeException: No version info. Call setWorking first 28c2d5c075f9dcb5b959fb9b5725cf12
	at com.dotcms.exception.ExceptionUtil.bubbleUpException(ExceptionUtil.java:165)
	at com.dotcms.content.elasticsearch.business.ESContentletAPIImpl.internalCheckin(ESContentletAPIImpl.java:5025)
	at com.dotcms.content.elasticsearch.business.ESContentletAPIImpl.lambda$68(ESContentletAPIImpl.java:4370)
	at com.dotcms.concurrent.lock.StripedLockImpl.tryLock(StripedLockImpl.java:100)
	at com.dotcms.concurrent.lock.StripedLockImpl.tryLock(StripedLockImpl.java:55)
	at com.dotcms.concurrent.lock.IdentifierStripedLock.tryLock(IdentifierStripedLock.java:16)
	at com.dotcms.content.elasticsearch.business.ESContentletAPIImpl.checkin_aroundBody148(ESContentletAPIImpl.java:4369)
	... 114 more
Caused by: com.dotmarketing.business.DotStateException: No version info. Call setWorking first 28c2d5c075f9dcb5b959fb9b5725cf12
	at com.dotmarketing.business.VersionableAPIImpl.getContentletVersionInfo(VersionableAPIImpl.java:316)
	at com.dotmarketing.business.VersionableAPIImpl.isLive_aroundBody14(VersionableAPIImpl.java:290)
	at com.dotmarketing.business.VersionableAPIImpl$AjcClosure15.run(VersionableAPIImpl.java:1)
	at org.aspectj.runtime.reflect.JoinPointImpl.proceed(JoinPointImpl.java:149)
	at com.dotcms.aspects.aspectj.AspectJDelegateMethodInvocation.proceed(AspectJDelegateMethodInvocation.java:42)
	at com.dotcms.aspects.interceptors.CloseDBIfOpenedMethodInterceptor.invoke(CloseDBIfOpenedMethodInterceptor.java:29)
	at com.dotcms.aspects.aspectj.CloseDBIfOpenedAspect.invoke(CloseDBIfOpenedAspect.java:41)
	at com.dotmarketing.business.VersionableAPIImpl.isLive(VersionableAPIImpl.java:278)
	at com.dotmarketing.portlets.contentlet.model.Contentlet.isLive(Contentlet.java:862)
	at com.dotcms.content.elasticsearch.business.ESContentFactoryImpl.save(ESContentFactoryImpl.java:1950)
	at com.dotcms.content.elasticsearch.business.ESContentFactoryImpl.save(ESContentFactoryImpl.java:1931)
	at com.dotcms.content.elasticsearch.business.ESContentletAPIImpl.internalCheckin(ESContentletAPIImpl.java:4825)
	... 119 more
</pre>
</span>
</div>
</div>
<div id="tab1" class="tab">
<h2>Tests</h2>
<table>
<thead>
<tr>
<th>Test</th>
<th>Duration</th>
<th>Result</th>
</tr>
</thead>
<tr>
<td class="success">Test_Vanity_URI_Ending_With_Forward_Slash_Handles_Non_forward_Slash_Ending_URL</td>
<td class="success">1.822s</td>
<td class="success">passed</td>
</tr>
<tr>
<td class="success">Test_Vanity_URI_Missing_URI_Expect_Validation_Exception</td>
<td class="success">9.977s</td>
<td class="success">passed</td>
</tr>
<tr>
<td class="success">cache_404_Test</td>
<td class="success">0.912s</td>
<td class="success">passed</td>
</tr>
<tr>
<td class="success">differentSitesTest</td>
<td class="success">3.442s</td>
<td class="success">passed</td>
</tr>
<tr>
<td class="success">does_a_site_specific_vanity_override_system_host_vanity</td>
<td class="success">2.031s</td>
<td class="success">passed</td>
</tr>
<tr>
<td class="success">insure_vanitys_have_proper_response_actions_set</td>
<td class="success">1.049s</td>
<td class="success">passed</td>
</tr>
<tr>
<td class="failures">resolving_multilingual_vanities_with_default_language_unpublished</td>
<td class="failures">1.135s</td>
<td class="failures">failed</td>
</tr>
<tr>
<td class="success">test_publish_unpublish_on_system_vanity</td>
<td class="success">1.126s</td>
<td class="success">passed</td>
</tr>
<tr>
<td class="success">test_that_regex_does_not_catch_regular_strings</td>
<td class="success">1.868s</td>
<td class="success">passed</td>
</tr>
<tr>
<td class="success">testing_the_from_contentlet_method</td>
<td class="success">0.206s</td>
<td class="success">passed</td>
</tr>
<tr>
<td class="success">testing_vanityurl_ordering</td>
<td class="success">9.315s</td>
<td class="success">passed</td>
</tr>
<tr>
<td class="success">vanities_resolve_correctly_after_action_has_been_updated</td>
<td class="success">1.998s</td>
<td class="success">passed</td>
</tr>
<tr>
<td class="success">vanities_resolve_correctly_after_url_has_been_updated</td>
<td class="success">1.958s</td>
<td class="success">passed</td>
</tr>
<tr>
<td class="success">vanities_resolve_once_they_are_published</td>
<td class="success">0.961s</td>
<td class="success">passed</td>
</tr>
<tr>
<td class="success">working_vanities_do_not_resolve</td>
<td class="success">0.196s</td>
<td class="success">passed</td>
</tr>
</table>
</div>
</div>
<div id="footer">
<p>
<div>
<label class="hidden" id="label-for-line-wrapping-toggle" for="line-wrapping-toggle">Wrap lines
<input id="line-wrapping-toggle" type="checkbox" autocomplete="off"/>
</label>
</div>Generated by 
<a href="http://www.gradle.org">Gradle 4.10.2</a> at Mar 5, 2022, 12:01:11 AM</p>
</div>
</div>
</body>
</html>
