<!DOCTYPE html>
<html>
<head>
<meta http-equiv="Content-Type" content="text/html; charset=utf-8"/>
<meta http-equiv="x-ua-compatible" content="IE=edge"/>
<title>Test results - Class com.dotmarketing.portlets.folders.business.FolderAPITest</title>
<link href="../css/base-style.css" rel="stylesheet" type="text/css"/>
<link href="../css/style.css" rel="stylesheet" type="text/css"/>
<script src="../js/report.js" type="text/javascript"></script>
</head>
<body>
<div id="content">
<h1>Class com.dotmarketing.portlets.folders.business.FolderAPITest</h1>
<div class="breadcrumbs">
<a href="../index.html">all</a> &gt; 
<a href="../packages/com.dotmarketing.portlets.folders.business.html">com.dotmarketing.portlets.folders.business</a> &gt; FolderAPITest</div>
<div id="summary">
<table>
<tr>
<td>
<div class="summaryGroup">
<table>
<tr>
<td>
<div class="infoBox" id="tests">
<div class="counter">87</div>
<p>tests</p>
</div>
</td>
<td>
<div class="infoBox" id="failures">
<div class="counter">2</div>
<p>failures</p>
</div>
</td>
<td>
<div class="infoBox" id="ignored">
<div class="counter">0</div>
<p>ignored</p>
</div>
</td>
<td>
<div class="infoBox" id="duration">
<div class="counter">1m2.36s</div>
<p>duration</p>
</div>
</td>
</tr>
</table>
</div>
</td>
<td>
<div class="infoBox failures" id="successRate">
<div class="percent">97%</div>
<p>successful</p>
</div>
</td>
</tr>
</table>
</div>
<div id="tabs">
<ul class="tabLinks">
<li>
<a href="#tab0">Failed tests</a>
</li>
<li>
<a href="#tab1">Tests</a>
</li>
</ul>
<div id="tab0" class="tab">
<h2>Failed tests</h2>
<div class="test">
<a name="move"></a>
<h3 class="failures">move</h3>
<span class="code">
<pre>com.dotmarketing.exception.DotRuntimeException: Violation of UNIQUE KEY constraint 'UQ__permissi__D28B561C2BA49C6E'. Cannot insert duplicate key in object 'dbo.permission_reference'. The duplicate key value is (03feb2fe5109826d39d677cdce319a67).
	at com.dotmarketing.portlets.folders.business.FolderFactoryImpl.updateOtherFolderReferences(FolderFactoryImpl.java:673)
	at com.dotmarketing.portlets.folders.business.FolderFactoryImpl.move(FolderFactoryImpl.java:654)
	at com.dotmarketing.portlets.folders.business.FolderFactoryImpl.move(FolderFactoryImpl.java:903)
	at com.dotmarketing.portlets.folders.business.FolderAPIImpl.move_aroundBody58(FolderAPIImpl.java:803)
	at com.dotmarketing.portlets.folders.business.FolderAPIImpl$AjcClosure59.run(FolderAPIImpl.java:1)
	at org.aspectj.runtime.reflect.JoinPointImpl.proceed(JoinPointImpl.java:149)
	at com.dotcms.aspects.aspectj.AspectJDelegateMethodInvocation.proceed(AspectJDelegateMethodInvocation.java:42)
	at com.dotmarketing.db.LocalTransaction.wrapReturnWithListeners(LocalTransaction.java:119)
	at com.dotcms.aspects.interceptors.WrapInTransactionMethodInterceptor.invoke(WrapInTransactionMethodInterceptor.java:30)
	at com.dotcms.aspects.aspectj.WrapInTransactionAspect.invoke(WrapInTransactionAspect.java:41)
	at com.dotmarketing.portlets.folders.business.FolderAPIImpl.move(FolderAPIImpl.java:795)
	at com.dotmarketing.portlets.folders.business.FolderAPITest.move(FolderAPITest.java:399)
	at java.base/jdk.internal.reflect.NativeMethodAccessorImpl.invoke0(Native Method)
	at java.base/jdk.internal.reflect.NativeMethodAccessorImpl.invoke(NativeMethodAccessorImpl.java:62)
	at java.base/jdk.internal.reflect.DelegatingMethodAccessorImpl.invoke(DelegatingMethodAccessorImpl.java:43)
	at java.base/java.lang.reflect.Method.invoke(Method.java:566)
	at org.junit.runners.model.FrameworkMethod$1.runReflectiveCall(FrameworkMethod.java:50)
	at org.junit.internal.runners.model.ReflectiveCallable.run(ReflectiveCallable.java:12)
	at org.junit.runners.model.FrameworkMethod.invokeExplosively(FrameworkMethod.java:47)
	at org.junit.internal.runners.statements.InvokeMethod.evaluate(InvokeMethod.java:17)
	at org.junit.rules.ExternalResource$1.evaluate(ExternalResource.java:48)
	at org.junit.rules.RunRules.evaluate(RunRules.java:20)
	at org.junit.rules.TestWatcher$1.evaluate(TestWatcher.java:55)
	at org.junit.rules.RunRules.evaluate(RunRules.java:20)
	at org.junit.runners.ParentRunner.runLeaf(ParentRunner.java:325)
	at com.dotcms.junit.CustomDataProviderRunner.runChild(CustomDataProviderRunner.java:28)
	at com.dotcms.junit.CustomDataProviderRunner.runChild(CustomDataProviderRunner.java:13)
	at org.junit.runners.ParentRunner$3.run(ParentRunner.java:290)
	at org.junit.runners.ParentRunner$1.schedule(ParentRunner.java:71)
	at org.junit.runners.ParentRunner.runChildren(ParentRunner.java:288)
	at org.junit.runners.ParentRunner.access$000(ParentRunner.java:58)
	at org.junit.runners.ParentRunner$2.evaluate(ParentRunner.java:268)
	at org.junit.internal.runners.statements.RunBefores.evaluate(RunBefores.java:26)
	at org.junit.runners.ParentRunner.run(ParentRunner.java:363)
	at com.dotcms.junit.MainBaseSuite$DotRunner.run(MainBaseSuite.java:60)
	at org.junit.runners.Suite.runChild(Suite.java:128)
	at org.junit.runners.Suite.runChild(Suite.java:27)
	at org.junit.runners.ParentRunner$3.run(ParentRunner.java:290)
	at org.junit.runners.ParentRunner$1.schedule(ParentRunner.java:71)
	at org.junit.runners.ParentRunner.runChildren(ParentRunner.java:288)
	at org.junit.runners.ParentRunner.access$000(ParentRunner.java:58)
	at org.junit.runners.ParentRunner$2.evaluate(ParentRunner.java:268)
	at org.junit.runners.ParentRunner.run(ParentRunner.java:363)
	at org.gradle.api.internal.tasks.testing.junit.JUnitTestClassExecutor.runTestClass(JUnitTestClassExecutor.java:106)
	at org.gradle.api.internal.tasks.testing.junit.JUnitTestClassExecutor.execute(JUnitTestClassExecutor.java:58)
	at org.gradle.api.internal.tasks.testing.junit.JUnitTestClassExecutor.execute(JUnitTestClassExecutor.java:38)
	at org.gradle.api.internal.tasks.testing.junit.AbstractJUnitTestClassProcessor.processTestClass(AbstractJUnitTestClassProcessor.java:66)
	at org.gradle.api.internal.tasks.testing.SuiteTestClassProcessor.processTestClass(SuiteTestClassProcessor.java:51)
	at java.base/jdk.internal.reflect.NativeMethodAccessorImpl.invoke0(Native Method)
	at java.base/jdk.internal.reflect.NativeMethodAccessorImpl.invoke(NativeMethodAccessorImpl.java:62)
	at java.base/jdk.internal.reflect.DelegatingMethodAccessorImpl.invoke(DelegatingMethodAccessorImpl.java:43)
	at java.base/java.lang.reflect.Method.invoke(Method.java:566)
	at org.gradle.internal.dispatch.ReflectionDispatch.dispatch(ReflectionDispatch.java:35)
	at org.gradle.internal.dispatch.ReflectionDispatch.dispatch(ReflectionDispatch.java:24)
	at org.gradle.internal.dispatch.ContextClassLoaderDispatch.dispatch(ContextClassLoaderDispatch.java:32)
	at org.gradle.internal.dispatch.ProxyDispatchAdapter$DispatchingInvocationHandler.invoke(ProxyDispatchAdapter.java:93)
	at com.sun.proxy.$Proxy2.processTestClass(Unknown Source)
	at org.gradle.api.internal.tasks.testing.worker.TestWorker.processTestClass(TestWorker.java:117)
	at java.base/jdk.internal.reflect.NativeMethodAccessorImpl.invoke0(Native Method)
	at java.base/jdk.internal.reflect.NativeMethodAccessorImpl.invoke(NativeMethodAccessorImpl.java:62)
	at java.base/jdk.internal.reflect.DelegatingMethodAccessorImpl.invoke(DelegatingMethodAccessorImpl.java:43)
	at java.base/java.lang.reflect.Method.invoke(Method.java:566)
	at org.gradle.internal.dispatch.ReflectionDispatch.dispatch(ReflectionDispatch.java:35)
	at org.gradle.internal.dispatch.ReflectionDispatch.dispatch(ReflectionDispatch.java:24)
	at org.gradle.internal.remote.internal.hub.MessageHubBackedObjectConnection$DispatchWrapper.dispatch(MessageHubBackedObjectConnection.java:155)
	at org.gradle.internal.remote.internal.hub.MessageHubBackedObjectConnection$DispatchWrapper.dispatch(MessageHubBackedObjectConnection.java:137)
	at org.gradle.internal.remote.internal.hub.MessageHub$Handler.run(MessageHub.java:404)
	at org.gradle.internal.concurrent.ExecutorPolicy$CatchAndRecordFailures.onExecute(ExecutorPolicy.java:63)
	at org.gradle.internal.concurrent.ManagedExecutorImpl$1.run(ManagedExecutorImpl.java:46)
	at java.base/java.util.concurrent.ThreadPoolExecutor.runWorker(ThreadPoolExecutor.java:1128)
	at java.base/java.util.concurrent.ThreadPoolExecutor$Worker.run(ThreadPoolExecutor.java:628)
	at org.gradle.internal.concurrent.ThreadFactoryImpl$ManagedThreadRunnable.run(ThreadFactoryImpl.java:55)
	at java.base/java.lang.Thread.run(Thread.java:829)
Caused by: com.microsoft.sqlserver.jdbc.SQLServerException: Violation of UNIQUE KEY constraint 'UQ__permissi__D28B561C2BA49C6E'. Cannot insert duplicate key in object 'dbo.permission_reference'. The duplicate key value is (03feb2fe5109826d39d677cdce319a67).
	at com.microsoft.sqlserver.jdbc.SQLServerException.makeFromDatabaseError(SQLServerException.java:262)
	at com.microsoft.sqlserver.jdbc.TDSTokenHandler.onEOF(tdsparser.java:283)
	at com.microsoft.sqlserver.jdbc.TDSParser.parse(tdsparser.java:129)
	at com.microsoft.sqlserver.jdbc.SQLServerStatement.getNextResult(SQLServerStatement.java:1620)
	at com.microsoft.sqlserver.jdbc.SQLServerStatement.doExecuteStatement(SQLServerStatement.java:868)
	at com.microsoft.sqlserver.jdbc.SQLServerStatement$StmtExecCmd.doExecute(SQLServerStatement.java:768)
	at com.microsoft.sqlserver.jdbc.TDSCommand.execute(IOBuffer.java:7194)
	at com.microsoft.sqlserver.jdbc.SQLServerConnection.executeCommand(SQLServerConnection.java:2979)
	at com.microsoft.sqlserver.jdbc.SQLServerStatement.executeCommand(SQLServerStatement.java:248)
	at com.microsoft.sqlserver.jdbc.SQLServerStatement.executeStatement(SQLServerStatement.java:223)
	at com.microsoft.sqlserver.jdbc.SQLServerStatement.execute(SQLServerStatement.java:744)
	at com.zaxxer.hikari.pool.ProxyStatement.execute(ProxyStatement.java:95)
	at com.zaxxer.hikari.pool.HikariProxyStatement.execute(HikariProxyStatement.java)
	at com.dotmarketing.common.db.DotConnect.executeStatement(DotConnect.java:253)
	at com.dotmarketing.portlets.folders.business.FolderFactoryImpl.updateOtherFolderReferences(FolderFactoryImpl.java:668)
	... 72 more
</pre>
</span>
</div>
<div class="test">
<a name="move_to_existing_destination"></a>
<h3 class="failures">move_to_existing_destination</h3>
<span class="code">
<pre>java.lang.NullPointerException
	at com.dotcms.enterprise.rules.f.a(SourceFile:227)
	at com.dotcms.enterprise.rules.f.a(SourceFile:254)
	at com.dotcms.enterprise.rules.f.getAllRulesByParent(SourceFile:207)
	at com.dotcms.enterprise.rules.f.deleteRulesByParent(SourceFile:334)
	at com.dotcms.enterprise.RulesAPIProxy.deleteRulesByParent(SourceFile:152)
	at com.dotcms.content.elasticsearch.business.ESContentletAPIImpl.destroyContentlets(ESContentletAPIImpl.java:2387)
	at com.dotcms.content.elasticsearch.business.ESContentletAPIImpl.internalDestroy(ESContentletAPIImpl.java:2287)
	at com.dotcms.content.elasticsearch.business.ESContentletAPIImpl.destroy_aroundBody84(ESContentletAPIImpl.java:2253)
	at com.dotcms.content.elasticsearch.business.ESContentletAPIImpl$AjcClosure85.run(ESContentletAPIImpl.java:1)
	at org.aspectj.runtime.reflect.JoinPointImpl.proceed(JoinPointImpl.java:149)
	at com.dotcms.aspects.aspectj.AspectJDelegateMethodInvocation.proceed(AspectJDelegateMethodInvocation.java:42)
	at com.dotmarketing.db.LocalTransaction.wrapReturnWithListeners(LocalTransaction.java:119)
	at com.dotcms.aspects.interceptors.WrapInTransactionMethodInterceptor.invoke(WrapInTransactionMethodInterceptor.java:30)
	at com.dotcms.aspects.aspectj.WrapInTransactionAspect.invoke(WrapInTransactionAspect.java:41)
	at com.dotcms.content.elasticsearch.business.ESContentletAPIImpl.destroy(ESContentletAPIImpl.java:2226)
	at com.dotcms.content.elasticsearch.business.ESContentletAPIImpl.destroy(ESContentletAPIImpl.java:2216)
	at com.dotmarketing.portlets.contentlet.business.ContentletAPIInterceptor.destroy(ContentletAPIInterceptor.java:470)
	at com.dotmarketing.portlets.folders.business.FolderAPITest.move_to_existing_destination(FolderAPITest.java:234)
	at java.base/jdk.internal.reflect.NativeMethodAccessorImpl.invoke0(Native Method)
	at java.base/jdk.internal.reflect.NativeMethodAccessorImpl.invoke(NativeMethodAccessorImpl.java:62)
	at java.base/jdk.internal.reflect.DelegatingMethodAccessorImpl.invoke(DelegatingMethodAccessorImpl.java:43)
	at java.base/java.lang.reflect.Method.invoke(Method.java:566)
	at org.junit.runners.model.FrameworkMethod$1.runReflectiveCall(FrameworkMethod.java:50)
	at org.junit.internal.runners.model.ReflectiveCallable.run(ReflectiveCallable.java:12)
	at org.junit.runners.model.FrameworkMethod.invokeExplosively(FrameworkMethod.java:47)
	at org.junit.internal.runners.statements.InvokeMethod.evaluate(InvokeMethod.java:17)
	at org.junit.rules.ExternalResource$1.evaluate(ExternalResource.java:48)
	at org.junit.rules.RunRules.evaluate(RunRules.java:20)
	at org.junit.rules.TestWatcher$1.evaluate(TestWatcher.java:55)
	at org.junit.rules.RunRules.evaluate(RunRules.java:20)
	at org.junit.runners.ParentRunner.runLeaf(ParentRunner.java:325)
	at com.dotcms.junit.CustomDataProviderRunner.runChild(CustomDataProviderRunner.java:28)
	at com.dotcms.junit.CustomDataProviderRunner.runChild(CustomDataProviderRunner.java:13)
	at org.junit.runners.ParentRunner$3.run(ParentRunner.java:290)
	at org.junit.runners.ParentRunner$1.schedule(ParentRunner.java:71)
	at org.junit.runners.ParentRunner.runChildren(ParentRunner.java:288)
	at org.junit.runners.ParentRunner.access$000(ParentRunner.java:58)
	at org.junit.runners.ParentRunner$2.evaluate(ParentRunner.java:268)
	at org.junit.internal.runners.statements.RunBefores.evaluate(RunBefores.java:26)
	at org.junit.runners.ParentRunner.run(ParentRunner.java:363)
	at com.dotcms.junit.MainBaseSuite$DotRunner.run(MainBaseSuite.java:60)
	at org.junit.runners.Suite.runChild(Suite.java:128)
	at org.junit.runners.Suite.runChild(Suite.java:27)
	at org.junit.runners.ParentRunner$3.run(ParentRunner.java:290)
	at org.junit.runners.ParentRunner$1.schedule(ParentRunner.java:71)
	at org.junit.runners.ParentRunner.runChildren(ParentRunner.java:288)
	at org.junit.runners.ParentRunner.access$000(ParentRunner.java:58)
	at org.junit.runners.ParentRunner$2.evaluate(ParentRunner.java:268)
	at org.junit.runners.ParentRunner.run(ParentRunner.java:363)
	at org.gradle.api.internal.tasks.testing.junit.JUnitTestClassExecutor.runTestClass(JUnitTestClassExecutor.java:106)
	at org.gradle.api.internal.tasks.testing.junit.JUnitTestClassExecutor.execute(JUnitTestClassExecutor.java:58)
	at org.gradle.api.internal.tasks.testing.junit.JUnitTestClassExecutor.execute(JUnitTestClassExecutor.java:38)
	at org.gradle.api.internal.tasks.testing.junit.AbstractJUnitTestClassProcessor.processTestClass(AbstractJUnitTestClassProcessor.java:66)
	at org.gradle.api.internal.tasks.testing.SuiteTestClassProcessor.processTestClass(SuiteTestClassProcessor.java:51)
	at java.base/jdk.internal.reflect.NativeMethodAccessorImpl.invoke0(Native Method)
	at java.base/jdk.internal.reflect.NativeMethodAccessorImpl.invoke(NativeMethodAccessorImpl.java:62)
	at java.base/jdk.internal.reflect.DelegatingMethodAccessorImpl.invoke(DelegatingMethodAccessorImpl.java:43)
	at java.base/java.lang.reflect.Method.invoke(Method.java:566)
	at org.gradle.internal.dispatch.ReflectionDispatch.dispatch(ReflectionDispatch.java:35)
	at org.gradle.internal.dispatch.ReflectionDispatch.dispatch(ReflectionDispatch.java:24)
	at org.gradle.internal.dispatch.ContextClassLoaderDispatch.dispatch(ContextClassLoaderDispatch.java:32)
	at org.gradle.internal.dispatch.ProxyDispatchAdapter$DispatchingInvocationHandler.invoke(ProxyDispatchAdapter.java:93)
	at com.sun.proxy.$Proxy2.processTestClass(Unknown Source)
	at org.gradle.api.internal.tasks.testing.worker.TestWorker.processTestClass(TestWorker.java:117)
	at java.base/jdk.internal.reflect.NativeMethodAccessorImpl.invoke0(Native Method)
	at java.base/jdk.internal.reflect.NativeMethodAccessorImpl.invoke(NativeMethodAccessorImpl.java:62)
	at java.base/jdk.internal.reflect.DelegatingMethodAccessorImpl.invoke(DelegatingMethodAccessorImpl.java:43)
	at java.base/java.lang.reflect.Method.invoke(Method.java:566)
	at org.gradle.internal.dispatch.ReflectionDispatch.dispatch(ReflectionDispatch.java:35)
	at org.gradle.internal.dispatch.ReflectionDispatch.dispatch(ReflectionDispatch.java:24)
	at org.gradle.internal.remote.internal.hub.MessageHubBackedObjectConnection$DispatchWrapper.dispatch(MessageHubBackedObjectConnection.java:155)
	at org.gradle.internal.remote.internal.hub.MessageHubBackedObjectConnection$DispatchWrapper.dispatch(MessageHubBackedObjectConnection.java:137)
	at org.gradle.internal.remote.internal.hub.MessageHub$Handler.run(MessageHub.java:404)
	at org.gradle.internal.concurrent.ExecutorPolicy$CatchAndRecordFailures.onExecute(ExecutorPolicy.java:63)
	at org.gradle.internal.concurrent.ManagedExecutorImpl$1.run(ManagedExecutorImpl.java:46)
	at java.base/java.util.concurrent.ThreadPoolExecutor.runWorker(ThreadPoolExecutor.java:1128)
	at java.base/java.util.concurrent.ThreadPoolExecutor$Worker.run(ThreadPoolExecutor.java:628)
	at org.gradle.internal.concurrent.ThreadFactoryImpl$ManagedThreadRunnable.run(ThreadFactoryImpl.java:55)
	at java.base/java.lang.Thread.run(Thread.java:829)
</pre>
</span>
</div>
</div>
<div id="tab1" class="tab">
<h2>Tests</h2>
<table>
<thead>
<tr>
<th>Test</th>
<th>Duration</th>
<th>Result</th>
</tr>
</thead>
<tr>
<td class="success">copy</td>
<td class="success">13.745s</td>
<td class="success">passed</td>
</tr>
<tr>
<td class="success">delete</td>
<td class="success">2.670s</td>
<td class="success">passed</td>
</tr>
<tr>
<td class="success">deleteFolderWithContentTypeInIt</td>
<td class="success">0.162s</td>
<td class="success">passed</td>
</tr>
<tr>
<td class="failures">move</td>
<td class="failures">9.246s</td>
<td class="failures">failed</td>
</tr>
<tr>
<td class="failures">move_to_existing_destination</td>
<td class="failures">7.858s</td>
<td class="failures">failed</td>
</tr>
<tr>
<td class="success">renameFolder</td>
<td class="success">0.138s</td>
<td class="success">passed</td>
</tr>
<tr>
<td class="success">testCopyToHost_BlacklistedName_ShouldFail[0: META-INF]</td>
<td class="success">1.144s</td>
<td class="success">passed</td>
</tr>
<tr>
<td class="success">testCopyToHost_BlacklistedName_ShouldFail[10: portal]</td>
<td class="success">0.999s</td>
<td class="success">passed</td>
</tr>
<tr>
<td class="success">testCopyToHost_BlacklistedName_ShouldFail[1: assets]</td>
<td class="success">1.005s</td>
<td class="success">passed</td>
</tr>
<tr>
<td class="success">testCopyToHost_BlacklistedName_ShouldFail[2: custom_elements]</td>
<td class="success">1.025s</td>
<td class="success">passed</td>
</tr>
<tr>
<td class="success">testCopyToHost_BlacklistedName_ShouldFail[3: email_backups]</td>
<td class="success">1.026s</td>
<td class="success">passed</td>
</tr>
<tr>
<td class="success">testCopyToHost_BlacklistedName_ShouldFail[4: dotcms]</td>
<td class="success">1.019s</td>
<td class="success">passed</td>
</tr>
<tr>
<td class="success">testCopyToHost_BlacklistedName_ShouldFail[5: dotAdmin]</td>
<td class="success">1.069s</td>
<td class="success">passed</td>
</tr>
<tr>
<td class="success">testCopyToHost_BlacklistedName_ShouldFail[6: html]</td>
<td class="success">0.969s</td>
<td class="success">passed</td>
</tr>
<tr>
<td class="success">testCopyToHost_BlacklistedName_ShouldFail[7: DOTSASS]</td>
<td class="success">1.028s</td>
<td class="success">passed</td>
</tr>
<tr>
<td class="success">testCopyToHost_BlacklistedName_ShouldFail[8: DOTLESS]</td>
<td class="success">1.051s</td>
<td class="success">passed</td>
</tr>
<tr>
<td class="success">testCopyToHost_BlacklistedName_ShouldFail[9: WEB-INF]</td>
<td class="success">0.993s</td>
<td class="success">passed</td>
</tr>
<tr>
<td class="success">testCreateFolders_AtRootLevel_BlacklistedName_ShouldFail[0: META-INF]</td>
<td class="success">0.016s</td>
<td class="success">passed</td>
</tr>
<tr>
<td class="success">testCreateFolders_AtRootLevel_BlacklistedName_ShouldFail[10: portal]</td>
<td class="success">0.007s</td>
<td class="success">passed</td>
</tr>
<tr>
<td class="success">testCreateFolders_AtRootLevel_BlacklistedName_ShouldFail[1: assets]</td>
<td class="success">0.007s</td>
<td class="success">passed</td>
</tr>
<tr>
<td class="success">testCreateFolders_AtRootLevel_BlacklistedName_ShouldFail[2: custom_elements]</td>
<td class="success">0.007s</td>
<td class="success">passed</td>
</tr>
<tr>
<td class="success">testCreateFolders_AtRootLevel_BlacklistedName_ShouldFail[3: email_backups]</td>
<td class="success">0.007s</td>
<td class="success">passed</td>
</tr>
<tr>
<td class="success">testCreateFolders_AtRootLevel_BlacklistedName_ShouldFail[4: dotcms]</td>
<td class="success">0.007s</td>
<td class="success">passed</td>
</tr>
<tr>
<td class="success">testCreateFolders_AtRootLevel_BlacklistedName_ShouldFail[5: dotAdmin]</td>
<td class="success">0.020s</td>
<td class="success">passed</td>
</tr>
<tr>
<td class="success">testCreateFolders_AtRootLevel_BlacklistedName_ShouldFail[6: html]</td>
<td class="success">0.007s</td>
<td class="success">passed</td>
</tr>
<tr>
<td class="success">testCreateFolders_AtRootLevel_BlacklistedName_ShouldFail[7: DOTSASS]</td>
<td class="success">0.007s</td>
<td class="success">passed</td>
</tr>
<tr>
<td class="success">testCreateFolders_AtRootLevel_BlacklistedName_ShouldFail[8: DOTLESS]</td>
<td class="success">0.007s</td>
<td class="success">passed</td>
</tr>
<tr>
<td class="success">testCreateFolders_AtRootLevel_BlacklistedName_ShouldFail[9: WEB-INF]</td>
<td class="success">0.009s</td>
<td class="success">passed</td>
</tr>
<tr>
<td class="success">testFindFoldersByHost</td>
<td class="success">1.156s</td>
<td class="success">passed</td>
</tr>
<tr>
<td class="success">testFindSubFolders</td>
<td class="success">0.155s</td>
<td class="success">passed</td>
</tr>
<tr>
<td class="success">testFindSubFoldersByHost</td>
<td class="success">0.977s</td>
<td class="success">passed</td>
</tr>
<tr>
<td class="success">testFindSubFoldersByParent_parentIsFolder</td>
<td class="success">1.491s</td>
<td class="success">passed</td>
</tr>
<tr>
<td class="success">testFindSubFoldersByParent_parentIsHost</td>
<td class="success">1.232s</td>
<td class="success">passed</td>
</tr>
<tr>
<td class="success">testFindSubFoldersTitleSort</td>
<td class="success">0.189s</td>
<td class="success">passed</td>
</tr>
<tr>
<td class="success">testFindThemes</td>
<td class="success">0.071s</td>
<td class="success">passed</td>
</tr>
<tr>
<td class="success">testGetLinks</td>
<td class="success">1.721s</td>
<td class="success">passed</td>
</tr>
<tr>
<td class="success">testRename_BlacklistedName_NotAtRootLevel_ShouldSucceed[0: META-INF]</td>
<td class="success">0.052s</td>
<td class="success">passed</td>
</tr>
<tr>
<td class="success">testRename_BlacklistedName_NotAtRootLevel_ShouldSucceed[10: portal]</td>
<td class="success">0.049s</td>
<td class="success">passed</td>
</tr>
<tr>
<td class="success">testRename_BlacklistedName_NotAtRootLevel_ShouldSucceed[1: assets]</td>
<td class="success">0.047s</td>
<td class="success">passed</td>
</tr>
<tr>
<td class="success">testRename_BlacklistedName_NotAtRootLevel_ShouldSucceed[2: custom_elements]</td>
<td class="success">0.048s</td>
<td class="success">passed</td>
</tr>
<tr>
<td class="success">testRename_BlacklistedName_NotAtRootLevel_ShouldSucceed[3: email_backups]</td>
<td class="success">0.049s</td>
<td class="success">passed</td>
</tr>
<tr>
<td class="success">testRename_BlacklistedName_NotAtRootLevel_ShouldSucceed[4: dotcms]</td>
<td class="success">0.049s</td>
<td class="success">passed</td>
</tr>
<tr>
<td class="success">testRename_BlacklistedName_NotAtRootLevel_ShouldSucceed[5: dotAdmin]</td>
<td class="success">0.049s</td>
<td class="success">passed</td>
</tr>
<tr>
<td class="success">testRename_BlacklistedName_NotAtRootLevel_ShouldSucceed[6: html]</td>
<td class="success">0.049s</td>
<td class="success">passed</td>
</tr>
<tr>
<td class="success">testRename_BlacklistedName_NotAtRootLevel_ShouldSucceed[7: DOTSASS]</td>
<td class="success">0.059s</td>
<td class="success">passed</td>
</tr>
<tr>
<td class="success">testRename_BlacklistedName_NotAtRootLevel_ShouldSucceed[8: DOTLESS]</td>
<td class="success">0.048s</td>
<td class="success">passed</td>
</tr>
<tr>
<td class="success">testRename_BlacklistedName_NotAtRootLevel_ShouldSucceed[9: WEB-INF]</td>
<td class="success">0.047s</td>
<td class="success">passed</td>
</tr>
<tr>
<td class="success">testRename_BlacklistedName_ShouldFail[0: META-INF]</td>
<td class="success">0.063s</td>
<td class="success">passed</td>
</tr>
<tr>
<td class="success">testRename_BlacklistedName_ShouldFail[10: portal]</td>
<td class="success">0.046s</td>
<td class="success">passed</td>
</tr>
<tr>
<td class="success">testRename_BlacklistedName_ShouldFail[1: assets]</td>
<td class="success">0.056s</td>
<td class="success">passed</td>
</tr>
<tr>
<td class="success">testRename_BlacklistedName_ShouldFail[2: custom_elements]</td>
<td class="success">0.047s</td>
<td class="success">passed</td>
</tr>
<tr>
<td class="success">testRename_BlacklistedName_ShouldFail[3: email_backups]</td>
<td class="success">0.055s</td>
<td class="success">passed</td>
</tr>
<tr>
<td class="success">testRename_BlacklistedName_ShouldFail[4: dotcms]</td>
<td class="success">0.048s</td>
<td class="success">passed</td>
</tr>
<tr>
<td class="success">testRename_BlacklistedName_ShouldFail[5: dotAdmin]</td>
<td class="success">0.047s</td>
<td class="success">passed</td>
</tr>
<tr>
<td class="success">testRename_BlacklistedName_ShouldFail[6: html]</td>
<td class="success">0.047s</td>
<td class="success">passed</td>
</tr>
<tr>
<td class="success">testRename_BlacklistedName_ShouldFail[7: DOTSASS]</td>
<td class="success">0.048s</td>
<td class="success">passed</td>
</tr>
<tr>
<td class="success">testRename_BlacklistedName_ShouldFail[8: DOTLESS]</td>
<td class="success">0.048s</td>
<td class="success">passed</td>
</tr>
<tr>
<td class="success">testRename_BlacklistedName_ShouldFail[9: WEB-INF]</td>
<td class="success">0.048s</td>
<td class="success">passed</td>
</tr>
<tr>
<td class="success">testSave_BlacklistedName_NotAtRootLevel_ShouldSucceed[0: META-INF]</td>
<td class="success">0.052s</td>
<td class="success">passed</td>
</tr>
<tr>
<td class="success">testSave_BlacklistedName_NotAtRootLevel_ShouldSucceed[10: portal]</td>
<td class="success">0.040s</td>
<td class="success">passed</td>
</tr>
<tr>
<td class="success">testSave_BlacklistedName_NotAtRootLevel_ShouldSucceed[1: assets]</td>
<td class="success">0.021s</td>
<td class="success">passed</td>
</tr>
<tr>
<td class="success">testSave_BlacklistedName_NotAtRootLevel_ShouldSucceed[2: custom_elements]</td>
<td class="success">0.020s</td>
<td class="success">passed</td>
</tr>
<tr>
<td class="success">testSave_BlacklistedName_NotAtRootLevel_ShouldSucceed[3: email_backups]</td>
<td class="success">0.018s</td>
<td class="success">passed</td>
</tr>
<tr>
<td class="success">testSave_BlacklistedName_NotAtRootLevel_ShouldSucceed[4: dotcms]</td>
<td class="success">0.020s</td>
<td class="success">passed</td>
</tr>
<tr>
<td class="success">testSave_BlacklistedName_NotAtRootLevel_ShouldSucceed[5: dotAdmin]</td>
<td class="success">0.018s</td>
<td class="success">passed</td>
</tr>
<tr>
<td class="success">testSave_BlacklistedName_NotAtRootLevel_ShouldSucceed[6: html]</td>
<td class="success">0.018s</td>
<td class="success">passed</td>
</tr>
<tr>
<td class="success">testSave_BlacklistedName_NotAtRootLevel_ShouldSucceed[7: DOTSASS]</td>
<td class="success">0.018s</td>
<td class="success">passed</td>
</tr>
<tr>
<td class="success">testSave_BlacklistedName_NotAtRootLevel_ShouldSucceed[8: DOTLESS]</td>
<td class="success">0.019s</td>
<td class="success">passed</td>
</tr>
<tr>
<td class="success">testSave_BlacklistedName_NotAtRootLevel_ShouldSucceed[9: WEB-INF]</td>
<td class="success">0.042s</td>
<td class="success">passed</td>
</tr>
<tr>
<td class="success">testSave_BlacklistedName_ShouldFail[0: META-INF]</td>
<td class="success">0.019s</td>
<td class="success">passed</td>
</tr>
<tr>
<td class="success">testSave_BlacklistedName_ShouldFail[10: portal]</td>
<td class="success">0.019s</td>
<td class="success">passed</td>
</tr>
<tr>
<td class="success">testSave_BlacklistedName_ShouldFail[1: assets]</td>
<td class="success">0.018s</td>
<td class="success">passed</td>
</tr>
<tr>
<td class="success">testSave_BlacklistedName_ShouldFail[2: custom_elements]</td>
<td class="success">0.018s</td>
<td class="success">passed</td>
</tr>
<tr>
<td class="success">testSave_BlacklistedName_ShouldFail[3: email_backups]</td>
<td class="success">0.023s</td>
<td class="success">passed</td>
</tr>
<tr>
<td class="success">testSave_BlacklistedName_ShouldFail[4: dotcms]</td>
<td class="success">0.017s</td>
<td class="success">passed</td>
</tr>
<tr>
<td class="success">testSave_BlacklistedName_ShouldFail[5: dotAdmin]</td>
<td class="success">0.017s</td>
<td class="success">passed</td>
</tr>
<tr>
<td class="success">testSave_BlacklistedName_ShouldFail[6: html]</td>
<td class="success">0.018s</td>
<td class="success">passed</td>
</tr>
<tr>
<td class="success">testSave_BlacklistedName_ShouldFail[7: DOTSASS]</td>
<td class="success">0.017s</td>
<td class="success">passed</td>
</tr>
<tr>
<td class="success">testSave_BlacklistedName_ShouldFail[8: DOTLESS]</td>
<td class="success">0.020s</td>
<td class="success">passed</td>
</tr>
<tr>
<td class="success">testSave_BlacklistedName_ShouldFail[9: WEB-INF]</td>
<td class="success">0.016s</td>
<td class="success">passed</td>
</tr>
<tr>
<td class="success">test_findFolderByPath_Admin_HostisNull_returnNullFolder</td>
<td class="success">0.001s</td>
<td class="success">passed</td>
</tr>
<tr>
<td class="success">test_findFolderByPath_Admin_PathisNull_returnNullFolder</td>
<td class="success">0s</td>
<td class="success">passed</td>
</tr>
<tr>
<td class="success">test_findFolderByPath_Admin_success</td>
<td class="success">1.486s</td>
<td class="success">passed</td>
</tr>
<tr>
<td class="success">test_findFolderByPath_UserNoPermissionsOverFolder_returnDotSecurityException</td>
<td class="success">1.844s</td>
<td class="success">passed</td>
</tr>
<tr>
<td class="success">test_findFolderByPath_UserNoPermissionsOverHost_returnDotSecurityException</td>
<td class="success">1.010s</td>
<td class="success">passed</td>
</tr>
<tr>
<td class="success">test_findFolderByPath_UserWithPermissionsOverFolderAndHost_success</td>
<td class="success">2.072s</td>
<td class="success">passed</td>
</tr>
<tr>
<td class="success">test_folders_inherit_the_filetypes_of_their_parents</td>
<td class="success">2.121s</td>
<td class="success">passed</td>
</tr>
</table>
</div>
</div>
<div id="footer">
<p>
<div>
<label class="hidden" id="label-for-line-wrapping-toggle" for="line-wrapping-toggle">Wrap lines
<input id="line-wrapping-toggle" type="checkbox" autocomplete="off"/>
</label>
</div>Generated by 
<a href="http://www.gradle.org">Gradle 4.10.2</a> at Mar 15, 2022, 2:14:04 AM</p>
</div>
</div>
</body>
</html>
